#
# There is insufficient memory for the Java Runtime Environment to continue.
# Native memory allocation (mmap) failed to map 79691776 bytes for G1 virtual space
# Possible reasons:
#   The system is out of physical RAM or swap space
#   The process is running with CompressedOops enabled, and the Java Heap may be blocking the growth of the native heap
# Possible solutions:
#   Reduce memory load on the system
#   Increase physical memory or swap space
#   Check if swap backing store is full
#   Decrease Java heap size (-Xmx/-Xms)
#   Decrease number of Java threads
#   Decrease Java thread stack sizes (-Xss)
#   Set larger code cache with -XX:ReservedCodeCacheSize=
#   JVM is running with Unscaled Compressed Oops mode in which the Java heap is
#     placed in the first 4GB address space. The Java Heap base address is the
#     maximum limit for the native heap growth. Please use -XX:HeapBaseMinAddress
#     to set the Java Heap base and to place the Java Heap above 4GB virtual address.
# This output file may be truncated or incomplete.
#
#  Out of Memory Error (os_windows.cpp:3535), pid=1156, tid=20308
#
# JRE version: OpenJDK Runtime Environment Temurin-17.0.3+7 (17.0.3+7) (build 17.0.3+7)
# Java VM: OpenJDK 64-Bit Server VM Temurin-17.0.3+7 (17.0.3+7, mixed mode, emulated-client, tiered, compressed oops, compressed class ptrs, g1 gc, windows-amd64)
# No core dump will be written. Minidumps are not enabled by default on client versions of Windows
#

---------------  S U M M A R Y ------------

Command Line: -Dsts.lsp.client=vscode -Dsts.log.file=/dev/null -XX:TieredStopAtLevel=1 -Dspring.config.location=file:c:\Users\gilbe\.vscode\extensions\pivotal.vscode-spring-boot-1.38.0\language-server\BOOT-INF\classes\application.properties org.springframework.ide.vscode.boot.app.BootLanguageServerBootApp

Host: AMD Athlon Silver 3050U with Radeon Graphics   , 2 cores, 3G,  Windows 10 , 64 bit Build 19041 (10.0.19041.1806)
Time: Sat Aug 13 10:47:43 2022 Central Daylight Time elapsed time: 18.530245 seconds (0d 0h 0m 18s)

---------------  T H R E A D  ---------------

Current thread (0x00000192e606cdf0):  VMThread "VM Thread" [stack: 0x0000007f3ea00000,0x0000007f3eb00000] [id=20308]

Stack: [0x0000007f3ea00000,0x0000007f3eb00000]
Native frames: (J=compiled Java code, j=interpreted, Vv=VM code, C=native code)
V  [jvm.dll+0x675efa]
V  [jvm.dll+0x830a24]
V  [jvm.dll+0x8321ce]
V  [jvm.dll+0x832833]
V  [jvm.dll+0x2454b5]
V  [jvm.dll+0x672de9]
V  [jvm.dll+0x667732]
V  [jvm.dll+0x3043ab]
V  [jvm.dll+0x30b8f6]
V  [jvm.dll+0x35b62e]
V  [jvm.dll+0x35b85f]
V  [jvm.dll+0x2db248]
V  [jvm.dll+0x2d94fc]
V  [jvm.dll+0x2d8acc]
V  [jvm.dll+0x31ca2b]
V  [jvm.dll+0x836cdb]
V  [jvm.dll+0x837a14]
V  [jvm.dll+0x837f2c]
V  [jvm.dll+0x838304]
V  [jvm.dll+0x8383d0]
V  [jvm.dll+0x7e0cfa]
V  [jvm.dll+0x674d85]
C  [ucrtbase.dll+0x21bb2]
C  [KERNEL32.DLL+0x17034]
C  [ntdll.dll+0x52651]

VM_Operation (0x0000007f3fcfde80): G1CollectForAllocation, mode: safepoint, requested by thread 0x00000192f2542560


---------------  P R O C E S S  ---------------

Threads class SMR info:
_java_thread_list=0x00000192f2de0860, length=23, elements={
0x00000192f1a60750, 0x00000192f1a615c0, 0x00000192f1a73460, 0x00000192f1aa02d0,
0x00000192f1aa2ca0, 0x00000192f1aa3650, 0x00000192f1aa4000, 0x00000192f1ad8ad0,
0x00000192f268c110, 0x00000192f269f020, 0x00000192f41be430, 0x00000192f2dfa450,
0x00000192f425e030, 0x00000192e5f94c80, 0x00000192f25417c0, 0x00000192f2542090,
0x00000192f2542560, 0x00000192f425e500, 0x00000192f25ea030, 0x00000192f2c6a9c0,
0x00000192f2c6ae90, 0x00000192f2c6a4f0, 0x00000192f2c6a020
}

Java Threads: ( => current thread )
  0x00000192f1a60750 JavaThread "Reference Handler" daemon [_thread_blocked, id=19308, stack(0x0000007f3eb00000,0x0000007f3ec00000)]
  0x00000192f1a615c0 JavaThread "Finalizer" daemon [_thread_blocked, id=9636, stack(0x0000007f3ec00000,0x0000007f3ed00000)]
  0x00000192f1a73460 JavaThread "Signal Dispatcher" daemon [_thread_blocked, id=4424, stack(0x0000007f3ed00000,0x0000007f3ee00000)]
  0x00000192f1aa02d0 JavaThread "Attach Listener" daemon [_thread_blocked, id=17944, stack(0x0000007f3ee00000,0x0000007f3ef00000)]
  0x00000192f1aa2ca0 JavaThread "Service Thread" daemon [_thread_blocked, id=7732, stack(0x0000007f3ef00000,0x0000007f3f000000)]
  0x00000192f1aa3650 JavaThread "Monitor Deflation Thread" daemon [_thread_blocked, id=18484, stack(0x0000007f3f000000,0x0000007f3f100000)]
  0x00000192f1aa4000 JavaThread "C1 CompilerThread0" daemon [_thread_blocked, id=4488, stack(0x0000007f3f100000,0x0000007f3f200000)]
  0x00000192f1ad8ad0 JavaThread "Sweeper thread" daemon [_thread_blocked, id=6904, stack(0x0000007f3f200000,0x0000007f3f300000)]
  0x00000192f268c110 JavaThread "Notification Thread" daemon [_thread_blocked, id=9668, stack(0x0000007f3f300000,0x0000007f3f400000)]
  0x00000192f269f020 JavaThread "Common-Cleaner" daemon [_thread_blocked, id=5880, stack(0x0000007f3f500000,0x0000007f3f600000)]
  0x00000192f41be430 JavaThread "Thread-1" [_thread_blocked, id=17236, stack(0x0000007f3f600000,0x0000007f3f700000)]
  0x00000192f2dfa450 JavaThread "pool-7-thread-1" [_thread_blocked, id=16900, stack(0x0000007f3f800000,0x0000007f3f900000)]
  0x00000192f425e030 JavaThread "LanguageServerApp-lifecycle" [_thread_blocked, id=7060, stack(0x0000007f3f900000,0x0000007f3fa00000)]
  0x00000192e5f94c80 JavaThread "DestroyJavaVM" [_thread_blocked, id=19716, stack(0x0000007f3e400000,0x0000007f3e500000)]
  0x00000192f25417c0 JavaThread "ClassGraph-worker-0" daemon [_thread_blocked, id=3428, stack(0x0000007f3fa00000,0x0000007f3fb00000)]
  0x00000192f2542090 JavaThread "ClassGraph-worker-1" daemon [_thread_blocked, id=14976, stack(0x0000007f3fb00000,0x0000007f3fc00000)]
  0x00000192f2542560 JavaThread "ClassGraph-worker-2" daemon [_thread_blocked, id=9236, stack(0x0000007f3fc00000,0x0000007f3fd00000)]
  0x00000192f425e500 JavaThread "ClassGraph-worker-3" daemon [_thread_blocked, id=17080, stack(0x0000007f3fd00000,0x0000007f3fe00000)]
  0x00000192f25ea030 JavaThread "pool-8-thread-1" [_thread_in_native, id=15320, stack(0x0000007f3fe00000,0x0000007f3ff00000)]
  0x00000192f2c6a9c0 JavaThread "Simple-Language-Server main thread" daemon [_thread_blocked, id=9896, stack(0x0000007f3ff00000,0x0000007f40000000)]
  0x00000192f2c6ae90 JavaThread "pool-5-thread-1" [_thread_blocked, id=19184, stack(0x0000007f40000000,0x0000007f40100000)]
  0x00000192f2c6a4f0 JavaThread "parallel-1" daemon [_thread_blocked, id=12832, stack(0x0000007f40100000,0x0000007f40200000)]
  0x00000192f2c6a020 JavaThread "Reconciler-1" daemon [_thread_blocked, id=4604, stack(0x0000007f40200000,0x0000007f40300000)]

Other Threads:
=>0x00000192e606cdf0 VMThread "VM Thread" [stack: 0x0000007f3ea00000,0x0000007f3eb00000] [id=20308]
  0x00000192f268c5e0 WatcherThread [stack: 0x0000007f3f400000,0x0000007f3f500000] [id=7004]
  0x00000192e5fcab10 GCTaskThread "GC Thread#0" [stack: 0x0000007f3e500000,0x0000007f3e600000] [id=9244]
  0x00000192f27c1ea0 GCTaskThread "GC Thread#1" [stack: 0x0000007f3f700000,0x0000007f3f800000] [id=14576]
  0x00000192e5fd36a0 ConcurrentGCThread "G1 Main Marker" [stack: 0x0000007f3e600000,0x0000007f3e700000] [id=2824]
  0x00000192e5fd54c0 ConcurrentGCThread "G1 Conc#0" [stack: 0x0000007f3e700000,0x0000007f3e800000] [id=9976]
  0x00000192e6007cf0 ConcurrentGCThread "G1 Refine#0" [stack: 0x0000007f3e800000,0x0000007f3e900000] [id=17708]
  0x00000192e6008710 ConcurrentGCThread "G1 Service" [stack: 0x0000007f3e900000,0x0000007f3ea00000] [id=16632]

Threads with active compile tasks:

VM state: at safepoint (normal execution)

VM Mutex/Monitor currently owned by a thread:  ([mutex/lock_event])
[0x00000192e5dc6b00] Threads_lock - owner thread: 0x00000192e606cdf0
[0x00000192e5f91640] Heap_lock - owner thread: 0x00000192f2542560

Heap address: 0x00000000c9e00000, size: 866 MB, Compressed Oops mode: 32-bit

CDS archive(s) not mapped
Compressed class space mapped at: 0x0000000100000000-0x0000000140000000, reserved size: 1073741824
Narrow klass base: 0x0000000000000000, Narrow klass shift: 3, Narrow klass range: 0x140000000

GC Precious Log:
 CPUs: 2 total, 2 available
 Memory: 3463M
 Large Page Support: Disabled
 NUMA Support: Disabled
 Compressed Oops: Enabled (32-bit)
 Heap Region Size: 1M
 Heap Min Capacity: 8M
 Heap Initial Capacity: 56M
 Heap Max Capacity: 866M
 Pre-touch: Disabled
 Parallel Workers: 2
 Concurrent Workers: 1
 Concurrent Refinement Workers: 2
 Periodic GC: Disabled

Heap:
 garbage-first heap   total 194560K, used 79801K [0x00000000c9e00000, 0x0000000100000000)
  region size 1024K, 7 young (7168K), 7 survivors (7168K)
 Metaspace       used 34824K, committed 35072K, reserved 1081344K
  class space    used 4519K, committed 4672K, reserved 1048576K

Heap Regions: E=young(eden), S=young(survivor), O=old, HS=humongous(starts), HC=humongous(continues), CS=collection set, F=free, OA=open archive, CA=closed archive, TAMS=top-at-mark-start (previous, next)
|   0|0x00000000c9e00000, 0x00000000c9f00000, 0x00000000c9f00000|100%| O|  |TAMS 0x00000000c9f00000, 0x00000000c9e00000| Untracked 
|   1|0x00000000c9f00000, 0x00000000ca000000, 0x00000000ca000000|100%| O|  |TAMS 0x00000000ca000000, 0x00000000c9f00000| Untracked 
|   2|0x00000000ca000000, 0x00000000ca100000, 0x00000000ca100000|100%| O|  |TAMS 0x00000000ca100000, 0x00000000ca000000| Untracked 
|   3|0x00000000ca100000, 0x00000000ca200000, 0x00000000ca200000|100%| O|  |TAMS 0x00000000ca200000, 0x00000000ca100000| Untracked 
|   4|0x00000000ca200000, 0x00000000ca300000, 0x00000000ca300000|100%| O|  |TAMS 0x00000000ca300000, 0x00000000ca200000| Untracked 
|   5|0x00000000ca300000, 0x00000000ca400000, 0x00000000ca400000|100%| O|  |TAMS 0x00000000ca400000, 0x00000000ca300000| Untracked 
|   6|0x00000000ca400000, 0x00000000ca500000, 0x00000000ca500000|100%| O|  |TAMS 0x00000000ca500000, 0x00000000ca400000| Untracked 
|   7|0x00000000ca500000, 0x00000000ca600000, 0x00000000ca600000|100%| O|  |TAMS 0x00000000ca600000, 0x00000000ca500000| Untracked 
|   8|0x00000000ca600000, 0x00000000ca700000, 0x00000000ca700000|100%| O|  |TAMS 0x00000000ca700000, 0x00000000ca600000| Untracked 
|   9|0x00000000ca700000, 0x00000000ca800000, 0x00000000ca800000|100%| O|  |TAMS 0x00000000ca800000, 0x00000000ca700000| Untracked 
|  10|0x00000000ca800000, 0x00000000ca8a7c00, 0x00000000ca900000| 65%| O|  |TAMS 0x00000000ca8a7c00, 0x00000000ca800000| Untracked 
|  11|0x00000000ca900000, 0x00000000caa00000, 0x00000000caa00000|100%| O|  |TAMS 0x00000000caa00000, 0x00000000ca900000| Untracked 
|  12|0x00000000caa00000, 0x00000000cab00000, 0x00000000cab00000|100%| O|  |TAMS 0x00000000cab00000, 0x00000000caa00000| Untracked 
|  13|0x00000000cab00000, 0x00000000cac00000, 0x00000000cac00000|100%| O|  |TAMS 0x00000000cac00000, 0x00000000cab00000| Untracked 
|  14|0x00000000cac00000, 0x00000000cad00000, 0x00000000cad00000|100%| O|  |TAMS 0x00000000cad00000, 0x00000000cac00000| Untracked 
|  15|0x00000000cad00000, 0x00000000cae00000, 0x00000000cae00000|100%| O|  |TAMS 0x00000000cae00000, 0x00000000cad00000| Untracked 
|  16|0x00000000cae00000, 0x00000000caf00000, 0x00000000caf00000|100%| O|  |TAMS 0x00000000caf00000, 0x00000000cae00000| Untracked 
|  17|0x00000000caf00000, 0x00000000cb000000, 0x00000000cb000000|100%| O|  |TAMS 0x00000000cb000000, 0x00000000caf00000| Untracked 
|  18|0x00000000cb000000, 0x00000000cb100000, 0x00000000cb100000|100%| O|  |TAMS 0x00000000cb100000, 0x00000000cb000000| Untracked 
|  19|0x00000000cb100000, 0x00000000cb200000, 0x00000000cb200000|100%| O|  |TAMS 0x00000000cb200000, 0x00000000cb100000| Untracked 
|  20|0x00000000cb200000, 0x00000000cb300000, 0x00000000cb300000|100%| O|  |TAMS 0x00000000cb300000, 0x00000000cb200000| Untracked 
|  21|0x00000000cb300000, 0x00000000cb400000, 0x00000000cb400000|100%| O|  |TAMS 0x00000000cb400000, 0x00000000cb300000| Untracked 
|  22|0x00000000cb400000, 0x00000000cb500000, 0x00000000cb500000|100%| O|  |TAMS 0x00000000cb500000, 0x00000000cb400000| Untracked 
|  23|0x00000000cb500000, 0x00000000cb600000, 0x00000000cb600000|100%| O|  |TAMS 0x00000000cb600000, 0x00000000cb500000| Untracked 
|  24|0x00000000cb600000, 0x00000000cb700000, 0x00000000cb700000|100%| O|  |TAMS 0x00000000cb700000, 0x00000000cb600000| Untracked 
|  25|0x00000000cb700000, 0x00000000cb800000, 0x00000000cb800000|100%| O|  |TAMS 0x00000000cb800000, 0x00000000cb700000| Untracked 
|  26|0x00000000cb800000, 0x00000000cb900000, 0x00000000cb900000|100%| O|  |TAMS 0x00000000cb900000, 0x00000000cb800000| Untracked 
|  27|0x00000000cb900000, 0x00000000cba00000, 0x00000000cba00000|100%| O|  |TAMS 0x00000000cba00000, 0x00000000cb900000| Untracked 
|  28|0x00000000cba00000, 0x00000000cbb00000, 0x00000000cbb00000|100%| O|  |TAMS 0x00000000cbb00000, 0x00000000cba00000| Untracked 
|  29|0x00000000cbb00000, 0x00000000cbc00000, 0x00000000cbc00000|100%| O|  |TAMS 0x00000000cbc00000, 0x00000000cbb00000| Untracked 
|  30|0x00000000cbc00000, 0x00000000cbd00000, 0x00000000cbd00000|100%| O|  |TAMS 0x00000000cbd00000, 0x00000000cbc00000| Untracked 
|  31|0x00000000cbd00000, 0x00000000cbe00000, 0x00000000cbe00000|100%| O|  |TAMS 0x00000000cbe00000, 0x00000000cbd00000| Untracked 
|  32|0x00000000cbe00000, 0x00000000cbf00000, 0x00000000cbf00000|100%| O|  |TAMS 0x00000000cbf00000, 0x00000000cbe00000| Untracked 
|  33|0x00000000cbf00000, 0x00000000cc000000, 0x00000000cc000000|100%| O|  |TAMS 0x00000000cc000000, 0x00000000cbf00000| Untracked 
|  34|0x00000000cc000000, 0x00000000cc100000, 0x00000000cc100000|100%| O|  |TAMS 0x00000000cc100000, 0x00000000cc000000| Untracked 
|  35|0x00000000cc100000, 0x00000000cc200000, 0x00000000cc200000|100%| O|  |TAMS 0x00000000cc200000, 0x00000000cc100000| Untracked 
|  36|0x00000000cc200000, 0x00000000cc300000, 0x00000000cc300000|100%| O|  |TAMS 0x00000000cc300000, 0x00000000cc200000| Untracked 
|  37|0x00000000cc300000, 0x00000000cc400000, 0x00000000cc400000|100%| O|  |TAMS 0x00000000cc400000, 0x00000000cc300000| Untracked 
|  38|0x00000000cc400000, 0x00000000cc500000, 0x00000000cc500000|100%| O|  |TAMS 0x00000000cc500000, 0x00000000cc400000| Untracked 
|  39|0x00000000cc500000, 0x00000000cc600000, 0x00000000cc600000|100%| O|  |TAMS 0x00000000cc600000, 0x00000000cc500000| Untracked 
|  40|0x00000000cc600000, 0x00000000cc700000, 0x00000000cc700000|100%| O|  |TAMS 0x00000000cc600000, 0x00000000cc600000| Untracked 
|  41|0x00000000cc700000, 0x00000000cc800000, 0x00000000cc800000|100%| O|  |TAMS 0x00000000cc800000, 0x00000000cc700000| Untracked 
|  42|0x00000000cc800000, 0x00000000cc900000, 0x00000000cc900000|100%| O|  |TAMS 0x00000000cc900000, 0x00000000cc800000| Untracked 
|  43|0x00000000cc900000, 0x00000000cca00000, 0x00000000cca00000|100%| O|  |TAMS 0x00000000cca00000, 0x00000000cc900000| Untracked 
|  44|0x00000000cca00000, 0x00000000ccb00000, 0x00000000ccb00000|100%| O|  |TAMS 0x00000000ccb00000, 0x00000000cca00000| Untracked 
|  45|0x00000000ccb00000, 0x00000000ccc00000, 0x00000000ccc00000|100%| O|  |TAMS 0x00000000ccc00000, 0x00000000ccb00000| Untracked 
|  46|0x00000000ccc00000, 0x00000000ccd00000, 0x00000000ccd00000|100%| O|  |TAMS 0x00000000ccd00000, 0x00000000ccc00000| Untracked 
|  47|0x00000000ccd00000, 0x00000000cce00000, 0x00000000cce00000|100%| O|  |TAMS 0x00000000ccd00000, 0x00000000ccd00000| Untracked 
|  48|0x00000000cce00000, 0x00000000ccf00000, 0x00000000ccf00000|100%| O|  |TAMS 0x00000000ccf00000, 0x00000000cce00000| Untracked 
|  49|0x00000000ccf00000, 0x00000000cd000000, 0x00000000cd000000|100%| O|  |TAMS 0x00000000cd000000, 0x00000000ccf00000| Untracked 
|  50|0x00000000cd000000, 0x00000000cd100000, 0x00000000cd100000|100%| O|  |TAMS 0x00000000cd100000, 0x00000000cd000000| Untracked 
|  51|0x00000000cd100000, 0x00000000cd200000, 0x00000000cd200000|100%| O|  |TAMS 0x00000000cd200000, 0x00000000cd100000| Untracked 
|  52|0x00000000cd200000, 0x00000000cd300000, 0x00000000cd300000|100%| O|  |TAMS 0x00000000cd300000, 0x00000000cd200000| Untracked 
|  53|0x00000000cd300000, 0x00000000cd400000, 0x00000000cd400000|100%| O|  |TAMS 0x00000000cd400000, 0x00000000cd300000| Untracked 
|  54|0x00000000cd400000, 0x00000000cd500000, 0x00000000cd500000|100%| O|  |TAMS 0x00000000cd500000, 0x00000000cd400000| Untracked 
|  55|0x00000000cd500000, 0x00000000cd600000, 0x00000000cd600000|100%| O|  |TAMS 0x00000000cd600000, 0x00000000cd500000| Untracked 
|  56|0x00000000cd600000, 0x00000000cd700000, 0x00000000cd700000|100%|HS|  |TAMS 0x00000000cd700000, 0x00000000cd600000| Complete 
|  57|0x00000000cd700000, 0x00000000cd800000, 0x00000000cd800000|100%| O|  |TAMS 0x00000000cd800000, 0x00000000cd700000| Untracked 
|  58|0x00000000cd800000, 0x00000000cd900000, 0x00000000cd900000|100%| O|  |TAMS 0x00000000cd900000, 0x00000000cd800000| Untracked 
|  59|0x00000000cd900000, 0x00000000cda00000, 0x00000000cda00000|100%| O|  |TAMS 0x00000000cda00000, 0x00000000cd900000| Untracked 
|  60|0x00000000cda00000, 0x00000000cdb00000, 0x00000000cdb00000|100%| O|  |TAMS 0x00000000cdaf9c00, 0x00000000cda00000| Untracked 
|  61|0x00000000cdb00000, 0x00000000cdc00000, 0x00000000cdc00000|100%| O|  |TAMS 0x00000000cdb00000, 0x00000000cdb00000| Untracked 
|  62|0x00000000cdc00000, 0x00000000cdd00000, 0x00000000cdd00000|100%| O|  |TAMS 0x00000000cdc00000, 0x00000000cdc00000| Untracked 
|  63|0x00000000cdd00000, 0x00000000cde00000, 0x00000000cde00000|100%| O|  |TAMS 0x00000000cdd00000, 0x00000000cdd00000| Untracked 
|  64|0x00000000cde00000, 0x00000000cdf00000, 0x00000000cdf00000|100%| O|  |TAMS 0x00000000cde00000, 0x00000000cde00000| Untracked 
|  65|0x00000000cdf00000, 0x00000000ce000000, 0x00000000ce000000|100%| O|  |TAMS 0x00000000cdf00000, 0x00000000cdf00000| Untracked 
|  66|0x00000000ce000000, 0x00000000ce100000, 0x00000000ce100000|100%| O|  |TAMS 0x00000000ce000000, 0x00000000ce000000| Untracked 
|  67|0x00000000ce100000, 0x00000000ce200000, 0x00000000ce200000|100%| O|  |TAMS 0x00000000ce100000, 0x00000000ce100000| Untracked 
|  68|0x00000000ce200000, 0x00000000ce300000, 0x00000000ce300000|100%| O|  |TAMS 0x00000000ce200000, 0x00000000ce200000| Untracked 
|  69|0x00000000ce300000, 0x00000000ce400000, 0x00000000ce400000|100%| O|  |TAMS 0x00000000ce300000, 0x00000000ce300000| Untracked 
|  70|0x00000000ce400000, 0x00000000ce500000, 0x00000000ce500000|100%| O|  |TAMS 0x00000000ce400000, 0x00000000ce400000| Untracked 
|  71|0x00000000ce500000, 0x00000000ce546a00, 0x00000000ce600000| 27%| O|  |TAMS 0x00000000ce500000, 0x00000000ce500000| Untracked 
|  72|0x00000000ce600000, 0x00000000ce600000, 0x00000000ce700000|  0%| F|  |TAMS 0x00000000ce600000, 0x00000000ce600000| Untracked 
|  73|0x00000000ce700000, 0x00000000ce700000, 0x00000000ce800000|  0%| F|  |TAMS 0x00000000ce700000, 0x00000000ce700000| Untracked 
|  74|0x00000000ce800000, 0x00000000ce800000, 0x00000000ce900000|  0%| F|  |TAMS 0x00000000ce800000, 0x00000000ce800000| Untracked 
|  75|0x00000000ce900000, 0x00000000ce900000, 0x00000000cea00000|  0%| F|  |TAMS 0x00000000ce900000, 0x00000000ce900000| Untracked 
|  76|0x00000000cea00000, 0x00000000cea00000, 0x00000000ceb00000|  0%| F|  |TAMS 0x00000000cea00000, 0x00000000cea00000| Untracked 
|  77|0x00000000ceb00000, 0x00000000ceb00000, 0x00000000cec00000|  0%| F|  |TAMS 0x00000000ceb00000, 0x00000000ceb00000| Untracked 
|  78|0x00000000cec00000, 0x00000000cec00000, 0x00000000ced00000|  0%| F|  |TAMS 0x00000000cec00000, 0x00000000cec00000| Untracked 
|  79|0x00000000ced00000, 0x00000000ced00000, 0x00000000cee00000|  0%| F|  |TAMS 0x00000000ced00000, 0x00000000ced00000| Untracked 
|  80|0x00000000cee00000, 0x00000000cee00000, 0x00000000cef00000|  0%| F|  |TAMS 0x00000000cee00000, 0x00000000cee00000| Untracked 
|  81|0x00000000cef00000, 0x00000000cef00000, 0x00000000cf000000|  0%| F|  |TAMS 0x00000000cef00000, 0x00000000cef00000| Untracked 
|  82|0x00000000cf000000, 0x00000000cf000000, 0x00000000cf100000|  0%| F|  |TAMS 0x00000000cf000000, 0x00000000cf000000| Untracked 
|  83|0x00000000cf100000, 0x00000000cf100000, 0x00000000cf200000|  0%| F|  |TAMS 0x00000000cf100000, 0x00000000cf100000| Untracked 
|  84|0x00000000cf200000, 0x00000000cf200000, 0x00000000cf300000|  0%| F|  |TAMS 0x00000000cf200000, 0x00000000cf200000| Untracked 
|  85|0x00000000cf300000, 0x00000000cf300000, 0x00000000cf400000|  0%| F|  |TAMS 0x00000000cf300000, 0x00000000cf300000| Untracked 
|  86|0x00000000cf400000, 0x00000000cf400000, 0x00000000cf500000|  0%| F|  |TAMS 0x00000000cf400000, 0x00000000cf400000| Untracked 
|  87|0x00000000cf500000, 0x00000000cf500000, 0x00000000cf600000|  0%| F|  |TAMS 0x00000000cf500000, 0x00000000cf500000| Untracked 
|  88|0x00000000cf600000, 0x00000000cf600000, 0x00000000cf700000|  0%| F|  |TAMS 0x00000000cf600000, 0x00000000cf600000| Untracked 
|  89|0x00000000cf700000, 0x00000000cf700000, 0x00000000cf800000|  0%| F|  |TAMS 0x00000000cf700000, 0x00000000cf700000| Untracked 
|  90|0x00000000cf800000, 0x00000000cf800000, 0x00000000cf900000|  0%| F|  |TAMS 0x00000000cf800000, 0x00000000cf800000| Untracked 
|  91|0x00000000cf900000, 0x00000000cf900000, 0x00000000cfa00000|  0%| F|  |TAMS 0x00000000cf900000, 0x00000000cf900000| Untracked 
|  92|0x00000000cfa00000, 0x00000000cfa00000, 0x00000000cfb00000|  0%| F|  |TAMS 0x00000000cfa00000, 0x00000000cfa00000| Untracked 
|  93|0x00000000cfb00000, 0x00000000cfb00000, 0x00000000cfc00000|  0%| F|  |TAMS 0x00000000cfb00000, 0x00000000cfb00000| Untracked 
|  94|0x00000000cfc00000, 0x00000000cfc00000, 0x00000000cfd00000|  0%| F|  |TAMS 0x00000000cfc00000, 0x00000000cfc00000| Untracked 
|  95|0x00000000cfd00000, 0x00000000cfd00000, 0x00000000cfe00000|  0%| F|  |TAMS 0x00000000cfd00000, 0x00000000cfd00000| Untracked 
|  96|0x00000000cfe00000, 0x00000000cfe00000, 0x00000000cff00000|  0%| F|  |TAMS 0x00000000cfe00000, 0x00000000cfe00000| Untracked 
|  97|0x00000000cff00000, 0x00000000cff00000, 0x00000000d0000000|  0%| F|  |TAMS 0x00000000cff00000, 0x00000000cff00000| Untracked 
|  98|0x00000000d0000000, 0x00000000d0100000, 0x00000000d0100000|100%| S|CS|TAMS 0x00000000d0000000, 0x00000000d0000000| Complete 
|  99|0x00000000d0100000, 0x00000000d0200000, 0x00000000d0200000|100%| S|CS|TAMS 0x00000000d0100000, 0x00000000d0100000| Complete 
| 100|0x00000000d0200000, 0x00000000d0200000, 0x00000000d0300000|  0%| F|  |TAMS 0x00000000d0200000, 0x00000000d0200000| Untracked 
| 101|0x00000000d0300000, 0x00000000d0300000, 0x00000000d0400000|  0%| F|  |TAMS 0x00000000d0300000, 0x00000000d0300000| Untracked 
| 102|0x00000000d0400000, 0x00000000d0400000, 0x00000000d0500000|  0%| F|  |TAMS 0x00000000d0400000, 0x00000000d0400000| Untracked 
| 103|0x00000000d0500000, 0x00000000d0500000, 0x00000000d0600000|  0%| F|  |TAMS 0x00000000d0500000, 0x00000000d0500000| Untracked 
| 104|0x00000000d0600000, 0x00000000d0600000, 0x00000000d0700000|  0%| F|  |TAMS 0x00000000d0600000, 0x00000000d0600000| Untracked 
| 105|0x00000000d0700000, 0x00000000d0700000, 0x00000000d0800000|  0%| F|  |TAMS 0x00000000d0700000, 0x00000000d0700000| Untracked 
| 106|0x00000000d0800000, 0x00000000d0900000, 0x00000000d0900000|100%| S|CS|TAMS 0x00000000d0800000, 0x00000000d0800000| Complete 
| 107|0x00000000d0900000, 0x00000000d0a00000, 0x00000000d0a00000|100%| S|CS|TAMS 0x00000000d0900000, 0x00000000d0900000| Complete 
| 108|0x00000000d0a00000, 0x00000000d0b00000, 0x00000000d0b00000|100%| S|CS|TAMS 0x00000000d0a00000, 0x00000000d0a00000| Complete 
| 109|0x00000000d0b00000, 0x00000000d0c00000, 0x00000000d0c00000|100%| S|CS|TAMS 0x00000000d0b00000, 0x00000000d0b00000| Complete 
| 110|0x00000000d0c00000, 0x00000000d0d00000, 0x00000000d0d00000|100%| S|CS|TAMS 0x00000000d0c00000, 0x00000000d0c00000| Complete 
| 111|0x00000000d0d00000, 0x00000000d0d00000, 0x00000000d0e00000|  0%| F|  |TAMS 0x00000000d0d00000, 0x00000000d0d00000| Untracked 
| 112|0x00000000d0e00000, 0x00000000d0e00000, 0x00000000d0f00000|  0%| F|  |TAMS 0x00000000d0e00000, 0x00000000d0e00000| Untracked 
| 113|0x00000000d0f00000, 0x00000000d0f00000, 0x00000000d1000000|  0%| F|  |TAMS 0x00000000d0f00000, 0x00000000d0f00000| Untracked 
| 114|0x00000000d1000000, 0x00000000d1000000, 0x00000000d1100000|  0%| F|  |TAMS 0x00000000d1000000, 0x00000000d1000000| Untracked 
| 115|0x00000000d1100000, 0x00000000d1100000, 0x00000000d1200000|  0%| F|  |TAMS 0x00000000d1100000, 0x00000000d1100000| Untracked 
| 116|0x00000000d1200000, 0x00000000d1200000, 0x00000000d1300000|  0%| F|  |TAMS 0x00000000d1200000, 0x00000000d1200000| Untracked 
| 117|0x00000000d1300000, 0x00000000d1300000, 0x00000000d1400000|  0%| F|  |TAMS 0x00000000d1300000, 0x00000000d1300000| Untracked 
| 118|0x00000000d1400000, 0x00000000d1400000, 0x00000000d1500000|  0%| F|  |TAMS 0x00000000d1400000, 0x00000000d1400000| Untracked 
| 119|0x00000000d1500000, 0x00000000d1500000, 0x00000000d1600000|  0%| F|  |TAMS 0x00000000d1500000, 0x00000000d1500000| Untracked 
| 120|0x00000000d1600000, 0x00000000d1600000, 0x00000000d1700000|  0%| F|  |TAMS 0x00000000d1600000, 0x00000000d1600000| Untracked 
| 121|0x00000000d1700000, 0x00000000d1700000, 0x00000000d1800000|  0%| F|  |TAMS 0x00000000d1700000, 0x00000000d1700000| Untracked 
| 122|0x00000000d1800000, 0x00000000d1800000, 0x00000000d1900000|  0%| F|  |TAMS 0x00000000d1800000, 0x00000000d1800000| Untracked 
| 123|0x00000000d1900000, 0x00000000d1900000, 0x00000000d1a00000|  0%| F|  |TAMS 0x00000000d1900000, 0x00000000d1900000| Untracked 
| 124|0x00000000d1a00000, 0x00000000d1a00000, 0x00000000d1b00000|  0%| F|  |TAMS 0x00000000d1a00000, 0x00000000d1a00000| Untracked 
| 125|0x00000000d1b00000, 0x00000000d1b00000, 0x00000000d1c00000|  0%| F|  |TAMS 0x00000000d1b00000, 0x00000000d1b00000| Untracked 
| 126|0x00000000d1c00000, 0x00000000d1c00000, 0x00000000d1d00000|  0%| F|  |TAMS 0x00000000d1c00000, 0x00000000d1c00000| Untracked 
| 127|0x00000000d1d00000, 0x00000000d1d00000, 0x00000000d1e00000|  0%| F|  |TAMS 0x00000000d1d00000, 0x00000000d1d00000| Untracked 
| 128|0x00000000d1e00000, 0x00000000d1e00000, 0x00000000d1f00000|  0%| F|  |TAMS 0x00000000d1e00000, 0x00000000d1e00000| Untracked 
| 129|0x00000000d1f00000, 0x00000000d1f00000, 0x00000000d2000000|  0%| F|  |TAMS 0x00000000d1f00000, 0x00000000d1f00000| Untracked 
| 130|0x00000000d2000000, 0x00000000d2000000, 0x00000000d2100000|  0%| F|  |TAMS 0x00000000d2000000, 0x00000000d2000000| Untracked 
| 131|0x00000000d2100000, 0x00000000d2100000, 0x00000000d2200000|  0%| F|  |TAMS 0x00000000d2100000, 0x00000000d2100000| Untracked 
| 132|0x00000000d2200000, 0x00000000d2200000, 0x00000000d2300000|  0%| F|  |TAMS 0x00000000d2200000, 0x00000000d2200000| Untracked 
| 133|0x00000000d2300000, 0x00000000d2300000, 0x00000000d2400000|  0%| F|  |TAMS 0x00000000d2300000, 0x00000000d2300000| Untracked 
| 134|0x00000000d2400000, 0x00000000d2400000, 0x00000000d2500000|  0%| F|  |TAMS 0x00000000d2400000, 0x00000000d2400000| Untracked 
| 135|0x00000000d2500000, 0x00000000d2500000, 0x00000000d2600000|  0%| F|  |TAMS 0x00000000d2500000, 0x00000000d2500000| Untracked 
| 136|0x00000000d2600000, 0x00000000d2600000, 0x00000000d2700000|  0%| F|  |TAMS 0x00000000d2600000, 0x00000000d2600000| Untracked 
| 137|0x00000000d2700000, 0x00000000d2700000, 0x00000000d2800000|  0%| F|  |TAMS 0x00000000d2700000, 0x00000000d2700000| Untracked 
| 138|0x00000000d2800000, 0x00000000d2800000, 0x00000000d2900000|  0%| F|  |TAMS 0x00000000d2800000, 0x00000000d2800000| Untracked 
| 139|0x00000000d2900000, 0x00000000d2900000, 0x00000000d2a00000|  0%| F|  |TAMS 0x00000000d2900000, 0x00000000d2900000| Untracked 
| 140|0x00000000d2a00000, 0x00000000d2a00000, 0x00000000d2b00000|  0%| F|  |TAMS 0x00000000d2a00000, 0x00000000d2a00000| Untracked 
| 141|0x00000000d2b00000, 0x00000000d2b00000, 0x00000000d2c00000|  0%| F|  |TAMS 0x00000000d2b00000, 0x00000000d2b00000| Untracked 
| 142|0x00000000d2c00000, 0x00000000d2c00000, 0x00000000d2d00000|  0%| F|  |TAMS 0x00000000d2c00000, 0x00000000d2c00000| Untracked 
| 143|0x00000000d2d00000, 0x00000000d2d00000, 0x00000000d2e00000|  0%| F|  |TAMS 0x00000000d2d00000, 0x00000000d2d00000| Untracked 
| 144|0x00000000d2e00000, 0x00000000d2e00000, 0x00000000d2f00000|  0%| F|  |TAMS 0x00000000d2e00000, 0x00000000d2e00000| Untracked 
| 145|0x00000000d2f00000, 0x00000000d2f00000, 0x00000000d3000000|  0%| F|  |TAMS 0x00000000d2f00000, 0x00000000d2f00000| Untracked 
| 146|0x00000000d3000000, 0x00000000d3000000, 0x00000000d3100000|  0%| F|  |TAMS 0x00000000d3000000, 0x00000000d3000000| Untracked 
| 147|0x00000000d3100000, 0x00000000d3100000, 0x00000000d3200000|  0%| F|  |TAMS 0x00000000d3100000, 0x00000000d3100000| Untracked 
| 148|0x00000000d3200000, 0x00000000d3200000, 0x00000000d3300000|  0%| F|  |TAMS 0x00000000d3200000, 0x00000000d3200000| Untracked 
| 149|0x00000000d3300000, 0x00000000d3300000, 0x00000000d3400000|  0%| F|  |TAMS 0x00000000d3300000, 0x00000000d3300000| Untracked 
| 150|0x00000000d3400000, 0x00000000d3400000, 0x00000000d3500000|  0%| F|  |TAMS 0x00000000d3400000, 0x00000000d3400000| Untracked 
| 151|0x00000000d3500000, 0x00000000d3500000, 0x00000000d3600000|  0%| F|  |TAMS 0x00000000d3500000, 0x00000000d3500000| Untracked 
| 152|0x00000000d3600000, 0x00000000d3600000, 0x00000000d3700000|  0%| F|  |TAMS 0x00000000d3600000, 0x00000000d3600000| Untracked 
| 153|0x00000000d3700000, 0x00000000d3700000, 0x00000000d3800000|  0%| F|  |TAMS 0x00000000d3700000, 0x00000000d3700000| Untracked 
| 154|0x00000000d3800000, 0x00000000d3800000, 0x00000000d3900000|  0%| F|  |TAMS 0x00000000d3800000, 0x00000000d3800000| Untracked 
| 155|0x00000000d3900000, 0x00000000d3900000, 0x00000000d3a00000|  0%| F|  |TAMS 0x00000000d3900000, 0x00000000d3900000| Untracked 
| 156|0x00000000d3a00000, 0x00000000d3a00000, 0x00000000d3b00000|  0%| F|  |TAMS 0x00000000d3a00000, 0x00000000d3a00000| Untracked 
| 157|0x00000000d3b00000, 0x00000000d3b00000, 0x00000000d3c00000|  0%| F|  |TAMS 0x00000000d3b00000, 0x00000000d3b00000| Untracked 
| 158|0x00000000d3c00000, 0x00000000d3c00000, 0x00000000d3d00000|  0%| F|  |TAMS 0x00000000d3c00000, 0x00000000d3c00000| Untracked 
| 159|0x00000000d3d00000, 0x00000000d3d00000, 0x00000000d3e00000|  0%| F|  |TAMS 0x00000000d3d00000, 0x00000000d3d00000| Untracked 
| 160|0x00000000d3e00000, 0x00000000d3e00000, 0x00000000d3f00000|  0%| F|  |TAMS 0x00000000d3e00000, 0x00000000d3e00000| Untracked 
| 161|0x00000000d3f00000, 0x00000000d3f00000, 0x00000000d4000000|  0%| F|  |TAMS 0x00000000d3f00000, 0x00000000d3f00000| Untracked 
| 162|0x00000000d4000000, 0x00000000d4000000, 0x00000000d4100000|  0%| F|  |TAMS 0x00000000d4000000, 0x00000000d4000000| Untracked 
| 163|0x00000000d4100000, 0x00000000d4100000, 0x00000000d4200000|  0%| F|  |TAMS 0x00000000d4100000, 0x00000000d4100000| Untracked 
| 164|0x00000000d4200000, 0x00000000d4200000, 0x00000000d4300000|  0%| F|  |TAMS 0x00000000d4200000, 0x00000000d4200000| Untracked 
| 165|0x00000000d4300000, 0x00000000d4300000, 0x00000000d4400000|  0%| F|  |TAMS 0x00000000d4300000, 0x00000000d4300000| Untracked 
| 166|0x00000000d4400000, 0x00000000d4400000, 0x00000000d4500000|  0%| F|  |TAMS 0x00000000d4400000, 0x00000000d4400000| Untracked 
| 167|0x00000000d4500000, 0x00000000d4500000, 0x00000000d4600000|  0%| F|  |TAMS 0x00000000d4500000, 0x00000000d4500000| Untracked 
| 168|0x00000000d4600000, 0x00000000d4600000, 0x00000000d4700000|  0%| F|  |TAMS 0x00000000d4600000, 0x00000000d4600000| Untracked 
| 169|0x00000000d4700000, 0x00000000d4700000, 0x00000000d4800000|  0%| F|  |TAMS 0x00000000d4700000, 0x00000000d4700000| Untracked 
| 170|0x00000000d4800000, 0x00000000d4800000, 0x00000000d4900000|  0%| F|  |TAMS 0x00000000d4800000, 0x00000000d4800000| Untracked 
| 171|0x00000000d4900000, 0x00000000d4900000, 0x00000000d4a00000|  0%| F|  |TAMS 0x00000000d4900000, 0x00000000d4900000| Untracked 
| 172|0x00000000d4a00000, 0x00000000d4a00000, 0x00000000d4b00000|  0%| F|  |TAMS 0x00000000d4a00000, 0x00000000d4a00000| Untracked 
| 173|0x00000000d4b00000, 0x00000000d4b00000, 0x00000000d4c00000|  0%| F|  |TAMS 0x00000000d4b00000, 0x00000000d4b00000| Untracked 
| 174|0x00000000d4c00000, 0x00000000d4c00000, 0x00000000d4d00000|  0%| F|  |TAMS 0x00000000d4c00000, 0x00000000d4c00000| Untracked 
| 175|0x00000000d4d00000, 0x00000000d4d00000, 0x00000000d4e00000|  0%| F|  |TAMS 0x00000000d4d00000, 0x00000000d4d00000| Untracked 
| 176|0x00000000d4e00000, 0x00000000d4e00000, 0x00000000d4f00000|  0%| F|  |TAMS 0x00000000d4e00000, 0x00000000d4e00000| Untracked 
| 177|0x00000000d4f00000, 0x00000000d4f00000, 0x00000000d5000000|  0%| F|  |TAMS 0x00000000d4f00000, 0x00000000d4f00000| Untracked 
| 178|0x00000000d5000000, 0x00000000d5000000, 0x00000000d5100000|  0%| F|  |TAMS 0x00000000d5000000, 0x00000000d5000000| Untracked 
| 179|0x00000000d5100000, 0x00000000d5100000, 0x00000000d5200000|  0%| F|  |TAMS 0x00000000d5100000, 0x00000000d5100000| Untracked 
| 180|0x00000000d5200000, 0x00000000d5200000, 0x00000000d5300000|  0%| F|  |TAMS 0x00000000d5200000, 0x00000000d5200000| Untracked 
| 181|0x00000000d5300000, 0x00000000d5300000, 0x00000000d5400000|  0%| F|  |TAMS 0x00000000d5300000, 0x00000000d5300000| Untracked 
| 182|0x00000000d5400000, 0x00000000d5400000, 0x00000000d5500000|  0%| F|  |TAMS 0x00000000d5400000, 0x00000000d5400000| Untracked 
| 183|0x00000000d5500000, 0x00000000d5500000, 0x00000000d5600000|  0%| F|  |TAMS 0x00000000d5500000, 0x00000000d5500000| Untracked 
| 184|0x00000000d5600000, 0x00000000d5600000, 0x00000000d5700000|  0%| F|  |TAMS 0x00000000d5600000, 0x00000000d5600000| Untracked 
| 185|0x00000000d5700000, 0x00000000d5700000, 0x00000000d5800000|  0%| F|  |TAMS 0x00000000d5700000, 0x00000000d5700000| Untracked 
| 186|0x00000000d5800000, 0x00000000d5800000, 0x00000000d5900000|  0%| F|  |TAMS 0x00000000d5800000, 0x00000000d5800000| Untracked 
| 187|0x00000000d5900000, 0x00000000d5900000, 0x00000000d5a00000|  0%| F|  |TAMS 0x00000000d5900000, 0x00000000d5900000| Untracked 
| 188|0x00000000d5a00000, 0x00000000d5a00000, 0x00000000d5b00000|  0%| F|  |TAMS 0x00000000d5a00000, 0x00000000d5a00000| Untracked 
| 189|0x00000000d5b00000, 0x00000000d5b00000, 0x00000000d5c00000|  0%| F|  |TAMS 0x00000000d5b00000, 0x00000000d5b00000| Untracked 

Card table byte_map: [0x00000192ed840000,0x00000192eda00000] _byte_map_base: 0x00000192ed1f1000

Marking Bits (Prev, Next): (CMBitMap*) 0x00000192e5fcc130, (CMBitMap*) 0x00000192e5fcc170
 Prev Bits: [0x00000192edbc0000, 0x00000192ee948000)
 Next Bits: [0x00000192ee950000, 0x00000192ef6d8000)

Polling page: 0x00000192e5d90000

Metaspace:

Usage:
  Non-class:     29.59 MB used.
      Class:      4.41 MB used.
       Both:     34.01 MB used.

Virtual space:
  Non-class space:       32.00 MB reserved,      29.69 MB ( 93%) committed,  4 nodes.
      Class space:        1.00 GB reserved,       4.56 MB ( <1%) committed,  1 nodes.
             Both:        1.03 GB reserved,      34.25 MB (  3%) committed. 

Chunk freelists:
   Non-Class:  1.88 MB
       Class:  3.45 MB
        Both:  5.33 MB

MaxMetaspaceSize: unlimited
CompressedClassSpaceSize: 1.00 GB
Initial GC threshold: 21.00 MB
Current GC threshold: 56.88 MB
CDS: off
MetaspaceReclaimPolicy: balanced
 - commit_granule_bytes: 65536.
 - commit_granule_words: 8192.
 - virtual_space_node_default_size: 1048576.
 - enlarge_chunks_in_place: 1.
 - new_chunks_are_fully_committed: 0.
 - uncommit_free_chunks: 1.
 - use_allocation_guard: 0.
 - handle_deallocations: 1.


Internal statistics:

num_allocs_failed_limit: 3.
num_arena_births: 298.
num_arena_deaths: 0.
num_vsnodes_births: 5.
num_vsnodes_deaths: 0.
num_space_committed: 548.
num_space_uncommitted: 0.
num_chunks_returned_to_freelist: 3.
num_chunks_taken_from_freelist: 1277.
num_chunk_merges: 3.
num_chunk_splits: 886.
num_chunks_enlarged: 689.
num_purges: 0.
num_inconsistent_stats: 0.

CodeCache: size=49152Kb used=7091Kb max_used=7091Kb free=42060Kb
 bounds [0x00000192ea3f0000, 0x00000192eaae0000, 0x00000192ed3f0000]
 total_blobs=4065 nmethods=3546 adapters=446
 compilation: enabled
              stopped_count=0, restarted_count=0
 full_count=0

Compilation events (20 events):
Event: 16.603 Thread 0x00000192f1aa4000 3537       1       io.github.classgraph.Classfile::readBasicClassInfo (339 bytes)
Event: 16.605 Thread 0x00000192f1aa4000 nmethod 3537 0x00000192eaad5c10 code [0x00000192eaad5f80, 0x00000192eaad6de8]
Event: 16.605 Thread 0x00000192f1aa4000 3538       1       io.github.classgraph.Classfile::readInterfaces (63 bytes)
Event: 16.605 Thread 0x00000192f1aa4000 nmethod 3538 0x00000192eaad7690 code [0x00000192eaad7860, 0x00000192eaad7b78]
Event: 16.605 Thread 0x00000192f1aa4000 3539   !   1       nonapi.io.github.classgraph.fileslice.reader.ClassfileReader::close (43 bytes)
Event: 16.605 Thread 0x00000192f1aa4000 nmethod 3539 0x00000192eaad7d10 code [0x00000192eaad7ec0, 0x00000192eaad8098]
Event: 16.605 Thread 0x00000192f1aa4000 3540       1       io.github.classgraph.Classfile::extendScanningUpwards (585 bytes)
Event: 16.606 Thread 0x00000192f1aa4000 nmethod 3540 0x00000192eaad8190 code [0x00000192eaad8600, 0x00000192eaad9508]
Event: 16.680 Thread 0x00000192f1aa4000 3541       1       io.github.classgraph.ClasspathElementModule$1$1::<init> (16 bytes)
Event: 16.740 Thread 0x00000192f1aa4000 nmethod 3541 0x00000192eaada090 code [0x00000192eaada220, 0x00000192eaada3f8]
Event: 16.740 Thread 0x00000192f1aa4000 3542       1       nonapi.io.github.classgraph.utils.ProxyingInputStream::<init> (10 bytes)
Event: 16.740 Thread 0x00000192f1aa4000 nmethod 3542 0x00000192eaada490 code [0x00000192eaada620, 0x00000192eaada738]
Event: 16.740 Thread 0x00000192f1aa4000 3543       1       nonapi.io.github.classgraph.fileslice.reader.ClassfileReader::<init> (29 bytes)
Event: 16.740 Thread 0x00000192f1aa4000 nmethod 3543 0x00000192eaada790 code [0x00000192eaada920, 0x00000192eaadab98]
Event: 16.746 Thread 0x00000192f1aa4000 3544  s!   1       jdk.internal.loader.URLClassPath::getLoader (196 bytes)
Event: 16.747 Thread 0x00000192f1aa4000 nmethod 3544 0x00000192eaadac10 code [0x00000192eaadaec0, 0x00000192eaadb8d8]
Event: 18.385 Thread 0x00000192f1aa4000 3545       1       java.util.concurrent.ConcurrentHashMap::resizeStamp (9 bytes)
Event: 18.386 Thread 0x00000192f1aa4000 nmethod 3545 0x00000192eaadc590 code [0x00000192eaadc720, 0x00000192eaadc7e8]
Event: 18.387 Thread 0x00000192f1aa4000 3546       1       java.util.concurrent.ConcurrentHashMap::helpTransfer (123 bytes)
Event: 18.388 Thread 0x00000192f1aa4000 nmethod 3546 0x00000192eaadc890 code [0x00000192eaadca40, 0x00000192eaadccb8]

GC Heap History (20 events):
Event: 16.262 GC heap after
{Heap after GC invocations=25 (full 0):
 garbage-first heap   total 83968K, used 57503K [0x00000000c9e00000, 0x0000000100000000)
  region size 1024K, 1 young (1024K), 1 survivors (1024K)
 Metaspace       used 34658K, committed 34944K, reserved 1081344K
  class space    used 4495K, committed 4672K, reserved 1048576K
}
Event: 16.451 GC heap before
{Heap before GC invocations=26 (full 0):
 garbage-first heap   total 97280K, used 63647K [0x00000000c9e00000, 0x0000000100000000)
  region size 1024K, 8 young (8192K), 1 survivors (1024K)
 Metaspace       used 34720K, committed 35008K, reserved 1081344K
  class space    used 4504K, committed 4672K, reserved 1048576K
}
Event: 16.465 GC heap after
{Heap after GC invocations=27 (full 0):
 garbage-first heap   total 97280K, used 61612K [0x00000000c9e00000, 0x0000000100000000)
  region size 1024K, 1 young (1024K), 1 survivors (1024K)
 Metaspace       used 34720K, committed 35008K, reserved 1081344K
  class space    used 4504K, committed 4672K, reserved 1048576K
}
Event: 16.495 GC heap before
{Heap before GC invocations=27 (full 0):
 garbage-first heap   total 97280K, used 63660K [0x00000000c9e00000, 0x0000000100000000)
  region size 1024K, 4 young (4096K), 1 survivors (1024K)
 Metaspace       used 34720K, committed 35008K, reserved 1081344K
  class space    used 4504K, committed 4672K, reserved 1048576K
}
Event: 16.498 GC heap after
{Heap after GC invocations=28 (full 0):
 garbage-first heap   total 97280K, used 61353K [0x00000000c9e00000, 0x0000000100000000)
  region size 1024K, 1 young (1024K), 1 survivors (1024K)
 Metaspace       used 34720K, committed 35008K, reserved 1081344K
  class space    used 4504K, committed 4672K, reserved 1048576K
}
Event: 16.566 GC heap before
{Heap before GC invocations=28 (full 0):
 garbage-first heap   total 97280K, used 70569K [0x00000000c9e00000, 0x0000000100000000)
  region size 1024K, 11 young (11264K), 1 survivors (1024K)
 Metaspace       used 34722K, committed 35008K, reserved 1081344K
  class space    used 4505K, committed 4672K, reserved 1048576K
}
Event: 16.570 GC heap after
{Heap after GC invocations=29 (full 0):
 garbage-first heap   total 194560K, used 61603K [0x00000000c9e00000, 0x0000000100000000)
  region size 1024K, 1 young (1024K), 1 survivors (1024K)
 Metaspace       used 34722K, committed 35008K, reserved 1081344K
  class space    used 4505K, committed 4672K, reserved 1048576K
}
Event: 17.507 GC heap before
{Heap before GC invocations=30 (full 0):
 garbage-first heap   total 194560K, used 114851K [0x00000000c9e00000, 0x0000000100000000)
  region size 1024K, 55 young (56320K), 1 survivors (1024K)
 Metaspace       used 34823K, committed 35072K, reserved 1081344K
  class space    used 4518K, committed 4672K, reserved 1048576K
}
Event: 17.515 GC heap after
{Heap after GC invocations=31 (full 0):
 garbage-first heap   total 194560K, used 63796K [0x00000000c9e00000, 0x0000000100000000)
  region size 1024K, 3 young (3072K), 3 survivors (3072K)
 Metaspace       used 34823K, committed 35072K, reserved 1081344K
  class space    used 4518K, committed 4672K, reserved 1048576K
}
Event: 17.553 GC heap before
{Heap before GC invocations=31 (full 0):
 garbage-first heap   total 194560K, used 68916K [0x00000000c9e00000, 0x0000000100000000)
  region size 1024K, 9 young (9216K), 3 survivors (3072K)
 Metaspace       used 34823K, committed 35072K, reserved 1081344K
  class space    used 4518K, committed 4672K, reserved 1048576K
}
Event: 17.557 GC heap after
{Heap after GC invocations=32 (full 0):
 garbage-first heap   total 194560K, used 63367K [0x00000000c9e00000, 0x0000000100000000)
  region size 1024K, 1 young (1024K), 1 survivors (1024K)
 Metaspace       used 34823K, committed 35072K, reserved 1081344K
  class space    used 4518K, committed 4672K, reserved 1048576K
}
Event: 18.013 GC heap before
{Heap before GC invocations=32 (full 0):
 garbage-first heap   total 194560K, used 141191K [0x00000000c9e00000, 0x0000000100000000)
  region size 1024K, 79 young (80896K), 1 survivors (1024K)
 Metaspace       used 34823K, committed 35072K, reserved 1081344K
  class space    used 4518K, committed 4672K, reserved 1048576K
}
Event: 18.022 GC heap after
{Heap after GC invocations=33 (full 0):
 garbage-first heap   total 194560K, used 66301K [0x00000000c9e00000, 0x0000000100000000)
  region size 1024K, 4 young (4096K), 4 survivors (4096K)
 Metaspace       used 34823K, committed 35072K, reserved 1081344K
  class space    used 4518K, committed 4672K, reserved 1048576K
}
Event: 18.225 GC heap before
{Heap before GC invocations=33 (full 0):
 garbage-first heap   total 194560K, used 146173K [0x00000000c9e00000, 0x0000000100000000)
  region size 1024K, 83 young (84992K), 4 survivors (4096K)
 Metaspace       used 34823K, committed 35072K, reserved 1081344K
  class space    used 4518K, committed 4672K, reserved 1048576K
}
Event: 18.236 GC heap after
{Heap after GC invocations=34 (full 0):
 garbage-first heap   total 194560K, used 69354K [0x00000000c9e00000, 0x0000000100000000)
  region size 1024K, 7 young (7168K), 7 survivors (7168K)
 Metaspace       used 34823K, committed 35072K, reserved 1081344K
  class space    used 4518K, committed 4672K, reserved 1048576K
}
Event: 18.340 GC heap before
{Heap before GC invocations=34 (full 0):
 garbage-first heap   total 194560K, used 150250K [0x00000000c9e00000, 0x0000000100000000)
  region size 1024K, 87 young (89088K), 7 survivors (7168K)
 Metaspace       used 34823K, committed 35072K, reserved 1081344K
  class space    used 4518K, committed 4672K, reserved 1048576K
}
Event: 18.349 GC heap after
{Heap after GC invocations=35 (full 0):
 garbage-first heap   total 194560K, used 72367K [0x00000000c9e00000, 0x0000000100000000)
  region size 1024K, 6 young (6144K), 6 survivors (6144K)
 Metaspace       used 34823K, committed 35072K, reserved 1081344K
  class space    used 4518K, committed 4672K, reserved 1048576K
}
Event: 18.435 GC heap before
{Heap before GC invocations=35 (full 0):
 garbage-first heap   total 194560K, used 154287K [0x00000000c9e00000, 0x0000000100000000)
  region size 1024K, 87 young (89088K), 6 survivors (6144K)
 Metaspace       used 34823K, committed 35072K, reserved 1081344K
  class space    used 4518K, committed 4672K, reserved 1048576K
}
Event: 18.444 GC heap after
{Heap after GC invocations=36 (full 0):
 garbage-first heap   total 194560K, used 76664K [0x00000000c9e00000, 0x0000000100000000)
  region size 1024K, 7 young (7168K), 7 survivors (7168K)
 Metaspace       used 34823K, committed 35072K, reserved 1081344K
  class space    used 4518K, committed 4672K, reserved 1048576K
}
Event: 18.514 GC heap before
{Heap before GC invocations=36 (full 0):
 garbage-first heap   total 194560K, used 156536K [0x00000000c9e00000, 0x0000000100000000)
  region size 1024K, 86 young (88064K), 7 survivors (7168K)
 Metaspace       used 34824K, committed 35072K, reserved 1081344K
  class space    used 4519K, committed 4672K, reserved 1048576K
}

Deoptimization events (12 events):
Event: 3.133 Thread 0x00000192e5f94c80 DEOPT PACKING pc=0x00000192ea6f0ef5 sp=0x0000007f3e4fd8a0
Event: 3.133 Thread 0x00000192e5f94c80 DEOPT UNPACKING pc=0x00000192ea442b43 sp=0x0000007f3e4fcd10 mode 3
Event: 7.058 Thread 0x00000192e5f94c80 DEOPT PACKING pc=0x00000192ea597799 sp=0x0000007f3e4fd110
Event: 7.058 Thread 0x00000192e5f94c80 DEOPT UNPACKING pc=0x00000192ea442b43 sp=0x0000007f3e4fc5f0 mode 3
Event: 8.332 Thread 0x00000192e5f94c80 DEOPT PACKING pc=0x00000192ea8375f5 sp=0x0000007f3e4fcc80
Event: 8.332 Thread 0x00000192e5f94c80 DEOPT UNPACKING pc=0x00000192ea442b43 sp=0x0000007f3e4fc0f0 mode 3
Event: 11.777 Thread 0x00000192f41be430 DEOPT PACKING pc=0x00000192ea93522b sp=0x0000007f3f6fe740
Event: 11.777 Thread 0x00000192f41be430 DEOPT UNPACKING pc=0x00000192ea442b43 sp=0x0000007f3f6fdc88 mode 3
Event: 13.632 Thread 0x00000192f2542560 DEOPT PACKING pc=0x00000192ea595f81 sp=0x0000007f3fcfed20
Event: 13.632 Thread 0x00000192f2542560 DEOPT UNPACKING pc=0x00000192ea442b43 sp=0x0000007f3fcfe1b0 mode 3
Event: 15.789 Thread 0x00000192f425e500 DEOPT PACKING pc=0x00000192ea54fa97 sp=0x0000007f3fdfee70
Event: 15.789 Thread 0x00000192f425e500 DEOPT UNPACKING pc=0x00000192ea442b43 sp=0x0000007f3fdfe2c8 mode 3

Classes unloaded (0 events):
No events

Classes redefined (0 events):
No events

Internal exceptions (20 events):
Event: 12.240 Thread 0x00000192f25417c0 Exception <a 'sun/nio/fs/WindowsException'{0x00000000cc45f140}> (0x00000000cc45f140) 
thrown [e:\jenkins\tmp\workspace\build\src\src\hotspot\share\prims\jni.cpp, line 516]
Event: 12.240 Thread 0x00000192f25417c0 Exception <a 'sun/nio/fs/WindowsException'{0x00000000cc45f520}> (0x00000000cc45f520) 
thrown [e:\jenkins\tmp\workspace\build\src\src\hotspot\share\prims\jni.cpp, line 516]
Event: 12.240 Thread 0x00000192f25417c0 Exception <a 'sun/nio/fs/WindowsException'{0x00000000cc45ff10}> (0x00000000cc45ff10) 
thrown [e:\jenkins\tmp\workspace\build\src\src\hotspot\share\prims\jni.cpp, line 516]
Event: 12.240 Thread 0x00000192f25417c0 Exception <a 'sun/nio/fs/WindowsException'{0x00000000cc4602b8}> (0x00000000cc4602b8) 
thrown [e:\jenkins\tmp\workspace\build\src\src\hotspot\share\prims\jni.cpp, line 516]
Event: 12.240 Thread 0x00000192f25417c0 Exception <a 'sun/nio/fs/WindowsException'{0x00000000cc460cb8}> (0x00000000cc460cb8) 
thrown [e:\jenkins\tmp\workspace\build\src\src\hotspot\share\prims\jni.cpp, line 516]
Event: 12.240 Thread 0x00000192f25417c0 Exception <a 'sun/nio/fs/WindowsException'{0x00000000cc461078}> (0x00000000cc461078) 
thrown [e:\jenkins\tmp\workspace\build\src\src\hotspot\share\prims\jni.cpp, line 516]
Event: 12.240 Thread 0x00000192f25417c0 Exception <a 'sun/nio/fs/WindowsException'{0x00000000cc461a78}> (0x00000000cc461a78) 
thrown [e:\jenkins\tmp\workspace\build\src\src\hotspot\share\prims\jni.cpp, line 516]
Event: 12.240 Thread 0x00000192f25417c0 Exception <a 'sun/nio/fs/WindowsException'{0x00000000cc461e28}> (0x00000000cc461e28) 
thrown [e:\jenkins\tmp\workspace\build\src\src\hotspot\share\prims\jni.cpp, line 516]
Event: 12.240 Thread 0x00000192f25417c0 Exception <a 'sun/nio/fs/WindowsException'{0x00000000cc462828}> (0x00000000cc462828) 
thrown [e:\jenkins\tmp\workspace\build\src\src\hotspot\share\prims\jni.cpp, line 516]
Event: 12.240 Thread 0x00000192f25417c0 Exception <a 'sun/nio/fs/WindowsException'{0x00000000cc462be8}> (0x00000000cc462be8) 
thrown [e:\jenkins\tmp\workspace\build\src\src\hotspot\share\prims\jni.cpp, line 516]
Event: 12.240 Thread 0x00000192f25417c0 Exception <a 'sun/nio/fs/WindowsException'{0x00000000cc463610}> (0x00000000cc463610) 
thrown [e:\jenkins\tmp\workspace\build\src\src\hotspot\share\prims\jni.cpp, line 516]
Event: 12.240 Thread 0x00000192f25417c0 Exception <a 'sun/nio/fs/WindowsException'{0x00000000cc4639f0}> (0x00000000cc4639f0) 
thrown [e:\jenkins\tmp\workspace\build\src\src\hotspot\share\prims\jni.cpp, line 516]
Event: 12.240 Thread 0x00000192f25417c0 Exception <a 'sun/nio/fs/WindowsException'{0x00000000cc464428}> (0x00000000cc464428) 
thrown [e:\jenkins\tmp\workspace\build\src\src\hotspot\share\prims\jni.cpp, line 516]
Event: 12.241 Thread 0x00000192f25417c0 Exception <a 'sun/nio/fs/WindowsException'{0x00000000cc464818}> (0x00000000cc464818) 
thrown [e:\jenkins\tmp\workspace\build\src\src\hotspot\share\prims\jni.cpp, line 516]
Event: 12.244 Thread 0x00000192f25417c0 Exception <a 'sun/nio/fs/WindowsException'{0x00000000cc465240}> (0x00000000cc465240) 
thrown [e:\jenkins\tmp\workspace\build\src\src\hotspot\share\prims\jni.cpp, line 516]
Event: 12.244 Thread 0x00000192f25417c0 Exception <a 'sun/nio/fs/WindowsException'{0x00000000cc465630}> (0x00000000cc465630) 
thrown [e:\jenkins\tmp\workspace\build\src\src\hotspot\share\prims\jni.cpp, line 516]
Event: 13.247 Thread 0x00000192f25ea030 Exception <a 'java/lang/NoSuchMethodError'{0x00000000cc88d5d0}: 'java.lang.Object java.lang.invoke.DirectMethodHandle$Holder.invokeStatic(java.lang.Object, java.lang.Object, java.lang.Object, int, java.lang.Object, java.lang.Object)'> (0x00000000cc88d5d0) 
thrown [e:\jenkins\tmp\workspace\build\src\src\hotspot\share\interpreter\linkResolver.cpp, line 766]
Event: 13.345 Thread 0x00000192f2c6a9c0 Exception <a 'java/lang/NoSuchMethodError'{0x00000000cc69ca90}: 'java.lang.Object java.lang.invoke.DirectMethodHandle$Holder.invokeStatic(java.lang.Object, int, java.lang.Object)'> (0x00000000cc69ca90) 
thrown [e:\jenkins\tmp\workspace\build\src\src\hotspot\share\interpreter\linkResolver.cpp, line 766]
Event: 13.636 Thread 0x00000192f2c6a020 Exception <a 'java/lang/NoSuchMethodError'{0x00000000cca24e20}: 'int java.lang.invoke.DirectMethodHandle$Holder.invokeStatic(java.lang.Object)'> (0x00000000cca24e20) 
thrown [e:\jenkins\tmp\workspace\build\src\src\hotspot\share\interpreter\linkResolver.cpp, line 766]
Event: 13.636 Thread 0x00000192f2c6a020 Exception <a 'java/lang/NoSuchMethodError'{0x00000000cca282d0}: 'int java.lang.invoke.DirectMethodHandle$Holder.invokeStaticInit(java.lang.Object)'> (0x00000000cca282d0) 
thrown [e:\jenkins\tmp\workspace\build\src\src\hotspot\share\interpreter\linkResolver.cpp, line 766]

VM Operations (20 events):
Event: 17.563 Executing VM operation: G1CollectForAllocation done
Event: 18.013 Executing VM operation: G1CollectForAllocation
Event: 18.013 Executing VM operation: G1CollectForAllocation done
Event: 18.013 Executing VM operation: G1CollectForAllocation
Event: 18.023 Executing VM operation: G1CollectForAllocation done
Event: 18.217 Executing VM operation: G1CollectForAllocation
Event: 18.225 Executing VM operation: G1CollectForAllocation done
Event: 18.225 Executing VM operation: G1CollectForAllocation
Event: 18.236 Executing VM operation: G1CollectForAllocation done
Event: 18.322 Executing VM operation: G1CollectForAllocation
Event: 18.339 Executing VM operation: G1CollectForAllocation done
Event: 18.340 Executing VM operation: G1CollectForAllocation
Event: 18.349 Executing VM operation: G1CollectForAllocation done
Event: 18.429 Executing VM operation: G1CollectForAllocation
Event: 18.435 Executing VM operation: G1CollectForAllocation done
Event: 18.435 Executing VM operation: G1CollectForAllocation
Event: 18.444 Executing VM operation: G1CollectForAllocation done
Event: 18.501 Executing VM operation: G1CollectForAllocation
Event: 18.514 Executing VM operation: G1CollectForAllocation done
Event: 18.514 Executing VM operation: G1CollectForAllocation

Events (20 events):
Event: 13.690 loading class java/util/DoubleSummaryStatistics
Event: 13.690 loading class java/util/function/DoubleConsumer
Event: 13.690 loading class java/util/function/DoubleConsumer done
Event: 13.690 loading class java/util/DoubleSummaryStatistics done
Event: 13.691 loading class jdk/internal/module/SystemModuleFinders$ModuleContentSpliterator
Event: 13.691 loading class jdk/internal/module/SystemModuleFinders$ModuleContentSpliterator done
Event: 13.691 loading class jdk/internal/jimage/ImageReader$Directory
Event: 13.692 loading class jdk/internal/jimage/ImageReader$Node
Event: 13.692 loading class jdk/internal/jimage/ImageReader$Node done
Event: 13.692 loading class jdk/internal/jimage/ImageReader$Directory done
Event: 13.692 loading class jdk/internal/jimage/ImageReader$SharedImageReader$LocationVisitor
Event: 13.692 loading class jdk/internal/jimage/ImageReader$SharedImageReader$LocationVisitor done
Event: 13.692 loading class java/nio/ByteBufferAsIntBufferL
Event: 13.693 loading class java/nio/ByteBufferAsIntBufferL done
Event: 13.694 loading class jdk/internal/jimage/ImageReader$Resource
Event: 13.694 loading class jdk/internal/jimage/ImageReader$Resource done
Event: 13.694 loading class java/util/stream/LongStream
Event: 13.695 loading class java/util/stream/LongStream done
Event: 13.695 loading class java/util/stream/DoubleStream
Event: 13.695 loading class java/util/stream/DoubleStream done


Dynamic libraries:
0x00007ff754990000 - 0x00007ff75499e000 	c:\Users\gilbe\.vscode\extensions\redhat.java-1.9.0-win32-x64\jre\17.0.3-win32-x86_64\bin\java.exe
0x00007ff8b7ed0000 - 0x00007ff8b80c8000 	C:\windows\SYSTEM32\ntdll.dll
0x00007ff8b7510000 - 0x00007ff8b75cd000 	C:\windows\System32\KERNEL32.DLL
0x00007ff8b5940000 - 0x00007ff8b5c0e000 	C:\windows\System32\KERNELBASE.dll
0x00007ff8b5de0000 - 0x00007ff8b5ee0000 	C:\windows\System32\ucrtbase.dll
0x00007ff8a76f0000 - 0x00007ff8a7708000 	c:\Users\gilbe\.vscode\extensions\redhat.java-1.9.0-win32-x64\jre\17.0.3-win32-x86_64\bin\jli.dll
0x00007ff8b5f40000 - 0x00007ff8b60e0000 	C:\windows\System32\USER32.dll
0x00007ff8b5910000 - 0x00007ff8b5932000 	C:\windows\System32\win32u.dll
0x00007ff8b7df0000 - 0x00007ff8b7e1a000 	C:\windows\System32\GDI32.dll
0x00007ff8b5cd0000 - 0x00007ff8b5ddb000 	C:\windows\System32\gdi32full.dll
0x00007ff8b57c0000 - 0x00007ff8b585d000 	C:\windows\System32\msvcp_win.dll
0x00007ff8a6a80000 - 0x00007ff8a6a99000 	c:\Users\gilbe\.vscode\extensions\redhat.java-1.9.0-win32-x64\jre\17.0.3-win32-x86_64\bin\VCRUNTIME140.dll
0x00007ff89edf0000 - 0x00007ff89f08a000 	C:\windows\WinSxS\amd64_microsoft.windows.common-controls_6595b64144ccf1df_6.0.19041.1110_none_60b5254171f9507e\COMCTL32.dll
0x00007ff8b7ab0000 - 0x00007ff8b7b4e000 	C:\windows\System32\msvcrt.dll
0x00007ff8b7720000 - 0x00007ff8b7750000 	C:\windows\System32\IMM32.DLL
0x00007ff8ad430000 - 0x00007ff8ad43c000 	c:\Users\gilbe\.vscode\extensions\redhat.java-1.9.0-win32-x64\jre\17.0.3-win32-x86_64\bin\vcruntime140_1.dll
0x00007ff880ca0000 - 0x00007ff880d31000 	c:\Users\gilbe\.vscode\extensions\redhat.java-1.9.0-win32-x64\jre\17.0.3-win32-x86_64\bin\msvcp140.dll
0x00007ff86fd90000 - 0x00007ff8709d8000 	c:\Users\gilbe\.vscode\extensions\redhat.java-1.9.0-win32-x64\jre\17.0.3-win32-x86_64\bin\server\jvm.dll
0x00007ff8b63f0000 - 0x00007ff8b649e000 	C:\windows\System32\ADVAPI32.dll
0x00007ff8b7470000 - 0x00007ff8b750c000 	C:\windows\System32\sechost.dll
0x00007ff8b7210000 - 0x00007ff8b7335000 	C:\windows\System32\RPCRT4.dll
0x00007ff8b5f30000 - 0x00007ff8b5f38000 	C:\windows\System32\PSAPI.DLL
0x00007ff8ae6a0000 - 0x00007ff8ae6a9000 	C:\windows\SYSTEM32\WSOCK32.dll
0x00007ff8b7140000 - 0x00007ff8b71ab000 	C:\windows\System32\WS2_32.dll
0x00007ff8ac360000 - 0x00007ff8ac387000 	C:\windows\SYSTEM32\WINMM.dll
0x00007ff8ac390000 - 0x00007ff8ac39a000 	C:\windows\SYSTEM32\VERSION.dll
0x00007ff8b34f0000 - 0x00007ff8b3502000 	C:\windows\SYSTEM32\kernel.appcore.dll
0x00007ff8a3eb0000 - 0x00007ff8a3eba000 	c:\Users\gilbe\.vscode\extensions\redhat.java-1.9.0-win32-x64\jre\17.0.3-win32-x86_64\bin\jimage.dll
0x00007ff89fd40000 - 0x00007ff89ff24000 	C:\windows\SYSTEM32\DBGHELP.DLL
0x00007ff89a020000 - 0x00007ff89a04c000 	C:\windows\SYSTEM32\dbgcore.DLL
0x00007ff8b5c10000 - 0x00007ff8b5c92000 	C:\windows\System32\bcryptPrimitives.dll
0x00007ff89bb80000 - 0x00007ff89bba5000 	c:\Users\gilbe\.vscode\extensions\redhat.java-1.9.0-win32-x64\jre\17.0.3-win32-x86_64\bin\java.dll
0x00007ff89d8f0000 - 0x00007ff89d908000 	c:\Users\gilbe\.vscode\extensions\redhat.java-1.9.0-win32-x64\jre\17.0.3-win32-x86_64\bin\zip.dll
0x00007ff8b6500000 - 0x00007ff8b6c44000 	C:\windows\System32\SHELL32.dll
0x00007ff8b36f0000 - 0x00007ff8b3e84000 	C:\windows\SYSTEM32\windows.storage.dll
0x00007ff8b7750000 - 0x00007ff8b7aa4000 	C:\windows\System32\combase.dll
0x00007ff8b4f80000 - 0x00007ff8b4fb0000 	C:\windows\SYSTEM32\Wldp.dll
0x00007ff8b6290000 - 0x00007ff8b633d000 	C:\windows\System32\SHCORE.dll
0x00007ff8b64a0000 - 0x00007ff8b64f5000 	C:\windows\System32\shlwapi.dll
0x00007ff8b5530000 - 0x00007ff8b554f000 	C:\windows\SYSTEM32\profapi.dll
0x00007ff89b230000 - 0x00007ff89b249000 	C:\Users\gilbe\.vscode\extensions\redhat.java-1.9.0-win32-x64\jre\17.0.3-win32-x86_64\bin\net.dll
0x00007ff8a6530000 - 0x00007ff8a663a000 	C:\windows\SYSTEM32\WINHTTP.dll
0x00007ff8b4ce0000 - 0x00007ff8b4d4a000 	C:\windows\system32\mswsock.dll
0x00007ff89ab20000 - 0x00007ff89ab35000 	C:\Users\gilbe\.vscode\extensions\redhat.java-1.9.0-win32-x64\jre\17.0.3-win32-x86_64\bin\nio.dll
0x00007ff8a1700000 - 0x00007ff8a1710000 	c:\Users\gilbe\.vscode\extensions\redhat.java-1.9.0-win32-x64\jre\17.0.3-win32-x86_64\bin\verify.dll
0x00007ff8aeb70000 - 0x00007ff8aeb79000 	C:\Users\gilbe\.vscode\extensions\redhat.java-1.9.0-win32-x64\jre\17.0.3-win32-x86_64\bin\management.dll
0x00007ff8aead0000 - 0x00007ff8aeadb000 	C:\Users\gilbe\.vscode\extensions\redhat.java-1.9.0-win32-x64\jre\17.0.3-win32-x86_64\bin\management_ext.dll
0x00007ff898790000 - 0x00007ff8987a7000 	C:\windows\system32\napinsp.dll
0x00007ff898770000 - 0x00007ff89878b000 	C:\windows\system32\pnrpnsp.dll
0x00007ff8b0200000 - 0x00007ff8b0215000 	C:\windows\system32\wshbth.dll
0x00007ff8b0fd0000 - 0x00007ff8b0fed000 	C:\windows\system32\NLAapi.dll
0x00007ff8b49d0000 - 0x00007ff8b4a0b000 	C:\windows\SYSTEM32\IPHLPAPI.DLL
0x00007ff8b4a10000 - 0x00007ff8b4adb000 	C:\windows\SYSTEM32\DNSAPI.dll
0x00007ff8b7e80000 - 0x00007ff8b7e88000 	C:\windows\System32\NSI.dll
0x00007ff898750000 - 0x00007ff898762000 	C:\windows\System32\winrnr.dll
0x00007ff8ad030000 - 0x00007ff8ad03a000 	C:\Windows\System32\rasadhlp.dll
0x00007ff89f230000 - 0x00007ff89f2b0000 	C:\windows\System32\fwpuclnt.dll
0x00007ff8b5ca0000 - 0x00007ff8b5cc7000 	C:\windows\System32\bcrypt.dll
0x00007ff8b4ed0000 - 0x00007ff8b4ee8000 	C:\windows\SYSTEM32\CRYPTSP.dll
0x00007ff8b4660000 - 0x00007ff8b4694000 	C:\windows\system32\rsaenh.dll
0x00007ff8b54b0000 - 0x00007ff8b54de000 	C:\windows\SYSTEM32\USERENV.dll
0x00007ff8b4ef0000 - 0x00007ff8b4efc000 	C:\windows\SYSTEM32\CRYPTBASE.dll
0x00007ff8a9a30000 - 0x00007ff8a9a47000 	C:\windows\SYSTEM32\dhcpcsvc6.DLL
0x00007ff8a9da0000 - 0x00007ff8a9dbd000 	C:\windows\SYSTEM32\dhcpcsvc.DLL

dbghelp: loaded successfully - version: 4.0.5 - missing functions: none
symbol engine: initialized successfully - sym options: 0x614 - pdb path: .;c:\Users\gilbe\.vscode\extensions\redhat.java-1.9.0-win32-x64\jre\17.0.3-win32-x86_64\bin;C:\windows\SYSTEM32;C:\windows\WinSxS\amd64_microsoft.windows.common-controls_6595b64144ccf1df_6.0.19041.1110_none_60b5254171f9507e;c:\Users\gilbe\.vscode\extensions\redhat.java-1.9.0-win32-x64\jre\17.0.3-win32-x86_64\bin\server

VM Arguments:
jvm_args: -Dsts.lsp.client=vscode -Dsts.log.file=/dev/null -XX:TieredStopAtLevel=1 -Dspring.config.location=file:c:\Users\gilbe\.vscode\extensions\pivotal.vscode-spring-boot-1.38.0\language-server\BOOT-INF\classes\application.properties 
java_command: org.springframework.ide.vscode.boot.app.BootLanguageServerBootApp
java_class_path (initial): c:\Users\gilbe\.vscode\extensions\pivotal.vscode-spring-boot-1.38.0\language-server\BOOT-INF\classes;c:\Users\gilbe\.vscode\extensions\pivotal.vscode-spring-boot-1.38.0\language-server\BOOT-INF\lib\annotations-23.0.0.jar;c:\Users\gilbe\.vscode\extensions\pivotal.vscode-spring-boot-1.38.0\language-server\BOOT-INF\lib\antlr-runtime-3.5.2.jar;c:\Users\gilbe\.vscode\extensions\pivotal.vscode-spring-boot-1.38.0\language-server\BOOT-INF\lib\antlr4-4.9.3.jar;c:\Users\gilbe\.vscode\extensions\pivotal.vscode-spring-boot-1.38.0\language-server\BOOT-INF\lib\antlr4-runtime-4.9.3.jar;c:\Users\gilbe\.vscode\extensions\pivotal.vscode-spring-boot-1.38.0\language-server\BOOT-INF\lib\asm-9.3.jar;c:\Users\gilbe\.vscode\extensions\pivotal.vscode-spring-boot-1.38.0\language-server\BOOT-INF\lib\asm-analysis-9.3.jar;c:\Users\gilbe\.vscode\extensions\pivotal.vscode-spring-boot-1.38.0\language-server\BOOT-INF\lib\asm-tree-9.3.jar;c:\Users\gilbe\.vscode\extensions\pivotal.vscode-spring-boot-1.38.0\language-server\BOOT-INF\lib\asm-util-9.3.jar;c:\Users\gilbe\.vscode\extensions\pivotal.vscode-spring-boot-1.38.0\language-server\BOOT-INF\lib\byte-buddy-1.10.18.jar;c:\Users\gilbe\.vscode\extensions\pivotal.vscode-spring-boot-1.38.0\language-server\BOOT-INF\lib\caffeine-2.8.6.jar;c:\Users\gilbe\.vscode\extensions\pivotal.vscode-spring-boot-1.38.0\language-server\BOOT-INF\lib\checker-qual-3.12.0.jar;c:\Users\gilbe\.vscode\extensions\pivotal.vscode-spring-boot-1.38.0\language-server\BOOT-INF\lib\classgraph-4.8.149.jar;c:\Users\gilbe\.vscode\extensions\pivotal.vscode-spring-boot-1.38.0\language-server\BOOT-INF\lib\commons-codec-1.14.jar;c:\Users\gilbe\.vscode\extensions\pivotal.vscode-spring-boot-1.38.0\language-server\BOOT-INF\lib\commons-compress-1.21.jar;c:\Users\gilbe\.vscode\extensions\pivotal.vscode-spring-boot-1.38.0\language-server\BOOT-INF\lib\commons-exec-1.3.jar;c:\Users\gilbe\.vscode\extensions\pivotal.vscode-spring-boot-1.38.0\language-server\BOOT-INF\lib\com
Launcher Type: SUN_STANDARD

[Global flags]
     intx CICompilerCount                          = 2                                         {product} {ergonomic}
     uint ConcGCThreads                            = 1                                         {product} {ergonomic}
     uint G1ConcRefinementThreads                  = 2                                         {product} {ergonomic}
   size_t G1HeapRegionSize                         = 1048576                                   {product} {ergonomic}
    uintx GCDrainStackTargetSize                   = 64                                        {product} {ergonomic}
   size_t InitialHeapSize                          = 58720256                                  {product} {ergonomic}
   size_t MarkStackSize                            = 4194304                                   {product} {ergonomic}
   size_t MaxHeapSize                              = 908066816                                 {product} {ergonomic}
   size_t MaxNewSize                               = 544210944                                 {product} {ergonomic}
   size_t MinHeapDeltaBytes                        = 1048576                                   {product} {ergonomic}
   size_t MinHeapSize                              = 8388608                                   {product} {ergonomic}
    uintx NonProfiledCodeHeapSize                  = 0                                      {pd product} {ergonomic}
     bool ProfileInterpreter                       = false                                  {pd product} {command line}
    uintx ProfiledCodeHeapSize                     = 0                                      {pd product} {ergonomic}
   size_t SoftMaxHeapSize                          = 908066816                              {manageable} {ergonomic}
     intx TieredStopAtLevel                        = 1                                         {product} {command line}
     bool UseCompressedClassPointers               = true                           {product lp64_product} {ergonomic}
     bool UseCompressedOops                        = true                           {product lp64_product} {ergonomic}
     bool UseG1GC                                  = true                                      {product} {ergonomic}
     bool UseLargePagesIndividualAllocation        = false                                  {pd product} {ergonomic}

Logging:
Log output configuration:
 #0: stdout all=warning uptime,level,tags
 #1: stderr all=off uptime,level,tags

Environment Variables:
PATH=C:\Program Files (x86)\Common Files\Oracle\Java\javapath;C:\windows\system32;C:\windows;C:\windows\System32\Wbem;C:\windows\System32\WindowsPowerShell\v1.0\;C:\windows\System32\OpenSSH\;C:\Program Files\nodejs\;C:\ProgramData\chocolatey\bin;C:\Users\gilbe\AppData\Local\Programs\Python\Python310\Scripts\;C:\Users\gilbe\AppData\Local\Programs\Python\Python310\;C:\Users\gilbe\AppData\Local\Microsoft\WindowsApps;C:\Users\gilbe\AppData\Local\Programs\Microsoft VS Code\bin;C:\Users\gilbe\AppData\Roaming\npm;C:\Program Files\Java\jdk1.8.0_311\bin;C:\Program Files\Java\jre1.8.0_341\bin;
USERNAME=gilbe
OS=Windows_NT
PROCESSOR_IDENTIFIER=AMD64 Family 23 Model 24 Stepping 1, AuthenticAMD



---------------  S Y S T E M  ---------------

OS:
 Windows 10 , 64 bit Build 19041 (10.0.19041.1806)
OS uptime: 27 days 2:26 hours

CPU: total 2 (initial active 2) (2 cores per cpu, 1 threads per core) family 23 model 24 stepping 1 microcode 0x0, cx8, cmov, fxsr, mmx, 3dnowpref, sse, sse2, sse3, ssse3, sse4a, sse4.1, sse4.2, popcnt, lzcnt, tsc, tscinvbit, avx, avx2, aes, clmul, bmi1, bmi2, adx, sha, fma, vzeroupper, clflush, clflushopt

Memory: 4k page, system-wide physical 3463M (87M free)
TotalPageFile size 14215M (AvailPageFile size 43M)
current process WorkingSet (physical memory assigned to process): 197M, peak: 213M
current process commit charge ("private bytes"): 307M, peak: 383M

vm_info: OpenJDK 64-Bit Server VM (17.0.3+7) for windows-amd64 JRE (17.0.3+7), built on Apr 19 2022 16:55:35 by "" with MS VC++ 16.7 (VS2019)

END.
