#
# There is insufficient memory for the Java Runtime Environment to continue.
# Native memory allocation (malloc) failed to allocate 32744 bytes for ChunkPool::allocate
# Possible reasons:
#   The system is out of physical RAM or swap space
#   The process is running with CompressedOops enabled, and the Java Heap may be blocking the growth of the native heap
# Possible solutions:
#   Reduce memory load on the system
#   Increase physical memory or swap space
#   Check if swap backing store is full
#   Decrease Java heap size (-Xmx/-Xms)
#   Decrease number of Java threads
#   Decrease Java thread stack sizes (-Xss)
#   Set larger code cache with -XX:ReservedCodeCacheSize=
#   JVM is running with Unscaled Compressed Oops mode in which the Java heap is
#     placed in the first 4GB address space. The Java Heap base address is the
#     maximum limit for the native heap growth. Please use -XX:HeapBaseMinAddress
#     to set the Java Heap base and to place the Java Heap above 4GB virtual address.
# This output file may be truncated or incomplete.
#
#  Out of Memory Error (arena.cpp:78), pid=19704, tid=6456
#
# JRE version: OpenJDK Runtime Environment Temurin-17.0.3+7 (17.0.3+7) (build 17.0.3+7)
# Java VM: OpenJDK 64-Bit Server VM Temurin-17.0.3+7 (17.0.3+7, mixed mode, tiered, compressed oops, compressed class ptrs, parallel gc, windows-amd64)
# No core dump will be written. Minidumps are not enabled by default on client versions of Windows
#

---------------  S U M M A R Y ------------

Command Line: --add-modules=ALL-SYSTEM --add-opens=java.base/java.util=ALL-UNNAMED --add-opens=java.base/java.lang=ALL-UNNAMED --add-opens=java.base/sun.nio.fs=ALL-UNNAMED -Declipse.application=org.eclipse.jdt.ls.core.id1 -Dosgi.bundles.defaultStartLevel=4 -Declipse.product=org.eclipse.jdt.ls.core.product -Djava.import.generatesMetadataFilesAtProjectRoot=false -Dfile.encoding=utf8 -DwatchParentProcess=false -XX:+UseParallelGC -XX:GCTimeRatio=4 -XX:AdaptiveSizePolicyWeight=90 -Dsun.zip.disableMemoryMapping=true -Xmx1G -Xms100m -javaagent:c:\Users\gilbe\.vscode\extensions\redhat.java-1.9.0-win32-x64\lombok\lombok-1.18.24.jar -XX:+HeapDumpOnOutOfMemoryError -XX:HeapDumpPath=c:\Users\gilbe\AppData\Roaming\Code\User\workspaceStorage\b5a692ee1ace31b67c9c5d4f90c76209\redhat.java c:\Users\gilbe\.vscode\extensions\redhat.java-1.9.0-win32-x64\server\plugins\org.eclipse.equinox.launcher_1.6.400.v20210924-0641.jar -configuration c:\Users\gilbe\AppData\Roaming\Code\User\globalStorage\redhat.java\1.9.0\config_win -data c:\Users\gilbe\AppData\Roaming\Code\User\workspaceStorage\b5a692ee1ace31b67c9c5d4f90c76209\redhat.java\jdt_ws

Host: AMD Athlon Silver 3050U with Radeon Graphics   , 2 cores, 3G,  Windows 10 , 64 bit Build 19041 (10.0.19041.1806)
Time: Sat Aug 13 10:45:20 2022 Central Daylight Time elapsed time: 178.908661 seconds (0d 0h 2m 58s)

---------------  T H R E A D  ---------------

Current thread (0x00000206ff020fe0):  JavaThread "C2 CompilerThread0" daemon [_thread_in_native, id=6456, stack(0x000000c1b1800000,0x000000c1b1900000)]


Current CompileTask:
C2: 178908 6207       4       org.eclipse.jdt.internal.compiler.parser.Scanner::internalScanIdentifierOrKeyword (4733 bytes)

Stack: [0x000000c1b1800000,0x000000c1b1900000]
Native frames: (J=compiled Java code, j=interpreted, Vv=VM code, C=native code)
V  [jvm.dll+0x675efa]
V  [jvm.dll+0x830a24]
V  [jvm.dll+0x8321ce]
V  [jvm.dll+0x832833]
V  [jvm.dll+0x2454b5]
V  [jvm.dll+0xabfc0]
V  [jvm.dll+0xac30c]
V  [jvm.dll+0xabe8b]
V  [jvm.dll+0x6535dc]
V  [jvm.dll+0x32eaff]
V  [jvm.dll+0x330089]
V  [jvm.dll+0x32da9a]
V  [jvm.dll+0x32d14a]
V  [jvm.dll+0x218361]
V  [jvm.dll+0x217781]
V  [jvm.dll+0x1a3ccd]
V  [jvm.dll+0x227178]
V  [jvm.dll+0x2252bc]
V  [jvm.dll+0x7e673b]
V  [jvm.dll+0x7e0cfa]
V  [jvm.dll+0x674d85]
C  [ucrtbase.dll+0x21bb2]
C  [KERNEL32.DLL+0x17034]
C  [ntdll.dll+0x52651]


---------------  P R O C E S S  ---------------

Threads class SMR info:
_java_thread_list=0x00000206820d4b80, length=28, elements={
0x00000206eb21eef0, 0x00000206feff1750, 0x00000206feff24d0, 0x00000206ff019150,
0x00000206ff019ed0, 0x00000206ff01ca60, 0x00000206ff01e330, 0x00000206ff020fe0,
0x00000206ff0229a0, 0x00000206ff0980b0, 0x00000206804b0230, 0x0000020680681ae0,
0x0000020680cbcc80, 0x0000020680aa8c30, 0x000002068077f3e0, 0x000002068097ffb0,
0x0000020680b0a580, 0x0000020680badd60, 0x0000020680bacef0, 0x0000020680bae230,
0x0000020680baf0a0, 0x0000020680bac550, 0x0000020680baca20, 0x0000020680bad890,
0x0000020680bad3c0, 0x0000020680bae700, 0x0000020680baebd0, 0x00000206809a4d70
}
_to_delete_list=0x000002068243cec0, length=29, elements={
0x00000206eb21eef0, 0x00000206feff1750, 0x00000206feff24d0, 0x00000206ff019150,
0x00000206ff019ed0, 0x00000206ff01ca60, 0x00000206ff01e330, 0x00000206ff020fe0,
0x00000206ff0229a0, 0x00000206ff0980b0, 0x00000206804b0230, 0x0000020680681ae0,
0x0000020680cbcc80, 0x0000020680aa8c30, 0x000002068077f3e0, 0x000002068097ffb0,
0x0000020680b0a580, 0x0000020680badd60, 0x0000020680bacef0, 0x0000020680bae230,
0x0000020680baf0a0, 0x0000020680bac550, 0x0000020680baca20, 0x0000020680bad890,
0x0000020680bad3c0, 0x0000020680bae700, 0x0000020680baebd0, 0x00000206809a4d70,
0x00000206809a5240
}

Java Threads: ( => current thread )
  0x00000206eb21eef0 JavaThread "main" [_thread_blocked, id=11692, stack(0x000000c1b0f00000,0x000000c1b1000000)]
  0x00000206feff1750 JavaThread "Reference Handler" daemon [_thread_blocked, id=15908, stack(0x000000c1b1200000,0x000000c1b1300000)]
  0x00000206feff24d0 JavaThread "Finalizer" daemon [_thread_blocked, id=16328, stack(0x000000c1b1300000,0x000000c1b1400000)]
  0x00000206ff019150 JavaThread "Signal Dispatcher" daemon [_thread_blocked, id=11880, stack(0x000000c1b1400000,0x000000c1b1500000)]
  0x00000206ff019ed0 JavaThread "Attach Listener" daemon [_thread_blocked, id=18112, stack(0x000000c1b1500000,0x000000c1b1600000)]
  0x00000206ff01ca60 JavaThread "Service Thread" daemon [_thread_blocked, id=17576, stack(0x000000c1b1600000,0x000000c1b1700000)]
  0x00000206ff01e330 JavaThread "Monitor Deflation Thread" daemon [_thread_blocked, id=21404, stack(0x000000c1b1700000,0x000000c1b1800000)]
=>0x00000206ff020fe0 JavaThread "C2 CompilerThread0" daemon [_thread_in_native, id=6456, stack(0x000000c1b1800000,0x000000c1b1900000)]
  0x00000206ff0229a0 JavaThread "C1 CompilerThread0" daemon [_thread_blocked, id=4292, stack(0x000000c1b1900000,0x000000c1b1a00000)]
  0x00000206ff0980b0 JavaThread "Sweeper thread" daemon [_thread_blocked, id=11660, stack(0x000000c1b1a00000,0x000000c1b1b00000)]
  0x00000206804b0230 JavaThread "Common-Cleaner" daemon [_thread_blocked, id=8128, stack(0x000000c1b1b00000,0x000000c1b1c00000)]
  0x0000020680681ae0 JavaThread "Notification Thread" daemon [_thread_blocked, id=11216, stack(0x000000c1b1c00000,0x000000c1b1d00000)]
  0x0000020680cbcc80 JavaThread "Active Thread: Equinox Container: 1e3f3ad9-a457-4844-ab65-63109a4fbaf6" [_thread_blocked, id=12620, stack(0x000000c1b1f00000,0x000000c1b2000000)]
  0x0000020680aa8c30 JavaThread "Framework Event Dispatcher: Equinox Container: 1e3f3ad9-a457-4844-ab65-63109a4fbaf6" daemon [_thread_blocked, id=20416, stack(0x000000c1b2000000,0x000000c1b2100000)]
  0x000002068077f3e0 JavaThread "Start Level: Equinox Container: 1e3f3ad9-a457-4844-ab65-63109a4fbaf6" daemon [_thread_blocked, id=18036, stack(0x000000c1b2100000,0x000000c1b2200000)]
  0x000002068097ffb0 JavaThread "SCR Component Actor" daemon [_thread_blocked, id=6988, stack(0x000000c1b2200000,0x000000c1b2300000)]
  0x0000020680b0a580 JavaThread "Bundle File Closer" daemon [_thread_blocked, id=18464, stack(0x000000c1b2400000,0x000000c1b2500000)]
  0x0000020680badd60 JavaThread "Worker-JM" [_thread_blocked, id=7592, stack(0x000000c1b2500000,0x000000c1b2600000)]
  0x0000020680bacef0 JavaThread "Worker-0: Java indexing... " [_thread_blocked, id=4880, stack(0x000000c1b2600000,0x000000c1b2700000)]
  0x0000020680bae230 JavaThread "Worker-1: Initialize workspace" [_thread_blocked, id=8720, stack(0x000000c1b2700000,0x000000c1b2800000)]
  0x0000020680baf0a0 JavaThread "Worker-2" [_thread_blocked, id=16784, stack(0x000000c1b2800000,0x000000c1b2900000)]
  0x0000020680bac550 JavaThread "Worker-3" [_thread_blocked, id=20996, stack(0x000000c1b2900000,0x000000c1b2a00000)]
  0x0000020680baca20 JavaThread "Java indexing" daemon [_thread_in_native, id=21144, stack(0x000000c1b2a00000,0x000000c1b2b00000)]
  0x0000020680bad890 JavaThread "pool-1-thread-1" [_thread_in_native, id=14396, stack(0x000000c1b2300000,0x000000c1b2400000)]
  0x0000020680bad3c0 JavaThread "Worker-4" [_thread_blocked, id=10976, stack(0x000000c1b0d00000,0x000000c1b0e00000)]
  0x0000020680bae700 JavaThread "Worker-5: Building" [_thread_in_native, id=14556, stack(0x000000c1b0e00000,0x000000c1b0f00000)]
  0x0000020680baebd0 JavaThread "Worker-6" [_thread_blocked, id=16180, stack(0x000000c1b2b00000,0x000000c1b2c00000)]
  0x00000206809a4d70 JavaThread "Thread-3" [_thread_in_Java, id=15064, stack(0x000000c1b2d00000,0x000000c1b2e00000)]

Other Threads:
  0x00000206fefd9ed0 VMThread "VM Thread" [stack: 0x000000c1b1100000,0x000000c1b1200000] [id=9416]
  0x0000020680661b80 WatcherThread [stack: 0x000000c1b1d00000,0x000000c1b1e00000] [id=20776]
  0x00000206eb234ea0 GCTaskThread "GC Thread#0" [stack: 0x000000c1b1000000,0x000000c1b1100000] [id=11092]
  0x0000020680cf3800 GCTaskThread "GC Thread#1" [stack: 0x000000c1b1e00000,0x000000c1b1f00000] [id=5368]

Threads with active compile tasks:
C2 CompilerThread0   178985 6207       4       org.eclipse.jdt.internal.compiler.parser.Scanner::internalScanIdentifierOrKeyword (4733 bytes)

VM state: not at safepoint (normal execution)

VM Mutex/Monitor currently owned by a thread: None

Heap address: 0x00000000c0000000, size: 1024 MB, Compressed Oops mode: 32-bit

CDS archive(s) not mapped
Compressed class space mapped at: 0x0000000100000000-0x0000000140000000, reserved size: 1073741824
Narrow klass base: 0x0000000000000000, Narrow klass shift: 3, Narrow klass range: 0x140000000

GC Precious Log:
 CPUs: 2 total, 2 available
 Memory: 3463M
 Large Page Support: Disabled
 NUMA Support: Disabled
 Compressed Oops: Enabled (32-bit)
 Alignments: Space 512K, Generation 512K, Heap 2M
 Heap Min Capacity: 100M
 Heap Initial Capacity: 100M
 Heap Max Capacity: 1G
 Pre-touch: Disabled
 Parallel Workers: 2

Heap:
 PSYoungGen      total 23552K, used 4538K [0x00000000eab00000, 0x00000000ec580000, 0x0000000100000000)
  eden space 22016K, 13% used [0x00000000eab00000,0x00000000eadf6940,0x00000000ec080000)
  from space 1536K, 97% used [0x00000000ec400000,0x00000000ec578010,0x00000000ec580000)
  to   space 2560K, 0% used [0x00000000ec180000,0x00000000ec180000,0x00000000ec400000)
 ParOldGen       total 68608K, used 30813K [0x00000000c0000000, 0x00000000c4300000, 0x00000000eab00000)
  object space 68608K, 44% used [0x00000000c0000000,0x00000000c1e177c8,0x00000000c4300000)
 Metaspace       used 55362K, committed 56192K, reserved 1105920K
  class space    used 5875K, committed 6272K, reserved 1048576K

Card table byte_map: [0x00000206eac10000,0x00000206eae20000] _byte_map_base: 0x00000206ea610000

Marking Bits: (ParMarkBitMap*) 0x00007ff870914b80
 Begin Bits: [0x00000206fceb0000, 0x00000206fdeb0000)
 End Bits:   [0x00000206fdeb0000, 0x00000206feeb0000)

Polling page: 0x00000206eaa00000

Metaspace:

Usage:
  Non-class:     48.33 MB used.
      Class:      5.74 MB used.
       Both:     54.06 MB used.

Virtual space:
  Non-class space:       56.00 MB reserved,      48.75 MB ( 87%) committed,  7 nodes.
      Class space:        1.00 GB reserved,       6.12 MB ( <1%) committed,  1 nodes.
             Both:        1.05 GB reserved,      54.88 MB (  5%) committed. 

Chunk freelists:
   Non-Class:  3.12 MB
       Class:  1.77 MB
        Both:  4.89 MB

MaxMetaspaceSize: unlimited
CompressedClassSpaceSize: 1.00 GB
Initial GC threshold: 21.00 MB
Current GC threshold: 58.38 MB
CDS: off
MetaspaceReclaimPolicy: balanced
 - commit_granule_bytes: 65536.
 - commit_granule_words: 8192.
 - virtual_space_node_default_size: 1048576.
 - enlarge_chunks_in_place: 1.
 - new_chunks_are_fully_committed: 0.
 - uncommit_free_chunks: 1.
 - use_allocation_guard: 0.
 - handle_deallocations: 1.


Internal statistics:

num_allocs_failed_limit: 6.
num_arena_births: 376.
num_arena_deaths: 14.
num_vsnodes_births: 8.
num_vsnodes_deaths: 0.
num_space_committed: 878.
num_space_uncommitted: 0.
num_chunks_returned_to_freelist: 20.
num_chunks_taken_from_freelist: 2347.
num_chunk_merges: 7.
num_chunk_splits: 1555.
num_chunks_enlarged: 1036.
num_purges: 2.
num_inconsistent_stats: 0.

CodeHeap 'non-profiled nmethods': size=120064Kb used=3274Kb max_used=3274Kb free=116789Kb
 bounds [0x00000206f5970000, 0x00000206f5cb0000, 0x00000206fceb0000]
CodeHeap 'profiled nmethods': size=120000Kb used=11563Kb max_used=11563Kb free=108436Kb
 bounds [0x00000206ee440000, 0x00000206eef90000, 0x00000206f5970000]
CodeHeap 'non-nmethods': size=5696Kb used=1315Kb max_used=1351Kb free=4380Kb
 bounds [0x00000206edeb0000, 0x00000206ee120000, 0x00000206ee440000]
 total_blobs=6026 nmethods=5376 adapters=564
 compilation: enabled
              stopped_count=0, restarted_count=0
 full_count=0

Compilation events (20 events):
Event: 178.756 Thread 0x00000206ff020fe0 nmethod 6197 0x00000206f5c9f990 code [0x00000206f5c9fb40, 0x00000206f5c9ff38]
Event: 178.756 Thread 0x00000206ff020fe0 6198       4       jdk.internal.jimage.BasicImageReader::getLocationIndex (52 bytes)
Event: 178.767 Thread 0x00000206ff020fe0 nmethod 6198 0x00000206f5ca0310 code [0x00000206f5ca0500, 0x00000206f5ca0e30]
Event: 178.792 Thread 0x00000206ff0229a0 6199       1       org.eclipse.jdt.internal.compiler.classfmt.ModuleInfo$PackageExportInfo::targets (5 bytes)
Event: 178.792 Thread 0x00000206ff0229a0 nmethod 6199 0x00000206f5ca1710 code [0x00000206f5ca18a0, 0x00000206f5ca1978]
Event: 178.793 Thread 0x00000206ff0229a0 6200       3       org.eclipse.jdt.internal.core.JavaProject$$Lambda$290/0x000000010061e9d8::apply (13 bytes)
Event: 178.793 Thread 0x00000206ff0229a0 nmethod 6200 0x00000206eef86610 code [0x00000206eef867c0, 0x00000206eef86b88]
Event: 178.793 Thread 0x00000206ff0229a0 6201       1       org.eclipse.jdt.internal.core.OpenableElementInfo::getModule (5 bytes)
Event: 178.793 Thread 0x00000206ff0229a0 nmethod 6201 0x00000206f5ca1a10 code [0x00000206f5ca1ba0, 0x00000206f5ca1c78]
Event: 178.793 Thread 0x00000206ff0229a0 6202       1       org.eclipse.jdt.internal.core.JrtPackageFragmentRoot::isComplianceJava9OrHigher (2 bytes)
Event: 178.793 Thread 0x00000206ff0229a0 nmethod 6202 0x00000206f5ca1d10 code [0x00000206f5ca1ea0, 0x00000206f5ca1f78]
Event: 178.793 Thread 0x00000206ff0229a0 6203       1       org.eclipse.jdt.internal.compiler.classfmt.ModuleInfo::exports (5 bytes)
Event: 178.793 Thread 0x00000206ff0229a0 nmethod 6203 0x00000206f5ca2010 code [0x00000206f5ca21a0, 0x00000206f5ca2278]
Event: 178.793 Thread 0x00000206ff0229a0 6204       1       org.eclipse.jdt.internal.compiler.classfmt.ModuleInfo::requires (5 bytes)
Event: 178.794 Thread 0x00000206ff0229a0 nmethod 6204 0x00000206f5ca2310 code [0x00000206f5ca24a0, 0x00000206f5ca2578]
Event: 178.794 Thread 0x00000206ff020fe0 6205       4       java.lang.StringBuilder::length (5 bytes)
Event: 178.794 Thread 0x00000206ff0229a0 6206   !   3       org.eclipse.jdt.internal.core.JavaProject$ModuleLookup::getModule (102 bytes)
Event: 178.795 Thread 0x00000206ff020fe0 nmethod 6205 0x00000206f5ca2610 code [0x00000206f5ca2780, 0x00000206f5ca27f8]
Event: 178.796 Thread 0x00000206ff0229a0 nmethod 6206 0x00000206eef86c90 code [0x00000206eef86fa0, 0x00000206eef882d8]
Event: 178.826 Thread 0x00000206ff020fe0 6207       4       org.eclipse.jdt.internal.compiler.parser.Scanner::internalScanIdentifierOrKeyword (4733 bytes)

GC Heap History (20 events):
Event: 91.537 GC heap before
{Heap before GC invocations=15 (full 2):
 PSYoungGen      total 22528K, used 22519K [0x00000000eab00000, 0x00000000ec680000, 0x0000000100000000)
  eden space 22016K, 100% used [0x00000000eab00000,0x00000000ec080000,0x00000000ec080000)
  from space 512K, 98% used [0x00000000ec580000,0x00000000ec5fdca8,0x00000000ec600000)
  to   space 3072K, 0% used [0x00000000ec080000,0x00000000ec080000,0x00000000ec380000)
 ParOldGen       total 68608K, used 16555K [0x00000000c0000000, 0x00000000c4300000, 0x00000000eab00000)
  object space 68608K, 24% used [0x00000000c0000000,0x00000000c102ad28,0x00000000c4300000)
 Metaspace       used 45370K, committed 46080K, reserved 1097728K
  class space    used 4871K, committed 5184K, reserved 1048576K
}
Event: 91.561 GC heap after
{Heap after GC invocations=15 (full 2):
 PSYoungGen      total 25088K, used 3052K [0x00000000eab00000, 0x00000000ec980000, 0x0000000100000000)
  eden space 22016K, 0% used [0x00000000eab00000,0x00000000eab00000,0x00000000ec080000)
  from space 3072K, 99% used [0x00000000ec080000,0x00000000ec37b060,0x00000000ec380000)
  to   space 4608K, 0% used [0x00000000ec500000,0x00000000ec500000,0x00000000ec980000)
 ParOldGen       total 68608K, used 17594K [0x00000000c0000000, 0x00000000c4300000, 0x00000000eab00000)
  object space 68608K, 25% used [0x00000000c0000000,0x00000000c112e9b0,0x00000000c4300000)
 Metaspace       used 45370K, committed 46080K, reserved 1097728K
  class space    used 4871K, committed 5184K, reserved 1048576K
}
Event: 104.124 GC heap before
{Heap before GC invocations=16 (full 2):
 PSYoungGen      total 25088K, used 25068K [0x00000000eab00000, 0x00000000ec980000, 0x0000000100000000)
  eden space 22016K, 100% used [0x00000000eab00000,0x00000000ec080000,0x00000000ec080000)
  from space 3072K, 99% used [0x00000000ec080000,0x00000000ec37b060,0x00000000ec380000)
  to   space 4608K, 0% used [0x00000000ec500000,0x00000000ec500000,0x00000000ec980000)
 ParOldGen       total 68608K, used 17594K [0x00000000c0000000, 0x00000000c4300000, 0x00000000eab00000)
  object space 68608K, 25% used [0x00000000c0000000,0x00000000c112e9b0,0x00000000c4300000)
 Metaspace       used 46476K, committed 47296K, reserved 1097728K
  class space    used 4973K, committed 5376K, reserved 1048576K
}
Event: 104.188 GC heap after
{Heap after GC invocations=16 (full 2):
 PSYoungGen      total 25600K, used 3399K [0x00000000eab00000, 0x00000000ec880000, 0x0000000100000000)
  eden space 22016K, 0% used [0x00000000eab00000,0x00000000eab00000,0x00000000ec080000)
  from space 3584K, 94% used [0x00000000ec500000,0x00000000ec851d90,0x00000000ec880000)
  to   space 4096K, 0% used [0x00000000ec080000,0x00000000ec080000,0x00000000ec480000)
 ParOldGen       total 68608K, used 18350K [0x00000000c0000000, 0x00000000c4300000, 0x00000000eab00000)
  object space 68608K, 26% used [0x00000000c0000000,0x00000000c11eba58,0x00000000c4300000)
 Metaspace       used 46476K, committed 47296K, reserved 1097728K
  class space    used 4973K, committed 5376K, reserved 1048576K
}
Event: 118.144 GC heap before
{Heap before GC invocations=17 (full 2):
 PSYoungGen      total 25600K, used 25415K [0x00000000eab00000, 0x00000000ec880000, 0x0000000100000000)
  eden space 22016K, 100% used [0x00000000eab00000,0x00000000ec080000,0x00000000ec080000)
  from space 3584K, 94% used [0x00000000ec500000,0x00000000ec851d90,0x00000000ec880000)
  to   space 4096K, 0% used [0x00000000ec080000,0x00000000ec080000,0x00000000ec480000)
 ParOldGen       total 68608K, used 18350K [0x00000000c0000000, 0x00000000c4300000, 0x00000000eab00000)
  object space 68608K, 26% used [0x00000000c0000000,0x00000000c11eba58,0x00000000c4300000)
 Metaspace       used 49550K, committed 50368K, reserved 1097728K
  class space    used 5325K, committed 5696K, reserved 1048576K
}
Event: 118.176 GC heap after
{Heap after GC invocations=17 (full 2):
 PSYoungGen      total 23040K, used 711K [0x00000000eab00000, 0x00000000ec580000, 0x0000000100000000)
  eden space 22016K, 0% used [0x00000000eab00000,0x00000000eab00000,0x00000000ec080000)
  from space 1024K, 69% used [0x00000000ec080000,0x00000000ec131c30,0x00000000ec180000)
  to   space 2048K, 0% used [0x00000000ec380000,0x00000000ec380000,0x00000000ec580000)
 ParOldGen       total 68608K, used 19303K [0x00000000c0000000, 0x00000000c4300000, 0x00000000eab00000)
  object space 68608K, 28% used [0x00000000c0000000,0x00000000c12d9ca8,0x00000000c4300000)
 Metaspace       used 49550K, committed 50368K, reserved 1097728K
  class space    used 5325K, committed 5696K, reserved 1048576K
}
Event: 123.308 GC heap before
{Heap before GC invocations=18 (full 2):
 PSYoungGen      total 23040K, used 22727K [0x00000000eab00000, 0x00000000ec580000, 0x0000000100000000)
  eden space 22016K, 100% used [0x00000000eab00000,0x00000000ec080000,0x00000000ec080000)
  from space 1024K, 69% used [0x00000000ec080000,0x00000000ec131c30,0x00000000ec180000)
  to   space 2048K, 0% used [0x00000000ec380000,0x00000000ec380000,0x00000000ec580000)
 ParOldGen       total 68608K, used 19303K [0x00000000c0000000, 0x00000000c4300000, 0x00000000eab00000)
  object space 68608K, 28% used [0x00000000c0000000,0x00000000c12d9ca8,0x00000000c4300000)
 Metaspace       used 50744K, committed 51584K, reserved 1097728K
  class space    used 5461K, committed 5824K, reserved 1048576K
}
Event: 123.312 GC heap after
{Heap after GC invocations=18 (full 2):
 PSYoungGen      total 22528K, used 288K [0x00000000eab00000, 0x00000000ec400000, 0x0000000100000000)
  eden space 22016K, 0% used [0x00000000eab00000,0x00000000eab00000,0x00000000ec080000)
  from space 512K, 56% used [0x00000000ec380000,0x00000000ec3c8000,0x00000000ec400000)
  to   space 1024K, 0% used [0x00000000ec200000,0x00000000ec200000,0x00000000ec300000)
 ParOldGen       total 68608K, used 19992K [0x00000000c0000000, 0x00000000c4300000, 0x00000000eab00000)
  object space 68608K, 29% used [0x00000000c0000000,0x00000000c13861b8,0x00000000c4300000)
 Metaspace       used 50744K, committed 51584K, reserved 1097728K
  class space    used 5461K, committed 5824K, reserved 1048576K
}
Event: 124.693 GC heap before
{Heap before GC invocations=19 (full 2):
 PSYoungGen      total 22528K, used 22236K [0x00000000eab00000, 0x00000000ec400000, 0x0000000100000000)
  eden space 22016K, 99% used [0x00000000eab00000,0x00000000ec06f3c8,0x00000000ec080000)
  from space 512K, 56% used [0x00000000ec380000,0x00000000ec3c8000,0x00000000ec400000)
  to   space 1024K, 0% used [0x00000000ec200000,0x00000000ec200000,0x00000000ec300000)
 ParOldGen       total 68608K, used 19992K [0x00000000c0000000, 0x00000000c4300000, 0x00000000eab00000)
  object space 68608K, 29% used [0x00000000c0000000,0x00000000c13861b8,0x00000000c4300000)
 Metaspace       used 51295K, committed 52096K, reserved 1097728K
  class space    used 5497K, committed 5888K, reserved 1048576K
}
Event: 124.705 GC heap after
{Heap after GC invocations=19 (full 2):
 PSYoungGen      total 23040K, used 1010K [0x00000000eab00000, 0x00000000ec480000, 0x0000000100000000)
  eden space 22016K, 0% used [0x00000000eab00000,0x00000000eab00000,0x00000000ec080000)
  from space 1024K, 98% used [0x00000000ec200000,0x00000000ec2fcb50,0x00000000ec300000)
  to   space 1536K, 0% used [0x00000000ec300000,0x00000000ec300000,0x00000000ec480000)
 ParOldGen       total 68608K, used 20654K [0x00000000c0000000, 0x00000000c4300000, 0x00000000eab00000)
  object space 68608K, 30% used [0x00000000c0000000,0x00000000c142b9d0,0x00000000c4300000)
 Metaspace       used 51295K, committed 52096K, reserved 1097728K
  class space    used 5497K, committed 5888K, reserved 1048576K
}
Event: 136.140 GC heap before
{Heap before GC invocations=20 (full 2):
 PSYoungGen      total 23040K, used 23026K [0x00000000eab00000, 0x00000000ec480000, 0x0000000100000000)
  eden space 22016K, 100% used [0x00000000eab00000,0x00000000ec080000,0x00000000ec080000)
  from space 1024K, 98% used [0x00000000ec200000,0x00000000ec2fcb50,0x00000000ec300000)
  to   space 1536K, 0% used [0x00000000ec300000,0x00000000ec300000,0x00000000ec480000)
 ParOldGen       total 68608K, used 20654K [0x00000000c0000000, 0x00000000c4300000, 0x00000000eab00000)
  object space 68608K, 30% used [0x00000000c0000000,0x00000000c142b9d0,0x00000000c4300000)
 Metaspace       used 52576K, committed 53376K, reserved 1097728K
  class space    used 5613K, committed 6016K, reserved 1048576K
}
Event: 136.166 GC heap after
{Heap after GC invocations=20 (full 2):
 PSYoungGen      total 23040K, used 590K [0x00000000eab00000, 0x00000000ec400000, 0x0000000100000000)
  eden space 22016K, 0% used [0x00000000eab00000,0x00000000eab00000,0x00000000ec080000)
  from space 1024K, 57% used [0x00000000ec300000,0x00000000ec393a90,0x00000000ec400000)
  to   space 1024K, 0% used [0x00000000ec200000,0x00000000ec200000,0x00000000ec300000)
 ParOldGen       total 68608K, used 23030K [0x00000000c0000000, 0x00000000c4300000, 0x00000000eab00000)
  object space 68608K, 33% used [0x00000000c0000000,0x00000000c167db40,0x00000000c4300000)
 Metaspace       used 52576K, committed 53376K, reserved 1097728K
  class space    used 5613K, committed 6016K, reserved 1048576K
}
Event: 164.930 GC heap before
{Heap before GC invocations=21 (full 2):
 PSYoungGen      total 23040K, used 22606K [0x00000000eab00000, 0x00000000ec400000, 0x0000000100000000)
  eden space 22016K, 100% used [0x00000000eab00000,0x00000000ec080000,0x00000000ec080000)
  from space 1024K, 57% used [0x00000000ec300000,0x00000000ec393a90,0x00000000ec400000)
  to   space 1024K, 0% used [0x00000000ec200000,0x00000000ec200000,0x00000000ec300000)
 ParOldGen       total 68608K, used 23030K [0x00000000c0000000, 0x00000000c4300000, 0x00000000eab00000)
  object space 68608K, 33% used [0x00000000c0000000,0x00000000c167db40,0x00000000c4300000)
 Metaspace       used 54643K, committed 55552K, reserved 1105920K
  class space    used 5810K, committed 6208K, reserved 1048576K
}
Event: 165.102 GC heap after
{Heap after GC invocations=21 (full 2):
 PSYoungGen      total 23040K, used 1012K [0x00000000eab00000, 0x00000000ec880000, 0x0000000100000000)
  eden space 22016K, 0% used [0x00000000eab00000,0x00000000eab00000,0x00000000ec080000)
  from space 1024K, 98% used [0x00000000ec200000,0x00000000ec2fd258,0x00000000ec300000)
  to   space 4096K, 0% used [0x00000000ec480000,0x00000000ec480000,0x00000000ec880000)
 ParOldGen       total 68608K, used 25328K [0x00000000c0000000, 0x00000000c4300000, 0x00000000eab00000)
  object space 68608K, 36% used [0x00000000c0000000,0x00000000c18bc308,0x00000000c4300000)
 Metaspace       used 54643K, committed 55552K, reserved 1105920K
  class space    used 5810K, committed 6208K, reserved 1048576K
}
Event: 175.328 GC heap before
{Heap before GC invocations=22 (full 2):
 PSYoungGen      total 23040K, used 23028K [0x00000000eab00000, 0x00000000ec880000, 0x0000000100000000)
  eden space 22016K, 100% used [0x00000000eab00000,0x00000000ec080000,0x00000000ec080000)
  from space 1024K, 98% used [0x00000000ec200000,0x00000000ec2fd258,0x00000000ec300000)
  to   space 4096K, 0% used [0x00000000ec480000,0x00000000ec480000,0x00000000ec880000)
 ParOldGen       total 68608K, used 25328K [0x00000000c0000000, 0x00000000c4300000, 0x00000000eab00000)
  object space 68608K, 36% used [0x00000000c0000000,0x00000000c18bc308,0x00000000c4300000)
 Metaspace       used 54866K, committed 55808K, reserved 1105920K
  class space    used 5842K, committed 6272K, reserved 1048576K
}
Event: 175.344 GC heap after
{Heap after GC invocations=22 (full 2):
 PSYoungGen      total 24064K, used 1984K [0x00000000eab00000, 0x00000000ec680000, 0x0000000100000000)
  eden space 22016K, 0% used [0x00000000eab00000,0x00000000eab00000,0x00000000ec080000)
  from space 2048K, 96% used [0x00000000ec480000,0x00000000ec670020,0x00000000ec680000)
  to   space 2560K, 0% used [0x00000000ec180000,0x00000000ec180000,0x00000000ec400000)
 ParOldGen       total 68608K, used 26345K [0x00000000c0000000, 0x00000000c4300000, 0x00000000eab00000)
  object space 68608K, 38% used [0x00000000c0000000,0x00000000c19ba698,0x00000000c4300000)
 Metaspace       used 54866K, committed 55808K, reserved 1105920K
  class space    used 5842K, committed 6272K, reserved 1048576K
}
Event: 176.574 GC heap before
{Heap before GC invocations=23 (full 2):
 PSYoungGen      total 24064K, used 24000K [0x00000000eab00000, 0x00000000ec680000, 0x0000000100000000)
  eden space 22016K, 100% used [0x00000000eab00000,0x00000000ec080000,0x00000000ec080000)
  from space 2048K, 96% used [0x00000000ec480000,0x00000000ec670020,0x00000000ec680000)
  to   space 2560K, 0% used [0x00000000ec180000,0x00000000ec180000,0x00000000ec400000)
 ParOldGen       total 68608K, used 26345K [0x00000000c0000000, 0x00000000c4300000, 0x00000000eab00000)
  object space 68608K, 38% used [0x00000000c0000000,0x00000000c19ba698,0x00000000c4300000)
 Metaspace       used 54890K, committed 55808K, reserved 1105920K
  class space    used 5842K, committed 6272K, reserved 1048576K
}
Event: 176.593 GC heap after
{Heap after GC invocations=23 (full 2):
 PSYoungGen      total 24576K, used 2144K [0x00000000eab00000, 0x00000000ec580000, 0x0000000100000000)
  eden space 22016K, 0% used [0x00000000eab00000,0x00000000eab00000,0x00000000ec080000)
  from space 2560K, 83% used [0x00000000ec180000,0x00000000ec398000,0x00000000ec400000)
  to   space 1536K, 0% used [0x00000000ec400000,0x00000000ec400000,0x00000000ec580000)
 ParOldGen       total 68608K, used 28297K [0x00000000c0000000, 0x00000000c4300000, 0x00000000eab00000)
  object space 68608K, 41% used [0x00000000c0000000,0x00000000c1ba26b8,0x00000000c4300000)
 Metaspace       used 54890K, committed 55808K, reserved 1105920K
  class space    used 5842K, committed 6272K, reserved 1048576K
}
Event: 178.805 GC heap before
{Heap before GC invocations=24 (full 2):
 PSYoungGen      total 24576K, used 24160K [0x00000000eab00000, 0x00000000ec580000, 0x0000000100000000)
  eden space 22016K, 100% used [0x00000000eab00000,0x00000000ec080000,0x00000000ec080000)
  from space 2560K, 83% used [0x00000000ec180000,0x00000000ec398000,0x00000000ec400000)
  to   space 1536K, 0% used [0x00000000ec400000,0x00000000ec400000,0x00000000ec580000)
 ParOldGen       total 68608K, used 28297K [0x00000000c0000000, 0x00000000c4300000, 0x00000000eab00000)
  object space 68608K, 41% used [0x00000000c0000000,0x00000000c1ba26b8,0x00000000c4300000)
 Metaspace       used 55348K, committed 56192K, reserved 1105920K
  class space    used 5874K, committed 6272K, reserved 1048576K
}
Event: 178.817 GC heap after
{Heap after GC invocations=24 (full 2):
 PSYoungGen      total 23552K, used 1504K [0x00000000eab00000, 0x00000000ec580000, 0x0000000100000000)
  eden space 22016K, 0% used [0x00000000eab00000,0x00000000eab00000,0x00000000ec080000)
  from space 1536K, 97% used [0x00000000ec400000,0x00000000ec578010,0x00000000ec580000)
  to   space 2560K, 0% used [0x00000000ec180000,0x00000000ec180000,0x00000000ec400000)
 ParOldGen       total 68608K, used 30813K [0x00000000c0000000, 0x00000000c4300000, 0x00000000eab00000)
  object space 68608K, 44% used [0x00000000c0000000,0x00000000c1e177c8,0x00000000c4300000)
 Metaspace       used 55348K, committed 56192K, reserved 1105920K
  class space    used 5874K, committed 6272K, reserved 1048576K
}

Deoptimization events (20 events):
Event: 165.361 Thread 0x0000020680bae700 Uncommon trap: trap_request=0xffffff45 fr.pc=0x00000206f5c3a258 relative=0x0000000000000138
Event: 165.361 Thread 0x0000020680bae700 Uncommon trap: reason=unstable_if action=reinterpret pc=0x00000206f5c3a258 method=jdk.internal.jrtfs.JrtPath.normalize(Ljava/lang/String;)Ljava/lang/String; @ 78 c2
Event: 165.361 Thread 0x0000020680bae700 DEOPT PACKING pc=0x00000206f5c3a258 sp=0x000000c1b0efda00
Event: 165.361 Thread 0x0000020680bae700 DEOPT UNPACKING pc=0x00000206edf020a3 sp=0x000000c1b0efd980 mode 2
Event: 167.331 Thread 0x0000020680bae700 Uncommon trap: trap_request=0xffffff45 fr.pc=0x00000206f5c43298 relative=0x0000000000004fd8
Event: 167.331 Thread 0x0000020680bae700 Uncommon trap: reason=unstable_if action=reinterpret pc=0x00000206f5c43298 method=org.eclipse.jdt.internal.core.util.WeakHashSet.add(Ljava/lang/Object;)Ljava/lang/Object; @ 46 c2
Event: 167.331 Thread 0x0000020680bae700 DEOPT PACKING pc=0x00000206f5c43298 sp=0x000000c1b0efd960
Event: 167.332 Thread 0x0000020680bae700 DEOPT UNPACKING pc=0x00000206edf020a3 sp=0x000000c1b0efd800 mode 2
Event: 168.678 Thread 0x0000020680baca20 DEOPT PACKING pc=0x00000206eed01a39 sp=0x000000c1b2afec40
Event: 168.678 Thread 0x0000020680baca20 DEOPT UNPACKING pc=0x00000206edf02843 sp=0x000000c1b2afe038 mode 0
Event: 175.350 Thread 0x0000020680baca20 DEOPT PACKING pc=0x00000206eea1fcc8 sp=0x000000c1b2afebd0
Event: 175.350 Thread 0x0000020680baca20 DEOPT UNPACKING pc=0x00000206edf02843 sp=0x000000c1b2afe018 mode 0
Event: 175.355 Thread 0x0000020680baca20 DEOPT PACKING pc=0x00000206eeb29715 sp=0x000000c1b2afeba0
Event: 175.355 Thread 0x0000020680baca20 DEOPT UNPACKING pc=0x00000206edf02843 sp=0x000000c1b2afdf58 mode 0
Event: 175.358 Thread 0x0000020680baca20 DEOPT PACKING pc=0x00000206eed04438 sp=0x000000c1b2afed40
Event: 175.359 Thread 0x0000020680baca20 DEOPT UNPACKING pc=0x00000206edf02843 sp=0x000000c1b2afe1d8 mode 0
Event: 175.362 Thread 0x0000020680baca20 DEOPT PACKING pc=0x00000206ee5332cd sp=0x000000c1b2afebe0
Event: 175.362 Thread 0x0000020680baca20 DEOPT UNPACKING pc=0x00000206edf02843 sp=0x000000c1b2afdff8 mode 0
Event: 175.380 Thread 0x0000020680baca20 DEOPT PACKING pc=0x00000206eea58299 sp=0x000000c1b2afed90
Event: 175.380 Thread 0x0000020680baca20 DEOPT UNPACKING pc=0x00000206edf02843 sp=0x000000c1b2afe1e8 mode 0

Classes unloaded (7 events):
Event: 24.585 Thread 0x00000206fefd9ed0 Unloading class 0x0000000100218800 'java/lang/invoke/LambdaForm$MH+0x0000000100218800'
Event: 24.585 Thread 0x00000206fefd9ed0 Unloading class 0x0000000100218400 'java/lang/invoke/LambdaForm$MH+0x0000000100218400'
Event: 24.585 Thread 0x00000206fefd9ed0 Unloading class 0x0000000100218000 'java/lang/invoke/LambdaForm$MH+0x0000000100218000'
Event: 24.585 Thread 0x00000206fefd9ed0 Unloading class 0x0000000100217800 'java/lang/invoke/LambdaForm$MH+0x0000000100217800'
Event: 24.585 Thread 0x00000206fefd9ed0 Unloading class 0x0000000100217400 'java/lang/invoke/LambdaForm$BMH+0x0000000100217400'
Event: 24.585 Thread 0x00000206fefd9ed0 Unloading class 0x0000000100217000 'java/lang/invoke/LambdaForm$DMH+0x0000000100217000'
Event: 24.585 Thread 0x00000206fefd9ed0 Unloading class 0x0000000100214400 'java/lang/invoke/LambdaForm$DMH+0x0000000100214400'

Classes redefined (0 events):
No events

Internal exceptions (20 events):
Event: 97.619 Thread 0x0000020680bac550 Exception <a 'java/lang/NoSuchMethodError'{0x00000000ebda5a00}: 'java.lang.Object java.lang.invoke.DirectMethodHandle$Holder.newInvokeSpecial(java.lang.Object, java.lang.Object, java.lang.Object, int, java.lang.Object)'> (0x00000000ebda5a00) 
thrown [e:\jenkins\tmp\workspace\build\src\src\hotspot\share\interpreter\linkResolver.cpp, line 766]
Event: 97.620 Thread 0x0000020680bac550 Exception <a 'java/lang/NoSuchMethodError'{0x00000000ebda9bb0}: 'java.lang.Object java.lang.invoke.DirectMethodHandle$Holder.invokeSpecial(java.lang.Object, java.lang.Object, java.lang.Object, java.lang.Object, int, java.lang.Object)'> (0x00000000ebda9bb0) 
thrown [e:\jenkins\tmp\workspace\build\src\src\hotspot\share\interpreter\linkResolver.cpp, line 766]
Event: 97.973 Thread 0x0000020680bac550 Exception <a 'sun/nio/fs/WindowsException'{0x00000000ebde8d18}> (0x00000000ebde8d18) 
thrown [e:\jenkins\tmp\workspace\build\src\src\hotspot\share\prims\jni.cpp, line 516]
Event: 97.993 Thread 0x0000020680bac550 Exception <a 'sun/nio/fs/WindowsException'{0x00000000ebdee1b0}> (0x00000000ebdee1b0) 
thrown [e:\jenkins\tmp\workspace\build\src\src\hotspot\share\prims\jni.cpp, line 516]
Event: 98.239 Thread 0x0000020680baf0a0 Exception <a 'java/lang/NoSuchMethodError'{0x00000000eaffcce0}: 'int java.lang.invoke.DirectMethodHandle$Holder.invokeVirtual(java.lang.Object, java.lang.Object)'> (0x00000000eaffcce0) 
thrown [e:\jenkins\tmp\workspace\build\src\src\hotspot\share\interpreter\linkResolver.cpp, line 766]
Event: 99.725 Thread 0x0000020680bac550 Exception <a 'sun/nio/fs/WindowsException'{0x00000000ebe7ead8}> (0x00000000ebe7ead8) 
thrown [e:\jenkins\tmp\workspace\build\src\src\hotspot\share\prims\jni.cpp, line 516]
Event: 100.775 Thread 0x0000020680bac550 Exception <a 'sun/nio/fs/WindowsException'{0x00000000ebe969c0}> (0x00000000ebe969c0) 
thrown [e:\jenkins\tmp\workspace\build\src\src\hotspot\share\prims\jni.cpp, line 516]
Event: 102.785 Thread 0x0000020680bad890 Exception <a 'sun/nio/fs/WindowsException'{0x00000000ebfd4430}> (0x00000000ebfd4430) 
thrown [e:\jenkins\tmp\workspace\build\src\src\hotspot\share\prims\jni.cpp, line 516]
Event: 103.771 Thread 0x0000020680bad890 Exception <a 'java/lang/NoSuchMethodError'{0x00000000ec060990}: 'java.lang.Object java.lang.invoke.DirectMethodHandle$Holder.invokeInterface(java.lang.Object, java.lang.Object, java.lang.Object)'> (0x00000000ec060990) 
thrown [e:\jenkins\tmp\workspace\build\src\src\hotspot\share\interpreter\linkResolver.cpp, line 766]
Event: 104.979 Thread 0x0000020680bac550 Exception <a 'java/lang/NoSuchMethodError'{0x00000000eac0b0b0}: 'java.lang.Object java.lang.invoke.DirectMethodHandle$Holder.newInvokeSpecial(java.lang.Object, java.lang.Object, java.lang.Object, java.lang.Object, java.lang.Object, java.lang.Object, java.lang.Object, java.lang.Object)'> (0x00000000eac0b0b0) 
thrown [e:\jenkins\tmp\workspace\build\src\src\hotspot\share\interpreter\linkResolver.cpp, line 766]
Event: 104.991 Thread 0x0000020680bac550 Exception <a 'java/lang/NoSuchMethodError'{0x00000000eac10178}: 'java.lang.Object java.lang.invoke.DirectMethodHandle$Holder.invokeSpecial(java.lang.Object, java.lang.Object, java.lang.Object, java.lang.Object, java.lang.Object, java.lang.Object, java.lang.Object, java.lang.Object, java.lang.Object)'> (0x00000000eac10178) 
thrown [e:\jenkins\tmp\workspace\build\src\src\hotspot\share\interpreter\linkResolver.cpp, line 766]
Event: 104.992 Thread 0x0000020680bac550 Exception <a 'java/lang/NoSuchMethodError'{0x00000000eac14b58}: 'java.lang.Object java.lang.invoke.Invokers$Holder.linkToTargetMethod(java.lang.Object, java.lang.Object, java.lang.Object, java.lang.Object, java.lang.Object, java.lang.Object, java.lang.Object, java.lang.Object)'> (0x00000000eac14b58) 
thrown [e:\jenkins\tmp\workspace\build\src\src\hotspot\share\interpreter\linkResolver.cpp, line 766]
Event: 125.443 Thread 0x0000020680baca20 Exception <a 'sun/nio/fs/WindowsException'{0x00000000eb90c778}> (0x00000000eb90c778) 
thrown [e:\jenkins\tmp\workspace\build\src\src\hotspot\share\prims\jni.cpp, line 516]
Event: 138.114 Thread 0x0000020680bae700 Exception <a 'java/lang/NoSuchMethodError'{0x00000000eaf4f220}: 'int java.lang.invoke.DirectMethodHandle$Holder.invokeStatic(java.lang.Object)'> (0x00000000eaf4f220) 
thrown [e:\jenkins\tmp\workspace\build\src\src\hotspot\share\interpreter\linkResolver.cpp, line 766]
Event: 138.646 Thread 0x0000020680bae700 Exception <a 'java/io/FileNotFoundException'{0x00000000eafd1f90}> (0x00000000eafd1f90) 
thrown [e:\jenkins\tmp\workspace\build\src\src\hotspot\share\prims\jni.cpp, line 516]
Event: 138.656 Thread 0x0000020680bae700 Exception <a 'java/io/FileNotFoundException'{0x00000000eafd3d38}> (0x00000000eafd3d38) 
thrown [e:\jenkins\tmp\workspace\build\src\src\hotspot\share\prims\jni.cpp, line 516]
Event: 138.672 Thread 0x0000020680bae700 Exception <a 'java/io/FileNotFoundException'{0x00000000eafd54e8}> (0x00000000eafd54e8) 
thrown [e:\jenkins\tmp\workspace\build\src\src\hotspot\share\prims\jni.cpp, line 516]
Event: 145.048 Thread 0x0000020680baf570 Exception <a 'java/lang/NoSuchMethodError'{0x00000000eb4afb88}: 'java.lang.Object java.lang.invoke.DirectMethodHandle$Holder.invokeStatic(java.lang.Object, int, java.lang.Object)'> (0x00000000eb4afb88) 
thrown [e:\jenkins\tmp\workspace\build\src\src\hotspot\share\interpreter\linkResolver.cpp, line 766]
Event: 145.113 Thread 0x0000020680baf570 Exception <a 'java/lang/ClassNotFoundException'{0x00000000eb4f8350}: sun/util/logging/resources/spi/loggingProvider> (0x00000000eb4f8350) 
thrown [e:\jenkins\tmp\workspace\build\src\src\hotspot\share\classfile\systemDictionary.cpp, line 256]
Event: 157.864 Thread 0x0000020680bae700 Exception <a 'java/lang/NoSuchMethodError'{0x00000000ebae2a70}: 'java.lang.Object java.lang.invoke.Invokers$Holder.invoke_MT(java.lang.Object, java.lang.Object, java.lang.Object)'> (0x00000000ebae2a70) 
thrown [e:\jenkins\tmp\workspace\build\src\src\hotspot\share\interpreter\linkResolver.cpp, line 766]

VM Operations (20 events):
Event: 164.168 Executing VM operation: Cleanup
Event: 164.509 Executing VM operation: Cleanup done
Event: 164.929 Executing VM operation: ParallelGCFailedAllocation
Event: 165.102 Executing VM operation: ParallelGCFailedAllocation done
Event: 165.251 Executing VM operation: HandshakeAllThreads
Event: 165.251 Executing VM operation: HandshakeAllThreads done
Event: 165.582 Executing VM operation: HandshakeAllThreads
Event: 165.582 Executing VM operation: HandshakeAllThreads done
Event: 166.583 Executing VM operation: Cleanup
Event: 166.653 Executing VM operation: Cleanup done
Event: 167.670 Executing VM operation: Cleanup
Event: 168.350 Executing VM operation: Cleanup done
Event: 169.150 Executing VM operation: ParallelGCFailedAllocation
Event: 175.417 Executing VM operation: ParallelGCFailedAllocation done
Event: 176.379 Executing VM operation: ParallelGCFailedAllocation
Event: 176.598 Executing VM operation: ParallelGCFailedAllocation done
Event: 178.600 Executing VM operation: Cleanup
Event: 178.617 Executing VM operation: Cleanup done
Event: 178.805 Executing VM operation: ParallelGCFailedAllocation
Event: 178.822 Executing VM operation: ParallelGCFailedAllocation done

Events (20 events):
Event: 167.033 loading class sun/nio/ch/ChannelInputStream
Event: 167.034 loading class sun/nio/ch/ChannelInputStream done
Event: 175.762 Thread 0x00000206809a5240 Thread added: 0x00000206809a5240
Event: 177.651 loading class java/nio/file/ProviderNotFoundException
Event: 177.651 loading class java/nio/file/ProviderNotFoundException done
Event: 177.667 Thread 0x00000206809a5240 Thread exited: 0x00000206809a5240
Event: 178.157 loading class java/lang/UnsupportedClassVersionError
Event: 178.161 loading class java/lang/UnsupportedClassVersionError done
Event: 178.624 loading class jdk/internal/reflect/UnsafeQualifiedStaticIntegerFieldAccessorImpl
Event: 178.632 loading class jdk/internal/reflect/UnsafeQualifiedStaticIntegerFieldAccessorImpl done
Event: 178.700 loading class java/nio/file/attribute/PosixFileAttributes
Event: 178.700 loading class java/nio/file/attribute/PosixFileAttributes done
Event: 178.714 loading class java/nio/file/attribute/PosixFilePermissions
Event: 178.715 loading class java/nio/file/attribute/PosixFilePermissions done
Event: 178.715 loading class java/nio/file/attribute/PosixFilePermission
Event: 178.715 loading class java/nio/file/attribute/PosixFilePermission done
Event: 178.804 loading class java/nio/file/attribute/UserPrincipal
Event: 178.804 loading class java/nio/file/attribute/UserPrincipal done
Event: 178.822 loading class sun/nio/fs/FileOwnerAttributeViewImpl
Event: 178.825 loading class sun/nio/fs/FileOwnerAttributeViewImpl done


Dynamic libraries:
0x00007ff754990000 - 0x00007ff75499e000 	c:\Users\gilbe\.vscode\extensions\redhat.java-1.9.0-win32-x64\jre\17.0.3-win32-x86_64\bin\java.exe
0x00007ff8b7ed0000 - 0x00007ff8b80c8000 	C:\windows\SYSTEM32\ntdll.dll
0x00007ff8b7510000 - 0x00007ff8b75cd000 	C:\windows\System32\KERNEL32.DLL
0x00007ff8b5940000 - 0x00007ff8b5c0e000 	C:\windows\System32\KERNELBASE.dll
0x00007ff8b5de0000 - 0x00007ff8b5ee0000 	C:\windows\System32\ucrtbase.dll
0x00007ff8a76f0000 - 0x00007ff8a7708000 	c:\Users\gilbe\.vscode\extensions\redhat.java-1.9.0-win32-x64\jre\17.0.3-win32-x86_64\bin\jli.dll
0x00007ff8b5f40000 - 0x00007ff8b60e0000 	C:\windows\System32\USER32.dll
0x00007ff8b5910000 - 0x00007ff8b5932000 	C:\windows\System32\win32u.dll
0x00007ff8b7df0000 - 0x00007ff8b7e1a000 	C:\windows\System32\GDI32.dll
0x00007ff8b5cd0000 - 0x00007ff8b5ddb000 	C:\windows\System32\gdi32full.dll
0x00007ff8b57c0000 - 0x00007ff8b585d000 	C:\windows\System32\msvcp_win.dll
0x00007ff8a6a80000 - 0x00007ff8a6a99000 	c:\Users\gilbe\.vscode\extensions\redhat.java-1.9.0-win32-x64\jre\17.0.3-win32-x86_64\bin\VCRUNTIME140.dll
0x00007ff89edf0000 - 0x00007ff89f08a000 	C:\windows\WinSxS\amd64_microsoft.windows.common-controls_6595b64144ccf1df_6.0.19041.1110_none_60b5254171f9507e\COMCTL32.dll
0x00007ff8b7ab0000 - 0x00007ff8b7b4e000 	C:\windows\System32\msvcrt.dll
0x00007ff8b7720000 - 0x00007ff8b7750000 	C:\windows\System32\IMM32.DLL
0x00007ff8ad430000 - 0x00007ff8ad43c000 	c:\Users\gilbe\.vscode\extensions\redhat.java-1.9.0-win32-x64\jre\17.0.3-win32-x86_64\bin\vcruntime140_1.dll
0x00007ff880ca0000 - 0x00007ff880d31000 	c:\Users\gilbe\.vscode\extensions\redhat.java-1.9.0-win32-x64\jre\17.0.3-win32-x86_64\bin\msvcp140.dll
0x00007ff86fd90000 - 0x00007ff8709d8000 	c:\Users\gilbe\.vscode\extensions\redhat.java-1.9.0-win32-x64\jre\17.0.3-win32-x86_64\bin\server\jvm.dll
0x00007ff8b63f0000 - 0x00007ff8b649e000 	C:\windows\System32\ADVAPI32.dll
0x00007ff8b7470000 - 0x00007ff8b750c000 	C:\windows\System32\sechost.dll
0x00007ff8b7210000 - 0x00007ff8b7335000 	C:\windows\System32\RPCRT4.dll
0x00007ff8b5f30000 - 0x00007ff8b5f38000 	C:\windows\System32\PSAPI.DLL
0x00007ff8ae6a0000 - 0x00007ff8ae6a9000 	C:\windows\SYSTEM32\WSOCK32.dll
0x00007ff8b7140000 - 0x00007ff8b71ab000 	C:\windows\System32\WS2_32.dll
0x00007ff8ac360000 - 0x00007ff8ac387000 	C:\windows\SYSTEM32\WINMM.dll
0x00007ff8ac390000 - 0x00007ff8ac39a000 	C:\windows\SYSTEM32\VERSION.dll
0x00007ff8b34f0000 - 0x00007ff8b3502000 	C:\windows\SYSTEM32\kernel.appcore.dll
0x00007ff8a3eb0000 - 0x00007ff8a3eba000 	c:\Users\gilbe\.vscode\extensions\redhat.java-1.9.0-win32-x64\jre\17.0.3-win32-x86_64\bin\jimage.dll
0x00007ff89fd40000 - 0x00007ff89ff24000 	C:\windows\SYSTEM32\DBGHELP.DLL
0x00007ff89a020000 - 0x00007ff89a04c000 	C:\windows\SYSTEM32\dbgcore.DLL
0x00007ff8b5c10000 - 0x00007ff8b5c92000 	C:\windows\System32\bcryptPrimitives.dll
0x00007ff8a2d20000 - 0x00007ff8a2d2e000 	c:\Users\gilbe\.vscode\extensions\redhat.java-1.9.0-win32-x64\jre\17.0.3-win32-x86_64\bin\instrument.dll
0x00007ff89bb80000 - 0x00007ff89bba5000 	c:\Users\gilbe\.vscode\extensions\redhat.java-1.9.0-win32-x64\jre\17.0.3-win32-x86_64\bin\java.dll
0x00007ff89d8f0000 - 0x00007ff89d908000 	c:\Users\gilbe\.vscode\extensions\redhat.java-1.9.0-win32-x64\jre\17.0.3-win32-x86_64\bin\zip.dll
0x00007ff8b6500000 - 0x00007ff8b6c44000 	C:\windows\System32\SHELL32.dll
0x00007ff8b36f0000 - 0x00007ff8b3e84000 	C:\windows\SYSTEM32\windows.storage.dll
0x00007ff8b7750000 - 0x00007ff8b7aa4000 	C:\windows\System32\combase.dll
0x00007ff8b4f80000 - 0x00007ff8b4fb0000 	C:\windows\SYSTEM32\Wldp.dll
0x00007ff8b6290000 - 0x00007ff8b633d000 	C:\windows\System32\SHCORE.dll
0x00007ff8b64a0000 - 0x00007ff8b64f5000 	C:\windows\System32\shlwapi.dll
0x00007ff8b5530000 - 0x00007ff8b554f000 	C:\windows\SYSTEM32\profapi.dll
0x00007ff89b230000 - 0x00007ff89b249000 	C:\Users\gilbe\.vscode\extensions\redhat.java-1.9.0-win32-x64\jre\17.0.3-win32-x86_64\bin\net.dll
0x00007ff8a6530000 - 0x00007ff8a663a000 	C:\windows\SYSTEM32\WINHTTP.dll
0x00007ff8b4ce0000 - 0x00007ff8b4d4a000 	C:\windows\system32\mswsock.dll
0x00007ff89ab20000 - 0x00007ff89ab35000 	C:\Users\gilbe\.vscode\extensions\redhat.java-1.9.0-win32-x64\jre\17.0.3-win32-x86_64\bin\nio.dll
0x00007ff8a1700000 - 0x00007ff8a1710000 	c:\Users\gilbe\.vscode\extensions\redhat.java-1.9.0-win32-x64\jre\17.0.3-win32-x86_64\bin\verify.dll
0x00007ff882560000 - 0x00007ff88259e000 	C:\Users\gilbe\AppData\Roaming\Code\User\globalStorage\redhat.java\1.9.0\config_win\org.eclipse.equinox.launcher\org.eclipse.equinox.launcher.win32.win32.x86_64_1.2.500.v20220509-0833\eclipse_11700.dll
0x00007ff8b7cc0000 - 0x00007ff8b7dea000 	C:\windows\System32\ole32.dll
0x00007ff8aeb70000 - 0x00007ff8aeb79000 	C:\Users\gilbe\.vscode\extensions\redhat.java-1.9.0-win32-x64\jre\17.0.3-win32-x86_64\bin\management.dll
0x00007ff8aead0000 - 0x00007ff8aeadb000 	C:\Users\gilbe\.vscode\extensions\redhat.java-1.9.0-win32-x64\jre\17.0.3-win32-x86_64\bin\management_ext.dll
0x00007ff8b4ed0000 - 0x00007ff8b4ee8000 	C:\windows\SYSTEM32\CRYPTSP.dll
0x00007ff8b4660000 - 0x00007ff8b4694000 	C:\windows\system32\rsaenh.dll
0x00007ff8b5ca0000 - 0x00007ff8b5cc7000 	C:\windows\System32\bcrypt.dll
0x00007ff8b54b0000 - 0x00007ff8b54de000 	C:\windows\SYSTEM32\USERENV.dll
0x00007ff8b4ef0000 - 0x00007ff8b4efc000 	C:\windows\SYSTEM32\CRYPTBASE.dll
0x00007ff8b49d0000 - 0x00007ff8b4a0b000 	C:\windows\SYSTEM32\IPHLPAPI.DLL
0x00007ff8b7e80000 - 0x00007ff8b7e88000 	C:\windows\System32\NSI.dll
0x00007ff8a9a30000 - 0x00007ff8a9a47000 	C:\windows\SYSTEM32\dhcpcsvc6.DLL
0x00007ff8a9da0000 - 0x00007ff8a9dbd000 	C:\windows\SYSTEM32\dhcpcsvc.DLL
0x00007ff8b4a10000 - 0x00007ff8b4adb000 	C:\windows\SYSTEM32\DNSAPI.dll
0x00007ff89e440000 - 0x00007ff89e484000 	C:\Users\gilbe\AppData\Local\Temp\jna-98357645\jna12454500977398030826.dll

dbghelp: loaded successfully - version: 4.0.5 - missing functions: none
symbol engine: initialized successfully - sym options: 0x614 - pdb path: .;c:\Users\gilbe\.vscode\extensions\redhat.java-1.9.0-win32-x64\jre\17.0.3-win32-x86_64\bin;C:\windows\SYSTEM32;C:\windows\WinSxS\amd64_microsoft.windows.common-controls_6595b64144ccf1df_6.0.19041.1110_none_60b5254171f9507e;c:\Users\gilbe\.vscode\extensions\redhat.java-1.9.0-win32-x64\jre\17.0.3-win32-x86_64\bin\server;C:\Users\gilbe\AppData\Roaming\Code\User\globalStorage\redhat.java\1.9.0\config_win\org.eclipse.equinox.launcher\org.eclipse.equinox.launcher.win32.win32.x86_64_1.2.500.v20220509-0833;C:\Users\gilbe\AppData\Local\Temp\jna-98357645

VM Arguments:
jvm_args: --add-modules=ALL-SYSTEM --add-opens=java.base/java.util=ALL-UNNAMED --add-opens=java.base/java.lang=ALL-UNNAMED --add-opens=java.base/sun.nio.fs=ALL-UNNAMED -Declipse.application=org.eclipse.jdt.ls.core.id1 -Dosgi.bundles.defaultStartLevel=4 -Declipse.product=org.eclipse.jdt.ls.core.product -Djava.import.generatesMetadataFilesAtProjectRoot=false -Dfile.encoding=utf8 -DwatchParentProcess=false -XX:+UseParallelGC -XX:GCTimeRatio=4 -XX:AdaptiveSizePolicyWeight=90 -Dsun.zip.disableMemoryMapping=true -Xmx1G -Xms100m -javaagent:c:\Users\gilbe\.vscode\extensions\redhat.java-1.9.0-win32-x64\lombok\lombok-1.18.24.jar -XX:+HeapDumpOnOutOfMemoryError -XX:HeapDumpPath=c:\Users\gilbe\AppData\Roaming\Code\User\workspaceStorage\b5a692ee1ace31b67c9c5d4f90c76209\redhat.java 
java_command: c:\Users\gilbe\.vscode\extensions\redhat.java-1.9.0-win32-x64\server\plugins\org.eclipse.equinox.launcher_1.6.400.v20210924-0641.jar -configuration c:\Users\gilbe\AppData\Roaming\Code\User\globalStorage\redhat.java\1.9.0\config_win -data c:\Users\gilbe\AppData\Roaming\Code\User\workspaceStorage\b5a692ee1ace31b67c9c5d4f90c76209\redhat.java\jdt_ws
java_class_path (initial): c:\Users\gilbe\.vscode\extensions\redhat.java-1.9.0-win32-x64\server\plugins\org.eclipse.equinox.launcher_1.6.400.v20210924-0641.jar
Launcher Type: SUN_STANDARD

[Global flags]
    uintx AdaptiveSizePolicyWeight                 = 90                                        {product} {command line}
     intx CICompilerCount                          = 2                                         {product} {ergonomic}
    uintx GCTimeRatio                              = 4                                         {product} {command line}
     bool HeapDumpOnOutOfMemoryError               = true                                   {manageable} {command line}
    ccstr HeapDumpPath                             = c:\Users\gilbe\AppData\Roaming\Code\User\workspaceStorage\b5a692ee1ace31b67c9c5d4f90c76209\redhat.java         {manageable} {command line}
   size_t InitialHeapSize                          = 104857600                                 {product} {command line}
   size_t MaxHeapSize                              = 1073741824                                {product} {command line}
   size_t MaxNewSize                               = 357564416                                 {product} {ergonomic}
   size_t MinHeapDeltaBytes                        = 524288                                    {product} {ergonomic}
   size_t MinHeapSize                              = 104857600                                 {product} {command line}
   size_t NewSize                                  = 34603008                                  {product} {ergonomic}
    uintx NonNMethodCodeHeapSize                   = 5826188                                {pd product} {ergonomic}
    uintx NonProfiledCodeHeapSize                  = 122916026                              {pd product} {ergonomic}
   size_t OldSize                                  = 70254592                                  {product} {ergonomic}
    uintx ProfiledCodeHeapSize                     = 122916026                              {pd product} {ergonomic}
    uintx ReservedCodeCacheSize                    = 251658240                              {pd product} {ergonomic}
     bool SegmentedCodeCache                       = true                                      {product} {ergonomic}
   size_t SoftMaxHeapSize                          = 1073741824                             {manageable} {ergonomic}
     bool UseCompressedClassPointers               = true                           {product lp64_product} {ergonomic}
     bool UseCompressedOops                        = true                           {product lp64_product} {ergonomic}
     bool UseLargePagesIndividualAllocation        = false                                  {pd product} {ergonomic}
     bool UseParallelGC                            = true                                      {product} {command line}

Logging:
Log output configuration:
 #0: stdout all=warning uptime,level,tags
 #1: stderr all=off uptime,level,tags

Environment Variables:
PATH=C:\Program Files (x86)\Common Files\Oracle\Java\javapath;C:\windows\system32;C:\windows;C:\windows\System32\Wbem;C:\windows\System32\WindowsPowerShell\v1.0\;C:\windows\System32\OpenSSH\;C:\Program Files\nodejs\;C:\ProgramData\chocolatey\bin;C:\Users\gilbe\AppData\Local\Programs\Python\Python310\Scripts\;C:\Users\gilbe\AppData\Local\Programs\Python\Python310\;C:\Users\gilbe\AppData\Local\Microsoft\WindowsApps;C:\Users\gilbe\AppData\Local\Programs\Microsoft VS Code\bin;C:\Users\gilbe\AppData\Roaming\npm;C:\Program Files\Java\jdk1.8.0_311\bin;C:\Program Files\Java\jre1.8.0_341\bin;
USERNAME=gilbe
OS=Windows_NT
PROCESSOR_IDENTIFIER=AMD64 Family 23 Model 24 Stepping 1, AuthenticAMD



---------------  S Y S T E M  ---------------

OS:
 Windows 10 , 64 bit Build 19041 (10.0.19041.1806)
OS uptime: 27 days 2:23 hours

CPU: total 2 (initial active 2) (2 cores per cpu, 1 threads per core) family 23 model 24 stepping 1 microcode 0x0, cx8, cmov, fxsr, mmx, 3dnowpref, sse, sse2, sse3, ssse3, sse4a, sse4.1, sse4.2, popcnt, lzcnt, tsc, tscinvbit, avx, avx2, aes, clmul, bmi1, bmi2, adx, sha, fma, vzeroupper, clflush, clflushopt

Memory: 4k page, system-wide physical 3463M (23M free)
TotalPageFile size 14215M (AvailPageFile size 1M)
current process WorkingSet (physical memory assigned to process): 106M, peak: 149M
current process commit charge ("private bytes"): 257M, peak: 277M

vm_info: OpenJDK 64-Bit Server VM (17.0.3+7) for windows-amd64 JRE (17.0.3+7), built on Apr 19 2022 16:55:35 by "" with MS VC++ 16.7 (VS2019)

END.
