#
# There is insufficient memory for the Java Runtime Environment to continue.
# Native memory allocation (malloc) failed to allocate 1022096 bytes for Chunk::new
# Possible reasons:
#   The system is out of physical RAM or swap space
#   The process is running with CompressedOops enabled, and the Java Heap may be blocking the growth of the native heap
# Possible solutions:
#   Reduce memory load on the system
#   Increase physical memory or swap space
#   Check if swap backing store is full
#   Decrease Java heap size (-Xmx/-Xms)
#   Decrease number of Java threads
#   Decrease Java thread stack sizes (-Xss)
#   Set larger code cache with -XX:ReservedCodeCacheSize=
#   JVM is running with Unscaled Compressed Oops mode in which the Java heap is
#     placed in the first 4GB address space. The Java Heap base address is the
#     maximum limit for the native heap growth. Please use -XX:HeapBaseMinAddress
#     to set the Java Heap base and to place the Java Heap above 4GB virtual address.
# This output file may be truncated or incomplete.
#
#  Out of Memory Error (arena.cpp:189), pid=10068, tid=21424
#
# JRE version: OpenJDK Runtime Environment Temurin-17.0.3+7 (17.0.3+7) (build 17.0.3+7)
# Java VM: OpenJDK 64-Bit Server VM Temurin-17.0.3+7 (17.0.3+7, mixed mode, tiered, compressed oops, compressed class ptrs, parallel gc, windows-amd64)
# No core dump will be written. Minidumps are not enabled by default on client versions of Windows
#

---------------  S U M M A R Y ------------

Command Line: --add-modules=ALL-SYSTEM --add-opens=java.base/java.util=ALL-UNNAMED --add-opens=java.base/java.lang=ALL-UNNAMED --add-opens=java.base/sun.nio.fs=ALL-UNNAMED -Declipse.application=org.eclipse.jdt.ls.core.id1 -Dosgi.bundles.defaultStartLevel=4 -Declipse.product=org.eclipse.jdt.ls.core.product -Djava.import.generatesMetadataFilesAtProjectRoot=false -Dfile.encoding=utf8 -DwatchParentProcess=false -XX:+UseParallelGC -XX:GCTimeRatio=4 -XX:AdaptiveSizePolicyWeight=90 -Dsun.zip.disableMemoryMapping=true -Xmx1G -Xms100m -javaagent:c:\Users\gilbe\.vscode\extensions\redhat.java-1.9.0-win32-x64\lombok\lombok-1.18.24.jar -XX:+HeapDumpOnOutOfMemoryError -XX:HeapDumpPath=c:\Users\gilbe\AppData\Roaming\Code\User\workspaceStorage\aa3662ed1f767828a8cb38a65ed2c5a5\redhat.java c:\Users\gilbe\.vscode\extensions\redhat.java-1.9.0-win32-x64\server\plugins\org.eclipse.equinox.launcher_1.6.400.v20210924-0641.jar -configuration c:\Users\gilbe\AppData\Roaming\Code\User\globalStorage\redhat.java\1.9.0\config_win -data c:\Users\gilbe\AppData\Roaming\Code\User\workspaceStorage\aa3662ed1f767828a8cb38a65ed2c5a5\redhat.java\jdt_ws

Host: AMD Athlon Silver 3050U with Radeon Graphics   , 2 cores, 3G,  Windows 10 , 64 bit Build 19041 (10.0.19041.1806)
Time: Thu Aug 11 21:44:43 2022 Central Daylight Time elapsed time: 43.813339 seconds (0d 0h 0m 43s)

---------------  T H R E A D  ---------------

Current thread (0x0000022e77680ec0):  JavaThread "C2 CompilerThread0" daemon [_thread_in_native, id=21424, stack(0x0000004013100000,0x0000004013200000)]


Current CompileTask:
C2:  43813 4574       4       org.eclipse.jdt.internal.core.JarPackageFragmentRoot::initRawPackageInfo (349 bytes)

Stack: [0x0000004013100000,0x0000004013200000]
Native frames: (J=compiled Java code, j=interpreted, Vv=VM code, C=native code)
V  [jvm.dll+0x675efa]
V  [jvm.dll+0x830a24]
V  [jvm.dll+0x8321ce]
V  [jvm.dll+0x832833]
V  [jvm.dll+0x2454b5]
V  [jvm.dll+0xabd7b]
V  [jvm.dll+0xac30c]
V  [jvm.dll+0x3635d2]
V  [jvm.dll+0x32dca1]
V  [jvm.dll+0x32d14a]
V  [jvm.dll+0x218361]
V  [jvm.dll+0x217781]
V  [jvm.dll+0x1a3ccd]
V  [jvm.dll+0x227178]
V  [jvm.dll+0x2252bc]
V  [jvm.dll+0x7e673b]
V  [jvm.dll+0x7e0cfa]
V  [jvm.dll+0x674d85]
C  [ucrtbase.dll+0x21bb2]
C  [KERNEL32.DLL+0x17034]
C  [ntdll.dll+0x52651]


---------------  P R O C E S S  ---------------

Threads class SMR info:
_java_thread_list=0x0000022e7cbd6660, length=24, elements={
0x0000022e7287ef90, 0x0000022e77651750, 0x0000022e776524d0, 0x0000022e77679030,
0x0000022e77679db0, 0x0000022e7767c940, 0x0000022e7767e210, 0x0000022e77680ec0,
0x0000022e77682880, 0x0000022e776ea750, 0x0000022e78b05780, 0x0000022e78d39020,
0x0000022e7946cfa0, 0x0000022e79228810, 0x0000022e79229b40, 0x0000022e794a79b0,
0x0000022e79049990, 0x0000022e790477e0, 0x0000022e79048650, 0x0000022e79046e40,
0x0000022e79048b20, 0x0000022e79048ff0, 0x0000022e7904a800, 0x0000022e79049e60
}

Java Threads: ( => current thread )
  0x0000022e7287ef90 JavaThread "main" [_thread_blocked, id=19200, stack(0x0000004012700000,0x0000004012800000)]
  0x0000022e77651750 JavaThread "Reference Handler" daemon [_thread_blocked, id=5836, stack(0x0000004012b00000,0x0000004012c00000)]
  0x0000022e776524d0 JavaThread "Finalizer" daemon [_thread_blocked, id=15260, stack(0x0000004012c00000,0x0000004012d00000)]
  0x0000022e77679030 JavaThread "Signal Dispatcher" daemon [_thread_blocked, id=17676, stack(0x0000004012d00000,0x0000004012e00000)]
  0x0000022e77679db0 JavaThread "Attach Listener" daemon [_thread_blocked, id=12400, stack(0x0000004012e00000,0x0000004012f00000)]
  0x0000022e7767c940 JavaThread "Service Thread" daemon [_thread_blocked, id=6960, stack(0x0000004012f00000,0x0000004013000000)]
  0x0000022e7767e210 JavaThread "Monitor Deflation Thread" daemon [_thread_blocked, id=12284, stack(0x0000004013000000,0x0000004013100000)]
=>0x0000022e77680ec0 JavaThread "C2 CompilerThread0" daemon [_thread_in_native, id=21424, stack(0x0000004013100000,0x0000004013200000)]
  0x0000022e77682880 JavaThread "C1 CompilerThread0" daemon [_thread_blocked, id=12548, stack(0x0000004013200000,0x0000004013300000)]
  0x0000022e776ea750 JavaThread "Sweeper thread" daemon [_thread_blocked, id=15376, stack(0x0000004013300000,0x0000004013400000)]
  0x0000022e78b05780 JavaThread "Common-Cleaner" daemon [_thread_blocked, id=6672, stack(0x0000004013400000,0x0000004013500000)]
  0x0000022e78d39020 JavaThread "Notification Thread" daemon [_thread_blocked, id=15752, stack(0x0000004013500000,0x0000004013600000)]
  0x0000022e7946cfa0 JavaThread "Active Thread: Equinox Container: 3dae5f74-9c48-4417-9e3c-93657d08e03d" [_thread_blocked, id=17988, stack(0x0000004013800000,0x0000004013900000)]
  0x0000022e79228810 JavaThread "Framework Event Dispatcher: Equinox Container: 3dae5f74-9c48-4417-9e3c-93657d08e03d" daemon [_thread_blocked, id=4764, stack(0x0000004013900000,0x0000004013a00000)]
  0x0000022e79229b40 JavaThread "Start Level: Equinox Container: 3dae5f74-9c48-4417-9e3c-93657d08e03d" daemon [_thread_blocked, id=4660, stack(0x0000004013a00000,0x0000004013b00000)]
  0x0000022e794a79b0 JavaThread "SCR Component Actor" daemon [_thread_blocked, id=4932, stack(0x0000004013b00000,0x0000004013c00000)]
  0x0000022e79049990 JavaThread "Bundle File Closer" daemon [_thread_blocked, id=9688, stack(0x0000004013d00000,0x0000004013e00000)]
  0x0000022e790477e0 JavaThread "Worker-JM" [_thread_blocked, id=20980, stack(0x0000004013e00000,0x0000004013f00000)]
  0x0000022e79048650 JavaThread "Worker-0" [_thread_blocked, id=8724, stack(0x0000004013f00000,0x0000004014000000)]
  0x0000022e79046e40 JavaThread "Worker-1" [_thread_blocked, id=12896, stack(0x0000004014000000,0x0000004014100000)]
  0x0000022e79048b20 JavaThread "Worker-2" [_thread_blocked, id=5500, stack(0x0000004014100000,0x0000004014200000)]
  0x0000022e79048ff0 JavaThread "Worker-3: Initialize Workspace" [_thread_in_Java, id=6028, stack(0x0000004014200000,0x0000004014300000)]
  0x0000022e7904a800 JavaThread "Java indexing" daemon [_thread_blocked, id=19340, stack(0x0000004014300000,0x0000004014400000)]
  0x0000022e79049e60 JavaThread "pool-1-thread-1" [_thread_blocked, id=8788, stack(0x0000004013c00000,0x0000004013d00000)]

Other Threads:
  0x0000022e776398f0 VMThread "VM Thread" [stack: 0x0000004012a00000,0x0000004012b00000] [id=15412]
  0x0000022e78d394f0 WatcherThread [stack: 0x0000004013600000,0x0000004013700000] [id=7460]
  0x0000022e72894f40 GCTaskThread "GC Thread#0" [stack: 0x0000004012900000,0x0000004012a00000] [id=7904]
  0x0000022e791d6ab0 GCTaskThread "GC Thread#1" [stack: 0x0000004013700000,0x0000004013800000] [id=14888]

Threads with active compile tasks:
C2 CompilerThread0    43870 4574       4       org.eclipse.jdt.internal.core.JarPackageFragmentRoot::initRawPackageInfo (349 bytes)

VM state: not at safepoint (normal execution)

VM Mutex/Monitor currently owned by a thread: None

Heap address: 0x00000000c0000000, size: 1024 MB, Compressed Oops mode: 32-bit

CDS archive(s) not mapped
Compressed class space mapped at: 0x0000000100000000-0x0000000140000000, reserved size: 1073741824
Narrow klass base: 0x0000000000000000, Narrow klass shift: 3, Narrow klass range: 0x140000000

GC Precious Log:
 CPUs: 2 total, 2 available
 Memory: 3463M
 Large Page Support: Disabled
 NUMA Support: Disabled
 Compressed Oops: Enabled (32-bit)
 Alignments: Space 512K, Generation 512K, Heap 2M
 Heap Min Capacity: 100M
 Heap Initial Capacity: 100M
 Heap Max Capacity: 1G
 Pre-touch: Disabled
 Parallel Workers: 2

Heap:
 PSYoungGen      total 25088K, used 4950K [0x00000000eab00000, 0x00000000ec680000, 0x0000000100000000)
  eden space 22016K, 8% used [0x00000000eab00000,0x00000000eace6938,0x00000000ec080000)
  from space 3072K, 97% used [0x00000000ec080000,0x00000000ec36ef18,0x00000000ec380000)
  to   space 3072K, 0% used [0x00000000ec380000,0x00000000ec380000,0x00000000ec680000)
 ParOldGen       total 68608K, used 17293K [0x00000000c0000000, 0x00000000c4300000, 0x00000000eab00000)
  object space 68608K, 25% used [0x00000000c0000000,0x00000000c10e3438,0x00000000c4300000)
 Metaspace       used 44923K, committed 45696K, reserved 1089536K
  class space    used 4808K, committed 5184K, reserved 1048576K

Card table byte_map: [0x0000022e72270000,0x0000022e72480000] _byte_map_base: 0x0000022e71c70000

Marking Bits: (ParMarkBitMap*) 0x00007ff8722e4b80
 Begin Bits: [0x0000022e75510000, 0x0000022e76510000)
 End Bits:   [0x0000022e76510000, 0x0000022e77510000)

Polling page: 0x0000022e72060000

Metaspace:

Usage:
  Non-class:     39.17 MB used.
      Class:      4.70 MB used.
       Both:     43.87 MB used.

Virtual space:
  Non-class space:       40.00 MB reserved,      39.56 MB ( 99%) committed,  5 nodes.
      Class space:        1.00 GB reserved,       5.06 MB ( <1%) committed,  1 nodes.
             Both:        1.04 GB reserved,      44.62 MB (  4%) committed. 

Chunk freelists:
   Non-Class:  128.00 KB
       Class:  2.88 MB
        Both:  3.00 MB

MaxMetaspaceSize: unlimited
CompressedClassSpaceSize: 1.00 GB
Initial GC threshold: 21.00 MB
Current GC threshold: 58.38 MB
CDS: off
MetaspaceReclaimPolicy: balanced
 - commit_granule_bytes: 65536.
 - commit_granule_words: 8192.
 - virtual_space_node_default_size: 1048576.
 - enlarge_chunks_in_place: 1.
 - new_chunks_are_fully_committed: 0.
 - uncommit_free_chunks: 1.
 - use_allocation_guard: 0.
 - handle_deallocations: 1.


Internal statistics:

num_allocs_failed_limit: 6.
num_arena_births: 318.
num_arena_deaths: 14.
num_vsnodes_births: 6.
num_vsnodes_deaths: 0.
num_space_committed: 714.
num_space_uncommitted: 0.
num_chunks_returned_to_freelist: 20.
num_chunks_taken_from_freelist: 1863.
num_chunk_merges: 10.
num_chunk_splits: 1226.
num_chunks_enlarged: 832.
num_purges: 2.
num_inconsistent_stats: 0.

CodeHeap 'non-profiled nmethods': size=120064Kb used=2279Kb max_used=2279Kb free=117784Kb
 bounds [0x0000022e07ac0000, 0x0000022e07d30000, 0x0000022e0f000000]
CodeHeap 'profiled nmethods': size=120000Kb used=9737Kb max_used=9737Kb free=110262Kb
 bounds [0x0000022e00590000, 0x0000022e00f20000, 0x0000022e07ac0000]
CodeHeap 'non-nmethods': size=5696Kb used=1269Kb max_used=1314Kb free=4426Kb
 bounds [0x0000022e00000000, 0x0000022e00270000, 0x0000022e00590000]
 total_blobs=5157 nmethods=4565 adapters=506
 compilation: enabled
              stopped_count=0, restarted_count=0
 full_count=0

Compilation events (20 events):
Event: 43.595 Thread 0x0000022e77682880 nmethod 4565 0x0000022e00f09410 code [0x0000022e00f09640, 0x0000022e00f09fd8]
Event: 43.599 Thread 0x0000022e77682880 4566       3       org.eclipse.jdt.internal.core.util.Util::isValidFolderNameForPackage (19 bytes)
Event: 43.599 Thread 0x0000022e77682880 nmethod 4566 0x0000022e00f0a410 code [0x0000022e00f0a5c0, 0x0000022e00f0a7f8]
Event: 43.599 Thread 0x0000022e77682880 4567       3       org.eclipse.jdt.internal.compiler.impl.CompilerOptions::versionFromJdkLevel (212 bytes)
Event: 43.600 Thread 0x0000022e77682880 nmethod 4567 0x0000022e00f0a910 code [0x0000022e00f0aba0, 0x0000022e00f0b758]
Event: 43.600 Thread 0x0000022e77682880 4568       3       org.eclipse.jdt.internal.core.JavaModelManager::intern (5 bytes)
Event: 43.600 Thread 0x0000022e77682880 nmethod 4568 0x0000022e00f0b910 code [0x0000022e00f0bac0, 0x0000022e00f0be48]
Event: 43.600 Thread 0x0000022e77682880 4569   !   3       org.eclipse.jdt.internal.core.util.DeduplicationUtil::intern (22 bytes)
Event: 43.600 Thread 0x0000022e77682880 nmethod 4569 0x0000022e00f0c010 code [0x0000022e00f0c1c0, 0x0000022e00f0c4c8]
Event: 43.601 Thread 0x0000022e77682880 4570       3       org.eclipse.jdt.internal.core.JarPackageFragmentRoot::initRawPackageInfo (349 bytes)
Event: 43.605 Thread 0x0000022e77682880 nmethod 4570 0x0000022e00f0c610 code [0x0000022e00f0cbc0, 0x0000022e00f104f8]
Event: 43.606 Thread 0x0000022e77680ec0 4571       4       java.lang.StringLatin1::toChars (16 bytes)
Event: 43.607 Thread 0x0000022e77680ec0 nmethod 4571 0x0000022e07cf8690 code [0x0000022e07cf8820, 0x0000022e07cf89d8]
Event: 43.608 Thread 0x0000022e77680ec0 4572       4       org.eclipse.jdt.internal.core.util.HashtableOfArrayToObject::get (69 bytes)
Event: 43.622 Thread 0x0000022e77680ec0 nmethod 4572 0x0000022e07cf8a90 code [0x0000022e07cf8c40, 0x0000022e07cf93f8]
Event: 43.634 Thread 0x0000022e77680ec0 4573       4       org.eclipse.jdt.internal.compiler.util.Util::isClassFileName (82 bytes)
Event: 43.643 Thread 0x0000022e77680ec0 nmethod 4573 0x0000022e07cf9910 code [0x0000022e07cf9aa0, 0x0000022e07cf9c88]
Event: 43.680 Thread 0x0000022e77680ec0 4574       4       org.eclipse.jdt.internal.core.JarPackageFragmentRoot::initRawPackageInfo (349 bytes)
Event: 43.764 Thread 0x0000022e77682880 4576       3       java.util.stream.AbstractPipeline::evaluate (94 bytes)
Event: 43.765 Thread 0x0000022e77682880 nmethod 4576 0x0000022e00f11b10 code [0x0000022e00f11d40, 0x0000022e00f123c8]

GC Heap History (20 events):
Event: 12.999 GC heap before
{Heap before GC invocations=6 (full 1):
 PSYoungGen      total 29696K, used 25600K [0x00000000eab00000, 0x00000000ecc00000, 0x0000000100000000)
  eden space 25600K, 100% used [0x00000000eab00000,0x00000000ec400000,0x00000000ec400000)
  from space 4096K, 0% used [0x00000000ec800000,0x00000000ec800000,0x00000000ecc00000)
  to   space 4096K, 0% used [0x00000000ec400000,0x00000000ec400000,0x00000000ec800000)
 ParOldGen       total 68608K, used 10486K [0x00000000c0000000, 0x00000000c4300000, 0x00000000eab00000)
  object space 68608K, 15% used [0x00000000c0000000,0x00000000c0a3dbf0,0x00000000c4300000)
 Metaspace       used 24533K, committed 25024K, reserved 1073152K
  class space    used 2486K, committed 2688K, reserved 1048576K
}
Event: 13.002 GC heap after
{Heap after GC invocations=6 (full 1):
 PSYoungGen      total 28160K, used 2784K [0x00000000eab00000, 0x00000000ecb80000, 0x0000000100000000)
  eden space 25088K, 0% used [0x00000000eab00000,0x00000000eab00000,0x00000000ec380000)
  from space 3072K, 90% used [0x00000000ec400000,0x00000000ec6b8218,0x00000000ec700000)
  to   space 4096K, 0% used [0x00000000ec780000,0x00000000ec780000,0x00000000ecb80000)
 ParOldGen       total 68608K, used 10494K [0x00000000c0000000, 0x00000000c4300000, 0x00000000eab00000)
  object space 68608K, 15% used [0x00000000c0000000,0x00000000c0a3fbf0,0x00000000c4300000)
 Metaspace       used 24533K, committed 25024K, reserved 1073152K
  class space    used 2486K, committed 2688K, reserved 1048576K
}
Event: 15.110 GC heap before
{Heap before GC invocations=7 (full 1):
 PSYoungGen      total 28160K, used 27872K [0x00000000eab00000, 0x00000000ecb80000, 0x0000000100000000)
  eden space 25088K, 100% used [0x00000000eab00000,0x00000000ec380000,0x00000000ec380000)
  from space 3072K, 90% used [0x00000000ec400000,0x00000000ec6b8218,0x00000000ec700000)
  to   space 4096K, 0% used [0x00000000ec780000,0x00000000ec780000,0x00000000ecb80000)
 ParOldGen       total 68608K, used 10494K [0x00000000c0000000, 0x00000000c4300000, 0x00000000eab00000)
  object space 68608K, 15% used [0x00000000c0000000,0x00000000c0a3fbf0,0x00000000c4300000)
 Metaspace       used 28039K, committed 28672K, reserved 1081344K
  class space    used 2778K, committed 3072K, reserved 1048576K
}
Event: 15.114 GC heap after
{Heap after GC invocations=7 (full 1):
 PSYoungGen      total 26624K, used 1919K [0x00000000eab00000, 0x00000000ec980000, 0x0000000100000000)
  eden space 24576K, 0% used [0x00000000eab00000,0x00000000eab00000,0x00000000ec300000)
  from space 2048K, 93% used [0x00000000ec780000,0x00000000ec95fca8,0x00000000ec980000)
  to   space 2560K, 0% used [0x00000000ec480000,0x00000000ec480000,0x00000000ec700000)
 ParOldGen       total 68608K, used 10502K [0x00000000c0000000, 0x00000000c4300000, 0x00000000eab00000)
  object space 68608K, 15% used [0x00000000c0000000,0x00000000c0a41bf0,0x00000000c4300000)
 Metaspace       used 28039K, committed 28672K, reserved 1081344K
  class space    used 2778K, committed 3072K, reserved 1048576K
}
Event: 15.566 GC heap before
{Heap before GC invocations=8 (full 1):
 PSYoungGen      total 26624K, used 26495K [0x00000000eab00000, 0x00000000ec980000, 0x0000000100000000)
  eden space 24576K, 100% used [0x00000000eab00000,0x00000000ec300000,0x00000000ec300000)
  from space 2048K, 93% used [0x00000000ec780000,0x00000000ec95fca8,0x00000000ec980000)
  to   space 2560K, 0% used [0x00000000ec480000,0x00000000ec480000,0x00000000ec700000)
 ParOldGen       total 68608K, used 10502K [0x00000000c0000000, 0x00000000c4300000, 0x00000000eab00000)
  object space 68608K, 15% used [0x00000000c0000000,0x00000000c0a41bf0,0x00000000c4300000)
 Metaspace       used 30600K, committed 31168K, reserved 1081344K
  class space    used 3042K, committed 3328K, reserved 1048576K
}
Event: 15.568 GC heap after
{Heap after GC invocations=8 (full 1):
 PSYoungGen      total 26624K, used 2449K [0x00000000eab00000, 0x00000000ec800000, 0x0000000100000000)
  eden space 24064K, 0% used [0x00000000eab00000,0x00000000eab00000,0x00000000ec280000)
  from space 2560K, 95% used [0x00000000ec480000,0x00000000ec6e4508,0x00000000ec700000)
  to   space 1024K, 0% used [0x00000000ec700000,0x00000000ec700000,0x00000000ec800000)
 ParOldGen       total 68608K, used 10510K [0x00000000c0000000, 0x00000000c4300000, 0x00000000eab00000)
  object space 68608K, 15% used [0x00000000c0000000,0x00000000c0a43bf0,0x00000000c4300000)
 Metaspace       used 30600K, committed 31168K, reserved 1081344K
  class space    used 3042K, committed 3328K, reserved 1048576K
}
Event: 28.522 GC heap before
{Heap before GC invocations=9 (full 1):
 PSYoungGen      total 26624K, used 26469K [0x00000000eab00000, 0x00000000ec800000, 0x0000000100000000)
  eden space 24064K, 99% used [0x00000000eab00000,0x00000000ec275038,0x00000000ec280000)
  from space 2560K, 95% used [0x00000000ec480000,0x00000000ec6e4508,0x00000000ec700000)
  to   space 1024K, 0% used [0x00000000ec700000,0x00000000ec700000,0x00000000ec800000)
 ParOldGen       total 68608K, used 10510K [0x00000000c0000000, 0x00000000c4300000, 0x00000000eab00000)
  object space 68608K, 15% used [0x00000000c0000000,0x00000000c0a43bf0,0x00000000c4300000)
 Metaspace       used 33420K, committed 33984K, reserved 1081344K
  class space    used 3389K, committed 3648K, reserved 1048576K
}
Event: 28.556 GC heap after
{Heap after GC invocations=9 (full 1):
 PSYoungGen      total 24576K, used 1016K [0x00000000eab00000, 0x00000000eca00000, 0x0000000100000000)
  eden space 23552K, 0% used [0x00000000eab00000,0x00000000eab00000,0x00000000ec200000)
  from space 1024K, 99% used [0x00000000ec700000,0x00000000ec7fe2e8,0x00000000ec800000)
  to   space 4096K, 0% used [0x00000000ec200000,0x00000000ec200000,0x00000000ec600000)
 ParOldGen       total 68608K, used 13124K [0x00000000c0000000, 0x00000000c4300000, 0x00000000eab00000)
  object space 68608K, 19% used [0x00000000c0000000,0x00000000c0cd1058,0x00000000c4300000)
 Metaspace       used 33420K, committed 33984K, reserved 1081344K
  class space    used 3389K, committed 3648K, reserved 1048576K
}
Event: 32.104 GC heap before
{Heap before GC invocations=10 (full 1):
 PSYoungGen      total 24576K, used 16085K [0x00000000eab00000, 0x00000000eca00000, 0x0000000100000000)
  eden space 23552K, 63% used [0x00000000eab00000,0x00000000eb9b7500,0x00000000ec200000)
  from space 1024K, 99% used [0x00000000ec700000,0x00000000ec7fe2e8,0x00000000ec800000)
  to   space 4096K, 0% used [0x00000000ec200000,0x00000000ec200000,0x00000000ec600000)
 ParOldGen       total 68608K, used 13124K [0x00000000c0000000, 0x00000000c4300000, 0x00000000eab00000)
  object space 68608K, 19% used [0x00000000c0000000,0x00000000c0cd1058,0x00000000c4300000)
 Metaspace       used 35233K, committed 35840K, reserved 1081344K
  class space    used 3615K, committed 3904K, reserved 1048576K
}
Event: 32.106 GC heap after
{Heap after GC invocations=10 (full 1):
 PSYoungGen      total 24576K, used 542K [0x00000000eab00000, 0x00000000ec780000, 0x0000000100000000)
  eden space 23552K, 0% used [0x00000000eab00000,0x00000000eab00000,0x00000000ec200000)
  from space 1024K, 52% used [0x00000000ec200000,0x00000000ec287aa0,0x00000000ec300000)
  to   space 2048K, 0% used [0x00000000ec580000,0x00000000ec580000,0x00000000ec780000)
 ParOldGen       total 68608K, used 14084K [0x00000000c0000000, 0x00000000c4300000, 0x00000000eab00000)
  object space 68608K, 20% used [0x00000000c0000000,0x00000000c0dc12e0,0x00000000c4300000)
 Metaspace       used 35233K, committed 35840K, reserved 1081344K
  class space    used 3615K, committed 3904K, reserved 1048576K
}
Event: 32.106 GC heap before
{Heap before GC invocations=11 (full 2):
 PSYoungGen      total 24576K, used 542K [0x00000000eab00000, 0x00000000ec780000, 0x0000000100000000)
  eden space 23552K, 0% used [0x00000000eab00000,0x00000000eab00000,0x00000000ec200000)
  from space 1024K, 52% used [0x00000000ec200000,0x00000000ec287aa0,0x00000000ec300000)
  to   space 2048K, 0% used [0x00000000ec580000,0x00000000ec580000,0x00000000ec780000)
 ParOldGen       total 68608K, used 14084K [0x00000000c0000000, 0x00000000c4300000, 0x00000000eab00000)
  object space 68608K, 20% used [0x00000000c0000000,0x00000000c0dc12e0,0x00000000c4300000)
 Metaspace       used 35233K, committed 35840K, reserved 1081344K
  class space    used 3615K, committed 3904K, reserved 1048576K
}
Event: 32.165 GC heap after
{Heap after GC invocations=11 (full 2):
 PSYoungGen      total 24576K, used 0K [0x00000000eab00000, 0x00000000ec780000, 0x0000000100000000)
  eden space 23552K, 0% used [0x00000000eab00000,0x00000000eab00000,0x00000000ec200000)
  from space 1024K, 0% used [0x00000000ec200000,0x00000000ec200000,0x00000000ec300000)
  to   space 2048K, 0% used [0x00000000ec580000,0x00000000ec580000,0x00000000ec780000)
 ParOldGen       total 68608K, used 12856K [0x00000000c0000000, 0x00000000c4300000, 0x00000000eab00000)
  object space 68608K, 18% used [0x00000000c0000000,0x00000000c0c8e370,0x00000000c4300000)
 Metaspace       used 35233K, committed 35840K, reserved 1081344K
  class space    used 3615K, committed 3904K, reserved 1048576K
}
Event: 35.050 GC heap before
{Heap before GC invocations=12 (full 2):
 PSYoungGen      total 24576K, used 23552K [0x00000000eab00000, 0x00000000ec780000, 0x0000000100000000)
  eden space 23552K, 100% used [0x00000000eab00000,0x00000000ec200000,0x00000000ec200000)
  from space 1024K, 0% used [0x00000000ec200000,0x00000000ec200000,0x00000000ec300000)
  to   space 2048K, 0% used [0x00000000ec580000,0x00000000ec580000,0x00000000ec780000)
 ParOldGen       total 68608K, used 12856K [0x00000000c0000000, 0x00000000c4300000, 0x00000000eab00000)
  object space 68608K, 18% used [0x00000000c0000000,0x00000000c0c8e370,0x00000000c4300000)
 Metaspace       used 38520K, committed 39168K, reserved 1089536K
  class space    used 4044K, committed 4352K, reserved 1048576K
}
Event: 35.053 GC heap after
{Heap after GC invocations=12 (full 2):
 PSYoungGen      total 24576K, used 1408K [0x00000000eab00000, 0x00000000ec700000, 0x0000000100000000)
  eden space 23040K, 0% used [0x00000000eab00000,0x00000000eab00000,0x00000000ec180000)
  from space 1536K, 91% used [0x00000000ec580000,0x00000000ec6e0000,0x00000000ec700000)
  to   space 2048K, 0% used [0x00000000ec300000,0x00000000ec300000,0x00000000ec500000)
 ParOldGen       total 68608K, used 12864K [0x00000000c0000000, 0x00000000c4300000, 0x00000000eab00000)
  object space 68608K, 18% used [0x00000000c0000000,0x00000000c0c90370,0x00000000c4300000)
 Metaspace       used 38520K, committed 39168K, reserved 1089536K
  class space    used 4044K, committed 4352K, reserved 1048576K
}
Event: 38.588 GC heap before
{Heap before GC invocations=13 (full 2):
 PSYoungGen      total 24576K, used 24448K [0x00000000eab00000, 0x00000000ec700000, 0x0000000100000000)
  eden space 23040K, 100% used [0x00000000eab00000,0x00000000ec180000,0x00000000ec180000)
  from space 1536K, 91% used [0x00000000ec580000,0x00000000ec6e0000,0x00000000ec700000)
  to   space 2048K, 0% used [0x00000000ec300000,0x00000000ec300000,0x00000000ec500000)
 ParOldGen       total 68608K, used 12864K [0x00000000c0000000, 0x00000000c4300000, 0x00000000eab00000)
  object space 68608K, 18% used [0x00000000c0000000,0x00000000c0c90370,0x00000000c4300000)
 Metaspace       used 41957K, committed 42688K, reserved 1089536K
  class space    used 4457K, committed 4800K, reserved 1048576K
}
Event: 38.602 GC heap after
{Heap after GC invocations=13 (full 2):
 PSYoungGen      total 24064K, used 1161K [0x00000000eab00000, 0x00000000ec600000, 0x0000000100000000)
  eden space 22528K, 0% used [0x00000000eab00000,0x00000000eab00000,0x00000000ec100000)
  from space 1536K, 75% used [0x00000000ec300000,0x00000000ec4225c8,0x00000000ec480000)
  to   space 1536K, 0% used [0x00000000ec480000,0x00000000ec480000,0x00000000ec600000)
 ParOldGen       total 68608K, used 14255K [0x00000000c0000000, 0x00000000c4300000, 0x00000000eab00000)
  object space 68608K, 20% used [0x00000000c0000000,0x00000000c0debc50,0x00000000c4300000)
 Metaspace       used 41957K, committed 42688K, reserved 1089536K
  class space    used 4457K, committed 4800K, reserved 1048576K
}
Event: 42.811 GC heap before
{Heap before GC invocations=14 (full 2):
 PSYoungGen      total 24064K, used 23689K [0x00000000eab00000, 0x00000000ec600000, 0x0000000100000000)
  eden space 22528K, 100% used [0x00000000eab00000,0x00000000ec100000,0x00000000ec100000)
  from space 1536K, 75% used [0x00000000ec300000,0x00000000ec4225c8,0x00000000ec480000)
  to   space 1536K, 0% used [0x00000000ec480000,0x00000000ec480000,0x00000000ec600000)
 ParOldGen       total 68608K, used 14255K [0x00000000c0000000, 0x00000000c4300000, 0x00000000eab00000)
  object space 68608K, 20% used [0x00000000c0000000,0x00000000c0debc50,0x00000000c4300000)
 Metaspace       used 44649K, committed 45504K, reserved 1089536K
  class space    used 4784K, committed 5184K, reserved 1048576K
}
Event: 42.817 GC heap after
{Heap after GC invocations=14 (full 2):
 PSYoungGen      total 23552K, used 1526K [0x00000000eab00000, 0x00000000ec780000, 0x0000000100000000)
  eden space 22016K, 0% used [0x00000000eab00000,0x00000000eab00000,0x00000000ec080000)
  from space 1536K, 99% used [0x00000000ec480000,0x00000000ec5fd9e8,0x00000000ec600000)
  to   space 3584K, 0% used [0x00000000ec080000,0x00000000ec080000,0x00000000ec400000)
 ParOldGen       total 68608K, used 15837K [0x00000000c0000000, 0x00000000c4300000, 0x00000000eab00000)
  object space 68608K, 23% used [0x00000000c0000000,0x00000000c0f775e0,0x00000000c4300000)
 Metaspace       used 44649K, committed 45504K, reserved 1089536K
  class space    used 4784K, committed 5184K, reserved 1048576K
}
Event: 43.651 GC heap before
{Heap before GC invocations=15 (full 2):
 PSYoungGen      total 23552K, used 23542K [0x00000000eab00000, 0x00000000ec780000, 0x0000000100000000)
  eden space 22016K, 100% used [0x00000000eab00000,0x00000000ec080000,0x00000000ec080000)
  from space 1536K, 99% used [0x00000000ec480000,0x00000000ec5fd9e8,0x00000000ec600000)
  to   space 3584K, 0% used [0x00000000ec080000,0x00000000ec080000,0x00000000ec400000)
 ParOldGen       total 68608K, used 15837K [0x00000000c0000000, 0x00000000c4300000, 0x00000000eab00000)
  object space 68608K, 23% used [0x00000000c0000000,0x00000000c0f775e0,0x00000000c4300000)
 Metaspace       used 44922K, committed 45696K, reserved 1089536K
  class space    used 4808K, committed 5184K, reserved 1048576K
}
Event: 43.679 GC heap after
{Heap after GC invocations=15 (full 2):
 PSYoungGen      total 25088K, used 3003K [0x00000000eab00000, 0x00000000ec680000, 0x0000000100000000)
  eden space 22016K, 0% used [0x00000000eab00000,0x00000000eab00000,0x00000000ec080000)
  from space 3072K, 97% used [0x00000000ec080000,0x00000000ec36ef18,0x00000000ec380000)
  to   space 3072K, 0% used [0x00000000ec380000,0x00000000ec380000,0x00000000ec680000)
 ParOldGen       total 68608K, used 17293K [0x00000000c0000000, 0x00000000c4300000, 0x00000000eab00000)
  object space 68608K, 25% used [0x00000000c0000000,0x00000000c10e3438,0x00000000c4300000)
 Metaspace       used 44922K, committed 45696K, reserved 1089536K
  class space    used 4808K, committed 5184K, reserved 1048576K
}

Deoptimization events (20 events):
Event: 43.269 Thread 0x0000022e79048ff0 DEOPT PACKING pc=0x0000022e00f0351a sp=0x00000040142feb70
Event: 43.269 Thread 0x0000022e79048ff0 DEOPT UNPACKING pc=0x0000022e00052843 sp=0x00000040142fe078 mode 0
Event: 43.505 Thread 0x0000022e79048ff0 DEOPT PACKING pc=0x0000022e00f0351a sp=0x00000040142fec00
Event: 43.508 Thread 0x0000022e79048ff0 DEOPT UNPACKING pc=0x0000022e00052843 sp=0x00000040142fe108 mode 0
Event: 43.510 Thread 0x0000022e79048ff0 DEOPT PACKING pc=0x0000022e00f0351a sp=0x00000040142fec00
Event: 43.510 Thread 0x0000022e79048ff0 DEOPT UNPACKING pc=0x0000022e00052843 sp=0x00000040142fe108 mode 0
Event: 43.543 Thread 0x0000022e79048ff0 Uncommon trap: trap_request=0xffffffbe fr.pc=0x0000022e07ceb450 relative=0x00000000000034f0
Event: 43.543 Thread 0x0000022e79048ff0 Uncommon trap: reason=profile_predicate action=maybe_recompile pc=0x0000022e07ceb450 method=org.eclipse.jdt.internal.core.util.HashtableOfArrayToObject.getKey([Ljava/lang/Object;I)[Ljava/lang/Object; @ 61 c2
Event: 43.543 Thread 0x0000022e79048ff0 DEOPT PACKING pc=0x0000022e07ceb450 sp=0x00000040142fed00
Event: 43.543 Thread 0x0000022e79048ff0 DEOPT UNPACKING pc=0x0000022e000520a3 sp=0x00000040142fec78 mode 2
Event: 43.576 Thread 0x0000022e79048ff0 DEOPT PACKING pc=0x0000022e00f03628 sp=0x00000040142fec20
Event: 43.576 Thread 0x0000022e79048ff0 DEOPT UNPACKING pc=0x0000022e00052843 sp=0x00000040142fe148 mode 0
Event: 43.593 Thread 0x0000022e79048ff0 Uncommon trap: trap_request=0xffffff45 fr.pc=0x0000022e07ce26ec relative=0x000000000000014c
Event: 43.593 Thread 0x0000022e79048ff0 Uncommon trap: reason=unstable_if action=reinterpret pc=0x0000022e07ce26ec method=org.eclipse.jdt.internal.compiler.util.Util.isClassFileName(Ljava/lang/String;)Z @ 20 c2
Event: 43.593 Thread 0x0000022e79048ff0 DEOPT PACKING pc=0x0000022e07ce26ec sp=0x00000040142fed20
Event: 43.594 Thread 0x0000022e79048ff0 DEOPT UNPACKING pc=0x0000022e000520a3 sp=0x00000040142feca0 mode 2
Event: 43.598 Thread 0x0000022e79048ff0 Uncommon trap: trap_request=0xffffff45 fr.pc=0x0000022e07cf4818 relative=0x0000000000000098
Event: 43.598 Thread 0x0000022e79048ff0 Uncommon trap: reason=unstable_if action=reinterpret pc=0x0000022e07cf4818 method=org.eclipse.jdt.internal.compiler.impl.CompilerOptions.versionFromJdkLevel(J)Ljava/lang/String; @ 7 c2
Event: 43.598 Thread 0x0000022e79048ff0 DEOPT PACKING pc=0x0000022e07cf4818 sp=0x00000040142feda0
Event: 43.598 Thread 0x0000022e79048ff0 DEOPT UNPACKING pc=0x0000022e000520a3 sp=0x00000040142fed38 mode 2

Classes unloaded (7 events):
Event: 11.535 Thread 0x0000022e776398f0 Unloading class 0x000000010021c800 'java/lang/invoke/LambdaForm$MH+0x000000010021c800'
Event: 11.535 Thread 0x0000022e776398f0 Unloading class 0x000000010021c400 'java/lang/invoke/LambdaForm$MH+0x000000010021c400'
Event: 11.535 Thread 0x0000022e776398f0 Unloading class 0x000000010021c000 'java/lang/invoke/LambdaForm$MH+0x000000010021c000'
Event: 11.535 Thread 0x0000022e776398f0 Unloading class 0x000000010021bc00 'java/lang/invoke/LambdaForm$MH+0x000000010021bc00'
Event: 11.535 Thread 0x0000022e776398f0 Unloading class 0x000000010021b400 'java/lang/invoke/LambdaForm$BMH+0x000000010021b400'
Event: 11.535 Thread 0x0000022e776398f0 Unloading class 0x000000010021b000 'java/lang/invoke/LambdaForm$DMH+0x000000010021b000'
Event: 11.535 Thread 0x0000022e776398f0 Unloading class 0x0000000100218400 'java/lang/invoke/LambdaForm$DMH+0x0000000100218400'

Classes redefined (0 events):
No events

Internal exceptions (20 events):
Event: 14.076 Thread 0x0000022e79046e40 Exception <a 'java/lang/NoSuchMethodError'{0x00000000ebb21ee8}: 'java.lang.Object java.lang.invoke.DirectMethodHandle$Holder.newInvokeSpecial(java.lang.Object, java.lang.Object, java.lang.Object, java.lang.Object, java.lang.Object)'> (0x00000000ebb21ee8) 
thrown [e:\jenkins\tmp\workspace\build\src\src\hotspot\share\interpreter\linkResolver.cpp, line 766]
Event: 15.879 Thread 0x0000022e79229b40 Exception <a 'java/lang/ClassNotFoundException'{0x00000000eb09a5f8}: com/sun/org/apache/xerces/internal/impl/msg/spi/DOMMessagesProvider> (0x00000000eb09a5f8) 
thrown [e:\jenkins\tmp\workspace\build\src\src\hotspot\share\classfile\systemDictionary.cpp, line 256]
Event: 15.883 Thread 0x0000022e79229b40 Exception <a 'java/lang/ClassNotFoundException'{0x00000000eb0b61e0}: com/sun/org/apache/xerces/internal/impl/msg/spi/XMLSerializerMessagesProvider> (0x00000000eb0b61e0) 
thrown [e:\jenkins\tmp\workspace\build\src\src\hotspot\share\classfile\systemDictionary.cpp, line 256]
Event: 15.884 Thread 0x0000022e79229b40 Exception <a 'java/lang/ClassNotFoundException'{0x00000000eb0c34b8}: com/sun/org/apache/xerces/internal/impl/msg/spi/XMLMessagesProvider> (0x00000000eb0c34b8) 
thrown [e:\jenkins\tmp\workspace\build\src\src\hotspot\share\classfile\systemDictionary.cpp, line 256]
Event: 26.290 Thread 0x0000022e79229b40 Exception <a 'sun/nio/fs/WindowsException'{0x00000000eb271f70}> (0x00000000eb271f70) 
thrown [e:\jenkins\tmp\workspace\build\src\src\hotspot\share\prims\jni.cpp, line 516]
Event: 26.578 Thread 0x0000022e79046e40 Exception <a 'java/lang/NoClassDefFoundError'{0x00000000eb4e62e8}: javax/enterprise/inject/Typed> (0x00000000eb4e62e8) 
thrown [e:\jenkins\tmp\workspace\build\src\src\hotspot\share\classfile\systemDictionary.cpp, line 245]
Event: 27.913 Thread 0x0000022e79229b40 Exception <a 'java/lang/NoSuchMethodError'{0x00000000ebae6030}: 'java.lang.Object java.lang.invoke.DirectMethodHandle$Holder.invokeStaticInit(java.lang.Object, int, int, int, int)'> (0x00000000ebae6030) 
thrown [e:\jenkins\tmp\workspace\build\src\src\hotspot\share\interpreter\linkResolver.cpp, line 766]
Event: 32.072 Thread 0x0000022e79229b40 Exception <a 'java/lang/NoSuchMethodError'{0x00000000eb6cc1f8}: 'java.lang.Object java.lang.invoke.DirectMethodHandle$Holder.invokeStaticInit(java.lang.Object, java.lang.Object, int, int, int, int)'> (0x00000000eb6cc1f8) 
thrown [e:\jenkins\tmp\workspace\build\src\src\hotspot\share\interpreter\linkResolver.cpp, line 766]
Event: 32.434 Thread 0x0000022e79229b40 Exception <a 'java/lang/ClassNotFoundException'{0x00000000eafa2600}: com/sun/org/apache/xml/internal/serializer/spi/XMLEntitiesProvider> (0x00000000eafa2600) 
thrown [e:\jenkins\tmp\workspace\build\src\src\hotspot\share\classfile\systemDictionary.cpp, line 256]
Event: 33.596 Thread 0x0000022e79229b40 Exception <a 'java/io/FileNotFoundException'{0x00000000eb9539c0}> (0x00000000eb9539c0) 
thrown [e:\jenkins\tmp\workspace\build\src\src\hotspot\share\prims\jni.cpp, line 516]
Event: 35.193 Thread 0x0000022e79046e40 Exception <a 'java/lang/NoClassDefFoundError'{0x00000000eacac3a8}: com/google/inject/servlet/ServletModuleTargetVisitor> (0x00000000eacac3a8) 
thrown [e:\jenkins\tmp\workspace\build\src\src\hotspot\share\classfile\systemDictionary.cpp, line 245]
Event: 36.937 Thread 0x0000022e79229b40 Exception <a 'java/lang/UnsatisfiedLinkError'{0x00000000eb524ce8}: The specified procedure could not be found.
> (0x00000000eb524ce8) 
thrown [e:\jenkins\tmp\workspace\build\src\src\hotspot\share\prims\jni.cpp, line 535]
Event: 37.278 Thread 0x0000022e79229b40 Exception <a 'java/io/FileNotFoundException'{0x00000000eb548aa8}> (0x00000000eb548aa8) 
thrown [e:\jenkins\tmp\workspace\build\src\src\hotspot\share\prims\jni.cpp, line 516]
Event: 37.304 Thread 0x0000022e79229b40 Exception <a 'java/io/FileNotFoundException'{0x00000000eb5b8320}> (0x00000000eb5b8320) 
thrown [e:\jenkins\tmp\workspace\build\src\src\hotspot\share\prims\jni.cpp, line 516]
Event: 37.328 Thread 0x0000022e79229b40 Exception <a 'java/lang/UnsatisfiedLinkError'{0x00000000eb63c928}: The specified procedure could not be found.
> (0x00000000eb63c928) 
thrown [e:\jenkins\tmp\workspace\build\src\src\hotspot\share\prims\jni.cpp, line 535]
Event: 38.186 Thread 0x0000022e7287ef90 Exception <a 'java/lang/NoSuchMethodError'{0x00000000ebb36ff8}: 'void java.lang.invoke.DirectMethodHandle$Holder.invokeStatic(java.lang.Object, java.lang.Object, java.lang.Object, java.lang.Object)'> (0x00000000ebb36ff8) 
thrown [e:\jenkins\tmp\workspace\build\src\src\hotspot\share\interpreter\linkResolver.cpp, line 766]
Event: 38.642 Thread 0x0000022e7287ef90 Exception <a 'java/lang/NoSuchMethodError'{0x00000000ead88ff0}: 'void java.lang.invoke.DirectMethodHandle$Holder.invokeSpecial(java.lang.Object, java.lang.Object, java.lang.Object, java.lang.Object, java.lang.Object, java.lang.Object)'> (0x00000000ead88ff0) 
thrown [e:\jenkins\tmp\workspace\build\src\src\hotspot\share\interpreter\linkResolver.cpp, line 766]
Event: 40.469 Thread 0x0000022e79049e60 Exception <a 'java/io/FileNotFoundException'{0x00000000eb22fad0}> (0x00000000eb22fad0) 
thrown [e:\jenkins\tmp\workspace\build\src\src\hotspot\share\prims\jni.cpp, line 516]
Event: 42.226 Thread 0x0000022e79048ff0 Exception <a 'java/lang/NoSuchMethodError'{0x00000000ebde04f0}: 'int java.lang.invoke.DirectMethodHandle$Holder.invokeInterface(java.lang.Object, java.lang.Object)'> (0x00000000ebde04f0) 
thrown [e:\jenkins\tmp\workspace\build\src\src\hotspot\share\interpreter\linkResolver.cpp, line 766]
Event: 42.226 Thread 0x0000022e79048ff0 Exception <a 'java/lang/IncompatibleClassChangeError'{0x00000000ebde3a18}: Found class java.lang.Object, but interface was expected> (0x00000000ebde3a18) 
thrown [e:\jenkins\tmp\workspace\build\src\src\hotspot\share\interpreter\linkResolver.cpp, line 833]

VM Operations (20 events):
Event: 36.918 Executing VM operation: HandshakeAllThreads
Event: 36.918 Executing VM operation: HandshakeAllThreads done
Event: 36.922 Executing VM operation: HandshakeAllThreads
Event: 36.922 Executing VM operation: HandshakeAllThreads done
Event: 37.929 Executing VM operation: Cleanup
Event: 37.930 Executing VM operation: Cleanup done
Event: 38.588 Executing VM operation: ParallelGCFailedAllocation
Event: 38.602 Executing VM operation: ParallelGCFailedAllocation done
Event: 39.686 Executing VM operation: Cleanup
Event: 39.855 Executing VM operation: Cleanup done
Event: 40.458 Executing VM operation: HandshakeAllThreads
Event: 40.458 Executing VM operation: HandshakeAllThreads done
Event: 41.473 Executing VM operation: Cleanup
Event: 41.491 Executing VM operation: Cleanup done
Event: 42.505 Executing VM operation: Cleanup
Event: 42.505 Executing VM operation: Cleanup done
Event: 42.810 Executing VM operation: ParallelGCFailedAllocation
Event: 42.817 Executing VM operation: ParallelGCFailedAllocation done
Event: 43.651 Executing VM operation: ParallelGCFailedAllocation
Event: 43.679 Executing VM operation: ParallelGCFailedAllocation done

Events (20 events):
Event: 42.162 loading class jdk/internal/math/FormattedFloatingDecimal$1
Event: 42.162 loading class jdk/internal/math/FormattedFloatingDecimal$1 done
Event: 42.162 loading class jdk/internal/math/FormattedFloatingDecimal$2
Event: 42.162 loading class jdk/internal/math/FormattedFloatingDecimal$2 done
Event: 42.164 loading class jdk/internal/reflect/UnsafeIntegerFieldAccessorImpl
Event: 42.167 loading class jdk/internal/reflect/UnsafeIntegerFieldAccessorImpl done
Event: 42.203 loading class java/util/TreeMap$ValueSpliterator
Event: 42.204 loading class java/util/TreeMap$TreeMapSpliterator
Event: 42.204 loading class java/util/TreeMap$TreeMapSpliterator done
Event: 42.204 loading class java/util/TreeMap$ValueSpliterator done
Event: 42.206 loading class java/util/AbstractList$RandomAccessSpliterator
Event: 42.207 loading class java/util/AbstractList$RandomAccessSpliterator done
Event: 42.418 loading class sun/net/www/protocol/https/Handler
Event: 42.418 loading class sun/net/www/protocol/http/Handler
Event: 42.421 loading class sun/net/www/protocol/http/Handler done
Event: 42.421 loading class sun/net/www/protocol/https/Handler done
Event: 42.786 loading class java/util/regex/Pattern$BackRef
Event: 42.787 loading class java/util/regex/Pattern$BackRef done
Event: 42.795 loading class java/lang/ThreadLocal$SuppliedThreadLocal
Event: 42.797 loading class java/lang/ThreadLocal$SuppliedThreadLocal done


Dynamic libraries:
0x00007ff79d4a0000 - 0x00007ff79d4ae000 	c:\Users\gilbe\.vscode\extensions\redhat.java-1.9.0-win32-x64\jre\17.0.3-win32-x86_64\bin\java.exe
0x00007ff8b7ed0000 - 0x00007ff8b80c8000 	C:\windows\SYSTEM32\ntdll.dll
0x00007ff8b7510000 - 0x00007ff8b75cd000 	C:\windows\System32\KERNEL32.DLL
0x00007ff8b5940000 - 0x00007ff8b5c0e000 	C:\windows\System32\KERNELBASE.dll
0x00007ff8b5de0000 - 0x00007ff8b5ee0000 	C:\windows\System32\ucrtbase.dll
0x00007ff8ad330000 - 0x00007ff8ad348000 	c:\Users\gilbe\.vscode\extensions\redhat.java-1.9.0-win32-x64\jre\17.0.3-win32-x86_64\bin\jli.dll
0x00007ff8b5f40000 - 0x00007ff8b60e0000 	C:\windows\System32\USER32.dll
0x00007ff8b5910000 - 0x00007ff8b5932000 	C:\windows\System32\win32u.dll
0x00007ff8b7df0000 - 0x00007ff8b7e1a000 	C:\windows\System32\GDI32.dll
0x00007ff8b5cd0000 - 0x00007ff8b5ddb000 	C:\windows\System32\gdi32full.dll
0x00007ff8b57c0000 - 0x00007ff8b585d000 	C:\windows\System32\msvcp_win.dll
0x00007ff8ad0c0000 - 0x00007ff8ad0d9000 	c:\Users\gilbe\.vscode\extensions\redhat.java-1.9.0-win32-x64\jre\17.0.3-win32-x86_64\bin\VCRUNTIME140.dll
0x00007ff89edf0000 - 0x00007ff89f08a000 	C:\windows\WinSxS\amd64_microsoft.windows.common-controls_6595b64144ccf1df_6.0.19041.1110_none_60b5254171f9507e\COMCTL32.dll
0x00007ff8b7ab0000 - 0x00007ff8b7b4e000 	C:\windows\System32\msvcrt.dll
0x00007ff8b7720000 - 0x00007ff8b7750000 	C:\windows\System32\IMM32.DLL
0x00007ff8ad810000 - 0x00007ff8ad81c000 	c:\Users\gilbe\.vscode\extensions\redhat.java-1.9.0-win32-x64\jre\17.0.3-win32-x86_64\bin\vcruntime140_1.dll
0x00007ff890aa0000 - 0x00007ff890b31000 	c:\Users\gilbe\.vscode\extensions\redhat.java-1.9.0-win32-x64\jre\17.0.3-win32-x86_64\bin\msvcp140.dll
0x00007ff871760000 - 0x00007ff8723a8000 	c:\Users\gilbe\.vscode\extensions\redhat.java-1.9.0-win32-x64\jre\17.0.3-win32-x86_64\bin\server\jvm.dll
0x00007ff8b63f0000 - 0x00007ff8b649e000 	C:\windows\System32\ADVAPI32.dll
0x00007ff8b7470000 - 0x00007ff8b750c000 	C:\windows\System32\sechost.dll
0x00007ff8b7210000 - 0x00007ff8b7335000 	C:\windows\System32\RPCRT4.dll
0x00007ff8b5f30000 - 0x00007ff8b5f38000 	C:\windows\System32\PSAPI.DLL
0x00007ff8aeae0000 - 0x00007ff8aeae9000 	C:\windows\SYSTEM32\WSOCK32.dll
0x00007ff8b7140000 - 0x00007ff8b71ab000 	C:\windows\System32\WS2_32.dll
0x00007ff8ac360000 - 0x00007ff8ac387000 	C:\windows\SYSTEM32\WINMM.dll
0x00007ff8ac390000 - 0x00007ff8ac39a000 	C:\windows\SYSTEM32\VERSION.dll
0x00007ff8b34f0000 - 0x00007ff8b3502000 	C:\windows\SYSTEM32\kernel.appcore.dll
0x00007ff8ad670000 - 0x00007ff8ad67a000 	c:\Users\gilbe\.vscode\extensions\redhat.java-1.9.0-win32-x64\jre\17.0.3-win32-x86_64\bin\jimage.dll
0x00007ff89fd40000 - 0x00007ff89ff24000 	C:\windows\SYSTEM32\DBGHELP.DLL
0x00007ff89a020000 - 0x00007ff89a04c000 	C:\windows\SYSTEM32\dbgcore.DLL
0x00007ff8b5c10000 - 0x00007ff8b5c92000 	C:\windows\System32\bcryptPrimitives.dll
0x00007ff8ad4d0000 - 0x00007ff8ad4de000 	c:\Users\gilbe\.vscode\extensions\redhat.java-1.9.0-win32-x64\jre\17.0.3-win32-x86_64\bin\instrument.dll
0x00007ff8a2d40000 - 0x00007ff8a2d65000 	c:\Users\gilbe\.vscode\extensions\redhat.java-1.9.0-win32-x64\jre\17.0.3-win32-x86_64\bin\java.dll
0x00007ff8a6a80000 - 0x00007ff8a6a98000 	c:\Users\gilbe\.vscode\extensions\redhat.java-1.9.0-win32-x64\jre\17.0.3-win32-x86_64\bin\zip.dll
0x00007ff8b6500000 - 0x00007ff8b6c44000 	C:\windows\System32\SHELL32.dll
0x00007ff8b36f0000 - 0x00007ff8b3e84000 	C:\windows\SYSTEM32\windows.storage.dll
0x00007ff8b7750000 - 0x00007ff8b7aa4000 	C:\windows\System32\combase.dll
0x00007ff8b4f80000 - 0x00007ff8b4fb0000 	C:\windows\SYSTEM32\Wldp.dll
0x00007ff8b6290000 - 0x00007ff8b633d000 	C:\windows\System32\SHCORE.dll
0x00007ff8b64a0000 - 0x00007ff8b64f5000 	C:\windows\System32\shlwapi.dll
0x00007ff8b5530000 - 0x00007ff8b554f000 	C:\windows\SYSTEM32\profapi.dll
0x00007ff8ad6c0000 - 0x00007ff8ad6d9000 	C:\Users\gilbe\.vscode\extensions\redhat.java-1.9.0-win32-x64\jre\17.0.3-win32-x86_64\bin\net.dll
0x00007ff8a6530000 - 0x00007ff8a663a000 	C:\windows\SYSTEM32\WINHTTP.dll
0x00007ff8b4ce0000 - 0x00007ff8b4d4a000 	C:\windows\system32\mswsock.dll
0x00007ff89e580000 - 0x00007ff89e595000 	C:\Users\gilbe\.vscode\extensions\redhat.java-1.9.0-win32-x64\jre\17.0.3-win32-x86_64\bin\nio.dll
0x00007ff8ad3a0000 - 0x00007ff8ad3b0000 	c:\Users\gilbe\.vscode\extensions\redhat.java-1.9.0-win32-x64\jre\17.0.3-win32-x86_64\bin\verify.dll
0x00007ff89d860000 - 0x00007ff89d89e000 	C:\Users\gilbe\AppData\Roaming\Code\User\globalStorage\redhat.java\1.9.0\config_win\org.eclipse.equinox.launcher\org.eclipse.equinox.launcher.win32.win32.x86_64_1.2.500.v20220509-0833\eclipse_11700.dll
0x00007ff8b7cc0000 - 0x00007ff8b7dea000 	C:\windows\System32\ole32.dll
0x00007ff8b4ed0000 - 0x00007ff8b4ee8000 	C:\windows\SYSTEM32\CRYPTSP.dll
0x00007ff8b4660000 - 0x00007ff8b4694000 	C:\windows\system32\rsaenh.dll
0x00007ff8b5ca0000 - 0x00007ff8b5cc7000 	C:\windows\System32\bcrypt.dll
0x00007ff8b54b0000 - 0x00007ff8b54de000 	C:\windows\SYSTEM32\USERENV.dll
0x00007ff8b4ef0000 - 0x00007ff8b4efc000 	C:\windows\SYSTEM32\CRYPTBASE.dll
0x00007ff8b49d0000 - 0x00007ff8b4a0b000 	C:\windows\SYSTEM32\IPHLPAPI.DLL
0x00007ff8b7e80000 - 0x00007ff8b7e88000 	C:\windows\System32\NSI.dll
0x00007ff8a9a30000 - 0x00007ff8a9a47000 	C:\windows\SYSTEM32\dhcpcsvc6.DLL
0x00007ff8a9da0000 - 0x00007ff8a9dbd000 	C:\windows\SYSTEM32\dhcpcsvc.DLL
0x00007ff8b4a10000 - 0x00007ff8b4adb000 	C:\windows\SYSTEM32\DNSAPI.dll
0x00007ff887b30000 - 0x00007ff887b74000 	C:\Users\gilbe\AppData\Local\Temp\jna-98357645\jna16796674379400631614.dll

dbghelp: loaded successfully - version: 4.0.5 - missing functions: none
symbol engine: initialized successfully - sym options: 0x614 - pdb path: .;c:\Users\gilbe\.vscode\extensions\redhat.java-1.9.0-win32-x64\jre\17.0.3-win32-x86_64\bin;C:\windows\SYSTEM32;C:\windows\WinSxS\amd64_microsoft.windows.common-controls_6595b64144ccf1df_6.0.19041.1110_none_60b5254171f9507e;c:\Users\gilbe\.vscode\extensions\redhat.java-1.9.0-win32-x64\jre\17.0.3-win32-x86_64\bin\server;C:\Users\gilbe\AppData\Roaming\Code\User\globalStorage\redhat.java\1.9.0\config_win\org.eclipse.equinox.launcher\org.eclipse.equinox.launcher.win32.win32.x86_64_1.2.500.v20220509-0833;C:\Users\gilbe\AppData\Local\Temp\jna-98357645

VM Arguments:
jvm_args: --add-modules=ALL-SYSTEM --add-opens=java.base/java.util=ALL-UNNAMED --add-opens=java.base/java.lang=ALL-UNNAMED --add-opens=java.base/sun.nio.fs=ALL-UNNAMED -Declipse.application=org.eclipse.jdt.ls.core.id1 -Dosgi.bundles.defaultStartLevel=4 -Declipse.product=org.eclipse.jdt.ls.core.product -Djava.import.generatesMetadataFilesAtProjectRoot=false -Dfile.encoding=utf8 -DwatchParentProcess=false -XX:+UseParallelGC -XX:GCTimeRatio=4 -XX:AdaptiveSizePolicyWeight=90 -Dsun.zip.disableMemoryMapping=true -Xmx1G -Xms100m -javaagent:c:\Users\gilbe\.vscode\extensions\redhat.java-1.9.0-win32-x64\lombok\lombok-1.18.24.jar -XX:+HeapDumpOnOutOfMemoryError -XX:HeapDumpPath=c:\Users\gilbe\AppData\Roaming\Code\User\workspaceStorage\aa3662ed1f767828a8cb38a65ed2c5a5\redhat.java 
java_command: c:\Users\gilbe\.vscode\extensions\redhat.java-1.9.0-win32-x64\server\plugins\org.eclipse.equinox.launcher_1.6.400.v20210924-0641.jar -configuration c:\Users\gilbe\AppData\Roaming\Code\User\globalStorage\redhat.java\1.9.0\config_win -data c:\Users\gilbe\AppData\Roaming\Code\User\workspaceStorage\aa3662ed1f767828a8cb38a65ed2c5a5\redhat.java\jdt_ws
java_class_path (initial): c:\Users\gilbe\.vscode\extensions\redhat.java-1.9.0-win32-x64\server\plugins\org.eclipse.equinox.launcher_1.6.400.v20210924-0641.jar
Launcher Type: SUN_STANDARD

[Global flags]
    uintx AdaptiveSizePolicyWeight                 = 90                                        {product} {command line}
     intx CICompilerCount                          = 2                                         {product} {ergonomic}
    uintx GCTimeRatio                              = 4                                         {product} {command line}
     bool HeapDumpOnOutOfMemoryError               = true                                   {manageable} {command line}
    ccstr HeapDumpPath                             = c:\Users\gilbe\AppData\Roaming\Code\User\workspaceStorage\aa3662ed1f767828a8cb38a65ed2c5a5\redhat.java         {manageable} {command line}
   size_t InitialHeapSize                          = 104857600                                 {product} {command line}
   size_t MaxHeapSize                              = 1073741824                                {product} {command line}
   size_t MaxNewSize                               = 357564416                                 {product} {ergonomic}
   size_t MinHeapDeltaBytes                        = 524288                                    {product} {ergonomic}
   size_t MinHeapSize                              = 104857600                                 {product} {command line}
   size_t NewSize                                  = 34603008                                  {product} {ergonomic}
    uintx NonNMethodCodeHeapSize                   = 5826188                                {pd product} {ergonomic}
    uintx NonProfiledCodeHeapSize                  = 122916026                              {pd product} {ergonomic}
   size_t OldSize                                  = 70254592                                  {product} {ergonomic}
    uintx ProfiledCodeHeapSize                     = 122916026                              {pd product} {ergonomic}
    uintx ReservedCodeCacheSize                    = 251658240                              {pd product} {ergonomic}
     bool SegmentedCodeCache                       = true                                      {product} {ergonomic}
   size_t SoftMaxHeapSize                          = 1073741824                             {manageable} {ergonomic}
     bool UseCompressedClassPointers               = true                           {product lp64_product} {ergonomic}
     bool UseCompressedOops                        = true                           {product lp64_product} {ergonomic}
     bool UseLargePagesIndividualAllocation        = false                                  {pd product} {ergonomic}
     bool UseParallelGC                            = true                                      {product} {command line}

Logging:
Log output configuration:
 #0: stdout all=warning uptime,level,tags
 #1: stderr all=off uptime,level,tags

Environment Variables:
PATH=C:\Program Files (x86)\Common Files\Oracle\Java\javapath;C:\windows\system32;C:\windows;C:\windows\System32\Wbem;C:\windows\System32\WindowsPowerShell\v1.0\;C:\windows\System32\OpenSSH\;C:\Program Files\nodejs\;C:\ProgramData\chocolatey\bin;C:\Users\gilbe\AppData\Local\Programs\Python\Python310\Scripts\;C:\Users\gilbe\AppData\Local\Programs\Python\Python310\;C:\Users\gilbe\AppData\Local\Microsoft\WindowsApps;C:\Users\gilbe\AppData\Local\Programs\Microsoft VS Code\bin;C:\Users\gilbe\AppData\Roaming\npm;C:\Program Files\Java\jdk1.8.0_311\bin;C:\Program Files\Java\jre1.8.0_341\bin;
USERNAME=gilbe
OS=Windows_NT
PROCESSOR_IDENTIFIER=AMD64 Family 23 Model 24 Stepping 1, AuthenticAMD



---------------  S Y S T E M  ---------------

OS:
 Windows 10 , 64 bit Build 19041 (10.0.19041.1806)
OS uptime: 25 days 13:23 hours

CPU: total 2 (initial active 2) (2 cores per cpu, 1 threads per core) family 23 model 24 stepping 1 microcode 0x0, cx8, cmov, fxsr, mmx, 3dnowpref, sse, sse2, sse3, ssse3, sse4a, sse4.1, sse4.2, popcnt, lzcnt, tsc, tscinvbit, avx, avx2, aes, clmul, bmi1, bmi2, adx, sha, fma, vzeroupper, clflush, clflushopt

Memory: 4k page, system-wide physical 3463M (111M free)
TotalPageFile size 14215M (AvailPageFile size 4M)
current process WorkingSet (physical memory assigned to process): 123M, peak: 143M
current process commit charge ("private bytes"): 240M, peak: 251M

vm_info: OpenJDK 64-Bit Server VM (17.0.3+7) for windows-amd64 JRE (17.0.3+7), built on Apr 19 2022 16:55:35 by "" with MS VC++ 16.7 (VS2019)

END.
