#
# There is insufficient memory for the Java Runtime Environment to continue.
# Native memory allocation (mmap) failed to map 205520896 bytes for G1 virtual space
# Possible reasons:
#   The system is out of physical RAM or swap space
#   The process is running with CompressedOops enabled, and the Java Heap may be blocking the growth of the native heap
# Possible solutions:
#   Reduce memory load on the system
#   Increase physical memory or swap space
#   Check if swap backing store is full
#   Decrease Java heap size (-Xmx/-Xms)
#   Decrease number of Java threads
#   Decrease Java thread stack sizes (-Xss)
#   Set larger code cache with -XX:ReservedCodeCacheSize=
#   JVM is running with Unscaled Compressed Oops mode in which the Java heap is
#     placed in the first 4GB address space. The Java Heap base address is the
#     maximum limit for the native heap growth. Please use -XX:HeapBaseMinAddress
#     to set the Java Heap base and to place the Java Heap above 4GB virtual address.
# This output file may be truncated or incomplete.
#
#  Out of Memory Error (os_windows.cpp:3535), pid=7068, tid=19384
#
# JRE version: OpenJDK Runtime Environment Temurin-17.0.3+7 (17.0.3+7) (build 17.0.3+7)
# Java VM: OpenJDK 64-Bit Server VM Temurin-17.0.3+7 (17.0.3+7, mixed mode, emulated-client, tiered, compressed oops, compressed class ptrs, g1 gc, windows-amd64)
# No core dump will be written. Minidumps are not enabled by default on client versions of Windows
#

---------------  S U M M A R Y ------------

Command Line: -Dsts.lsp.client=vscode -Dsts.log.file=/dev/null -XX:TieredStopAtLevel=1 -Dspring.config.location=file:c:\Users\gilbe\.vscode\extensions\pivotal.vscode-spring-boot-1.38.0\language-server\BOOT-INF\classes\application.properties org.springframework.ide.vscode.boot.app.BootLanguageServerBootApp

Host: AMD Athlon Silver 3050U with Radeon Graphics   , 2 cores, 3G,  Windows 10 , 64 bit Build 19041 (10.0.19041.1806)
Time: Thu Aug 11 21:08:19 2022 Central Daylight Time elapsed time: 13.064754 seconds (0d 0h 0m 13s)

---------------  T H R E A D  ---------------

Current thread (0x000001f35685a650):  VMThread "VM Thread" [stack: 0x0000009e87900000,0x0000009e87a00000] [id=19384]

Stack: [0x0000009e87900000,0x0000009e87a00000]
Native frames: (J=compiled Java code, j=interpreted, Vv=VM code, C=native code)
V  [jvm.dll+0x675efa]
V  [jvm.dll+0x830a24]
V  [jvm.dll+0x8321ce]
V  [jvm.dll+0x832833]
V  [jvm.dll+0x2454b5]
V  [jvm.dll+0x672de9]
V  [jvm.dll+0x667732]
V  [jvm.dll+0x3043ab]
V  [jvm.dll+0x30b8f6]
V  [jvm.dll+0x35b62e]
V  [jvm.dll+0x35b85f]
V  [jvm.dll+0x2db248]
V  [jvm.dll+0x2d94fc]
V  [jvm.dll+0x2d8acc]
V  [jvm.dll+0x31ca2b]
V  [jvm.dll+0x836cdb]
V  [jvm.dll+0x837a14]
V  [jvm.dll+0x837f2c]
V  [jvm.dll+0x838304]
V  [jvm.dll+0x8383d0]
V  [jvm.dll+0x7e0cfa]
V  [jvm.dll+0x674d85]
C  [ucrtbase.dll+0x21bb2]
C  [KERNEL32.DLL+0x17034]
C  [ntdll.dll+0x52651]

VM_Operation (0x0000009e88ffdce0): G1CollectForAllocation, mode: safepoint, requested by thread 0x000001f3590b9a20


---------------  P R O C E S S  ---------------

Threads class SMR info:
_java_thread_list=0x000001f3590d3140, length=27, elements={
0x000001f356871750, 0x000001f3568725c0, 0x000001f3568af130, 0x000001f3568b1eb0,
0x000001f3568b4880, 0x000001f3568b5230, 0x000001f3568b5be0, 0x000001f3568df970,
0x000001f357580be0, 0x000001f35758b390, 0x000001f34adb6250, 0x000001f358e10db0,
0x000001f358de40b0, 0x000001f358d4d5f0, 0x000001f34adb52a0, 0x000001f3579f0370,
0x000001f3579f50b0, 0x000001f359072a90, 0x000001f359072f60, 0x000001f359074950,
0x000001f3590b9a20, 0x000001f3590b6060, 0x000001f3590b8bb0, 0x000001f3590b7870,
0x000001f3590b7d40, 0x000001f3590b86e0, 0x000001f3590b9080
}

Java Threads: ( => current thread )
  0x000001f356871750 JavaThread "Reference Handler" daemon [_thread_blocked, id=8248, stack(0x0000009e87a00000,0x0000009e87b00000)]
  0x000001f3568725c0 JavaThread "Finalizer" daemon [_thread_blocked, id=17384, stack(0x0000009e87b00000,0x0000009e87c00000)]
  0x000001f3568af130 JavaThread "Signal Dispatcher" daemon [_thread_blocked, id=8956, stack(0x0000009e87c00000,0x0000009e87d00000)]
  0x000001f3568b1eb0 JavaThread "Attach Listener" daemon [_thread_blocked, id=20240, stack(0x0000009e87d00000,0x0000009e87e00000)]
  0x000001f3568b4880 JavaThread "Service Thread" daemon [_thread_blocked, id=16536, stack(0x0000009e87e00000,0x0000009e87f00000)]
  0x000001f3568b5230 JavaThread "Monitor Deflation Thread" daemon [_thread_blocked, id=868, stack(0x0000009e87f00000,0x0000009e88000000)]
  0x000001f3568b5be0 JavaThread "C1 CompilerThread0" daemon [_thread_blocked, id=3160, stack(0x0000009e88000000,0x0000009e88100000)]
  0x000001f3568df970 JavaThread "Sweeper thread" daemon [_thread_blocked, id=3440, stack(0x0000009e88100000,0x0000009e88200000)]
  0x000001f357580be0 JavaThread "Notification Thread" daemon [_thread_blocked, id=10984, stack(0x0000009e88200000,0x0000009e88300000)]
  0x000001f35758b390 JavaThread "Common-Cleaner" daemon [_thread_blocked, id=9860, stack(0x0000009e88400000,0x0000009e88500000)]
  0x000001f34adb6250 JavaThread "C1 CompilerThread1" daemon [_thread_blocked, id=15396, stack(0x0000009e88500000,0x0000009e88600000)]
  0x000001f358e10db0 JavaThread "Thread-1" [_thread_blocked, id=8440, stack(0x0000009e88700000,0x0000009e88800000)]
  0x000001f358de40b0 JavaThread "pool-7-thread-1" [_thread_blocked, id=1896, stack(0x0000009e88800000,0x0000009e88900000)]
  0x000001f358d4d5f0 JavaThread "LanguageServerApp-lifecycle" [_thread_blocked, id=10344, stack(0x0000009e88900000,0x0000009e88a00000)]
  0x000001f34adb52a0 JavaThread "DestroyJavaVM" [_thread_blocked, id=8120, stack(0x0000009e87200000,0x0000009e87300000)]
  0x000001f3579f0370 JavaThread "pool-8-thread-1" [_thread_in_native, id=19784, stack(0x0000009e88a00000,0x0000009e88b00000)]
  0x000001f3579f50b0 JavaThread "ClassGraph-worker-0" daemon [_thread_blocked, id=11168, stack(0x0000009e88b00000,0x0000009e88c00000)]
  0x000001f359072a90 JavaThread "Simple-Language-Server main thread" daemon [_thread_blocked, id=8948, stack(0x0000009e88c00000,0x0000009e88d00000)]
  0x000001f359072f60 JavaThread "ClassGraph-worker-1" daemon [_thread_blocked, id=7440, stack(0x0000009e88d00000,0x0000009e88e00000)]
  0x000001f359074950 JavaThread "ClassGraph-worker-2" daemon [_thread_blocked, id=13872, stack(0x0000009e88e00000,0x0000009e88f00000)]
  0x000001f3590b9a20 JavaThread "ClassGraph-worker-3" daemon [_thread_blocked, id=15808, stack(0x0000009e88f00000,0x0000009e89000000)]
  0x000001f3590b6060 JavaThread "pool-5-thread-1" [_thread_blocked, id=19316, stack(0x0000009e89000000,0x0000009e89100000)]
  0x000001f3590b8bb0 JavaThread "parallel-1" daemon [_thread_blocked, id=20212, stack(0x0000009e89100000,0x0000009e89200000)]
  0x000001f3590b7870 JavaThread "pool-2-thread-1" [_thread_blocked, id=13848, stack(0x0000009e89200000,0x0000009e89300000)]
  0x000001f3590b7d40 JavaThread "Reconciler-1" daemon [_thread_blocked, id=8512, stack(0x0000009e89400000,0x0000009e89500000)]
  0x000001f3590b86e0 JavaThread "pool-2-thread-2" [_thread_blocked, id=4548, stack(0x0000009e89500000,0x0000009e89600000)]
  0x000001f3590b9080 JavaThread "parallel-2" daemon [_thread_blocked, id=5456, stack(0x0000009e89300000,0x0000009e89400000)]

Other Threads:
=>0x000001f35685a650 VMThread "VM Thread" [stack: 0x0000009e87900000,0x0000009e87a00000] [id=19384]
  0x000001f3575810b0 WatcherThread [stack: 0x0000009e88300000,0x0000009e88400000] [id=19440]
  0x000001f34ade9ed0 GCTaskThread "GC Thread#0" [stack: 0x0000009e87400000,0x0000009e87500000] [id=5532]
  0x000001f3576c0550 GCTaskThread "GC Thread#1" [stack: 0x0000009e88600000,0x0000009e88700000] [id=18760]
  0x000001f34adf2e60 ConcurrentGCThread "G1 Main Marker" [stack: 0x0000009e87500000,0x0000009e87600000] [id=18128]
  0x000001f34adf4880 ConcurrentGCThread "G1 Conc#0" [stack: 0x0000009e87600000,0x0000009e87700000] [id=9036]
  0x000001f34ae27c50 ConcurrentGCThread "G1 Refine#0" [stack: 0x0000009e87700000,0x0000009e87800000] [id=15736]
  0x000001f3591745d0 ConcurrentGCThread "G1 Refine#1" [stack: 0x0000009e89600000,0x0000009e89700000] [id=8144]
  0x000001f34ae28670 ConcurrentGCThread "G1 Service" [stack: 0x0000009e87800000,0x0000009e87900000] [id=18060]

Threads with active compile tasks:

VM state: at safepoint (normal execution)

VM Mutex/Monitor currently owned by a thread:  ([mutex/lock_event])
[0x000001f34acb6860] Threads_lock - owner thread: 0x000001f35685a650
[0x000001f34adb3770] Heap_lock - owner thread: 0x000001f3590b9a20

Heap address: 0x00000000c9e00000, size: 866 MB, Compressed Oops mode: 32-bit

CDS archive(s) not mapped
Compressed class space mapped at: 0x0000000100000000-0x0000000140000000, reserved size: 1073741824
Narrow klass base: 0x0000000000000000, Narrow klass shift: 3, Narrow klass range: 0x140000000

GC Precious Log:
 CPUs: 2 total, 2 available
 Memory: 3463M
 Large Page Support: Disabled
 NUMA Support: Disabled
 Compressed Oops: Enabled (32-bit)
 Heap Region Size: 1M
 Heap Min Capacity: 8M
 Heap Initial Capacity: 56M
 Heap Max Capacity: 866M
 Pre-touch: Disabled
 Parallel Workers: 2
 Concurrent Workers: 1
 Concurrent Refinement Workers: 2
 Periodic GC: Disabled

Heap:
 garbage-first heap   total 163840K, used 75605K [0x00000000c9e00000, 0x0000000100000000)
  region size 1024K, 7 young (7168K), 7 survivors (7168K)
 Metaspace       used 35198K, committed 35520K, reserved 1081344K
  class space    used 4576K, committed 4736K, reserved 1048576K

Heap Regions: E=young(eden), S=young(survivor), O=old, HS=humongous(starts), HC=humongous(continues), CS=collection set, F=free, OA=open archive, CA=closed archive, TAMS=top-at-mark-start (previous, next)
|   0|0x00000000c9e00000, 0x00000000c9f00000, 0x00000000c9f00000|100%| O|  |TAMS 0x00000000c9f00000, 0x00000000c9e00000| Untracked 
|   1|0x00000000c9f00000, 0x00000000ca000000, 0x00000000ca000000|100%| O|  |TAMS 0x00000000ca000000, 0x00000000c9f00000| Untracked 
|   2|0x00000000ca000000, 0x00000000ca100000, 0x00000000ca100000|100%| O|  |TAMS 0x00000000ca100000, 0x00000000ca000000| Untracked 
|   3|0x00000000ca100000, 0x00000000ca200000, 0x00000000ca200000|100%| O|  |TAMS 0x00000000ca200000, 0x00000000ca100000| Untracked 
|   4|0x00000000ca200000, 0x00000000ca300000, 0x00000000ca300000|100%| O|  |TAMS 0x00000000ca300000, 0x00000000ca200000| Untracked 
|   5|0x00000000ca300000, 0x00000000ca400000, 0x00000000ca400000|100%| O|  |TAMS 0x00000000ca400000, 0x00000000ca300000| Untracked 
|   6|0x00000000ca400000, 0x00000000ca500000, 0x00000000ca500000|100%| O|  |TAMS 0x00000000ca500000, 0x00000000ca400000| Untracked 
|   7|0x00000000ca500000, 0x00000000ca600000, 0x00000000ca600000|100%| O|  |TAMS 0x00000000ca600000, 0x00000000ca500000| Untracked 
|   8|0x00000000ca600000, 0x00000000ca700000, 0x00000000ca700000|100%| O|  |TAMS 0x00000000ca700000, 0x00000000ca600000| Untracked 
|   9|0x00000000ca700000, 0x00000000ca800000, 0x00000000ca800000|100%| O|  |TAMS 0x00000000ca800000, 0x00000000ca700000| Untracked 
|  10|0x00000000ca800000, 0x00000000ca8fea00, 0x00000000ca900000| 99%| O|  |TAMS 0x00000000ca8fea00, 0x00000000ca800000| Untracked 
|  11|0x00000000ca900000, 0x00000000caa00000, 0x00000000caa00000|100%| O|  |TAMS 0x00000000caa00000, 0x00000000ca900000| Untracked 
|  12|0x00000000caa00000, 0x00000000cab00000, 0x00000000cab00000|100%| O|  |TAMS 0x00000000cab00000, 0x00000000caa00000| Untracked 
|  13|0x00000000cab00000, 0x00000000cac00000, 0x00000000cac00000|100%| O|  |TAMS 0x00000000cac00000, 0x00000000cab00000| Untracked 
|  14|0x00000000cac00000, 0x00000000cad00000, 0x00000000cad00000|100%| O|  |TAMS 0x00000000cad00000, 0x00000000cac00000| Untracked 
|  15|0x00000000cad00000, 0x00000000cae00000, 0x00000000cae00000|100%|HS|  |TAMS 0x00000000cad00000, 0x00000000cad00000| Complete 
|  16|0x00000000cae00000, 0x00000000caf00000, 0x00000000caf00000|100%| O|  |TAMS 0x00000000caf00000, 0x00000000cae00000| Untracked 
|  17|0x00000000caf00000, 0x00000000cb000000, 0x00000000cb000000|100%| O|  |TAMS 0x00000000cb000000, 0x00000000caf00000| Untracked 
|  18|0x00000000cb000000, 0x00000000cb100000, 0x00000000cb100000|100%| O|  |TAMS 0x00000000cb100000, 0x00000000cb000000| Untracked 
|  19|0x00000000cb100000, 0x00000000cb200000, 0x00000000cb200000|100%| O|  |TAMS 0x00000000cb200000, 0x00000000cb100000| Untracked 
|  20|0x00000000cb200000, 0x00000000cb300000, 0x00000000cb300000|100%| O|  |TAMS 0x00000000cb300000, 0x00000000cb200000| Untracked 
|  21|0x00000000cb300000, 0x00000000cb400000, 0x00000000cb400000|100%| O|  |TAMS 0x00000000cb400000, 0x00000000cb300000| Untracked 
|  22|0x00000000cb400000, 0x00000000cb500000, 0x00000000cb500000|100%| O|  |TAMS 0x00000000cb500000, 0x00000000cb400000| Untracked 
|  23|0x00000000cb500000, 0x00000000cb600000, 0x00000000cb600000|100%| O|  |TAMS 0x00000000cb600000, 0x00000000cb500000| Untracked 
|  24|0x00000000cb600000, 0x00000000cb700000, 0x00000000cb700000|100%| O|  |TAMS 0x00000000cb700000, 0x00000000cb600000| Untracked 
|  25|0x00000000cb700000, 0x00000000cb800000, 0x00000000cb800000|100%| O|  |TAMS 0x00000000cb800000, 0x00000000cb700000| Untracked 
|  26|0x00000000cb800000, 0x00000000cb900000, 0x00000000cb900000|100%| O|  |TAMS 0x00000000cb900000, 0x00000000cb800000| Untracked 
|  27|0x00000000cb900000, 0x00000000cba00000, 0x00000000cba00000|100%| O|  |TAMS 0x00000000cba00000, 0x00000000cb900000| Untracked 
|  28|0x00000000cba00000, 0x00000000cbb00000, 0x00000000cbb00000|100%| O|  |TAMS 0x00000000cbb00000, 0x00000000cba00000| Untracked 
|  29|0x00000000cbb00000, 0x00000000cbc00000, 0x00000000cbc00000|100%| O|  |TAMS 0x00000000cbb4f200, 0x00000000cbb00000| Untracked 
|  30|0x00000000cbc00000, 0x00000000cbd00000, 0x00000000cbd00000|100%| O|  |TAMS 0x00000000cbc00000, 0x00000000cbc00000| Untracked 
|  31|0x00000000cbd00000, 0x00000000cbe00000, 0x00000000cbe00000|100%| O|  |TAMS 0x00000000cbd00000, 0x00000000cbd00000| Untracked 
|  32|0x00000000cbe00000, 0x00000000cbf00000, 0x00000000cbf00000|100%| O|  |TAMS 0x00000000cbe00000, 0x00000000cbe00000| Untracked 
|  33|0x00000000cbf00000, 0x00000000cc000000, 0x00000000cc000000|100%| O|  |TAMS 0x00000000cbf00000, 0x00000000cbf00000| Untracked 
|  34|0x00000000cc000000, 0x00000000cc100000, 0x00000000cc100000|100%| O|  |TAMS 0x00000000cc000000, 0x00000000cc000000| Untracked 
|  35|0x00000000cc100000, 0x00000000cc200000, 0x00000000cc200000|100%| O|  |TAMS 0x00000000cc100000, 0x00000000cc100000| Untracked 
|  36|0x00000000cc200000, 0x00000000cc300000, 0x00000000cc300000|100%| O|  |TAMS 0x00000000cc200000, 0x00000000cc200000| Untracked 
|  37|0x00000000cc300000, 0x00000000cc400000, 0x00000000cc400000|100%|HS|  |TAMS 0x00000000cc300000, 0x00000000cc300000| Complete 
|  38|0x00000000cc400000, 0x00000000cc500000, 0x00000000cc500000|100%| O|  |TAMS 0x00000000cc400000, 0x00000000cc400000| Untracked 
|  39|0x00000000cc500000, 0x00000000cc600000, 0x00000000cc600000|100%| O|  |TAMS 0x00000000cc500000, 0x00000000cc500000| Untracked 
|  40|0x00000000cc600000, 0x00000000cc700000, 0x00000000cc700000|100%| O|  |TAMS 0x00000000cc600000, 0x00000000cc600000| Untracked 
|  41|0x00000000cc700000, 0x00000000cc800000, 0x00000000cc800000|100%| O|  |TAMS 0x00000000cc700000, 0x00000000cc700000| Untracked 
|  42|0x00000000cc800000, 0x00000000cc900000, 0x00000000cc900000|100%| O|  |TAMS 0x00000000cc800000, 0x00000000cc800000| Untracked 
|  43|0x00000000cc900000, 0x00000000cca00000, 0x00000000cca00000|100%| O|  |TAMS 0x00000000cc900000, 0x00000000cc900000| Untracked 
|  44|0x00000000cca00000, 0x00000000ccb00000, 0x00000000ccb00000|100%| O|  |TAMS 0x00000000cca00000, 0x00000000cca00000| Untracked 
|  45|0x00000000ccb00000, 0x00000000ccc00000, 0x00000000ccc00000|100%| O|  |TAMS 0x00000000ccb00000, 0x00000000ccb00000| Untracked 
|  46|0x00000000ccc00000, 0x00000000ccd00000, 0x00000000ccd00000|100%| O|  |TAMS 0x00000000ccc00000, 0x00000000ccc00000| Untracked 
|  47|0x00000000ccd00000, 0x00000000cce00000, 0x00000000cce00000|100%| O|  |TAMS 0x00000000ccd00000, 0x00000000ccd00000| Untracked 
|  48|0x00000000cce00000, 0x00000000ccf00000, 0x00000000ccf00000|100%| O|  |TAMS 0x00000000cce00000, 0x00000000cce00000| Untracked 
|  49|0x00000000ccf00000, 0x00000000cd000000, 0x00000000cd000000|100%| O|  |TAMS 0x00000000ccf00000, 0x00000000ccf00000| Untracked 
|  50|0x00000000cd000000, 0x00000000cd100000, 0x00000000cd100000|100%| O|  |TAMS 0x00000000cd000000, 0x00000000cd000000| Untracked 
|  51|0x00000000cd100000, 0x00000000cd200000, 0x00000000cd200000|100%| O|  |TAMS 0x00000000cd100000, 0x00000000cd100000| Untracked 
|  52|0x00000000cd200000, 0x00000000cd300000, 0x00000000cd300000|100%| O|  |TAMS 0x00000000cd200000, 0x00000000cd200000| Untracked 
|  53|0x00000000cd300000, 0x00000000cd400000, 0x00000000cd400000|100%| O|  |TAMS 0x00000000cd300000, 0x00000000cd300000| Untracked 
|  54|0x00000000cd400000, 0x00000000cd500000, 0x00000000cd500000|100%| O|  |TAMS 0x00000000cd400000, 0x00000000cd400000| Untracked 
|  55|0x00000000cd500000, 0x00000000cd600000, 0x00000000cd600000|100%| O|  |TAMS 0x00000000cd500000, 0x00000000cd500000| Untracked 
|  56|0x00000000cd600000, 0x00000000cd700000, 0x00000000cd700000|100%| O|  |TAMS 0x00000000cd600000, 0x00000000cd600000| Untracked 
|  57|0x00000000cd700000, 0x00000000cd800000, 0x00000000cd800000|100%| O|  |TAMS 0x00000000cd700000, 0x00000000cd700000| Untracked 
|  58|0x00000000cd800000, 0x00000000cd900000, 0x00000000cd900000|100%| O|  |TAMS 0x00000000cd800000, 0x00000000cd800000| Untracked 
|  59|0x00000000cd900000, 0x00000000cda00000, 0x00000000cda00000|100%| O|  |TAMS 0x00000000cd900000, 0x00000000cd900000| Untracked 
|  60|0x00000000cda00000, 0x00000000cdb00000, 0x00000000cdb00000|100%| O|  |TAMS 0x00000000cda00000, 0x00000000cda00000| Untracked 
|  61|0x00000000cdb00000, 0x00000000cdc00000, 0x00000000cdc00000|100%| O|  |TAMS 0x00000000cdb00000, 0x00000000cdb00000| Untracked 
|  62|0x00000000cdc00000, 0x00000000cdd00000, 0x00000000cdd00000|100%| O|  |TAMS 0x00000000cdc00000, 0x00000000cdc00000| Untracked 
|  63|0x00000000cdd00000, 0x00000000cde00000, 0x00000000cde00000|100%| O|  |TAMS 0x00000000cdd00000, 0x00000000cdd00000| Untracked 
|  64|0x00000000cde00000, 0x00000000cdf00000, 0x00000000cdf00000|100%| O|  |TAMS 0x00000000cde00000, 0x00000000cde00000| Untracked 
|  65|0x00000000cdf00000, 0x00000000ce000000, 0x00000000ce000000|100%| O|  |TAMS 0x00000000cdf00000, 0x00000000cdf00000| Untracked 
|  66|0x00000000ce000000, 0x00000000ce100000, 0x00000000ce100000|100%| O|  |TAMS 0x00000000ce000000, 0x00000000ce000000| Untracked 
|  67|0x00000000ce100000, 0x00000000ce156a00, 0x00000000ce200000| 33%| O|  |TAMS 0x00000000ce100000, 0x00000000ce100000| Untracked 
|  68|0x00000000ce200000, 0x00000000ce200000, 0x00000000ce300000|  0%| F|  |TAMS 0x00000000ce200000, 0x00000000ce200000| Untracked 
|  69|0x00000000ce300000, 0x00000000ce300000, 0x00000000ce400000|  0%| F|  |TAMS 0x00000000ce300000, 0x00000000ce300000| Untracked 
|  70|0x00000000ce400000, 0x00000000ce400000, 0x00000000ce500000|  0%| F|  |TAMS 0x00000000ce400000, 0x00000000ce400000| Untracked 
|  71|0x00000000ce500000, 0x00000000ce500000, 0x00000000ce600000|  0%| F|  |TAMS 0x00000000ce500000, 0x00000000ce500000| Untracked 
|  72|0x00000000ce600000, 0x00000000ce600000, 0x00000000ce700000|  0%| F|  |TAMS 0x00000000ce600000, 0x00000000ce600000| Untracked 
|  73|0x00000000ce700000, 0x00000000ce700000, 0x00000000ce800000|  0%| F|  |TAMS 0x00000000ce700000, 0x00000000ce700000| Untracked 
|  74|0x00000000ce800000, 0x00000000ce800000, 0x00000000ce900000|  0%| F|  |TAMS 0x00000000ce800000, 0x00000000ce800000| Untracked 
|  75|0x00000000ce900000, 0x00000000ce900000, 0x00000000cea00000|  0%| F|  |TAMS 0x00000000ce900000, 0x00000000ce900000| Untracked 
|  76|0x00000000cea00000, 0x00000000cea00000, 0x00000000ceb00000|  0%| F|  |TAMS 0x00000000cea00000, 0x00000000cea00000| Untracked 
|  77|0x00000000ceb00000, 0x00000000ceb00000, 0x00000000cec00000|  0%| F|  |TAMS 0x00000000ceb00000, 0x00000000ceb00000| Untracked 
|  78|0x00000000cec00000, 0x00000000cec00000, 0x00000000ced00000|  0%| F|  |TAMS 0x00000000cec00000, 0x00000000cec00000| Untracked 
|  79|0x00000000ced00000, 0x00000000ced00000, 0x00000000cee00000|  0%| F|  |TAMS 0x00000000ced00000, 0x00000000ced00000| Untracked 
|  80|0x00000000cee00000, 0x00000000cee00000, 0x00000000cef00000|  0%| F|  |TAMS 0x00000000cee00000, 0x00000000cee00000| Untracked 
|  81|0x00000000cef00000, 0x00000000cef00000, 0x00000000cf000000|  0%| F|  |TAMS 0x00000000cef00000, 0x00000000cef00000| Untracked 
|  82|0x00000000cf000000, 0x00000000cf000000, 0x00000000cf100000|  0%| F|  |TAMS 0x00000000cf000000, 0x00000000cf000000| Untracked 
|  83|0x00000000cf100000, 0x00000000cf100000, 0x00000000cf200000|  0%| F|  |TAMS 0x00000000cf100000, 0x00000000cf100000| Untracked 
|  84|0x00000000cf200000, 0x00000000cf200000, 0x00000000cf300000|  0%| F|  |TAMS 0x00000000cf200000, 0x00000000cf200000| Untracked 
|  85|0x00000000cf300000, 0x00000000cf300000, 0x00000000cf400000|  0%| F|  |TAMS 0x00000000cf300000, 0x00000000cf300000| Untracked 
|  86|0x00000000cf400000, 0x00000000cf400000, 0x00000000cf500000|  0%| F|  |TAMS 0x00000000cf400000, 0x00000000cf400000| Untracked 
|  87|0x00000000cf500000, 0x00000000cf500000, 0x00000000cf600000|  0%| F|  |TAMS 0x00000000cf500000, 0x00000000cf500000| Untracked 
|  88|0x00000000cf600000, 0x00000000cf600000, 0x00000000cf700000|  0%| F|  |TAMS 0x00000000cf600000, 0x00000000cf600000| Untracked 
|  89|0x00000000cf700000, 0x00000000cf700000, 0x00000000cf800000|  0%| F|  |TAMS 0x00000000cf700000, 0x00000000cf700000| Untracked 
|  90|0x00000000cf800000, 0x00000000cf800000, 0x00000000cf900000|  0%| F|  |TAMS 0x00000000cf800000, 0x00000000cf800000| Untracked 
|  91|0x00000000cf900000, 0x00000000cf900000, 0x00000000cfa00000|  0%| F|  |TAMS 0x00000000cf900000, 0x00000000cf900000| Untracked 
|  92|0x00000000cfa00000, 0x00000000cfa80000, 0x00000000cfb00000| 50%| S|CS|TAMS 0x00000000cfa00000, 0x00000000cfa00000| Complete 
|  93|0x00000000cfb00000, 0x00000000cfc00000, 0x00000000cfc00000|100%| S|CS|TAMS 0x00000000cfb00000, 0x00000000cfb00000| Complete 
|  94|0x00000000cfc00000, 0x00000000cfc00000, 0x00000000cfd00000|  0%| F|  |TAMS 0x00000000cfc00000, 0x00000000cfc00000| Untracked 
|  95|0x00000000cfd00000, 0x00000000cfe00000, 0x00000000cfe00000|100%| S|CS|TAMS 0x00000000cfd00000, 0x00000000cfd00000| Complete 
|  96|0x00000000cfe00000, 0x00000000cff00000, 0x00000000cff00000|100%| S|CS|TAMS 0x00000000cfe00000, 0x00000000cfe00000| Complete 
|  97|0x00000000cff00000, 0x00000000d0000000, 0x00000000d0000000|100%| S|CS|TAMS 0x00000000cff00000, 0x00000000cff00000| Complete 
|  98|0x00000000d0000000, 0x00000000d0100000, 0x00000000d0100000|100%| S|CS|TAMS 0x00000000d0000000, 0x00000000d0000000| Complete 
|  99|0x00000000d0100000, 0x00000000d0100000, 0x00000000d0200000|  0%| F|  |TAMS 0x00000000d0100000, 0x00000000d0100000| Untracked 
| 100|0x00000000d0200000, 0x00000000d0200000, 0x00000000d0300000|  0%| F|  |TAMS 0x00000000d0200000, 0x00000000d0200000| Untracked 
| 101|0x00000000d0300000, 0x00000000d0300000, 0x00000000d0400000|  0%| F|  |TAMS 0x00000000d0300000, 0x00000000d0300000| Untracked 
| 102|0x00000000d0400000, 0x00000000d0400000, 0x00000000d0500000|  0%| F|  |TAMS 0x00000000d0400000, 0x00000000d0400000| Untracked 
| 103|0x00000000d0500000, 0x00000000d0500000, 0x00000000d0600000|  0%| F|  |TAMS 0x00000000d0500000, 0x00000000d0500000| Untracked 
| 104|0x00000000d0600000, 0x00000000d0700000, 0x00000000d0700000|100%| S|CS|TAMS 0x00000000d0600000, 0x00000000d0600000| Complete 
| 105|0x00000000d0700000, 0x00000000d0700000, 0x00000000d0800000|  0%| F|  |TAMS 0x00000000d0700000, 0x00000000d0700000| Untracked 
| 106|0x00000000d0800000, 0x00000000d0800000, 0x00000000d0900000|  0%| F|  |TAMS 0x00000000d0800000, 0x00000000d0800000| Untracked 
| 107|0x00000000d0900000, 0x00000000d0900000, 0x00000000d0a00000|  0%| F|  |TAMS 0x00000000d0900000, 0x00000000d0900000| Untracked 
| 108|0x00000000d0a00000, 0x00000000d0a00000, 0x00000000d0b00000|  0%| F|  |TAMS 0x00000000d0a00000, 0x00000000d0a00000| Untracked 
| 109|0x00000000d0b00000, 0x00000000d0b00000, 0x00000000d0c00000|  0%| F|  |TAMS 0x00000000d0b00000, 0x00000000d0b00000| Untracked 
| 110|0x00000000d0c00000, 0x00000000d0c00000, 0x00000000d0d00000|  0%| F|  |TAMS 0x00000000d0c00000, 0x00000000d0c00000| Untracked 
| 111|0x00000000d0d00000, 0x00000000d0d00000, 0x00000000d0e00000|  0%| F|  |TAMS 0x00000000d0d00000, 0x00000000d0d00000| Untracked 
| 112|0x00000000d0e00000, 0x00000000d0e00000, 0x00000000d0f00000|  0%| F|  |TAMS 0x00000000d0e00000, 0x00000000d0e00000| Untracked 
| 113|0x00000000d0f00000, 0x00000000d0f00000, 0x00000000d1000000|  0%| F|  |TAMS 0x00000000d0f00000, 0x00000000d0f00000| Untracked 
| 114|0x00000000d1000000, 0x00000000d1000000, 0x00000000d1100000|  0%| F|  |TAMS 0x00000000d1000000, 0x00000000d1000000| Untracked 
| 115|0x00000000d1100000, 0x00000000d1100000, 0x00000000d1200000|  0%| F|  |TAMS 0x00000000d1100000, 0x00000000d1100000| Untracked 
| 116|0x00000000d1200000, 0x00000000d1200000, 0x00000000d1300000|  0%| F|  |TAMS 0x00000000d1200000, 0x00000000d1200000| Untracked 
| 117|0x00000000d1300000, 0x00000000d1300000, 0x00000000d1400000|  0%| F|  |TAMS 0x00000000d1300000, 0x00000000d1300000| Untracked 
| 118|0x00000000d1400000, 0x00000000d1400000, 0x00000000d1500000|  0%| F|  |TAMS 0x00000000d1400000, 0x00000000d1400000| Untracked 
| 119|0x00000000d1500000, 0x00000000d1500000, 0x00000000d1600000|  0%| F|  |TAMS 0x00000000d1500000, 0x00000000d1500000| Untracked 
| 120|0x00000000d1600000, 0x00000000d1600000, 0x00000000d1700000|  0%| F|  |TAMS 0x00000000d1600000, 0x00000000d1600000| Untracked 
| 121|0x00000000d1700000, 0x00000000d1700000, 0x00000000d1800000|  0%| F|  |TAMS 0x00000000d1700000, 0x00000000d1700000| Untracked 
| 122|0x00000000d1800000, 0x00000000d1800000, 0x00000000d1900000|  0%| F|  |TAMS 0x00000000d1800000, 0x00000000d1800000| Untracked 
| 123|0x00000000d1900000, 0x00000000d1900000, 0x00000000d1a00000|  0%| F|  |TAMS 0x00000000d1900000, 0x00000000d1900000| Untracked 
| 124|0x00000000d1a00000, 0x00000000d1a00000, 0x00000000d1b00000|  0%| F|  |TAMS 0x00000000d1a00000, 0x00000000d1a00000| Untracked 
| 125|0x00000000d1b00000, 0x00000000d1b00000, 0x00000000d1c00000|  0%| F|  |TAMS 0x00000000d1b00000, 0x00000000d1b00000| Untracked 
| 126|0x00000000d1c00000, 0x00000000d1c00000, 0x00000000d1d00000|  0%| F|  |TAMS 0x00000000d1c00000, 0x00000000d1c00000| Untracked 
| 127|0x00000000d1d00000, 0x00000000d1d00000, 0x00000000d1e00000|  0%| F|  |TAMS 0x00000000d1d00000, 0x00000000d1d00000| Untracked 
| 128|0x00000000d1e00000, 0x00000000d1e00000, 0x00000000d1f00000|  0%| F|  |TAMS 0x00000000d1e00000, 0x00000000d1e00000| Untracked 
| 129|0x00000000d1f00000, 0x00000000d1f00000, 0x00000000d2000000|  0%| F|  |TAMS 0x00000000d1f00000, 0x00000000d1f00000| Untracked 
| 130|0x00000000d2000000, 0x00000000d2000000, 0x00000000d2100000|  0%| F|  |TAMS 0x00000000d2000000, 0x00000000d2000000| Untracked 
| 131|0x00000000d2100000, 0x00000000d2100000, 0x00000000d2200000|  0%| F|  |TAMS 0x00000000d2100000, 0x00000000d2100000| Untracked 
| 132|0x00000000d2200000, 0x00000000d2200000, 0x00000000d2300000|  0%| F|  |TAMS 0x00000000d2200000, 0x00000000d2200000| Untracked 
| 133|0x00000000d2300000, 0x00000000d2300000, 0x00000000d2400000|  0%| F|  |TAMS 0x00000000d2300000, 0x00000000d2300000| Untracked 
| 134|0x00000000d2400000, 0x00000000d2400000, 0x00000000d2500000|  0%| F|  |TAMS 0x00000000d2400000, 0x00000000d2400000| Untracked 
| 135|0x00000000d2500000, 0x00000000d2500000, 0x00000000d2600000|  0%| F|  |TAMS 0x00000000d2500000, 0x00000000d2500000| Untracked 
| 136|0x00000000d2600000, 0x00000000d2600000, 0x00000000d2700000|  0%| F|  |TAMS 0x00000000d2600000, 0x00000000d2600000| Untracked 
| 137|0x00000000d2700000, 0x00000000d2700000, 0x00000000d2800000|  0%| F|  |TAMS 0x00000000d2700000, 0x00000000d2700000| Untracked 
| 138|0x00000000d2800000, 0x00000000d2800000, 0x00000000d2900000|  0%| F|  |TAMS 0x00000000d2800000, 0x00000000d2800000| Untracked 
| 139|0x00000000d2900000, 0x00000000d2900000, 0x00000000d2a00000|  0%| F|  |TAMS 0x00000000d2900000, 0x00000000d2900000| Untracked 
| 140|0x00000000d2a00000, 0x00000000d2a00000, 0x00000000d2b00000|  0%| F|  |TAMS 0x00000000d2a00000, 0x00000000d2a00000| Untracked 
| 141|0x00000000d2b00000, 0x00000000d2b00000, 0x00000000d2c00000|  0%| F|  |TAMS 0x00000000d2b00000, 0x00000000d2b00000| Untracked 
| 142|0x00000000d2c00000, 0x00000000d2c00000, 0x00000000d2d00000|  0%| F|  |TAMS 0x00000000d2c00000, 0x00000000d2c00000| Untracked 
| 143|0x00000000d2d00000, 0x00000000d2d00000, 0x00000000d2e00000|  0%| F|  |TAMS 0x00000000d2d00000, 0x00000000d2d00000| Untracked 
| 144|0x00000000d2e00000, 0x00000000d2e00000, 0x00000000d2f00000|  0%| F|  |TAMS 0x00000000d2e00000, 0x00000000d2e00000| Untracked 
| 145|0x00000000d2f00000, 0x00000000d2f00000, 0x00000000d3000000|  0%| F|  |TAMS 0x00000000d2f00000, 0x00000000d2f00000| Untracked 
| 146|0x00000000d3000000, 0x00000000d3000000, 0x00000000d3100000|  0%| F|  |TAMS 0x00000000d3000000, 0x00000000d3000000| Untracked 
| 147|0x00000000d3100000, 0x00000000d3100000, 0x00000000d3200000|  0%| F|  |TAMS 0x00000000d3100000, 0x00000000d3100000| Untracked 
| 148|0x00000000d3200000, 0x00000000d3200000, 0x00000000d3300000|  0%| F|  |TAMS 0x00000000d3200000, 0x00000000d3200000| Untracked 
| 149|0x00000000d3300000, 0x00000000d3300000, 0x00000000d3400000|  0%| F|  |TAMS 0x00000000d3300000, 0x00000000d3300000| Untracked 
| 150|0x00000000d3400000, 0x00000000d3400000, 0x00000000d3500000|  0%| F|  |TAMS 0x00000000d3400000, 0x00000000d3400000| Untracked 
| 151|0x00000000d3500000, 0x00000000d3500000, 0x00000000d3600000|  0%| F|  |TAMS 0x00000000d3500000, 0x00000000d3500000| Untracked 
| 152|0x00000000d3600000, 0x00000000d3600000, 0x00000000d3700000|  0%| F|  |TAMS 0x00000000d3600000, 0x00000000d3600000| Untracked 
| 153|0x00000000d3700000, 0x00000000d3700000, 0x00000000d3800000|  0%| F|  |TAMS 0x00000000d3700000, 0x00000000d3700000| Untracked 
| 154|0x00000000d3800000, 0x00000000d3800000, 0x00000000d3900000|  0%| F|  |TAMS 0x00000000d3800000, 0x00000000d3800000| Untracked 
| 155|0x00000000d3900000, 0x00000000d3900000, 0x00000000d3a00000|  0%| F|  |TAMS 0x00000000d3900000, 0x00000000d3900000| Untracked 
| 156|0x00000000d3a00000, 0x00000000d3a00000, 0x00000000d3b00000|  0%| F|  |TAMS 0x00000000d3a00000, 0x00000000d3a00000| Untracked 
| 157|0x00000000d3b00000, 0x00000000d3b00000, 0x00000000d3c00000|  0%| F|  |TAMS 0x00000000d3b00000, 0x00000000d3b00000| Untracked 
| 158|0x00000000d3c00000, 0x00000000d3c00000, 0x00000000d3d00000|  0%| F|  |TAMS 0x00000000d3c00000, 0x00000000d3c00000| Untracked 
| 159|0x00000000d3d00000, 0x00000000d3d00000, 0x00000000d3e00000|  0%| F|  |TAMS 0x00000000d3d00000, 0x00000000d3d00000| Untracked 

Card table byte_map: [0x000001f352640000,0x000001f352800000] _byte_map_base: 0x000001f351ff1000

Marking Bits (Prev, Next): (CMBitMap*) 0x000001f34adeb930, (CMBitMap*) 0x000001f34adeb8f0
 Prev Bits: [0x000001f353750000, 0x000001f3544d8000)
 Next Bits: [0x000001f3529c0000, 0x000001f353748000)

Polling page: 0x000001f34ac60000

Metaspace:

Usage:
  Non-class:     29.90 MB used.
      Class:      4.47 MB used.
       Both:     34.37 MB used.

Virtual space:
  Non-class space:       32.00 MB reserved,      30.06 MB ( 94%) committed,  4 nodes.
      Class space:        1.00 GB reserved,       4.62 MB ( <1%) committed,  1 nodes.
             Both:        1.03 GB reserved,      34.69 MB (  3%) committed. 

Chunk freelists:
   Non-Class:  1.98 MB
       Class:  3.41 MB
        Both:  5.39 MB

MaxMetaspaceSize: unlimited
CompressedClassSpaceSize: 1.00 GB
Initial GC threshold: 21.00 MB
Current GC threshold: 57.62 MB
CDS: off
MetaspaceReclaimPolicy: balanced
 - commit_granule_bytes: 65536.
 - commit_granule_words: 8192.
 - virtual_space_node_default_size: 1048576.
 - enlarge_chunks_in_place: 1.
 - new_chunks_are_fully_committed: 0.
 - uncommit_free_chunks: 1.
 - use_allocation_guard: 0.
 - handle_deallocations: 1.


Internal statistics:

num_allocs_failed_limit: 5.
num_arena_births: 300.
num_arena_deaths: 0.
num_vsnodes_births: 5.
num_vsnodes_deaths: 0.
num_space_committed: 555.
num_space_uncommitted: 0.
num_chunks_returned_to_freelist: 5.
num_chunks_taken_from_freelist: 1278.
num_chunk_merges: 5.
num_chunk_splits: 890.
num_chunks_enlarged: 700.
num_purges: 0.
num_inconsistent_stats: 0.

CodeCache: size=49152Kb used=7919Kb max_used=7919Kb free=41232Kb
 bounds [0x000001f34f200000, 0x000001f34f9c0000, 0x000001f352200000]
 total_blobs=4211 nmethods=3687 adapters=449
 compilation: enabled
              stopped_count=0, restarted_count=0
 full_count=0

Compilation events (20 events):
Event: 11.068 Thread 0x000001f34adb6250 nmethod 3678 0x000001f34f9af790 code [0x000001f34f9afca0, 0x000001f34f9b15c8]
Event: 11.068 Thread 0x000001f34adb6250 3680   !   1       nonapi.io.github.classgraph.fileslice.reader.ClassfileReader::close (43 bytes)
Event: 11.068 Thread 0x000001f34adb6250 nmethod 3680 0x000001f34f9b2b90 code [0x000001f34f9b2d40, 0x000001f34f9b2f18]
Event: 11.068 Thread 0x000001f34adb6250 3681       1       io.github.classgraph.Classfile::extendScanningUpwards (585 bytes)
Event: 11.069 Thread 0x000001f3568b5be0 nmethod 3679 0x000001f34f9b3010 code [0x000001f34f9b35e0, 0x000001f34f9b5618]
Event: 11.070 Thread 0x000001f34adb6250 nmethod 3681 0x000001f34f9b6b10 code [0x000001f34f9b6f80, 0x000001f34f9b7e88]
Event: 11.071 Thread 0x000001f3568b5be0 3682   !   1       jdk.internal.reflect.GeneratedMethodAccessor27::invoke (67 bytes)
Event: 11.071 Thread 0x000001f3568b5be0 nmethod 3682 0x000001f34f9b8a10 code [0x000001f34f9b8c00, 0x000001f34f9b9038]
Event: 11.186 Thread 0x000001f3568b5be0 3683       1       jdk.internal.jimage.ImageReader::getResourceBuffer (13 bytes)
Event: 11.186 Thread 0x000001f34adb6250 3684       1       jdk.internal.module.SystemModuleFinders$SystemModuleReader$$Lambda$145/0x00000001001fa050::<init> (10 bytes)
Event: 11.186 Thread 0x000001f34adb6250 nmethod 3684 0x000001f34f9b9310 code [0x000001f34f9b94a0, 0x000001f34f9b95b8]
Event: 11.186 Thread 0x000001f3568b5be0 nmethod 3683 0x000001f34f9b9610 code [0x000001f34f9b97c0, 0x000001f34f9b9958]
Event: 11.186 Thread 0x000001f3568b5be0 3685       1       io.github.classgraph.ClasspathElementModule$1$1::<init> (16 bytes)
Event: 11.186 Thread 0x000001f3568b5be0 nmethod 3685 0x000001f34f9b9a90 code [0x000001f34f9b9c20, 0x000001f34f9b9df8]
Event: 11.190 Thread 0x000001f3568b5be0 3686       1       nonapi.io.github.classgraph.utils.ProxyingInputStream::<init> (10 bytes)
Event: 11.190 Thread 0x000001f34adb6250 3687       1       nonapi.io.github.classgraph.fileslice.reader.ClassfileReader::<init> (29 bytes)
Event: 11.191 Thread 0x000001f3568b5be0 nmethod 3686 0x000001f34f9b9e90 code [0x000001f34f9ba020, 0x000001f34f9ba138]
Event: 11.191 Thread 0x000001f34adb6250 nmethod 3687 0x000001f34f9ba190 code [0x000001f34f9ba320, 0x000001f34f9ba598]
Event: 11.280 Thread 0x000001f34adb6250 3688  s!   1       jdk.internal.loader.URLClassPath::getLoader (196 bytes)
Event: 11.280 Thread 0x000001f34adb6250 nmethod 3688 0x000001f34f9ba610 code [0x000001f34f9ba8c0, 0x000001f34f9bb2d8]

GC Heap History (20 events):
Event: 8.733 GC heap after
{Heap after GC invocations=16 (full 0):
 garbage-first heap   total 63488K, used 32055K [0x00000000c9e00000, 0x0000000100000000)
  region size 1024K, 2 young (2048K), 2 survivors (2048K)
 Metaspace       used 35041K, committed 35392K, reserved 1081344K
  class space    used 4553K, committed 4736K, reserved 1048576K
}
Event: 8.792 GC heap before
{Heap before GC invocations=16 (full 0):
 garbage-first heap   total 63488K, used 47415K [0x00000000c9e00000, 0x0000000100000000)
  region size 1024K, 17 young (17408K), 2 survivors (2048K)
 Metaspace       used 35041K, committed 35392K, reserved 1081344K
  class space    used 4553K, committed 4736K, reserved 1048576K
}
Event: 8.798 GC heap after
{Heap after GC invocations=17 (full 0):
 garbage-first heap   total 63488K, used 35040K [0x00000000c9e00000, 0x0000000100000000)
  region size 1024K, 3 young (3072K), 3 survivors (3072K)
 Metaspace       used 35041K, committed 35392K, reserved 1081344K
  class space    used 4553K, committed 4736K, reserved 1048576K
}
Event: 8.998 GC heap before
{Heap before GC invocations=18 (full 0):
 garbage-first heap   total 63488K, used 48352K [0x00000000c9e00000, 0x0000000100000000)
  region size 1024K, 16 young (16384K), 3 survivors (3072K)
 Metaspace       used 35041K, committed 35392K, reserved 1081344K
  class space    used 4553K, committed 4736K, reserved 1048576K
}
Event: 9.004 GC heap after
{Heap after GC invocations=19 (full 0):
 garbage-first heap   total 63488K, used 37244K [0x00000000c9e00000, 0x0000000100000000)
  region size 1024K, 2 young (2048K), 2 survivors (2048K)
 Metaspace       used 35041K, committed 35392K, reserved 1081344K
  class space    used 4553K, committed 4736K, reserved 1048576K
}
Event: 9.009 GC heap before
{Heap before GC invocations=19 (full 0):
 garbage-first heap   total 63488K, used 38268K [0x00000000c9e00000, 0x0000000100000000)
  region size 1024K, 3 young (3072K), 2 survivors (2048K)
 Metaspace       used 35041K, committed 35392K, reserved 1081344K
  class space    used 4553K, committed 4736K, reserved 1048576K
}
Event: 9.014 GC heap after
{Heap after GC invocations=20 (full 0):
 garbage-first heap   total 163840K, used 37236K [0x00000000c9e00000, 0x0000000100000000)
  region size 1024K, 1 young (1024K), 1 survivors (1024K)
 Metaspace       used 35041K, committed 35392K, reserved 1081344K
  class space    used 4553K, committed 4736K, reserved 1048576K
}
Event: 11.114 GC heap before
{Heap before GC invocations=20 (full 0):
 garbage-first heap   total 163840K, used 114036K [0x00000000c9e00000, 0x0000000100000000)
  region size 1024K, 74 young (75776K), 1 survivors (1024K)
 Metaspace       used 35096K, committed 35456K, reserved 1081344K
  class space    used 4564K, committed 4736K, reserved 1048576K
}
Event: 11.186 GC heap after
{Heap after GC invocations=21 (full 0):
 garbage-first heap   total 163840K, used 62418K [0x00000000c9e00000, 0x0000000100000000)
  region size 1024K, 10 young (10240K), 10 survivors (10240K)
 Metaspace       used 35096K, committed 35456K, reserved 1081344K
  class space    used 4564K, committed 4736K, reserved 1048576K
}
Event: 11.349 GC heap before
{Heap before GC invocations=21 (full 0):
 garbage-first heap   total 163840K, used 104402K [0x00000000c9e00000, 0x0000000100000000)
  region size 1024K, 52 young (53248K), 10 survivors (10240K)
 Metaspace       used 35198K, committed 35520K, reserved 1081344K
  class space    used 4576K, committed 4736K, reserved 1048576K
}
Event: 11.396 GC heap after
{Heap after GC invocations=22 (full 0):
 garbage-first heap   total 163840K, used 65530K [0x00000000c9e00000, 0x0000000100000000)
  region size 1024K, 3 young (3072K), 3 survivors (3072K)
 Metaspace       used 35198K, committed 35520K, reserved 1081344K
  class space    used 4576K, committed 4736K, reserved 1048576K
}
Event: 11.954 GC heap before
{Heap before GC invocations=22 (full 0):
 garbage-first heap   total 163840K, used 111610K [0x00000000c9e00000, 0x0000000100000000)
  region size 1024K, 49 young (50176K), 3 survivors (3072K)
 Metaspace       used 35198K, committed 35520K, reserved 1081344K
  class space    used 4576K, committed 4736K, reserved 1048576K
}
Event: 11.957 GC heap after
{Heap after GC invocations=23 (full 0):
 garbage-first heap   total 163840K, used 67010K [0x00000000c9e00000, 0x0000000100000000)
  region size 1024K, 4 young (4096K), 4 survivors (4096K)
 Metaspace       used 35198K, committed 35520K, reserved 1081344K
  class space    used 4576K, committed 4736K, reserved 1048576K
}
Event: 12.345 GC heap before
{Heap before GC invocations=23 (full 0):
 garbage-first heap   total 163840K, used 118210K [0x00000000c9e00000, 0x0000000100000000)
  region size 1024K, 55 young (56320K), 4 survivors (4096K)
 Metaspace       used 35198K, committed 35520K, reserved 1081344K
  class space    used 4576K, committed 4736K, reserved 1048576K
}
Event: 12.349 GC heap after
{Heap after GC invocations=24 (full 0):
 garbage-first heap   total 163840K, used 68787K [0x00000000c9e00000, 0x0000000100000000)
  region size 1024K, 6 young (6144K), 6 survivors (6144K)
 Metaspace       used 35198K, committed 35520K, reserved 1081344K
  class space    used 4576K, committed 4736K, reserved 1048576K
}
Event: 12.766 GC heap before
{Heap before GC invocations=24 (full 0):
 garbage-first heap   total 163840K, used 122035K [0x00000000c9e00000, 0x0000000100000000)
  region size 1024K, 59 young (60416K), 6 survivors (6144K)
 Metaspace       used 35198K, committed 35520K, reserved 1081344K
  class space    used 4576K, committed 4736K, reserved 1048576K
}
Event: 12.773 GC heap after
{Heap after GC invocations=25 (full 0):
 garbage-first heap   total 163840K, used 70885K [0x00000000c9e00000, 0x0000000100000000)
  region size 1024K, 6 young (6144K), 6 survivors (6144K)
 Metaspace       used 35198K, committed 35520K, reserved 1081344K
  class space    used 4576K, committed 4736K, reserved 1048576K
}
Event: 12.892 GC heap before
{Heap before GC invocations=25 (full 0):
 garbage-first heap   total 163840K, used 125157K [0x00000000c9e00000, 0x0000000100000000)
  region size 1024K, 60 young (61440K), 6 survivors (6144K)
 Metaspace       used 35198K, committed 35520K, reserved 1081344K
  class space    used 4576K, committed 4736K, reserved 1048576K
}
Event: 12.898 GC heap after
{Heap after GC invocations=26 (full 0):
 garbage-first heap   total 163840K, used 72987K [0x00000000c9e00000, 0x0000000100000000)
  region size 1024K, 6 young (6144K), 6 survivors (6144K)
 Metaspace       used 35198K, committed 35520K, reserved 1081344K
  class space    used 4576K, committed 4736K, reserved 1048576K
}
Event: 13.039 GC heap before
{Heap before GC invocations=26 (full 0):
 garbage-first heap   total 163840K, used 128283K [0x00000000c9e00000, 0x0000000100000000)
  region size 1024K, 61 young (62464K), 6 survivors (6144K)
 Metaspace       used 35198K, committed 35520K, reserved 1081344K
  class space    used 4576K, committed 4736K, reserved 1048576K
}

Deoptimization events (18 events):
Event: 2.243 Thread 0x000001f34adb52a0 DEOPT PACKING pc=0x000001f34f5006f5 sp=0x0000009e872fdbd0
Event: 2.243 Thread 0x000001f34adb52a0 DEOPT UNPACKING pc=0x000001f34f252b43 sp=0x0000009e872fd040 mode 3
Event: 3.677 Thread 0x000001f34adb52a0 DEOPT PACKING pc=0x000001f34f617619 sp=0x0000009e872fd440
Event: 3.677 Thread 0x000001f34adb52a0 DEOPT UNPACKING pc=0x000001f34f252b43 sp=0x0000009e872fc920 mode 3
Event: 4.336 Thread 0x000001f34adb52a0 DEOPT PACKING pc=0x000001f34f6f5775 sp=0x0000009e872fcfb0
Event: 4.336 Thread 0x000001f34adb52a0 DEOPT UNPACKING pc=0x000001f34f252b43 sp=0x0000009e872fc420 mode 3
Event: 4.930 Thread 0x000001f34adb52a0 DEOPT PACKING pc=0x000001f34f75e8b4 sp=0x0000009e872f7980
Event: 4.930 Thread 0x000001f34adb52a0 DEOPT UNPACKING pc=0x000001f34f252b43 sp=0x0000009e872f6e00 mode 3
Event: 5.775 Thread 0x000001f34adb52a0 DEOPT PACKING pc=0x000001f34f79ba99 sp=0x0000009e872fc9b0
Event: 5.775 Thread 0x000001f34adb52a0 DEOPT UNPACKING pc=0x000001f34f252b43 sp=0x0000009e872fbe90 mode 3
Event: 6.081 Thread 0x000001f358e10db0 DEOPT PACKING pc=0x000001f34f8013ab sp=0x0000009e887fe980
Event: 6.081 Thread 0x000001f358e10db0 DEOPT UNPACKING pc=0x000001f34f252b43 sp=0x0000009e887fdec8 mode 3
Event: 6.867 Thread 0x000001f359072a90 DEOPT PACKING pc=0x000001f34f8888b5 sp=0x0000009e88cfde40
Event: 6.867 Thread 0x000001f359072a90 DEOPT UNPACKING pc=0x000001f34f252b43 sp=0x0000009e88cfd368 mode 3
Event: 8.526 Thread 0x000001f359074950 DEOPT PACKING pc=0x000001f34f618d01 sp=0x0000009e88efea60
Event: 8.526 Thread 0x000001f359074950 DEOPT UNPACKING pc=0x000001f34f252b43 sp=0x0000009e88efdef0 mode 3
Event: 10.658 Thread 0x000001f3590b9a20 DEOPT PACKING pc=0x000001f34f613517 sp=0x0000009e88ffeba0
Event: 10.658 Thread 0x000001f3590b9a20 DEOPT UNPACKING pc=0x000001f34f252b43 sp=0x0000009e88ffdff8 mode 3

Classes unloaded (0 events):
No events

Classes redefined (0 events):
No events

Internal exceptions (20 events):
Event: 7.326 Thread 0x000001f3579f50b0 Exception <a 'sun/nio/fs/WindowsException'{0x00000000cc27f260}> (0x00000000cc27f260) 
thrown [e:\jenkins\tmp\workspace\build\src\src\hotspot\share\prims\jni.cpp, line 516]
Event: 7.326 Thread 0x000001f3579f50b0 Exception <a 'sun/nio/fs/WindowsException'{0x00000000cc27fc88}> (0x00000000cc27fc88) 
thrown [e:\jenkins\tmp\workspace\build\src\src\hotspot\share\prims\jni.cpp, line 516]
Event: 7.327 Thread 0x000001f3579f50b0 Exception <a 'sun/nio/fs/WindowsException'{0x00000000cc280068}> (0x00000000cc280068) 
thrown [e:\jenkins\tmp\workspace\build\src\src\hotspot\share\prims\jni.cpp, line 516]
Event: 7.327 Thread 0x000001f3579f50b0 Exception <a 'sun/nio/fs/WindowsException'{0x00000000cc280a58}> (0x00000000cc280a58) 
thrown [e:\jenkins\tmp\workspace\build\src\src\hotspot\share\prims\jni.cpp, line 516]
Event: 7.327 Thread 0x000001f3579f50b0 Exception <a 'sun/nio/fs/WindowsException'{0x00000000cc280e00}> (0x00000000cc280e00) 
thrown [e:\jenkins\tmp\workspace\build\src\src\hotspot\share\prims\jni.cpp, line 516]
Event: 7.327 Thread 0x000001f3579f50b0 Exception <a 'sun/nio/fs/WindowsException'{0x00000000cc281800}> (0x00000000cc281800) 
thrown [e:\jenkins\tmp\workspace\build\src\src\hotspot\share\prims\jni.cpp, line 516]
Event: 7.329 Thread 0x000001f3579f50b0 Exception <a 'sun/nio/fs/WindowsException'{0x00000000cc281bc0}> (0x00000000cc281bc0) 
thrown [e:\jenkins\tmp\workspace\build\src\src\hotspot\share\prims\jni.cpp, line 516]
Event: 7.329 Thread 0x000001f3579f50b0 Exception <a 'sun/nio/fs/WindowsException'{0x00000000cc2825c0}> (0x00000000cc2825c0) 
thrown [e:\jenkins\tmp\workspace\build\src\src\hotspot\share\prims\jni.cpp, line 516]
Event: 7.331 Thread 0x000001f3579f50b0 Exception <a 'sun/nio/fs/WindowsException'{0x00000000cc282970}> (0x00000000cc282970) 
thrown [e:\jenkins\tmp\workspace\build\src\src\hotspot\share\prims\jni.cpp, line 516]
Event: 7.332 Thread 0x000001f3579f50b0 Exception <a 'sun/nio/fs/WindowsException'{0x00000000cc283370}> (0x00000000cc283370) 
thrown [e:\jenkins\tmp\workspace\build\src\src\hotspot\share\prims\jni.cpp, line 516]
Event: 7.333 Thread 0x000001f3579f50b0 Exception <a 'sun/nio/fs/WindowsException'{0x00000000cc283730}> (0x00000000cc283730) 
thrown [e:\jenkins\tmp\workspace\build\src\src\hotspot\share\prims\jni.cpp, line 516]
Event: 7.333 Thread 0x000001f3579f50b0 Exception <a 'sun/nio/fs/WindowsException'{0x00000000cc284158}> (0x00000000cc284158) 
thrown [e:\jenkins\tmp\workspace\build\src\src\hotspot\share\prims\jni.cpp, line 516]
Event: 7.333 Thread 0x000001f3579f50b0 Exception <a 'sun/nio/fs/WindowsException'{0x00000000cc284538}> (0x00000000cc284538) 
thrown [e:\jenkins\tmp\workspace\build\src\src\hotspot\share\prims\jni.cpp, line 516]
Event: 7.337 Thread 0x000001f3579f50b0 Exception <a 'sun/nio/fs/WindowsException'{0x00000000cc284f70}> (0x00000000cc284f70) 
thrown [e:\jenkins\tmp\workspace\build\src\src\hotspot\share\prims\jni.cpp, line 516]
Event: 7.339 Thread 0x000001f3579f50b0 Exception <a 'sun/nio/fs/WindowsException'{0x00000000cc285360}> (0x00000000cc285360) 
thrown [e:\jenkins\tmp\workspace\build\src\src\hotspot\share\prims\jni.cpp, line 516]
Event: 7.339 Thread 0x000001f3579f50b0 Exception <a 'sun/nio/fs/WindowsException'{0x00000000cc285d88}> (0x00000000cc285d88) 
thrown [e:\jenkins\tmp\workspace\build\src\src\hotspot\share\prims\jni.cpp, line 516]
Event: 7.339 Thread 0x000001f3579f50b0 Exception <a 'sun/nio/fs/WindowsException'{0x00000000cc286178}> (0x00000000cc286178) 
thrown [e:\jenkins\tmp\workspace\build\src\src\hotspot\share\prims\jni.cpp, line 516]
Event: 7.771 Thread 0x000001f359072a90 Exception <a 'java/lang/NoSuchMethodError'{0x00000000cd520510}: 'int java.lang.invoke.DirectMethodHandle$Holder.invokeStatic(java.lang.Object)'> (0x00000000cd520510) 
thrown [e:\jenkins\tmp\workspace\build\src\src\hotspot\share\interpreter\linkResolver.cpp, line 766]
Event: 7.771 Thread 0x000001f359072a90 Exception <a 'java/lang/NoSuchMethodError'{0x00000000cd523c68}: 'int java.lang.invoke.DirectMethodHandle$Holder.invokeStaticInit(java.lang.Object)'> (0x00000000cd523c68) 
thrown [e:\jenkins\tmp\workspace\build\src\src\hotspot\share\interpreter\linkResolver.cpp, line 766]
Event: 7.849 Thread 0x000001f3579f0370 Exception <a 'java/lang/NoSuchMethodError'{0x00000000ccf7b988}: 'int java.lang.invoke.DirectMethodHandle$Holder.invokeVirtual(java.lang.Object, java.lang.Object)'> (0x00000000ccf7b988) 
thrown [e:\jenkins\tmp\workspace\build\src\src\hotspot\share\interpreter\linkResolver.cpp, line 766]

VM Operations (20 events):
Event: 10.846 Executing VM operation: ICBufferFull done
Event: 10.849 Executing VM operation: ICBufferFull
Event: 10.849 Executing VM operation: ICBufferFull done
Event: 11.089 Executing VM operation: G1CollectForAllocation
Event: 11.186 Executing VM operation: G1CollectForAllocation done
Event: 11.218 Executing VM operation: HandshakeAllThreads
Event: 11.240 Executing VM operation: HandshakeAllThreads done
Event: 11.241 Executing VM operation: HandshakeAllThreads
Event: 11.271 Executing VM operation: HandshakeAllThreads done
Event: 11.343 Executing VM operation: G1CollectForAllocation
Event: 11.429 Executing VM operation: G1CollectForAllocation done
Event: 11.941 Executing VM operation: G1CollectForAllocation
Event: 11.963 Executing VM operation: G1CollectForAllocation done
Event: 12.345 Executing VM operation: G1CollectForAllocation
Event: 12.354 Executing VM operation: G1CollectForAllocation done
Event: 12.752 Executing VM operation: G1CollectForAllocation
Event: 12.775 Executing VM operation: G1CollectForAllocation done
Event: 12.876 Executing VM operation: G1CollectForAllocation
Event: 12.900 Executing VM operation: G1CollectForAllocation done
Event: 13.038 Executing VM operation: G1CollectForAllocation

Events (20 events):
Event: 8.573 loading class java/util/function/DoubleConsumer done
Event: 8.573 loading class java/util/DoubleSummaryStatistics done
Event: 8.573 loading class java/util/concurrent/locks/AbstractQueuedSynchronizer$SharedNode
Event: 8.573 loading class java/util/concurrent/locks/AbstractQueuedSynchronizer$SharedNode done
Event: 8.573 loading class jdk/internal/module/SystemModuleFinders$ModuleContentSpliterator
Event: 8.573 loading class jdk/internal/module/SystemModuleFinders$ModuleContentSpliterator done
Event: 8.574 loading class jdk/internal/jimage/ImageReader$Directory
Event: 8.574 loading class jdk/internal/jimage/ImageReader$Node
Event: 8.574 loading class jdk/internal/jimage/ImageReader$Node done
Event: 8.574 loading class jdk/internal/jimage/ImageReader$Directory done
Event: 8.574 loading class jdk/internal/jimage/ImageReader$SharedImageReader$LocationVisitor
Event: 8.574 loading class jdk/internal/jimage/ImageReader$SharedImageReader$LocationVisitor done
Event: 8.575 loading class java/nio/ByteBufferAsIntBufferL
Event: 8.575 loading class java/nio/ByteBufferAsIntBufferL done
Event: 8.577 loading class jdk/internal/jimage/ImageReader$Resource
Event: 8.577 loading class jdk/internal/jimage/ImageReader$Resource done
Event: 8.577 loading class java/util/stream/LongStream
Event: 8.577 loading class java/util/stream/LongStream done
Event: 8.577 loading class java/util/stream/DoubleStream
Event: 8.578 loading class java/util/stream/DoubleStream done


Dynamic libraries:
0x00007ff6abea0000 - 0x00007ff6abeae000 	c:\Users\gilbe\.vscode\extensions\redhat.java-1.9.0-win32-x64\jre\17.0.3-win32-x86_64\bin\java.exe
0x00007ff8b7ed0000 - 0x00007ff8b80c8000 	C:\windows\SYSTEM32\ntdll.dll
0x00007ff8b7510000 - 0x00007ff8b75cd000 	C:\windows\System32\KERNEL32.DLL
0x00007ff8b5940000 - 0x00007ff8b5c0e000 	C:\windows\System32\KERNELBASE.dll
0x00007ff8b5de0000 - 0x00007ff8b5ee0000 	C:\windows\System32\ucrtbase.dll
0x00007ff8ad6c0000 - 0x00007ff8ad6d8000 	c:\Users\gilbe\.vscode\extensions\redhat.java-1.9.0-win32-x64\jre\17.0.3-win32-x86_64\bin\jli.dll
0x00007ff8b5f40000 - 0x00007ff8b60e0000 	C:\windows\System32\USER32.dll
0x00007ff8b5910000 - 0x00007ff8b5932000 	C:\windows\System32\win32u.dll
0x00007ff8b7df0000 - 0x00007ff8b7e1a000 	C:\windows\System32\GDI32.dll
0x00007ff8b5cd0000 - 0x00007ff8b5ddb000 	C:\windows\System32\gdi32full.dll
0x00007ff8b57c0000 - 0x00007ff8b585d000 	C:\windows\System32\msvcp_win.dll
0x00007ff8ad330000 - 0x00007ff8ad349000 	c:\Users\gilbe\.vscode\extensions\redhat.java-1.9.0-win32-x64\jre\17.0.3-win32-x86_64\bin\VCRUNTIME140.dll
0x00007ff89edf0000 - 0x00007ff89f08a000 	C:\windows\WinSxS\amd64_microsoft.windows.common-controls_6595b64144ccf1df_6.0.19041.1110_none_60b5254171f9507e\COMCTL32.dll
0x00007ff8b7ab0000 - 0x00007ff8b7b4e000 	C:\windows\System32\msvcrt.dll
0x00007ff8b7720000 - 0x00007ff8b7750000 	C:\windows\System32\IMM32.DLL
0x00007ff8ad670000 - 0x00007ff8ad67c000 	c:\Users\gilbe\.vscode\extensions\redhat.java-1.9.0-win32-x64\jre\17.0.3-win32-x86_64\bin\vcruntime140_1.dll
0x00007ff890aa0000 - 0x00007ff890b31000 	c:\Users\gilbe\.vscode\extensions\redhat.java-1.9.0-win32-x64\jre\17.0.3-win32-x86_64\bin\msvcp140.dll
0x00007ff86f810000 - 0x00007ff870458000 	c:\Users\gilbe\.vscode\extensions\redhat.java-1.9.0-win32-x64\jre\17.0.3-win32-x86_64\bin\server\jvm.dll
0x00007ff8b63f0000 - 0x00007ff8b649e000 	C:\windows\System32\ADVAPI32.dll
0x00007ff8b7470000 - 0x00007ff8b750c000 	C:\windows\System32\sechost.dll
0x00007ff8b7210000 - 0x00007ff8b7335000 	C:\windows\System32\RPCRT4.dll
0x00007ff8b5f30000 - 0x00007ff8b5f38000 	C:\windows\System32\PSAPI.DLL
0x00007ff8aeae0000 - 0x00007ff8aeae9000 	C:\windows\SYSTEM32\WSOCK32.dll
0x00007ff8b7140000 - 0x00007ff8b71ab000 	C:\windows\System32\WS2_32.dll
0x00007ff8ac360000 - 0x00007ff8ac387000 	C:\windows\SYSTEM32\WINMM.dll
0x00007ff8ac390000 - 0x00007ff8ac39a000 	C:\windows\SYSTEM32\VERSION.dll
0x00007ff8b34f0000 - 0x00007ff8b3502000 	C:\windows\SYSTEM32\kernel.appcore.dll
0x00007ff8ad4d0000 - 0x00007ff8ad4da000 	c:\Users\gilbe\.vscode\extensions\redhat.java-1.9.0-win32-x64\jre\17.0.3-win32-x86_64\bin\jimage.dll
0x00007ff89fd40000 - 0x00007ff89ff24000 	C:\windows\SYSTEM32\DBGHELP.DLL
0x00007ff89a020000 - 0x00007ff89a04c000 	C:\windows\SYSTEM32\dbgcore.DLL
0x00007ff8b5c10000 - 0x00007ff8b5c92000 	C:\windows\System32\bcryptPrimitives.dll
0x00007ff8a76e0000 - 0x00007ff8a7705000 	c:\Users\gilbe\.vscode\extensions\redhat.java-1.9.0-win32-x64\jre\17.0.3-win32-x86_64\bin\java.dll
0x00007ff8ad0c0000 - 0x00007ff8ad0d8000 	c:\Users\gilbe\.vscode\extensions\redhat.java-1.9.0-win32-x64\jre\17.0.3-win32-x86_64\bin\zip.dll
0x00007ff8b6500000 - 0x00007ff8b6c44000 	C:\windows\System32\SHELL32.dll
0x00007ff8b36f0000 - 0x00007ff8b3e84000 	C:\windows\SYSTEM32\windows.storage.dll
0x00007ff8b7750000 - 0x00007ff8b7aa4000 	C:\windows\System32\combase.dll
0x00007ff8b4f80000 - 0x00007ff8b4fb0000 	C:\windows\SYSTEM32\Wldp.dll
0x00007ff8b6290000 - 0x00007ff8b633d000 	C:\windows\System32\SHCORE.dll
0x00007ff8b64a0000 - 0x00007ff8b64f5000 	C:\windows\System32\shlwapi.dll
0x00007ff8b5530000 - 0x00007ff8b554f000 	C:\windows\SYSTEM32\profapi.dll
0x00007ff8a76c0000 - 0x00007ff8a76d9000 	C:\Users\gilbe\.vscode\extensions\redhat.java-1.9.0-win32-x64\jre\17.0.3-win32-x86_64\bin\net.dll
0x00007ff8a6530000 - 0x00007ff8a663a000 	C:\windows\SYSTEM32\WINHTTP.dll
0x00007ff8b4ce0000 - 0x00007ff8b4d4a000 	C:\windows\system32\mswsock.dll
0x00007ff8a6a80000 - 0x00007ff8a6a95000 	C:\Users\gilbe\.vscode\extensions\redhat.java-1.9.0-win32-x64\jre\17.0.3-win32-x86_64\bin\nio.dll
0x00007ff8ad320000 - 0x00007ff8ad330000 	c:\Users\gilbe\.vscode\extensions\redhat.java-1.9.0-win32-x64\jre\17.0.3-win32-x86_64\bin\verify.dll
0x00007ff8a2d30000 - 0x00007ff8a2d39000 	C:\Users\gilbe\.vscode\extensions\redhat.java-1.9.0-win32-x64\jre\17.0.3-win32-x86_64\bin\management.dll
0x00007ff89e850000 - 0x00007ff89e85b000 	C:\Users\gilbe\.vscode\extensions\redhat.java-1.9.0-win32-x64\jre\17.0.3-win32-x86_64\bin\management_ext.dll
0x00007ff898790000 - 0x00007ff8987a7000 	C:\windows\system32\napinsp.dll
0x00007ff898770000 - 0x00007ff89878b000 	C:\windows\system32\pnrpnsp.dll
0x00007ff8b0200000 - 0x00007ff8b0215000 	C:\windows\system32\wshbth.dll
0x00007ff8b0fd0000 - 0x00007ff8b0fed000 	C:\windows\system32\NLAapi.dll
0x00007ff8b49d0000 - 0x00007ff8b4a0b000 	C:\windows\SYSTEM32\IPHLPAPI.DLL
0x00007ff8b4a10000 - 0x00007ff8b4adb000 	C:\windows\SYSTEM32\DNSAPI.dll
0x00007ff8b7e80000 - 0x00007ff8b7e88000 	C:\windows\System32\NSI.dll
0x00007ff898750000 - 0x00007ff898762000 	C:\windows\System32\winrnr.dll
0x00007ff8ad030000 - 0x00007ff8ad03a000 	C:\Windows\System32\rasadhlp.dll
0x00007ff89f230000 - 0x00007ff89f2b0000 	C:\windows\System32\fwpuclnt.dll
0x00007ff8b5ca0000 - 0x00007ff8b5cc7000 	C:\windows\System32\bcrypt.dll
0x00007ff8b4ed0000 - 0x00007ff8b4ee8000 	C:\windows\SYSTEM32\CRYPTSP.dll
0x00007ff8b4660000 - 0x00007ff8b4694000 	C:\windows\system32\rsaenh.dll
0x00007ff8b54b0000 - 0x00007ff8b54de000 	C:\windows\SYSTEM32\USERENV.dll
0x00007ff8b4ef0000 - 0x00007ff8b4efc000 	C:\windows\SYSTEM32\CRYPTBASE.dll
0x00007ff8a9a30000 - 0x00007ff8a9a47000 	C:\windows\SYSTEM32\dhcpcsvc6.DLL
0x00007ff8a9da0000 - 0x00007ff8a9dbd000 	C:\windows\SYSTEM32\dhcpcsvc.DLL

dbghelp: loaded successfully - version: 4.0.5 - missing functions: none
symbol engine: initialized successfully - sym options: 0x614 - pdb path: .;c:\Users\gilbe\.vscode\extensions\redhat.java-1.9.0-win32-x64\jre\17.0.3-win32-x86_64\bin;C:\windows\SYSTEM32;C:\windows\WinSxS\amd64_microsoft.windows.common-controls_6595b64144ccf1df_6.0.19041.1110_none_60b5254171f9507e;c:\Users\gilbe\.vscode\extensions\redhat.java-1.9.0-win32-x64\jre\17.0.3-win32-x86_64\bin\server

VM Arguments:
jvm_args: -Dsts.lsp.client=vscode -Dsts.log.file=/dev/null -XX:TieredStopAtLevel=1 -Dspring.config.location=file:c:\Users\gilbe\.vscode\extensions\pivotal.vscode-spring-boot-1.38.0\language-server\BOOT-INF\classes\application.properties 
java_command: org.springframework.ide.vscode.boot.app.BootLanguageServerBootApp
java_class_path (initial): c:\Users\gilbe\.vscode\extensions\pivotal.vscode-spring-boot-1.38.0\language-server\BOOT-INF\classes;c:\Users\gilbe\.vscode\extensions\pivotal.vscode-spring-boot-1.38.0\language-server\BOOT-INF\lib\annotations-23.0.0.jar;c:\Users\gilbe\.vscode\extensions\pivotal.vscode-spring-boot-1.38.0\language-server\BOOT-INF\lib\antlr-runtime-3.5.2.jar;c:\Users\gilbe\.vscode\extensions\pivotal.vscode-spring-boot-1.38.0\language-server\BOOT-INF\lib\antlr4-4.9.3.jar;c:\Users\gilbe\.vscode\extensions\pivotal.vscode-spring-boot-1.38.0\language-server\BOOT-INF\lib\antlr4-runtime-4.9.3.jar;c:\Users\gilbe\.vscode\extensions\pivotal.vscode-spring-boot-1.38.0\language-server\BOOT-INF\lib\asm-9.3.jar;c:\Users\gilbe\.vscode\extensions\pivotal.vscode-spring-boot-1.38.0\language-server\BOOT-INF\lib\asm-analysis-9.3.jar;c:\Users\gilbe\.vscode\extensions\pivotal.vscode-spring-boot-1.38.0\language-server\BOOT-INF\lib\asm-tree-9.3.jar;c:\Users\gilbe\.vscode\extensions\pivotal.vscode-spring-boot-1.38.0\language-server\BOOT-INF\lib\asm-util-9.3.jar;c:\Users\gilbe\.vscode\extensions\pivotal.vscode-spring-boot-1.38.0\language-server\BOOT-INF\lib\byte-buddy-1.10.18.jar;c:\Users\gilbe\.vscode\extensions\pivotal.vscode-spring-boot-1.38.0\language-server\BOOT-INF\lib\caffeine-2.8.6.jar;c:\Users\gilbe\.vscode\extensions\pivotal.vscode-spring-boot-1.38.0\language-server\BOOT-INF\lib\checker-qual-3.12.0.jar;c:\Users\gilbe\.vscode\extensions\pivotal.vscode-spring-boot-1.38.0\language-server\BOOT-INF\lib\classgraph-4.8.149.jar;c:\Users\gilbe\.vscode\extensions\pivotal.vscode-spring-boot-1.38.0\language-server\BOOT-INF\lib\commons-codec-1.14.jar;c:\Users\gilbe\.vscode\extensions\pivotal.vscode-spring-boot-1.38.0\language-server\BOOT-INF\lib\commons-compress-1.21.jar;c:\Users\gilbe\.vscode\extensions\pivotal.vscode-spring-boot-1.38.0\language-server\BOOT-INF\lib\commons-exec-1.3.jar;c:\Users\gilbe\.vscode\extensions\pivotal.vscode-spring-boot-1.38.0\language-server\BOOT-INF\lib\com
Launcher Type: SUN_STANDARD

[Global flags]
     intx CICompilerCount                          = 2                                         {product} {ergonomic}
     uint ConcGCThreads                            = 1                                         {product} {ergonomic}
     uint G1ConcRefinementThreads                  = 2                                         {product} {ergonomic}
   size_t G1HeapRegionSize                         = 1048576                                   {product} {ergonomic}
    uintx GCDrainStackTargetSize                   = 64                                        {product} {ergonomic}
   size_t InitialHeapSize                          = 58720256                                  {product} {ergonomic}
   size_t MarkStackSize                            = 4194304                                   {product} {ergonomic}
   size_t MaxHeapSize                              = 908066816                                 {product} {ergonomic}
   size_t MaxNewSize                               = 544210944                                 {product} {ergonomic}
   size_t MinHeapDeltaBytes                        = 1048576                                   {product} {ergonomic}
   size_t MinHeapSize                              = 8388608                                   {product} {ergonomic}
    uintx NonProfiledCodeHeapSize                  = 0                                      {pd product} {ergonomic}
     bool ProfileInterpreter                       = false                                  {pd product} {command line}
    uintx ProfiledCodeHeapSize                     = 0                                      {pd product} {ergonomic}
   size_t SoftMaxHeapSize                          = 908066816                              {manageable} {ergonomic}
     intx TieredStopAtLevel                        = 1                                         {product} {command line}
     bool UseCompressedClassPointers               = true                           {product lp64_product} {ergonomic}
     bool UseCompressedOops                        = true                           {product lp64_product} {ergonomic}
     bool UseG1GC                                  = true                                      {product} {ergonomic}
     bool UseLargePagesIndividualAllocation        = false                                  {pd product} {ergonomic}

Logging:
Log output configuration:
 #0: stdout all=warning uptime,level,tags
 #1: stderr all=off uptime,level,tags

Environment Variables:
PATH=C:\Program Files (x86)\Common Files\Oracle\Java\javapath;C:\windows\system32;C:\windows;C:\windows\System32\Wbem;C:\windows\System32\WindowsPowerShell\v1.0\;C:\windows\System32\OpenSSH\;C:\Program Files\nodejs\;C:\ProgramData\chocolatey\bin;C:\Users\gilbe\AppData\Local\Programs\Python\Python310\Scripts\;C:\Users\gilbe\AppData\Local\Programs\Python\Python310\;C:\Users\gilbe\AppData\Local\Microsoft\WindowsApps;C:\Users\gilbe\AppData\Local\Programs\Microsoft VS Code\bin;C:\Users\gilbe\AppData\Roaming\npm;C:\Program Files\Java\jdk1.8.0_311\bin;C:\Program Files\Java\jre1.8.0_341\bin;
USERNAME=gilbe
OS=Windows_NT
PROCESSOR_IDENTIFIER=AMD64 Family 23 Model 24 Stepping 1, AuthenticAMD



---------------  S Y S T E M  ---------------

OS:
 Windows 10 , 64 bit Build 19041 (10.0.19041.1806)
OS uptime: 25 days 12:46 hours

CPU: total 2 (initial active 2) (2 cores per cpu, 1 threads per core) family 23 model 24 stepping 1 microcode 0x0, cx8, cmov, fxsr, mmx, 3dnowpref, sse, sse2, sse3, ssse3, sse4a, sse4.1, sse4.2, popcnt, lzcnt, tsc, tscinvbit, avx, avx2, aes, clmul, bmi1, bmi2, adx, sha, fma, vzeroupper, clflush, clflushopt

Memory: 4k page, system-wide physical 3463M (117M free)
TotalPageFile size 14215M (AvailPageFile size 85M)
current process WorkingSet (physical memory assigned to process): 180M, peak: 180M
current process commit charge ("private bytes"): 278M, peak: 474M

vm_info: OpenJDK 64-Bit Server VM (17.0.3+7) for windows-amd64 JRE (17.0.3+7), built on Apr 19 2022 16:55:35 by "" with MS VC++ 16.7 (VS2019)

END.
