#
# There is insufficient memory for the Java Runtime Environment to continue.
# Native memory allocation (mmap) failed to map 104857600 bytes for G1 virtual space
# Possible reasons:
#   The system is out of physical RAM or swap space
#   The process is running with CompressedOops enabled, and the Java Heap may be blocking the growth of the native heap
# Possible solutions:
#   Reduce memory load on the system
#   Increase physical memory or swap space
#   Check if swap backing store is full
#   Decrease Java heap size (-Xmx/-Xms)
#   Decrease number of Java threads
#   Decrease Java thread stack sizes (-Xss)
#   Set larger code cache with -XX:ReservedCodeCacheSize=
#   JVM is running with Unscaled Compressed Oops mode in which the Java heap is
#     placed in the first 4GB address space. The Java Heap base address is the
#     maximum limit for the native heap growth. Please use -XX:HeapBaseMinAddress
#     to set the Java Heap base and to place the Java Heap above 4GB virtual address.
# This output file may be truncated or incomplete.
#
#  Out of Memory Error (os_windows.cpp:3535), pid=6384, tid=15992
#
# JRE version: OpenJDK Runtime Environment Temurin-17.0.3+7 (17.0.3+7) (build 17.0.3+7)
# Java VM: OpenJDK 64-Bit Server VM Temurin-17.0.3+7 (17.0.3+7, mixed mode, emulated-client, tiered, compressed oops, compressed class ptrs, g1 gc, windows-amd64)
# No core dump will be written. Minidumps are not enabled by default on client versions of Windows
#

---------------  S U M M A R Y ------------

Command Line: -Dsts.lsp.client=vscode -Dsts.log.file=/dev/null -XX:TieredStopAtLevel=1 -Dspring.config.location=file:c:\Users\gilbe\.vscode\extensions\pivotal.vscode-spring-boot-1.38.0\language-server\BOOT-INF\classes\application.properties org.springframework.ide.vscode.boot.app.BootLanguageServerBootApp

Host: AMD Athlon Silver 3050U with Radeon Graphics   , 2 cores, 3G,  Windows 10 , 64 bit Build 19041 (10.0.19041.1806)
Time: Thu Aug 11 21:44:48 2022 Central Daylight Time elapsed time: 43.571386 seconds (0d 0h 0m 43s)

---------------  T H R E A D  ---------------

Current thread (0x00000199bfb6ce20):  VMThread "VM Thread" [stack: 0x0000006bdae00000,0x0000006bdaf00000] [id=15992]

Stack: [0x0000006bdae00000,0x0000006bdaf00000]
Native frames: (J=compiled Java code, j=interpreted, Vv=VM code, C=native code)
V  [jvm.dll+0x675efa]
V  [jvm.dll+0x830a24]
V  [jvm.dll+0x8321ce]
V  [jvm.dll+0x832833]
V  [jvm.dll+0x2454b5]
V  [jvm.dll+0x672de9]
V  [jvm.dll+0x667732]
V  [jvm.dll+0x3043ab]
V  [jvm.dll+0x30b8f6]
V  [jvm.dll+0x35b62e]
V  [jvm.dll+0x35b85f]
V  [jvm.dll+0x2db248]
V  [jvm.dll+0x2d94fc]
V  [jvm.dll+0x2d8acc]
V  [jvm.dll+0x31ca2b]
V  [jvm.dll+0x836cdb]
V  [jvm.dll+0x837a14]
V  [jvm.dll+0x837f2c]
V  [jvm.dll+0x838304]
V  [jvm.dll+0x8383d0]
V  [jvm.dll+0x7e0cfa]
V  [jvm.dll+0x674d85]
C  [ucrtbase.dll+0x21bb2]
C  [KERNEL32.DLL+0x17034]
C  [ntdll.dll+0x52651]

VM_Operation (0x0000006bdc2fd4c0): G1CollectForAllocation, mode: safepoint, requested by thread 0x00000199c2798030


---------------  P R O C E S S  ---------------

Threads class SMR info:
_java_thread_list=0x00000199c26cdcd0, length=23, elements={
0x00000199bfb91750, 0x00000199bfb925c0, 0x00000199bfbcf130, 0x00000199bfbd1db0,
0x00000199bfbd4780, 0x00000199bfbd5130, 0x00000199bfbd5ae0, 0x00000199bfbfb430,
0x00000199c0986110, 0x00000199c0999010, 0x00000199c1397030, 0x00000199c23e3ff0,
0x00000199c23ffc40, 0x00000199b40d4df0, 0x00000199c2771f00, 0x00000199c21cd2d0,
0x00000199c2798030, 0x00000199c2798500, 0x00000199c27989d0, 0x00000199c276e1d0,
0x00000199c276f510, 0x00000199c276feb0, 0x00000199c276e6a0
}

Java Threads: ( => current thread )
  0x00000199bfb91750 JavaThread "Reference Handler" daemon [_thread_blocked, id=9064, stack(0x0000006bdaf00000,0x0000006bdb000000)]
  0x00000199bfb925c0 JavaThread "Finalizer" daemon [_thread_blocked, id=16996, stack(0x0000006bdb000000,0x0000006bdb100000)]
  0x00000199bfbcf130 JavaThread "Signal Dispatcher" daemon [_thread_blocked, id=1492, stack(0x0000006bdb100000,0x0000006bdb200000)]
  0x00000199bfbd1db0 JavaThread "Attach Listener" daemon [_thread_blocked, id=840, stack(0x0000006bdb200000,0x0000006bdb300000)]
  0x00000199bfbd4780 JavaThread "Service Thread" daemon [_thread_blocked, id=20544, stack(0x0000006bdb300000,0x0000006bdb400000)]
  0x00000199bfbd5130 JavaThread "Monitor Deflation Thread" daemon [_thread_blocked, id=20288, stack(0x0000006bdb400000,0x0000006bdb500000)]
  0x00000199bfbd5ae0 JavaThread "C1 CompilerThread0" daemon [_thread_blocked, id=20556, stack(0x0000006bdb500000,0x0000006bdb600000)]
  0x00000199bfbfb430 JavaThread "Sweeper thread" daemon [_thread_blocked, id=3708, stack(0x0000006bdb600000,0x0000006bdb700000)]
  0x00000199c0986110 JavaThread "Notification Thread" daemon [_thread_blocked, id=18880, stack(0x0000006bdb700000,0x0000006bdb800000)]
  0x00000199c0999010 JavaThread "Common-Cleaner" daemon [_thread_blocked, id=20428, stack(0x0000006bdb900000,0x0000006bdba00000)]
  0x00000199c1397030 JavaThread "Thread-1" [_thread_blocked, id=19796, stack(0x0000006bdbc00000,0x0000006bdbd00000)]
  0x00000199c23e3ff0 JavaThread "pool-7-thread-1" [_thread_blocked, id=17108, stack(0x0000006bdbe00000,0x0000006bdbf00000)]
  0x00000199c23ffc40 JavaThread "LanguageServerApp-lifecycle" [_thread_blocked, id=6552, stack(0x0000006bdbf00000,0x0000006bdc000000)]
  0x00000199b40d4df0 JavaThread "DestroyJavaVM" [_thread_blocked, id=1444, stack(0x0000006bda800000,0x0000006bda900000)]
  0x00000199c2771f00 JavaThread "pool-8-thread-1" [_thread_in_native, id=15400, stack(0x0000006bdc000000,0x0000006bdc100000)]
  0x00000199c21cd2d0 JavaThread "ClassGraph-worker-0" daemon [_thread_blocked, id=16972, stack(0x0000006bdc100000,0x0000006bdc200000)]
  0x00000199c2798030 JavaThread "ClassGraph-worker-1" daemon [_thread_blocked, id=17856, stack(0x0000006bdc200000,0x0000006bdc300000)]
  0x00000199c2798500 JavaThread "ClassGraph-worker-2" daemon [_thread_blocked, id=13140, stack(0x0000006bdc300000,0x0000006bdc400000)]
  0x00000199c27989d0 JavaThread "ClassGraph-worker-3" daemon [_thread_blocked, id=18756, stack(0x0000006bdc400000,0x0000006bdc500000)]
  0x00000199c276e1d0 JavaThread "Simple-Language-Server main thread" daemon [_thread_blocked, id=18648, stack(0x0000006bdc500000,0x0000006bdc600000)]
  0x00000199c276f510 JavaThread "pool-5-thread-1" [_thread_blocked, id=10984, stack(0x0000006bdc600000,0x0000006bdc700000)]
  0x00000199c276feb0 JavaThread "parallel-1" daemon [_thread_blocked, id=9116, stack(0x0000006bdc700000,0x0000006bdc800000)]
  0x00000199c276e6a0 JavaThread "Reconciler-1" daemon [_thread_blocked, id=15140, stack(0x0000006bdc800000,0x0000006bdc900000)]

Other Threads:
=>0x00000199bfb6ce20 VMThread "VM Thread" [stack: 0x0000006bdae00000,0x0000006bdaf00000] [id=15992]
  0x00000199c09865e0 WatcherThread [stack: 0x0000006bdb800000,0x0000006bdb900000] [id=8132]
  0x00000199b410ac80 GCTaskThread "GC Thread#0" [stack: 0x0000006bda900000,0x0000006bdaa00000] [id=11728]
  0x00000199c0d18250 GCTaskThread "GC Thread#1" [stack: 0x0000006bdbb00000,0x0000006bdbc00000] [id=8044]
  0x00000199b4113810 ConcurrentGCThread "G1 Main Marker" [stack: 0x0000006bdaa00000,0x0000006bdab00000] [id=8776]
  0x00000199b4115640 ConcurrentGCThread "G1 Conc#0" [stack: 0x0000006bdab00000,0x0000006bdac00000] [id=8092]
  0x00000199b4147f50 ConcurrentGCThread "G1 Refine#0" [stack: 0x0000006bdac00000,0x0000006bdad00000] [id=7448]
  0x00000199b4148970 ConcurrentGCThread "G1 Service" [stack: 0x0000006bdad00000,0x0000006bdae00000] [id=14772]

Threads with active compile tasks:

VM state: at safepoint (normal execution)

VM Mutex/Monitor currently owned by a thread:  ([mutex/lock_event])
[0x00000199b3f966d0] Threads_lock - owner thread: 0x00000199bfb6ce20
[0x00000199b40d17b0] Heap_lock - owner thread: 0x00000199c2798030

Heap address: 0x00000000c9e00000, size: 866 MB, Compressed Oops mode: 32-bit

CDS archive(s) not mapped
Compressed class space mapped at: 0x0000000100000000-0x0000000140000000, reserved size: 1073741824
Narrow klass base: 0x0000000000000000, Narrow klass shift: 3, Narrow klass range: 0x140000000

GC Precious Log:
 CPUs: 2 total, 2 available
 Memory: 3463M
 Large Page Support: Disabled
 NUMA Support: Disabled
 Compressed Oops: Enabled (32-bit)
 Heap Region Size: 1M
 Heap Min Capacity: 8M
 Heap Initial Capacity: 56M
 Heap Max Capacity: 866M
 Pre-touch: Disabled
 Parallel Workers: 2
 Concurrent Workers: 1
 Concurrent Refinement Workers: 2
 Periodic GC: Disabled

Heap:
 garbage-first heap   total 57344K, used 32768K [0x00000000c9e00000, 0x0000000100000000)
  region size 1024K, 2 young (2048K), 2 survivors (2048K)
 Metaspace       used 34585K, committed 34816K, reserved 1081344K
  class space    used 4488K, committed 4608K, reserved 1048576K

Heap Regions: E=young(eden), S=young(survivor), O=old, HS=humongous(starts), HC=humongous(continues), CS=collection set, F=free, OA=open archive, CA=closed archive, TAMS=top-at-mark-start (previous, next)
|   0|0x00000000c9e00000, 0x00000000c9f00000, 0x00000000c9f00000|100%| O|  |TAMS 0x00000000c9f00000, 0x00000000c9f00000| Untracked 
|   1|0x00000000c9f00000, 0x00000000ca000000, 0x00000000ca000000|100%| O|  |TAMS 0x00000000ca000000, 0x00000000ca000000| Untracked 
|   2|0x00000000ca000000, 0x00000000ca100000, 0x00000000ca100000|100%| O|  |TAMS 0x00000000ca100000, 0x00000000ca100000| Untracked 
|   3|0x00000000ca100000, 0x00000000ca200000, 0x00000000ca200000|100%| O|  |TAMS 0x00000000ca200000, 0x00000000ca200000| Untracked 
|   4|0x00000000ca200000, 0x00000000ca300000, 0x00000000ca300000|100%| O|  |TAMS 0x00000000ca300000, 0x00000000ca300000| Untracked 
|   5|0x00000000ca300000, 0x00000000ca400000, 0x00000000ca400000|100%| O|  |TAMS 0x00000000ca400000, 0x00000000ca400000| Untracked 
|   6|0x00000000ca400000, 0x00000000ca500000, 0x00000000ca500000|100%| O|  |TAMS 0x00000000ca500000, 0x00000000ca500000| Untracked 
|   7|0x00000000ca500000, 0x00000000ca600000, 0x00000000ca600000|100%| O|  |TAMS 0x00000000ca600000, 0x00000000ca600000| Untracked 
|   8|0x00000000ca600000, 0x00000000ca700000, 0x00000000ca700000|100%| O|  |TAMS 0x00000000ca700000, 0x00000000ca700000| Untracked 
|   9|0x00000000ca700000, 0x00000000ca800000, 0x00000000ca800000|100%| O|  |TAMS 0x00000000ca800000, 0x00000000ca800000| Untracked 
|  10|0x00000000ca800000, 0x00000000ca900000, 0x00000000ca900000|100%| O|  |TAMS 0x00000000ca800000, 0x00000000ca900000| Untracked 
|  11|0x00000000ca900000, 0x00000000caa00000, 0x00000000caa00000|100%| O|  |TAMS 0x00000000caa00000, 0x00000000caa00000| Untracked 
|  12|0x00000000caa00000, 0x00000000cab00000, 0x00000000cab00000|100%| O|  |TAMS 0x00000000cab00000, 0x00000000cab00000| Untracked 
|  13|0x00000000cab00000, 0x00000000cac00000, 0x00000000cac00000|100%| O|  |TAMS 0x00000000cac00000, 0x00000000cac00000| Untracked 
|  14|0x00000000cac00000, 0x00000000cad00000, 0x00000000cad00000|100%| O|  |TAMS 0x00000000cad00000, 0x00000000cad00000| Untracked 
|  15|0x00000000cad00000, 0x00000000cae00000, 0x00000000cae00000|100%| O|  |TAMS 0x00000000cae00000, 0x00000000cae00000| Untracked 
|  16|0x00000000cae00000, 0x00000000caf00000, 0x00000000caf00000|100%| O|  |TAMS 0x00000000caf00000, 0x00000000caf00000| Untracked 
|  17|0x00000000caf00000, 0x00000000cb000000, 0x00000000cb000000|100%| O|  |TAMS 0x00000000cb000000, 0x00000000cb000000| Untracked 
|  18|0x00000000cb000000, 0x00000000cb100000, 0x00000000cb100000|100%| O|  |TAMS 0x00000000cb100000, 0x00000000cb100000| Untracked 
|  19|0x00000000cb100000, 0x00000000cb200000, 0x00000000cb200000|100%| O|  |TAMS 0x00000000cb200000, 0x00000000cb200000| Untracked 
|  20|0x00000000cb200000, 0x00000000cb300000, 0x00000000cb300000|100%| O|  |TAMS 0x00000000cb300000, 0x00000000cb300000| Untracked 
|  21|0x00000000cb300000, 0x00000000cb300000, 0x00000000cb400000|  0%| F|  |TAMS 0x00000000cb300000, 0x00000000cb300000| Untracked 
|  22|0x00000000cb400000, 0x00000000cb500000, 0x00000000cb500000|100%| O|  |TAMS 0x00000000cb500000, 0x00000000cb500000| Untracked 
|  23|0x00000000cb500000, 0x00000000cb600000, 0x00000000cb600000|100%| O|  |TAMS 0x00000000cb600000, 0x00000000cb600000| Untracked 
|  24|0x00000000cb600000, 0x00000000cb700000, 0x00000000cb700000|100%| O|  |TAMS 0x00000000cb700000, 0x00000000cb700000| Untracked 
|  25|0x00000000cb700000, 0x00000000cb800000, 0x00000000cb800000|100%| O|  |TAMS 0x00000000cb800000, 0x00000000cb800000| Untracked 
|  26|0x00000000cb800000, 0x00000000cb900000, 0x00000000cb900000|100%| O|  |TAMS 0x00000000cb900000, 0x00000000cb900000| Untracked 
|  27|0x00000000cb900000, 0x00000000cba00000, 0x00000000cba00000|100%| O|  |TAMS 0x00000000cb9d7a00, 0x00000000cba00000| Untracked 
|  28|0x00000000cba00000, 0x00000000cbb00000, 0x00000000cbb00000|100%| O|  |TAMS 0x00000000cba00000, 0x00000000cbb00000| Untracked 
|  29|0x00000000cbb00000, 0x00000000cbc00000, 0x00000000cbc00000|100%| O|  |TAMS 0x00000000cbb00000, 0x00000000cbc00000| Untracked 
|  30|0x00000000cbc00000, 0x00000000cbd00000, 0x00000000cbd00000|100%| O|  |TAMS 0x00000000cbc00000, 0x00000000cbc73600| Untracked 
|  31|0x00000000cbd00000, 0x00000000cbd00000, 0x00000000cbe00000|  0%| F|  |TAMS 0x00000000cbd00000, 0x00000000cbd00000| Untracked 
|  32|0x00000000cbe00000, 0x00000000cbe00000, 0x00000000cbf00000|  0%| F|  |TAMS 0x00000000cbe00000, 0x00000000cbe00000| Untracked 
|  33|0x00000000cbf00000, 0x00000000cbf00000, 0x00000000cc000000|  0%| F|  |TAMS 0x00000000cbf00000, 0x00000000cbf00000| Untracked 
|  34|0x00000000cc000000, 0x00000000cc000000, 0x00000000cc100000|  0%| F|  |TAMS 0x00000000cc000000, 0x00000000cc000000| Untracked 
|  35|0x00000000cc100000, 0x00000000cc100000, 0x00000000cc200000|  0%| F|  |TAMS 0x00000000cc100000, 0x00000000cc100000| Untracked 
|  36|0x00000000cc200000, 0x00000000cc200000, 0x00000000cc300000|  0%| F|  |TAMS 0x00000000cc200000, 0x00000000cc200000| Untracked 
|  37|0x00000000cc300000, 0x00000000cc300000, 0x00000000cc400000|  0%| F|  |TAMS 0x00000000cc300000, 0x00000000cc300000| Untracked 
|  38|0x00000000cc400000, 0x00000000cc400000, 0x00000000cc500000|  0%| F|  |TAMS 0x00000000cc400000, 0x00000000cc400000| Untracked 
|  39|0x00000000cc500000, 0x00000000cc600000, 0x00000000cc600000|100%| S|CS|TAMS 0x00000000cc500000, 0x00000000cc500000| Complete 
|  40|0x00000000cc600000, 0x00000000cc700000, 0x00000000cc700000|100%| S|CS|TAMS 0x00000000cc600000, 0x00000000cc600000| Complete 
|  41|0x00000000cc700000, 0x00000000cc700000, 0x00000000cc800000|  0%| F|  |TAMS 0x00000000cc700000, 0x00000000cc700000| Untracked 
|  42|0x00000000cc800000, 0x00000000cc800000, 0x00000000cc900000|  0%| F|  |TAMS 0x00000000cc800000, 0x00000000cc800000| Untracked 
|  43|0x00000000cc900000, 0x00000000cc900000, 0x00000000cca00000|  0%| F|  |TAMS 0x00000000cc900000, 0x00000000cc900000| Untracked 
|  44|0x00000000cca00000, 0x00000000cca00000, 0x00000000ccb00000|  0%| F|  |TAMS 0x00000000cca00000, 0x00000000cca00000| Untracked 
|  45|0x00000000ccb00000, 0x00000000ccb00000, 0x00000000ccc00000|  0%| F|  |TAMS 0x00000000ccb00000, 0x00000000ccb00000| Untracked 
|  46|0x00000000ccc00000, 0x00000000ccc00000, 0x00000000ccd00000|  0%| F|  |TAMS 0x00000000ccc00000, 0x00000000ccc00000| Untracked 
|  47|0x00000000ccd00000, 0x00000000ccd00000, 0x00000000cce00000|  0%| F|  |TAMS 0x00000000ccd00000, 0x00000000ccd00000| Untracked 
|  48|0x00000000cce00000, 0x00000000cce00000, 0x00000000ccf00000|  0%| F|  |TAMS 0x00000000cce00000, 0x00000000cce00000| Untracked 
|  49|0x00000000ccf00000, 0x00000000ccf00000, 0x00000000cd000000|  0%| F|  |TAMS 0x00000000ccf00000, 0x00000000ccf00000| Untracked 
|  50|0x00000000cd000000, 0x00000000cd000000, 0x00000000cd100000|  0%| F|  |TAMS 0x00000000cd000000, 0x00000000cd000000| Untracked 
|  51|0x00000000cd100000, 0x00000000cd100000, 0x00000000cd200000|  0%| F|  |TAMS 0x00000000cd100000, 0x00000000cd100000| Untracked 
|  52|0x00000000cd200000, 0x00000000cd200000, 0x00000000cd300000|  0%| F|  |TAMS 0x00000000cd200000, 0x00000000cd200000| Untracked 
|  53|0x00000000cd300000, 0x00000000cd300000, 0x00000000cd400000|  0%| F|  |TAMS 0x00000000cd300000, 0x00000000cd300000| Untracked 
|  54|0x00000000cd400000, 0x00000000cd400000, 0x00000000cd500000|  0%| F|  |TAMS 0x00000000cd400000, 0x00000000cd400000| Untracked 
|  55|0x00000000cd500000, 0x00000000cd500000, 0x00000000cd600000|  0%| F|  |TAMS 0x00000000cd500000, 0x00000000cd500000| Untracked 

Card table byte_map: [0x00000199bb970000,0x00000199bbb30000] _byte_map_base: 0x00000199bb321000

Marking Bits (Prev, Next): (CMBitMap*) 0x00000199b410c2e0, (CMBitMap*) 0x00000199b410c2a0
 Prev Bits: [0x00000199bca80000, 0x00000199bd808000)
 Next Bits: [0x00000199bbcf0000, 0x00000199bca78000)

Polling page: 0x00000199b41b0000

Metaspace:

Usage:
  Non-class:     29.39 MB used.
      Class:      4.38 MB used.
       Both:     33.77 MB used.

Virtual space:
  Non-class space:       32.00 MB reserved,      29.50 MB ( 92%) committed,  4 nodes.
      Class space:        1.00 GB reserved,       4.50 MB ( <1%) committed,  1 nodes.
             Both:        1.03 GB reserved,      34.00 MB (  3%) committed. 

Chunk freelists:
   Non-Class:  2.02 MB
       Class:  3.50 MB
        Both:  5.52 MB

MaxMetaspaceSize: unlimited
CompressedClassSpaceSize: 1.00 GB
Initial GC threshold: 21.00 MB
Current GC threshold: 56.69 MB
CDS: off
MetaspaceReclaimPolicy: balanced
 - commit_granule_bytes: 65536.
 - commit_granule_words: 8192.
 - virtual_space_node_default_size: 1048576.
 - enlarge_chunks_in_place: 1.
 - new_chunks_are_fully_committed: 0.
 - uncommit_free_chunks: 1.
 - use_allocation_guard: 0.
 - handle_deallocations: 1.


Internal statistics:

num_allocs_failed_limit: 3.
num_arena_births: 290.
num_arena_deaths: 24.
num_vsnodes_births: 5.
num_vsnodes_deaths: 0.
num_space_committed: 544.
num_space_uncommitted: 0.
num_chunks_returned_to_freelist: 27.
num_chunks_taken_from_freelist: 1285.
num_chunk_merges: 8.
num_chunk_splits: 870.
num_chunks_enlarged: 682.
num_purges: 2.
num_inconsistent_stats: 0.

CodeCache: size=49152Kb used=6703Kb max_used=6703Kb free=42448Kb
 bounds [0x00000199b8530000, 0x00000199b8bc0000, 0x00000199bb530000]
 total_blobs=3944 nmethods=3426 adapters=444
 compilation: enabled
              stopped_count=0, restarted_count=0
 full_count=0

Compilation events (20 events):
Event: 43.245 Thread 0x00000199bfbd5ae0 3422       1       nonapi.io.github.classgraph.scanspec.AcceptReject::acceptIsEmpty (27 bytes)
Event: 43.246 Thread 0x00000199bfbd5ae0 nmethod 3422 0x00000199b8bb6690 code [0x00000199b8bb6820, 0x00000199b8bb6918]
Event: 43.246 Thread 0x00000199bfbd5ae0 3423       1       nonapi.io.github.classgraph.scanspec.AcceptReject::acceptAndRejectAreEmpty (20 bytes)
Event: 43.246 Thread 0x00000199bfbd5ae0 nmethod 3423 0x00000199b8bb6990 code [0x00000199b8bb6b20, 0x00000199b8bb6c98]
Event: 43.246 Thread 0x00000199bfbd5ae0 3424       1       nonapi.io.github.classgraph.scanspec.AcceptReject::rejectIsEmpty (27 bytes)
Event: 43.246 Thread 0x00000199bfbd5ae0 nmethod 3424 0x00000199b8bb6d10 code [0x00000199b8bb6ea0, 0x00000199b8bb6f98]
Event: 43.246 Thread 0x00000199bfbd5ae0 3425       1       io.github.classgraph.ClasspathElement::checkResourcePathAcceptReject (109 bytes)
Event: 43.247 Thread 0x00000199bfbd5ae0 nmethod 3425 0x00000199b8bb7010 code [0x00000199b8bb7280, 0x00000199b8bb7a38]
Event: 43.247 Thread 0x00000199bfbd5ae0 3426       1       io.github.classgraph.ClasspathElementModule::newResource (14 bytes)
Event: 43.247 Thread 0x00000199bfbd5ae0 nmethod 3426 0x00000199b8bb7e10 code [0x00000199b8bb7fc0, 0x00000199b8bb82d8]
Event: 43.247 Thread 0x00000199bfbd5ae0 3427       1       io.github.classgraph.ClasspathElementModule$1::<init> (29 bytes)
Event: 43.247 Thread 0x00000199bfbd5ae0 nmethod 3427 0x00000199b8bb8390 code [0x00000199b8bb8520, 0x00000199b8bb87b8]
Event: 43.247 Thread 0x00000199bfbd5ae0 3428       1       io.github.classgraph.Resource::<init> (15 bytes)
Event: 43.247 Thread 0x00000199bfbd5ae0 nmethod 3428 0x00000199b8bb8890 code [0x00000199b8bb8a20, 0x00000199b8bb8b38]
Event: 43.247 Thread 0x00000199bfbd5ae0 3429       1       io.github.classgraph.ClasspathElement::addAcceptedResource (349 bytes)
Event: 43.249 Thread 0x00000199bfbd5ae0 nmethod 3429 0x00000199b8bb8b90 code [0x00000199b8bb8fe0, 0x00000199b8bba4f8]
Event: 43.249 Thread 0x00000199bfbd5ae0 3430       1       nonapi.io.github.classgraph.utils.FileUtils::isClassfile (34 bytes)
Event: 43.249 Thread 0x00000199bfbd5ae0 nmethod 3430 0x00000199b8bbb010 code [0x00000199b8bbb1a0, 0x00000199b8bbb2c8]
Event: 43.438 Thread 0x00000199bfbd5ae0 3431       1       java.util.TimSort::binarySort (223 bytes)
Event: 43.439 Thread 0x00000199bfbd5ae0 nmethod 3431 0x00000199b8bbb390 code [0x00000199b8bbb560, 0x00000199b8bbbaf8]

GC Heap History (20 events):
Event: 38.020 GC heap after
{Heap after GC invocations=10 (full 0):
 garbage-first heap   total 45056K, used 16284K [0x00000000c9e00000, 0x0000000100000000)
  region size 1024K, 2 young (2048K), 2 survivors (2048K)
 Metaspace       used 31477K, committed 31744K, reserved 1081344K
  class space    used 3968K, committed 4096K, reserved 1048576K
}
Event: 40.935 GC heap before
{Heap before GC invocations=10 (full 0):
 garbage-first heap   total 45056K, used 31644K [0x00000000c9e00000, 0x0000000100000000)
  region size 1024K, 17 young (17408K), 2 survivors (2048K)
 Metaspace       used 33559K, committed 33792K, reserved 1081344K
  class space    used 4270K, committed 4352K, reserved 1048576K
}
Event: 40.942 GC heap after
{Heap after GC invocations=11 (full 0):
 garbage-first heap   total 45056K, used 18525K [0x00000000c9e00000, 0x0000000100000000)
  region size 1024K, 3 young (3072K), 3 survivors (3072K)
 Metaspace       used 33559K, committed 33792K, reserved 1081344K
  class space    used 4270K, committed 4352K, reserved 1048576K
}
Event: 41.331 GC heap before
{Heap before GC invocations=11 (full 0):
 garbage-first heap   total 45056K, used 31837K [0x00000000c9e00000, 0x0000000100000000)
  region size 1024K, 17 young (17408K), 3 survivors (3072K)
 Metaspace       used 33559K, committed 33792K, reserved 1081344K
  class space    used 4270K, committed 4352K, reserved 1048576K
}
Event: 41.349 GC heap after
{Heap after GC invocations=12 (full 0):
 garbage-first heap   total 45056K, used 21792K [0x00000000c9e00000, 0x0000000100000000)
  region size 1024K, 3 young (3072K), 3 survivors (3072K)
 Metaspace       used 33559K, committed 33792K, reserved 1081344K
  class space    used 4270K, committed 4352K, reserved 1048576K
}
Event: 42.187 GC heap before
{Heap before GC invocations=12 (full 0):
 garbage-first heap   total 45056K, used 33056K [0x00000000c9e00000, 0x0000000100000000)
  region size 1024K, 14 young (14336K), 3 survivors (3072K)
 Metaspace       used 34081K, committed 34432K, reserved 1081344K
  class space    used 4366K, committed 4544K, reserved 1048576K
}
Event: 42.194 GC heap after
{Heap after GC invocations=13 (full 0):
 garbage-first heap   total 45056K, used 24023K [0x00000000c9e00000, 0x0000000100000000)
  region size 1024K, 2 young (2048K), 2 survivors (2048K)
 Metaspace       used 34081K, committed 34432K, reserved 1081344K
  class space    used 4366K, committed 4544K, reserved 1048576K
}
Event: 42.862 GC heap before
{Heap before GC invocations=13 (full 0):
 garbage-first heap   total 45056K, used 33239K [0x00000000c9e00000, 0x0000000100000000)
  region size 1024K, 11 young (11264K), 2 survivors (2048K)
 Metaspace       used 34298K, committed 34624K, reserved 1081344K
  class space    used 4424K, committed 4608K, reserved 1048576K
}
Event: 42.869 GC heap after
{Heap after GC invocations=14 (full 0):
 garbage-first heap   total 45056K, used 26140K [0x00000000c9e00000, 0x0000000100000000)
  region size 1024K, 2 young (2048K), 2 survivors (2048K)
 Metaspace       used 34298K, committed 34624K, reserved 1081344K
  class space    used 4424K, committed 4608K, reserved 1048576K
}
Event: 43.070 GC heap before
{Heap before GC invocations=15 (full 0):
 garbage-first heap   total 48128K, used 34332K [0x00000000c9e00000, 0x0000000100000000)
  region size 1024K, 10 young (10240K), 2 survivors (2048K)
 Metaspace       used 34571K, committed 34816K, reserved 1081344K
  class space    used 4485K, committed 4608K, reserved 1048576K
}
Event: 43.075 GC heap after
{Heap after GC invocations=16 (full 0):
 garbage-first heap   total 48128K, used 27720K [0x00000000c9e00000, 0x0000000100000000)
  region size 1024K, 2 young (2048K), 2 survivors (2048K)
 Metaspace       used 34571K, committed 34816K, reserved 1081344K
  class space    used 4485K, committed 4608K, reserved 1048576K
}
Event: 43.078 GC heap before
{Heap before GC invocations=16 (full 0):
 garbage-first heap   total 48128K, used 28744K [0x00000000c9e00000, 0x0000000100000000)
  region size 1024K, 3 young (3072K), 2 survivors (2048K)
 Metaspace       used 34572K, committed 34816K, reserved 1081344K
  class space    used 4485K, committed 4608K, reserved 1048576K
}
Event: 43.082 GC heap after
{Heap after GC invocations=17 (full 0):
 garbage-first heap   total 48128K, used 27811K [0x00000000c9e00000, 0x0000000100000000)
  region size 1024K, 1 young (1024K), 1 survivors (1024K)
 Metaspace       used 34572K, committed 34816K, reserved 1081344K
  class space    used 4485K, committed 4608K, reserved 1048576K
}
Event: 43.108 GC heap before
{Heap before GC invocations=17 (full 0):
 garbage-first heap   total 48128K, used 37027K [0x00000000c9e00000, 0x0000000100000000)
  region size 1024K, 10 young (10240K), 1 survivors (1024K)
 Metaspace       used 34585K, committed 34816K, reserved 1081344K
  class space    used 4488K, committed 4608K, reserved 1048576K
}
Event: 43.111 GC heap after
{Heap after GC invocations=18 (full 0):
 garbage-first heap   total 48128K, used 29211K [0x00000000c9e00000, 0x0000000100000000)
  region size 1024K, 2 young (2048K), 2 survivors (2048K)
 Metaspace       used 34585K, committed 34816K, reserved 1081344K
  class space    used 4488K, committed 4608K, reserved 1048576K
}
Event: 43.225 GC heap before
{Heap before GC invocations=19 (full 0):
 garbage-first heap   total 53248K, used 37403K [0x00000000c9e00000, 0x0000000100000000)
  region size 1024K, 10 young (10240K), 2 survivors (2048K)
 Metaspace       used 34585K, committed 34816K, reserved 1081344K
  class space    used 4488K, committed 4608K, reserved 1048576K
}
Event: 43.233 GC heap after
{Heap after GC invocations=20 (full 0):
 garbage-first heap   total 53248K, used 30547K [0x00000000c9e00000, 0x0000000100000000)
  region size 1024K, 2 young (2048K), 2 survivors (2048K)
 Metaspace       used 34585K, committed 34816K, reserved 1081344K
  class space    used 4488K, committed 4608K, reserved 1048576K
}
Event: 43.236 GC heap before
{Heap before GC invocations=20 (full 0):
 garbage-first heap   total 53248K, used 31571K [0x00000000c9e00000, 0x0000000100000000)
  region size 1024K, 3 young (3072K), 2 survivors (2048K)
 Metaspace       used 34585K, committed 34816K, reserved 1081344K
  class space    used 4488K, committed 4608K, reserved 1048576K
}
Event: 43.242 GC heap after
{Heap after GC invocations=21 (full 0):
 garbage-first heap   total 53248K, used 30429K [0x00000000c9e00000, 0x0000000100000000)
  region size 1024K, 1 young (1024K), 1 survivors (1024K)
 Metaspace       used 34585K, committed 34816K, reserved 1081344K
  class space    used 4488K, committed 4608K, reserved 1048576K
}
Event: 43.445 GC heap before
{Heap before GC invocations=21 (full 0):
 garbage-first heap   total 53248K, used 40669K [0x00000000c9e00000, 0x0000000100000000)
  region size 1024K, 11 young (11264K), 1 survivors (1024K)
 Metaspace       used 34585K, committed 34816K, reserved 1081344K
  class space    used 4488K, committed 4608K, reserved 1048576K
}

Deoptimization events (16 events):
Event: 4.651 Thread 0x00000199b40d4df0 DEOPT PACKING pc=0x00000199b866be75 sp=0x0000006bda8fdd70
Event: 4.651 Thread 0x00000199b40d4df0 DEOPT UNPACKING pc=0x00000199b8582b43 sp=0x0000006bda8fd1e0 mode 3
Event: 10.643 Thread 0x00000199b40d4df0 DEOPT PACKING pc=0x00000199b88b1e99 sp=0x0000006bda8fd5e0
Event: 10.643 Thread 0x00000199b40d4df0 DEOPT UNPACKING pc=0x00000199b8582b43 sp=0x0000006bda8fcac0 mode 3
Event: 12.301 Thread 0x00000199b40d4df0 DEOPT PACKING pc=0x00000199b8a1fc75 sp=0x0000006bda8fd2b0
Event: 12.301 Thread 0x00000199b40d4df0 DEOPT UNPACKING pc=0x00000199b8582b43 sp=0x0000006bda8fc720 mode 3
Event: 31.375 Thread 0x00000199b40d4df0 DEOPT PACKING pc=0x00000199b894e934 sp=0x0000006bda8f7b20
Event: 31.375 Thread 0x00000199b40d4df0 DEOPT UNPACKING pc=0x00000199b8582b43 sp=0x0000006bda8f6fa0 mode 3
Event: 37.448 Thread 0x00000199b40d4df0 DEOPT PACKING pc=0x00000199b8918219 sp=0x0000006bda8fcad0
Event: 37.448 Thread 0x00000199b40d4df0 DEOPT UNPACKING pc=0x00000199b8582b43 sp=0x0000006bda8fbfb8 mode 3
Event: 39.331 Thread 0x00000199c1397030 DEOPT PACKING pc=0x00000199b8a80cab sp=0x0000006bdbcfe830
Event: 39.331 Thread 0x00000199c1397030 DEOPT UNPACKING pc=0x00000199b8582b43 sp=0x0000006bdbcfdd78 mode 3
Event: 41.797 Thread 0x00000199c276e1d0 DEOPT PACKING pc=0x00000199b8b5a035 sp=0x0000006bdc5fd8c0
Event: 41.797 Thread 0x00000199c276e1d0 DEOPT UNPACKING pc=0x00000199b8582b43 sp=0x0000006bdc5fcde8 mode 3
Event: 43.036 Thread 0x00000199c2798500 DEOPT PACKING pc=0x00000199b88b4901 sp=0x0000006bdc3fef30
Event: 43.036 Thread 0x00000199c2798500 DEOPT UNPACKING pc=0x00000199b8582b43 sp=0x0000006bdc3fe3c0 mode 3

Classes unloaded (12 events):
Event: 42.900 Thread 0x00000199bfb6ce20 Unloading class 0x0000000100340000 'java/lang/invoke/LambdaForm$MH+0x0000000100340000'
Event: 42.900 Thread 0x00000199bfb6ce20 Unloading class 0x000000010033dc00 'java/lang/invoke/LambdaForm$MH+0x000000010033dc00'
Event: 42.900 Thread 0x00000199bfb6ce20 Unloading class 0x000000010033cc00 'java/lang/invoke/LambdaForm$DMH+0x000000010033cc00'
Event: 42.900 Thread 0x00000199bfb6ce20 Unloading class 0x000000010033c400 'java/lang/invoke/LambdaForm$DMH+0x000000010033c400'
Event: 42.900 Thread 0x00000199bfb6ce20 Unloading class 0x00000001000ca800 'java/lang/invoke/LambdaForm$MH+0x00000001000ca800'
Event: 42.900 Thread 0x00000199bfb6ce20 Unloading class 0x00000001000ca000 'java/lang/invoke/LambdaForm$MH+0x00000001000ca000'
Event: 42.900 Thread 0x00000199bfb6ce20 Unloading class 0x00000001000c9c00 'java/lang/invoke/LambdaForm$MH+0x00000001000c9c00'
Event: 42.900 Thread 0x00000199bfb6ce20 Unloading class 0x00000001000c9800 'java/lang/invoke/LambdaForm$MH+0x00000001000c9800'
Event: 42.900 Thread 0x00000199bfb6ce20 Unloading class 0x00000001000c9000 'java/lang/invoke/LambdaForm$MH+0x00000001000c9000'
Event: 42.900 Thread 0x00000199bfb6ce20 Unloading class 0x00000001000c8c00 'java/lang/invoke/LambdaForm$MH+0x00000001000c8c00'
Event: 42.900 Thread 0x00000199bfb6ce20 Unloading class 0x00000001000c8800 'java/lang/invoke/LambdaForm$MH+0x00000001000c8800'
Event: 42.900 Thread 0x00000199bfb6ce20 Unloading class 0x00000001000c8000 'java/lang/invoke/LambdaForm$MH+0x00000001000c8000'

Classes redefined (0 events):
No events

Internal exceptions (20 events):
Event: 40.778 Thread 0x00000199c21cd2d0 Exception <a 'sun/nio/fs/WindowsException'{0x00000000cbefca08}> (0x00000000cbefca08) 
thrown [e:\jenkins\tmp\workspace\build\src\src\hotspot\share\prims\jni.cpp, line 516]
Event: 40.778 Thread 0x00000199c21cd2d0 Exception <a 'sun/nio/fs/WindowsException'{0x00000000cbefcde8}> (0x00000000cbefcde8) 
thrown [e:\jenkins\tmp\workspace\build\src\src\hotspot\share\prims\jni.cpp, line 516]
Event: 40.778 Thread 0x00000199c21cd2d0 Exception <a 'sun/nio/fs/WindowsException'{0x00000000cbefd7d8}> (0x00000000cbefd7d8) 
thrown [e:\jenkins\tmp\workspace\build\src\src\hotspot\share\prims\jni.cpp, line 516]
Event: 40.778 Thread 0x00000199c21cd2d0 Exception <a 'sun/nio/fs/WindowsException'{0x00000000cbefdb80}> (0x00000000cbefdb80) 
thrown [e:\jenkins\tmp\workspace\build\src\src\hotspot\share\prims\jni.cpp, line 516]
Event: 40.778 Thread 0x00000199c21cd2d0 Exception <a 'sun/nio/fs/WindowsException'{0x00000000cbefe580}> (0x00000000cbefe580) 
thrown [e:\jenkins\tmp\workspace\build\src\src\hotspot\share\prims\jni.cpp, line 516]
Event: 40.778 Thread 0x00000199c21cd2d0 Exception <a 'sun/nio/fs/WindowsException'{0x00000000cbefe940}> (0x00000000cbefe940) 
thrown [e:\jenkins\tmp\workspace\build\src\src\hotspot\share\prims\jni.cpp, line 516]
Event: 40.778 Thread 0x00000199c21cd2d0 Exception <a 'sun/nio/fs/WindowsException'{0x00000000cbeff340}> (0x00000000cbeff340) 
thrown [e:\jenkins\tmp\workspace\build\src\src\hotspot\share\prims\jni.cpp, line 516]
Event: 40.779 Thread 0x00000199c21cd2d0 Exception <a 'sun/nio/fs/WindowsException'{0x00000000cbeff6f0}> (0x00000000cbeff6f0) 
thrown [e:\jenkins\tmp\workspace\build\src\src\hotspot\share\prims\jni.cpp, line 516]
Event: 40.779 Thread 0x00000199c21cd2d0 Exception <a 'sun/nio/fs/WindowsException'{0x00000000cbd00108}> (0x00000000cbd00108) 
thrown [e:\jenkins\tmp\workspace\build\src\src\hotspot\share\prims\jni.cpp, line 516]
Event: 40.779 Thread 0x00000199c21cd2d0 Exception <a 'sun/nio/fs/WindowsException'{0x00000000cbd004c8}> (0x00000000cbd004c8) 
thrown [e:\jenkins\tmp\workspace\build\src\src\hotspot\share\prims\jni.cpp, line 516]
Event: 40.779 Thread 0x00000199c21cd2d0 Exception <a 'sun/nio/fs/WindowsException'{0x00000000cbd00f20}> (0x00000000cbd00f20) 
thrown [e:\jenkins\tmp\workspace\build\src\src\hotspot\share\prims\jni.cpp, line 516]
Event: 40.779 Thread 0x00000199c21cd2d0 Exception <a 'sun/nio/fs/WindowsException'{0x00000000cbd01300}> (0x00000000cbd01300) 
thrown [e:\jenkins\tmp\workspace\build\src\src\hotspot\share\prims\jni.cpp, line 516]
Event: 40.779 Thread 0x00000199c21cd2d0 Exception <a 'sun/nio/fs/WindowsException'{0x00000000cbd01d38}> (0x00000000cbd01d38) 
thrown [e:\jenkins\tmp\workspace\build\src\src\hotspot\share\prims\jni.cpp, line 516]
Event: 40.779 Thread 0x00000199c21cd2d0 Exception <a 'sun/nio/fs/WindowsException'{0x00000000cbd02128}> (0x00000000cbd02128) 
thrown [e:\jenkins\tmp\workspace\build\src\src\hotspot\share\prims\jni.cpp, line 516]
Event: 40.779 Thread 0x00000199c21cd2d0 Exception <a 'sun/nio/fs/WindowsException'{0x00000000cbd02b50}> (0x00000000cbd02b50) 
thrown [e:\jenkins\tmp\workspace\build\src\src\hotspot\share\prims\jni.cpp, line 516]
Event: 40.779 Thread 0x00000199c21cd2d0 Exception <a 'sun/nio/fs/WindowsException'{0x00000000cbd02f40}> (0x00000000cbd02f40) 
thrown [e:\jenkins\tmp\workspace\build\src\src\hotspot\share\prims\jni.cpp, line 516]
Event: 41.672 Thread 0x00000199c2771f00 Exception <a 'java/lang/NoSuchMethodError'{0x00000000cc30a4e8}: 'java.lang.Object java.lang.invoke.DirectMethodHandle$Holder.invokeStatic(java.lang.Object, java.lang.Object, java.lang.Object, int, java.lang.Object, java.lang.Object)'> (0x00000000cc30a4e8) 
thrown [e:\jenkins\tmp\workspace\build\src\src\hotspot\share\interpreter\linkResolver.cpp, line 766]
Event: 41.789 Thread 0x00000199c276e1d0 Exception <a 'java/lang/NoSuchMethodError'{0x00000000cc107470}: 'java.lang.Object java.lang.invoke.DirectMethodHandle$Holder.invokeStatic(java.lang.Object, int, java.lang.Object)'> (0x00000000cc107470) 
thrown [e:\jenkins\tmp\workspace\build\src\src\hotspot\share\interpreter\linkResolver.cpp, line 766]
Event: 43.053 Thread 0x00000199c276e6a0 Exception <a 'java/lang/NoSuchMethodError'{0x00000000cc7c65a8}: 'int java.lang.invoke.DirectMethodHandle$Holder.invokeStatic(java.lang.Object)'> (0x00000000cc7c65a8) 
thrown [e:\jenkins\tmp\workspace\build\src\src\hotspot\share\interpreter\linkResolver.cpp, line 766]
Event: 43.053 Thread 0x00000199c276e6a0 Exception <a 'java/lang/NoSuchMethodError'{0x00000000cc7c9a58}: 'int java.lang.invoke.DirectMethodHandle$Holder.invokeStaticInit(java.lang.Object)'> (0x00000000cc7c9a58) 
thrown [e:\jenkins\tmp\workspace\build\src\src\hotspot\share\interpreter\linkResolver.cpp, line 766]

VM Operations (20 events):
Event: 43.035 Executing VM operation: ICBufferFull done
Event: 43.054 Executing VM operation: HandshakeAllThreads
Event: 43.054 Executing VM operation: HandshakeAllThreads done
Event: 43.059 Executing VM operation: HandshakeAllThreads
Event: 43.059 Executing VM operation: HandshakeAllThreads done
Event: 43.070 Executing VM operation: G1CollectForAllocation
Event: 43.075 Executing VM operation: G1CollectForAllocation done
Event: 43.078 Executing VM operation: G1CollectForAllocation
Event: 43.082 Executing VM operation: G1CollectForAllocation done
Event: 43.108 Executing VM operation: G1CollectForAllocation
Event: 43.112 Executing VM operation: G1CollectForAllocation done
Event: 43.138 Executing VM operation: G1Concurrent
Event: 43.176 Executing VM operation: G1Concurrent done
Event: 43.188 Executing VM operation: G1Concurrent
Event: 43.195 Executing VM operation: G1Concurrent done
Event: 43.225 Executing VM operation: G1CollectForAllocation
Event: 43.233 Executing VM operation: G1CollectForAllocation done
Event: 43.236 Executing VM operation: G1CollectForAllocation
Event: 43.242 Executing VM operation: G1CollectForAllocation done
Event: 43.445 Executing VM operation: G1CollectForAllocation

Events (20 events):
Event: 43.052 loading class jdk/internal/jimage/ImageReader$Node done
Event: 43.052 loading class jdk/internal/jimage/ImageReader$Directory done
Event: 43.052 loading class jdk/internal/jimage/ImageReader$SharedImageReader$LocationVisitor
Event: 43.052 loading class jdk/internal/jimage/ImageReader$SharedImageReader$LocationVisitor done
Event: 43.053 loading class java/nio/ByteBufferAsIntBufferL
Event: 43.054 loading class java/nio/ByteBufferAsIntBufferL done
Event: 43.055 loading class jdk/internal/jimage/ImageReader$Resource
Event: 43.055 loading class jdk/internal/jimage/ImageReader$Resource done
Event: 43.055 loading class java/util/concurrent/locks/AbstractQueuedSynchronizer$SharedNode
Event: 43.056 loading class java/util/stream/LongStream
Event: 43.056 loading class java/util/concurrent/locks/AbstractQueuedSynchronizer$SharedNode done
Event: 43.056 loading class java/util/stream/LongStream done
Event: 43.056 loading class java/util/stream/DoubleStream
Event: 43.057 loading class java/util/concurrent/atomic/AtomicLongFieldUpdater
Event: 43.057 loading class java/util/stream/DoubleStream done
Event: 43.058 loading class java/util/concurrent/atomic/AtomicLongFieldUpdater done
Event: 43.058 loading class java/util/concurrent/atomic/AtomicLongFieldUpdater$CASUpdater
Event: 43.058 loading class java/util/concurrent/atomic/AtomicLongFieldUpdater$CASUpdater done
Event: 43.058 loading class java/util/concurrent/atomic/AtomicLongFieldUpdater$CASUpdater$1
Event: 43.058 loading class java/util/concurrent/atomic/AtomicLongFieldUpdater$CASUpdater$1 done


Dynamic libraries:
0x00007ff79d4a0000 - 0x00007ff79d4ae000 	c:\Users\gilbe\.vscode\extensions\redhat.java-1.9.0-win32-x64\jre\17.0.3-win32-x86_64\bin\java.exe
0x00007ff8b7ed0000 - 0x00007ff8b80c8000 	C:\windows\SYSTEM32\ntdll.dll
0x00007ff8b7510000 - 0x00007ff8b75cd000 	C:\windows\System32\KERNEL32.DLL
0x00007ff8b5940000 - 0x00007ff8b5c0e000 	C:\windows\System32\KERNELBASE.dll
0x00007ff8b5de0000 - 0x00007ff8b5ee0000 	C:\windows\System32\ucrtbase.dll
0x00007ff8ad330000 - 0x00007ff8ad348000 	c:\Users\gilbe\.vscode\extensions\redhat.java-1.9.0-win32-x64\jre\17.0.3-win32-x86_64\bin\jli.dll
0x00007ff8b5f40000 - 0x00007ff8b60e0000 	C:\windows\System32\USER32.dll
0x00007ff8b5910000 - 0x00007ff8b5932000 	C:\windows\System32\win32u.dll
0x00007ff8b7df0000 - 0x00007ff8b7e1a000 	C:\windows\System32\GDI32.dll
0x00007ff8b5cd0000 - 0x00007ff8b5ddb000 	C:\windows\System32\gdi32full.dll
0x00007ff8b57c0000 - 0x00007ff8b585d000 	C:\windows\System32\msvcp_win.dll
0x00007ff8ad0c0000 - 0x00007ff8ad0d9000 	c:\Users\gilbe\.vscode\extensions\redhat.java-1.9.0-win32-x64\jre\17.0.3-win32-x86_64\bin\VCRUNTIME140.dll
0x00007ff89edf0000 - 0x00007ff89f08a000 	C:\windows\WinSxS\amd64_microsoft.windows.common-controls_6595b64144ccf1df_6.0.19041.1110_none_60b5254171f9507e\COMCTL32.dll
0x00007ff8b7ab0000 - 0x00007ff8b7b4e000 	C:\windows\System32\msvcrt.dll
0x00007ff8b7720000 - 0x00007ff8b7750000 	C:\windows\System32\IMM32.DLL
0x00007ff8ad810000 - 0x00007ff8ad81c000 	c:\Users\gilbe\.vscode\extensions\redhat.java-1.9.0-win32-x64\jre\17.0.3-win32-x86_64\bin\vcruntime140_1.dll
0x00007ff890aa0000 - 0x00007ff890b31000 	c:\Users\gilbe\.vscode\extensions\redhat.java-1.9.0-win32-x64\jre\17.0.3-win32-x86_64\bin\msvcp140.dll
0x00007ff871760000 - 0x00007ff8723a8000 	c:\Users\gilbe\.vscode\extensions\redhat.java-1.9.0-win32-x64\jre\17.0.3-win32-x86_64\bin\server\jvm.dll
0x00007ff8b63f0000 - 0x00007ff8b649e000 	C:\windows\System32\ADVAPI32.dll
0x00007ff8b7470000 - 0x00007ff8b750c000 	C:\windows\System32\sechost.dll
0x00007ff8b7210000 - 0x00007ff8b7335000 	C:\windows\System32\RPCRT4.dll
0x00007ff8b5f30000 - 0x00007ff8b5f38000 	C:\windows\System32\PSAPI.DLL
0x00007ff8aeae0000 - 0x00007ff8aeae9000 	C:\windows\SYSTEM32\WSOCK32.dll
0x00007ff8b7140000 - 0x00007ff8b71ab000 	C:\windows\System32\WS2_32.dll
0x00007ff8ac360000 - 0x00007ff8ac387000 	C:\windows\SYSTEM32\WINMM.dll
0x00007ff8ac390000 - 0x00007ff8ac39a000 	C:\windows\SYSTEM32\VERSION.dll
0x00007ff8b34f0000 - 0x00007ff8b3502000 	C:\windows\SYSTEM32\kernel.appcore.dll
0x00007ff8ad670000 - 0x00007ff8ad67a000 	c:\Users\gilbe\.vscode\extensions\redhat.java-1.9.0-win32-x64\jre\17.0.3-win32-x86_64\bin\jimage.dll
0x00007ff89fd40000 - 0x00007ff89ff24000 	C:\windows\SYSTEM32\DBGHELP.DLL
0x00007ff89a020000 - 0x00007ff89a04c000 	C:\windows\SYSTEM32\dbgcore.DLL
0x00007ff8b5c10000 - 0x00007ff8b5c92000 	C:\windows\System32\bcryptPrimitives.dll
0x00007ff8a2d40000 - 0x00007ff8a2d65000 	c:\Users\gilbe\.vscode\extensions\redhat.java-1.9.0-win32-x64\jre\17.0.3-win32-x86_64\bin\java.dll
0x00007ff8a6a80000 - 0x00007ff8a6a98000 	c:\Users\gilbe\.vscode\extensions\redhat.java-1.9.0-win32-x64\jre\17.0.3-win32-x86_64\bin\zip.dll
0x00007ff8b6500000 - 0x00007ff8b6c44000 	C:\windows\System32\SHELL32.dll
0x00007ff8b36f0000 - 0x00007ff8b3e84000 	C:\windows\SYSTEM32\windows.storage.dll
0x00007ff8b7750000 - 0x00007ff8b7aa4000 	C:\windows\System32\combase.dll
0x00007ff8b4f80000 - 0x00007ff8b4fb0000 	C:\windows\SYSTEM32\Wldp.dll
0x00007ff8b6290000 - 0x00007ff8b633d000 	C:\windows\System32\SHCORE.dll
0x00007ff8b64a0000 - 0x00007ff8b64f5000 	C:\windows\System32\shlwapi.dll
0x00007ff8b5530000 - 0x00007ff8b554f000 	C:\windows\SYSTEM32\profapi.dll
0x00007ff8ad6c0000 - 0x00007ff8ad6d9000 	C:\Users\gilbe\.vscode\extensions\redhat.java-1.9.0-win32-x64\jre\17.0.3-win32-x86_64\bin\net.dll
0x00007ff8a6530000 - 0x00007ff8a663a000 	C:\windows\SYSTEM32\WINHTTP.dll
0x00007ff8b4ce0000 - 0x00007ff8b4d4a000 	C:\windows\system32\mswsock.dll
0x00007ff89e580000 - 0x00007ff89e595000 	C:\Users\gilbe\.vscode\extensions\redhat.java-1.9.0-win32-x64\jre\17.0.3-win32-x86_64\bin\nio.dll
0x00007ff8ad3a0000 - 0x00007ff8ad3b0000 	c:\Users\gilbe\.vscode\extensions\redhat.java-1.9.0-win32-x64\jre\17.0.3-win32-x86_64\bin\verify.dll
0x00007ff8a2d20000 - 0x00007ff8a2d29000 	C:\Users\gilbe\.vscode\extensions\redhat.java-1.9.0-win32-x64\jre\17.0.3-win32-x86_64\bin\management.dll
0x00007ff8a1720000 - 0x00007ff8a172b000 	C:\Users\gilbe\.vscode\extensions\redhat.java-1.9.0-win32-x64\jre\17.0.3-win32-x86_64\bin\management_ext.dll
0x00007ff898790000 - 0x00007ff8987a7000 	C:\windows\system32\napinsp.dll
0x00007ff898770000 - 0x00007ff89878b000 	C:\windows\system32\pnrpnsp.dll
0x00007ff8b0200000 - 0x00007ff8b0215000 	C:\windows\system32\wshbth.dll
0x00007ff8b0fd0000 - 0x00007ff8b0fed000 	C:\windows\system32\NLAapi.dll
0x00007ff8b49d0000 - 0x00007ff8b4a0b000 	C:\windows\SYSTEM32\IPHLPAPI.DLL
0x00007ff8b4a10000 - 0x00007ff8b4adb000 	C:\windows\SYSTEM32\DNSAPI.dll
0x00007ff8b7e80000 - 0x00007ff8b7e88000 	C:\windows\System32\NSI.dll
0x00007ff898750000 - 0x00007ff898762000 	C:\windows\System32\winrnr.dll
0x00007ff8ad030000 - 0x00007ff8ad03a000 	C:\Windows\System32\rasadhlp.dll
0x00007ff89f230000 - 0x00007ff89f2b0000 	C:\windows\System32\fwpuclnt.dll
0x00007ff8b5ca0000 - 0x00007ff8b5cc7000 	C:\windows\System32\bcrypt.dll
0x00007ff8b4ed0000 - 0x00007ff8b4ee8000 	C:\windows\SYSTEM32\CRYPTSP.dll
0x00007ff8b4660000 - 0x00007ff8b4694000 	C:\windows\system32\rsaenh.dll
0x00007ff8b54b0000 - 0x00007ff8b54de000 	C:\windows\SYSTEM32\USERENV.dll
0x00007ff8b4ef0000 - 0x00007ff8b4efc000 	C:\windows\SYSTEM32\CRYPTBASE.dll
0x00007ff8a9a30000 - 0x00007ff8a9a47000 	C:\windows\SYSTEM32\dhcpcsvc6.DLL
0x00007ff8a9da0000 - 0x00007ff8a9dbd000 	C:\windows\SYSTEM32\dhcpcsvc.DLL

dbghelp: loaded successfully - version: 4.0.5 - missing functions: none
symbol engine: initialized successfully - sym options: 0x614 - pdb path: .;c:\Users\gilbe\.vscode\extensions\redhat.java-1.9.0-win32-x64\jre\17.0.3-win32-x86_64\bin;C:\windows\SYSTEM32;C:\windows\WinSxS\amd64_microsoft.windows.common-controls_6595b64144ccf1df_6.0.19041.1110_none_60b5254171f9507e;c:\Users\gilbe\.vscode\extensions\redhat.java-1.9.0-win32-x64\jre\17.0.3-win32-x86_64\bin\server

VM Arguments:
jvm_args: -Dsts.lsp.client=vscode -Dsts.log.file=/dev/null -XX:TieredStopAtLevel=1 -Dspring.config.location=file:c:\Users\gilbe\.vscode\extensions\pivotal.vscode-spring-boot-1.38.0\language-server\BOOT-INF\classes\application.properties 
java_command: org.springframework.ide.vscode.boot.app.BootLanguageServerBootApp
java_class_path (initial): c:\Users\gilbe\.vscode\extensions\pivotal.vscode-spring-boot-1.38.0\language-server\BOOT-INF\classes;c:\Users\gilbe\.vscode\extensions\pivotal.vscode-spring-boot-1.38.0\language-server\BOOT-INF\lib\annotations-23.0.0.jar;c:\Users\gilbe\.vscode\extensions\pivotal.vscode-spring-boot-1.38.0\language-server\BOOT-INF\lib\antlr-runtime-3.5.2.jar;c:\Users\gilbe\.vscode\extensions\pivotal.vscode-spring-boot-1.38.0\language-server\BOOT-INF\lib\antlr4-4.9.3.jar;c:\Users\gilbe\.vscode\extensions\pivotal.vscode-spring-boot-1.38.0\language-server\BOOT-INF\lib\antlr4-runtime-4.9.3.jar;c:\Users\gilbe\.vscode\extensions\pivotal.vscode-spring-boot-1.38.0\language-server\BOOT-INF\lib\asm-9.3.jar;c:\Users\gilbe\.vscode\extensions\pivotal.vscode-spring-boot-1.38.0\language-server\BOOT-INF\lib\asm-analysis-9.3.jar;c:\Users\gilbe\.vscode\extensions\pivotal.vscode-spring-boot-1.38.0\language-server\BOOT-INF\lib\asm-tree-9.3.jar;c:\Users\gilbe\.vscode\extensions\pivotal.vscode-spring-boot-1.38.0\language-server\BOOT-INF\lib\asm-util-9.3.jar;c:\Users\gilbe\.vscode\extensions\pivotal.vscode-spring-boot-1.38.0\language-server\BOOT-INF\lib\byte-buddy-1.10.18.jar;c:\Users\gilbe\.vscode\extensions\pivotal.vscode-spring-boot-1.38.0\language-server\BOOT-INF\lib\caffeine-2.8.6.jar;c:\Users\gilbe\.vscode\extensions\pivotal.vscode-spring-boot-1.38.0\language-server\BOOT-INF\lib\checker-qual-3.12.0.jar;c:\Users\gilbe\.vscode\extensions\pivotal.vscode-spring-boot-1.38.0\language-server\BOOT-INF\lib\classgraph-4.8.149.jar;c:\Users\gilbe\.vscode\extensions\pivotal.vscode-spring-boot-1.38.0\language-server\BOOT-INF\lib\commons-codec-1.14.jar;c:\Users\gilbe\.vscode\extensions\pivotal.vscode-spring-boot-1.38.0\language-server\BOOT-INF\lib\commons-compress-1.21.jar;c:\Users\gilbe\.vscode\extensions\pivotal.vscode-spring-boot-1.38.0\language-server\BOOT-INF\lib\commons-exec-1.3.jar;c:\Users\gilbe\.vscode\extensions\pivotal.vscode-spring-boot-1.38.0\language-server\BOOT-INF\lib\com
Launcher Type: SUN_STANDARD

[Global flags]
     intx CICompilerCount                          = 2                                         {product} {ergonomic}
     uint ConcGCThreads                            = 1                                         {product} {ergonomic}
     uint G1ConcRefinementThreads                  = 2                                         {product} {ergonomic}
   size_t G1HeapRegionSize                         = 1048576                                   {product} {ergonomic}
    uintx GCDrainStackTargetSize                   = 64                                        {product} {ergonomic}
   size_t InitialHeapSize                          = 58720256                                  {product} {ergonomic}
   size_t MarkStackSize                            = 4194304                                   {product} {ergonomic}
   size_t MaxHeapSize                              = 908066816                                 {product} {ergonomic}
   size_t MaxNewSize                               = 544210944                                 {product} {ergonomic}
   size_t MinHeapDeltaBytes                        = 1048576                                   {product} {ergonomic}
   size_t MinHeapSize                              = 8388608                                   {product} {ergonomic}
    uintx NonProfiledCodeHeapSize                  = 0                                      {pd product} {ergonomic}
     bool ProfileInterpreter                       = false                                  {pd product} {command line}
    uintx ProfiledCodeHeapSize                     = 0                                      {pd product} {ergonomic}
   size_t SoftMaxHeapSize                          = 908066816                              {manageable} {ergonomic}
     intx TieredStopAtLevel                        = 1                                         {product} {command line}
     bool UseCompressedClassPointers               = true                           {product lp64_product} {ergonomic}
     bool UseCompressedOops                        = true                           {product lp64_product} {ergonomic}
     bool UseG1GC                                  = true                                      {product} {ergonomic}
     bool UseLargePagesIndividualAllocation        = false                                  {pd product} {ergonomic}

Logging:
Log output configuration:
 #0: stdout all=warning uptime,level,tags
 #1: stderr all=off uptime,level,tags

Environment Variables:
PATH=C:\Program Files (x86)\Common Files\Oracle\Java\javapath;C:\windows\system32;C:\windows;C:\windows\System32\Wbem;C:\windows\System32\WindowsPowerShell\v1.0\;C:\windows\System32\OpenSSH\;C:\Program Files\nodejs\;C:\ProgramData\chocolatey\bin;C:\Users\gilbe\AppData\Local\Programs\Python\Python310\Scripts\;C:\Users\gilbe\AppData\Local\Programs\Python\Python310\;C:\Users\gilbe\AppData\Local\Microsoft\WindowsApps;C:\Users\gilbe\AppData\Local\Programs\Microsoft VS Code\bin;C:\Users\gilbe\AppData\Roaming\npm;C:\Program Files\Java\jdk1.8.0_311\bin;C:\Program Files\Java\jre1.8.0_341\bin;
USERNAME=gilbe
OS=Windows_NT
PROCESSOR_IDENTIFIER=AMD64 Family 23 Model 24 Stepping 1, AuthenticAMD



---------------  S Y S T E M  ---------------

OS:
 Windows 10 , 64 bit Build 19041 (10.0.19041.1806)
OS uptime: 25 days 13:23 hours

CPU: total 2 (initial active 2) (2 cores per cpu, 1 threads per core) family 23 model 24 stepping 1 microcode 0x0, cx8, cmov, fxsr, mmx, 3dnowpref, sse, sse2, sse3, ssse3, sse4a, sse4.1, sse4.2, popcnt, lzcnt, tsc, tscinvbit, avx, avx2, aes, clmul, bmi1, bmi2, adx, sha, fma, vzeroupper, clflush, clflushopt

Memory: 4k page, system-wide physical 3463M (83M free)
TotalPageFile size 14215M (AvailPageFile size 51M)
current process WorkingSet (physical memory assigned to process): 123M, peak: 123M
current process commit charge ("private bytes"): 170M, peak: 270M

vm_info: OpenJDK 64-Bit Server VM (17.0.3+7) for windows-amd64 JRE (17.0.3+7), built on Apr 19 2022 16:55:35 by "" with MS VC++ 16.7 (VS2019)

END.
