#
# There is insufficient memory for the Java Runtime Environment to continue.
# Native memory allocation (malloc) failed to allocate 1048576 bytes for AllocateHeap
# Possible reasons:
#   The system is out of physical RAM or swap space
#   The process is running with CompressedOops enabled, and the Java Heap may be blocking the growth of the native heap
# Possible solutions:
#   Reduce memory load on the system
#   Increase physical memory or swap space
#   Check if swap backing store is full
#   Decrease Java heap size (-Xmx/-Xms)
#   Decrease number of Java threads
#   Decrease Java thread stack sizes (-Xss)
#   Set larger code cache with -XX:ReservedCodeCacheSize=
#   JVM is running with Unscaled Compressed Oops mode in which the Java heap is
#     placed in the first 4GB address space. The Java Heap base address is the
#     maximum limit for the native heap growth. Please use -XX:HeapBaseMinAddress
#     to set the Java Heap base and to place the Java Heap above 4GB virtual address.
# This output file may be truncated or incomplete.
#
#  Out of Memory Error (allocation.cpp:44), pid=7084, tid=1444
#
# JRE version: OpenJDK Runtime Environment Temurin-17.0.3+7 (17.0.3+7) (build 17.0.3+7)
# Java VM: OpenJDK 64-Bit Server VM Temurin-17.0.3+7 (17.0.3+7, mixed mode, emulated-client, tiered, compressed oops, compressed class ptrs, g1 gc, windows-amd64)
# No core dump will be written. Minidumps are not enabled by default on client versions of Windows
#

---------------  S U M M A R Y ------------

Command Line: -Dsts.lsp.client=vscode -Dsts.log.file=/dev/null -XX:TieredStopAtLevel=1 -Dspring.config.location=file:c:\Users\gilbe\.vscode\extensions\pivotal.vscode-spring-boot-1.37.0\language-server\BOOT-INF\classes\application.properties org.springframework.ide.vscode.boot.app.BootLanguageServerBootApp

Host: AMD Athlon Silver 3050U with Radeon Graphics   , 2 cores, 3G,  Windows 10 , 64 bit Build 19041 (10.0.19041.1806)
Time: Wed Aug 10 05:56:34 2022 Central Daylight Time elapsed time: 24552.446705 seconds (0d 6h 49m 12s)

---------------  T H R E A D  ---------------

Current thread (0x000001b6cee8dd50):  VMThread "VM Thread" [stack: 0x00000080d6300000,0x00000080d6400000] [id=1444]

Stack: [0x00000080d6300000,0x00000080d6400000]
Native frames: (J=compiled Java code, j=interpreted, Vv=VM code, C=native code)
V  [jvm.dll+0x675efa]
V  [jvm.dll+0x830a24]
V  [jvm.dll+0x8321ce]
V  [jvm.dll+0x832833]
V  [jvm.dll+0x2454b5]
V  [jvm.dll+0xa6393]
V  [jvm.dll+0x2f55c3]
V  [jvm.dll+0x2f12d0]
V  [jvm.dll+0x2d99b7]
V  [jvm.dll+0x31cac7]
V  [jvm.dll+0x836cdb]
V  [jvm.dll+0x837a14]
V  [jvm.dll+0x837f2c]
V  [jvm.dll+0x838304]
V  [jvm.dll+0x8383d0]
V  [jvm.dll+0x7e0cfa]
V  [jvm.dll+0x674d85]
C  [ucrtbase.dll+0x21bb2]
C  [KERNEL32.DLL+0x17034]
C  [ntdll.dll+0x52651]

VM_Operation (0x00000080d72fedb0): G1CollectFull, mode: safepoint, requested by thread 0x000001b6d16fcc60


---------------  P R O C E S S  ---------------

Threads class SMR info:
_java_thread_list=0x000001b6d3cbdc70, length=20, elements={
0x000001b6ceeb1750, 0x000001b6ceeb24d0, 0x000001b6ceeee130, 0x000001b6ceef1cd0,
0x000001b6ceef3690, 0x000001b6ceef4040, 0x000001b6ceef4aa0, 0x000001b6ceef5490,
0x000001b6cfac79d0, 0x000001b6cfad7360, 0x000001b6d16fcc60, 0x000001b6d1849f90,
0x000001b6c33b4b80, 0x000001b6d18f7b40, 0x000001b6d1dc3130, 0x000001b6d1aa8da0,
0x000001b6d1aa9c10, 0x000001b6d1aa88d0, 0x000001b6d1aa70c0, 0x000001b6d1aa7590
}

Java Threads: ( => current thread )
  0x000001b6ceeb1750 JavaThread "Reference Handler" daemon [_thread_blocked, id=19064, stack(0x00000080d6400000,0x00000080d6500000)]
  0x000001b6ceeb24d0 JavaThread "Finalizer" daemon [_thread_blocked, id=3808, stack(0x00000080d6500000,0x00000080d6600000)]
  0x000001b6ceeee130 JavaThread "Signal Dispatcher" daemon [_thread_blocked, id=18516, stack(0x00000080d6600000,0x00000080d6700000)]
  0x000001b6ceef1cd0 JavaThread "Attach Listener" daemon [_thread_blocked, id=21356, stack(0x00000080d6700000,0x00000080d6800000)]
  0x000001b6ceef3690 JavaThread "Service Thread" daemon [_thread_blocked, id=2356, stack(0x00000080d6800000,0x00000080d6900000)]
  0x000001b6ceef4040 JavaThread "Monitor Deflation Thread" daemon [_thread_blocked, id=9820, stack(0x00000080d6900000,0x00000080d6a00000)]
  0x000001b6ceef4aa0 JavaThread "C1 CompilerThread0" daemon [_thread_blocked, id=8384, stack(0x00000080d6a00000,0x00000080d6b00000)]
  0x000001b6ceef5490 JavaThread "Sweeper thread" daemon [_thread_blocked, id=20916, stack(0x00000080d6b00000,0x00000080d6c00000)]
  0x000001b6cfac79d0 JavaThread "Notification Thread" daemon [_thread_blocked, id=18160, stack(0x00000080d6c00000,0x00000080d6d00000)]
  0x000001b6cfad7360 JavaThread "Common-Cleaner" daemon [_thread_blocked, id=17200, stack(0x00000080d6e00000,0x00000080d6f00000)]
  0x000001b6d16fcc60 JavaThread "pool-7-thread-1" [_thread_blocked, id=10048, stack(0x00000080d7200000,0x00000080d7300000)]
  0x000001b6d1849f90 JavaThread "LanguageServerApp-lifecycle" [_thread_blocked, id=8520, stack(0x00000080d7300000,0x00000080d7400000)]
  0x000001b6c33b4b80 JavaThread "DestroyJavaVM" [_thread_blocked, id=7952, stack(0x00000080d5d00000,0x00000080d5e00000)]
  0x000001b6d18f7b40 JavaThread "pool-8-thread-1" [_thread_in_native, id=20084, stack(0x00000080d7800000,0x00000080d7900000)]
  0x000001b6d1dc3130 JavaThread "Simple-Language-Server main thread" daemon [_thread_blocked, id=6640, stack(0x00000080d7900000,0x00000080d7a00000)]
  0x000001b6d1aa8da0 JavaThread "pool-5-thread-1" [_thread_blocked, id=15232, stack(0x00000080d7a00000,0x00000080d7b00000)]
  0x000001b6d1aa9c10 JavaThread "parallel-1" daemon [_thread_blocked, id=14724, stack(0x00000080d7b00000,0x00000080d7c00000)]
  0x000001b6d1aa88d0 JavaThread "parallel-2" daemon [_thread_blocked, id=21248, stack(0x00000080d7c00000,0x00000080d7d00000)]
  0x000001b6d1aa70c0 JavaThread "Reconciler-1" daemon [_thread_blocked, id=19292, stack(0x00000080d7f00000,0x00000080d8000000)]
  0x000001b6d1aa7590 JavaThread "pool-3-thread-1" [_thread_blocked, id=14816, stack(0x00000080d7e00000,0x00000080d7f00000)]

Other Threads:
=>0x000001b6cee8dd50 VMThread "VM Thread" [stack: 0x00000080d6300000,0x00000080d6400000] [id=1444]
  0x000001b6cfa98740 WatcherThread [stack: 0x00000080d6d00000,0x00000080d6e00000] [id=6492]
  0x000001b6c33ebb20 GCTaskThread "GC Thread#0" [stack: 0x00000080d5e00000,0x00000080d5f00000] [id=12324]
  0x000001b6cfcfe8c0 GCTaskThread "GC Thread#1" [stack: 0x00000080d7000000,0x00000080d7100000] [id=1140]
  0x000001b6c33f4ab0 ConcurrentGCThread "G1 Main Marker" [stack: 0x00000080d5f00000,0x00000080d6000000] [id=4268]
  0x000001b6c33f54c0 ConcurrentGCThread "G1 Conc#0" [stack: 0x00000080d6000000,0x00000080d6100000] [id=16020]
  0x000001b6c3467fa0 ConcurrentGCThread "G1 Refine#0" [stack: 0x00000080d6100000,0x00000080d6200000] [id=12860]
  0x000001b6cfa23610 ConcurrentGCThread "G1 Refine#1" [stack: 0x00000080d6f00000,0x00000080d7000000] [id=18384]
  0x000001b6c34689c0 ConcurrentGCThread "G1 Service" [stack: 0x00000080d6200000,0x00000080d6300000] [id=15800]

Threads with active compile tasks:

VM state: at safepoint (normal execution)

VM Mutex/Monitor currently owned by a thread:  ([mutex/lock_event])
[0x000001b6c31d6fd0] Threads_lock - owner thread: 0x000001b6cee8dd50
[0x000001b6c33b27d0] Heap_lock - owner thread: 0x000001b6d16fcc60

Heap address: 0x00000000c9e00000, size: 866 MB, Compressed Oops mode: 32-bit

CDS archive(s) not mapped
Compressed class space mapped at: 0x0000000100000000-0x0000000140000000, reserved size: 1073741824
Narrow klass base: 0x0000000000000000, Narrow klass shift: 3, Narrow klass range: 0x140000000

GC Precious Log:
 CPUs: 2 total, 2 available
 Memory: 3463M
 Large Page Support: Disabled
 NUMA Support: Disabled
 Compressed Oops: Enabled (32-bit)
 Heap Region Size: 1M
 Heap Min Capacity: 8M
 Heap Initial Capacity: 56M
 Heap Max Capacity: 866M
 Pre-touch: Disabled
 Parallel Workers: 2
 Concurrent Workers: 1
 Concurrent Refinement Workers: 2
 Periodic GC: Disabled

Heap:
 garbage-first heap   total 99328K, used 28825K [0x00000000c9e00000, 0x0000000100000000)
  region size 1024K, 1 young (1024K), 0 survivors (0K)
 Metaspace       used 44309K, committed 44800K, reserved 1089536K
  class space    used 6020K, committed 6208K, reserved 1048576K

Heap Regions: E=young(eden), S=young(survivor), O=old, HS=humongous(starts), HC=humongous(continues), CS=collection set, F=free, OA=open archive, CA=closed archive, TAMS=top-at-mark-start (previous, next)
|   0|0x00000000c9e00000, 0x00000000c9efeeb0, 0x00000000c9f00000| 99%| O|  |TAMS 0x00000000c9efeeb0, 0x00000000c9e00000| Untracked 
|   1|0x00000000c9f00000, 0x00000000ca000000, 0x00000000ca000000|100%| O|  |TAMS 0x00000000ca000000, 0x00000000c9f00000| Untracked 
|   2|0x00000000ca000000, 0x00000000ca100000, 0x00000000ca100000|100%| O|  |TAMS 0x00000000ca100000, 0x00000000ca000000| Untracked 
|   3|0x00000000ca100000, 0x00000000ca1fff98, 0x00000000ca200000| 99%| O|  |TAMS 0x00000000ca1fff98, 0x00000000ca100000| Untracked 
|   4|0x00000000ca200000, 0x00000000ca2fffb0, 0x00000000ca300000| 99%| O|  |TAMS 0x00000000ca2fffb0, 0x00000000ca200000| Untracked 
|   5|0x00000000ca300000, 0x00000000ca3ffe28, 0x00000000ca400000| 99%| O|  |TAMS 0x00000000ca3ffe28, 0x00000000ca300000| Untracked 
|   6|0x00000000ca400000, 0x00000000ca4ffff0, 0x00000000ca500000| 99%| O|  |TAMS 0x00000000ca4ffff0, 0x00000000ca400000| Untracked 
|   7|0x00000000ca500000, 0x00000000ca5fffe0, 0x00000000ca600000| 99%| O|  |TAMS 0x00000000ca5fffe0, 0x00000000ca500000| Untracked 
|   8|0x00000000ca600000, 0x00000000ca6fffc0, 0x00000000ca700000| 99%| O|  |TAMS 0x00000000ca6fffc0, 0x00000000ca600000| Untracked 
|   9|0x00000000ca700000, 0x00000000ca7fffe0, 0x00000000ca800000| 99%| O|  |TAMS 0x00000000ca7fffe0, 0x00000000ca700000| Untracked 
|  10|0x00000000ca800000, 0x00000000ca8ffff8, 0x00000000ca900000| 99%| O|  |TAMS 0x00000000ca8ffff8, 0x00000000ca800000| Untracked 
|  11|0x00000000ca900000, 0x00000000caa00000, 0x00000000caa00000|100%| O|  |TAMS 0x00000000caa00000, 0x00000000ca900000| Untracked 
|  12|0x00000000caa00000, 0x00000000caafffe8, 0x00000000cab00000| 99%| O|  |TAMS 0x00000000caafffe8, 0x00000000caa00000| Untracked 
|  13|0x00000000cab00000, 0x00000000cabfffe8, 0x00000000cac00000| 99%| O|  |TAMS 0x00000000cabfffe8, 0x00000000cab00000| Untracked 
|  14|0x00000000cac00000, 0x00000000cacfffd8, 0x00000000cad00000| 99%| O|  |TAMS 0x00000000cacfffd8, 0x00000000cac00000| Untracked 
|  15|0x00000000cad00000, 0x00000000cadfed80, 0x00000000cae00000| 99%| O|  |TAMS 0x00000000cadfed80, 0x00000000cad00000| Untracked 
|  16|0x00000000cae00000, 0x00000000caefffa8, 0x00000000caf00000| 99%| O|  |TAMS 0x00000000caefffa8, 0x00000000cae00000| Untracked 
|  17|0x00000000caf00000, 0x00000000caffffc8, 0x00000000cb000000| 99%| O|  |TAMS 0x00000000caffffc8, 0x00000000caf00000| Untracked 
|  18|0x00000000cb000000, 0x00000000cb0fffc8, 0x00000000cb100000| 99%| O|  |TAMS 0x00000000cb0fffc8, 0x00000000cb000000| Untracked 
|  19|0x00000000cb100000, 0x00000000cb1fffa8, 0x00000000cb200000| 99%| O|  |TAMS 0x00000000cb1fffa8, 0x00000000cb100000| Untracked 
|  20|0x00000000cb200000, 0x00000000cb300000, 0x00000000cb300000|100%| O|  |TAMS 0x00000000cb300000, 0x00000000cb200000| Untracked 
|  21|0x00000000cb300000, 0x00000000cb400000, 0x00000000cb400000|100%| O|  |TAMS 0x00000000cb400000, 0x00000000cb300000| Untracked 
|  22|0x00000000cb400000, 0x00000000cb4ffff0, 0x00000000cb500000| 99%| O|  |TAMS 0x00000000cb4ffff0, 0x00000000cb400000| Untracked 
|  23|0x00000000cb500000, 0x00000000cb529048, 0x00000000cb600000| 16%| O|  |TAMS 0x00000000cb500000, 0x00000000cb500000| Untracked 
|  24|0x00000000cb600000, 0x00000000cb600000, 0x00000000cb700000|  0%| F|  |TAMS 0x00000000cb600000, 0x00000000cb600000| Untracked 
|  25|0x00000000cb700000, 0x00000000cb700000, 0x00000000cb800000|  0%| F|  |TAMS 0x00000000cb700000, 0x00000000cb700000| Untracked 
|  26|0x00000000cb800000, 0x00000000cb800000, 0x00000000cb900000|  0%| F|  |TAMS 0x00000000cb800000, 0x00000000cb800000| Untracked 
|  27|0x00000000cb900000, 0x00000000cb900000, 0x00000000cba00000|  0%| F|  |TAMS 0x00000000cb900000, 0x00000000cb900000| Untracked 
|  28|0x00000000cba00000, 0x00000000cba00000, 0x00000000cbb00000|  0%| F|  |TAMS 0x00000000cba00000, 0x00000000cba00000| Untracked 
|  29|0x00000000cbb00000, 0x00000000cbb00000, 0x00000000cbc00000|  0%| F|  |TAMS 0x00000000cbb00000, 0x00000000cbb00000| Untracked 
|  30|0x00000000cbc00000, 0x00000000cbc00000, 0x00000000cbd00000|  0%| F|  |TAMS 0x00000000cbc00000, 0x00000000cbc00000| Untracked 
|  31|0x00000000cbd00000, 0x00000000cbd00000, 0x00000000cbe00000|  0%| F|  |TAMS 0x00000000cbd00000, 0x00000000cbd00000| Untracked 
|  32|0x00000000cbe00000, 0x00000000cbe00000, 0x00000000cbf00000|  0%| F|  |TAMS 0x00000000cbe00000, 0x00000000cbe00000| Untracked 
|  33|0x00000000cbf00000, 0x00000000cbf00000, 0x00000000cc000000|  0%| F|  |TAMS 0x00000000cbf00000, 0x00000000cbf00000| Untracked 
|  34|0x00000000cc000000, 0x00000000cc000000, 0x00000000cc100000|  0%| F|  |TAMS 0x00000000cc000000, 0x00000000cc000000| Untracked 
|  35|0x00000000cc100000, 0x00000000cc100000, 0x00000000cc200000|  0%| F|  |TAMS 0x00000000cc100000, 0x00000000cc100000| Untracked 
|  36|0x00000000cc200000, 0x00000000cc300000, 0x00000000cc300000|100%| O|  |TAMS 0x00000000cc300000, 0x00000000cc200000| Untracked 
|  37|0x00000000cc300000, 0x00000000cc400000, 0x00000000cc400000|100%| O|  |TAMS 0x00000000cc400000, 0x00000000cc300000| Untracked 
|  38|0x00000000cc400000, 0x00000000cc400000, 0x00000000cc500000|  0%| F|  |TAMS 0x00000000cc400000, 0x00000000cc400000| Untracked 
|  39|0x00000000cc500000, 0x00000000cc500000, 0x00000000cc600000|  0%| F|  |TAMS 0x00000000cc500000, 0x00000000cc500000| Untracked 
|  40|0x00000000cc600000, 0x00000000cc600000, 0x00000000cc700000|  0%| F|  |TAMS 0x00000000cc600000, 0x00000000cc600000| Untracked 
|  41|0x00000000cc700000, 0x00000000cc700000, 0x00000000cc800000|  0%| F|  |TAMS 0x00000000cc700000, 0x00000000cc700000| Untracked 
|  42|0x00000000cc800000, 0x00000000cc800000, 0x00000000cc900000|  0%| F|  |TAMS 0x00000000cc800000, 0x00000000cc800000| Untracked 
|  43|0x00000000cc900000, 0x00000000cc900000, 0x00000000cca00000|  0%| F|  |TAMS 0x00000000cc900000, 0x00000000cc900000| Untracked 
|  44|0x00000000cca00000, 0x00000000cca00000, 0x00000000ccb00000|  0%| F|  |TAMS 0x00000000cca00000, 0x00000000cca00000| Untracked 
|  45|0x00000000ccb00000, 0x00000000ccb00000, 0x00000000ccc00000|  0%| F|  |TAMS 0x00000000ccb00000, 0x00000000ccb00000| Untracked 
|  46|0x00000000ccc00000, 0x00000000ccc00000, 0x00000000ccd00000|  0%| F|  |TAMS 0x00000000ccc00000, 0x00000000ccc00000| Untracked 
|  47|0x00000000ccd00000, 0x00000000ccd00000, 0x00000000cce00000|  0%| F|  |TAMS 0x00000000ccd00000, 0x00000000ccd00000| Untracked 
|  48|0x00000000cce00000, 0x00000000cce00000, 0x00000000ccf00000|  0%| F|  |TAMS 0x00000000cce00000, 0x00000000cce00000| Untracked 
|  49|0x00000000ccf00000, 0x00000000cd000000, 0x00000000cd000000|100%|HS|  |TAMS 0x00000000cd000000, 0x00000000ccf00000| Untracked 
|  50|0x00000000cd000000, 0x00000000cd100000, 0x00000000cd100000|100%|HC|  |TAMS 0x00000000cd100000, 0x00000000cd000000| Untracked 
|  51|0x00000000cd100000, 0x00000000cd200000, 0x00000000cd200000|100%|HS|  |TAMS 0x00000000cd200000, 0x00000000cd100000| Untracked 
|  52|0x00000000cd200000, 0x00000000cd200000, 0x00000000cd300000|  0%| F|  |TAMS 0x00000000cd200000, 0x00000000cd200000| Untracked 
|  53|0x00000000cd300000, 0x00000000cd300000, 0x00000000cd400000|  0%| F|  |TAMS 0x00000000cd300000, 0x00000000cd300000| Untracked 
|  54|0x00000000cd400000, 0x00000000cd400000, 0x00000000cd500000|  0%| F|  |TAMS 0x00000000cd400000, 0x00000000cd400000| Untracked 
|  55|0x00000000cd500000, 0x00000000cd500000, 0x00000000cd600000|  0%| F|  |TAMS 0x00000000cd500000, 0x00000000cd500000| Untracked 
|  56|0x00000000cd600000, 0x00000000cd600000, 0x00000000cd700000|  0%| F|  |TAMS 0x00000000cd600000, 0x00000000cd600000| Untracked 
|  57|0x00000000cd700000, 0x00000000cd700000, 0x00000000cd800000|  0%| F|  |TAMS 0x00000000cd700000, 0x00000000cd700000| Untracked 
|  58|0x00000000cd800000, 0x00000000cd800000, 0x00000000cd900000|  0%| F|  |TAMS 0x00000000cd800000, 0x00000000cd800000| Untracked 
|  59|0x00000000cd900000, 0x00000000cd900000, 0x00000000cda00000|  0%| F|  |TAMS 0x00000000cd900000, 0x00000000cd900000| Untracked 
|  60|0x00000000cda00000, 0x00000000cda00000, 0x00000000cdb00000|  0%| F|  |TAMS 0x00000000cda00000, 0x00000000cda00000| Untracked 
|  61|0x00000000cdb00000, 0x00000000cdb00000, 0x00000000cdc00000|  0%| F|  |TAMS 0x00000000cdb00000, 0x00000000cdb00000| Untracked 
|  62|0x00000000cdc00000, 0x00000000cdc00000, 0x00000000cdd00000|  0%| F|  |TAMS 0x00000000cdc00000, 0x00000000cdc00000| Untracked 
|  63|0x00000000cdd00000, 0x00000000cdd00000, 0x00000000cde00000|  0%| F|  |TAMS 0x00000000cdd00000, 0x00000000cdd00000| Untracked 
|  64|0x00000000cde00000, 0x00000000cde00000, 0x00000000cdf00000|  0%| F|  |TAMS 0x00000000cde00000, 0x00000000cde00000| Untracked 
|  65|0x00000000cdf00000, 0x00000000cdf00000, 0x00000000ce000000|  0%| F|  |TAMS 0x00000000cdf00000, 0x00000000cdf00000| Untracked 
|  66|0x00000000ce000000, 0x00000000ce000000, 0x00000000ce100000|  0%| F|  |TAMS 0x00000000ce000000, 0x00000000ce000000| Untracked 
|  67|0x00000000ce100000, 0x00000000ce100000, 0x00000000ce200000|  0%| F|  |TAMS 0x00000000ce100000, 0x00000000ce100000| Untracked 
|  68|0x00000000ce200000, 0x00000000ce200000, 0x00000000ce300000|  0%| F|  |TAMS 0x00000000ce200000, 0x00000000ce200000| Untracked 
|  69|0x00000000ce300000, 0x00000000ce300000, 0x00000000ce400000|  0%| F|  |TAMS 0x00000000ce300000, 0x00000000ce300000| Untracked 
|  70|0x00000000ce400000, 0x00000000ce400000, 0x00000000ce500000|  0%| F|  |TAMS 0x00000000ce400000, 0x00000000ce400000| Untracked 
|  71|0x00000000ce500000, 0x00000000ce500000, 0x00000000ce600000|  0%| F|  |TAMS 0x00000000ce500000, 0x00000000ce500000| Untracked 
|  72|0x00000000ce600000, 0x00000000ce600000, 0x00000000ce700000|  0%| F|  |TAMS 0x00000000ce600000, 0x00000000ce600000| Untracked 
|  73|0x00000000ce700000, 0x00000000ce700000, 0x00000000ce800000|  0%| F|  |TAMS 0x00000000ce700000, 0x00000000ce700000| Untracked 
|  74|0x00000000ce800000, 0x00000000ce800000, 0x00000000ce900000|  0%| F|  |TAMS 0x00000000ce800000, 0x00000000ce800000| Untracked 
|  75|0x00000000ce900000, 0x00000000ce900000, 0x00000000cea00000|  0%| F|  |TAMS 0x00000000ce900000, 0x00000000ce900000| Untracked 
|  76|0x00000000cea00000, 0x00000000cea00000, 0x00000000ceb00000|  0%| F|  |TAMS 0x00000000cea00000, 0x00000000cea00000| Untracked 
|  77|0x00000000ceb00000, 0x00000000ceb00000, 0x00000000cec00000|  0%| F|  |TAMS 0x00000000ceb00000, 0x00000000ceb00000| Untracked 
|  78|0x00000000cec00000, 0x00000000cec00000, 0x00000000ced00000|  0%| F|  |TAMS 0x00000000cec00000, 0x00000000cec00000| Untracked 
|  79|0x00000000ced00000, 0x00000000ced00000, 0x00000000cee00000|  0%| F|  |TAMS 0x00000000ced00000, 0x00000000ced00000| Untracked 
|  80|0x00000000cee00000, 0x00000000cee00000, 0x00000000cef00000|  0%| F|  |TAMS 0x00000000cee00000, 0x00000000cee00000| Untracked 
|  81|0x00000000cef00000, 0x00000000cef00000, 0x00000000cf000000|  0%| F|  |TAMS 0x00000000cef00000, 0x00000000cef00000| Untracked 
|  82|0x00000000cf000000, 0x00000000cf000000, 0x00000000cf100000|  0%| F|  |TAMS 0x00000000cf000000, 0x00000000cf000000| Untracked 
|  83|0x00000000cf100000, 0x00000000cf100000, 0x00000000cf200000|  0%| F|  |TAMS 0x00000000cf100000, 0x00000000cf100000| Untracked 
|  84|0x00000000cf200000, 0x00000000cf200000, 0x00000000cf300000|  0%| F|  |TAMS 0x00000000cf200000, 0x00000000cf200000| Untracked 
|  85|0x00000000cf300000, 0x00000000cf300000, 0x00000000cf400000|  0%| F|  |TAMS 0x00000000cf300000, 0x00000000cf300000| Untracked 
|  86|0x00000000cf400000, 0x00000000cf400000, 0x00000000cf500000|  0%| F|  |TAMS 0x00000000cf400000, 0x00000000cf400000| Untracked 
|  87|0x00000000cf500000, 0x00000000cf500000, 0x00000000cf600000|  0%| F|  |TAMS 0x00000000cf500000, 0x00000000cf500000| Untracked 
|  88|0x00000000cf600000, 0x00000000cf600000, 0x00000000cf700000|  0%| F|  |TAMS 0x00000000cf600000, 0x00000000cf600000| Untracked 
|  89|0x00000000cf700000, 0x00000000cf700000, 0x00000000cf800000|  0%| F|  |TAMS 0x00000000cf700000, 0x00000000cf700000| Untracked 
|  90|0x00000000cf800000, 0x00000000cf800000, 0x00000000cf900000|  0%| F|  |TAMS 0x00000000cf800000, 0x00000000cf800000| Untracked 
|  91|0x00000000cf900000, 0x00000000cf900000, 0x00000000cfa00000|  0%| F|  |TAMS 0x00000000cf900000, 0x00000000cf900000| Untracked 
|  92|0x00000000cfa00000, 0x00000000cfa00000, 0x00000000cfb00000|  0%| F|  |TAMS 0x00000000cfa00000, 0x00000000cfa00000| Untracked 
|  93|0x00000000cfb00000, 0x00000000cfb00000, 0x00000000cfc00000|  0%| F|  |TAMS 0x00000000cfb00000, 0x00000000cfb00000| Untracked 
|  94|0x00000000cfc00000, 0x00000000cfc00000, 0x00000000cfd00000|  0%| F|  |TAMS 0x00000000cfc00000, 0x00000000cfc00000| Untracked 
|  95|0x00000000cfd00000, 0x00000000cfd00000, 0x00000000cfe00000|  0%| F|  |TAMS 0x00000000cfd00000, 0x00000000cfd00000| Untracked 
|  96|0x00000000cfe00000, 0x00000000cfe16bf8, 0x00000000cff00000|  8%| E|  |TAMS 0x00000000cfe00000, 0x00000000cfe00000| Complete 

Card table byte_map: [0x000001b6cac50000,0x000001b6cae10000] _byte_map_base: 0x000001b6ca601000

Marking Bits (Prev, Next): (CMBitMap*) 0x000001b6c33ed540, (CMBitMap*) 0x000001b6c33ed580
 Prev Bits: [0x000001b6cafd0000, 0x000001b6cbd58000)
 Next Bits: [0x000001b6cbd60000, 0x000001b6ccae8000)

Polling page: 0x000001b6c3490000

Metaspace:

Usage:
  Non-class:     37.39 MB used.
      Class:      5.88 MB used.
       Both:     43.27 MB used.

Virtual space:
  Non-class space:       40.00 MB reserved,      37.69 MB ( 94%) committed,  5 nodes.
      Class space:        1.00 GB reserved,       6.06 MB ( <1%) committed,  1 nodes.
             Both:        1.04 GB reserved,      43.75 MB (  4%) committed. 

Chunk freelists:
   Non-Class:  1.97 MB
       Class:  2.00 MB
        Both:  3.96 MB

MaxMetaspaceSize: unlimited
CompressedClassSpaceSize: 1.00 GB
Initial GC threshold: 21.00 MB
Current GC threshold: 72.94 MB
CDS: off
MetaspaceReclaimPolicy: balanced
 - commit_granule_bytes: 65536.
 - commit_granule_words: 8192.
 - virtual_space_node_default_size: 1048576.
 - enlarge_chunks_in_place: 1.
 - new_chunks_are_fully_committed: 0.
 - uncommit_free_chunks: 1.
 - use_allocation_guard: 0.
 - handle_deallocations: 1.


Internal statistics:

num_allocs_failed_limit: 5.
num_arena_births: 416.
num_arena_deaths: 118.
num_vsnodes_births: 6.
num_vsnodes_deaths: 0.
num_space_committed: 700.
num_space_uncommitted: 0.
num_chunks_returned_to_freelist: 137.
num_chunks_taken_from_freelist: 1775.
num_chunk_merges: 47.
num_chunk_splits: 1250.
num_chunks_enlarged: 974.
num_purges: 8.
num_inconsistent_stats: 0.

CodeCache: size=49152Kb used=10753Kb max_used=11086Kb free=38398Kb
 bounds [0x000001b6c7810000, 0x000001b6c82f0000, 0x000001b6ca810000]
 total_blobs=6338 nmethods=5775 adapters=490
 compilation: enabled
              stopped_count=0, restarted_count=0
 full_count=0

Compilation events (20 events):
Event: 2649.410 Thread 0x000001b6ceef4aa0 5761   !   1       java.io.FileOutputStream::close (69 bytes)
Event: 2649.411 Thread 0x000001b6ceef4aa0 nmethod 5761 0x000001b6c8045490 code [0x000001b6c8045660, 0x000001b6c80459d8]
Event: 2649.411 Thread 0x000001b6ceef4aa0 5762       1       java.io.FileOutputStream$1::<init> (10 bytes)
Event: 2649.411 Thread 0x000001b6ceef4aa0 nmethod 5762 0x000001b6c8045190 code [0x000001b6c8045320, 0x000001b6c8045438]
Event: 2649.411 Thread 0x000001b6ceef4aa0 5763       1       java.io.FileOutputStream$1::close (11 bytes)
Event: 2649.412 Thread 0x000001b6ceef4aa0 nmethod 5763 0x000001b6c8044b10 code [0x000001b6c8044cc0, 0x000001b6c8044fd8]
Event: 3952.016 Thread 0x000001b6ceef4aa0 5766       1       java.lang.ProcessImpl$2::run (242 bytes)
Event: 3952.017 Thread 0x000001b6ceef4aa0 nmethod 5766 0x000001b6c8042b10 code [0x000001b6c8042dc0, 0x000001b6c8043b58]
Event: 3952.017 Thread 0x000001b6ceef4aa0 5767       1       java.io.BufferedOutputStream::<init> (9 bytes)
Event: 3952.017 Thread 0x000001b6ceef4aa0 nmethod 5767 0x000001b6c8042590 code [0x000001b6c8042720, 0x000001b6c80429f8]
Event: 3952.017 Thread 0x000001b6ceef4aa0 5768       1       java.lang.ProcessImpl::waitFor (136 bytes)
Event: 3952.018 Thread 0x000001b6ceef4aa0 nmethod 5768 0x000001b6c8041d10 code [0x000001b6c8041f20, 0x000001b6c8042318]
Event: 3952.166 Thread 0x000001b6ceef4aa0 5771       1       java.lang.ProcessImpl$$Lambda$560/0x00000001005f1f98::run (8 bytes)
Event: 3952.167 Thread 0x000001b6ceef4aa0 nmethod 5771 0x000001b6c8040e10 code [0x000001b6c8040fa0, 0x000001b6c8041088]
Event: 3952.167 Thread 0x000001b6ceef4aa0 5772       1       java.lang.ProcessImpl::lambda$new$0 (6 bytes)
Event: 3952.167 Thread 0x000001b6ceef4aa0 nmethod 5772 0x000001b6c8040b10 code [0x000001b6c8040ca0, 0x000001b6c8040d68]
Event: 23874.877 Thread 0x000001b6ceef4aa0 5774       1       java.io.StringWriter::write (10 bytes)
Event: 23874.887 Thread 0x000001b6ceef4aa0 nmethod 5774 0x000001b6c8040690 code [0x000001b6c8040840, 0x000001b6c8040a28]
Event: 23874.887 Thread 0x000001b6ceef4aa0 5775       1       com.google.gson.stream.JsonWriter::name (53 bytes)
Event: 23874.889 Thread 0x000001b6ceef4aa0 nmethod 5775 0x000001b6c8040090 code [0x000001b6c8040260, 0x000001b6c8040548]

GC Heap History (20 events):
Event: 24440.663 GC heap before
{Heap before GC invocations=2437 (full 2395):
 garbage-first heap   total 99328K, used 28825K [0x00000000c9e00000, 0x0000000100000000)
  region size 1024K, 1 young (1024K), 0 survivors (0K)
 Metaspace       used 44309K, committed 44800K, reserved 1089536K
  class space    used 6020K, committed 6208K, reserved 1048576K
}
Event: 24440.692 GC heap after
{Heap after GC invocations=2438 (full 2396):
 garbage-first heap   total 99328K, used 28825K [0x00000000c9e00000, 0x0000000100000000)
  region size 1024K, 0 young (0K), 0 survivors (0K)
 Metaspace       used 44309K, committed 44800K, reserved 1089536K
  class space    used 6020K, committed 6208K, reserved 1048576K
}
Event: 24450.832 GC heap before
{Heap before GC invocations=2438 (full 2396):
 garbage-first heap   total 99328K, used 28825K [0x00000000c9e00000, 0x0000000100000000)
  region size 1024K, 1 young (1024K), 0 survivors (0K)
 Metaspace       used 44309K, committed 44800K, reserved 1089536K
  class space    used 6020K, committed 6208K, reserved 1048576K
}
Event: 24450.861 GC heap after
{Heap after GC invocations=2439 (full 2397):
 garbage-first heap   total 99328K, used 28825K [0x00000000c9e00000, 0x0000000100000000)
  region size 1024K, 0 young (0K), 0 survivors (0K)
 Metaspace       used 44309K, committed 44800K, reserved 1089536K
  class space    used 6020K, committed 6208K, reserved 1048576K
}
Event: 24461.005 GC heap before
{Heap before GC invocations=2439 (full 2397):
 garbage-first heap   total 99328K, used 28825K [0x00000000c9e00000, 0x0000000100000000)
  region size 1024K, 1 young (1024K), 0 survivors (0K)
 Metaspace       used 44309K, committed 44800K, reserved 1089536K
  class space    used 6020K, committed 6208K, reserved 1048576K
}
Event: 24461.061 GC heap after
{Heap after GC invocations=2440 (full 2398):
 garbage-first heap   total 99328K, used 28825K [0x00000000c9e00000, 0x0000000100000000)
  region size 1024K, 0 young (0K), 0 survivors (0K)
 Metaspace       used 44309K, committed 44800K, reserved 1089536K
  class space    used 6020K, committed 6208K, reserved 1048576K
}
Event: 24471.207 GC heap before
{Heap before GC invocations=2440 (full 2398):
 garbage-first heap   total 99328K, used 28825K [0x00000000c9e00000, 0x0000000100000000)
  region size 1024K, 1 young (1024K), 0 survivors (0K)
 Metaspace       used 44309K, committed 44800K, reserved 1089536K
  class space    used 6020K, committed 6208K, reserved 1048576K
}
Event: 24471.236 GC heap after
{Heap after GC invocations=2441 (full 2399):
 garbage-first heap   total 99328K, used 28825K [0x00000000c9e00000, 0x0000000100000000)
  region size 1024K, 0 young (0K), 0 survivors (0K)
 Metaspace       used 44309K, committed 44800K, reserved 1089536K
  class space    used 6020K, committed 6208K, reserved 1048576K
}
Event: 24481.380 GC heap before
{Heap before GC invocations=2441 (full 2399):
 garbage-first heap   total 99328K, used 28825K [0x00000000c9e00000, 0x0000000100000000)
  region size 1024K, 1 young (1024K), 0 survivors (0K)
 Metaspace       used 44309K, committed 44800K, reserved 1089536K
  class space    used 6020K, committed 6208K, reserved 1048576K
}
Event: 24481.412 GC heap after
{Heap after GC invocations=2442 (full 2400):
 garbage-first heap   total 99328K, used 28825K [0x00000000c9e00000, 0x0000000100000000)
  region size 1024K, 0 young (0K), 0 survivors (0K)
 Metaspace       used 44309K, committed 44800K, reserved 1089536K
  class space    used 6020K, committed 6208K, reserved 1048576K
}
Event: 24491.543 GC heap before
{Heap before GC invocations=2442 (full 2400):
 garbage-first heap   total 99328K, used 28825K [0x00000000c9e00000, 0x0000000100000000)
  region size 1024K, 1 young (1024K), 0 survivors (0K)
 Metaspace       used 44309K, committed 44800K, reserved 1089536K
  class space    used 6020K, committed 6208K, reserved 1048576K
}
Event: 24491.574 GC heap after
{Heap after GC invocations=2443 (full 2401):
 garbage-first heap   total 99328K, used 28825K [0x00000000c9e00000, 0x0000000100000000)
  region size 1024K, 0 young (0K), 0 survivors (0K)
 Metaspace       used 44309K, committed 44800K, reserved 1089536K
  class space    used 6020K, committed 6208K, reserved 1048576K
}
Event: 24501.705 GC heap before
{Heap before GC invocations=2443 (full 2401):
 garbage-first heap   total 99328K, used 28825K [0x00000000c9e00000, 0x0000000100000000)
  region size 1024K, 1 young (1024K), 0 survivors (0K)
 Metaspace       used 44309K, committed 44800K, reserved 1089536K
  class space    used 6020K, committed 6208K, reserved 1048576K
}
Event: 24501.736 GC heap after
{Heap after GC invocations=2444 (full 2402):
 garbage-first heap   total 99328K, used 28825K [0x00000000c9e00000, 0x0000000100000000)
  region size 1024K, 0 young (0K), 0 survivors (0K)
 Metaspace       used 44309K, committed 44800K, reserved 1089536K
  class space    used 6020K, committed 6208K, reserved 1048576K
}
Event: 24512.466 GC heap before
{Heap before GC invocations=2444 (full 2402):
 garbage-first heap   total 99328K, used 28825K [0x00000000c9e00000, 0x0000000100000000)
  region size 1024K, 1 young (1024K), 0 survivors (0K)
 Metaspace       used 44309K, committed 44800K, reserved 1089536K
  class space    used 6020K, committed 6208K, reserved 1048576K
}
Event: 24512.533 GC heap after
{Heap after GC invocations=2445 (full 2403):
 garbage-first heap   total 99328K, used 28825K [0x00000000c9e00000, 0x0000000100000000)
  region size 1024K, 0 young (0K), 0 survivors (0K)
 Metaspace       used 44309K, committed 44800K, reserved 1089536K
  class space    used 6020K, committed 6208K, reserved 1048576K
}
Event: 24529.630 GC heap before
{Heap before GC invocations=2445 (full 2403):
 garbage-first heap   total 99328K, used 28825K [0x00000000c9e00000, 0x0000000100000000)
  region size 1024K, 1 young (1024K), 0 survivors (0K)
 Metaspace       used 44309K, committed 44800K, reserved 1089536K
  class space    used 6020K, committed 6208K, reserved 1048576K
}
Event: 24529.768 GC heap after
{Heap after GC invocations=2446 (full 2404):
 garbage-first heap   total 99328K, used 28825K [0x00000000c9e00000, 0x0000000100000000)
  region size 1024K, 0 young (0K), 0 survivors (0K)
 Metaspace       used 44309K, committed 44800K, reserved 1089536K
  class space    used 6020K, committed 6208K, reserved 1048576K
}
Event: 24541.193 GC heap before
{Heap before GC invocations=2446 (full 2404):
 garbage-first heap   total 99328K, used 28825K [0x00000000c9e00000, 0x0000000100000000)
  region size 1024K, 1 young (1024K), 0 survivors (0K)
 Metaspace       used 44309K, committed 44800K, reserved 1089536K
  class space    used 6020K, committed 6208K, reserved 1048576K
}
Event: 24541.225 GC heap after
{Heap after GC invocations=2447 (full 2405):
 garbage-first heap   total 99328K, used 28825K [0x00000000c9e00000, 0x0000000100000000)
  region size 1024K, 0 young (0K), 0 survivors (0K)
 Metaspace       used 44309K, committed 44800K, reserved 1089536K
  class space    used 6020K, committed 6208K, reserved 1048576K
}

Deoptimization events (20 events):
Event: 4.921 Thread 0x000001b6d1dc3130 DEOPT PACKING pc=0x000001b6c7f13335 sp=0x00000080d79fdac0
Event: 4.921 Thread 0x000001b6d1dc3130 DEOPT UNPACKING pc=0x000001b6c7862b43 sp=0x00000080d79fcfe8 mode 3
Event: 4.976 Thread 0x000001b6d1780c20 DEOPT PACKING pc=0x000001b6c7c28481 sp=0x00000080d75fef90
Event: 4.976 Thread 0x000001b6d1780c20 DEOPT UNPACKING pc=0x000001b6c7862b43 sp=0x00000080d75fe420 mode 3
Event: 5.905 Thread 0x000001b6d1aa9c10 DEOPT PACKING pc=0x000001b6c7c20b97 sp=0x00000080d7bfecb0
Event: 5.905 Thread 0x000001b6d1aa9c10 DEOPT UNPACKING pc=0x000001b6c7862b43 sp=0x00000080d7bfe108 mode 3
Event: 5.990 Thread 0x000001b6d1dc3130 DEOPT PACKING pc=0x000001b6c7d6b2b4 sp=0x00000080d79f86c0
Event: 5.990 Thread 0x000001b6d1dc3130 DEOPT UNPACKING pc=0x000001b6c7862b43 sp=0x00000080d79f7b40 mode 3
Event: 15.787 Thread 0x000001b6d15ee570 DEOPT PACKING pc=0x000001b6c7bfa252 sp=0x00000080d71fdde0
Event: 15.787 Thread 0x000001b6d15ee570 DEOPT UNPACKING pc=0x000001b6c7862b43 sp=0x00000080d71fd2e8 mode 3
Event: 16.331 Thread 0x000001b6d15ee570 DEOPT PACKING pc=0x000001b6c829c8f4 sp=0x00000080d71fe650
Event: 16.331 Thread 0x000001b6d15ee570 DEOPT UNPACKING pc=0x000001b6c7862b43 sp=0x00000080d71fdb48 mode 0
Event: 16.331 Thread 0x000001b6d15ee570 DEOPT PACKING pc=0x000001b6c82559f4 sp=0x00000080d71fe720
Event: 16.331 Thread 0x000001b6d15ee570 DEOPT UNPACKING pc=0x000001b6c7862b43 sp=0x00000080d71fdbf8 mode 0
Event: 16.331 Thread 0x000001b6d15ee570 DEOPT PACKING pc=0x000001b6c8254124 sp=0x00000080d71fe7d0
Event: 16.331 Thread 0x000001b6d15ee570 DEOPT UNPACKING pc=0x000001b6c7862b43 sp=0x00000080d71fdd50 mode 0
Event: 16.331 Thread 0x000001b6d15ee570 DEOPT PACKING pc=0x000001b6c828072c sp=0x00000080d71fead0
Event: 16.331 Thread 0x000001b6d15ee570 DEOPT UNPACKING pc=0x000001b6c7862b43 sp=0x00000080d71fdf60 mode 0
Event: 23874.470 Thread 0x000001b6d18f7b40 DEOPT PACKING pc=0x000001b6c7d70c54 sp=0x00000080d78fec70
Event: 23874.476 Thread 0x000001b6d18f7b40 DEOPT UNPACKING pc=0x000001b6c7862b43 sp=0x00000080d78fe118 mode 0

Classes unloaded (20 events):
Event: 107.513 Thread 0x000001b6cee8dd50 Unloading class 0x0000000100608800 'jdk/internal/reflect/GeneratedConstructorAccessor28'
Event: 107.513 Thread 0x000001b6cee8dd50 Unloading class 0x0000000100608400 'jdk/internal/reflect/GeneratedConstructorAccessor27'
Event: 107.513 Thread 0x000001b6cee8dd50 Unloading class 0x0000000100608000 'jdk/internal/reflect/GeneratedConstructorAccessor26'
Event: 107.513 Thread 0x000001b6cee8dd50 Unloading class 0x0000000100605c00 'jdk/internal/reflect/GeneratedConstructorAccessor25'
Event: 107.513 Thread 0x000001b6cee8dd50 Unloading class 0x0000000100605800 'jdk/internal/reflect/GeneratedConstructorAccessor24'
Event: 107.513 Thread 0x000001b6cee8dd50 Unloading class 0x0000000100605400 'jdk/internal/reflect/GeneratedConstructorAccessor23'
Event: 107.513 Thread 0x000001b6cee8dd50 Unloading class 0x0000000100605000 'jdk/internal/reflect/GeneratedConstructorAccessor22'
Event: 107.513 Thread 0x000001b6cee8dd50 Unloading class 0x0000000100604c00 'jdk/internal/reflect/GeneratedConstructorAccessor21'
Event: 107.513 Thread 0x000001b6cee8dd50 Unloading class 0x0000000100604800 'jdk/internal/reflect/GeneratedConstructorAccessor20'
Event: 107.513 Thread 0x000001b6cee8dd50 Unloading class 0x0000000100604400 'jdk/internal/reflect/GeneratedConstructorAccessor19'
Event: 107.513 Thread 0x000001b6cee8dd50 Unloading class 0x00000001004c0400 'java/lang/invoke/LambdaForm$MH+0x00000001004c0400'
Event: 107.513 Thread 0x000001b6cee8dd50 Unloading class 0x00000001004c0000 'java/lang/invoke/LambdaForm$MH+0x00000001004c0000'
Event: 107.513 Thread 0x000001b6cee8dd50 Unloading class 0x00000001004bbc00 'java/lang/invoke/LambdaForm$MH+0x00000001004bbc00'
Event: 107.513 Thread 0x000001b6cee8dd50 Unloading class 0x00000001004bb800 'java/lang/invoke/LambdaForm$MH+0x00000001004bb800'
Event: 107.513 Thread 0x000001b6cee8dd50 Unloading class 0x00000001004bb400 'java/lang/invoke/LambdaForm$MH+0x00000001004bb400'
Event: 107.513 Thread 0x000001b6cee8dd50 Unloading class 0x00000001004bb000 'java/lang/invoke/LambdaForm$MH+0x00000001004bb000'
Event: 107.513 Thread 0x000001b6cee8dd50 Unloading class 0x000000010033d400 'java/lang/invoke/LambdaForm$MH+0x000000010033d400'
Event: 23950.098 Thread 0x000001b6cee8dd50 Unloading class 0x0000000100604400 'java/lang/invoke/LambdaForm$MH+0x0000000100604400'
Event: 23950.098 Thread 0x000001b6cee8dd50 Unloading class 0x0000000100608800 'java/lang/invoke/LambdaForm$MH+0x0000000100608800'
Event: 23950.098 Thread 0x000001b6cee8dd50 Unloading class 0x000000010060a000 'java/lang/invoke/LambdaForm$MH+0x000000010060a000'

Classes redefined (0 events):
No events

Internal exceptions (20 events):
Event: 15.387 Thread 0x000001b6d1aa7a60 Exception <a 'sun/nio/fs/WindowsException'{0x00000000e928b758}> (0x00000000e928b758) 
thrown [e:\jenkins\tmp\workspace\build\src\src\hotspot\share\prims\jni.cpp, line 516]
Event: 15.387 Thread 0x000001b6d1aa7a60 Exception <a 'sun/nio/fs/WindowsException'{0x00000000e928c158}> (0x00000000e928c158) 
thrown [e:\jenkins\tmp\workspace\build\src\src\hotspot\share\prims\jni.cpp, line 516]
Event: 15.387 Thread 0x000001b6d1aa7a60 Exception <a 'sun/nio/fs/WindowsException'{0x00000000e928c518}> (0x00000000e928c518) 
thrown [e:\jenkins\tmp\workspace\build\src\src\hotspot\share\prims\jni.cpp, line 516]
Event: 15.387 Thread 0x000001b6d1aa7a60 Exception <a 'sun/nio/fs/WindowsException'{0x00000000e928cf18}> (0x00000000e928cf18) 
thrown [e:\jenkins\tmp\workspace\build\src\src\hotspot\share\prims\jni.cpp, line 516]
Event: 15.387 Thread 0x000001b6d1aa7a60 Exception <a 'sun/nio/fs/WindowsException'{0x00000000e928d2c8}> (0x00000000e928d2c8) 
thrown [e:\jenkins\tmp\workspace\build\src\src\hotspot\share\prims\jni.cpp, line 516]
Event: 15.387 Thread 0x000001b6d1aa7a60 Exception <a 'sun/nio/fs/WindowsException'{0x00000000e928dcc8}> (0x00000000e928dcc8) 
thrown [e:\jenkins\tmp\workspace\build\src\src\hotspot\share\prims\jni.cpp, line 516]
Event: 15.387 Thread 0x000001b6d1aa7a60 Exception <a 'sun/nio/fs/WindowsException'{0x00000000e928e088}> (0x00000000e928e088) 
thrown [e:\jenkins\tmp\workspace\build\src\src\hotspot\share\prims\jni.cpp, line 516]
Event: 15.387 Thread 0x000001b6d1aa7a60 Exception <a 'sun/nio/fs/WindowsException'{0x00000000e928eab0}> (0x00000000e928eab0) 
thrown [e:\jenkins\tmp\workspace\build\src\src\hotspot\share\prims\jni.cpp, line 516]
Event: 15.387 Thread 0x000001b6d1aa7a60 Exception <a 'sun/nio/fs/WindowsException'{0x00000000e928ee90}> (0x00000000e928ee90) 
thrown [e:\jenkins\tmp\workspace\build\src\src\hotspot\share\prims\jni.cpp, line 516]
Event: 15.387 Thread 0x000001b6d1aa7a60 Exception <a 'sun/nio/fs/WindowsException'{0x00000000e928f8c8}> (0x00000000e928f8c8) 
thrown [e:\jenkins\tmp\workspace\build\src\src\hotspot\share\prims\jni.cpp, line 516]
Event: 15.387 Thread 0x000001b6d1aa7a60 Exception <a 'sun/nio/fs/WindowsException'{0x00000000e928fcb8}> (0x00000000e928fcb8) 
thrown [e:\jenkins\tmp\workspace\build\src\src\hotspot\share\prims\jni.cpp, line 516]
Event: 15.387 Thread 0x000001b6d1aa7a60 Exception <a 'sun/nio/fs/WindowsException'{0x00000000e92906e0}> (0x00000000e92906e0) 
thrown [e:\jenkins\tmp\workspace\build\src\src\hotspot\share\prims\jni.cpp, line 516]
Event: 15.387 Thread 0x000001b6d1aa7a60 Exception <a 'sun/nio/fs/WindowsException'{0x00000000e9290ad0}> (0x00000000e9290ad0) 
thrown [e:\jenkins\tmp\workspace\build\src\src\hotspot\share\prims\jni.cpp, line 516]
Event: 15.388 Thread 0x000001b6d1aa7f30 Exception <a 'java/lang/NoSuchMethodError'{0x00000000e9108960}: 'java.lang.Object java.lang.invoke.Invokers$Holder.invoke_MT(java.lang.Object, java.lang.Object, java.lang.Object)'> (0x00000000e9108960) 
thrown [e:\jenkins\tmp\workspace\build\src\src\hotspot\share\interpreter\linkResolver.cpp, line 766]
Event: 15.618 Thread 0x000001b6d15ee570 Exception <a 'java/lang/NoSuchMethodError'{0x00000000e9242988}: 'void java.lang.invoke.DirectMethodHandle$Holder.invokeStatic(java.lang.Object, java.lang.Object, java.lang.Object, java.lang.Object, java.lang.Object, java.lang.Object)'> (0x00000000e9242988) 
thrown [e:\jenkins\tmp\workspace\build\src\src\hotspot\share\interpreter\linkResolver.cpp, line 766]
Event: 55.782 Thread 0x000001b6d16fcc60 Exception <a 'java/lang/NoSuchMethodError'{0x00000000e8bcb970}: 'void java.lang.invoke.DirectMethodHandle$Holder.invokeStatic(java.lang.Object, long)'> (0x00000000e8bcb970) 
thrown [e:\jenkins\tmp\workspace\build\src\src\hotspot\share\interpreter\linkResolver.cpp, line 766]
Event: 55.787 Thread 0x000001b6d16fcc60 Exception <a 'java/lang/NoSuchMethodError'{0x00000000e8bd0d18}: 'java.lang.Object java.lang.invoke.DirectMethodHandle$Holder.newInvokeSpecial(java.lang.Object, long)'> (0x00000000e8bd0d18) 
thrown [e:\jenkins\tmp\workspace\build\src\src\hotspot\share\interpreter\linkResolver.cpp, line 766]
Event: 55.794 Thread 0x000001b6d16fcc60 Exception <a 'java/lang/NoSuchMethodError'{0x00000000e8bd7780}: 'java.lang.Object java.lang.invoke.DirectMethodHandle$Holder.invokeStatic(java.lang.Object, java.lang.Object, long, java.lang.Object)'> (0x00000000e8bd7780) 
thrown [e:\jenkins\tmp\workspace\build\src\src\hotspot\share\interpreter\linkResolver.cpp, line 766]
Event: 55.794 Thread 0x000001b6d16fcc60 Exception <a 'java/lang/NoSuchMethodError'{0x00000000e8bdaf58}: 'java.lang.Object java.lang.invoke.DirectMethodHandle$Holder.invokeStaticInit(java.lang.Object, java.lang.Object, long, java.lang.Object)'> (0x00000000e8bdaf58) 
thrown [e:\jenkins\tmp\workspace\build\src\src\hotspot\share\interpreter\linkResolver.cpp, line 766]
Event: 55.796 Thread 0x000001b6d16fcc60 Exception <a 'java/lang/NoSuchMethodError'{0x00000000e8be1288}: 'java.lang.Object java.lang.invoke.DirectMethodHandle$Holder.newInvokeSpecial(java.lang.Object, java.lang.Object, long)'> (0x00000000e8be1288) 
thrown [e:\jenkins\tmp\workspace\build\src\src\hotspot\share\interpreter\linkResolver.cpp, line 766]

VM Operations (20 events):
Event: 24440.692 Executing VM operation: G1CollectFull done
Event: 24450.831 Executing VM operation: G1CollectFull
Event: 24450.861 Executing VM operation: G1CollectFull done
Event: 24461.004 Executing VM operation: G1CollectFull
Event: 24461.061 Executing VM operation: G1CollectFull done
Event: 24471.207 Executing VM operation: G1CollectFull
Event: 24471.237 Executing VM operation: G1CollectFull done
Event: 24481.380 Executing VM operation: G1CollectFull
Event: 24481.412 Executing VM operation: G1CollectFull done
Event: 24491.543 Executing VM operation: G1CollectFull
Event: 24491.574 Executing VM operation: G1CollectFull done
Event: 24501.705 Executing VM operation: G1CollectFull
Event: 24501.736 Executing VM operation: G1CollectFull done
Event: 24512.466 Executing VM operation: G1CollectFull
Event: 24512.533 Executing VM operation: G1CollectFull done
Event: 24529.617 Executing VM operation: G1CollectFull
Event: 24529.769 Executing VM operation: G1CollectFull done
Event: 24541.193 Executing VM operation: G1CollectFull
Event: 24541.225 Executing VM operation: G1CollectFull done
Event: 24552.437 Executing VM operation: G1CollectFull

Events (20 events):
Event: 55.675 loading class java/lang/Process done
Event: 55.675 loading class java/lang/ProcessImpl done
Event: 55.788 loading class java/lang/ProcessHandleImpl
Event: 55.789 loading class java/lang/ProcessHandle
Event: 55.789 loading class java/lang/ProcessHandle done
Event: 55.789 loading class java/lang/ProcessHandleImpl done
Event: 55.796 loading class java/lang/ProcessImpl$2
Event: 55.796 loading class java/lang/ProcessImpl$2 done
Event: 55.797 loading class java/lang/Process$PipeInputStream
Event: 55.797 loading class java/lang/Process$PipeInputStream done
Event: 55.815 loading class jdk/internal/event/ProcessStartEvent
Event: 55.816 loading class jdk/internal/event/ProcessStartEvent done
Event: 56.400 loading class java/io/FileOutputStream$1
Event: 56.400 loading class java/io/FileOutputStream$1 done
Event: 66.961 Thread 0x000001b6d1aa6bf0 Thread exited: 0x000001b6d1aa6bf0
Event: 82.017 Thread 0x000001b6d1aaa5b0 Thread exited: 0x000001b6d1aaa5b0
Event: 23874.717 Thread 0x000001b6d1aa7f30 Thread added: 0x000001b6d1aa7f30
Event: 23874.744 loading class java/util/concurrent/CompletionException
Event: 23874.777 loading class java/util/concurrent/CompletionException done
Event: 23934.899 Thread 0x000001b6d1aa7f30 Thread exited: 0x000001b6d1aa7f30


Dynamic libraries:
0x00007ff6155c0000 - 0x00007ff6155ce000 	c:\Users\gilbe\.vscode\extensions\redhat.java-1.9.0-win32-x64\jre\17.0.3-win32-x86_64\bin\java.exe
0x00007ff8b7ed0000 - 0x00007ff8b80c8000 	C:\windows\SYSTEM32\ntdll.dll
0x00007ff8b7510000 - 0x00007ff8b75cd000 	C:\windows\System32\KERNEL32.DLL
0x00007ff8b5940000 - 0x00007ff8b5c0e000 	C:\windows\System32\KERNELBASE.dll
0x00007ff8b5de0000 - 0x00007ff8b5ee0000 	C:\windows\System32\ucrtbase.dll
0x00007ff8aea20000 - 0x00007ff8aea38000 	c:\Users\gilbe\.vscode\extensions\redhat.java-1.9.0-win32-x64\jre\17.0.3-win32-x86_64\bin\jli.dll
0x00007ff8b5f40000 - 0x00007ff8b60e0000 	C:\windows\System32\USER32.dll
0x00007ff8b5910000 - 0x00007ff8b5932000 	C:\windows\System32\win32u.dll
0x00007ff8b7df0000 - 0x00007ff8b7e1a000 	C:\windows\System32\GDI32.dll
0x00007ff8b5cd0000 - 0x00007ff8b5ddb000 	C:\windows\System32\gdi32full.dll
0x00007ff8b57c0000 - 0x00007ff8b585d000 	C:\windows\System32\msvcp_win.dll
0x00007ff89edf0000 - 0x00007ff89f08a000 	C:\windows\WinSxS\amd64_microsoft.windows.common-controls_6595b64144ccf1df_6.0.19041.1110_none_60b5254171f9507e\COMCTL32.dll
0x00007ff8ad430000 - 0x00007ff8ad449000 	c:\Users\gilbe\.vscode\extensions\redhat.java-1.9.0-win32-x64\jre\17.0.3-win32-x86_64\bin\VCRUNTIME140.dll
0x00007ff8b7ab0000 - 0x00007ff8b7b4e000 	C:\windows\System32\msvcrt.dll
0x00007ff8b7720000 - 0x00007ff8b7750000 	C:\windows\System32\IMM32.DLL
0x00007ff8ad620000 - 0x00007ff8ad62c000 	c:\Users\gilbe\.vscode\extensions\redhat.java-1.9.0-win32-x64\jre\17.0.3-win32-x86_64\bin\vcruntime140_1.dll
0x00007ff887b10000 - 0x00007ff887ba1000 	c:\Users\gilbe\.vscode\extensions\redhat.java-1.9.0-win32-x64\jre\17.0.3-win32-x86_64\bin\msvcp140.dll
0x00007ff875b60000 - 0x00007ff8767a8000 	c:\Users\gilbe\.vscode\extensions\redhat.java-1.9.0-win32-x64\jre\17.0.3-win32-x86_64\bin\server\jvm.dll
0x00007ff8b63f0000 - 0x00007ff8b649e000 	C:\windows\System32\ADVAPI32.dll
0x00007ff8b7470000 - 0x00007ff8b750c000 	C:\windows\System32\sechost.dll
0x00007ff8b7210000 - 0x00007ff8b7335000 	C:\windows\System32\RPCRT4.dll
0x00007ff8b5f30000 - 0x00007ff8b5f38000 	C:\windows\System32\PSAPI.DLL
0x00007ff8ad5e0000 - 0x00007ff8ad5e9000 	C:\windows\SYSTEM32\WSOCK32.dll
0x00007ff8b7140000 - 0x00007ff8b71ab000 	C:\windows\System32\WS2_32.dll
0x00007ff8ac360000 - 0x00007ff8ac387000 	C:\windows\SYSTEM32\WINMM.dll
0x00007ff8ac390000 - 0x00007ff8ac39a000 	C:\windows\SYSTEM32\VERSION.dll
0x00007ff8b34f0000 - 0x00007ff8b3502000 	C:\windows\SYSTEM32\kernel.appcore.dll
0x00007ff8ad3b0000 - 0x00007ff8ad3ba000 	c:\Users\gilbe\.vscode\extensions\redhat.java-1.9.0-win32-x64\jre\17.0.3-win32-x86_64\bin\jimage.dll
0x00007ff89fd40000 - 0x00007ff89ff24000 	C:\windows\SYSTEM32\DBGHELP.DLL
0x00007ff89a020000 - 0x00007ff89a04c000 	C:\windows\SYSTEM32\dbgcore.DLL
0x00007ff8b5c10000 - 0x00007ff8b5c92000 	C:\windows\System32\bcryptPrimitives.dll
0x00007ff8ad350000 - 0x00007ff8ad375000 	c:\Users\gilbe\.vscode\extensions\redhat.java-1.9.0-win32-x64\jre\17.0.3-win32-x86_64\bin\java.dll
0x00007ff8ad330000 - 0x00007ff8ad348000 	c:\Users\gilbe\.vscode\extensions\redhat.java-1.9.0-win32-x64\jre\17.0.3-win32-x86_64\bin\zip.dll
0x00007ff8b6500000 - 0x00007ff8b6c44000 	C:\windows\System32\SHELL32.dll
0x00007ff8b36f0000 - 0x00007ff8b3e84000 	C:\windows\SYSTEM32\windows.storage.dll
0x00007ff8b7750000 - 0x00007ff8b7aa4000 	C:\windows\System32\combase.dll
0x00007ff8b4f80000 - 0x00007ff8b4fb0000 	C:\windows\SYSTEM32\Wldp.dll
0x00007ff8b6290000 - 0x00007ff8b633d000 	C:\windows\System32\SHCORE.dll
0x00007ff8b64a0000 - 0x00007ff8b64f5000 	C:\windows\System32\shlwapi.dll
0x00007ff8b5530000 - 0x00007ff8b554f000 	C:\windows\SYSTEM32\profapi.dll
0x00007ff8ad2f0000 - 0x00007ff8ad309000 	C:\Users\gilbe\.vscode\extensions\redhat.java-1.9.0-win32-x64\jre\17.0.3-win32-x86_64\bin\net.dll
0x00007ff8a6530000 - 0x00007ff8a663a000 	C:\windows\SYSTEM32\WINHTTP.dll
0x00007ff8b4ce0000 - 0x00007ff8b4d4a000 	C:\windows\system32\mswsock.dll
0x00007ff8ad0c0000 - 0x00007ff8ad0d5000 	C:\Users\gilbe\.vscode\extensions\redhat.java-1.9.0-win32-x64\jre\17.0.3-win32-x86_64\bin\nio.dll
0x00007ff8ad320000 - 0x00007ff8ad330000 	c:\Users\gilbe\.vscode\extensions\redhat.java-1.9.0-win32-x64\jre\17.0.3-win32-x86_64\bin\verify.dll
0x00007ff8ad6b0000 - 0x00007ff8ad6b9000 	C:\Users\gilbe\.vscode\extensions\redhat.java-1.9.0-win32-x64\jre\17.0.3-win32-x86_64\bin\management.dll
0x00007ff8ad2e0000 - 0x00007ff8ad2eb000 	C:\Users\gilbe\.vscode\extensions\redhat.java-1.9.0-win32-x64\jre\17.0.3-win32-x86_64\bin\management_ext.dll
0x00007ff898790000 - 0x00007ff8987a7000 	C:\windows\system32\napinsp.dll
0x00007ff898770000 - 0x00007ff89878b000 	C:\windows\system32\pnrpnsp.dll
0x00007ff8b0200000 - 0x00007ff8b0215000 	C:\windows\system32\wshbth.dll
0x00007ff8b0fd0000 - 0x00007ff8b0fed000 	C:\windows\system32\NLAapi.dll
0x00007ff8b49d0000 - 0x00007ff8b4a0b000 	C:\windows\SYSTEM32\IPHLPAPI.DLL
0x00007ff8b4a10000 - 0x00007ff8b4adb000 	C:\windows\SYSTEM32\DNSAPI.dll
0x00007ff8b7e80000 - 0x00007ff8b7e88000 	C:\windows\System32\NSI.dll
0x00007ff898750000 - 0x00007ff898762000 	C:\windows\System32\winrnr.dll
0x00007ff8ad030000 - 0x00007ff8ad03a000 	C:\Windows\System32\rasadhlp.dll
0x00007ff89f230000 - 0x00007ff89f2b0000 	C:\windows\System32\fwpuclnt.dll
0x00007ff8b5ca0000 - 0x00007ff8b5cc7000 	C:\windows\System32\bcrypt.dll
0x00007ff8b4ed0000 - 0x00007ff8b4ee8000 	C:\windows\SYSTEM32\CRYPTSP.dll
0x00007ff8b4660000 - 0x00007ff8b4694000 	C:\windows\system32\rsaenh.dll
0x00007ff8b54b0000 - 0x00007ff8b54de000 	C:\windows\SYSTEM32\USERENV.dll
0x00007ff8b4ef0000 - 0x00007ff8b4efc000 	C:\windows\SYSTEM32\CRYPTBASE.dll
0x00007ff8a9a30000 - 0x00007ff8a9a47000 	C:\windows\SYSTEM32\dhcpcsvc6.DLL
0x00007ff8a9da0000 - 0x00007ff8a9dbd000 	C:\windows\SYSTEM32\dhcpcsvc.DLL

dbghelp: loaded successfully - version: 4.0.5 - missing functions: none
symbol engine: initialized successfully - sym options: 0x614 - pdb path: .;c:\Users\gilbe\.vscode\extensions\redhat.java-1.9.0-win32-x64\jre\17.0.3-win32-x86_64\bin;C:\windows\SYSTEM32;C:\windows\WinSxS\amd64_microsoft.windows.common-controls_6595b64144ccf1df_6.0.19041.1110_none_60b5254171f9507e;c:\Users\gilbe\.vscode\extensions\redhat.java-1.9.0-win32-x64\jre\17.0.3-win32-x86_64\bin\server

VM Arguments:
jvm_args: -Dsts.lsp.client=vscode -Dsts.log.file=/dev/null -XX:TieredStopAtLevel=1 -Dspring.config.location=file:c:\Users\gilbe\.vscode\extensions\pivotal.vscode-spring-boot-1.37.0\language-server\BOOT-INF\classes\application.properties 
java_command: org.springframework.ide.vscode.boot.app.BootLanguageServerBootApp
java_class_path (initial): c:\Users\gilbe\.vscode\extensions\pivotal.vscode-spring-boot-1.37.0\language-server\BOOT-INF\classes;c:\Users\gilbe\.vscode\extensions\pivotal.vscode-spring-boot-1.37.0\language-server\BOOT-INF\lib\annotations-23.0.0.jar;c:\Users\gilbe\.vscode\extensions\pivotal.vscode-spring-boot-1.37.0\language-server\BOOT-INF\lib\antlr-runtime-3.5.2.jar;c:\Users\gilbe\.vscode\extensions\pivotal.vscode-spring-boot-1.37.0\language-server\BOOT-INF\lib\antlr4-4.9.3.jar;c:\Users\gilbe\.vscode\extensions\pivotal.vscode-spring-boot-1.37.0\language-server\BOOT-INF\lib\antlr4-runtime-4.9.3.jar;c:\Users\gilbe\.vscode\extensions\pivotal.vscode-spring-boot-1.37.0\language-server\BOOT-INF\lib\asm-9.3.jar;c:\Users\gilbe\.vscode\extensions\pivotal.vscode-spring-boot-1.37.0\language-server\BOOT-INF\lib\asm-analysis-9.3.jar;c:\Users\gilbe\.vscode\extensions\pivotal.vscode-spring-boot-1.37.0\language-server\BOOT-INF\lib\asm-tree-9.3.jar;c:\Users\gilbe\.vscode\extensions\pivotal.vscode-spring-boot-1.37.0\language-server\BOOT-INF\lib\asm-util-9.3.jar;c:\Users\gilbe\.vscode\extensions\pivotal.vscode-spring-boot-1.37.0\language-server\BOOT-INF\lib\byte-buddy-1.10.18.jar;c:\Users\gilbe\.vscode\extensions\pivotal.vscode-spring-boot-1.37.0\language-server\BOOT-INF\lib\caffeine-2.8.6.jar;c:\Users\gilbe\.vscode\extensions\pivotal.vscode-spring-boot-1.37.0\language-server\BOOT-INF\lib\checker-qual-3.12.0.jar;c:\Users\gilbe\.vscode\extensions\pivotal.vscode-spring-boot-1.37.0\language-server\BOOT-INF\lib\classgraph-4.8.149.jar;c:\Users\gilbe\.vscode\extensions\pivotal.vscode-spring-boot-1.37.0\language-server\BOOT-INF\lib\commons-codec-1.14.jar;c:\Users\gilbe\.vscode\extensions\pivotal.vscode-spring-boot-1.37.0\language-server\BOOT-INF\lib\commons-compress-1.21.jar;c:\Users\gilbe\.vscode\extensions\pivotal.vscode-spring-boot-1.37.0\language-server\BOOT-INF\lib\commons-exec-1.3.jar;c:\Users\gilbe\.vscode\extensions\pivotal.vscode-spring-boot-1.37.0\language-server\BOOT-INF\lib\com
Launcher Type: SUN_STANDARD

[Global flags]
     intx CICompilerCount                          = 2                                         {product} {ergonomic}
     uint ConcGCThreads                            = 1                                         {product} {ergonomic}
     uint G1ConcRefinementThreads                  = 2                                         {product} {ergonomic}
   size_t G1HeapRegionSize                         = 1048576                                   {product} {ergonomic}
    uintx GCDrainStackTargetSize                   = 64                                        {product} {ergonomic}
   size_t InitialHeapSize                          = 58720256                                  {product} {ergonomic}
   size_t MarkStackSize                            = 4194304                                   {product} {ergonomic}
   size_t MaxHeapSize                              = 908066816                                 {product} {ergonomic}
   size_t MaxNewSize                               = 544210944                                 {product} {ergonomic}
   size_t MinHeapDeltaBytes                        = 1048576                                   {product} {ergonomic}
   size_t MinHeapSize                              = 8388608                                   {product} {ergonomic}
    uintx NonProfiledCodeHeapSize                  = 0                                      {pd product} {ergonomic}
     bool ProfileInterpreter                       = false                                  {pd product} {command line}
    uintx ProfiledCodeHeapSize                     = 0                                      {pd product} {ergonomic}
   size_t SoftMaxHeapSize                          = 908066816                              {manageable} {ergonomic}
     intx TieredStopAtLevel                        = 1                                         {product} {command line}
     bool UseCompressedClassPointers               = true                           {product lp64_product} {ergonomic}
     bool UseCompressedOops                        = true                           {product lp64_product} {ergonomic}
     bool UseG1GC                                  = true                                      {product} {ergonomic}
     bool UseLargePagesIndividualAllocation        = false                                  {pd product} {ergonomic}

Logging:
Log output configuration:
 #0: stdout all=warning uptime,level,tags
 #1: stderr all=off uptime,level,tags

Environment Variables:
PATH=C:\Program Files (x86)\Common Files\Oracle\Java\javapath;C:\windows\system32;C:\windows;C:\windows\System32\Wbem;C:\windows\System32\WindowsPowerShell\v1.0\;C:\windows\System32\OpenSSH\;C:\Program Files\nodejs\;C:\ProgramData\chocolatey\bin;C:\Users\gilbe\AppData\Local\Programs\Python\Python310\Scripts\;C:\Users\gilbe\AppData\Local\Programs\Python\Python310\;C:\Users\gilbe\AppData\Local\Microsoft\WindowsApps;C:\Users\gilbe\AppData\Local\Programs\Microsoft VS Code\bin;C:\Users\gilbe\AppData\Roaming\npm;C:\Program Files\Java\jdk1.8.0_311\bin;C:\Program Files\Java\jre1.8.0_341\bin;
USERNAME=gilbe
OS=Windows_NT
PROCESSOR_IDENTIFIER=AMD64 Family 23 Model 24 Stepping 1, AuthenticAMD



---------------  S Y S T E M  ---------------

OS:
 Windows 10 , 64 bit Build 19041 (10.0.19041.1806)
OS uptime: 23 days 21:35 hours

CPU: total 2 (initial active 2) (2 cores per cpu, 1 threads per core) family 23 model 24 stepping 1 microcode 0x0, cx8, cmov, fxsr, mmx, 3dnowpref, sse, sse2, sse3, ssse3, sse4a, sse4.1, sse4.2, popcnt, lzcnt, tsc, tscinvbit, avx, avx2, aes, clmul, bmi1, bmi2, adx, sha, fma, vzeroupper, clflush, clflushopt

Memory: 4k page, system-wide physical 3463M (144M free)
TotalPageFile size 14215M (AvailPageFile size 112M)
current process WorkingSet (physical memory assigned to process): 36M, peak: 563M
current process commit charge ("private bytes"): 231M, peak: 654M

vm_info: OpenJDK 64-Bit Server VM (17.0.3+7) for windows-amd64 JRE (17.0.3+7), built on Apr 19 2022 16:55:35 by "" with MS VC++ 16.7 (VS2019)

END.
