#
# There is insufficient memory for the Java Runtime Environment to continue.
# Native memory allocation (mmap) failed to map 136314880 bytes for G1 virtual space
# Possible reasons:
#   The system is out of physical RAM or swap space
#   The process is running with CompressedOops enabled, and the Java Heap may be blocking the growth of the native heap
# Possible solutions:
#   Reduce memory load on the system
#   Increase physical memory or swap space
#   Check if swap backing store is full
#   Decrease Java heap size (-Xmx/-Xms)
#   Decrease number of Java threads
#   Decrease Java thread stack sizes (-Xss)
#   Set larger code cache with -XX:ReservedCodeCacheSize=
#   JVM is running with Unscaled Compressed Oops mode in which the Java heap is
#     placed in the first 4GB address space. The Java Heap base address is the
#     maximum limit for the native heap growth. Please use -XX:HeapBaseMinAddress
#     to set the Java Heap base and to place the Java Heap above 4GB virtual address.
# This output file may be truncated or incomplete.
#
#  Out of Memory Error (os_windows.cpp:3535), pid=6196, tid=7044
#
# JRE version: OpenJDK Runtime Environment Temurin-17.0.3+7 (17.0.3+7) (build 17.0.3+7)
# Java VM: OpenJDK 64-Bit Server VM Temurin-17.0.3+7 (17.0.3+7, mixed mode, emulated-client, tiered, compressed oops, compressed class ptrs, g1 gc, windows-amd64)
# No core dump will be written. Minidumps are not enabled by default on client versions of Windows
#

---------------  S U M M A R Y ------------

Command Line: -Dsts.lsp.client=vscode -Dsts.log.file=/dev/null -XX:TieredStopAtLevel=1 -Dspring.config.location=file:c:\Users\gilbe\.vscode\extensions\pivotal.vscode-spring-boot-1.38.0\language-server\BOOT-INF\classes\application.properties org.springframework.ide.vscode.boot.app.BootLanguageServerBootApp

Host: AMD Athlon Silver 3050U with Radeon Graphics   , 2 cores, 3G,  Windows 10 , 64 bit Build 19041 (10.0.19041.1806)
Time: Sat Aug 13 10:47:17 2022 Central Daylight Time elapsed time: 20.050284 seconds (0d 0h 0m 20s)

---------------  T H R E A D  ---------------

Current thread (0x00000233f5c5efd0):  VMThread "VM Thread" [stack: 0x000000fe9fd00000,0x000000fe9fe00000] [id=7044]

Stack: [0x000000fe9fd00000,0x000000fe9fe00000]
Native frames: (J=compiled Java code, j=interpreted, Vv=VM code, C=native code)
V  [jvm.dll+0x675efa]
V  [jvm.dll+0x830a24]
V  [jvm.dll+0x8321ce]
V  [jvm.dll+0x832833]
V  [jvm.dll+0x2454b5]
V  [jvm.dll+0x672de9]
V  [jvm.dll+0x667732]
V  [jvm.dll+0x3043ab]
V  [jvm.dll+0x30b8f6]
V  [jvm.dll+0x35b62e]
V  [jvm.dll+0x35b85f]
V  [jvm.dll+0x2db248]
V  [jvm.dll+0x2d94fc]
V  [jvm.dll+0x2d8acc]
V  [jvm.dll+0x31ca2b]
V  [jvm.dll+0x836cdb]
V  [jvm.dll+0x837a14]
V  [jvm.dll+0x837f2c]
V  [jvm.dll+0x838304]
V  [jvm.dll+0x8383d0]
V  [jvm.dll+0x7e0cfa]
V  [jvm.dll+0x674d85]
C  [ucrtbase.dll+0x21bb2]
C  [KERNEL32.DLL+0x17034]
C  [ntdll.dll+0x52651]

VM_Operation (0x000000fea0efe4f0): G1CollectForAllocation, mode: safepoint, requested by thread 0x00000233f6fbf0a0


---------------  P R O C E S S  ---------------

Threads class SMR info:
_java_thread_list=0x00000233f8466190, length=24, elements={
0x00000233f5c82750, 0x00000233f5c835c0, 0x00000233f5cbf130, 0x00000233f5cc2c70,
0x00000233f5cc4630, 0x00000233f5cc4fe0, 0x00000233f5cc5a40, 0x00000233f5ceff70,
0x00000233f6986a20, 0x00000233f6987740, 0x00000233f68559f0, 0x00000233f81a6dd0,
0x00000233f68ea630, 0x00000233ea1d4b80, 0x00000233f7027a10, 0x00000233f6fbf0a0,
0x00000233f6fd71d0, 0x00000233f6fd76a0, 0x00000233f6fd7b70, 0x00000233f850e010,
0x00000233f850ee80, 0x00000233f850db40, 0x00000233f850e4e0, 0x00000233f850d670
}

Java Threads: ( => current thread )
  0x00000233f5c82750 JavaThread "Reference Handler" daemon [_thread_blocked, id=9500, stack(0x000000fe9fe00000,0x000000fe9ff00000)]
  0x00000233f5c835c0 JavaThread "Finalizer" daemon [_thread_blocked, id=18344, stack(0x000000fe9ff00000,0x000000fea0000000)]
  0x00000233f5cbf130 JavaThread "Signal Dispatcher" daemon [_thread_blocked, id=7576, stack(0x000000fea0000000,0x000000fea0100000)]
  0x00000233f5cc2c70 JavaThread "Attach Listener" daemon [_thread_blocked, id=5676, stack(0x000000fea0100000,0x000000fea0200000)]
  0x00000233f5cc4630 JavaThread "Service Thread" daemon [_thread_blocked, id=18964, stack(0x000000fea0200000,0x000000fea0300000)]
  0x00000233f5cc4fe0 JavaThread "Monitor Deflation Thread" daemon [_thread_blocked, id=9364, stack(0x000000fea0300000,0x000000fea0400000)]
  0x00000233f5cc5a40 JavaThread "C1 CompilerThread0" daemon [_thread_blocked, id=17712, stack(0x000000fea0400000,0x000000fea0500000)]
  0x00000233f5ceff70 JavaThread "Sweeper thread" daemon [_thread_blocked, id=14412, stack(0x000000fea0500000,0x000000fea0600000)]
  0x00000233f6986a20 JavaThread "Notification Thread" daemon [_thread_blocked, id=15384, stack(0x000000fea0600000,0x000000fea0700000)]
  0x00000233f6987740 JavaThread "Common-Cleaner" daemon [_thread_blocked, id=4124, stack(0x000000fea0800000,0x000000fea0900000)]
  0x00000233f68559f0 JavaThread "Thread-1" [_thread_blocked, id=20784, stack(0x000000fea0900000,0x000000fea0a00000)]
  0x00000233f81a6dd0 JavaThread "pool-7-thread-1" [_thread_blocked, id=7800, stack(0x000000fea0b00000,0x000000fea0c00000)]
  0x00000233f68ea630 JavaThread "LanguageServerApp-lifecycle" [_thread_blocked, id=1136, stack(0x000000fea0c00000,0x000000fea0d00000)]
  0x00000233ea1d4b80 JavaThread "DestroyJavaVM" [_thread_blocked, id=6304, stack(0x000000fe9f700000,0x000000fe9f800000)]
  0x00000233f7027a10 JavaThread "pool-8-thread-1" [_thread_in_native, id=17996, stack(0x000000fea0d00000,0x000000fea0e00000)]
  0x00000233f6fbf0a0 JavaThread "ClassGraph-worker-0" daemon [_thread_blocked, id=18800, stack(0x000000fea0e00000,0x000000fea0f00000)]
  0x00000233f6fd71d0 JavaThread "ClassGraph-worker-1" daemon [_thread_blocked, id=6040, stack(0x000000fea0f00000,0x000000fea1000000)]
  0x00000233f6fd76a0 JavaThread "ClassGraph-worker-2" daemon [_thread_blocked, id=15376, stack(0x000000fea1000000,0x000000fea1100000)]
  0x00000233f6fd7b70 JavaThread "ClassGraph-worker-3" daemon [_thread_blocked, id=7588, stack(0x000000fea1100000,0x000000fea1200000)]
  0x00000233f850e010 JavaThread "Simple-Language-Server main thread" daemon [_thread_blocked, id=19740, stack(0x000000fea1200000,0x000000fea1300000)]
  0x00000233f850ee80 JavaThread "pool-5-thread-1" [_thread_blocked, id=20772, stack(0x000000fea1300000,0x000000fea1400000)]
  0x00000233f850db40 JavaThread "parallel-1" daemon [_thread_blocked, id=21332, stack(0x000000fea1400000,0x000000fea1500000)]
  0x00000233f850e4e0 JavaThread "Reconciler-1" daemon [_thread_blocked, id=20536, stack(0x000000fea1500000,0x000000fea1600000)]
  0x00000233f850d670 JavaThread "parallel-2" daemon [_thread_blocked, id=12520, stack(0x000000fea1600000,0x000000fea1700000)]

Other Threads:
=>0x00000233f5c5efd0 VMThread "VM Thread" [stack: 0x000000fe9fd00000,0x000000fe9fe00000] [id=7044]
  0x00000233f6987300 WatcherThread [stack: 0x000000fea0700000,0x000000fea0800000] [id=21372]
  0x00000233ea20cb50 GCTaskThread "GC Thread#0" [stack: 0x000000fe9f800000,0x000000fe9f900000] [id=19536]
  0x00000233f6ac9160 GCTaskThread "GC Thread#1" [stack: 0x000000fea0a00000,0x000000fea0b00000] [id=2944]
  0x00000233ea2156e0 ConcurrentGCThread "G1 Main Marker" [stack: 0x000000fe9f900000,0x000000fe9fa00000] [id=16440]
  0x00000233ea217100 ConcurrentGCThread "G1 Conc#0" [stack: 0x000000fe9fa00000,0x000000fe9fb00000] [id=7568]
  0x00000233ea249a10 ConcurrentGCThread "G1 Refine#0" [stack: 0x000000fe9fb00000,0x000000fe9fc00000] [id=1016]
  0x00000233ea24a430 ConcurrentGCThread "G1 Service" [stack: 0x000000fe9fc00000,0x000000fe9fd00000] [id=1680]

Threads with active compile tasks:

VM state: at safepoint (normal execution)

VM Mutex/Monitor currently owned by a thread:  ([mutex/lock_event])
[0x00000233ea006c20] Threads_lock - owner thread: 0x00000233f5c5efd0
[0x00000233ea1d3370] Heap_lock - owner thread: 0x00000233f6fbf0a0

Heap address: 0x00000000c9e00000, size: 866 MB, Compressed Oops mode: 32-bit

CDS archive(s) not mapped
Compressed class space mapped at: 0x0000000100000000-0x0000000140000000, reserved size: 1073741824
Narrow klass base: 0x0000000000000000, Narrow klass shift: 3, Narrow klass range: 0x140000000

GC Precious Log:
 CPUs: 2 total, 2 available
 Memory: 3463M
 Large Page Support: Disabled
 NUMA Support: Disabled
 Compressed Oops: Enabled (32-bit)
 Heap Region Size: 1M
 Heap Min Capacity: 8M
 Heap Initial Capacity: 56M
 Heap Max Capacity: 866M
 Pre-touch: Disabled
 Parallel Workers: 2
 Concurrent Workers: 1
 Concurrent Refinement Workers: 2
 Periodic GC: Disabled

Heap:
 garbage-first heap   total 78848K, used 52519K [0x00000000c9e00000, 0x0000000100000000)
  region size 1024K, 1 young (1024K), 1 survivors (1024K)
 Metaspace       used 34831K, committed 35136K, reserved 1081344K
  class space    used 4530K, committed 4672K, reserved 1048576K

Heap Regions: E=young(eden), S=young(survivor), O=old, HS=humongous(starts), HC=humongous(continues), CS=collection set, F=free, OA=open archive, CA=closed archive, TAMS=top-at-mark-start (previous, next)
|   0|0x00000000c9e00000, 0x00000000c9f00000, 0x00000000c9f00000|100%| O|  |TAMS 0x00000000c9f00000, 0x00000000c9e00000| Untracked 
|   1|0x00000000c9f00000, 0x00000000ca000000, 0x00000000ca000000|100%| O|  |TAMS 0x00000000ca000000, 0x00000000c9f00000| Untracked 
|   2|0x00000000ca000000, 0x00000000ca100000, 0x00000000ca100000|100%| O|  |TAMS 0x00000000ca100000, 0x00000000ca000000| Untracked 
|   3|0x00000000ca100000, 0x00000000ca200000, 0x00000000ca200000|100%| O|  |TAMS 0x00000000ca200000, 0x00000000ca100000| Untracked 
|   4|0x00000000ca200000, 0x00000000ca300000, 0x00000000ca300000|100%| O|  |TAMS 0x00000000ca300000, 0x00000000ca200000| Untracked 
|   5|0x00000000ca300000, 0x00000000ca400000, 0x00000000ca400000|100%| O|  |TAMS 0x00000000ca400000, 0x00000000ca300000| Untracked 
|   6|0x00000000ca400000, 0x00000000ca500000, 0x00000000ca500000|100%| O|  |TAMS 0x00000000ca500000, 0x00000000ca400000| Untracked 
|   7|0x00000000ca500000, 0x00000000ca600000, 0x00000000ca600000|100%| O|  |TAMS 0x00000000ca600000, 0x00000000ca500000| Untracked 
|   8|0x00000000ca600000, 0x00000000ca700000, 0x00000000ca700000|100%| O|  |TAMS 0x00000000ca700000, 0x00000000ca600000| Untracked 
|   9|0x00000000ca700000, 0x00000000ca800000, 0x00000000ca800000|100%| O|  |TAMS 0x00000000ca800000, 0x00000000ca700000| Untracked 
|  10|0x00000000ca800000, 0x00000000ca900000, 0x00000000ca900000|100%| O|  |TAMS 0x00000000ca800000, 0x00000000ca800000| Untracked 
|  11|0x00000000ca900000, 0x00000000caa00000, 0x00000000caa00000|100%| O|  |TAMS 0x00000000caa00000, 0x00000000ca900000| Untracked 
|  12|0x00000000caa00000, 0x00000000cab00000, 0x00000000cab00000|100%| O|  |TAMS 0x00000000cab00000, 0x00000000caa00000| Untracked 
|  13|0x00000000cab00000, 0x00000000cac00000, 0x00000000cac00000|100%| O|  |TAMS 0x00000000cac00000, 0x00000000cab00000| Untracked 
|  14|0x00000000cac00000, 0x00000000cad00000, 0x00000000cad00000|100%| O|  |TAMS 0x00000000cad00000, 0x00000000cac00000| Untracked 
|  15|0x00000000cad00000, 0x00000000cae00000, 0x00000000cae00000|100%| O|  |TAMS 0x00000000cae00000, 0x00000000cad00000| Untracked 
|  16|0x00000000cae00000, 0x00000000caf00000, 0x00000000caf00000|100%| O|  |TAMS 0x00000000caf00000, 0x00000000cae00000| Untracked 
|  17|0x00000000caf00000, 0x00000000cb000000, 0x00000000cb000000|100%| O|  |TAMS 0x00000000cb000000, 0x00000000caf00000| Untracked 
|  18|0x00000000cb000000, 0x00000000cb100000, 0x00000000cb100000|100%| O|  |TAMS 0x00000000cb100000, 0x00000000cb000000| Untracked 
|  19|0x00000000cb100000, 0x00000000cb200000, 0x00000000cb200000|100%| O|  |TAMS 0x00000000cb200000, 0x00000000cb100000| Untracked 
|  20|0x00000000cb200000, 0x00000000cb300000, 0x00000000cb300000|100%| O|  |TAMS 0x00000000cb300000, 0x00000000cb200000| Untracked 
|  21|0x00000000cb300000, 0x00000000cb400000, 0x00000000cb400000|100%| O|  |TAMS 0x00000000cb400000, 0x00000000cb300000| Untracked 
|  22|0x00000000cb400000, 0x00000000cb500000, 0x00000000cb500000|100%| O|  |TAMS 0x00000000cb500000, 0x00000000cb400000| Untracked 
|  23|0x00000000cb500000, 0x00000000cb600000, 0x00000000cb600000|100%| O|  |TAMS 0x00000000cb600000, 0x00000000cb500000| Untracked 
|  24|0x00000000cb600000, 0x00000000cb700000, 0x00000000cb700000|100%| O|  |TAMS 0x00000000cb700000, 0x00000000cb600000| Untracked 
|  25|0x00000000cb700000, 0x00000000cb800000, 0x00000000cb800000|100%| O|  |TAMS 0x00000000cb800000, 0x00000000cb700000| Untracked 
|  26|0x00000000cb800000, 0x00000000cb900000, 0x00000000cb900000|100%| O|  |TAMS 0x00000000cb900000, 0x00000000cb800000| Untracked 
|  27|0x00000000cb900000, 0x00000000cba00000, 0x00000000cba00000|100%| O|  |TAMS 0x00000000cba00000, 0x00000000cb900000| Untracked 
|  28|0x00000000cba00000, 0x00000000cbb00000, 0x00000000cbb00000|100%| O|  |TAMS 0x00000000cbb00000, 0x00000000cba00000| Untracked 
|  29|0x00000000cbb00000, 0x00000000cbc00000, 0x00000000cbc00000|100%| O|  |TAMS 0x00000000cbc00000, 0x00000000cbb00000| Untracked 
|  30|0x00000000cbc00000, 0x00000000cbd00000, 0x00000000cbd00000|100%| O|  |TAMS 0x00000000cbd00000, 0x00000000cbc00000| Untracked 
|  31|0x00000000cbd00000, 0x00000000cbe00000, 0x00000000cbe00000|100%| O|  |TAMS 0x00000000cbe00000, 0x00000000cbd00000| Untracked 
|  32|0x00000000cbe00000, 0x00000000cbf00000, 0x00000000cbf00000|100%| O|  |TAMS 0x00000000cbf00000, 0x00000000cbe00000| Untracked 
|  33|0x00000000cbf00000, 0x00000000cc000000, 0x00000000cc000000|100%| O|  |TAMS 0x00000000cc000000, 0x00000000cbf00000| Untracked 
|  34|0x00000000cc000000, 0x00000000cc000000, 0x00000000cc100000|  0%| F|  |TAMS 0x00000000cc000000, 0x00000000cc000000| Untracked 
|  35|0x00000000cc100000, 0x00000000cc200000, 0x00000000cc200000|100%| O|  |TAMS 0x00000000cc200000, 0x00000000cc100000| Untracked 
|  36|0x00000000cc200000, 0x00000000cc300000, 0x00000000cc300000|100%| O|  |TAMS 0x00000000cc300000, 0x00000000cc200000| Untracked 
|  37|0x00000000cc300000, 0x00000000cc400000, 0x00000000cc400000|100%| O|  |TAMS 0x00000000cc400000, 0x00000000cc300000| Untracked 
|  38|0x00000000cc400000, 0x00000000cc500000, 0x00000000cc500000|100%| O|  |TAMS 0x00000000cc500000, 0x00000000cc400000| Untracked 
|  39|0x00000000cc500000, 0x00000000cc600000, 0x00000000cc600000|100%| O|  |TAMS 0x00000000cc5d3c00, 0x00000000cc500000| Untracked 
|  40|0x00000000cc600000, 0x00000000cc700000, 0x00000000cc700000|100%| O|  |TAMS 0x00000000cc600000, 0x00000000cc600000| Untracked 
|  41|0x00000000cc700000, 0x00000000cc800000, 0x00000000cc800000|100%| O|  |TAMS 0x00000000cc700000, 0x00000000cc700000| Untracked 
|  42|0x00000000cc800000, 0x00000000cc900000, 0x00000000cc900000|100%|HS|  |TAMS 0x00000000cc800000, 0x00000000cc800000| Complete 
|  43|0x00000000cc900000, 0x00000000cca00000, 0x00000000cca00000|100%| O|  |TAMS 0x00000000cc900000, 0x00000000cc900000| Untracked 
|  44|0x00000000cca00000, 0x00000000ccb00000, 0x00000000ccb00000|100%| O|  |TAMS 0x00000000cca00000, 0x00000000cca00000| Untracked 
|  45|0x00000000ccb00000, 0x00000000ccc00000, 0x00000000ccc00000|100%| O|  |TAMS 0x00000000ccb00000, 0x00000000ccb00000| Untracked 
|  46|0x00000000ccc00000, 0x00000000ccd00000, 0x00000000ccd00000|100%| O|  |TAMS 0x00000000ccc00000, 0x00000000ccc00000| Untracked 
|  47|0x00000000ccd00000, 0x00000000cce00000, 0x00000000cce00000|100%| O|  |TAMS 0x00000000ccd00000, 0x00000000ccd00000| Untracked 
|  48|0x00000000cce00000, 0x00000000ccf00000, 0x00000000ccf00000|100%| O|  |TAMS 0x00000000cce00000, 0x00000000cce00000| Untracked 
|  49|0x00000000ccf00000, 0x00000000cd000000, 0x00000000cd000000|100%| O|  |TAMS 0x00000000ccf00000, 0x00000000ccf00000| Untracked 
|  50|0x00000000cd000000, 0x00000000cd100000, 0x00000000cd100000|100%| O|  |TAMS 0x00000000cd000000, 0x00000000cd000000| Untracked 
|  51|0x00000000cd100000, 0x00000000cd173e00, 0x00000000cd200000| 45%| O|  |TAMS 0x00000000cd100000, 0x00000000cd100000| Untracked 
|  52|0x00000000cd200000, 0x00000000cd200000, 0x00000000cd300000|  0%| F|  |TAMS 0x00000000cd200000, 0x00000000cd200000| Untracked 
|  53|0x00000000cd300000, 0x00000000cd300000, 0x00000000cd400000|  0%| F|  |TAMS 0x00000000cd300000, 0x00000000cd300000| Untracked 
|  54|0x00000000cd400000, 0x00000000cd400000, 0x00000000cd500000|  0%| F|  |TAMS 0x00000000cd400000, 0x00000000cd400000| Untracked 
|  55|0x00000000cd500000, 0x00000000cd500000, 0x00000000cd600000|  0%| F|  |TAMS 0x00000000cd500000, 0x00000000cd500000| Untracked 
|  56|0x00000000cd600000, 0x00000000cd600000, 0x00000000cd700000|  0%| F|  |TAMS 0x00000000cd600000, 0x00000000cd600000| Untracked 
|  57|0x00000000cd700000, 0x00000000cd700000, 0x00000000cd800000|  0%| F|  |TAMS 0x00000000cd700000, 0x00000000cd700000| Untracked 
|  58|0x00000000cd800000, 0x00000000cd800000, 0x00000000cd900000|  0%| F|  |TAMS 0x00000000cd800000, 0x00000000cd800000| Untracked 
|  59|0x00000000cd900000, 0x00000000cd900000, 0x00000000cda00000|  0%| F|  |TAMS 0x00000000cd900000, 0x00000000cd900000| Untracked 
|  60|0x00000000cda00000, 0x00000000cda00000, 0x00000000cdb00000|  0%| F|  |TAMS 0x00000000cda00000, 0x00000000cda00000| Untracked 
|  61|0x00000000cdb00000, 0x00000000cdb00000, 0x00000000cdc00000|  0%| F|  |TAMS 0x00000000cdb00000, 0x00000000cdb00000| Untracked 
|  62|0x00000000cdc00000, 0x00000000cdc00000, 0x00000000cdd00000|  0%| F|  |TAMS 0x00000000cdc00000, 0x00000000cdc00000| Untracked 
|  63|0x00000000cdd00000, 0x00000000cdd00000, 0x00000000cde00000|  0%| F|  |TAMS 0x00000000cdd00000, 0x00000000cdd00000| Untracked 
|  64|0x00000000cde00000, 0x00000000cde00000, 0x00000000cdf00000|  0%| F|  |TAMS 0x00000000cde00000, 0x00000000cde00000| Untracked 
|  65|0x00000000cdf00000, 0x00000000cdf00000, 0x00000000ce000000|  0%| F|  |TAMS 0x00000000cdf00000, 0x00000000cdf00000| Untracked 
|  66|0x00000000ce000000, 0x00000000ce000000, 0x00000000ce100000|  0%| F|  |TAMS 0x00000000ce000000, 0x00000000ce000000| Untracked 
|  67|0x00000000ce100000, 0x00000000ce100000, 0x00000000ce200000|  0%| F|  |TAMS 0x00000000ce100000, 0x00000000ce100000| Untracked 
|  68|0x00000000ce200000, 0x00000000ce200000, 0x00000000ce300000|  0%| F|  |TAMS 0x00000000ce200000, 0x00000000ce200000| Untracked 
|  69|0x00000000ce300000, 0x00000000ce300000, 0x00000000ce400000|  0%| F|  |TAMS 0x00000000ce300000, 0x00000000ce300000| Untracked 
|  70|0x00000000ce400000, 0x00000000ce400000, 0x00000000ce500000|  0%| F|  |TAMS 0x00000000ce400000, 0x00000000ce400000| Untracked 
|  71|0x00000000ce500000, 0x00000000ce500000, 0x00000000ce600000|  0%| F|  |TAMS 0x00000000ce500000, 0x00000000ce500000| Untracked 
|  72|0x00000000ce600000, 0x00000000ce600000, 0x00000000ce700000|  0%| F|  |TAMS 0x00000000ce600000, 0x00000000ce600000| Untracked 
|  73|0x00000000ce700000, 0x00000000ce700000, 0x00000000ce800000|  0%| F|  |TAMS 0x00000000ce700000, 0x00000000ce700000| Untracked 
|  74|0x00000000ce800000, 0x00000000ce800000, 0x00000000ce900000|  0%| F|  |TAMS 0x00000000ce800000, 0x00000000ce800000| Untracked 
|  75|0x00000000ce900000, 0x00000000ce9d5ec0, 0x00000000cea00000| 83%| S|CS|TAMS 0x00000000ce900000, 0x00000000ce900000| Complete 
|  76|0x00000000cea00000, 0x00000000cea00000, 0x00000000ceb00000|  0%| F|  |TAMS 0x00000000cea00000, 0x00000000cea00000| Untracked 

Card table byte_map: [0x00000233f1a80000,0x00000233f1c40000] _byte_map_base: 0x00000233f1431000

Marking Bits (Prev, Next): (CMBitMap*) 0x00000233ea20e170, (CMBitMap*) 0x00000233ea20e1b0
 Prev Bits: [0x00000233f1e00000, 0x00000233f2b88000)
 Next Bits: [0x00000233f2b90000, 0x00000233f3918000)

Polling page: 0x00000233e9fd0000

Metaspace:

Usage:
  Non-class:     29.59 MB used.
      Class:      4.42 MB used.
       Both:     34.01 MB used.

Virtual space:
  Non-class space:       32.00 MB reserved,      29.75 MB ( 93%) committed,  4 nodes.
      Class space:        1.00 GB reserved,       4.56 MB ( <1%) committed,  1 nodes.
             Both:        1.03 GB reserved,      34.31 MB (  3%) committed. 

Chunk freelists:
   Non-Class:  2.07 MB
       Class:  3.45 MB
        Both:  5.52 MB

MaxMetaspaceSize: unlimited
CompressedClassSpaceSize: 1.00 GB
Initial GC threshold: 21.00 MB
Current GC threshold: 57.19 MB
CDS: off
MetaspaceReclaimPolicy: balanced
 - commit_granule_bytes: 65536.
 - commit_granule_words: 8192.
 - virtual_space_node_default_size: 1048576.
 - enlarge_chunks_in_place: 1.
 - new_chunks_are_fully_committed: 0.
 - uncommit_free_chunks: 1.
 - use_allocation_guard: 0.
 - handle_deallocations: 1.


Internal statistics:

num_allocs_failed_limit: 5.
num_arena_births: 298.
num_arena_deaths: 0.
num_vsnodes_births: 5.
num_vsnodes_deaths: 0.
num_space_committed: 549.
num_space_uncommitted: 0.
num_chunks_returned_to_freelist: 5.
num_chunks_taken_from_freelist: 1271.
num_chunk_merges: 5.
num_chunk_splits: 880.
num_chunks_enlarged: 693.
num_purges: 0.
num_inconsistent_stats: 0.

CodeCache: size=49152Kb used=6935Kb max_used=6935Kb free=42216Kb
 bounds [0x00000233ee640000, 0x00000233eed10000, 0x00000233f1640000]
 total_blobs=4057 nmethods=3536 adapters=447
 compilation: enabled
              stopped_count=0, restarted_count=0
 full_count=0

Compilation events (20 events):
Event: 19.084 Thread 0x00000233f5cc5a40 3529       1       java.nio.file.Files::size (17 bytes)
Event: 19.084 Thread 0x00000233f5cc5a40 nmethod 3529 0x00000233eed01590 code [0x00000233eed01740, 0x00000233eed01938]
Event: 19.084 Thread 0x00000233f5cc5a40 3530       1       io.github.classgraph.ClasspathElementDir$1::<init> (35 bytes)
Event: 19.084 Thread 0x00000233f5cc5a40 nmethod 3530 0x00000233eed01b10 code [0x00000233eed01cc0, 0x00000233eed01fb8]
Event: 19.084 Thread 0x00000233f5cc5a40 3531       1       io.github.classgraph.ClasspathElementDir$1::getPath (45 bytes)
Event: 19.084 Thread 0x00000233f5cc5a40 nmethod 3531 0x00000233eed02090 code [0x00000233eed02260, 0x00000233eed02458]
Event: 19.782 Thread 0x00000233f5cc5a40 3532       1       io.github.classgraph.ClasspathElement::maskClassfiles (191 bytes)
Event: 19.785 Thread 0x00000233f5cc5a40 nmethod 3532 0x00000233eed02690 code [0x00000233eed029e0, 0x00000233eed03828]
Event: 19.853 Thread 0x00000233f5cc5a40 3533       1       java.util.HashMap::putAll (7 bytes)
Event: 19.853 Thread 0x00000233f5cc5a40 nmethod 3533 0x00000233eed04190 code [0x00000233eed04320, 0x00000233eed04408]
Event: 19.857 Thread 0x00000233f5cc5a40 3534       1       java.util.concurrent.ConcurrentHashMap::entrySet (25 bytes)
Event: 19.858 Thread 0x00000233f5cc5a40 nmethod 3534 0x00000233eed04490 code [0x00000233eed04620, 0x00000233eed04818]
Event: 19.858 Thread 0x00000233f5cc5a40 3535       1       java.util.concurrent.ConcurrentHashMap$EntrySetView::iterator (34 bytes)
Event: 19.858 Thread 0x00000233f5cc5a40 nmethod 3535 0x00000233eed04890 code [0x00000233eed04a40, 0x00000233eed04c58]
Event: 19.858 Thread 0x00000233f5cc5a40 3536       1       java.util.concurrent.ConcurrentHashMap$EntryIterator::<init> (12 bytes)
Event: 19.858 Thread 0x00000233f5cc5a40 nmethod 3536 0x00000233eed04d90 code [0x00000233eed04f40, 0x00000233eed05098]
Event: 19.863 Thread 0x00000233f5cc5a40 3537       1       nonapi.io.github.classgraph.utils.JarUtils::classfilePathToClassName (56 bytes)
Event: 19.863 Thread 0x00000233f5cc5a40 nmethod 3537 0x00000233eed05190 code [0x00000233eed053a0, 0x00000233eed057e8]
Event: 19.863 Thread 0x00000233f5cc5a40 3538       1       io.github.classgraph.Scanner$ClassfileScanWorkUnit::<init> (20 bytes)
Event: 19.864 Thread 0x00000233f5cc5a40 nmethod 3538 0x00000233eed05a90 code [0x00000233eed05c20, 0x00000233eed05d98]

GC Heap History (20 events):
Event: 14.900 GC heap after
{Heap after GC invocations=16 (full 0):
 garbage-first heap   total 45056K, used 26726K [0x00000000c9e00000, 0x0000000100000000)
  region size 1024K, 2 young (2048K), 2 survivors (2048K)
 Metaspace       used 34820K, committed 35136K, reserved 1081344K
  class space    used 4528K, committed 4672K, reserved 1048576K
}
Event: 15.022 GC heap before
{Heap before GC invocations=16 (full 0):
 garbage-first heap   total 45056K, used 33894K [0x00000000c9e00000, 0x0000000100000000)
  region size 1024K, 9 young (9216K), 2 survivors (2048K)
 Metaspace       used 34820K, committed 35136K, reserved 1081344K
  class space    used 4528K, committed 4672K, reserved 1048576K
}
Event: 15.033 GC heap after
{Heap after GC invocations=17 (full 0):
 garbage-first heap   total 45056K, used 28188K [0x00000000c9e00000, 0x0000000100000000)
  region size 1024K, 2 young (2048K), 2 survivors (2048K)
 Metaspace       used 34820K, committed 35136K, reserved 1081344K
  class space    used 4528K, committed 4672K, reserved 1048576K
}
Event: 15.243 GC heap before
{Heap before GC invocations=18 (full 0):
 garbage-first heap   total 51200K, used 34332K [0x00000000c9e00000, 0x0000000100000000)
  region size 1024K, 8 young (8192K), 2 survivors (2048K)
 Metaspace       used 34820K, committed 35136K, reserved 1081344K
  class space    used 4528K, committed 4672K, reserved 1048576K
}
Event: 15.248 GC heap after
{Heap after GC invocations=19 (full 0):
 garbage-first heap   total 51200K, used 29065K [0x00000000c9e00000, 0x0000000100000000)
  region size 1024K, 1 young (1024K), 1 survivors (1024K)
 Metaspace       used 34820K, committed 35136K, reserved 1081344K
  class space    used 4528K, committed 4672K, reserved 1048576K
}
Event: 15.481 GC heap before
{Heap before GC invocations=19 (full 0):
 garbage-first heap   total 51200K, used 40329K [0x00000000c9e00000, 0x0000000100000000)
  region size 1024K, 12 young (12288K), 1 survivors (1024K)
 Metaspace       used 34820K, committed 35136K, reserved 1081344K
  class space    used 4528K, committed 4672K, reserved 1048576K
}
Event: 15.488 GC heap after
{Heap after GC invocations=20 (full 0):
 garbage-first heap   total 61440K, used 30960K [0x00000000c9e00000, 0x0000000100000000)
  region size 1024K, 2 young (2048K), 2 survivors (2048K)
 Metaspace       used 34820K, committed 35136K, reserved 1081344K
  class space    used 4528K, committed 4672K, reserved 1048576K
}
Event: 15.665 GC heap before
{Heap before GC invocations=21 (full 0):
 garbage-first heap   total 61440K, used 47344K [0x00000000c9e00000, 0x0000000100000000)
  region size 1024K, 18 young (18432K), 2 survivors (2048K)
 Metaspace       used 34825K, committed 35136K, reserved 1081344K
  class space    used 4530K, committed 4672K, reserved 1048576K
}
Event: 15.677 GC heap after
{Heap after GC invocations=22 (full 0):
 garbage-first heap   total 61440K, used 34790K [0x00000000c9e00000, 0x0000000100000000)
  region size 1024K, 3 young (3072K), 3 survivors (3072K)
 Metaspace       used 34825K, committed 35136K, reserved 1081344K
  class space    used 4530K, committed 4672K, reserved 1048576K
}
Event: 15.723 GC heap before
{Heap before GC invocations=22 (full 0):
 garbage-first heap   total 61440K, used 47078K [0x00000000c9e00000, 0x0000000100000000)
  region size 1024K, 15 young (15360K), 3 survivors (3072K)
 Metaspace       used 34825K, committed 35136K, reserved 1081344K
  class space    used 4530K, committed 4672K, reserved 1048576K
}
Event: 15.734 GC heap after
{Heap after GC invocations=23 (full 0):
 garbage-first heap   total 61440K, used 37426K [0x00000000c9e00000, 0x0000000100000000)
  region size 1024K, 2 young (2048K), 2 survivors (2048K)
 Metaspace       used 34825K, committed 35136K, reserved 1081344K
  class space    used 4530K, committed 4672K, reserved 1048576K
}
Event: 15.856 GC heap before
{Heap before GC invocations=24 (full 0):
 garbage-first heap   total 73728K, used 48690K [0x00000000c9e00000, 0x0000000100000000)
  region size 1024K, 13 young (13312K), 2 survivors (2048K)
 Metaspace       used 34825K, committed 35136K, reserved 1081344K
  class space    used 4530K, committed 4672K, reserved 1048576K
}
Event: 15.864 GC heap after
{Heap after GC invocations=25 (full 0):
 garbage-first heap   total 73728K, used 39873K [0x00000000c9e00000, 0x0000000100000000)
  region size 1024K, 2 young (2048K), 2 survivors (2048K)
 Metaspace       used 34825K, committed 35136K, reserved 1081344K
  class space    used 4530K, committed 4672K, reserved 1048576K
}
Event: 15.868 GC heap before
{Heap before GC invocations=25 (full 0):
 garbage-first heap   total 73728K, used 40897K [0x00000000c9e00000, 0x0000000100000000)
  region size 1024K, 3 young (3072K), 2 survivors (2048K)
 Metaspace       used 34825K, committed 35136K, reserved 1081344K
  class space    used 4530K, committed 4672K, reserved 1048576K
}
Event: 15.873 GC heap after
{Heap after GC invocations=26 (full 0):
 garbage-first heap   total 73728K, used 40107K [0x00000000c9e00000, 0x0000000100000000)
  region size 1024K, 1 young (1024K), 1 survivors (1024K)
 Metaspace       used 34825K, committed 35136K, reserved 1081344K
  class space    used 4530K, committed 4672K, reserved 1048576K
}
Event: 19.107 GC heap before
{Heap before GC invocations=26 (full 0):
 garbage-first heap   total 73728K, used 56491K [0x00000000c9e00000, 0x0000000100000000)
  region size 1024K, 17 young (17408K), 1 survivors (1024K)
 Metaspace       used 34829K, committed 35136K, reserved 1081344K
  class space    used 4530K, committed 4672K, reserved 1048576K
}
Event: 19.121 GC heap after
{Heap after GC invocations=27 (full 0):
 garbage-first heap   total 73728K, used 45774K [0x00000000c9e00000, 0x0000000100000000)
  region size 1024K, 3 young (3072K), 3 survivors (3072K)
 Metaspace       used 34829K, committed 35136K, reserved 1081344K
  class space    used 4530K, committed 4672K, reserved 1048576K
}
Event: 19.982 GC heap before
{Heap before GC invocations=28 (full 0):
 garbage-first heap   total 78848K, used 57038K [0x00000000c9e00000, 0x0000000100000000)
  region size 1024K, 14 young (14336K), 3 survivors (3072K)
 Metaspace       used 34831K, committed 35136K, reserved 1081344K
  class space    used 4530K, committed 4672K, reserved 1048576K
}
Event: 19.997 GC heap after
{Heap after GC invocations=29 (full 0):
 garbage-first heap   total 78848K, used 51466K [0x00000000c9e00000, 0x0000000100000000)
  region size 1024K, 2 young (2048K), 2 survivors (2048K)
 Metaspace       used 34831K, committed 35136K, reserved 1081344K
  class space    used 4530K, committed 4672K, reserved 1048576K
}
Event: 20.008 GC heap before
{Heap before GC invocations=29 (full 0):
 garbage-first heap   total 78848K, used 52490K [0x00000000c9e00000, 0x0000000100000000)
  region size 1024K, 3 young (3072K), 2 survivors (2048K)
 Metaspace       used 34831K, committed 35136K, reserved 1081344K
  class space    used 4530K, committed 4672K, reserved 1048576K
}

Deoptimization events (18 events):
Event: 1.789 Thread 0x00000233ea1d4b80 DEOPT PACKING pc=0x00000233ee940bf5 sp=0x000000fe9f7fd670
Event: 1.789 Thread 0x00000233ea1d4b80 DEOPT UNPACKING pc=0x00000233ee692b43 sp=0x000000fe9f7fcae0 mode 3
Event: 3.543 Thread 0x00000233ea1d4b80 DEOPT PACKING pc=0x00000233eea58499 sp=0x000000fe9f7fd190
Event: 3.543 Thread 0x00000233ea1d4b80 DEOPT UNPACKING pc=0x00000233ee692b43 sp=0x000000fe9f7fc670 mode 3
Event: 5.321 Thread 0x00000233ea1d4b80 DEOPT PACKING pc=0x00000233eeb342f5 sp=0x000000fe9f7fca50
Event: 5.321 Thread 0x00000233ea1d4b80 DEOPT UNPACKING pc=0x00000233ee692b43 sp=0x000000fe9f7fbec0 mode 3
Event: 6.108 Thread 0x00000233ea1d4b80 DEOPT PACKING pc=0x00000233eeb9c6b4 sp=0x000000fe9f7f7420
Event: 6.108 Thread 0x00000233ea1d4b80 DEOPT UNPACKING pc=0x00000233ee692b43 sp=0x000000fe9f7f68a0 mode 3
Event: 9.973 Thread 0x00000233ea1d4b80 DEOPT PACKING pc=0x00000233eebda199 sp=0x000000fe9f7fc450
Event: 9.973 Thread 0x00000233ea1d4b80 DEOPT UNPACKING pc=0x00000233ee692b43 sp=0x000000fe9f7fb930 mode 3
Event: 10.744 Thread 0x00000233f68559f0 DEOPT PACKING pc=0x00000233ee7b422b sp=0x000000fea09fec00
Event: 10.744 Thread 0x00000233f68559f0 DEOPT UNPACKING pc=0x00000233ee692b43 sp=0x000000fea09fe148 mode 3
Event: 12.492 Thread 0x00000233f850e010 DEOPT PACKING pc=0x00000233eec6ff35 sp=0x000000fea12fda20
Event: 12.492 Thread 0x00000233f850e010 DEOPT UNPACKING pc=0x00000233ee692b43 sp=0x000000fea12fcf48 mode 3
Event: 14.756 Thread 0x00000233f6fd76a0 DEOPT PACKING pc=0x00000233eea5a901 sp=0x000000fea10febf0
Event: 14.756 Thread 0x00000233f6fd76a0 DEOPT UNPACKING pc=0x00000233ee692b43 sp=0x000000fea10fe080 mode 3
Event: 19.378 Thread 0x00000233f6fd71d0 DEOPT PACKING pc=0x00000233eea52f17 sp=0x000000fea0fff200
Event: 19.378 Thread 0x00000233f6fd71d0 DEOPT UNPACKING pc=0x00000233ee692b43 sp=0x000000fea0ffe658 mode 3

Classes unloaded (0 events):
No events

Classes redefined (0 events):
No events

Internal exceptions (20 events):
Event: 11.433 Thread 0x00000233f6fbf0a0 Exception <a 'sun/nio/fs/WindowsException'{0x00000000cc0a5390}> (0x00000000cc0a5390) 
thrown [e:\jenkins\tmp\workspace\build\src\src\hotspot\share\prims\jni.cpp, line 516]
Event: 11.433 Thread 0x00000233f6fbf0a0 Exception <a 'sun/nio/fs/WindowsException'{0x00000000cc0a5d80}> (0x00000000cc0a5d80) 
thrown [e:\jenkins\tmp\workspace\build\src\src\hotspot\share\prims\jni.cpp, line 516]
Event: 11.434 Thread 0x00000233f6fbf0a0 Exception <a 'sun/nio/fs/WindowsException'{0x00000000cc0a6128}> (0x00000000cc0a6128) 
thrown [e:\jenkins\tmp\workspace\build\src\src\hotspot\share\prims\jni.cpp, line 516]
Event: 11.434 Thread 0x00000233f6fbf0a0 Exception <a 'sun/nio/fs/WindowsException'{0x00000000cc0a6b28}> (0x00000000cc0a6b28) 
thrown [e:\jenkins\tmp\workspace\build\src\src\hotspot\share\prims\jni.cpp, line 516]
Event: 11.434 Thread 0x00000233f6fbf0a0 Exception <a 'sun/nio/fs/WindowsException'{0x00000000cc0a6ee8}> (0x00000000cc0a6ee8) 
thrown [e:\jenkins\tmp\workspace\build\src\src\hotspot\share\prims\jni.cpp, line 516]
Event: 11.434 Thread 0x00000233f6fbf0a0 Exception <a 'sun/nio/fs/WindowsException'{0x00000000cc0a78e8}> (0x00000000cc0a78e8) 
thrown [e:\jenkins\tmp\workspace\build\src\src\hotspot\share\prims\jni.cpp, line 516]
Event: 11.434 Thread 0x00000233f6fbf0a0 Exception <a 'sun/nio/fs/WindowsException'{0x00000000cc0a7c98}> (0x00000000cc0a7c98) 
thrown [e:\jenkins\tmp\workspace\build\src\src\hotspot\share\prims\jni.cpp, line 516]
Event: 11.434 Thread 0x00000233f6fbf0a0 Exception <a 'sun/nio/fs/WindowsException'{0x00000000cc0a8698}> (0x00000000cc0a8698) 
thrown [e:\jenkins\tmp\workspace\build\src\src\hotspot\share\prims\jni.cpp, line 516]
Event: 11.434 Thread 0x00000233f6fbf0a0 Exception <a 'sun/nio/fs/WindowsException'{0x00000000cc0a8a58}> (0x00000000cc0a8a58) 
thrown [e:\jenkins\tmp\workspace\build\src\src\hotspot\share\prims\jni.cpp, line 516]
Event: 11.434 Thread 0x00000233f6fbf0a0 Exception <a 'sun/nio/fs/WindowsException'{0x00000000cc0a9480}> (0x00000000cc0a9480) 
thrown [e:\jenkins\tmp\workspace\build\src\src\hotspot\share\prims\jni.cpp, line 516]
Event: 11.434 Thread 0x00000233f6fbf0a0 Exception <a 'sun/nio/fs/WindowsException'{0x00000000cc0a9860}> (0x00000000cc0a9860) 
thrown [e:\jenkins\tmp\workspace\build\src\src\hotspot\share\prims\jni.cpp, line 516]
Event: 11.434 Thread 0x00000233f6fbf0a0 Exception <a 'sun/nio/fs/WindowsException'{0x00000000cc0aa298}> (0x00000000cc0aa298) 
thrown [e:\jenkins\tmp\workspace\build\src\src\hotspot\share\prims\jni.cpp, line 516]
Event: 11.434 Thread 0x00000233f6fbf0a0 Exception <a 'sun/nio/fs/WindowsException'{0x00000000cc0aa688}> (0x00000000cc0aa688) 
thrown [e:\jenkins\tmp\workspace\build\src\src\hotspot\share\prims\jni.cpp, line 516]
Event: 11.434 Thread 0x00000233f6fbf0a0 Exception <a 'sun/nio/fs/WindowsException'{0x00000000cc0ab0b0}> (0x00000000cc0ab0b0) 
thrown [e:\jenkins\tmp\workspace\build\src\src\hotspot\share\prims\jni.cpp, line 516]
Event: 11.434 Thread 0x00000233f6fbf0a0 Exception <a 'sun/nio/fs/WindowsException'{0x00000000cc0ab4a0}> (0x00000000cc0ab4a0) 
thrown [e:\jenkins\tmp\workspace\build\src\src\hotspot\share\prims\jni.cpp, line 516]
Event: 12.086 Thread 0x00000233f7027a10 Exception <a 'java/lang/NoSuchMethodError'{0x00000000ccad8180}: 'java.lang.Object java.lang.invoke.DirectMethodHandle$Holder.invokeStatic(java.lang.Object, java.lang.Object, java.lang.Object, int, java.lang.Object, java.lang.Object)'> (0x00000000ccad8180) 
thrown [e:\jenkins\tmp\workspace\build\src\src\hotspot\share\interpreter\linkResolver.cpp, line 766]
Event: 12.486 Thread 0x00000233f850e010 Exception <a 'java/lang/NoSuchMethodError'{0x00000000cc69e4f8}: 'java.lang.Object java.lang.invoke.DirectMethodHandle$Holder.invokeStatic(java.lang.Object, int, java.lang.Object)'> (0x00000000cc69e4f8) 
thrown [e:\jenkins\tmp\workspace\build\src\src\hotspot\share\interpreter\linkResolver.cpp, line 766]
Event: 13.636 Thread 0x00000233f850e4e0 Exception <a 'java/lang/NoSuchMethodError'{0x00000000cc10de38}: 'int java.lang.invoke.DirectMethodHandle$Holder.invokeStatic(java.lang.Object)'> (0x00000000cc10de38) 
thrown [e:\jenkins\tmp\workspace\build\src\src\hotspot\share\interpreter\linkResolver.cpp, line 766]
Event: 13.636 Thread 0x00000233f850e4e0 Exception <a 'java/lang/NoSuchMethodError'{0x00000000cc1520d8}: 'int java.lang.invoke.DirectMethodHandle$Holder.invokeStaticInit(java.lang.Object)'> (0x00000000cc1520d8) 
thrown [e:\jenkins\tmp\workspace\build\src\src\hotspot\share\interpreter\linkResolver.cpp, line 766]
Event: 14.651 Thread 0x00000233f7027a10 Exception <a 'java/lang/NoSuchMethodError'{0x00000000cc408640}: 'int java.lang.invoke.DirectMethodHandle$Holder.invokeVirtual(java.lang.Object, java.lang.Object)'> (0x00000000cc408640) 
thrown [e:\jenkins\tmp\workspace\build\src\src\hotspot\share\interpreter\linkResolver.cpp, line 766]

VM Operations (20 events):
Event: 19.626 Executing VM operation: ICBufferFull done
Event: 19.627 Executing VM operation: ICBufferFull
Event: 19.627 Executing VM operation: ICBufferFull done
Event: 19.628 Executing VM operation: ICBufferFull
Event: 19.628 Executing VM operation: ICBufferFull done
Event: 19.629 Executing VM operation: ICBufferFull
Event: 19.629 Executing VM operation: ICBufferFull done
Event: 19.631 Executing VM operation: ICBufferFull
Event: 19.631 Executing VM operation: ICBufferFull done
Event: 19.632 Executing VM operation: ICBufferFull
Event: 19.632 Executing VM operation: ICBufferFull done
Event: 19.635 Executing VM operation: ICBufferFull
Event: 19.635 Executing VM operation: ICBufferFull done
Event: 19.636 Executing VM operation: ICBufferFull
Event: 19.636 Executing VM operation: ICBufferFull done
Event: 19.637 Executing VM operation: ICBufferFull
Event: 19.637 Executing VM operation: ICBufferFull done
Event: 19.982 Executing VM operation: G1CollectForAllocation
Event: 19.997 Executing VM operation: G1CollectForAllocation done
Event: 20.008 Executing VM operation: G1CollectForAllocation

Events (20 events):
Event: 14.800 loading class java/util/function/DoubleConsumer done
Event: 14.800 loading class java/util/DoubleSummaryStatistics done
Event: 14.801 loading class java/util/concurrent/locks/AbstractQueuedSynchronizer$SharedNode
Event: 14.801 loading class jdk/internal/module/SystemModuleFinders$ModuleContentSpliterator
Event: 14.801 loading class jdk/internal/module/SystemModuleFinders$ModuleContentSpliterator done
Event: 14.801 loading class java/util/concurrent/locks/AbstractQueuedSynchronizer$SharedNode done
Event: 14.827 loading class jdk/internal/jimage/ImageReader$Directory
Event: 14.828 loading class jdk/internal/jimage/ImageReader$Node
Event: 14.828 loading class jdk/internal/jimage/ImageReader$Node done
Event: 14.829 loading class jdk/internal/jimage/ImageReader$Directory done
Event: 14.839 loading class jdk/internal/jimage/ImageReader$SharedImageReader$LocationVisitor
Event: 14.839 loading class jdk/internal/jimage/ImageReader$SharedImageReader$LocationVisitor done
Event: 14.841 loading class java/nio/ByteBufferAsIntBufferL
Event: 14.842 loading class java/nio/ByteBufferAsIntBufferL done
Event: 14.844 loading class jdk/internal/jimage/ImageReader$Resource
Event: 14.844 loading class jdk/internal/jimage/ImageReader$Resource done
Event: 14.845 loading class java/util/stream/LongStream
Event: 14.845 loading class java/util/stream/LongStream done
Event: 14.845 loading class java/util/stream/DoubleStream
Event: 14.846 loading class java/util/stream/DoubleStream done


Dynamic libraries:
0x00007ff754990000 - 0x00007ff75499e000 	c:\Users\gilbe\.vscode\extensions\redhat.java-1.9.0-win32-x64\jre\17.0.3-win32-x86_64\bin\java.exe
0x00007ff8b7ed0000 - 0x00007ff8b80c8000 	C:\windows\SYSTEM32\ntdll.dll
0x00007ff8b7510000 - 0x00007ff8b75cd000 	C:\windows\System32\KERNEL32.DLL
0x00007ff8b5940000 - 0x00007ff8b5c0e000 	C:\windows\System32\KERNELBASE.dll
0x00007ff8b5de0000 - 0x00007ff8b5ee0000 	C:\windows\System32\ucrtbase.dll
0x00007ff8a76f0000 - 0x00007ff8a7708000 	c:\Users\gilbe\.vscode\extensions\redhat.java-1.9.0-win32-x64\jre\17.0.3-win32-x86_64\bin\jli.dll
0x00007ff8b5f40000 - 0x00007ff8b60e0000 	C:\windows\System32\USER32.dll
0x00007ff8b5910000 - 0x00007ff8b5932000 	C:\windows\System32\win32u.dll
0x00007ff8b7df0000 - 0x00007ff8b7e1a000 	C:\windows\System32\GDI32.dll
0x00007ff8a6a80000 - 0x00007ff8a6a99000 	c:\Users\gilbe\.vscode\extensions\redhat.java-1.9.0-win32-x64\jre\17.0.3-win32-x86_64\bin\VCRUNTIME140.dll
0x00007ff8b5cd0000 - 0x00007ff8b5ddb000 	C:\windows\System32\gdi32full.dll
0x00007ff8b57c0000 - 0x00007ff8b585d000 	C:\windows\System32\msvcp_win.dll
0x00007ff89edf0000 - 0x00007ff89f08a000 	C:\windows\WinSxS\amd64_microsoft.windows.common-controls_6595b64144ccf1df_6.0.19041.1110_none_60b5254171f9507e\COMCTL32.dll
0x00007ff8b7ab0000 - 0x00007ff8b7b4e000 	C:\windows\System32\msvcrt.dll
0x00007ff8b7720000 - 0x00007ff8b7750000 	C:\windows\System32\IMM32.DLL
0x00007ff8ad430000 - 0x00007ff8ad43c000 	c:\Users\gilbe\.vscode\extensions\redhat.java-1.9.0-win32-x64\jre\17.0.3-win32-x86_64\bin\vcruntime140_1.dll
0x00007ff880ca0000 - 0x00007ff880d31000 	c:\Users\gilbe\.vscode\extensions\redhat.java-1.9.0-win32-x64\jre\17.0.3-win32-x86_64\bin\msvcp140.dll
0x00007ff86fd90000 - 0x00007ff8709d8000 	c:\Users\gilbe\.vscode\extensions\redhat.java-1.9.0-win32-x64\jre\17.0.3-win32-x86_64\bin\server\jvm.dll
0x00007ff8b63f0000 - 0x00007ff8b649e000 	C:\windows\System32\ADVAPI32.dll
0x00007ff8b7470000 - 0x00007ff8b750c000 	C:\windows\System32\sechost.dll
0x00007ff8b7210000 - 0x00007ff8b7335000 	C:\windows\System32\RPCRT4.dll
0x00007ff8b5f30000 - 0x00007ff8b5f38000 	C:\windows\System32\PSAPI.DLL
0x00007ff8ae6a0000 - 0x00007ff8ae6a9000 	C:\windows\SYSTEM32\WSOCK32.dll
0x00007ff8b7140000 - 0x00007ff8b71ab000 	C:\windows\System32\WS2_32.dll
0x00007ff8ac360000 - 0x00007ff8ac387000 	C:\windows\SYSTEM32\WINMM.dll
0x00007ff8ac390000 - 0x00007ff8ac39a000 	C:\windows\SYSTEM32\VERSION.dll
0x00007ff8b34f0000 - 0x00007ff8b3502000 	C:\windows\SYSTEM32\kernel.appcore.dll
0x00007ff8a3eb0000 - 0x00007ff8a3eba000 	c:\Users\gilbe\.vscode\extensions\redhat.java-1.9.0-win32-x64\jre\17.0.3-win32-x86_64\bin\jimage.dll
0x00007ff89fd40000 - 0x00007ff89ff24000 	C:\windows\SYSTEM32\DBGHELP.DLL
0x00007ff89a020000 - 0x00007ff89a04c000 	C:\windows\SYSTEM32\dbgcore.DLL
0x00007ff8b5c10000 - 0x00007ff8b5c92000 	C:\windows\System32\bcryptPrimitives.dll
0x00007ff89bb80000 - 0x00007ff89bba5000 	c:\Users\gilbe\.vscode\extensions\redhat.java-1.9.0-win32-x64\jre\17.0.3-win32-x86_64\bin\java.dll
0x00007ff89d8f0000 - 0x00007ff89d908000 	c:\Users\gilbe\.vscode\extensions\redhat.java-1.9.0-win32-x64\jre\17.0.3-win32-x86_64\bin\zip.dll
0x00007ff8b6500000 - 0x00007ff8b6c44000 	C:\windows\System32\SHELL32.dll
0x00007ff8b36f0000 - 0x00007ff8b3e84000 	C:\windows\SYSTEM32\windows.storage.dll
0x00007ff8b7750000 - 0x00007ff8b7aa4000 	C:\windows\System32\combase.dll
0x00007ff8b4f80000 - 0x00007ff8b4fb0000 	C:\windows\SYSTEM32\Wldp.dll
0x00007ff8b6290000 - 0x00007ff8b633d000 	C:\windows\System32\SHCORE.dll
0x00007ff8b64a0000 - 0x00007ff8b64f5000 	C:\windows\System32\shlwapi.dll
0x00007ff8b5530000 - 0x00007ff8b554f000 	C:\windows\SYSTEM32\profapi.dll
0x00007ff89b230000 - 0x00007ff89b249000 	C:\Users\gilbe\.vscode\extensions\redhat.java-1.9.0-win32-x64\jre\17.0.3-win32-x86_64\bin\net.dll
0x00007ff8a6530000 - 0x00007ff8a663a000 	C:\windows\SYSTEM32\WINHTTP.dll
0x00007ff8b4ce0000 - 0x00007ff8b4d4a000 	C:\windows\system32\mswsock.dll
0x00007ff89ab20000 - 0x00007ff89ab35000 	C:\Users\gilbe\.vscode\extensions\redhat.java-1.9.0-win32-x64\jre\17.0.3-win32-x86_64\bin\nio.dll
0x00007ff8a1700000 - 0x00007ff8a1710000 	c:\Users\gilbe\.vscode\extensions\redhat.java-1.9.0-win32-x64\jre\17.0.3-win32-x86_64\bin\verify.dll
0x00007ff8aeb70000 - 0x00007ff8aeb79000 	C:\Users\gilbe\.vscode\extensions\redhat.java-1.9.0-win32-x64\jre\17.0.3-win32-x86_64\bin\management.dll
0x00007ff8aead0000 - 0x00007ff8aeadb000 	C:\Users\gilbe\.vscode\extensions\redhat.java-1.9.0-win32-x64\jre\17.0.3-win32-x86_64\bin\management_ext.dll
0x00007ff898790000 - 0x00007ff8987a7000 	C:\windows\system32\napinsp.dll
0x00007ff898770000 - 0x00007ff89878b000 	C:\windows\system32\pnrpnsp.dll
0x00007ff8b0200000 - 0x00007ff8b0215000 	C:\windows\system32\wshbth.dll
0x00007ff8b0fd0000 - 0x00007ff8b0fed000 	C:\windows\system32\NLAapi.dll
0x00007ff8b49d0000 - 0x00007ff8b4a0b000 	C:\windows\SYSTEM32\IPHLPAPI.DLL
0x00007ff8b4a10000 - 0x00007ff8b4adb000 	C:\windows\SYSTEM32\DNSAPI.dll
0x00007ff8b7e80000 - 0x00007ff8b7e88000 	C:\windows\System32\NSI.dll
0x00007ff898750000 - 0x00007ff898762000 	C:\windows\System32\winrnr.dll
0x00007ff8ad030000 - 0x00007ff8ad03a000 	C:\Windows\System32\rasadhlp.dll
0x00007ff89f230000 - 0x00007ff89f2b0000 	C:\windows\System32\fwpuclnt.dll
0x00007ff8b5ca0000 - 0x00007ff8b5cc7000 	C:\windows\System32\bcrypt.dll
0x00007ff8b4ed0000 - 0x00007ff8b4ee8000 	C:\windows\SYSTEM32\CRYPTSP.dll
0x00007ff8b4660000 - 0x00007ff8b4694000 	C:\windows\system32\rsaenh.dll
0x00007ff8b54b0000 - 0x00007ff8b54de000 	C:\windows\SYSTEM32\USERENV.dll
0x00007ff8b4ef0000 - 0x00007ff8b4efc000 	C:\windows\SYSTEM32\CRYPTBASE.dll
0x00007ff8a9a30000 - 0x00007ff8a9a47000 	C:\windows\SYSTEM32\dhcpcsvc6.DLL
0x00007ff8a9da0000 - 0x00007ff8a9dbd000 	C:\windows\SYSTEM32\dhcpcsvc.DLL

dbghelp: loaded successfully - version: 4.0.5 - missing functions: none
symbol engine: initialized successfully - sym options: 0x614 - pdb path: .;c:\Users\gilbe\.vscode\extensions\redhat.java-1.9.0-win32-x64\jre\17.0.3-win32-x86_64\bin;C:\windows\SYSTEM32;C:\windows\WinSxS\amd64_microsoft.windows.common-controls_6595b64144ccf1df_6.0.19041.1110_none_60b5254171f9507e;c:\Users\gilbe\.vscode\extensions\redhat.java-1.9.0-win32-x64\jre\17.0.3-win32-x86_64\bin\server

VM Arguments:
jvm_args: -Dsts.lsp.client=vscode -Dsts.log.file=/dev/null -XX:TieredStopAtLevel=1 -Dspring.config.location=file:c:\Users\gilbe\.vscode\extensions\pivotal.vscode-spring-boot-1.38.0\language-server\BOOT-INF\classes\application.properties 
java_command: org.springframework.ide.vscode.boot.app.BootLanguageServerBootApp
java_class_path (initial): c:\Users\gilbe\.vscode\extensions\pivotal.vscode-spring-boot-1.38.0\language-server\BOOT-INF\classes;c:\Users\gilbe\.vscode\extensions\pivotal.vscode-spring-boot-1.38.0\language-server\BOOT-INF\lib\annotations-23.0.0.jar;c:\Users\gilbe\.vscode\extensions\pivotal.vscode-spring-boot-1.38.0\language-server\BOOT-INF\lib\antlr-runtime-3.5.2.jar;c:\Users\gilbe\.vscode\extensions\pivotal.vscode-spring-boot-1.38.0\language-server\BOOT-INF\lib\antlr4-4.9.3.jar;c:\Users\gilbe\.vscode\extensions\pivotal.vscode-spring-boot-1.38.0\language-server\BOOT-INF\lib\antlr4-runtime-4.9.3.jar;c:\Users\gilbe\.vscode\extensions\pivotal.vscode-spring-boot-1.38.0\language-server\BOOT-INF\lib\asm-9.3.jar;c:\Users\gilbe\.vscode\extensions\pivotal.vscode-spring-boot-1.38.0\language-server\BOOT-INF\lib\asm-analysis-9.3.jar;c:\Users\gilbe\.vscode\extensions\pivotal.vscode-spring-boot-1.38.0\language-server\BOOT-INF\lib\asm-tree-9.3.jar;c:\Users\gilbe\.vscode\extensions\pivotal.vscode-spring-boot-1.38.0\language-server\BOOT-INF\lib\asm-util-9.3.jar;c:\Users\gilbe\.vscode\extensions\pivotal.vscode-spring-boot-1.38.0\language-server\BOOT-INF\lib\byte-buddy-1.10.18.jar;c:\Users\gilbe\.vscode\extensions\pivotal.vscode-spring-boot-1.38.0\language-server\BOOT-INF\lib\caffeine-2.8.6.jar;c:\Users\gilbe\.vscode\extensions\pivotal.vscode-spring-boot-1.38.0\language-server\BOOT-INF\lib\checker-qual-3.12.0.jar;c:\Users\gilbe\.vscode\extensions\pivotal.vscode-spring-boot-1.38.0\language-server\BOOT-INF\lib\classgraph-4.8.149.jar;c:\Users\gilbe\.vscode\extensions\pivotal.vscode-spring-boot-1.38.0\language-server\BOOT-INF\lib\commons-codec-1.14.jar;c:\Users\gilbe\.vscode\extensions\pivotal.vscode-spring-boot-1.38.0\language-server\BOOT-INF\lib\commons-compress-1.21.jar;c:\Users\gilbe\.vscode\extensions\pivotal.vscode-spring-boot-1.38.0\language-server\BOOT-INF\lib\commons-exec-1.3.jar;c:\Users\gilbe\.vscode\extensions\pivotal.vscode-spring-boot-1.38.0\language-server\BOOT-INF\lib\com
Launcher Type: SUN_STANDARD

[Global flags]
     intx CICompilerCount                          = 2                                         {product} {ergonomic}
     uint ConcGCThreads                            = 1                                         {product} {ergonomic}
     uint G1ConcRefinementThreads                  = 2                                         {product} {ergonomic}
   size_t G1HeapRegionSize                         = 1048576                                   {product} {ergonomic}
    uintx GCDrainStackTargetSize                   = 64                                        {product} {ergonomic}
   size_t InitialHeapSize                          = 58720256                                  {product} {ergonomic}
   size_t MarkStackSize                            = 4194304                                   {product} {ergonomic}
   size_t MaxHeapSize                              = 908066816                                 {product} {ergonomic}
   size_t MaxNewSize                               = 544210944                                 {product} {ergonomic}
   size_t MinHeapDeltaBytes                        = 1048576                                   {product} {ergonomic}
   size_t MinHeapSize                              = 8388608                                   {product} {ergonomic}
    uintx NonProfiledCodeHeapSize                  = 0                                      {pd product} {ergonomic}
     bool ProfileInterpreter                       = false                                  {pd product} {command line}
    uintx ProfiledCodeHeapSize                     = 0                                      {pd product} {ergonomic}
   size_t SoftMaxHeapSize                          = 908066816                              {manageable} {ergonomic}
     intx TieredStopAtLevel                        = 1                                         {product} {command line}
     bool UseCompressedClassPointers               = true                           {product lp64_product} {ergonomic}
     bool UseCompressedOops                        = true                           {product lp64_product} {ergonomic}
     bool UseG1GC                                  = true                                      {product} {ergonomic}
     bool UseLargePagesIndividualAllocation        = false                                  {pd product} {ergonomic}

Logging:
Log output configuration:
 #0: stdout all=warning uptime,level,tags
 #1: stderr all=off uptime,level,tags

Environment Variables:
PATH=C:\Program Files (x86)\Common Files\Oracle\Java\javapath;C:\windows\system32;C:\windows;C:\windows\System32\Wbem;C:\windows\System32\WindowsPowerShell\v1.0\;C:\windows\System32\OpenSSH\;C:\Program Files\nodejs\;C:\ProgramData\chocolatey\bin;C:\Users\gilbe\AppData\Local\Programs\Python\Python310\Scripts\;C:\Users\gilbe\AppData\Local\Programs\Python\Python310\;C:\Users\gilbe\AppData\Local\Microsoft\WindowsApps;C:\Users\gilbe\AppData\Local\Programs\Microsoft VS Code\bin;C:\Users\gilbe\AppData\Roaming\npm;C:\Program Files\Java\jdk1.8.0_311\bin;C:\Program Files\Java\jre1.8.0_341\bin;
USERNAME=gilbe
OS=Windows_NT
PROCESSOR_IDENTIFIER=AMD64 Family 23 Model 24 Stepping 1, AuthenticAMD



---------------  S Y S T E M  ---------------

OS:
 Windows 10 , 64 bit Build 19041 (10.0.19041.1806)
OS uptime: 27 days 2:25 hours

CPU: total 2 (initial active 2) (2 cores per cpu, 1 threads per core) family 23 model 24 stepping 1 microcode 0x0, cx8, cmov, fxsr, mmx, 3dnowpref, sse, sse2, sse3, ssse3, sse4a, sse4.1, sse4.2, popcnt, lzcnt, tsc, tscinvbit, avx, avx2, aes, clmul, bmi1, bmi2, adx, sha, fma, vzeroupper, clflush, clflushopt

Memory: 4k page, system-wide physical 3463M (35M free)
TotalPageFile size 14215M (AvailPageFile size 123M)
current process WorkingSet (physical memory assigned to process): 129M, peak: 130M
current process commit charge ("private bytes"): 189M, peak: 319M

vm_info: OpenJDK 64-Bit Server VM (17.0.3+7) for windows-amd64 JRE (17.0.3+7), built on Apr 19 2022 16:55:35 by "" with MS VC++ 16.7 (VS2019)

END.
