#
# There is insufficient memory for the Java Runtime Environment to continue.
# Native memory allocation (malloc) failed to allocate 249776 bytes for Chunk::new
# Possible reasons:
#   The system is out of physical RAM or swap space
#   The process is running with CompressedOops enabled, and the Java Heap may be blocking the growth of the native heap
# Possible solutions:
#   Reduce memory load on the system
#   Increase physical memory or swap space
#   Check if swap backing store is full
#   Decrease Java heap size (-Xmx/-Xms)
#   Decrease number of Java threads
#   Decrease Java thread stack sizes (-Xss)
#   Set larger code cache with -XX:ReservedCodeCacheSize=
#   JVM is running with Unscaled Compressed Oops mode in which the Java heap is
#     placed in the first 4GB address space. The Java Heap base address is the
#     maximum limit for the native heap growth. Please use -XX:HeapBaseMinAddress
#     to set the Java Heap base and to place the Java Heap above 4GB virtual address.
# This output file may be truncated or incomplete.
#
#  Out of Memory Error (arena.cpp:189), pid=21268, tid=2032
#
# JRE version: OpenJDK Runtime Environment Temurin-17.0.3+7 (17.0.3+7) (build 17.0.3+7)
# Java VM: OpenJDK 64-Bit Server VM Temurin-17.0.3+7 (17.0.3+7, mixed mode, tiered, compressed oops, compressed class ptrs, parallel gc, windows-amd64)
# No core dump will be written. Minidumps are not enabled by default on client versions of Windows
#

---------------  S U M M A R Y ------------

Command Line: --add-modules=ALL-SYSTEM --add-opens=java.base/java.util=ALL-UNNAMED --add-opens=java.base/java.lang=ALL-UNNAMED --add-opens=java.base/sun.nio.fs=ALL-UNNAMED -Declipse.application=org.eclipse.jdt.ls.core.id1 -Dosgi.bundles.defaultStartLevel=4 -Declipse.product=org.eclipse.jdt.ls.core.product -Djava.import.generatesMetadataFilesAtProjectRoot=false -Dfile.encoding=utf8 -DwatchParentProcess=false -XX:+UseParallelGC -XX:GCTimeRatio=4 -XX:AdaptiveSizePolicyWeight=90 -Dsun.zip.disableMemoryMapping=true -Xmx1G -Xms100m -javaagent:c:\Users\gilbe\.vscode\extensions\redhat.java-1.9.0-win32-x64\lombok\lombok-1.18.24.jar -XX:+HeapDumpOnOutOfMemoryError -XX:HeapDumpPath=c:\Users\gilbe\AppData\Roaming\Code\User\workspaceStorage\4ca9b990063573a3ab3fcb63d9a49b33\redhat.java c:\Users\gilbe\.vscode\extensions\redhat.java-1.9.0-win32-x64\server\plugins\org.eclipse.equinox.launcher_1.6.400.v20210924-0641.jar -configuration c:\Users\gilbe\AppData\Roaming\Code\User\globalStorage\redhat.java\1.9.0\config_win -data c:\Users\gilbe\AppData\Roaming\Code\User\workspaceStorage\4ca9b990063573a3ab3fcb63d9a49b33\redhat.java\jdt_ws

Host: AMD Athlon Silver 3050U with Radeon Graphics   , 2 cores, 3G,  Windows 10 , 64 bit Build 19041 (10.0.19041.1806)
Time: Sat Aug 13 10:45:21 2022 Central Daylight Time elapsed time: 718.233122 seconds (0d 0h 11m 58s)

---------------  T H R E A D  ---------------

Current thread (0x000001c8fe0c2410):  JavaThread "C2 CompilerThread0" daemon [_thread_in_native, id=2032, stack(0x000000bab6400000,0x000000bab6500000)]


Current CompileTask:
C2: 718234 8270       4       org.eclipse.jdt.internal.core.PackageFragment::equals (53 bytes)

Stack: [0x000000bab6400000,0x000000bab6500000]
Native frames: (J=compiled Java code, j=interpreted, Vv=VM code, C=native code)
V  [jvm.dll+0x675efa]
V  [jvm.dll+0x830a24]
V  [jvm.dll+0x8321ce]
V  [jvm.dll+0x832833]
V  [jvm.dll+0x2454b5]
V  [jvm.dll+0xabd7b]
V  [jvm.dll+0xac30c]
V  [jvm.dll+0x2ac5bf]
V  [jvm.dll+0x57cd09]
V  [jvm.dll+0x22056d]
V  [jvm.dll+0x219f54]
V  [jvm.dll+0x21767b]
V  [jvm.dll+0x1a3ccd]
V  [jvm.dll+0x227178]
V  [jvm.dll+0x2252bc]
V  [jvm.dll+0x7e673b]
V  [jvm.dll+0x7e0cfa]
V  [jvm.dll+0x674d85]
C  [ucrtbase.dll+0x21bb2]
C  [KERNEL32.DLL+0x17034]
C  [ntdll.dll+0x52651]


---------------  P R O C E S S  ---------------

Threads class SMR info:
_java_thread_list=0x000001c8942a92e0, length=24, elements={
0x000001c8f92bf1a0, 0x000001c8fe093760, 0x000001c8fe0944e0, 0x000001c8fe0a0fc0,
0x000001c8fe0a3c50, 0x000001c8fe0a47d0, 0x000001c8fe0a51f0, 0x000001c8fe0c2410,
0x000001c8fe0d86f0, 0x000001c8fe138710, 0x000001c8fe14d320, 0x000001c8ff71fef0,
0x000001c88f0a84b0, 0x000001c8ff7dc320, 0x000001c8ff7dcc90, 0x000001c88f383040,
0x000001c8ff5df910, 0x000001c88f4f71f0, 0x000001c88f4f6850, 0x000001c88f4f8060,
0x000001c88f4f76c0, 0x000001c8ff816da0, 0x000001c8ff81baa0, 0x000001c8ff81a760
}

Java Threads: ( => current thread )
  0x000001c8f92bf1a0 JavaThread "main" [_thread_blocked, id=12952, stack(0x000000bab5b00000,0x000000bab5c00000)]
  0x000001c8fe093760 JavaThread "Reference Handler" daemon [_thread_blocked, id=8224, stack(0x000000bab5e00000,0x000000bab5f00000)]
  0x000001c8fe0944e0 JavaThread "Finalizer" daemon [_thread_blocked, id=8444, stack(0x000000bab5f00000,0x000000bab6000000)]
  0x000001c8fe0a0fc0 JavaThread "Signal Dispatcher" daemon [_thread_blocked, id=5884, stack(0x000000bab6000000,0x000000bab6100000)]
  0x000001c8fe0a3c50 JavaThread "Attach Listener" daemon [_thread_blocked, id=5536, stack(0x000000bab6100000,0x000000bab6200000)]
  0x000001c8fe0a47d0 JavaThread "Service Thread" daemon [_thread_blocked, id=20292, stack(0x000000bab6200000,0x000000bab6300000)]
  0x000001c8fe0a51f0 JavaThread "Monitor Deflation Thread" daemon [_thread_blocked, id=8080, stack(0x000000bab6300000,0x000000bab6400000)]
=>0x000001c8fe0c2410 JavaThread "C2 CompilerThread0" daemon [_thread_in_native, id=2032, stack(0x000000bab6400000,0x000000bab6500000)]
  0x000001c8fe0d86f0 JavaThread "C1 CompilerThread0" daemon [_thread_blocked, id=10120, stack(0x000000bab6500000,0x000000bab6600000)]
  0x000001c8fe138710 JavaThread "Sweeper thread" daemon [_thread_blocked, id=18612, stack(0x000000bab6600000,0x000000bab6700000)]
  0x000001c8fe14d320 JavaThread "Common-Cleaner" daemon [_thread_blocked, id=19876, stack(0x000000bab6700000,0x000000bab6800000)]
  0x000001c8ff71fef0 JavaThread "Notification Thread" daemon [_thread_blocked, id=9648, stack(0x000000bab6800000,0x000000bab6900000)]
  0x000001c88f0a84b0 JavaThread "Active Thread: Equinox Container: 410add95-0f02-4d16-b28a-08d7966c02b2" [_thread_blocked, id=5412, stack(0x000000bab6b00000,0x000000bab6c00000)]
  0x000001c8ff7dc320 JavaThread "Framework Event Dispatcher: Equinox Container: 410add95-0f02-4d16-b28a-08d7966c02b2" daemon [_thread_blocked, id=16872, stack(0x000000bab6c00000,0x000000bab6d00000)]
  0x000001c8ff7dcc90 JavaThread "Start Level: Equinox Container: 410add95-0f02-4d16-b28a-08d7966c02b2" daemon [_thread_blocked, id=12608, stack(0x000000bab6d00000,0x000000bab6e00000)]
  0x000001c88f383040 JavaThread "SCR Component Actor" daemon [_thread_blocked, id=3088, stack(0x000000bab6e00000,0x000000bab6f00000)]
  0x000001c8ff5df910 JavaThread "Bundle File Closer" daemon [_thread_blocked, id=16976, stack(0x000000bab7000000,0x000000bab7100000)]
  0x000001c88f4f71f0 JavaThread "Worker-JM" [_thread_blocked, id=20012, stack(0x000000bab7100000,0x000000bab7200000)]
  0x000001c88f4f6850 JavaThread "Worker-3" [_thread_blocked, id=6848, stack(0x000000bab7500000,0x000000bab7600000)]
  0x000001c88f4f8060 JavaThread "Java indexing" daemon [_thread_blocked, id=20448, stack(0x000000bab6f00000,0x000000bab7000000)]
  0x000001c88f4f76c0 JavaThread "pool-1-thread-1" [_thread_in_native, id=7784, stack(0x000000bab7700000,0x000000bab7800000)]
  0x000001c8ff816da0 JavaThread "Worker-6" [_thread_blocked, id=16628, stack(0x000000bab5a00000,0x000000bab5b00000)]
  0x000001c8ff81baa0 JavaThread "Thread-53" [_thread_in_Java, id=1324, stack(0x000000bab5900000,0x000000bab5a00000)]
  0x000001c8ff81a760 JavaThread "ForkJoinPool.commonPool-worker-6" daemon [_thread_blocked, id=12544, stack(0x000000bab7200000,0x000000bab7300000)]

Other Threads:
  0x000001c8f939ece0 VMThread "VM Thread" [stack: 0x000000bab5d00000,0x000000bab5e00000] [id=11884]
  0x000001c8ff7203c0 WatcherThread [stack: 0x000000bab6900000,0x000000bab6a00000] [id=3460]
  0x000001c8f92d4dd0 GCTaskThread "GC Thread#0" [stack: 0x000000bab5c00000,0x000000bab5d00000] [id=3324]
  0x000001c8ff79b590 GCTaskThread "GC Thread#1" [stack: 0x000000bab6a00000,0x000000bab6b00000] [id=21132]

Threads with active compile tasks:
C2 CompilerThread0   718292 8270       4       org.eclipse.jdt.internal.core.PackageFragment::equals (53 bytes)

VM state: not at safepoint (normal execution)

VM Mutex/Monitor currently owned by a thread: None

Heap address: 0x00000000c0000000, size: 1024 MB, Compressed Oops mode: 32-bit

CDS archive(s) not mapped
Compressed class space mapped at: 0x0000000100000000-0x0000000140000000, reserved size: 1073741824
Narrow klass base: 0x0000000000000000, Narrow klass shift: 3, Narrow klass range: 0x140000000

GC Precious Log:
 CPUs: 2 total, 2 available
 Memory: 3463M
 Large Page Support: Disabled
 NUMA Support: Disabled
 Compressed Oops: Enabled (32-bit)
 Alignments: Space 512K, Generation 512K, Heap 2M
 Heap Min Capacity: 100M
 Heap Initial Capacity: 100M
 Heap Max Capacity: 1G
 Pre-touch: Disabled
 Parallel Workers: 2

Heap:
 PSYoungGen      total 9216K, used 3535K [0x00000000eab00000, 0x00000000ebc80000, 0x0000000100000000)
  eden space 8192K, 30% used [0x00000000eab00000,0x00000000ead74d80,0x00000000eb300000)
  from space 1024K, 99% used [0x00000000eba80000,0x00000000ebb7ee80,0x00000000ebb80000)
  to   space 1024K, 0% used [0x00000000ebb80000,0x00000000ebb80000,0x00000000ebc80000)
 ParOldGen       total 91136K, used 86454K [0x00000000c0000000, 0x00000000c5900000, 0x00000000eab00000)
  object space 91136K, 94% used [0x00000000c0000000,0x00000000c546daf8,0x00000000c5900000)
 Metaspace       used 66708K, committed 67648K, reserved 1114112K
  class space    used 6968K, committed 7360K, reserved 1048576K

Card table byte_map: [0x000001c8f8c80000,0x000001c8f8e90000] _byte_map_base: 0x000001c8f8680000

Marking Bits: (ParMarkBitMap*) 0x00007ff870914b80
 Begin Bits: [0x000001c8fbf50000, 0x000001c8fcf50000)
 End Bits:   [0x000001c8fcf50000, 0x000001c8fdf50000)

Polling page: 0x000001c8f7290000

Metaspace:

Usage:
  Non-class:     58.34 MB used.
      Class:      6.81 MB used.
       Both:     65.14 MB used.

Virtual space:
  Non-class space:       64.00 MB reserved,      58.88 MB ( 92%) committed,  8 nodes.
      Class space:        1.00 GB reserved,       7.19 MB ( <1%) committed,  1 nodes.
             Both:        1.06 GB reserved,      66.06 MB (  6%) committed. 

Chunk freelists:
   Non-Class:  848.00 KB
       Class:  679.00 KB
        Both:  1.49 MB

MaxMetaspaceSize: unlimited
CompressedClassSpaceSize: 1.00 GB
Initial GC threshold: 21.00 MB
Current GC threshold: 105.25 MB
CDS: off
MetaspaceReclaimPolicy: balanced
 - commit_granule_bytes: 65536.
 - commit_granule_words: 8192.
 - virtual_space_node_default_size: 1048576.
 - enlarge_chunks_in_place: 1.
 - new_chunks_are_fully_committed: 0.
 - uncommit_free_chunks: 1.
 - use_allocation_guard: 0.
 - handle_deallocations: 1.


Internal statistics:

num_allocs_failed_limit: 9.
num_arena_births: 450.
num_arena_deaths: 14.
num_vsnodes_births: 9.
num_vsnodes_deaths: 0.
num_space_committed: 1057.
num_space_uncommitted: 0.
num_chunks_returned_to_freelist: 23.
num_chunks_taken_from_freelist: 2852.
num_chunk_merges: 10.
num_chunk_splits: 1842.
num_chunks_enlarged: 1198.
num_purges: 2.
num_inconsistent_stats: 0.

CodeHeap 'non-profiled nmethods': size=120064Kb used=4180Kb max_used=4180Kb free=115883Kb
 bounds [0x000001c887ac0000, 0x000001c887ee0000, 0x000001c88f000000]
CodeHeap 'profiled nmethods': size=120000Kb used=15898Kb max_used=15898Kb free=104102Kb
 bounds [0x000001c880590000, 0x000001c881520000, 0x000001c887ac0000]
CodeHeap 'non-nmethods': size=5696Kb used=1374Kb max_used=1440Kb free=4321Kb
 bounds [0x000001c880000000, 0x000001c880270000, 0x000001c880590000]
 total_blobs=7718 nmethods=6995 adapters=633
 compilation: enabled
              stopped_count=0, restarted_count=0
 full_count=0

Compilation events (20 events):
Event: 716.851 Thread 0x000001c8fe0d86f0 nmethod 8261 0x000001c88150ec10 code [0x000001c88150edc0, 0x000001c88150ef28]
Event: 717.130 Thread 0x000001c8fe0d86f0 8262       3       lombok.core.configuration.FileSystemSourceCache::cacheClear (43 bytes)
Event: 717.138 Thread 0x000001c8fe0d86f0 nmethod 8262 0x000001c88150f010 code [0x000001c88150f1c0, 0x000001c88150f4f8]
Event: 717.560 Thread 0x000001c8fe0d86f0 8263       3       org.eclipse.jdt.internal.compiler.parser.SourceTypeConverter::convert (787 bytes)
Event: 717.619 Thread 0x000001c8fe0d86f0 nmethod 8263 0x000001c88150f610 code [0x000001c88150fa80, 0x000001c881512b78]
Event: 717.619 Thread 0x000001c8fe0d86f0 8264       3       org.eclipse.jdt.internal.core.SourceMethodElementInfo::getTypeParameterNames (51 bytes)
Event: 717.622 Thread 0x000001c8fe0d86f0 nmethod 8264 0x000001c881513d90 code [0x000001c881513fa0, 0x000001c881514678]
Event: 717.623 Thread 0x000001c8fe0d86f0 8265       3       org.eclipse.jdt.internal.core.SourceMethodElementInfo::getDeclarationSourceStart (5 bytes)
Event: 717.623 Thread 0x000001c8fe0d86f0 nmethod 8265 0x000001c881514910 code [0x000001c881514aa0, 0x000001c881514c18]
Event: 717.786 Thread 0x000001c8fe0c2410 8266       4       org.eclipse.jdt.internal.core.JavaElement::getAncestor (30 bytes)
Event: 717.786 Thread 0x000001c8fe0d86f0 8267       3       org.eclipse.jdt.internal.compiler.util.SimpleLookupTable::<init> (49 bytes)
Event: 717.791 Thread 0x000001c8fe0c2410 nmethod 8266 0x000001c887ed4c90 code [0x000001c887ed4e20, 0x000001c887ed4f38]
Event: 717.791 Thread 0x000001c8fe0d86f0 nmethod 8267 0x000001c881514d10 code [0x000001c881514ee0, 0x000001c881515218]
Event: 718.092 Thread 0x000001c8fe0d86f0 8268       3       org.eclipse.jdt.internal.compiler.parser.Parser::consumeFormalParameterListopt (6 bytes)
Event: 718.096 Thread 0x000001c8fe0d86f0 nmethod 8268 0x000001c881515310 code [0x000001c8815154a0, 0x000001c881515668]
Event: 718.119 Thread 0x000001c8fe0d86f0 8269       3       java.net.URI::equals (223 bytes)
Event: 718.120 Thread 0x000001c8fe0d86f0 nmethod 8269 0x000001c881515710 code [0x000001c8815159e0, 0x000001c881516738]
Event: 718.122 Thread 0x000001c8fe0c2410 8270       4       org.eclipse.jdt.internal.core.PackageFragment::equals (53 bytes)
Event: 718.194 Thread 0x000001c8fe0d86f0 8271       3       org.eclipse.jdt.internal.compiler.util.CharDeduplication::optimizedCurrentTokenSource1 (26 bytes)
Event: 718.196 Thread 0x000001c8fe0d86f0 nmethod 8271 0x000001c881516910 code [0x000001c881516ac0, 0x000001c881516d18]

GC Heap History (20 events):
Event: 95.388 GC heap before
{Heap before GC invocations=43 (full 4):
 PSYoungGen      total 12800K, used 12800K [0x00000000eab00000, 0x00000000ec980000, 0x0000000100000000)
  eden space 8192K, 100% used [0x00000000eab00000,0x00000000eb300000,0x00000000eb300000)
  from space 4608K, 100% used [0x00000000eb300000,0x00000000eb780000,0x00000000eb780000)
  to   space 10752K, 0% used [0x00000000ebf00000,0x00000000ebf00000,0x00000000ec980000)
 ParOldGen       total 91136K, used 75644K [0x00000000c0000000, 0x00000000c5900000, 0x00000000eab00000)
  object space 91136K, 83% used [0x00000000c0000000,0x00000000c49df328,0x00000000c5900000)
 Metaspace       used 64106K, committed 65024K, reserved 1114112K
  class space    used 6781K, committed 7168K, reserved 1048576K
}
Event: 95.398 GC heap after
{Heap after GC invocations=43 (full 4):
 PSYoungGen      total 9728K, used 1339K [0x00000000eab00000, 0x00000000ec080000, 0x0000000100000000)
  eden space 8192K, 0% used [0x00000000eab00000,0x00000000eab00000,0x00000000eb300000)
  from space 1536K, 87% used [0x00000000ebf00000,0x00000000ec04ee80,0x00000000ec080000)
  to   space 4608K, 0% used [0x00000000eb780000,0x00000000eb780000,0x00000000ebc00000)
 ParOldGen       total 91136K, used 80276K [0x00000000c0000000, 0x00000000c5900000, 0x00000000eab00000)
  object space 91136K, 88% used [0x00000000c0000000,0x00000000c4e65328,0x00000000c5900000)
 Metaspace       used 64106K, committed 65024K, reserved 1114112K
  class space    used 6781K, committed 7168K, reserved 1048576K
}
Event: 99.882 GC heap before
{Heap before GC invocations=44 (full 4):
 PSYoungGen      total 9728K, used 9514K [0x00000000eab00000, 0x00000000ec080000, 0x0000000100000000)
  eden space 8192K, 99% used [0x00000000eab00000,0x00000000eb2fba30,0x00000000eb300000)
  from space 1536K, 87% used [0x00000000ebf00000,0x00000000ec04ee80,0x00000000ec080000)
  to   space 4608K, 0% used [0x00000000eb780000,0x00000000eb780000,0x00000000ebc00000)
 ParOldGen       total 91136K, used 80276K [0x00000000c0000000, 0x00000000c5900000, 0x00000000eab00000)
  object space 91136K, 88% used [0x00000000c0000000,0x00000000c4e65328,0x00000000c5900000)
 Metaspace       used 64475K, committed 65344K, reserved 1114112K
  class space    used 6802K, committed 7168K, reserved 1048576K
}
Event: 99.908 GC heap after
{Heap after GC invocations=44 (full 4):
 PSYoungGen      total 12800K, used 512K [0x00000000eab00000, 0x00000000ebf80000, 0x0000000100000000)
  eden space 8192K, 0% used [0x00000000eab00000,0x00000000eab00000,0x00000000eb300000)
  from space 4608K, 11% used [0x00000000eb780000,0x00000000eb800000,0x00000000ebc00000)
  to   space 1536K, 0% used [0x00000000ebe00000,0x00000000ebe00000,0x00000000ebf80000)
 ParOldGen       total 91136K, used 80524K [0x00000000c0000000, 0x00000000c5900000, 0x00000000eab00000)
  object space 91136K, 88% used [0x00000000c0000000,0x00000000c4ea3328,0x00000000c5900000)
 Metaspace       used 64475K, committed 65344K, reserved 1114112K
  class space    used 6802K, committed 7168K, reserved 1048576K
}
Event: 164.918 GC heap before
{Heap before GC invocations=45 (full 4):
 PSYoungGen      total 12800K, used 8704K [0x00000000eab00000, 0x00000000ebf80000, 0x0000000100000000)
  eden space 8192K, 100% used [0x00000000eab00000,0x00000000eb300000,0x00000000eb300000)
  from space 4608K, 11% used [0x00000000eb780000,0x00000000eb800000,0x00000000ebc00000)
  to   space 1536K, 0% used [0x00000000ebe00000,0x00000000ebe00000,0x00000000ebf80000)
 ParOldGen       total 91136K, used 80524K [0x00000000c0000000, 0x00000000c5900000, 0x00000000eab00000)
  object space 91136K, 88% used [0x00000000c0000000,0x00000000c4ea3328,0x00000000c5900000)
 Metaspace       used 65575K, committed 66560K, reserved 1114112K
  class space    used 6905K, committed 7296K, reserved 1048576K
}
Event: 165.192 GC heap after
{Heap after GC invocations=45 (full 4):
 PSYoungGen      total 9216K, used 928K [0x00000000eab00000, 0x00000000ebf00000, 0x0000000100000000)
  eden space 8192K, 0% used [0x00000000eab00000,0x00000000eab00000,0x00000000eb300000)
  from space 1024K, 90% used [0x00000000ebe00000,0x00000000ebee82b8,0x00000000ebf00000)
  to   space 1536K, 0% used [0x00000000ebc00000,0x00000000ebc00000,0x00000000ebd80000)
 ParOldGen       total 91136K, used 80993K [0x00000000c0000000, 0x00000000c5900000, 0x00000000eab00000)
  object space 91136K, 88% used [0x00000000c0000000,0x00000000c4f18568,0x00000000c5900000)
 Metaspace       used 65575K, committed 66560K, reserved 1114112K
  class space    used 6905K, committed 7296K, reserved 1048576K
}
Event: 219.347 GC heap before
{Heap before GC invocations=46 (full 4):
 PSYoungGen      total 9216K, used 9120K [0x00000000eab00000, 0x00000000ebf00000, 0x0000000100000000)
  eden space 8192K, 100% used [0x00000000eab00000,0x00000000eb300000,0x00000000eb300000)
  from space 1024K, 90% used [0x00000000ebe00000,0x00000000ebee82b8,0x00000000ebf00000)
  to   space 1536K, 0% used [0x00000000ebc00000,0x00000000ebc00000,0x00000000ebd80000)
 ParOldGen       total 91136K, used 80993K [0x00000000c0000000, 0x00000000c5900000, 0x00000000eab00000)
  object space 91136K, 88% used [0x00000000c0000000,0x00000000c4f18568,0x00000000c5900000)
 Metaspace       used 65809K, committed 66752K, reserved 1114112K
  class space    used 6926K, committed 7296K, reserved 1048576K
}
Event: 219.584 GC heap after
{Heap after GC invocations=46 (full 4):
 PSYoungGen      total 9728K, used 1533K [0x00000000eab00000, 0x00000000ebe80000, 0x0000000100000000)
  eden space 8192K, 0% used [0x00000000eab00000,0x00000000eab00000,0x00000000eb300000)
  from space 1536K, 99% used [0x00000000ebc00000,0x00000000ebd7f760,0x00000000ebd80000)
  to   space 1024K, 0% used [0x00000000ebd80000,0x00000000ebd80000,0x00000000ebe80000)
 ParOldGen       total 91136K, used 83802K [0x00000000c0000000, 0x00000000c5900000, 0x00000000eab00000)
  object space 91136K, 91% used [0x00000000c0000000,0x00000000c51d6b20,0x00000000c5900000)
 Metaspace       used 65809K, committed 66752K, reserved 1114112K
  class space    used 6926K, committed 7296K, reserved 1048576K
}
Event: 355.503 GC heap before
{Heap before GC invocations=47 (full 4):
 PSYoungGen      total 9728K, used 9725K [0x00000000eab00000, 0x00000000ebe80000, 0x0000000100000000)
  eden space 8192K, 99% used [0x00000000eab00000,0x00000000eb2ffff0,0x00000000eb300000)
  from space 1536K, 99% used [0x00000000ebc00000,0x00000000ebd7f760,0x00000000ebd80000)
  to   space 1024K, 0% used [0x00000000ebd80000,0x00000000ebd80000,0x00000000ebe80000)
 ParOldGen       total 91136K, used 83802K [0x00000000c0000000, 0x00000000c5900000, 0x00000000eab00000)
  object space 91136K, 91% used [0x00000000c0000000,0x00000000c51d6b20,0x00000000c5900000)
 Metaspace       used 66078K, committed 67008K, reserved 1114112K
  class space    used 6947K, committed 7296K, reserved 1048576K
}
Event: 355.804 GC heap after
{Heap after GC invocations=47 (full 4):
 PSYoungGen      total 8704K, used 96K [0x00000000eab00000, 0x00000000ebe00000, 0x0000000100000000)
  eden space 8192K, 0% used [0x00000000eab00000,0x00000000eab00000,0x00000000eb300000)
  from space 512K, 18% used [0x00000000ebd80000,0x00000000ebd98000,0x00000000ebe00000)
  to   space 2048K, 0% used [0x00000000eba00000,0x00000000eba00000,0x00000000ebc00000)
 ParOldGen       total 91136K, used 85286K [0x00000000c0000000, 0x00000000c5900000, 0x00000000eab00000)
  object space 91136K, 93% used [0x00000000c0000000,0x00000000c5349af8,0x00000000c5900000)
 Metaspace       used 66078K, committed 67008K, reserved 1114112K
  class space    used 6947K, committed 7296K, reserved 1048576K
}
Event: 397.540 GC heap before
{Heap before GC invocations=48 (full 4):
 PSYoungGen      total 8704K, used 8288K [0x00000000eab00000, 0x00000000ebe00000, 0x0000000100000000)
  eden space 8192K, 100% used [0x00000000eab00000,0x00000000eb300000,0x00000000eb300000)
  from space 512K, 18% used [0x00000000ebd80000,0x00000000ebd98000,0x00000000ebe00000)
  to   space 2048K, 0% used [0x00000000eba00000,0x00000000eba00000,0x00000000ebc00000)
 ParOldGen       total 91136K, used 85286K [0x00000000c0000000, 0x00000000c5900000, 0x00000000eab00000)
  object space 91136K, 93% used [0x00000000c0000000,0x00000000c5349af8,0x00000000c5900000)
 Metaspace       used 66160K, committed 67072K, reserved 1114112K
  class space    used 6950K, committed 7296K, reserved 1048576K
}
Event: 397.620 GC heap after
{Heap after GC invocations=48 (full 4):
 PSYoungGen      total 10240K, used 1787K [0x00000000eab00000, 0x00000000ebe00000, 0x0000000100000000)
  eden space 8192K, 0% used [0x00000000eab00000,0x00000000eab00000,0x00000000eb300000)
  from space 2048K, 87% used [0x00000000eba00000,0x00000000ebbbee80,0x00000000ebc00000)
  to   space 2048K, 0% used [0x00000000ebc00000,0x00000000ebc00000,0x00000000ebe00000)
 ParOldGen       total 91136K, used 85318K [0x00000000c0000000, 0x00000000c5900000, 0x00000000eab00000)
  object space 91136K, 93% used [0x00000000c0000000,0x00000000c5351af8,0x00000000c5900000)
 Metaspace       used 66160K, committed 67072K, reserved 1114112K
  class space    used 6950K, committed 7296K, reserved 1048576K
}
Event: 503.399 GC heap before
{Heap before GC invocations=49 (full 4):
 PSYoungGen      total 10240K, used 9979K [0x00000000eab00000, 0x00000000ebe00000, 0x0000000100000000)
  eden space 8192K, 100% used [0x00000000eab00000,0x00000000eb300000,0x00000000eb300000)
  from space 2048K, 87% used [0x00000000eba00000,0x00000000ebbbee80,0x00000000ebc00000)
  to   space 2048K, 0% used [0x00000000ebc00000,0x00000000ebc00000,0x00000000ebe00000)
 ParOldGen       total 91136K, used 85318K [0x00000000c0000000, 0x00000000c5900000, 0x00000000eab00000)
  object space 91136K, 93% used [0x00000000c0000000,0x00000000c5351af8,0x00000000c5900000)
 Metaspace       used 66240K, committed 67200K, reserved 1114112K
  class space    used 6950K, committed 7296K, reserved 1048576K
}
Event: 503.546 GC heap after
{Heap after GC invocations=49 (full 4):
 PSYoungGen      total 8704K, used 128K [0x00000000eab00000, 0x00000000ebc80000, 0x0000000100000000)
  eden space 8192K, 0% used [0x00000000eab00000,0x00000000eab00000,0x00000000eb300000)
  from space 512K, 25% used [0x00000000ebc00000,0x00000000ebc20000,0x00000000ebc80000)
  to   space 1024K, 0% used [0x00000000eba80000,0x00000000eba80000,0x00000000ebb80000)
 ParOldGen       total 91136K, used 85334K [0x00000000c0000000, 0x00000000c5900000, 0x00000000eab00000)
  object space 91136K, 93% used [0x00000000c0000000,0x00000000c5355af8,0x00000000c5900000)
 Metaspace       used 66240K, committed 67200K, reserved 1114112K
  class space    used 6950K, committed 7296K, reserved 1048576K
}
Event: 553.590 GC heap before
{Heap before GC invocations=50 (full 4):
 PSYoungGen      total 8704K, used 8320K [0x00000000eab00000, 0x00000000ebc80000, 0x0000000100000000)
  eden space 8192K, 100% used [0x00000000eab00000,0x00000000eb300000,0x00000000eb300000)
  from space 512K, 25% used [0x00000000ebc00000,0x00000000ebc20000,0x00000000ebc80000)
  to   space 1024K, 0% used [0x00000000eba80000,0x00000000eba80000,0x00000000ebb80000)
 ParOldGen       total 91136K, used 85334K [0x00000000c0000000, 0x00000000c5900000, 0x00000000eab00000)
  object space 91136K, 93% used [0x00000000c0000000,0x00000000c5355af8,0x00000000c5900000)
 Metaspace       used 66515K, committed 67456K, reserved 1114112K
  class space    used 6968K, committed 7360K, reserved 1048576K
}
Event: 553.651 GC heap after
{Heap after GC invocations=50 (full 4):
 PSYoungGen      total 9216K, used 256K [0x00000000eab00000, 0x00000000ebc80000, 0x0000000100000000)
  eden space 8192K, 0% used [0x00000000eab00000,0x00000000eab00000,0x00000000eb300000)
  from space 1024K, 25% used [0x00000000eba80000,0x00000000ebac0000,0x00000000ebb80000)
  to   space 512K, 0% used [0x00000000ebc00000,0x00000000ebc00000,0x00000000ebc80000)
 ParOldGen       total 91136K, used 85334K [0x00000000c0000000, 0x00000000c5900000, 0x00000000eab00000)
  object space 91136K, 93% used [0x00000000c0000000,0x00000000c5355af8,0x00000000c5900000)
 Metaspace       used 66515K, committed 67456K, reserved 1114112K
  class space    used 6968K, committed 7360K, reserved 1048576K
}
Event: 613.637 GC heap before
{Heap before GC invocations=51 (full 4):
 PSYoungGen      total 9216K, used 8448K [0x00000000eab00000, 0x00000000ebc80000, 0x0000000100000000)
  eden space 8192K, 100% used [0x00000000eab00000,0x00000000eb300000,0x00000000eb300000)
  from space 1024K, 25% used [0x00000000eba80000,0x00000000ebac0000,0x00000000ebb80000)
  to   space 512K, 0% used [0x00000000ebc00000,0x00000000ebc00000,0x00000000ebc80000)
 ParOldGen       total 91136K, used 85334K [0x00000000c0000000, 0x00000000c5900000, 0x00000000eab00000)
  object space 91136K, 93% used [0x00000000c0000000,0x00000000c5355af8,0x00000000c5900000)
 Metaspace       used 66645K, committed 67584K, reserved 1114112K
  class space    used 6968K, committed 7360K, reserved 1048576K
}
Event: 613.738 GC heap after
{Heap after GC invocations=51 (full 4):
 PSYoungGen      total 8704K, used 507K [0x00000000eab00000, 0x00000000ebc80000, 0x0000000100000000)
  eden space 8192K, 0% used [0x00000000eab00000,0x00000000eab00000,0x00000000eb300000)
  from space 512K, 99% used [0x00000000ebc00000,0x00000000ebc7ee80,0x00000000ebc80000)
  to   space 1024K, 0% used [0x00000000eba80000,0x00000000eba80000,0x00000000ebb80000)
 ParOldGen       total 91136K, used 85606K [0x00000000c0000000, 0x00000000c5900000, 0x00000000eab00000)
  object space 91136K, 93% used [0x00000000c0000000,0x00000000c5399af8,0x00000000c5900000)
 Metaspace       used 66645K, committed 67584K, reserved 1114112K
  class space    used 6968K, committed 7360K, reserved 1048576K
}
Event: 716.184 GC heap before
{Heap before GC invocations=52 (full 4):
 PSYoungGen      total 8704K, used 8699K [0x00000000eab00000, 0x00000000ebc80000, 0x0000000100000000)
  eden space 8192K, 100% used [0x00000000eab00000,0x00000000eb300000,0x00000000eb300000)
  from space 512K, 99% used [0x00000000ebc00000,0x00000000ebc7ee80,0x00000000ebc80000)
  to   space 1024K, 0% used [0x00000000eba80000,0x00000000eba80000,0x00000000ebb80000)
 ParOldGen       total 91136K, used 85606K [0x00000000c0000000, 0x00000000c5900000, 0x00000000eab00000)
  object space 91136K, 93% used [0x00000000c0000000,0x00000000c5399af8,0x00000000c5900000)
 Metaspace       used 66697K, committed 67648K, reserved 1114112K
  class space    used 6968K, committed 7360K, reserved 1048576K
}
Event: 716.331 GC heap after
{Heap after GC invocations=52 (full 4):
 PSYoungGen      total 9216K, used 1019K [0x00000000eab00000, 0x00000000ebc80000, 0x0000000100000000)
  eden space 8192K, 0% used [0x00000000eab00000,0x00000000eab00000,0x00000000eb300000)
  from space 1024K, 99% used [0x00000000eba80000,0x00000000ebb7ee80,0x00000000ebb80000)
  to   space 1024K, 0% used [0x00000000ebb80000,0x00000000ebb80000,0x00000000ebc80000)
 ParOldGen       total 91136K, used 86454K [0x00000000c0000000, 0x00000000c5900000, 0x00000000eab00000)
  object space 91136K, 94% used [0x00000000c0000000,0x00000000c546daf8,0x00000000c5900000)
 Metaspace       used 66697K, committed 67648K, reserved 1114112K
  class space    used 6968K, committed 7360K, reserved 1048576K
}

Deoptimization events (20 events):
Event: 360.957 Thread 0x000001c88f4f6850 Uncommon trap: trap_request=0xffffffbe fr.pc=0x000001c887bcb808 relative=0x00000000000000e8
Event: 360.958 Thread 0x000001c88f4f6850 Uncommon trap: reason=profile_predicate action=maybe_recompile pc=0x000001c887bcb808 method=java.util.Properties.saveConvert(Ljava/lang/String;ZZ)Ljava/lang/String; @ 43 c2
Event: 360.959 Thread 0x000001c88f4f6850 DEOPT PACKING pc=0x000001c887bcb808 sp=0x000000bab75feb60
Event: 360.960 Thread 0x000001c88f4f6850 DEOPT UNPACKING pc=0x000001c8800520a3 sp=0x000000bab75feb68 mode 2
Event: 360.960 Thread 0x000001c88f4f6850 Uncommon trap: trap_request=0xffffffbe fr.pc=0x000001c887de4948 relative=0x0000000000002028
Event: 360.960 Thread 0x000001c88f4f6850 Uncommon trap: reason=profile_predicate action=maybe_recompile pc=0x000001c887de4948 method=java.util.Properties.saveConvert(Ljava/lang/String;ZZ)Ljava/lang/String; @ 47 c2
Event: 360.961 Thread 0x000001c88f4f6850 DEOPT PACKING pc=0x000001c887de4948 sp=0x000000bab75feb30
Event: 360.961 Thread 0x000001c88f4f6850 DEOPT UNPACKING pc=0x000001c8800520a3 sp=0x000000bab75feb58 mode 2
Event: 384.839 Thread 0x000001c8ff817c10 DEOPT PACKING pc=0x000001c881233f1a sp=0x000000bab73fd9e0
Event: 384.842 Thread 0x000001c8ff817c10 DEOPT UNPACKING pc=0x000001c880052843 sp=0x000000bab73fcee8 mode 0
Event: 390.788 Thread 0x000001c8ff817c10 Uncommon trap: trap_request=0xffffffde fr.pc=0x000001c887ca8668 relative=0x0000000000000068
Event: 390.788 Thread 0x000001c8ff817c10 Uncommon trap: reason=class_check action=maybe_recompile pc=0x000001c887ca8668 method=java.util.LinkedHashMap.afterNodeInsertion(Z)V @ 15 c2
Event: 390.788 Thread 0x000001c8ff817c10 DEOPT PACKING pc=0x000001c887ca8668 sp=0x000000bab73febb0
Event: 391.025 Thread 0x000001c8ff817c10 DEOPT UNPACKING pc=0x000001c8800520a3 sp=0x000000bab73feb28 mode 2
Event: 397.720 Thread 0x000001c8ff81a760 DEOPT PACKING pc=0x000001c881199ada sp=0x000000bab73fd9f0
Event: 397.724 Thread 0x000001c8ff81a760 DEOPT UNPACKING pc=0x000001c880052843 sp=0x000000bab73fcf48 mode 0
Event: 503.680 Thread 0x000001c8ff81b100 DEOPT PACKING pc=0x000001c88122edcf sp=0x000000bab59fe380
Event: 503.686 Thread 0x000001c8ff81b100 DEOPT UNPACKING pc=0x000001c880052843 sp=0x000000bab59fd878 mode 0
Event: 553.485 Thread 0x000001c8ff8180e0 DEOPT PACKING pc=0x000001c88133c820 sp=0x000000bab59feb20
Event: 553.487 Thread 0x000001c8ff8180e0 DEOPT UNPACKING pc=0x000001c880052843 sp=0x000000bab59fdfd8 mode 0

Classes unloaded (7 events):
Event: 28.607 Thread 0x000001c8f939ece0 Unloading class 0x0000000100218800 'java/lang/invoke/LambdaForm$MH+0x0000000100218800'
Event: 28.607 Thread 0x000001c8f939ece0 Unloading class 0x0000000100218400 'java/lang/invoke/LambdaForm$MH+0x0000000100218400'
Event: 28.607 Thread 0x000001c8f939ece0 Unloading class 0x0000000100218000 'java/lang/invoke/LambdaForm$MH+0x0000000100218000'
Event: 28.607 Thread 0x000001c8f939ece0 Unloading class 0x0000000100217c00 'java/lang/invoke/LambdaForm$MH+0x0000000100217c00'
Event: 28.607 Thread 0x000001c8f939ece0 Unloading class 0x0000000100217400 'java/lang/invoke/LambdaForm$BMH+0x0000000100217400'
Event: 28.607 Thread 0x000001c8f939ece0 Unloading class 0x0000000100217000 'java/lang/invoke/LambdaForm$DMH+0x0000000100217000'
Event: 28.607 Thread 0x000001c8f939ece0 Unloading class 0x0000000100214400 'java/lang/invoke/LambdaForm$DMH+0x0000000100214400'

Classes redefined (0 events):
No events

Internal exceptions (20 events):
Event: 84.331 Thread 0x000001c88f4f5510 Exception <a 'java/lang/NoSuchMethodError'{0x00000000eb77a758}: 'java.lang.Object java.lang.invoke.DirectMethodHandle$Holder.invokeSpecial(java.lang.Object, java.lang.Object, java.lang.Object, java.lang.Object, long)'> (0x00000000eb77a758) 
thrown [e:\jenkins\tmp\workspace\build\src\src\hotspot\share\interpreter\linkResolver.cpp, line 766]
Event: 84.331 Thread 0x000001c88f4f5510 Exception <a 'java/lang/NoSuchMethodError'{0x00000000eb77e328}: 'java.lang.Object java.lang.invoke.Invokers$Holder.linkToTargetMethod(java.lang.Object, java.lang.Object, long, java.lang.Object)'> (0x00000000eb77e328) 
thrown [e:\jenkins\tmp\workspace\build\src\src\hotspot\share\interpreter\linkResolver.cpp, line 766]
Event: 85.979 Thread 0x000001c88f4f59e0 Exception <a 'java/lang/NoSuchMethodError'{0x00000000eb84ab10}: 'java.lang.Object java.lang.invoke.DirectMethodHandle$Holder.invokeStatic(java.lang.Object, java.lang.Object, int, java.lang.Object)'> (0x00000000eb84ab10) 
thrown [e:\jenkins\tmp\workspace\build\src\src\hotspot\share\interpreter\linkResolver.cpp, line 766]
Event: 85.981 Thread 0x000001c88f4f59e0 Exception <a 'java/lang/NoSuchMethodError'{0x00000000eb853910}: 'java.lang.Object java.lang.invoke.DirectMethodHandle$Holder.newInvokeSpecial(java.lang.Object, java.lang.Object, int)'> (0x00000000eb853910) 
thrown [e:\jenkins\tmp\workspace\build\src\src\hotspot\share\interpreter\linkResolver.cpp, line 766]
Event: 88.818 Thread 0x000001c88f4f76c0 Exception <a 'java/lang/NoSuchMethodError'{0x00000000eacef080}: 'java.lang.Object java.lang.invoke.DirectMethodHandle$Holder.invokeStatic(java.lang.Object, int, java.lang.Object)'> (0x00000000eacef080) 
thrown [e:\jenkins\tmp\workspace\build\src\src\hotspot\share\interpreter\linkResolver.cpp, line 766]
Event: 88.863 Thread 0x000001c88f4f76c0 Exception <a 'java/lang/ClassNotFoundException'{0x00000000ead37090}: sun/util/logging/resources/spi/loggingProvider> (0x00000000ead37090) 
thrown [e:\jenkins\tmp\workspace\build\src\src\hotspot\share\classfile\systemDictionary.cpp, line 256]
Event: 91.721 Thread 0x000001c8ff81baa0 Exception <a 'java/io/FileNotFoundException'{0x00000000eb7565d8}> (0x00000000eb7565d8) 
thrown [e:\jenkins\tmp\workspace\build\src\src\hotspot\share\prims\jni.cpp, line 516]
Event: 97.656 Thread 0x000001c8ff818f50 Exception <a 'java/lang/NoSuchMethodError'{0x00000000eae20778}: 'void java.lang.invoke.DirectMethodHandle$Holder.invokeVirtual(java.lang.Object, java.lang.Object)'> (0x00000000eae20778) 
thrown [e:\jenkins\tmp\workspace\build\src\src\hotspot\share\interpreter\linkResolver.cpp, line 766]
Event: 102.753 Thread 0x000001c8ff818f50 Exception <a 'java/lang/NoSuchMethodError'{0x00000000eb05fa40}: 'int java.lang.invoke.DirectMethodHandle$Holder.invokeSpecialIFC(java.lang.Object, java.lang.Object, java.lang.Object, java.lang.Object)'> (0x00000000eb05fa40) 
thrown [e:\jenkins\tmp\workspace\build\src\src\hotspot\share\interpreter\linkResolver.cpp, line 766]
Event: 117.613 Thread 0x000001c8ff818a80 Exception <a 'java/lang/ArrayIndexOutOfBoundsException'{0x00000000eb2d8570}> (0x00000000eb2d8570) 
thrown [e:\jenkins\tmp\workspace\build\src\src\hotspot\share\runtime\sharedRuntime.cpp, line 628]
Event: 342.600 Thread 0x000001c88f4f6850 Implicit null exception at 0x000001c887e3f4db to 0x000001c887e3f898
Event: 353.716 Thread 0x000001c88f4f6850 Exception <a 'java/lang/NoSuchMethodError'{0x00000000eb2f53c8}: 'java.lang.Object java.lang.invoke.DirectMethodHandle$Holder.newInvokeSpecial(java.lang.Object, java.lang.Object, java.lang.Object, java.lang.Object, java.lang.Object, java.lang.Object, java.lang.Object, java.lang.Object)'> (0x00000000eb2f53c8) 
thrown [e:\jenkins\tmp\workspace\build\src\src\hotspot\share\interpreter\linkResolver.cpp, line 766]
Event: 353.743 Thread 0x000001c88f4f6850 Exception <a 'java/lang/NoSuchMethodError'{0x00000000eb2fbcf8}: 'java.lang.Object java.lang.invoke.DirectMethodHandle$Holder.invokeSpecial(java.lang.Object, java.lang.Object, java.lang.Object, java.lang.Object, java.lang.Object, java.lang.Object, java.lang.Object, java.lang.Object, java.lang.Object)'> (0x00000000eb2fbcf8) 
thrown [e:\jenkins\tmp\workspace\build\src\src\hotspot\share\interpreter\linkResolver.cpp, line 766]
Event: 356.116 Thread 0x000001c88f4f6850 Exception <a 'java/lang/NoSuchMethodError'{0x00000000eab012d0}: 'java.lang.Object java.lang.invoke.Invokers$Holder.linkToTargetMethod(java.lang.Object, java.lang.Object, java.lang.Object, java.lang.Object, java.lang.Object, java.lang.Object, java.lang.Object, java.lang.Object)'> (0x00000000eab012d0) 
thrown [e:\jenkins\tmp\workspace\build\src\src\hotspot\share\interpreter\linkResolver.cpp, line 766]
Event: 551.949 Thread 0x000001c8ff816da0 Exception <a 'sun/nio/fs/WindowsException'{0x00000000eb021b90}> (0x00000000eb021b90) 
thrown [e:\jenkins\tmp\workspace\build\src\src\hotspot\share\prims\jni.cpp, line 516]
Event: 551.976 Thread 0x000001c8ff816da0 Exception <a 'sun/nio/fs/WindowsException'{0x00000000eb0aeb68}> (0x00000000eb0aeb68) 
thrown [e:\jenkins\tmp\workspace\build\src\src\hotspot\share\prims\jni.cpp, line 516]
Event: 551.992 Thread 0x000001c8ff816da0 Exception <a 'sun/nio/fs/WindowsException'{0x00000000eb0b3ab0}> (0x00000000eb0b3ab0) 
thrown [e:\jenkins\tmp\workspace\build\src\src\hotspot\share\prims\jni.cpp, line 516]
Event: 615.978 Thread 0x000001c8ff816da0 Exception <a 'sun/nio/fs/WindowsException'{0x00000000eb060d00}> (0x00000000eb060d00) 
thrown [e:\jenkins\tmp\workspace\build\src\src\hotspot\share\prims\jni.cpp, line 516]
Event: 616.000 Thread 0x000001c8ff816da0 Exception <a 'sun/nio/fs/WindowsException'{0x00000000eb066528}> (0x00000000eb066528) 
thrown [e:\jenkins\tmp\workspace\build\src\src\hotspot\share\prims\jni.cpp, line 516]
Event: 616.006 Thread 0x000001c8ff816da0 Exception <a 'sun/nio/fs/WindowsException'{0x00000000eb06b1f0}> (0x00000000eb06b1f0) 
thrown [e:\jenkins\tmp\workspace\build\src\src\hotspot\share\prims\jni.cpp, line 516]

VM Operations (20 events):
Event: 608.462 Executing VM operation: Cleanup
Event: 608.477 Executing VM operation: Cleanup done
Event: 610.477 Executing VM operation: Cleanup
Event: 610.478 Executing VM operation: Cleanup done
Event: 613.380 Executing VM operation: ParallelGCFailedAllocation
Event: 613.742 Executing VM operation: ParallelGCFailedAllocation done
Event: 614.751 Executing VM operation: Cleanup
Event: 614.947 Executing VM operation: Cleanup done
Event: 615.961 Executing VM operation: Cleanup
Event: 615.977 Executing VM operation: Cleanup done
Event: 616.978 Executing VM operation: Cleanup
Event: 616.978 Executing VM operation: Cleanup done
Event: 690.508 Executing VM operation: Cleanup
Event: 690.515 Executing VM operation: Cleanup done
Event: 712.719 Executing VM operation: Cleanup
Event: 712.754 Executing VM operation: Cleanup done
Event: 716.184 Executing VM operation: ParallelGCFailedAllocation
Event: 716.331 Executing VM operation: ParallelGCFailedAllocation done
Event: 717.344 Executing VM operation: Cleanup
Event: 717.362 Executing VM operation: Cleanup done

Events (20 events):
Event: 555.438 Thread 0x000001c8ff8180e0 Thread exited: 0x000001c8ff8180e0
Event: 594.556 Thread 0x000001c8ff81b100 Thread added: 0x000001c8ff81b100
Event: 594.629 Thread 0x000001c8ff8180e0 Thread added: 0x000001c8ff8180e0
Event: 598.326 Thread 0x000001c8ff8180e0 Thread exited: 0x000001c8ff8180e0
Event: 608.241 Thread 0x000001c8ff81b100 Thread exited: 0x000001c8ff81b100
Event: 608.494 Thread 0x000001c8ff81baa0 Thread added: 0x000001c8ff81baa0
Event: 609.266 Thread 0x000001c8ff81baa0 Thread exited: 0x000001c8ff81baa0
Event: 612.906 Thread 0x000001c8ff818a80 Thread added: 0x000001c8ff818a80
Event: 612.976 Thread 0x000001c8ff819dc0 Thread added: 0x000001c8ff819dc0
Event: 613.807 Thread 0x000001c8ff819dc0 Thread exited: 0x000001c8ff819dc0
Event: 615.476 Thread 0x000001c8ff818a80 Thread exited: 0x000001c8ff818a80
Event: 633.333 Thread 0x000001c8ff8180e0 Thread added: 0x000001c8ff8180e0
Event: 635.701 Thread 0x000001c8ff8180e0 Thread exited: 0x000001c8ff8180e0
Event: 675.193 Thread 0x000001c8ff817c10 Thread exited: 0x000001c8ff817c10
Event: 685.621 Thread 0x000001c8ff81baa0 Thread added: 0x000001c8ff81baa0
Event: 685.731 Thread 0x000001c8ff817c10 Thread added: 0x000001c8ff817c10
Event: 690.487 Thread 0x000001c8ff817c10 Thread exited: 0x000001c8ff817c10
Event: 711.932 Thread 0x000001c8ff818a80 Thread added: 0x000001c8ff818a80
Event: 713.852 Thread 0x000001c8ff818a80 Thread exited: 0x000001c8ff818a80
Event: 716.524 Thread 0x000001c8ff81a760 Thread added: 0x000001c8ff81a760


Dynamic libraries:
0x00007ff754990000 - 0x00007ff75499e000 	c:\Users\gilbe\.vscode\extensions\redhat.java-1.9.0-win32-x64\jre\17.0.3-win32-x86_64\bin\java.exe
0x00007ff8b7ed0000 - 0x00007ff8b80c8000 	C:\windows\SYSTEM32\ntdll.dll
0x00007ff8b7510000 - 0x00007ff8b75cd000 	C:\windows\System32\KERNEL32.DLL
0x00007ff8b5940000 - 0x00007ff8b5c0e000 	C:\windows\System32\KERNELBASE.dll
0x00007ff8b5de0000 - 0x00007ff8b5ee0000 	C:\windows\System32\ucrtbase.dll
0x00007ff8a76f0000 - 0x00007ff8a7708000 	c:\Users\gilbe\.vscode\extensions\redhat.java-1.9.0-win32-x64\jre\17.0.3-win32-x86_64\bin\jli.dll
0x00007ff8a6a80000 - 0x00007ff8a6a99000 	c:\Users\gilbe\.vscode\extensions\redhat.java-1.9.0-win32-x64\jre\17.0.3-win32-x86_64\bin\VCRUNTIME140.dll
0x00007ff89edf0000 - 0x00007ff89f08a000 	C:\windows\WinSxS\amd64_microsoft.windows.common-controls_6595b64144ccf1df_6.0.19041.1110_none_60b5254171f9507e\COMCTL32.dll
0x00007ff8b5f40000 - 0x00007ff8b60e0000 	C:\windows\System32\USER32.dll
0x00007ff8b5910000 - 0x00007ff8b5932000 	C:\windows\System32\win32u.dll
0x00007ff8b7df0000 - 0x00007ff8b7e1a000 	C:\windows\System32\GDI32.dll
0x00007ff8b5cd0000 - 0x00007ff8b5ddb000 	C:\windows\System32\gdi32full.dll
0x00007ff8b57c0000 - 0x00007ff8b585d000 	C:\windows\System32\msvcp_win.dll
0x00007ff8b7ab0000 - 0x00007ff8b7b4e000 	C:\windows\System32\msvcrt.dll
0x00007ff8b7720000 - 0x00007ff8b7750000 	C:\windows\System32\IMM32.DLL
0x00007ff8ad430000 - 0x00007ff8ad43c000 	c:\Users\gilbe\.vscode\extensions\redhat.java-1.9.0-win32-x64\jre\17.0.3-win32-x86_64\bin\vcruntime140_1.dll
0x00007ff880ca0000 - 0x00007ff880d31000 	c:\Users\gilbe\.vscode\extensions\redhat.java-1.9.0-win32-x64\jre\17.0.3-win32-x86_64\bin\msvcp140.dll
0x00007ff86fd90000 - 0x00007ff8709d8000 	c:\Users\gilbe\.vscode\extensions\redhat.java-1.9.0-win32-x64\jre\17.0.3-win32-x86_64\bin\server\jvm.dll
0x00007ff8b63f0000 - 0x00007ff8b649e000 	C:\windows\System32\ADVAPI32.dll
0x00007ff8b7470000 - 0x00007ff8b750c000 	C:\windows\System32\sechost.dll
0x00007ff8b7210000 - 0x00007ff8b7335000 	C:\windows\System32\RPCRT4.dll
0x00007ff8b5f30000 - 0x00007ff8b5f38000 	C:\windows\System32\PSAPI.DLL
0x00007ff8ae6a0000 - 0x00007ff8ae6a9000 	C:\windows\SYSTEM32\WSOCK32.dll
0x00007ff8b7140000 - 0x00007ff8b71ab000 	C:\windows\System32\WS2_32.dll
0x00007ff8ac360000 - 0x00007ff8ac387000 	C:\windows\SYSTEM32\WINMM.dll
0x00007ff8ac390000 - 0x00007ff8ac39a000 	C:\windows\SYSTEM32\VERSION.dll
0x00007ff8b34f0000 - 0x00007ff8b3502000 	C:\windows\SYSTEM32\kernel.appcore.dll
0x00007ff8a3eb0000 - 0x00007ff8a3eba000 	c:\Users\gilbe\.vscode\extensions\redhat.java-1.9.0-win32-x64\jre\17.0.3-win32-x86_64\bin\jimage.dll
0x00007ff89fd40000 - 0x00007ff89ff24000 	C:\windows\SYSTEM32\DBGHELP.DLL
0x00007ff89a020000 - 0x00007ff89a04c000 	C:\windows\SYSTEM32\dbgcore.DLL
0x00007ff8b5c10000 - 0x00007ff8b5c92000 	C:\windows\System32\bcryptPrimitives.dll
0x00007ff8a2d20000 - 0x00007ff8a2d2e000 	c:\Users\gilbe\.vscode\extensions\redhat.java-1.9.0-win32-x64\jre\17.0.3-win32-x86_64\bin\instrument.dll
0x00007ff89bb80000 - 0x00007ff89bba5000 	c:\Users\gilbe\.vscode\extensions\redhat.java-1.9.0-win32-x64\jre\17.0.3-win32-x86_64\bin\java.dll
0x00007ff89d8f0000 - 0x00007ff89d908000 	c:\Users\gilbe\.vscode\extensions\redhat.java-1.9.0-win32-x64\jre\17.0.3-win32-x86_64\bin\zip.dll
0x00007ff8b6500000 - 0x00007ff8b6c44000 	C:\windows\System32\SHELL32.dll
0x00007ff8b36f0000 - 0x00007ff8b3e84000 	C:\windows\SYSTEM32\windows.storage.dll
0x00007ff8b7750000 - 0x00007ff8b7aa4000 	C:\windows\System32\combase.dll
0x00007ff8b4f80000 - 0x00007ff8b4fb0000 	C:\windows\SYSTEM32\Wldp.dll
0x00007ff8b6290000 - 0x00007ff8b633d000 	C:\windows\System32\SHCORE.dll
0x00007ff8b64a0000 - 0x00007ff8b64f5000 	C:\windows\System32\shlwapi.dll
0x00007ff8b5530000 - 0x00007ff8b554f000 	C:\windows\SYSTEM32\profapi.dll
0x00007ff89b230000 - 0x00007ff89b249000 	C:\Users\gilbe\.vscode\extensions\redhat.java-1.9.0-win32-x64\jre\17.0.3-win32-x86_64\bin\net.dll
0x00007ff8a6530000 - 0x00007ff8a663a000 	C:\windows\SYSTEM32\WINHTTP.dll
0x00007ff8b4ce0000 - 0x00007ff8b4d4a000 	C:\windows\system32\mswsock.dll
0x00007ff89ab20000 - 0x00007ff89ab35000 	C:\Users\gilbe\.vscode\extensions\redhat.java-1.9.0-win32-x64\jre\17.0.3-win32-x86_64\bin\nio.dll
0x00007ff8a1700000 - 0x00007ff8a1710000 	c:\Users\gilbe\.vscode\extensions\redhat.java-1.9.0-win32-x64\jre\17.0.3-win32-x86_64\bin\verify.dll
0x00007ff882560000 - 0x00007ff88259e000 	C:\Users\gilbe\AppData\Roaming\Code\User\globalStorage\redhat.java\1.9.0\config_win\org.eclipse.equinox.launcher\org.eclipse.equinox.launcher.win32.win32.x86_64_1.2.500.v20220509-0833\eclipse_11700.dll
0x00007ff8b7cc0000 - 0x00007ff8b7dea000 	C:\windows\System32\ole32.dll
0x00007ff8b4ed0000 - 0x00007ff8b4ee8000 	C:\windows\SYSTEM32\CRYPTSP.dll
0x00007ff8b4660000 - 0x00007ff8b4694000 	C:\windows\system32\rsaenh.dll
0x00007ff8b5ca0000 - 0x00007ff8b5cc7000 	C:\windows\System32\bcrypt.dll
0x00007ff8b54b0000 - 0x00007ff8b54de000 	C:\windows\SYSTEM32\USERENV.dll
0x00007ff8b4ef0000 - 0x00007ff8b4efc000 	C:\windows\SYSTEM32\CRYPTBASE.dll
0x00007ff8b49d0000 - 0x00007ff8b4a0b000 	C:\windows\SYSTEM32\IPHLPAPI.DLL
0x00007ff8b7e80000 - 0x00007ff8b7e88000 	C:\windows\System32\NSI.dll
0x00007ff8a9a30000 - 0x00007ff8a9a47000 	C:\windows\SYSTEM32\dhcpcsvc6.DLL
0x00007ff8a9da0000 - 0x00007ff8a9dbd000 	C:\windows\SYSTEM32\dhcpcsvc.DLL
0x00007ff8b4a10000 - 0x00007ff8b4adb000 	C:\windows\SYSTEM32\DNSAPI.dll
0x00007ff8815b0000 - 0x00007ff8815f4000 	C:\Users\gilbe\AppData\Local\Temp\jna-98357645\jna8429270434524342702.dll
0x00007ff8ad640000 - 0x00007ff8ad64e000 	C:\Users\gilbe\.vscode\extensions\redhat.java-1.9.0-win32-x64\jre\17.0.3-win32-x86_64\bin\sunmscapi.dll
0x00007ff8b55f0000 - 0x00007ff8b5746000 	C:\windows\System32\CRYPT32.dll
0x00007ff8b4ff0000 - 0x00007ff8b5017000 	C:\windows\SYSTEM32\ncrypt.dll
0x00007ff8b4fb0000 - 0x00007ff8b4feb000 	C:\windows\SYSTEM32\NTASN1.dll
0x00007ff8ad030000 - 0x00007ff8ad03a000 	C:\Windows\System32\rasadhlp.dll
0x00007ff89f230000 - 0x00007ff89f2b0000 	C:\windows\System32\fwpuclnt.dll

dbghelp: loaded successfully - version: 4.0.5 - missing functions: none
symbol engine: initialized successfully - sym options: 0x614 - pdb path: .;c:\Users\gilbe\.vscode\extensions\redhat.java-1.9.0-win32-x64\jre\17.0.3-win32-x86_64\bin;C:\windows\SYSTEM32;C:\windows\WinSxS\amd64_microsoft.windows.common-controls_6595b64144ccf1df_6.0.19041.1110_none_60b5254171f9507e;c:\Users\gilbe\.vscode\extensions\redhat.java-1.9.0-win32-x64\jre\17.0.3-win32-x86_64\bin\server;C:\Users\gilbe\AppData\Roaming\Code\User\globalStorage\redhat.java\1.9.0\config_win\org.eclipse.equinox.launcher\org.eclipse.equinox.launcher.win32.win32.x86_64_1.2.500.v20220509-0833;C:\Users\gilbe\AppData\Local\Temp\jna-98357645

VM Arguments:
jvm_args: --add-modules=ALL-SYSTEM --add-opens=java.base/java.util=ALL-UNNAMED --add-opens=java.base/java.lang=ALL-UNNAMED --add-opens=java.base/sun.nio.fs=ALL-UNNAMED -Declipse.application=org.eclipse.jdt.ls.core.id1 -Dosgi.bundles.defaultStartLevel=4 -Declipse.product=org.eclipse.jdt.ls.core.product -Djava.import.generatesMetadataFilesAtProjectRoot=false -Dfile.encoding=utf8 -DwatchParentProcess=false -XX:+UseParallelGC -XX:GCTimeRatio=4 -XX:AdaptiveSizePolicyWeight=90 -Dsun.zip.disableMemoryMapping=true -Xmx1G -Xms100m -javaagent:c:\Users\gilbe\.vscode\extensions\redhat.java-1.9.0-win32-x64\lombok\lombok-1.18.24.jar -XX:+HeapDumpOnOutOfMemoryError -XX:HeapDumpPath=c:\Users\gilbe\AppData\Roaming\Code\User\workspaceStorage\4ca9b990063573a3ab3fcb63d9a49b33\redhat.java 
java_command: c:\Users\gilbe\.vscode\extensions\redhat.java-1.9.0-win32-x64\server\plugins\org.eclipse.equinox.launcher_1.6.400.v20210924-0641.jar -configuration c:\Users\gilbe\AppData\Roaming\Code\User\globalStorage\redhat.java\1.9.0\config_win -data c:\Users\gilbe\AppData\Roaming\Code\User\workspaceStorage\4ca9b990063573a3ab3fcb63d9a49b33\redhat.java\jdt_ws
java_class_path (initial): c:\Users\gilbe\.vscode\extensions\redhat.java-1.9.0-win32-x64\server\plugins\org.eclipse.equinox.launcher_1.6.400.v20210924-0641.jar
Launcher Type: SUN_STANDARD

[Global flags]
    uintx AdaptiveSizePolicyWeight                 = 90                                        {product} {command line}
     intx CICompilerCount                          = 2                                         {product} {ergonomic}
    uintx GCTimeRatio                              = 4                                         {product} {command line}
     bool HeapDumpOnOutOfMemoryError               = true                                   {manageable} {command line}
    ccstr HeapDumpPath                             = c:\Users\gilbe\AppData\Roaming\Code\User\workspaceStorage\4ca9b990063573a3ab3fcb63d9a49b33\redhat.java         {manageable} {command line}
   size_t InitialHeapSize                          = 104857600                                 {product} {command line}
   size_t MaxHeapSize                              = 1073741824                                {product} {command line}
   size_t MaxNewSize                               = 357564416                                 {product} {ergonomic}
   size_t MinHeapDeltaBytes                        = 524288                                    {product} {ergonomic}
   size_t MinHeapSize                              = 104857600                                 {product} {command line}
   size_t NewSize                                  = 34603008                                  {product} {ergonomic}
    uintx NonNMethodCodeHeapSize                   = 5826188                                {pd product} {ergonomic}
    uintx NonProfiledCodeHeapSize                  = 122916026                              {pd product} {ergonomic}
   size_t OldSize                                  = 70254592                                  {product} {ergonomic}
    uintx ProfiledCodeHeapSize                     = 122916026                              {pd product} {ergonomic}
    uintx ReservedCodeCacheSize                    = 251658240                              {pd product} {ergonomic}
     bool SegmentedCodeCache                       = true                                      {product} {ergonomic}
   size_t SoftMaxHeapSize                          = 1073741824                             {manageable} {ergonomic}
     bool UseCompressedClassPointers               = true                           {product lp64_product} {ergonomic}
     bool UseCompressedOops                        = true                           {product lp64_product} {ergonomic}
     bool UseLargePagesIndividualAllocation        = false                                  {pd product} {ergonomic}
     bool UseParallelGC                            = true                                      {product} {command line}

Logging:
Log output configuration:
 #0: stdout all=warning uptime,level,tags
 #1: stderr all=off uptime,level,tags

Environment Variables:
PATH=C:\Program Files (x86)\Common Files\Oracle\Java\javapath;C:\windows\system32;C:\windows;C:\windows\System32\Wbem;C:\windows\System32\WindowsPowerShell\v1.0\;C:\windows\System32\OpenSSH\;C:\Program Files\nodejs\;C:\ProgramData\chocolatey\bin;C:\Users\gilbe\AppData\Local\Programs\Python\Python310\Scripts\;C:\Users\gilbe\AppData\Local\Programs\Python\Python310\;C:\Users\gilbe\AppData\Local\Microsoft\WindowsApps;C:\Users\gilbe\AppData\Local\Programs\Microsoft VS Code\bin;C:\Users\gilbe\AppData\Roaming\npm;C:\Program Files\Java\jdk1.8.0_311\bin;C:\Program Files\Java\jre1.8.0_341\bin;
USERNAME=gilbe
OS=Windows_NT
PROCESSOR_IDENTIFIER=AMD64 Family 23 Model 24 Stepping 1, AuthenticAMD



---------------  S Y S T E M  ---------------

OS:
 Windows 10 , 64 bit Build 19041 (10.0.19041.1806)
OS uptime: 27 days 2:23 hours

CPU: total 2 (initial active 2) (2 cores per cpu, 1 threads per core) family 23 model 24 stepping 1 microcode 0x0, cx8, cmov, fxsr, mmx, 3dnowpref, sse, sse2, sse3, ssse3, sse4a, sse4.1, sse4.2, popcnt, lzcnt, tsc, tscinvbit, avx, avx2, aes, clmul, bmi1, bmi2, adx, sha, fma, vzeroupper, clflush, clflushopt

Memory: 4k page, system-wide physical 3463M (35M free)
TotalPageFile size 14215M (AvailPageFile size 0M)
current process WorkingSet (physical memory assigned to process): 59M, peak: 181M
current process commit charge ("private bytes"): 283M, peak: 319M

vm_info: OpenJDK 64-Bit Server VM (17.0.3+7) for windows-amd64 JRE (17.0.3+7), built on Apr 19 2022 16:55:35 by "" with MS VC++ 16.7 (VS2019)

END.
