#
# There is insufficient memory for the Java Runtime Environment to continue.
# Native memory allocation (mmap) failed to map 182452224 bytes for G1 virtual space
# Possible reasons:
#   The system is out of physical RAM or swap space
#   The process is running with CompressedOops enabled, and the Java Heap may be blocking the growth of the native heap
# Possible solutions:
#   Reduce memory load on the system
#   Increase physical memory or swap space
#   Check if swap backing store is full
#   Decrease Java heap size (-Xmx/-Xms)
#   Decrease number of Java threads
#   Decrease Java thread stack sizes (-Xss)
#   Set larger code cache with -XX:ReservedCodeCacheSize=
#   JVM is running with Unscaled Compressed Oops mode in which the Java heap is
#     placed in the first 4GB address space. The Java Heap base address is the
#     maximum limit for the native heap growth. Please use -XX:HeapBaseMinAddress
#     to set the Java Heap base and to place the Java Heap above 4GB virtual address.
# This output file may be truncated or incomplete.
#
#  Out of Memory Error (os_windows.cpp:3535), pid=17640, tid=17060
#
# JRE version: OpenJDK Runtime Environment Temurin-17.0.3+7 (17.0.3+7) (build 17.0.3+7)
# Java VM: OpenJDK 64-Bit Server VM Temurin-17.0.3+7 (17.0.3+7, mixed mode, emulated-client, tiered, compressed oops, compressed class ptrs, g1 gc, windows-amd64)
# No core dump will be written. Minidumps are not enabled by default on client versions of Windows
#

---------------  S U M M A R Y ------------

Command Line: -Dsts.lsp.client=vscode -Dsts.log.file=/dev/null -XX:TieredStopAtLevel=1 -Dspring.config.location=file:c:\Users\gilbe\.vscode\extensions\pivotal.vscode-spring-boot-1.37.0\language-server\BOOT-INF\classes\application.properties org.springframework.ide.vscode.boot.app.BootLanguageServerBootApp

Host: AMD Athlon Silver 3050U with Radeon Graphics   , 2 cores, 3G,  Windows 10 , 64 bit Build 19041 (10.0.19041.1806)
Time: Wed Aug 10 05:57:32 2022 Central Daylight Time elapsed time: 10.012093 seconds (0d 0h 0m 10s)

---------------  T H R E A D  ---------------

Current thread (0x000001d9d1a1eb70):  VMThread "VM Thread" [stack: 0x00000031af600000,0x00000031af700000] [id=17060]

Stack: [0x00000031af600000,0x00000031af700000]
Native frames: (J=compiled Java code, j=interpreted, Vv=VM code, C=native code)
V  [jvm.dll+0x675efa]
V  [jvm.dll+0x830a24]
V  [jvm.dll+0x8321ce]
V  [jvm.dll+0x832833]
V  [jvm.dll+0x2454b5]
V  [jvm.dll+0x672de9]
V  [jvm.dll+0x667732]
V  [jvm.dll+0x3043ab]
V  [jvm.dll+0x30b8f6]
V  [jvm.dll+0x35b62e]
V  [jvm.dll+0x35b85f]
V  [jvm.dll+0x2db248]
V  [jvm.dll+0x2d94fc]
V  [jvm.dll+0x2d8acc]
V  [jvm.dll+0x31cd51]
V  [jvm.dll+0x836cdb]
V  [jvm.dll+0x837a14]
V  [jvm.dll+0x837f2c]
V  [jvm.dll+0x838304]
V  [jvm.dll+0x8383d0]
V  [jvm.dll+0x7e0cfa]
V  [jvm.dll+0x674d85]
C  [ucrtbase.dll+0x21bb2]
C  [KERNEL32.DLL+0x17034]
C  [ntdll.dll+0x52651]

VM_Operation (0x00000031b07fe560): G1TryInitiateConcMark, mode: safepoint, requested by thread 0x000001d9df866260


---------------  P R O C E S S  ---------------

Threads class SMR info:
_java_thread_list=0x000001d9dfb949e0, length=27, elements={
0x000001d9dd404750, 0x000001d9dd4055c0, 0x000001d9dd4152f0, 0x000001d9dd443010,
0x000001d9dd4458f0, 0x000001d9dd4462a0, 0x000001d9dd446c50, 0x000001d9dd447640,
0x000001d9de184730, 0x000001d9de184e90, 0x000001d9d1947970, 0x000001d9df9c1390,
0x000001d9de12d840, 0x000001d9df8657f0, 0x000001d9d1946a00, 0x000001d9df866260,
0x000001d9df934050, 0x000001d9dfc41820, 0x000001d9dfc41cf0, 0x000001d9dfc64010,
0x000001d9dfc9f580, 0x000001d9dfc9fa50, 0x000001d9dfc9ca30, 0x000001d9dfc9d3d0,
0x000001d9dfc9c560, 0x000001d9dfc9cf00, 0x000001d9dfc9c090
}

Java Threads: ( => current thread )
  0x000001d9dd404750 JavaThread "Reference Handler" daemon [_thread_blocked, id=19436, stack(0x00000031af700000,0x00000031af800000)]
  0x000001d9dd4055c0 JavaThread "Finalizer" daemon [_thread_blocked, id=4400, stack(0x00000031af800000,0x00000031af900000)]
  0x000001d9dd4152f0 JavaThread "Signal Dispatcher" daemon [_thread_blocked, id=5508, stack(0x00000031af900000,0x00000031afa00000)]
  0x000001d9dd443010 JavaThread "Attach Listener" daemon [_thread_blocked, id=5144, stack(0x00000031afa00000,0x00000031afb00000)]
  0x000001d9dd4458f0 JavaThread "Service Thread" daemon [_thread_blocked, id=1136, stack(0x00000031afb00000,0x00000031afc00000)]
  0x000001d9dd4462a0 JavaThread "Monitor Deflation Thread" daemon [_thread_blocked, id=16880, stack(0x00000031afc00000,0x00000031afd00000)]
  0x000001d9dd446c50 JavaThread "C1 CompilerThread0" daemon [_thread_blocked, id=8120, stack(0x00000031afd00000,0x00000031afe00000)]
  0x000001d9dd447640 JavaThread "Sweeper thread" daemon [_thread_blocked, id=20988, stack(0x00000031afe00000,0x00000031aff00000)]
  0x000001d9de184730 JavaThread "Notification Thread" daemon [_thread_blocked, id=18624, stack(0x00000031aff00000,0x00000031b0000000)]
  0x000001d9de184e90 JavaThread "Common-Cleaner" daemon [_thread_blocked, id=7576, stack(0x00000031b0100000,0x00000031b0200000)]
  0x000001d9d1947970 JavaThread "C1 CompilerThread1" daemon [_thread_blocked, id=18456, stack(0x00000031b0200000,0x00000031b0300000)]
  0x000001d9df9c1390 JavaThread "Thread-1" [_thread_blocked, id=20336, stack(0x00000031b0400000,0x00000031b0500000)]
  0x000001d9de12d840 JavaThread "pool-7-thread-1" [_thread_blocked, id=18016, stack(0x00000031b0500000,0x00000031b0600000)]
  0x000001d9df8657f0 JavaThread "LanguageServerApp-lifecycle" [_thread_blocked, id=14916, stack(0x00000031b0600000,0x00000031b0700000)]
  0x000001d9d1946a00 JavaThread "DestroyJavaVM" [_thread_blocked, id=11696, stack(0x00000031aef00000,0x00000031af000000)]
  0x000001d9df866260 JavaThread "ClassGraph-worker-0" daemon [_thread_blocked, id=21308, stack(0x00000031b0700000,0x00000031b0800000)]
  0x000001d9df934050 JavaThread "pool-8-thread-1" [_thread_in_native, id=9632, stack(0x00000031b0800000,0x00000031b0900000)]
  0x000001d9dfc41820 JavaThread "ClassGraph-worker-1" daemon [_thread_blocked, id=8196, stack(0x00000031b0900000,0x00000031b0a00000)]
  0x000001d9dfc41cf0 JavaThread "ClassGraph-worker-2" daemon [_thread_blocked, id=1852, stack(0x00000031b0a00000,0x00000031b0b00000)]
  0x000001d9dfc64010 JavaThread "ClassGraph-worker-3" daemon [_thread_blocked, id=12556, stack(0x00000031b0b00000,0x00000031b0c00000)]
  0x000001d9dfc9f580 JavaThread "Simple-Language-Server main thread" daemon [_thread_blocked, id=7640, stack(0x00000031b0c00000,0x00000031b0d00000)]
  0x000001d9dfc9fa50 JavaThread "pool-5-thread-1" [_thread_blocked, id=18976, stack(0x00000031b0d00000,0x00000031b0e00000)]
  0x000001d9dfc9ca30 JavaThread "parallel-1" daemon [_thread_blocked, id=10772, stack(0x00000031b0e00000,0x00000031b0f00000)]
  0x000001d9dfc9d3d0 JavaThread "pool-2-thread-1" [_thread_blocked, id=18608, stack(0x00000031b0f00000,0x00000031b1000000)]
  0x000001d9dfc9c560 JavaThread "parallel-2" daemon [_thread_blocked, id=6004, stack(0x00000031b1100000,0x00000031b1200000)]
  0x000001d9dfc9cf00 JavaThread "pool-2-thread-2" [_thread_blocked, id=7900, stack(0x00000031b1200000,0x00000031b1300000)]
  0x000001d9dfc9c090 JavaThread "Reconciler-1" daemon [_thread_blocked, id=12992, stack(0x00000031b1000000,0x00000031b1100000)]

Other Threads:
=>0x000001d9d1a1eb70 VMThread "VM Thread" [stack: 0x00000031af600000,0x00000031af700000] [id=17060]
  0x000001d9de184c00 WatcherThread [stack: 0x00000031b0000000,0x00000031b0100000] [id=18056]
  0x000001d9d197b8d0 GCTaskThread "GC Thread#0" [stack: 0x00000031af100000,0x00000031af200000] [id=12852]
  0x000001d9de511250 GCTaskThread "GC Thread#1" [stack: 0x00000031b0300000,0x00000031b0400000] [id=19560]
  0x000001d9d1984860 ConcurrentGCThread "G1 Main Marker" [stack: 0x00000031af200000,0x00000031af300000] [id=20560]
  0x000001d9d1986280 ConcurrentGCThread "G1 Conc#0" [stack: 0x00000031af300000,0x00000031af400000] [id=17864]
  0x000001d9d19b8c70 ConcurrentGCThread "G1 Refine#0" [stack: 0x00000031af400000,0x00000031af500000] [id=17352]
  0x000001d9e0304760 ConcurrentGCThread "G1 Refine#1" [stack: 0x00000031b1300000,0x00000031b1400000] [id=15492]
  0x000001d9d19b9690 ConcurrentGCThread "G1 Service" [stack: 0x00000031af500000,0x00000031af600000] [id=13840]

Threads with active compile tasks:

VM state: at safepoint (normal execution)

VM Mutex/Monitor currently owned by a thread:  ([mutex/lock_event])
[0x000001d9d17f65c0] Threads_lock - owner thread: 0x000001d9d1a1eb70
[0x000001d9d1943a90] Heap_lock - owner thread: 0x000001d9df866260

Heap address: 0x00000000c9e00000, size: 866 MB, Compressed Oops mode: 32-bit

CDS archive(s) not mapped
Compressed class space mapped at: 0x0000000100000000-0x0000000140000000, reserved size: 1073741824
Narrow klass base: 0x0000000000000000, Narrow klass shift: 3, Narrow klass range: 0x140000000

GC Precious Log:
 CPUs: 2 total, 2 available
 Memory: 3463M
 Large Page Support: Disabled
 NUMA Support: Disabled
 Compressed Oops: Enabled (32-bit)
 Heap Region Size: 1M
 Heap Min Capacity: 8M
 Heap Initial Capacity: 56M
 Heap Max Capacity: 866M
 Pre-touch: Disabled
 Parallel Workers: 2
 Concurrent Workers: 1
 Concurrent Refinement Workers: 2
 Periodic GC: Disabled

Heap:
 garbage-first heap   total 89088K, used 57622K [0x00000000c9e00000, 0x0000000100000000)
  region size 1024K, 2 young (2048K), 2 survivors (2048K)
 Metaspace       used 34941K, committed 35264K, reserved 1081344K
  class space    used 4545K, committed 4736K, reserved 1048576K

Heap Regions: E=young(eden), S=young(survivor), O=old, HS=humongous(starts), HC=humongous(continues), CS=collection set, F=free, OA=open archive, CA=closed archive, TAMS=top-at-mark-start (previous, next)
|   0|0x00000000c9e00000, 0x00000000c9f00000, 0x00000000c9f00000|100%| O|  |TAMS 0x00000000c9f00000, 0x00000000c9f00000| Untracked 
|   1|0x00000000c9f00000, 0x00000000ca000000, 0x00000000ca000000|100%| O|  |TAMS 0x00000000ca000000, 0x00000000ca000000| Untracked 
|   2|0x00000000ca000000, 0x00000000ca100000, 0x00000000ca100000|100%| O|  |TAMS 0x00000000ca100000, 0x00000000ca100000| Untracked 
|   3|0x00000000ca100000, 0x00000000ca200000, 0x00000000ca200000|100%| O|  |TAMS 0x00000000ca200000, 0x00000000ca200000| Untracked 
|   4|0x00000000ca200000, 0x00000000ca300000, 0x00000000ca300000|100%| O|  |TAMS 0x00000000ca300000, 0x00000000ca300000| Untracked 
|   5|0x00000000ca300000, 0x00000000ca400000, 0x00000000ca400000|100%| O|  |TAMS 0x00000000ca400000, 0x00000000ca400000| Untracked 
|   6|0x00000000ca400000, 0x00000000ca500000, 0x00000000ca500000|100%| O|  |TAMS 0x00000000ca500000, 0x00000000ca500000| Untracked 
|   7|0x00000000ca500000, 0x00000000ca600000, 0x00000000ca600000|100%| O|  |TAMS 0x00000000ca600000, 0x00000000ca600000| Untracked 
|   8|0x00000000ca600000, 0x00000000ca700000, 0x00000000ca700000|100%| O|  |TAMS 0x00000000ca700000, 0x00000000ca700000| Untracked 
|   9|0x00000000ca700000, 0x00000000ca800000, 0x00000000ca800000|100%| O|  |TAMS 0x00000000ca800000, 0x00000000ca800000| Untracked 
|  10|0x00000000ca800000, 0x00000000ca845800, 0x00000000ca900000| 27%| O|  |TAMS 0x00000000ca800000, 0x00000000ca800000| Untracked 
|  11|0x00000000ca900000, 0x00000000caa00000, 0x00000000caa00000|100%| O|  |TAMS 0x00000000caa00000, 0x00000000caa00000| Untracked 
|  12|0x00000000caa00000, 0x00000000cab00000, 0x00000000cab00000|100%| O|  |TAMS 0x00000000cab00000, 0x00000000cab00000| Untracked 
|  13|0x00000000cab00000, 0x00000000cac00000, 0x00000000cac00000|100%| O|  |TAMS 0x00000000cac00000, 0x00000000cac00000| Untracked 
|  14|0x00000000cac00000, 0x00000000cad00000, 0x00000000cad00000|100%| O|  |TAMS 0x00000000cad00000, 0x00000000cad00000| Untracked 
|  15|0x00000000cad00000, 0x00000000cae00000, 0x00000000cae00000|100%| O|  |TAMS 0x00000000cae00000, 0x00000000cae00000| Untracked 
|  16|0x00000000cae00000, 0x00000000caf00000, 0x00000000caf00000|100%| O|  |TAMS 0x00000000caf00000, 0x00000000caf00000| Untracked 
|  17|0x00000000caf00000, 0x00000000cb000000, 0x00000000cb000000|100%| O|  |TAMS 0x00000000cb000000, 0x00000000cb000000| Untracked 
|  18|0x00000000cb000000, 0x00000000cb100000, 0x00000000cb100000|100%| O|  |TAMS 0x00000000cb100000, 0x00000000cb100000| Untracked 
|  19|0x00000000cb100000, 0x00000000cb200000, 0x00000000cb200000|100%| O|  |TAMS 0x00000000cb200000, 0x00000000cb200000| Untracked 
|  20|0x00000000cb200000, 0x00000000cb300000, 0x00000000cb300000|100%| O|  |TAMS 0x00000000cb300000, 0x00000000cb300000| Untracked 
|  21|0x00000000cb300000, 0x00000000cb400000, 0x00000000cb400000|100%| O|  |TAMS 0x00000000cb400000, 0x00000000cb400000| Untracked 
|  22|0x00000000cb400000, 0x00000000cb500000, 0x00000000cb500000|100%| O|  |TAMS 0x00000000cb500000, 0x00000000cb500000| Untracked 
|  23|0x00000000cb500000, 0x00000000cb600000, 0x00000000cb600000|100%| O|  |TAMS 0x00000000cb600000, 0x00000000cb600000| Untracked 
|  24|0x00000000cb600000, 0x00000000cb700000, 0x00000000cb700000|100%| O|  |TAMS 0x00000000cb700000, 0x00000000cb700000| Untracked 
|  25|0x00000000cb700000, 0x00000000cb800000, 0x00000000cb800000|100%| O|  |TAMS 0x00000000cb800000, 0x00000000cb800000| Untracked 
|  26|0x00000000cb800000, 0x00000000cb900000, 0x00000000cb900000|100%| O|  |TAMS 0x00000000cb900000, 0x00000000cb900000| Untracked 
|  27|0x00000000cb900000, 0x00000000cba00000, 0x00000000cba00000|100%| O|  |TAMS 0x00000000cba00000, 0x00000000cba00000| Untracked 
|  28|0x00000000cba00000, 0x00000000cbb00000, 0x00000000cbb00000|100%| O|  |TAMS 0x00000000cbb00000, 0x00000000cbb00000| Untracked 
|  29|0x00000000cbb00000, 0x00000000cbc00000, 0x00000000cbc00000|100%| O|  |TAMS 0x00000000cbc00000, 0x00000000cbc00000| Untracked 
|  30|0x00000000cbc00000, 0x00000000cbd00000, 0x00000000cbd00000|100%| O|  |TAMS 0x00000000cbd00000, 0x00000000cbd00000| Untracked 
|  31|0x00000000cbd00000, 0x00000000cbe00000, 0x00000000cbe00000|100%| O|  |TAMS 0x00000000cbe00000, 0x00000000cbe00000| Untracked 
|  32|0x00000000cbe00000, 0x00000000cbf00000, 0x00000000cbf00000|100%| O|  |TAMS 0x00000000cbf00000, 0x00000000cbf00000| Untracked 
|  33|0x00000000cbf00000, 0x00000000cc000000, 0x00000000cc000000|100%| O|  |TAMS 0x00000000cc000000, 0x00000000cc000000| Untracked 
|  34|0x00000000cc000000, 0x00000000cc100000, 0x00000000cc100000|100%| O|  |TAMS 0x00000000cc100000, 0x00000000cc100000| Untracked 
|  35|0x00000000cc100000, 0x00000000cc200000, 0x00000000cc200000|100%| O|  |TAMS 0x00000000cc200000, 0x00000000cc200000| Untracked 
|  36|0x00000000cc200000, 0x00000000cc300000, 0x00000000cc300000|100%| O|  |TAMS 0x00000000cc300000, 0x00000000cc300000| Untracked 
|  37|0x00000000cc300000, 0x00000000cc400000, 0x00000000cc400000|100%| O|  |TAMS 0x00000000cc400000, 0x00000000cc400000| Untracked 
|  38|0x00000000cc400000, 0x00000000cc500000, 0x00000000cc500000|100%| O|  |TAMS 0x00000000cc500000, 0x00000000cc500000| Untracked 
|  39|0x00000000cc500000, 0x00000000cc600000, 0x00000000cc600000|100%| O|  |TAMS 0x00000000cc600000, 0x00000000cc600000| Untracked 
|  40|0x00000000cc600000, 0x00000000cc700000, 0x00000000cc700000|100%| O|  |TAMS 0x00000000cc700000, 0x00000000cc700000| Untracked 
|  41|0x00000000cc700000, 0x00000000cc800000, 0x00000000cc800000|100%| O|  |TAMS 0x00000000cc700000, 0x00000000cc800000| Untracked 
|  42|0x00000000cc800000, 0x00000000cc900000, 0x00000000cc900000|100%| O|  |TAMS 0x00000000cc800000, 0x00000000cc900000| Untracked 
|  43|0x00000000cc900000, 0x00000000cca00000, 0x00000000cca00000|100%| O|  |TAMS 0x00000000cc900000, 0x00000000cca00000| Untracked 
|  44|0x00000000cca00000, 0x00000000ccb00000, 0x00000000ccb00000|100%| O|  |TAMS 0x00000000cca00000, 0x00000000ccb00000| Untracked 
|  45|0x00000000ccb00000, 0x00000000ccc00000, 0x00000000ccc00000|100%| O|  |TAMS 0x00000000ccb00000, 0x00000000ccc00000| Untracked 
|  46|0x00000000ccc00000, 0x00000000ccd00000, 0x00000000ccd00000|100%|HS|  |TAMS 0x00000000ccc00000, 0x00000000ccd00000| Complete 
|  47|0x00000000ccd00000, 0x00000000cce00000, 0x00000000cce00000|100%| O|  |TAMS 0x00000000ccd00000, 0x00000000cce00000| Untracked 
|  48|0x00000000cce00000, 0x00000000ccf00000, 0x00000000ccf00000|100%| O|  |TAMS 0x00000000cce00000, 0x00000000ccf00000| Untracked 
|  49|0x00000000ccf00000, 0x00000000cd000000, 0x00000000cd000000|100%| O|  |TAMS 0x00000000ccf00000, 0x00000000cd000000| Untracked 
|  50|0x00000000cd000000, 0x00000000cd100000, 0x00000000cd100000|100%| O|  |TAMS 0x00000000cd000000, 0x00000000cd100000| Untracked 
|  51|0x00000000cd100000, 0x00000000cd200000, 0x00000000cd200000|100%| O|  |TAMS 0x00000000cd100000, 0x00000000cd200000| Untracked 
|  52|0x00000000cd200000, 0x00000000cd300000, 0x00000000cd300000|100%| O|  |TAMS 0x00000000cd200000, 0x00000000cd300000| Untracked 
|  53|0x00000000cd300000, 0x00000000cd400000, 0x00000000cd400000|100%| O|  |TAMS 0x00000000cd300000, 0x00000000cd400000| Untracked 
|  54|0x00000000cd400000, 0x00000000cd500000, 0x00000000cd500000|100%| O|  |TAMS 0x00000000cd400000, 0x00000000cd475400| Untracked 
|  55|0x00000000cd500000, 0x00000000cd500000, 0x00000000cd600000|  0%| F|  |TAMS 0x00000000cd500000, 0x00000000cd500000| Untracked 
|  56|0x00000000cd600000, 0x00000000cd600000, 0x00000000cd700000|  0%| F|  |TAMS 0x00000000cd600000, 0x00000000cd600000| Untracked 
|  57|0x00000000cd700000, 0x00000000cd700000, 0x00000000cd800000|  0%| F|  |TAMS 0x00000000cd700000, 0x00000000cd700000| Untracked 
|  58|0x00000000cd800000, 0x00000000cd800000, 0x00000000cd900000|  0%| F|  |TAMS 0x00000000cd800000, 0x00000000cd800000| Untracked 
|  59|0x00000000cd900000, 0x00000000cd900000, 0x00000000cda00000|  0%| F|  |TAMS 0x00000000cd900000, 0x00000000cd900000| Untracked 
|  60|0x00000000cda00000, 0x00000000cda00000, 0x00000000cdb00000|  0%| F|  |TAMS 0x00000000cda00000, 0x00000000cda00000| Untracked 
|  61|0x00000000cdb00000, 0x00000000cdb00000, 0x00000000cdc00000|  0%| F|  |TAMS 0x00000000cdb00000, 0x00000000cdb00000| Untracked 
|  62|0x00000000cdc00000, 0x00000000cdc00000, 0x00000000cdd00000|  0%| F|  |TAMS 0x00000000cdc00000, 0x00000000cdc00000| Untracked 
|  63|0x00000000cdd00000, 0x00000000cdd00000, 0x00000000cde00000|  0%| F|  |TAMS 0x00000000cdd00000, 0x00000000cdd00000| Untracked 
|  64|0x00000000cde00000, 0x00000000cde00000, 0x00000000cdf00000|  0%| F|  |TAMS 0x00000000cde00000, 0x00000000cde00000| Untracked 
|  65|0x00000000cdf00000, 0x00000000cdf00000, 0x00000000ce000000|  0%| F|  |TAMS 0x00000000cdf00000, 0x00000000cdf00000| Untracked 
|  66|0x00000000ce000000, 0x00000000ce000000, 0x00000000ce100000|  0%| F|  |TAMS 0x00000000ce000000, 0x00000000ce000000| Untracked 
|  67|0x00000000ce100000, 0x00000000ce100000, 0x00000000ce200000|  0%| F|  |TAMS 0x00000000ce100000, 0x00000000ce100000| Untracked 
|  68|0x00000000ce200000, 0x00000000ce200000, 0x00000000ce300000|  0%| F|  |TAMS 0x00000000ce200000, 0x00000000ce200000| Untracked 
|  69|0x00000000ce300000, 0x00000000ce300000, 0x00000000ce400000|  0%| F|  |TAMS 0x00000000ce300000, 0x00000000ce300000| Untracked 
|  70|0x00000000ce400000, 0x00000000ce400000, 0x00000000ce500000|  0%| F|  |TAMS 0x00000000ce400000, 0x00000000ce400000| Untracked 
|  71|0x00000000ce500000, 0x00000000ce500000, 0x00000000ce600000|  0%| F|  |TAMS 0x00000000ce500000, 0x00000000ce500000| Untracked 
|  72|0x00000000ce600000, 0x00000000ce600000, 0x00000000ce700000|  0%| F|  |TAMS 0x00000000ce600000, 0x00000000ce600000| Untracked 
|  73|0x00000000ce700000, 0x00000000ce700000, 0x00000000ce800000|  0%| F|  |TAMS 0x00000000ce700000, 0x00000000ce700000| Untracked 
|  74|0x00000000ce800000, 0x00000000ce800000, 0x00000000ce900000|  0%| F|  |TAMS 0x00000000ce800000, 0x00000000ce800000| Untracked 
|  75|0x00000000ce900000, 0x00000000ce900000, 0x00000000cea00000|  0%| F|  |TAMS 0x00000000ce900000, 0x00000000ce900000| Untracked 
|  76|0x00000000cea00000, 0x00000000cea00000, 0x00000000ceb00000|  0%| F|  |TAMS 0x00000000cea00000, 0x00000000cea00000| Untracked 
|  77|0x00000000ceb00000, 0x00000000ceb00000, 0x00000000cec00000|  0%| F|  |TAMS 0x00000000ceb00000, 0x00000000ceb00000| Untracked 
|  78|0x00000000cec00000, 0x00000000cec00000, 0x00000000ced00000|  0%| F|  |TAMS 0x00000000cec00000, 0x00000000cec00000| Untracked 
|  79|0x00000000ced00000, 0x00000000ced00000, 0x00000000cee00000|  0%| F|  |TAMS 0x00000000ced00000, 0x00000000ced00000| Untracked 
|  80|0x00000000cee00000, 0x00000000cee00000, 0x00000000cef00000|  0%| F|  |TAMS 0x00000000cee00000, 0x00000000cee00000| Untracked 
|  81|0x00000000cef00000, 0x00000000cf000000, 0x00000000cf000000|100%| S|CS|TAMS 0x00000000cef00000, 0x00000000cef00000| Complete 
|  82|0x00000000cf000000, 0x00000000cf100000, 0x00000000cf100000|100%| S|CS|TAMS 0x00000000cf000000, 0x00000000cf000000| Complete 
|  83|0x00000000cf100000, 0x00000000cf100000, 0x00000000cf200000|  0%| F|  |TAMS 0x00000000cf100000, 0x00000000cf100000| Untracked 
|  84|0x00000000cf200000, 0x00000000cf200000, 0x00000000cf300000|  0%| F|  |TAMS 0x00000000cf200000, 0x00000000cf200000| Untracked 
|  85|0x00000000cf300000, 0x00000000cf300000, 0x00000000cf400000|  0%| F|  |TAMS 0x00000000cf300000, 0x00000000cf300000| Untracked 
|  86|0x00000000cf400000, 0x00000000cf400000, 0x00000000cf500000|  0%| F|  |TAMS 0x00000000cf400000, 0x00000000cf400000| Untracked 

Card table byte_map: [0x000001d9d91e0000,0x000001d9d93a0000] _byte_map_base: 0x000001d9d8b91000

Marking Bits (Prev, Next): (CMBitMap*) 0x000001d9d197d2f0, (CMBitMap*) 0x000001d9d197d330
 Prev Bits: [0x000001d9d9560000, 0x000001d9da2e8000)
 Next Bits: [0x000001d9da2f0000, 0x000001d9db078000)

Polling page: 0x000001d9d1a20000

Metaspace:

Usage:
  Non-class:     29.68 MB used.
      Class:      4.44 MB used.
       Both:     34.12 MB used.

Virtual space:
  Non-class space:       32.00 MB reserved,      29.81 MB ( 93%) committed,  4 nodes.
      Class space:        1.00 GB reserved,       4.62 MB ( <1%) committed,  1 nodes.
             Both:        1.03 GB reserved,      34.44 MB (  3%) committed. 

Chunk freelists:
   Non-Class:  1.38 MB
       Class:  3.43 MB
        Both:  4.82 MB

MaxMetaspaceSize: unlimited
CompressedClassSpaceSize: 1.00 GB
Initial GC threshold: 21.00 MB
Current GC threshold: 57.31 MB
CDS: off
MetaspaceReclaimPolicy: balanced
 - commit_granule_bytes: 65536.
 - commit_granule_words: 8192.
 - virtual_space_node_default_size: 1048576.
 - enlarge_chunks_in_place: 1.
 - new_chunks_are_fully_committed: 0.
 - uncommit_free_chunks: 1.
 - use_allocation_guard: 0.
 - handle_deallocations: 1.


Internal statistics:

num_allocs_failed_limit: 5.
num_arena_births: 298.
num_arena_deaths: 0.
num_vsnodes_births: 5.
num_vsnodes_deaths: 0.
num_space_committed: 551.
num_space_uncommitted: 0.
num_chunks_returned_to_freelist: 5.
num_chunks_taken_from_freelist: 1274.
num_chunk_merges: 5.
num_chunk_splits: 892.
num_chunks_enlarged: 697.
num_purges: 0.
num_inconsistent_stats: 0.

CodeCache: size=49152Kb used=7529Kb max_used=7529Kb free=41622Kb
 bounds [0x000001d9d5da0000, 0x000001d9d6500000, 0x000001d9d8da0000]
 total_blobs=4067 nmethods=3546 adapters=447
 compilation: enabled
              stopped_count=0, restarted_count=0
 full_count=0

Compilation events (20 events):
Event: 9.505 Thread 0x000001d9dd446c50 nmethod 3536 0x000001d9d64f5390 code [0x000001d9d64f5560, 0x000001d9d64f5a78]
Event: 9.505 Thread 0x000001d9dd446c50 3538       1       io.github.classgraph.ClasspathElementDir$1::<init> (35 bytes)
Event: 9.505 Thread 0x000001d9d1947970 nmethod 3537 0x000001d9d64f5d90 code [0x000001d9d64f5f40, 0x000001d9d64f6138]
Event: 9.505 Thread 0x000001d9d1947970 3539       1       io.github.classgraph.ClasspathElementDir$1::getPath (45 bytes)
Event: 9.505 Thread 0x000001d9dd446c50 nmethod 3538 0x000001d9d64f6310 code [0x000001d9d64f64c0, 0x000001d9d64f67b8]
Event: 9.506 Thread 0x000001d9d1947970 nmethod 3539 0x000001d9d64f6890 code [0x000001d9d64f6a60, 0x000001d9d64f6c58]
Event: 9.732 Thread 0x000001d9dd446c50 3540       1       io.github.classgraph.ClasspathElement::maskClassfiles (191 bytes)
Event: 9.733 Thread 0x000001d9dd446c50 nmethod 3540 0x000001d9d64f6e90 code [0x000001d9d64f71e0, 0x000001d9d64f8028]
Event: 9.755 Thread 0x000001d9dd446c50 3541       1       java.util.HashMap::putAll (7 bytes)
Event: 9.756 Thread 0x000001d9dd446c50 nmethod 3541 0x000001d9d64f8990 code [0x000001d9d64f8b20, 0x000001d9d64f8c08]
Event: 9.757 Thread 0x000001d9d1947970 3542       1       java.util.concurrent.ConcurrentHashMap::entrySet (25 bytes)
Event: 9.757 Thread 0x000001d9d1947970 nmethod 3542 0x000001d9d64f8c90 code [0x000001d9d64f8e20, 0x000001d9d64f9018]
Event: 9.757 Thread 0x000001d9dd446c50 3543       1       java.util.concurrent.ConcurrentHashMap$EntrySetView::iterator (34 bytes)
Event: 9.757 Thread 0x000001d9dd446c50 nmethod 3543 0x000001d9d64f9090 code [0x000001d9d64f9240, 0x000001d9d64f9458]
Event: 9.757 Thread 0x000001d9d1947970 3544       1       java.util.concurrent.ConcurrentHashMap$EntryIterator::<init> (12 bytes)
Event: 9.757 Thread 0x000001d9d1947970 nmethod 3544 0x000001d9d64f9590 code [0x000001d9d64f9740, 0x000001d9d64f9898]
Event: 9.758 Thread 0x000001d9dd446c50 3545       1       nonapi.io.github.classgraph.utils.JarUtils::classfilePathToClassName (56 bytes)
Event: 9.759 Thread 0x000001d9dd446c50 nmethod 3545 0x000001d9d64f9990 code [0x000001d9d64f9ba0, 0x000001d9d64f9fe8]
Event: 9.759 Thread 0x000001d9d1947970 3546       1       io.github.classgraph.Scanner$ClassfileScanWorkUnit::<init> (20 bytes)
Event: 9.759 Thread 0x000001d9d1947970 nmethod 3546 0x000001d9d64fa290 code [0x000001d9d64fa420, 0x000001d9d64fa598]

GC Heap History (20 events):
Event: 8.572 GC heap after
{Heap after GC invocations=13 (full 0):
 garbage-first heap   total 54272K, used 24341K [0x00000000c9e00000, 0x0000000100000000)
  region size 1024K, 3 young (3072K), 3 survivors (3072K)
 Metaspace       used 34794K, committed 35136K, reserved 1081344K
  class space    used 4520K, committed 4672K, reserved 1048576K
}
Event: 8.767 GC heap before
{Heap before GC invocations=13 (full 0):
 garbage-first heap   total 54272K, used 38677K [0x00000000c9e00000, 0x0000000100000000)
  region size 1024K, 18 young (18432K), 3 survivors (3072K)
 Metaspace       used 34919K, committed 35200K, reserved 1081344K
  class space    used 4540K, committed 4672K, reserved 1048576K
}
Event: 8.773 GC heap after
{Heap after GC invocations=14 (full 0):
 garbage-first heap   total 54272K, used 27156K [0x00000000c9e00000, 0x0000000100000000)
  region size 1024K, 3 young (3072K), 3 survivors (3072K)
 Metaspace       used 34919K, committed 35200K, reserved 1081344K
  class space    used 4540K, committed 4672K, reserved 1048576K
}
Event: 8.817 GC heap before
{Heap before GC invocations=14 (full 0):
 garbage-first heap   total 54272K, used 40468K [0x00000000c9e00000, 0x0000000100000000)
  region size 1024K, 16 young (16384K), 3 survivors (3072K)
 Metaspace       used 34933K, committed 35200K, reserved 1081344K
  class space    used 4542K, committed 4672K, reserved 1048576K
}
Event: 8.823 GC heap after
{Heap after GC invocations=15 (full 0):
 garbage-first heap   total 54272K, used 29417K [0x00000000c9e00000, 0x0000000100000000)
  region size 1024K, 2 young (2048K), 2 survivors (2048K)
 Metaspace       used 34933K, committed 35200K, reserved 1081344K
  class space    used 4542K, committed 4672K, reserved 1048576K
}
Event: 8.972 GC heap before
{Heap before GC invocations=16 (full 0):
 garbage-first heap   total 54272K, used 41705K [0x00000000c9e00000, 0x0000000100000000)
  region size 1024K, 14 young (14336K), 2 survivors (2048K)
 Metaspace       used 34939K, committed 35264K, reserved 1081344K
  class space    used 4544K, committed 4736K, reserved 1048576K
}
Event: 8.984 GC heap after
{Heap after GC invocations=17 (full 0):
 garbage-first heap   total 54272K, used 31465K [0x00000000c9e00000, 0x0000000100000000)
  region size 1024K, 2 young (2048K), 2 survivors (2048K)
 Metaspace       used 34939K, committed 35264K, reserved 1081344K
  class space    used 4544K, committed 4736K, reserved 1048576K
}
Event: 9.023 GC heap before
{Heap before GC invocations=17 (full 0):
 garbage-first heap   total 54272K, used 41705K [0x00000000c9e00000, 0x0000000100000000)
  region size 1024K, 12 young (12288K), 2 survivors (2048K)
 Metaspace       used 34940K, committed 35264K, reserved 1081344K
  class space    used 4545K, committed 4736K, reserved 1048576K
}
Event: 9.029 GC heap after
{Heap after GC invocations=18 (full 0):
 garbage-first heap   total 79872K, used 33540K [0x00000000c9e00000, 0x0000000100000000)
  region size 1024K, 2 young (2048K), 2 survivors (2048K)
 Metaspace       used 34940K, committed 35264K, reserved 1081344K
  class space    used 4545K, committed 4736K, reserved 1048576K
}
Event: 9.162 GC heap before
{Heap before GC invocations=19 (full 0):
 garbage-first heap   total 79872K, used 59140K [0x00000000c9e00000, 0x0000000100000000)
  region size 1024K, 27 young (27648K), 2 survivors (2048K)
 Metaspace       used 34940K, committed 35264K, reserved 1081344K
  class space    used 4545K, committed 4736K, reserved 1048576K
}
Event: 9.173 GC heap after
{Heap after GC invocations=20 (full 0):
 garbage-first heap   total 79872K, used 38830K [0x00000000c9e00000, 0x0000000100000000)
  region size 1024K, 4 young (4096K), 4 survivors (4096K)
 Metaspace       used 34940K, committed 35264K, reserved 1081344K
  class space    used 4545K, committed 4736K, reserved 1048576K
}
Event: 9.659 GC heap before
{Heap before GC invocations=20 (full 0):
 garbage-first heap   total 79872K, used 60334K [0x00000000c9e00000, 0x0000000100000000)
  region size 1024K, 25 young (25600K), 4 survivors (4096K)
 Metaspace       used 34940K, committed 35264K, reserved 1081344K
  class space    used 4545K, committed 4736K, reserved 1048576K
}
Event: 9.675 GC heap after
{Heap after GC invocations=21 (full 0):
 garbage-first heap   total 79872K, used 45801K [0x00000000c9e00000, 0x0000000100000000)
  region size 1024K, 4 young (4096K), 4 survivors (4096K)
 Metaspace       used 34940K, committed 35264K, reserved 1081344K
  class space    used 4545K, committed 4736K, reserved 1048576K
}
Event: 9.736 GC heap before
{Heap before GC invocations=21 (full 0):
 garbage-first heap   total 79872K, used 47849K [0x00000000c9e00000, 0x0000000100000000)
  region size 1024K, 8 young (8192K), 4 survivors (4096K)
 Metaspace       used 34940K, committed 35264K, reserved 1081344K
  class space    used 4545K, committed 4736K, reserved 1048576K
}
Event: 9.744 GC heap after
{Heap after GC invocations=22 (full 0):
 garbage-first heap   total 79872K, used 48361K [0x00000000c9e00000, 0x0000000100000000)
  region size 1024K, 2 young (2048K), 2 survivors (2048K)
 Metaspace       used 34940K, committed 35264K, reserved 1081344K
  class space    used 4545K, committed 4736K, reserved 1048576K
}
Event: 9.875 GC heap before
{Heap before GC invocations=23 (full 0):
 garbage-first heap   total 89088K, used 59625K [0x00000000c9e00000, 0x0000000100000000)
  region size 1024K, 13 young (13312K), 2 survivors (2048K)
 Metaspace       used 34941K, committed 35264K, reserved 1081344K
  class space    used 4545K, committed 4736K, reserved 1048576K
}
Event: 9.896 GC heap after
{Heap after GC invocations=24 (full 0):
 garbage-first heap   total 89088K, used 54439K [0x00000000c9e00000, 0x0000000100000000)
  region size 1024K, 2 young (2048K), 2 survivors (2048K)
 Metaspace       used 34941K, committed 35264K, reserved 1081344K
  class space    used 4545K, committed 4736K, reserved 1048576K
}
Event: 9.907 GC heap before
{Heap before GC invocations=24 (full 0):
 garbage-first heap   total 89088K, used 56487K [0x00000000c9e00000, 0x0000000100000000)
  region size 1024K, 4 young (4096K), 2 survivors (2048K)
 Metaspace       used 34941K, committed 35264K, reserved 1081344K
  class space    used 4545K, committed 4736K, reserved 1048576K
}
Event: 9.935 GC heap after
{Heap after GC invocations=25 (full 0):
 garbage-first heap   total 89088K, used 55765K [0x00000000c9e00000, 0x0000000100000000)
  region size 1024K, 1 young (1024K), 1 survivors (1024K)
 Metaspace       used 34941K, committed 35264K, reserved 1081344K
  class space    used 4545K, committed 4736K, reserved 1048576K
}
Event: 10.001 GC heap before
{Heap before GC invocations=25 (full 0):
 garbage-first heap   total 89088K, used 57813K [0x00000000c9e00000, 0x0000000100000000)
  region size 1024K, 4 young (4096K), 1 survivors (1024K)
 Metaspace       used 34941K, committed 35264K, reserved 1081344K
  class space    used 4545K, committed 4736K, reserved 1048576K
}

Deoptimization events (18 events):
Event: 1.454 Thread 0x000001d9d1946a00 DEOPT PACKING pc=0x000001d9d60a0bf5 sp=0x00000031aeffd9c0
Event: 1.454 Thread 0x000001d9d1946a00 DEOPT UNPACKING pc=0x000001d9d5df2b43 sp=0x00000031aeffce30 mode 3
Event: 3.655 Thread 0x000001d9d1946a00 DEOPT PACKING pc=0x000001d9d61bc899 sp=0x00000031aeffd230
Event: 3.655 Thread 0x000001d9d1946a00 DEOPT UNPACKING pc=0x000001d9d5df2b43 sp=0x00000031aeffc710 mode 3
Event: 5.047 Thread 0x000001d9d1946a00 DEOPT PACKING pc=0x000001d9d62920f5 sp=0x00000031aeffcda0
Event: 5.047 Thread 0x000001d9d1946a00 DEOPT UNPACKING pc=0x000001d9d5df2b43 sp=0x00000031aeffc210 mode 3
Event: 6.717 Thread 0x000001d9d1946a00 DEOPT PACKING pc=0x000001d9d62f8eb4 sp=0x00000031aeff7770
Event: 6.717 Thread 0x000001d9d1946a00 DEOPT UNPACKING pc=0x000001d9d5df2b43 sp=0x00000031aeff6bf0 mode 3
Event: 7.349 Thread 0x000001d9d1946a00 DEOPT PACKING pc=0x000001d9d6336f19 sp=0x00000031aeffc730
Event: 7.349 Thread 0x000001d9d1946a00 DEOPT UNPACKING pc=0x000001d9d5df2b43 sp=0x00000031aeffbc10 mode 3
Event: 7.544 Thread 0x000001d9df9c1390 DEOPT PACKING pc=0x000001d9d639032b sp=0x00000031b04fed40
Event: 7.544 Thread 0x000001d9df9c1390 DEOPT UNPACKING pc=0x000001d9d5df2b43 sp=0x00000031b04fe288 mode 3
Event: 8.132 Thread 0x000001d9dfc9f580 DEOPT PACKING pc=0x000001d9d64606b5 sp=0x00000031b0cfd9a0
Event: 8.132 Thread 0x000001d9dfc9f580 DEOPT UNPACKING pc=0x000001d9d5df2b43 sp=0x00000031b0cfcec8 mode 3
Event: 8.718 Thread 0x000001d9dfc41820 DEOPT PACKING pc=0x000001d9d61be401 sp=0x00000031b09feec0
Event: 8.718 Thread 0x000001d9dfc41820 DEOPT UNPACKING pc=0x000001d9d5df2b43 sp=0x00000031b09fe350 mode 3
Event: 9.657 Thread 0x000001d9dfc41cf0 DEOPT PACKING pc=0x000001d9d61b8597 sp=0x00000031b0afefa0
Event: 9.657 Thread 0x000001d9dfc41cf0 DEOPT UNPACKING pc=0x000001d9d5df2b43 sp=0x00000031b0afe3f8 mode 3

Classes unloaded (0 events):
No events

Classes redefined (0 events):
No events

Internal exceptions (20 events):
Event: 7.724 Thread 0x000001d9df866260 Exception <a 'sun/nio/fs/WindowsException'{0x00000000cc18cd80}> (0x00000000cc18cd80) 
thrown [e:\jenkins\tmp\workspace\build\src\src\hotspot\share\prims\jni.cpp, line 516]
Event: 7.724 Thread 0x000001d9df866260 Exception <a 'sun/nio/fs/WindowsException'{0x00000000cc18d770}> (0x00000000cc18d770) 
thrown [e:\jenkins\tmp\workspace\build\src\src\hotspot\share\prims\jni.cpp, line 516]
Event: 7.724 Thread 0x000001d9df866260 Exception <a 'sun/nio/fs/WindowsException'{0x00000000cc18db18}> (0x00000000cc18db18) 
thrown [e:\jenkins\tmp\workspace\build\src\src\hotspot\share\prims\jni.cpp, line 516]
Event: 7.724 Thread 0x000001d9df866260 Exception <a 'sun/nio/fs/WindowsException'{0x00000000cc18e518}> (0x00000000cc18e518) 
thrown [e:\jenkins\tmp\workspace\build\src\src\hotspot\share\prims\jni.cpp, line 516]
Event: 7.724 Thread 0x000001d9df866260 Exception <a 'sun/nio/fs/WindowsException'{0x00000000cc18e8d8}> (0x00000000cc18e8d8) 
thrown [e:\jenkins\tmp\workspace\build\src\src\hotspot\share\prims\jni.cpp, line 516]
Event: 7.724 Thread 0x000001d9df866260 Exception <a 'sun/nio/fs/WindowsException'{0x00000000cc18f2d8}> (0x00000000cc18f2d8) 
thrown [e:\jenkins\tmp\workspace\build\src\src\hotspot\share\prims\jni.cpp, line 516]
Event: 7.724 Thread 0x000001d9df866260 Exception <a 'sun/nio/fs/WindowsException'{0x00000000cc18f688}> (0x00000000cc18f688) 
thrown [e:\jenkins\tmp\workspace\build\src\src\hotspot\share\prims\jni.cpp, line 516]
Event: 7.725 Thread 0x000001d9df866260 Exception <a 'sun/nio/fs/WindowsException'{0x00000000cc190088}> (0x00000000cc190088) 
thrown [e:\jenkins\tmp\workspace\build\src\src\hotspot\share\prims\jni.cpp, line 516]
Event: 7.725 Thread 0x000001d9df866260 Exception <a 'sun/nio/fs/WindowsException'{0x00000000cc190448}> (0x00000000cc190448) 
thrown [e:\jenkins\tmp\workspace\build\src\src\hotspot\share\prims\jni.cpp, line 516]
Event: 7.725 Thread 0x000001d9df866260 Exception <a 'sun/nio/fs/WindowsException'{0x00000000cc190e70}> (0x00000000cc190e70) 
thrown [e:\jenkins\tmp\workspace\build\src\src\hotspot\share\prims\jni.cpp, line 516]
Event: 7.725 Thread 0x000001d9df866260 Exception <a 'sun/nio/fs/WindowsException'{0x00000000cc191250}> (0x00000000cc191250) 
thrown [e:\jenkins\tmp\workspace\build\src\src\hotspot\share\prims\jni.cpp, line 516]
Event: 7.725 Thread 0x000001d9df866260 Exception <a 'sun/nio/fs/WindowsException'{0x00000000cc191c88}> (0x00000000cc191c88) 
thrown [e:\jenkins\tmp\workspace\build\src\src\hotspot\share\prims\jni.cpp, line 516]
Event: 7.725 Thread 0x000001d9df866260 Exception <a 'sun/nio/fs/WindowsException'{0x00000000cc192078}> (0x00000000cc192078) 
thrown [e:\jenkins\tmp\workspace\build\src\src\hotspot\share\prims\jni.cpp, line 516]
Event: 7.726 Thread 0x000001d9df866260 Exception <a 'sun/nio/fs/WindowsException'{0x00000000cc192aa0}> (0x00000000cc192aa0) 
thrown [e:\jenkins\tmp\workspace\build\src\src\hotspot\share\prims\jni.cpp, line 516]
Event: 7.726 Thread 0x000001d9df866260 Exception <a 'sun/nio/fs/WindowsException'{0x00000000cc192e90}> (0x00000000cc192e90) 
thrown [e:\jenkins\tmp\workspace\build\src\src\hotspot\share\prims\jni.cpp, line 516]
Event: 8.124 Thread 0x000001d9dfc9f580 Exception <a 'java/lang/NoSuchMethodError'{0x00000000cd0c2bc8}: 'java.lang.Object java.lang.invoke.DirectMethodHandle$Holder.invokeStatic(java.lang.Object, int, java.lang.Object)'> (0x00000000cd0c2bc8) 
thrown [e:\jenkins\tmp\workspace\build\src\src\hotspot\share\interpreter\linkResolver.cpp, line 766]
Event: 8.127 Thread 0x000001d9df934050 Exception <a 'java/lang/NoSuchMethodError'{0x00000000ccf4fb40}: 'java.lang.Object java.lang.invoke.DirectMethodHandle$Holder.invokeStatic(java.lang.Object, java.lang.Object, java.lang.Object, int, java.lang.Object, java.lang.Object)'> (0x00000000ccf4fb40) 
thrown [e:\jenkins\tmp\workspace\build\src\src\hotspot\share\interpreter\linkResolver.cpp, line 766]
Event: 8.460 Thread 0x000001d9dfc9f580 Exception <a 'java/lang/NoSuchMethodError'{0x00000000cc5475a8}: 'int java.lang.invoke.DirectMethodHandle$Holder.invokeStatic(java.lang.Object)'> (0x00000000cc5475a8) 
thrown [e:\jenkins\tmp\workspace\build\src\src\hotspot\share\interpreter\linkResolver.cpp, line 766]
Event: 8.461 Thread 0x000001d9dfc9f580 Exception <a 'java/lang/NoSuchMethodError'{0x00000000cc54ad00}: 'int java.lang.invoke.DirectMethodHandle$Holder.invokeStaticInit(java.lang.Object)'> (0x00000000cc54ad00) 
thrown [e:\jenkins\tmp\workspace\build\src\src\hotspot\share\interpreter\linkResolver.cpp, line 766]
Event: 8.542 Thread 0x000001d9df934050 Exception <a 'java/lang/NoSuchMethodError'{0x00000000cc32f608}: 'int java.lang.invoke.DirectMethodHandle$Holder.invokeVirtual(java.lang.Object, java.lang.Object)'> (0x00000000cc32f608) 
thrown [e:\jenkins\tmp\workspace\build\src\src\hotspot\share\interpreter\linkResolver.cpp, line 766]

VM Operations (20 events):
Event: 9.857 Executing VM operation: ICBufferFull done
Event: 9.858 Executing VM operation: ICBufferFull
Event: 9.858 Executing VM operation: ICBufferFull done
Event: 9.859 Executing VM operation: ICBufferFull
Event: 9.859 Executing VM operation: ICBufferFull done
Event: 9.859 Executing VM operation: ICBufferFull
Event: 9.859 Executing VM operation: ICBufferFull done
Event: 9.860 Executing VM operation: ICBufferFull
Event: 9.860 Executing VM operation: ICBufferFull done
Event: 9.861 Executing VM operation: ICBufferFull
Event: 9.861 Executing VM operation: ICBufferFull done
Event: 9.862 Executing VM operation: ICBufferFull
Event: 9.862 Executing VM operation: ICBufferFull done
Event: 9.863 Executing VM operation: ICBufferFull
Event: 9.863 Executing VM operation: ICBufferFull done
Event: 9.875 Executing VM operation: G1CollectForAllocation
Event: 9.896 Executing VM operation: G1CollectForAllocation done
Event: 9.907 Executing VM operation: G1CollectForAllocation
Event: 9.935 Executing VM operation: G1CollectForAllocation done
Event: 10.001 Executing VM operation: G1TryInitiateConcMark

Events (20 events):
Event: 8.725 loading class java/util/function/DoubleConsumer done
Event: 8.725 loading class java/util/DoubleSummaryStatistics done
Event: 8.725 loading class java/util/concurrent/locks/AbstractQueuedSynchronizer$SharedNode
Event: 8.725 loading class java/util/concurrent/locks/AbstractQueuedSynchronizer$SharedNode done
Event: 8.725 loading class jdk/internal/module/SystemModuleFinders$ModuleContentSpliterator
Event: 8.726 loading class jdk/internal/module/SystemModuleFinders$ModuleContentSpliterator done
Event: 8.726 loading class jdk/internal/jimage/ImageReader$Directory
Event: 8.726 loading class jdk/internal/jimage/ImageReader$Node
Event: 8.726 loading class jdk/internal/jimage/ImageReader$Node done
Event: 8.726 loading class jdk/internal/jimage/ImageReader$Directory done
Event: 8.726 loading class jdk/internal/jimage/ImageReader$SharedImageReader$LocationVisitor
Event: 8.726 loading class jdk/internal/jimage/ImageReader$SharedImageReader$LocationVisitor done
Event: 8.726 loading class java/nio/ByteBufferAsIntBufferL
Event: 8.726 loading class java/nio/ByteBufferAsIntBufferL done
Event: 8.728 loading class jdk/internal/jimage/ImageReader$Resource
Event: 8.728 loading class jdk/internal/jimage/ImageReader$Resource done
Event: 8.728 loading class java/util/stream/LongStream
Event: 8.729 loading class java/util/stream/LongStream done
Event: 8.729 loading class java/util/stream/DoubleStream
Event: 8.729 loading class java/util/stream/DoubleStream done


Dynamic libraries:
0x00007ff6155c0000 - 0x00007ff6155ce000 	c:\Users\gilbe\.vscode\extensions\redhat.java-1.9.0-win32-x64\jre\17.0.3-win32-x86_64\bin\java.exe
0x00007ff8b7ed0000 - 0x00007ff8b80c8000 	C:\windows\SYSTEM32\ntdll.dll
0x00007ff8b7510000 - 0x00007ff8b75cd000 	C:\windows\System32\KERNEL32.DLL
0x00007ff8b5940000 - 0x00007ff8b5c0e000 	C:\windows\System32\KERNELBASE.dll
0x00007ff8b5de0000 - 0x00007ff8b5ee0000 	C:\windows\System32\ucrtbase.dll
0x00007ff8aea20000 - 0x00007ff8aea38000 	c:\Users\gilbe\.vscode\extensions\redhat.java-1.9.0-win32-x64\jre\17.0.3-win32-x86_64\bin\jli.dll
0x00007ff8b5f40000 - 0x00007ff8b60e0000 	C:\windows\System32\USER32.dll
0x00007ff8b5910000 - 0x00007ff8b5932000 	C:\windows\System32\win32u.dll
0x00007ff8b7df0000 - 0x00007ff8b7e1a000 	C:\windows\System32\GDI32.dll
0x00007ff8b5cd0000 - 0x00007ff8b5ddb000 	C:\windows\System32\gdi32full.dll
0x00007ff8b57c0000 - 0x00007ff8b585d000 	C:\windows\System32\msvcp_win.dll
0x00007ff8ad430000 - 0x00007ff8ad449000 	c:\Users\gilbe\.vscode\extensions\redhat.java-1.9.0-win32-x64\jre\17.0.3-win32-x86_64\bin\VCRUNTIME140.dll
0x00007ff89edf0000 - 0x00007ff89f08a000 	C:\windows\WinSxS\amd64_microsoft.windows.common-controls_6595b64144ccf1df_6.0.19041.1110_none_60b5254171f9507e\COMCTL32.dll
0x00007ff8b7ab0000 - 0x00007ff8b7b4e000 	C:\windows\System32\msvcrt.dll
0x00007ff8b7720000 - 0x00007ff8b7750000 	C:\windows\System32\IMM32.DLL
0x00007ff8ad620000 - 0x00007ff8ad62c000 	c:\Users\gilbe\.vscode\extensions\redhat.java-1.9.0-win32-x64\jre\17.0.3-win32-x86_64\bin\vcruntime140_1.dll
0x00007ff887b10000 - 0x00007ff887ba1000 	c:\Users\gilbe\.vscode\extensions\redhat.java-1.9.0-win32-x64\jre\17.0.3-win32-x86_64\bin\msvcp140.dll
0x00007ff875b60000 - 0x00007ff8767a8000 	c:\Users\gilbe\.vscode\extensions\redhat.java-1.9.0-win32-x64\jre\17.0.3-win32-x86_64\bin\server\jvm.dll
0x00007ff8b63f0000 - 0x00007ff8b649e000 	C:\windows\System32\ADVAPI32.dll
0x00007ff8b7470000 - 0x00007ff8b750c000 	C:\windows\System32\sechost.dll
0x00007ff8b7210000 - 0x00007ff8b7335000 	C:\windows\System32\RPCRT4.dll
0x00007ff8b5f30000 - 0x00007ff8b5f38000 	C:\windows\System32\PSAPI.DLL
0x00007ff8ad5e0000 - 0x00007ff8ad5e9000 	C:\windows\SYSTEM32\WSOCK32.dll
0x00007ff8b7140000 - 0x00007ff8b71ab000 	C:\windows\System32\WS2_32.dll
0x00007ff8ac360000 - 0x00007ff8ac387000 	C:\windows\SYSTEM32\WINMM.dll
0x00007ff8ac390000 - 0x00007ff8ac39a000 	C:\windows\SYSTEM32\VERSION.dll
0x00007ff8b34f0000 - 0x00007ff8b3502000 	C:\windows\SYSTEM32\kernel.appcore.dll
0x00007ff8ad3b0000 - 0x00007ff8ad3ba000 	c:\Users\gilbe\.vscode\extensions\redhat.java-1.9.0-win32-x64\jre\17.0.3-win32-x86_64\bin\jimage.dll
0x00007ff89fd40000 - 0x00007ff89ff24000 	C:\windows\SYSTEM32\DBGHELP.DLL
0x00007ff89a020000 - 0x00007ff89a04c000 	C:\windows\SYSTEM32\dbgcore.DLL
0x00007ff8b5c10000 - 0x00007ff8b5c92000 	C:\windows\System32\bcryptPrimitives.dll
0x00007ff8ad350000 - 0x00007ff8ad375000 	c:\Users\gilbe\.vscode\extensions\redhat.java-1.9.0-win32-x64\jre\17.0.3-win32-x86_64\bin\java.dll
0x00007ff8ad330000 - 0x00007ff8ad348000 	c:\Users\gilbe\.vscode\extensions\redhat.java-1.9.0-win32-x64\jre\17.0.3-win32-x86_64\bin\zip.dll
0x00007ff8b6500000 - 0x00007ff8b6c44000 	C:\windows\System32\SHELL32.dll
0x00007ff8b36f0000 - 0x00007ff8b3e84000 	C:\windows\SYSTEM32\windows.storage.dll
0x00007ff8b7750000 - 0x00007ff8b7aa4000 	C:\windows\System32\combase.dll
0x00007ff8b4f80000 - 0x00007ff8b4fb0000 	C:\windows\SYSTEM32\Wldp.dll
0x00007ff8b6290000 - 0x00007ff8b633d000 	C:\windows\System32\SHCORE.dll
0x00007ff8b64a0000 - 0x00007ff8b64f5000 	C:\windows\System32\shlwapi.dll
0x00007ff8b5530000 - 0x00007ff8b554f000 	C:\windows\SYSTEM32\profapi.dll
0x00007ff8ad2f0000 - 0x00007ff8ad309000 	C:\Users\gilbe\.vscode\extensions\redhat.java-1.9.0-win32-x64\jre\17.0.3-win32-x86_64\bin\net.dll
0x00007ff8a6530000 - 0x00007ff8a663a000 	C:\windows\SYSTEM32\WINHTTP.dll
0x00007ff8b4ce0000 - 0x00007ff8b4d4a000 	C:\windows\system32\mswsock.dll
0x00007ff8ad0c0000 - 0x00007ff8ad0d5000 	C:\Users\gilbe\.vscode\extensions\redhat.java-1.9.0-win32-x64\jre\17.0.3-win32-x86_64\bin\nio.dll
0x00007ff8ad320000 - 0x00007ff8ad330000 	c:\Users\gilbe\.vscode\extensions\redhat.java-1.9.0-win32-x64\jre\17.0.3-win32-x86_64\bin\verify.dll
0x00007ff8ad6b0000 - 0x00007ff8ad6b9000 	C:\Users\gilbe\.vscode\extensions\redhat.java-1.9.0-win32-x64\jre\17.0.3-win32-x86_64\bin\management.dll
0x00007ff8ad2e0000 - 0x00007ff8ad2eb000 	C:\Users\gilbe\.vscode\extensions\redhat.java-1.9.0-win32-x64\jre\17.0.3-win32-x86_64\bin\management_ext.dll
0x00007ff898790000 - 0x00007ff8987a7000 	C:\windows\system32\napinsp.dll
0x00007ff898770000 - 0x00007ff89878b000 	C:\windows\system32\pnrpnsp.dll
0x00007ff8b0200000 - 0x00007ff8b0215000 	C:\windows\system32\wshbth.dll
0x00007ff8b0fd0000 - 0x00007ff8b0fed000 	C:\windows\system32\NLAapi.dll
0x00007ff8b49d0000 - 0x00007ff8b4a0b000 	C:\windows\SYSTEM32\IPHLPAPI.DLL
0x00007ff8b4a10000 - 0x00007ff8b4adb000 	C:\windows\SYSTEM32\DNSAPI.dll
0x00007ff8b7e80000 - 0x00007ff8b7e88000 	C:\windows\System32\NSI.dll
0x00007ff898750000 - 0x00007ff898762000 	C:\windows\System32\winrnr.dll
0x00007ff8ad030000 - 0x00007ff8ad03a000 	C:\Windows\System32\rasadhlp.dll
0x00007ff89f230000 - 0x00007ff89f2b0000 	C:\windows\System32\fwpuclnt.dll
0x00007ff8b5ca0000 - 0x00007ff8b5cc7000 	C:\windows\System32\bcrypt.dll
0x00007ff8b4ed0000 - 0x00007ff8b4ee8000 	C:\windows\SYSTEM32\CRYPTSP.dll
0x00007ff8b4660000 - 0x00007ff8b4694000 	C:\windows\system32\rsaenh.dll
0x00007ff8b54b0000 - 0x00007ff8b54de000 	C:\windows\SYSTEM32\USERENV.dll
0x00007ff8b4ef0000 - 0x00007ff8b4efc000 	C:\windows\SYSTEM32\CRYPTBASE.dll
0x00007ff8a9a30000 - 0x00007ff8a9a47000 	C:\windows\SYSTEM32\dhcpcsvc6.DLL
0x00007ff8a9da0000 - 0x00007ff8a9dbd000 	C:\windows\SYSTEM32\dhcpcsvc.DLL

dbghelp: loaded successfully - version: 4.0.5 - missing functions: none
symbol engine: initialized successfully - sym options: 0x614 - pdb path: .;c:\Users\gilbe\.vscode\extensions\redhat.java-1.9.0-win32-x64\jre\17.0.3-win32-x86_64\bin;C:\windows\SYSTEM32;C:\windows\WinSxS\amd64_microsoft.windows.common-controls_6595b64144ccf1df_6.0.19041.1110_none_60b5254171f9507e;c:\Users\gilbe\.vscode\extensions\redhat.java-1.9.0-win32-x64\jre\17.0.3-win32-x86_64\bin\server

VM Arguments:
jvm_args: -Dsts.lsp.client=vscode -Dsts.log.file=/dev/null -XX:TieredStopAtLevel=1 -Dspring.config.location=file:c:\Users\gilbe\.vscode\extensions\pivotal.vscode-spring-boot-1.37.0\language-server\BOOT-INF\classes\application.properties 
java_command: org.springframework.ide.vscode.boot.app.BootLanguageServerBootApp
java_class_path (initial): c:\Users\gilbe\.vscode\extensions\pivotal.vscode-spring-boot-1.37.0\language-server\BOOT-INF\classes;c:\Users\gilbe\.vscode\extensions\pivotal.vscode-spring-boot-1.37.0\language-server\BOOT-INF\lib\annotations-23.0.0.jar;c:\Users\gilbe\.vscode\extensions\pivotal.vscode-spring-boot-1.37.0\language-server\BOOT-INF\lib\antlr-runtime-3.5.2.jar;c:\Users\gilbe\.vscode\extensions\pivotal.vscode-spring-boot-1.37.0\language-server\BOOT-INF\lib\antlr4-4.9.3.jar;c:\Users\gilbe\.vscode\extensions\pivotal.vscode-spring-boot-1.37.0\language-server\BOOT-INF\lib\antlr4-runtime-4.9.3.jar;c:\Users\gilbe\.vscode\extensions\pivotal.vscode-spring-boot-1.37.0\language-server\BOOT-INF\lib\asm-9.3.jar;c:\Users\gilbe\.vscode\extensions\pivotal.vscode-spring-boot-1.37.0\language-server\BOOT-INF\lib\asm-analysis-9.3.jar;c:\Users\gilbe\.vscode\extensions\pivotal.vscode-spring-boot-1.37.0\language-server\BOOT-INF\lib\asm-tree-9.3.jar;c:\Users\gilbe\.vscode\extensions\pivotal.vscode-spring-boot-1.37.0\language-server\BOOT-INF\lib\asm-util-9.3.jar;c:\Users\gilbe\.vscode\extensions\pivotal.vscode-spring-boot-1.37.0\language-server\BOOT-INF\lib\byte-buddy-1.10.18.jar;c:\Users\gilbe\.vscode\extensions\pivotal.vscode-spring-boot-1.37.0\language-server\BOOT-INF\lib\caffeine-2.8.6.jar;c:\Users\gilbe\.vscode\extensions\pivotal.vscode-spring-boot-1.37.0\language-server\BOOT-INF\lib\checker-qual-3.12.0.jar;c:\Users\gilbe\.vscode\extensions\pivotal.vscode-spring-boot-1.37.0\language-server\BOOT-INF\lib\classgraph-4.8.149.jar;c:\Users\gilbe\.vscode\extensions\pivotal.vscode-spring-boot-1.37.0\language-server\BOOT-INF\lib\commons-codec-1.14.jar;c:\Users\gilbe\.vscode\extensions\pivotal.vscode-spring-boot-1.37.0\language-server\BOOT-INF\lib\commons-compress-1.21.jar;c:\Users\gilbe\.vscode\extensions\pivotal.vscode-spring-boot-1.37.0\language-server\BOOT-INF\lib\commons-exec-1.3.jar;c:\Users\gilbe\.vscode\extensions\pivotal.vscode-spring-boot-1.37.0\language-server\BOOT-INF\lib\com
Launcher Type: SUN_STANDARD

[Global flags]
     intx CICompilerCount                          = 2                                         {product} {ergonomic}
     uint ConcGCThreads                            = 1                                         {product} {ergonomic}
     uint G1ConcRefinementThreads                  = 2                                         {product} {ergonomic}
   size_t G1HeapRegionSize                         = 1048576                                   {product} {ergonomic}
    uintx GCDrainStackTargetSize                   = 64                                        {product} {ergonomic}
   size_t InitialHeapSize                          = 58720256                                  {product} {ergonomic}
   size_t MarkStackSize                            = 4194304                                   {product} {ergonomic}
   size_t MaxHeapSize                              = 908066816                                 {product} {ergonomic}
   size_t MaxNewSize                               = 544210944                                 {product} {ergonomic}
   size_t MinHeapDeltaBytes                        = 1048576                                   {product} {ergonomic}
   size_t MinHeapSize                              = 8388608                                   {product} {ergonomic}
    uintx NonProfiledCodeHeapSize                  = 0                                      {pd product} {ergonomic}
     bool ProfileInterpreter                       = false                                  {pd product} {command line}
    uintx ProfiledCodeHeapSize                     = 0                                      {pd product} {ergonomic}
   size_t SoftMaxHeapSize                          = 908066816                              {manageable} {ergonomic}
     intx TieredStopAtLevel                        = 1                                         {product} {command line}
     bool UseCompressedClassPointers               = true                           {product lp64_product} {ergonomic}
     bool UseCompressedOops                        = true                           {product lp64_product} {ergonomic}
     bool UseG1GC                                  = true                                      {product} {ergonomic}
     bool UseLargePagesIndividualAllocation        = false                                  {pd product} {ergonomic}

Logging:
Log output configuration:
 #0: stdout all=warning uptime,level,tags
 #1: stderr all=off uptime,level,tags

Environment Variables:
PATH=C:\Program Files (x86)\Common Files\Oracle\Java\javapath;C:\windows\system32;C:\windows;C:\windows\System32\Wbem;C:\windows\System32\WindowsPowerShell\v1.0\;C:\windows\System32\OpenSSH\;C:\Program Files\nodejs\;C:\ProgramData\chocolatey\bin;C:\Users\gilbe\AppData\Local\Programs\Python\Python310\Scripts\;C:\Users\gilbe\AppData\Local\Programs\Python\Python310\;C:\Users\gilbe\AppData\Local\Microsoft\WindowsApps;C:\Users\gilbe\AppData\Local\Programs\Microsoft VS Code\bin;C:\Users\gilbe\AppData\Roaming\npm;C:\Program Files\Java\jdk1.8.0_311\bin;C:\Program Files\Java\jre1.8.0_341\bin;
USERNAME=gilbe
OS=Windows_NT
PROCESSOR_IDENTIFIER=AMD64 Family 23 Model 24 Stepping 1, AuthenticAMD



---------------  S Y S T E M  ---------------

OS:
 Windows 10 , 64 bit Build 19041 (10.0.19041.1806)
OS uptime: 23 days 21:36 hours

CPU: total 2 (initial active 2) (2 cores per cpu, 1 threads per core) family 23 model 24 stepping 1 microcode 0x0, cx8, cmov, fxsr, mmx, 3dnowpref, sse, sse2, sse3, ssse3, sse4a, sse4.1, sse4.2, popcnt, lzcnt, tsc, tscinvbit, avx, avx2, aes, clmul, bmi1, bmi2, adx, sha, fma, vzeroupper, clflush, clflushopt

Memory: 4k page, system-wide physical 3463M (143M free)
TotalPageFile size 14215M (AvailPageFile size 100M)
current process WorkingSet (physical memory assigned to process): 181M, peak: 181M
current process commit charge ("private bytes"): 204M, peak: 378M

vm_info: OpenJDK 64-Bit Server VM (17.0.3+7) for windows-amd64 JRE (17.0.3+7), built on Apr 19 2022 16:55:35 by "" with MS VC++ 16.7 (VS2019)

END.
