#
# There is insufficient memory for the Java Runtime Environment to continue.
# Native memory allocation (mmap) failed to map 229638144 bytes for G1 virtual space
# Possible reasons:
#   The system is out of physical RAM or swap space
#   The process is running with CompressedOops enabled, and the Java Heap may be blocking the growth of the native heap
# Possible solutions:
#   Reduce memory load on the system
#   Increase physical memory or swap space
#   Check if swap backing store is full
#   Decrease Java heap size (-Xmx/-Xms)
#   Decrease number of Java threads
#   Decrease Java thread stack sizes (-Xss)
#   Set larger code cache with -XX:ReservedCodeCacheSize=
#   JVM is running with Unscaled Compressed Oops mode in which the Java heap is
#     placed in the first 4GB address space. The Java Heap base address is the
#     maximum limit for the native heap growth. Please use -XX:HeapBaseMinAddress
#     to set the Java Heap base and to place the Java Heap above 4GB virtual address.
# This output file may be truncated or incomplete.
#
#  Out of Memory Error (os_windows.cpp:3535), pid=9976, tid=9208
#
# JRE version: OpenJDK Runtime Environment Temurin-17.0.3+7 (17.0.3+7) (build 17.0.3+7)
# Java VM: OpenJDK 64-Bit Server VM Temurin-17.0.3+7 (17.0.3+7, mixed mode, emulated-client, tiered, compressed oops, compressed class ptrs, g1 gc, windows-amd64)
# No core dump will be written. Minidumps are not enabled by default on client versions of Windows
#

---------------  S U M M A R Y ------------

Command Line: -Dsts.lsp.client=vscode -Dsts.log.file=/dev/null -XX:TieredStopAtLevel=1 -Dspring.config.location=file:c:\Users\gilbe\.vscode\extensions\pivotal.vscode-spring-boot-1.38.0\language-server\BOOT-INF\classes\application.properties org.springframework.ide.vscode.boot.app.BootLanguageServerBootApp

Host: AMD Athlon Silver 3050U with Radeon Graphics   , 2 cores, 3G,  Windows 10 , 64 bit Build 19041 (10.0.19041.1806)
Time: Sat Aug 13 10:43:32 2022 Central Daylight Time elapsed time: 70.307951 seconds (0d 0h 1m 10s)

---------------  T H R E A D  ---------------

Current thread (0x000001adfafee9c0):  VMThread "VM Thread" [stack: 0x0000002b7d100000,0x0000002b7d200000] [id=9208]

Stack: [0x0000002b7d100000,0x0000002b7d200000]
Native frames: (J=compiled Java code, j=interpreted, Vv=VM code, C=native code)
V  [jvm.dll+0x675efa]
V  [jvm.dll+0x830a24]
V  [jvm.dll+0x8321ce]
V  [jvm.dll+0x832833]
V  [jvm.dll+0x2454b5]
V  [jvm.dll+0x672de9]
V  [jvm.dll+0x667732]
V  [jvm.dll+0x3043ab]
V  [jvm.dll+0x30b8f6]
V  [jvm.dll+0x35b62e]
V  [jvm.dll+0x35b85f]
V  [jvm.dll+0x2db248]
V  [jvm.dll+0x2d94fc]
V  [jvm.dll+0x2d8acc]
V  [jvm.dll+0x31ca2b]
V  [jvm.dll+0x836cdb]
V  [jvm.dll+0x837a14]
V  [jvm.dll+0x837f2c]
V  [jvm.dll+0x838304]
V  [jvm.dll+0x8383d0]
V  [jvm.dll+0x7e0cfa]
V  [jvm.dll+0x674d85]
C  [ucrtbase.dll+0x21bb2]
C  [KERNEL32.DLL+0x17034]
C  [ntdll.dll+0x52651]

VM_Operation (0x0000002b7e2fdae0): G1CollectForAllocation, mode: safepoint, requested by thread 0x000001adfdba1a30


---------------  P R O C E S S  ---------------

Threads class SMR info:
_java_thread_list=0x000001adfdace650, length=26, elements={
0x000001adfb011750, 0x000001adfb0124d0, 0x000001adfb04f130, 0x000001adfb051dc0,
0x000001adfb0546a0, 0x000001adfb054f60, 0x000001adfb0558d0, 0x000001adfb0561d0,
0x000001adfbd89f90, 0x000001adfbd93d10, 0x000001adfd7f5780, 0x000001adfd63e450,
0x000001adfd8bc3a0, 0x000001adf14f4ba0, 0x000001adfdba1250, 0x000001adfdba1a30,
0x000001adfd8fc6c0, 0x000001adfd8fcb90, 0x000001adfd8fd060, 0x000001adfd38e830,
0x000001adfdd381f0, 0x000001adfc77c550, 0x000001adfc779ed0, 0x000001adfc77bbb0,
0x000001adfc77a3a0, 0x000001adfc77a870
}

Java Threads: ( => current thread )
  0x000001adfb011750 JavaThread "Reference Handler" daemon [_thread_blocked, id=20244, stack(0x0000002b7d200000,0x0000002b7d300000)]
  0x000001adfb0124d0 JavaThread "Finalizer" daemon [_thread_blocked, id=19512, stack(0x0000002b7d300000,0x0000002b7d400000)]
  0x000001adfb04f130 JavaThread "Signal Dispatcher" daemon [_thread_blocked, id=4196, stack(0x0000002b7d400000,0x0000002b7d500000)]
  0x000001adfb051dc0 JavaThread "Attach Listener" daemon [_thread_blocked, id=20496, stack(0x0000002b7d500000,0x0000002b7d600000)]
  0x000001adfb0546a0 JavaThread "Service Thread" daemon [_thread_blocked, id=21228, stack(0x0000002b7d600000,0x0000002b7d700000)]
  0x000001adfb054f60 JavaThread "Monitor Deflation Thread" daemon [_thread_blocked, id=17352, stack(0x0000002b7d700000,0x0000002b7d800000)]
  0x000001adfb0558d0 JavaThread "C1 CompilerThread0" daemon [_thread_blocked, id=20868, stack(0x0000002b7d800000,0x0000002b7d900000)]
  0x000001adfb0561d0 JavaThread "Sweeper thread" daemon [_thread_blocked, id=12056, stack(0x0000002b7d900000,0x0000002b7da00000)]
  0x000001adfbd89f90 JavaThread "Notification Thread" daemon [_thread_blocked, id=13156, stack(0x0000002b7da00000,0x0000002b7db00000)]
  0x000001adfbd93d10 JavaThread "Common-Cleaner" daemon [_thread_blocked, id=18208, stack(0x0000002b7dc00000,0x0000002b7dd00000)]
  0x000001adfd7f5780 JavaThread "Thread-1" [_thread_blocked, id=17416, stack(0x0000002b7de00000,0x0000002b7df00000)]
  0x000001adfd63e450 JavaThread "pool-7-thread-1" [_thread_blocked, id=9388, stack(0x0000002b7df00000,0x0000002b7e000000)]
  0x000001adfd8bc3a0 JavaThread "LanguageServerApp-lifecycle" [_thread_blocked, id=18848, stack(0x0000002b7e000000,0x0000002b7e100000)]
  0x000001adf14f4ba0 JavaThread "DestroyJavaVM" [_thread_blocked, id=13544, stack(0x0000002b7cb00000,0x0000002b7cc00000)]
  0x000001adfdba1250 JavaThread "pool-8-thread-1" [_thread_in_native, id=5060, stack(0x0000002b7e100000,0x0000002b7e200000)]
  0x000001adfdba1a30 JavaThread "ClassGraph-worker-0" daemon [_thread_blocked, id=21312, stack(0x0000002b7e200000,0x0000002b7e300000)]
  0x000001adfd8fc6c0 JavaThread "ClassGraph-worker-1" daemon [_thread_blocked, id=13972, stack(0x0000002b7e300000,0x0000002b7e400000)]
  0x000001adfd8fcb90 JavaThread "ClassGraph-worker-2" daemon [_thread_blocked, id=4516, stack(0x0000002b7e400000,0x0000002b7e500000)]
  0x000001adfd8fd060 JavaThread "ClassGraph-worker-3" daemon [_thread_blocked, id=15100, stack(0x0000002b7e500000,0x0000002b7e600000)]
  0x000001adfd38e830 JavaThread "Simple-Language-Server main thread" daemon [_thread_blocked, id=20332, stack(0x0000002b7e800000,0x0000002b7e900000)]
  0x000001adfdd381f0 JavaThread "pool-5-thread-1" [_thread_blocked, id=8520, stack(0x0000002b7e900000,0x0000002b7ea00000)]
  0x000001adfc77c550 JavaThread "parallel-1" daemon [_thread_blocked, id=7700, stack(0x0000002b7ea00000,0x0000002b7eb00000)]
  0x000001adfc779ed0 JavaThread "Reconciler-1" daemon [_thread_blocked, id=17000, stack(0x0000002b7eb00000,0x0000002b7ec00000)]
  0x000001adfc77bbb0 JavaThread "pool-2-thread-1" [_thread_blocked, id=19968, stack(0x0000002b7ec00000,0x0000002b7ed00000)]
  0x000001adfc77a3a0 JavaThread "pool-2-thread-2" [_thread_blocked, id=16364, stack(0x0000002b7ee00000,0x0000002b7ef00000)]
  0x000001adfc77a870 JavaThread "parallel-2" daemon [_thread_blocked, id=10624, stack(0x0000002b7ed00000,0x0000002b7ee00000)]

Other Threads:
=>0x000001adfafee9c0 VMThread "VM Thread" [stack: 0x0000002b7d100000,0x0000002b7d200000] [id=9208]
  0x000001adfbd8c470 WatcherThread [stack: 0x0000002b7db00000,0x0000002b7dc00000] [id=10448]
  0x000001adf152ba40 GCTaskThread "GC Thread#0" [stack: 0x0000002b7cc00000,0x0000002b7cd00000] [id=11232]
  0x000001adfbff6f80 GCTaskThread "GC Thread#1" [stack: 0x0000002b7dd00000,0x0000002b7de00000] [id=21460]
  0x000001adf15348e0 ConcurrentGCThread "G1 Main Marker" [stack: 0x0000002b7cd00000,0x0000002b7ce00000] [id=1688]
  0x000001adf1536210 ConcurrentGCThread "G1 Conc#0" [stack: 0x0000002b7ce00000,0x0000002b7cf00000] [id=13644]
  0x000001adf156a6c0 ConcurrentGCThread "G1 Refine#0" [stack: 0x0000002b7cf00000,0x0000002b7d000000] [id=10048]
  0x000001adfd8ec920 ConcurrentGCThread "G1 Refine#1" [stack: 0x0000002b7c900000,0x0000002b7ca00000] [id=1120]
  0x000001adf156aff0 ConcurrentGCThread "G1 Service" [stack: 0x0000002b7d000000,0x0000002b7d100000] [id=3052]

Threads with active compile tasks:

VM state: at safepoint (normal execution)

VM Mutex/Monitor currently owned by a thread:  ([mutex/lock_event])
[0x000001adef2e5fc0] Threads_lock - owner thread: 0x000001adfafee9c0
[0x000001adf14f18c0] Heap_lock - owner thread: 0x000001adfdba1a30

Heap address: 0x00000000c9e00000, size: 866 MB, Compressed Oops mode: 32-bit

CDS archive(s) not mapped
Compressed class space mapped at: 0x0000000100000000-0x0000000140000000, reserved size: 1073741824
Narrow klass base: 0x0000000000000000, Narrow klass shift: 3, Narrow klass range: 0x140000000

GC Precious Log:
 CPUs: 2 total, 2 available
 Memory: 3463M
 Large Page Support: Disabled
 NUMA Support: Disabled
 Compressed Oops: Enabled (32-bit)
 Heap Region Size: 1M
 Heap Min Capacity: 8M
 Heap Initial Capacity: 56M
 Heap Max Capacity: 866M
 Pre-touch: Disabled
 Parallel Workers: 2
 Concurrent Workers: 1
 Concurrent Refinement Workers: 2
 Periodic GC: Disabled

Heap:
 garbage-first heap   total 165888K, used 72398K [0x00000000c9e00000, 0x0000000100000000)
  region size 1024K, 3 young (3072K), 3 survivors (3072K)
 Metaspace       used 35060K, committed 35328K, reserved 1081344K
  class space    used 4563K, committed 4672K, reserved 1048576K

Heap Regions: E=young(eden), S=young(survivor), O=old, HS=humongous(starts), HC=humongous(continues), CS=collection set, F=free, OA=open archive, CA=closed archive, TAMS=top-at-mark-start (previous, next)
|   0|0x00000000c9e00000, 0x00000000c9f00000, 0x00000000c9f00000|100%| O|  |TAMS 0x00000000c9f00000, 0x00000000c9e00000| Untracked 
|   1|0x00000000c9f00000, 0x00000000ca000000, 0x00000000ca000000|100%| O|  |TAMS 0x00000000ca000000, 0x00000000c9f00000| Untracked 
|   2|0x00000000ca000000, 0x00000000ca100000, 0x00000000ca100000|100%| O|  |TAMS 0x00000000ca100000, 0x00000000ca000000| Untracked 
|   3|0x00000000ca100000, 0x00000000ca200000, 0x00000000ca200000|100%| O|  |TAMS 0x00000000ca200000, 0x00000000ca100000| Untracked 
|   4|0x00000000ca200000, 0x00000000ca300000, 0x00000000ca300000|100%| O|  |TAMS 0x00000000ca300000, 0x00000000ca200000| Untracked 
|   5|0x00000000ca300000, 0x00000000ca400000, 0x00000000ca400000|100%| O|  |TAMS 0x00000000ca400000, 0x00000000ca300000| Untracked 
|   6|0x00000000ca400000, 0x00000000ca500000, 0x00000000ca500000|100%| O|  |TAMS 0x00000000ca500000, 0x00000000ca400000| Untracked 
|   7|0x00000000ca500000, 0x00000000ca600000, 0x00000000ca600000|100%| O|  |TAMS 0x00000000ca600000, 0x00000000ca500000| Untracked 
|   8|0x00000000ca600000, 0x00000000ca700000, 0x00000000ca700000|100%| O|  |TAMS 0x00000000ca700000, 0x00000000ca600000| Untracked 
|   9|0x00000000ca700000, 0x00000000ca800000, 0x00000000ca800000|100%| O|  |TAMS 0x00000000ca800000, 0x00000000ca700000| Untracked 
|  10|0x00000000ca800000, 0x00000000ca900000, 0x00000000ca900000|100%| O|  |TAMS 0x00000000ca900000, 0x00000000ca800000| Untracked 
|  11|0x00000000ca900000, 0x00000000caa00000, 0x00000000caa00000|100%| O|  |TAMS 0x00000000caa00000, 0x00000000ca900000| Untracked 
|  12|0x00000000caa00000, 0x00000000cab00000, 0x00000000cab00000|100%| O|  |TAMS 0x00000000cab00000, 0x00000000caa00000| Untracked 
|  13|0x00000000cab00000, 0x00000000cac00000, 0x00000000cac00000|100%| O|  |TAMS 0x00000000cac00000, 0x00000000cab00000| Untracked 
|  14|0x00000000cac00000, 0x00000000cad00000, 0x00000000cad00000|100%| O|  |TAMS 0x00000000cad00000, 0x00000000cac00000| Untracked 
|  15|0x00000000cad00000, 0x00000000cae00000, 0x00000000cae00000|100%| O|  |TAMS 0x00000000cae00000, 0x00000000cad00000| Untracked 
|  16|0x00000000cae00000, 0x00000000caf00000, 0x00000000caf00000|100%| O|  |TAMS 0x00000000caf00000, 0x00000000cae00000| Untracked 
|  17|0x00000000caf00000, 0x00000000cb000000, 0x00000000cb000000|100%| O|  |TAMS 0x00000000cb000000, 0x00000000caf00000| Untracked 
|  18|0x00000000cb000000, 0x00000000cb100000, 0x00000000cb100000|100%| O|  |TAMS 0x00000000cb100000, 0x00000000cb000000| Untracked 
|  19|0x00000000cb100000, 0x00000000cb200000, 0x00000000cb200000|100%| O|  |TAMS 0x00000000cb200000, 0x00000000cb100000| Untracked 
|  20|0x00000000cb200000, 0x00000000cb300000, 0x00000000cb300000|100%| O|  |TAMS 0x00000000cb300000, 0x00000000cb200000| Untracked 
|  21|0x00000000cb300000, 0x00000000cb400000, 0x00000000cb400000|100%| O|  |TAMS 0x00000000cb400000, 0x00000000cb300000| Untracked 
|  22|0x00000000cb400000, 0x00000000cb500000, 0x00000000cb500000|100%| O|  |TAMS 0x00000000cb500000, 0x00000000cb400000| Untracked 
|  23|0x00000000cb500000, 0x00000000cb600000, 0x00000000cb600000|100%| O|  |TAMS 0x00000000cb500000, 0x00000000cb500000| Untracked 
|  24|0x00000000cb600000, 0x00000000cb700000, 0x00000000cb700000|100%| O|  |TAMS 0x00000000cb700000, 0x00000000cb600000| Untracked 
|  25|0x00000000cb700000, 0x00000000cb800000, 0x00000000cb800000|100%| O|  |TAMS 0x00000000cb800000, 0x00000000cb700000| Untracked 
|  26|0x00000000cb800000, 0x00000000cb900000, 0x00000000cb900000|100%| O|  |TAMS 0x00000000cb900000, 0x00000000cb800000| Untracked 
|  27|0x00000000cb900000, 0x00000000cba00000, 0x00000000cba00000|100%| O|  |TAMS 0x00000000cba00000, 0x00000000cb900000| Untracked 
|  28|0x00000000cba00000, 0x00000000cbb00000, 0x00000000cbb00000|100%| O|  |TAMS 0x00000000cbb00000, 0x00000000cba00000| Untracked 
|  29|0x00000000cbb00000, 0x00000000cbc00000, 0x00000000cbc00000|100%| O|  |TAMS 0x00000000cbc00000, 0x00000000cbb00000| Untracked 
|  30|0x00000000cbc00000, 0x00000000cbd00000, 0x00000000cbd00000|100%| O|  |TAMS 0x00000000cbd00000, 0x00000000cbc00000| Untracked 
|  31|0x00000000cbd00000, 0x00000000cbe00000, 0x00000000cbe00000|100%| O|  |TAMS 0x00000000cbe00000, 0x00000000cbd00000| Untracked 
|  32|0x00000000cbe00000, 0x00000000cbf00000, 0x00000000cbf00000|100%| O|  |TAMS 0x00000000cbf00000, 0x00000000cbe00000| Untracked 
|  33|0x00000000cbf00000, 0x00000000cc000000, 0x00000000cc000000|100%| O|  |TAMS 0x00000000cc000000, 0x00000000cbf00000| Untracked 
|  34|0x00000000cc000000, 0x00000000cc100000, 0x00000000cc100000|100%| O|  |TAMS 0x00000000cc100000, 0x00000000cc000000| Untracked 
|  35|0x00000000cc100000, 0x00000000cc200000, 0x00000000cc200000|100%| O|  |TAMS 0x00000000cc100000, 0x00000000cc100000| Untracked 
|  36|0x00000000cc200000, 0x00000000cc200000, 0x00000000cc300000|  0%| F|  |TAMS 0x00000000cc200000, 0x00000000cc200000| Untracked 
|  37|0x00000000cc300000, 0x00000000cc400000, 0x00000000cc400000|100%| O|  |TAMS 0x00000000cc400000, 0x00000000cc300000| Untracked 
|  38|0x00000000cc400000, 0x00000000cc500000, 0x00000000cc500000|100%| O|  |TAMS 0x00000000cc500000, 0x00000000cc400000| Untracked 
|  39|0x00000000cc500000, 0x00000000cc600000, 0x00000000cc600000|100%| O|  |TAMS 0x00000000cc600000, 0x00000000cc500000| Untracked 
|  40|0x00000000cc600000, 0x00000000cc700000, 0x00000000cc700000|100%| O|  |TAMS 0x00000000cc700000, 0x00000000cc600000| Untracked 
|  41|0x00000000cc700000, 0x00000000cc800000, 0x00000000cc800000|100%| O|  |TAMS 0x00000000cc800000, 0x00000000cc700000| Untracked 
|  42|0x00000000cc800000, 0x00000000cc900000, 0x00000000cc900000|100%|HS|  |TAMS 0x00000000cc900000, 0x00000000cc800000| Complete 
|  43|0x00000000cc900000, 0x00000000cca00000, 0x00000000cca00000|100%| O|  |TAMS 0x00000000cca00000, 0x00000000cc900000| Untracked 
|  44|0x00000000cca00000, 0x00000000ccb00000, 0x00000000ccb00000|100%| O|  |TAMS 0x00000000ccb00000, 0x00000000cca00000| Untracked 
|  45|0x00000000ccb00000, 0x00000000ccc00000, 0x00000000ccc00000|100%| O|  |TAMS 0x00000000ccc00000, 0x00000000ccb00000| Untracked 
|  46|0x00000000ccc00000, 0x00000000ccd00000, 0x00000000ccd00000|100%| O|  |TAMS 0x00000000ccd00000, 0x00000000ccc00000| Untracked 
|  47|0x00000000ccd00000, 0x00000000cce00000, 0x00000000cce00000|100%| O|  |TAMS 0x00000000cce00000, 0x00000000ccd00000| Untracked 
|  48|0x00000000cce00000, 0x00000000ccf00000, 0x00000000ccf00000|100%| O|  |TAMS 0x00000000ccf00000, 0x00000000cce00000| Untracked 
|  49|0x00000000ccf00000, 0x00000000cd000000, 0x00000000cd000000|100%| O|  |TAMS 0x00000000cd000000, 0x00000000ccf00000| Untracked 
|  50|0x00000000cd000000, 0x00000000cd100000, 0x00000000cd100000|100%| O|  |TAMS 0x00000000cd100000, 0x00000000cd000000| Untracked 
|  51|0x00000000cd100000, 0x00000000cd200000, 0x00000000cd200000|100%| O|  |TAMS 0x00000000cd200000, 0x00000000cd100000| Untracked 
|  52|0x00000000cd200000, 0x00000000cd200000, 0x00000000cd300000|  0%| F|  |TAMS 0x00000000cd200000, 0x00000000cd200000| Untracked 
|  53|0x00000000cd300000, 0x00000000cd400000, 0x00000000cd400000|100%| O|  |TAMS 0x00000000cd400000, 0x00000000cd300000| Untracked 
|  54|0x00000000cd400000, 0x00000000cd500000, 0x00000000cd500000|100%| O|  |TAMS 0x00000000cd500000, 0x00000000cd400000| Untracked 
|  55|0x00000000cd500000, 0x00000000cd600000, 0x00000000cd600000|100%| O|  |TAMS 0x00000000cd600000, 0x00000000cd500000| Untracked 
|  56|0x00000000cd600000, 0x00000000cd700000, 0x00000000cd700000|100%| O|  |TAMS 0x00000000cd700000, 0x00000000cd600000| Untracked 
|  57|0x00000000cd700000, 0x00000000cd800000, 0x00000000cd800000|100%| O|  |TAMS 0x00000000cd800000, 0x00000000cd700000| Untracked 
|  58|0x00000000cd800000, 0x00000000cd900000, 0x00000000cd900000|100%| O|  |TAMS 0x00000000cd900000, 0x00000000cd800000| Untracked 
|  59|0x00000000cd900000, 0x00000000cda00000, 0x00000000cda00000|100%| O|  |TAMS 0x00000000cda00000, 0x00000000cd900000| Untracked 
|  60|0x00000000cda00000, 0x00000000cdb00000, 0x00000000cdb00000|100%| O|  |TAMS 0x00000000cdb00000, 0x00000000cda00000| Untracked 
|  61|0x00000000cdb00000, 0x00000000cdc00000, 0x00000000cdc00000|100%| O|  |TAMS 0x00000000cdc00000, 0x00000000cdb00000| Untracked 
|  62|0x00000000cdc00000, 0x00000000cdd00000, 0x00000000cdd00000|100%| O|  |TAMS 0x00000000cdc22e00, 0x00000000cdc00000| Untracked 
|  63|0x00000000cdd00000, 0x00000000cde00000, 0x00000000cde00000|100%| O|  |TAMS 0x00000000cdd00000, 0x00000000cdd00000| Untracked 
|  64|0x00000000cde00000, 0x00000000cdf00000, 0x00000000cdf00000|100%| O|  |TAMS 0x00000000cde00000, 0x00000000cde00000| Untracked 
|  65|0x00000000cdf00000, 0x00000000ce000000, 0x00000000ce000000|100%| O|  |TAMS 0x00000000cdf00000, 0x00000000cdf00000| Untracked 
|  66|0x00000000ce000000, 0x00000000ce100000, 0x00000000ce100000|100%| O|  |TAMS 0x00000000ce000000, 0x00000000ce000000| Untracked 
|  67|0x00000000ce100000, 0x00000000ce200000, 0x00000000ce200000|100%| O|  |TAMS 0x00000000ce100000, 0x00000000ce100000| Untracked 
|  68|0x00000000ce200000, 0x00000000ce300000, 0x00000000ce300000|100%| O|  |TAMS 0x00000000ce200000, 0x00000000ce200000| Untracked 
|  69|0x00000000ce300000, 0x00000000ce3cdc00, 0x00000000ce400000| 80%| O|  |TAMS 0x00000000ce300000, 0x00000000ce300000| Untracked 
|  70|0x00000000ce400000, 0x00000000ce400000, 0x00000000ce500000|  0%| F|  |TAMS 0x00000000ce400000, 0x00000000ce400000| Untracked 
|  71|0x00000000ce500000, 0x00000000ce500000, 0x00000000ce600000|  0%| F|  |TAMS 0x00000000ce500000, 0x00000000ce500000| Untracked 
|  72|0x00000000ce600000, 0x00000000ce600000, 0x00000000ce700000|  0%| F|  |TAMS 0x00000000ce600000, 0x00000000ce600000| Untracked 
|  73|0x00000000ce700000, 0x00000000ce700000, 0x00000000ce800000|  0%| F|  |TAMS 0x00000000ce700000, 0x00000000ce700000| Untracked 
|  74|0x00000000ce800000, 0x00000000ce800000, 0x00000000ce900000|  0%| F|  |TAMS 0x00000000ce800000, 0x00000000ce800000| Untracked 
|  75|0x00000000ce900000, 0x00000000ce900000, 0x00000000cea00000|  0%| F|  |TAMS 0x00000000ce900000, 0x00000000ce900000| Untracked 
|  76|0x00000000cea00000, 0x00000000cea00000, 0x00000000ceb00000|  0%| F|  |TAMS 0x00000000cea00000, 0x00000000cea00000| Untracked 
|  77|0x00000000ceb00000, 0x00000000ceb00000, 0x00000000cec00000|  0%| F|  |TAMS 0x00000000ceb00000, 0x00000000ceb00000| Untracked 
|  78|0x00000000cec00000, 0x00000000cec00000, 0x00000000ced00000|  0%| F|  |TAMS 0x00000000cec00000, 0x00000000cec00000| Untracked 
|  79|0x00000000ced00000, 0x00000000ced00000, 0x00000000cee00000|  0%| F|  |TAMS 0x00000000ced00000, 0x00000000ced00000| Untracked 
|  80|0x00000000cee00000, 0x00000000cee00000, 0x00000000cef00000|  0%| F|  |TAMS 0x00000000cee00000, 0x00000000cee00000| Untracked 
|  81|0x00000000cef00000, 0x00000000cef00000, 0x00000000cf000000|  0%| F|  |TAMS 0x00000000cef00000, 0x00000000cef00000| Untracked 
|  82|0x00000000cf000000, 0x00000000cf000000, 0x00000000cf100000|  0%| F|  |TAMS 0x00000000cf000000, 0x00000000cf000000| Untracked 
|  83|0x00000000cf100000, 0x00000000cf100000, 0x00000000cf200000|  0%| F|  |TAMS 0x00000000cf100000, 0x00000000cf100000| Untracked 
|  84|0x00000000cf200000, 0x00000000cf200000, 0x00000000cf300000|  0%| F|  |TAMS 0x00000000cf200000, 0x00000000cf200000| Untracked 
|  85|0x00000000cf300000, 0x00000000cf300000, 0x00000000cf400000|  0%| F|  |TAMS 0x00000000cf300000, 0x00000000cf300000| Untracked 
|  86|0x00000000cf400000, 0x00000000cf400000, 0x00000000cf500000|  0%| F|  |TAMS 0x00000000cf400000, 0x00000000cf400000| Untracked 
|  87|0x00000000cf500000, 0x00000000cf500000, 0x00000000cf600000|  0%| F|  |TAMS 0x00000000cf500000, 0x00000000cf500000| Untracked 
|  88|0x00000000cf600000, 0x00000000cf600000, 0x00000000cf700000|  0%| F|  |TAMS 0x00000000cf600000, 0x00000000cf600000| Untracked 
|  89|0x00000000cf700000, 0x00000000cf700000, 0x00000000cf800000|  0%| F|  |TAMS 0x00000000cf700000, 0x00000000cf700000| Untracked 
|  90|0x00000000cf800000, 0x00000000cf800000, 0x00000000cf900000|  0%| F|  |TAMS 0x00000000cf800000, 0x00000000cf800000| Untracked 
|  91|0x00000000cf900000, 0x00000000cf900000, 0x00000000cfa00000|  0%| F|  |TAMS 0x00000000cf900000, 0x00000000cf900000| Untracked 
|  92|0x00000000cfa00000, 0x00000000cfa00000, 0x00000000cfb00000|  0%| F|  |TAMS 0x00000000cfa00000, 0x00000000cfa00000| Untracked 
|  93|0x00000000cfb00000, 0x00000000cfb00000, 0x00000000cfc00000|  0%| F|  |TAMS 0x00000000cfb00000, 0x00000000cfb00000| Untracked 
|  94|0x00000000cfc00000, 0x00000000cfc00000, 0x00000000cfd00000|  0%| F|  |TAMS 0x00000000cfc00000, 0x00000000cfc00000| Untracked 
|  95|0x00000000cfd00000, 0x00000000cfd00000, 0x00000000cfe00000|  0%| F|  |TAMS 0x00000000cfd00000, 0x00000000cfd00000| Untracked 
|  96|0x00000000cfe00000, 0x00000000cfe00000, 0x00000000cff00000|  0%| F|  |TAMS 0x00000000cfe00000, 0x00000000cfe00000| Untracked 
|  97|0x00000000cff00000, 0x00000000cff00000, 0x00000000d0000000|  0%| F|  |TAMS 0x00000000cff00000, 0x00000000cff00000| Untracked 
|  98|0x00000000d0000000, 0x00000000d00e5e10, 0x00000000d0100000| 89%| S|CS|TAMS 0x00000000d0000000, 0x00000000d0000000| Complete 
|  99|0x00000000d0100000, 0x00000000d0200000, 0x00000000d0200000|100%| S|CS|TAMS 0x00000000d0100000, 0x00000000d0100000| Complete 
| 100|0x00000000d0200000, 0x00000000d0300000, 0x00000000d0300000|100%| S|CS|TAMS 0x00000000d0200000, 0x00000000d0200000| Complete 
| 101|0x00000000d0300000, 0x00000000d0300000, 0x00000000d0400000|  0%| F|  |TAMS 0x00000000d0300000, 0x00000000d0300000| Untracked 
| 102|0x00000000d0400000, 0x00000000d0400000, 0x00000000d0500000|  0%| F|  |TAMS 0x00000000d0400000, 0x00000000d0400000| Untracked 
| 103|0x00000000d0500000, 0x00000000d0500000, 0x00000000d0600000|  0%| F|  |TAMS 0x00000000d0500000, 0x00000000d0500000| Untracked 
| 104|0x00000000d0600000, 0x00000000d0600000, 0x00000000d0700000|  0%| F|  |TAMS 0x00000000d0600000, 0x00000000d0600000| Untracked 
| 105|0x00000000d0700000, 0x00000000d0700000, 0x00000000d0800000|  0%| F|  |TAMS 0x00000000d0700000, 0x00000000d0700000| Untracked 
| 106|0x00000000d0800000, 0x00000000d0800000, 0x00000000d0900000|  0%| F|  |TAMS 0x00000000d0800000, 0x00000000d0800000| Untracked 
| 107|0x00000000d0900000, 0x00000000d0900000, 0x00000000d0a00000|  0%| F|  |TAMS 0x00000000d0900000, 0x00000000d0900000| Untracked 
| 108|0x00000000d0a00000, 0x00000000d0a00000, 0x00000000d0b00000|  0%| F|  |TAMS 0x00000000d0a00000, 0x00000000d0a00000| Untracked 
| 109|0x00000000d0b00000, 0x00000000d0b00000, 0x00000000d0c00000|  0%| F|  |TAMS 0x00000000d0b00000, 0x00000000d0b00000| Untracked 
| 110|0x00000000d0c00000, 0x00000000d0c00000, 0x00000000d0d00000|  0%| F|  |TAMS 0x00000000d0c00000, 0x00000000d0c00000| Untracked 
| 111|0x00000000d0d00000, 0x00000000d0d00000, 0x00000000d0e00000|  0%| F|  |TAMS 0x00000000d0d00000, 0x00000000d0d00000| Untracked 
| 112|0x00000000d0e00000, 0x00000000d0e00000, 0x00000000d0f00000|  0%| F|  |TAMS 0x00000000d0e00000, 0x00000000d0e00000| Untracked 
| 113|0x00000000d0f00000, 0x00000000d0f00000, 0x00000000d1000000|  0%| F|  |TAMS 0x00000000d0f00000, 0x00000000d0f00000| Untracked 
| 114|0x00000000d1000000, 0x00000000d1000000, 0x00000000d1100000|  0%| F|  |TAMS 0x00000000d1000000, 0x00000000d1000000| Untracked 
| 115|0x00000000d1100000, 0x00000000d1100000, 0x00000000d1200000|  0%| F|  |TAMS 0x00000000d1100000, 0x00000000d1100000| Untracked 
| 116|0x00000000d1200000, 0x00000000d1200000, 0x00000000d1300000|  0%| F|  |TAMS 0x00000000d1200000, 0x00000000d1200000| Untracked 
| 117|0x00000000d1300000, 0x00000000d1300000, 0x00000000d1400000|  0%| F|  |TAMS 0x00000000d1300000, 0x00000000d1300000| Untracked 
| 118|0x00000000d1400000, 0x00000000d1400000, 0x00000000d1500000|  0%| F|  |TAMS 0x00000000d1400000, 0x00000000d1400000| Untracked 
| 119|0x00000000d1500000, 0x00000000d1500000, 0x00000000d1600000|  0%| F|  |TAMS 0x00000000d1500000, 0x00000000d1500000| Untracked 
| 120|0x00000000d1600000, 0x00000000d1600000, 0x00000000d1700000|  0%| F|  |TAMS 0x00000000d1600000, 0x00000000d1600000| Untracked 
| 121|0x00000000d1700000, 0x00000000d1700000, 0x00000000d1800000|  0%| F|  |TAMS 0x00000000d1700000, 0x00000000d1700000| Untracked 
| 122|0x00000000d1800000, 0x00000000d1800000, 0x00000000d1900000|  0%| F|  |TAMS 0x00000000d1800000, 0x00000000d1800000| Untracked 
| 123|0x00000000d1900000, 0x00000000d1900000, 0x00000000d1a00000|  0%| F|  |TAMS 0x00000000d1900000, 0x00000000d1900000| Untracked 
| 124|0x00000000d1a00000, 0x00000000d1a00000, 0x00000000d1b00000|  0%| F|  |TAMS 0x00000000d1a00000, 0x00000000d1a00000| Untracked 
| 125|0x00000000d1b00000, 0x00000000d1b00000, 0x00000000d1c00000|  0%| F|  |TAMS 0x00000000d1b00000, 0x00000000d1b00000| Untracked 
| 126|0x00000000d1c00000, 0x00000000d1c00000, 0x00000000d1d00000|  0%| F|  |TAMS 0x00000000d1c00000, 0x00000000d1c00000| Untracked 
| 127|0x00000000d1d00000, 0x00000000d1d00000, 0x00000000d1e00000|  0%| F|  |TAMS 0x00000000d1d00000, 0x00000000d1d00000| Untracked 
| 128|0x00000000d1e00000, 0x00000000d1e00000, 0x00000000d1f00000|  0%| F|  |TAMS 0x00000000d1e00000, 0x00000000d1e00000| Untracked 
| 129|0x00000000d1f00000, 0x00000000d1f00000, 0x00000000d2000000|  0%| F|  |TAMS 0x00000000d1f00000, 0x00000000d1f00000| Untracked 
| 130|0x00000000d2000000, 0x00000000d2000000, 0x00000000d2100000|  0%| F|  |TAMS 0x00000000d2000000, 0x00000000d2000000| Untracked 
| 131|0x00000000d2100000, 0x00000000d2100000, 0x00000000d2200000|  0%| F|  |TAMS 0x00000000d2100000, 0x00000000d2100000| Untracked 
| 132|0x00000000d2200000, 0x00000000d2200000, 0x00000000d2300000|  0%| F|  |TAMS 0x00000000d2200000, 0x00000000d2200000| Untracked 
| 133|0x00000000d2300000, 0x00000000d2300000, 0x00000000d2400000|  0%| F|  |TAMS 0x00000000d2300000, 0x00000000d2300000| Untracked 
| 134|0x00000000d2400000, 0x00000000d2400000, 0x00000000d2500000|  0%| F|  |TAMS 0x00000000d2400000, 0x00000000d2400000| Untracked 
| 135|0x00000000d2500000, 0x00000000d2500000, 0x00000000d2600000|  0%| F|  |TAMS 0x00000000d2500000, 0x00000000d2500000| Untracked 
| 136|0x00000000d2600000, 0x00000000d2600000, 0x00000000d2700000|  0%| F|  |TAMS 0x00000000d2600000, 0x00000000d2600000| Untracked 
| 137|0x00000000d2700000, 0x00000000d2700000, 0x00000000d2800000|  0%| F|  |TAMS 0x00000000d2700000, 0x00000000d2700000| Untracked 
| 138|0x00000000d2800000, 0x00000000d2800000, 0x00000000d2900000|  0%| F|  |TAMS 0x00000000d2800000, 0x00000000d2800000| Untracked 
| 139|0x00000000d2900000, 0x00000000d2900000, 0x00000000d2a00000|  0%| F|  |TAMS 0x00000000d2900000, 0x00000000d2900000| Untracked 
| 140|0x00000000d2a00000, 0x00000000d2a00000, 0x00000000d2b00000|  0%| F|  |TAMS 0x00000000d2a00000, 0x00000000d2a00000| Untracked 
| 141|0x00000000d2b00000, 0x00000000d2b00000, 0x00000000d2c00000|  0%| F|  |TAMS 0x00000000d2b00000, 0x00000000d2b00000| Untracked 
| 142|0x00000000d2c00000, 0x00000000d2c00000, 0x00000000d2d00000|  0%| F|  |TAMS 0x00000000d2c00000, 0x00000000d2c00000| Untracked 
| 143|0x00000000d2d00000, 0x00000000d2d00000, 0x00000000d2e00000|  0%| F|  |TAMS 0x00000000d2d00000, 0x00000000d2d00000| Untracked 
| 144|0x00000000d2e00000, 0x00000000d2e00000, 0x00000000d2f00000|  0%| F|  |TAMS 0x00000000d2e00000, 0x00000000d2e00000| Untracked 
| 145|0x00000000d2f00000, 0x00000000d2f00000, 0x00000000d3000000|  0%| F|  |TAMS 0x00000000d2f00000, 0x00000000d2f00000| Untracked 
| 146|0x00000000d3000000, 0x00000000d3000000, 0x00000000d3100000|  0%| F|  |TAMS 0x00000000d3000000, 0x00000000d3000000| Untracked 
| 147|0x00000000d3100000, 0x00000000d3100000, 0x00000000d3200000|  0%| F|  |TAMS 0x00000000d3100000, 0x00000000d3100000| Untracked 
| 148|0x00000000d3200000, 0x00000000d3200000, 0x00000000d3300000|  0%| F|  |TAMS 0x00000000d3200000, 0x00000000d3200000| Untracked 
| 149|0x00000000d3300000, 0x00000000d3300000, 0x00000000d3400000|  0%| F|  |TAMS 0x00000000d3300000, 0x00000000d3300000| Untracked 
| 150|0x00000000d3400000, 0x00000000d3400000, 0x00000000d3500000|  0%| F|  |TAMS 0x00000000d3400000, 0x00000000d3400000| Untracked 
| 151|0x00000000d3500000, 0x00000000d3500000, 0x00000000d3600000|  0%| F|  |TAMS 0x00000000d3500000, 0x00000000d3500000| Untracked 
| 152|0x00000000d3600000, 0x00000000d3600000, 0x00000000d3700000|  0%| F|  |TAMS 0x00000000d3600000, 0x00000000d3600000| Untracked 
| 153|0x00000000d3700000, 0x00000000d3700000, 0x00000000d3800000|  0%| F|  |TAMS 0x00000000d3700000, 0x00000000d3700000| Untracked 
| 154|0x00000000d3800000, 0x00000000d3800000, 0x00000000d3900000|  0%| F|  |TAMS 0x00000000d3800000, 0x00000000d3800000| Untracked 
| 155|0x00000000d3900000, 0x00000000d3900000, 0x00000000d3a00000|  0%| F|  |TAMS 0x00000000d3900000, 0x00000000d3900000| Untracked 
| 156|0x00000000d3a00000, 0x00000000d3a00000, 0x00000000d3b00000|  0%| F|  |TAMS 0x00000000d3a00000, 0x00000000d3a00000| Untracked 
| 157|0x00000000d3b00000, 0x00000000d3b00000, 0x00000000d3c00000|  0%| F|  |TAMS 0x00000000d3b00000, 0x00000000d3b00000| Untracked 
| 158|0x00000000d3c00000, 0x00000000d3c00000, 0x00000000d3d00000|  0%| F|  |TAMS 0x00000000d3c00000, 0x00000000d3c00000| Untracked 
| 159|0x00000000d3d00000, 0x00000000d3d00000, 0x00000000d3e00000|  0%| F|  |TAMS 0x00000000d3d00000, 0x00000000d3d00000| Untracked 
| 160|0x00000000d3e00000, 0x00000000d3e00000, 0x00000000d3f00000|  0%| F|  |TAMS 0x00000000d3e00000, 0x00000000d3e00000| Untracked 
| 161|0x00000000d3f00000, 0x00000000d3f00000, 0x00000000d4000000|  0%| F|  |TAMS 0x00000000d3f00000, 0x00000000d3f00000| Untracked 

Card table byte_map: [0x000001adf1110000,0x000001adf12d0000] _byte_map_base: 0x000001adf0ac1000

Marking Bits (Prev, Next): (CMBitMap*) 0x000001adf152d3b0, (CMBitMap*) 0x000001adf152d370
 Prev Bits: [0x000001adf7f10000, 0x000001adf8c98000)
 Next Bits: [0x000001adf7180000, 0x000001adf7f08000)

Polling page: 0x000001adef4c0000

Metaspace:

Usage:
  Non-class:     29.78 MB used.
      Class:      4.46 MB used.
       Both:     34.24 MB used.

Virtual space:
  Non-class space:       32.00 MB reserved,      29.94 MB ( 94%) committed,  4 nodes.
      Class space:        1.00 GB reserved,       4.56 MB ( <1%) committed,  1 nodes.
             Both:        1.03 GB reserved,      34.50 MB (  3%) committed. 

Chunk freelists:
   Non-Class:  1.66 MB
       Class:  3.44 MB
        Both:  5.09 MB

MaxMetaspaceSize: unlimited
CompressedClassSpaceSize: 1.00 GB
Initial GC threshold: 21.00 MB
Current GC threshold: 57.50 MB
CDS: off
MetaspaceReclaimPolicy: balanced
 - commit_granule_bytes: 65536.
 - commit_granule_words: 8192.
 - virtual_space_node_default_size: 1048576.
 - enlarge_chunks_in_place: 1.
 - new_chunks_are_fully_committed: 0.
 - uncommit_free_chunks: 1.
 - use_allocation_guard: 0.
 - handle_deallocations: 1.


Internal statistics:

num_allocs_failed_limit: 3.
num_arena_births: 318.
num_arena_deaths: 52.
num_vsnodes_births: 5.
num_vsnodes_deaths: 0.
num_space_committed: 552.
num_space_uncommitted: 0.
num_chunks_returned_to_freelist: 56.
num_chunks_taken_from_freelist: 1333.
num_chunk_merges: 18.
num_chunk_splits: 896.
num_chunks_enlarged: 701.
num_purges: 4.
num_inconsistent_stats: 0.

CodeCache: size=49152Kb used=7112Kb max_used=7112Kb free=42039Kb
 bounds [0x000001adf4180000, 0x000001adf4880000, 0x000001adf7180000]
 total_blobs=4091 nmethods=3569 adapters=449
 compilation: enabled
              stopped_count=0, restarted_count=0
 full_count=0

Compilation events (20 events):
Event: 64.306 Thread 0x000001adfb0558d0 3564       1       java.nio.HeapByteBuffer::get (64 bytes)
Event: 64.307 Thread 0x000001adfb0558d0 nmethod 3564 0x000001adf486bd90 code [0x000001adf486bf80, 0x000001adf486c318]
Event: 64.307 Thread 0x000001adfb0558d0 3565       1       jdk.internal.module.SystemModuleFinders$SystemModuleReader$$Lambda$142/0x00000001001bbdd0::apply (12 bytes)
Event: 64.307 Thread 0x000001adfb0558d0 nmethod 3565 0x000001adf486c510 code [0x000001adf486c6a0, 0x000001adf486c7c8]
Event: 64.307 Thread 0x000001adfb0558d0 3566   !   1       jdk.internal.module.SystemModuleFinders$SystemModuleReader::toInputStream (43 bytes)
Event: 64.307 Thread 0x000001adfb0558d0 nmethod 3566 0x000001adf486c890 code [0x000001adf486ca80, 0x000001adf486cfa8]
Event: 64.308 Thread 0x000001adfb0558d0 3567       1       io.github.classgraph.Classfile::readInterfaces (63 bytes)
Event: 64.308 Thread 0x000001adfb0558d0 nmethod 3567 0x000001adf486d290 code [0x000001adf486d460, 0x000001adf486d778]
Event: 64.308 Thread 0x000001adfb0558d0 3568   !   1       nonapi.io.github.classgraph.fileslice.reader.ClassfileReader::close (43 bytes)
Event: 64.308 Thread 0x000001adfb0558d0 nmethod 3568 0x000001adf486d910 code [0x000001adf486dac0, 0x000001adf486dc98]
Event: 64.308 Thread 0x000001adfb0558d0 3569       1       io.github.classgraph.Classfile::extendScanningUpwards (585 bytes)
Event: 64.310 Thread 0x000001adfb0558d0 nmethod 3569 0x000001adf486dd90 code [0x000001adf486e200, 0x000001adf486f108]
Event: 64.441 Thread 0x000001adfb0558d0 3570       1       jdk.internal.module.SystemModuleFinders$SystemModuleReader$$Lambda$142/0x00000001001bbdd0::<init> (10 bytes)
Event: 64.454 Thread 0x000001adfb0558d0 nmethod 3570 0x000001adf486fc90 code [0x000001adf486fe20, 0x000001adf486ff38]
Event: 64.454 Thread 0x000001adfb0558d0 3571       1       nonapi.io.github.classgraph.fileslice.reader.ClassfileReader::<init> (29 bytes)
Event: 64.454 Thread 0x000001adfb0558d0 nmethod 3571 0x000001adf486ff90 code [0x000001adf4870120, 0x000001adf4870398]
Event: 64.599 Thread 0x000001adfb0558d0 3572  s!   1       jdk.internal.loader.URLClassPath::getLoader (196 bytes)
Event: 64.601 Thread 0x000001adfb0558d0 nmethod 3572 0x000001adf4870410 code [0x000001adf48706c0, 0x000001adf48710d8]
Event: 64.936 Thread 0x000001adfb0558d0 3573       1       java.util.concurrent.ThreadLocalRandom::getProbe (13 bytes)
Event: 64.937 Thread 0x000001adfb0558d0 nmethod 3573 0x000001adf4871d90 code [0x000001adf4871f20, 0x000001adf4871fd8]

GC Heap History (20 events):
Event: 51.970 GC heap after
{Heap after GC invocations=24 (full 0):
 garbage-first heap   total 153600K, used 31246K [0x00000000c9e00000, 0x0000000100000000)
  region size 1024K, 1 young (1024K), 1 survivors (1024K)
 Metaspace       used 34408K, committed 34688K, reserved 1081344K
  class space    used 4446K, committed 4608K, reserved 1048576K
}
Event: 62.987 GC heap before
{Heap before GC invocations=24 (full 0):
 garbage-first heap   total 153600K, used 104974K [0x00000000c9e00000, 0x0000000100000000)
  region size 1024K, 72 young (73728K), 1 survivors (1024K)
 Metaspace       used 34854K, committed 35136K, reserved 1081344K
  class space    used 4539K, committed 4672K, reserved 1048576K
}
Event: 63.131 GC heap after
{Heap after GC invocations=25 (full 0):
 garbage-first heap   total 153600K, used 52156K [0x00000000c9e00000, 0x0000000100000000)
  region size 1024K, 9 young (9216K), 9 survivors (9216K)
 Metaspace       used 34854K, committed 35136K, reserved 1081344K
  class space    used 4539K, committed 4672K, reserved 1048576K
}
Event: 64.534 GC heap before
{Heap before GC invocations=25 (full 0):
 garbage-first heap   total 153600K, used 95164K [0x00000000c9e00000, 0x0000000100000000)
  region size 1024K, 51 young (52224K), 9 survivors (9216K)
 Metaspace       used 34965K, committed 35264K, reserved 1081344K
  class space    used 4554K, committed 4672K, reserved 1048576K
}
Event: 64.585 GC heap after
{Heap after GC invocations=26 (full 0):
 garbage-first heap   total 153600K, used 61440K [0x00000000c9e00000, 0x0000000100000000)
  region size 1024K, 7 young (7168K), 7 survivors (7168K)
 Metaspace       used 34965K, committed 35264K, reserved 1081344K
  class space    used 4554K, committed 4672K, reserved 1048576K
}
Event: 64.899 GC heap before
{Heap before GC invocations=26 (full 0):
 garbage-first heap   total 153600K, used 102400K [0x00000000c9e00000, 0x0000000100000000)
  region size 1024K, 47 young (48128K), 7 survivors (7168K)
 Metaspace       used 35055K, committed 35328K, reserved 1081344K
  class space    used 4562K, committed 4672K, reserved 1048576K
}
Event: 64.916 GC heap after
{Heap after GC invocations=27 (full 0):
 garbage-first heap   total 153600K, used 64000K [0x00000000c9e00000, 0x0000000100000000)
  region size 1024K, 2 young (2048K), 2 survivors (2048K)
 Metaspace       used 35055K, committed 35328K, reserved 1081344K
  class space    used 4562K, committed 4672K, reserved 1048576K
}
Event: 65.235 GC heap before
{Heap before GC invocations=27 (full 0):
 garbage-first heap   total 153600K, used 107008K [0x00000000c9e00000, 0x0000000100000000)
  region size 1024K, 45 young (46080K), 2 survivors (2048K)
 Metaspace       used 35055K, committed 35328K, reserved 1081344K
  class space    used 4562K, committed 4672K, reserved 1048576K
}
Event: 65.238 GC heap after
{Heap after GC invocations=28 (full 0):
 garbage-first heap   total 153600K, used 65631K [0x00000000c9e00000, 0x0000000100000000)
  region size 1024K, 4 young (4096K), 4 survivors (4096K)
 Metaspace       used 35055K, committed 35328K, reserved 1081344K
  class space    used 4562K, committed 4672K, reserved 1048576K
}
Event: 66.211 GC heap before
{Heap before GC invocations=28 (full 0):
 garbage-first heap   total 153600K, used 111711K [0x00000000c9e00000, 0x0000000100000000)
  region size 1024K, 50 young (51200K), 4 survivors (4096K)
 Metaspace       used 35055K, committed 35328K, reserved 1081344K
  class space    used 4562K, committed 4672K, reserved 1048576K
}
Event: 66.218 GC heap after
{Heap after GC invocations=29 (full 0):
 garbage-first heap   total 153600K, used 67403K [0x00000000c9e00000, 0x0000000100000000)
  region size 1024K, 6 young (6144K), 6 survivors (6144K)
 Metaspace       used 35055K, committed 35328K, reserved 1081344K
  class space    used 4562K, committed 4672K, reserved 1048576K
}
Event: 67.201 GC heap before
{Heap before GC invocations=29 (full 0):
 garbage-first heap   total 153600K, used 114507K [0x00000000c9e00000, 0x0000000100000000)
  region size 1024K, 53 young (54272K), 6 survivors (6144K)
 Metaspace       used 35055K, committed 35328K, reserved 1081344K
  class space    used 4562K, committed 4672K, reserved 1048576K
}
Event: 67.208 GC heap after
{Heap after GC invocations=30 (full 0):
 garbage-first heap   total 153600K, used 69690K [0x00000000c9e00000, 0x0000000100000000)
  region size 1024K, 6 young (6144K), 6 survivors (6144K)
 Metaspace       used 35055K, committed 35328K, reserved 1081344K
  class space    used 4562K, committed 4672K, reserved 1048576K
}
Event: 67.715 GC heap before
{Heap before GC invocations=30 (full 0):
 garbage-first heap   total 153600K, used 117818K [0x00000000c9e00000, 0x0000000100000000)
  region size 1024K, 54 young (55296K), 6 survivors (6144K)
 Metaspace       used 35055K, committed 35328K, reserved 1081344K
  class space    used 4562K, committed 4672K, reserved 1048576K
}
Event: 67.726 GC heap after
{Heap after GC invocations=31 (full 0):
 garbage-first heap   total 153600K, used 70943K [0x00000000c9e00000, 0x0000000100000000)
  region size 1024K, 4 young (4096K), 4 survivors (4096K)
 Metaspace       used 35055K, committed 35328K, reserved 1081344K
  class space    used 4562K, committed 4672K, reserved 1048576K
}
Event: 68.915 GC heap before
{Heap before GC invocations=32 (full 0):
 garbage-first heap   total 165888K, used 119071K [0x00000000c9e00000, 0x0000000100000000)
  region size 1024K, 54 young (55296K), 4 survivors (4096K)
 Metaspace       used 35055K, committed 35328K, reserved 1081344K
  class space    used 4562K, committed 4672K, reserved 1048576K
}
Event: 68.922 GC heap after
{Heap after GC invocations=33 (full 0):
 garbage-first heap   total 165888K, used 70809K [0x00000000c9e00000, 0x0000000100000000)
  region size 1024K, 6 young (6144K), 6 survivors (6144K)
 Metaspace       used 35055K, committed 35328K, reserved 1081344K
  class space    used 4562K, committed 4672K, reserved 1048576K
}
Event: 69.028 GC heap before
{Heap before GC invocations=33 (full 0):
 garbage-first heap   total 165888K, used 71833K [0x00000000c9e00000, 0x0000000100000000)
  region size 1024K, 8 young (8192K), 6 survivors (6144K)
 Metaspace       used 35055K, committed 35328K, reserved 1081344K
  class space    used 4562K, committed 4672K, reserved 1048576K
}
Event: 69.043 GC heap after
{Heap after GC invocations=34 (full 0):
 garbage-first heap   total 165888K, used 70410K [0x00000000c9e00000, 0x0000000100000000)
  region size 1024K, 1 young (1024K), 1 survivors (1024K)
 Metaspace       used 35055K, committed 35328K, reserved 1081344K
  class space    used 4562K, committed 4672K, reserved 1048576K
}
Event: 70.280 GC heap before
{Heap before GC invocations=34 (full 0):
 garbage-first heap   total 165888K, used 130826K [0x00000000c9e00000, 0x0000000100000000)
  region size 1024K, 61 young (62464K), 1 survivors (1024K)
 Metaspace       used 35060K, committed 35328K, reserved 1081344K
  class space    used 4563K, committed 4672K, reserved 1048576K
}

Deoptimization events (16 events):
Event: 13.640 Thread 0x000001adf14f4ba0 DEOPT PACKING pc=0x000001adf43e7c75 sp=0x0000002b7cbfd740
Event: 13.640 Thread 0x000001adf14f4ba0 DEOPT UNPACKING pc=0x000001adf41d2b43 sp=0x0000002b7cbfcbb0 mode 3
Event: 22.086 Thread 0x000001adf14f4ba0 DEOPT PACKING pc=0x000001adf44f0399 sp=0x0000002b7cbfcfb0
Event: 22.086 Thread 0x000001adf14f4ba0 DEOPT UNPACKING pc=0x000001adf41d2b43 sp=0x0000002b7cbfc490 mode 3
Event: 24.970 Thread 0x000001adf14f4ba0 DEOPT PACKING pc=0x000001adf45b67f5 sp=0x0000002b7cbfe0c0
Event: 24.970 Thread 0x000001adf14f4ba0 DEOPT UNPACKING pc=0x000001adf41d2b43 sp=0x0000002b7cbfd530 mode 3
Event: 40.308 Thread 0x000001adf14f4ba0 DEOPT PACKING pc=0x000001adf4653699 sp=0x0000002b7cbfc4a0
Event: 40.308 Thread 0x000001adf14f4ba0 DEOPT UNPACKING pc=0x000001adf41d2b43 sp=0x0000002b7cbfb988 mode 3
Event: 42.893 Thread 0x000001adfd7f5780 DEOPT PACKING pc=0x000001adf46c66ab sp=0x0000002b7defe7b0
Event: 42.893 Thread 0x000001adfd7f5780 DEOPT UNPACKING pc=0x000001adf41d2b43 sp=0x0000002b7defdcf8 mode 3
Event: 49.941 Thread 0x000001adfd38e830 DEOPT PACKING pc=0x000001adf47b67b5 sp=0x0000002b7e8fd730
Event: 49.941 Thread 0x000001adfd38e830 DEOPT UNPACKING pc=0x000001adf41d2b43 sp=0x0000002b7e8fcc58 mode 3
Event: 51.504 Thread 0x000001adfdba1a30 DEOPT PACKING pc=0x000001adf44f4381 sp=0x0000002b7e2feb50
Event: 51.504 Thread 0x000001adfdba1a30 DEOPT UNPACKING pc=0x000001adf41d2b43 sp=0x0000002b7e2fdfe0 mode 3
Event: 60.753 Thread 0x000001adfd8fc6c0 DEOPT PACKING pc=0x000001adf453fc97 sp=0x0000002b7e3ff080
Event: 60.753 Thread 0x000001adfd8fc6c0 DEOPT UNPACKING pc=0x000001adf41d2b43 sp=0x0000002b7e3fe4d8 mode 3

Classes unloaded (20 events):
Event: 48.192 Thread 0x000001adfafee9c0 Unloading class 0x00000001001de000 'java/lang/invoke/LambdaForm$MH+0x00000001001de000'
Event: 48.192 Thread 0x000001adfafee9c0 Unloading class 0x00000001001ddc00 'java/lang/invoke/LambdaForm$MH+0x00000001001ddc00'
Event: 48.192 Thread 0x000001adfafee9c0 Unloading class 0x00000001001dd800 'java/lang/invoke/LambdaForm$MH+0x00000001001dd800'
Event: 48.192 Thread 0x000001adfafee9c0 Unloading class 0x00000001000ca800 'java/lang/invoke/LambdaForm$MH+0x00000001000ca800'
Event: 48.192 Thread 0x000001adfafee9c0 Unloading class 0x00000001000ca000 'java/lang/invoke/LambdaForm$MH+0x00000001000ca000'
Event: 48.192 Thread 0x000001adfafee9c0 Unloading class 0x00000001000c9c00 'java/lang/invoke/LambdaForm$MH+0x00000001000c9c00'
Event: 48.193 Thread 0x000001adfafee9c0 Unloading class 0x00000001000c9800 'java/lang/invoke/LambdaForm$MH+0x00000001000c9800'
Event: 48.193 Thread 0x000001adfafee9c0 Unloading class 0x00000001000c9000 'java/lang/invoke/LambdaForm$MH+0x00000001000c9000'
Event: 48.193 Thread 0x000001adfafee9c0 Unloading class 0x00000001000c8c00 'java/lang/invoke/LambdaForm$MH+0x00000001000c8c00'
Event: 48.193 Thread 0x000001adfafee9c0 Unloading class 0x00000001000c8800 'java/lang/invoke/LambdaForm$MH+0x00000001000c8800'
Event: 48.193 Thread 0x000001adfafee9c0 Unloading class 0x00000001000c8000 'java/lang/invoke/LambdaForm$MH+0x00000001000c8000'
Event: 51.678 Thread 0x000001adfafee9c0 Unloading class 0x00000001003fc000 'jdk/internal/reflect/GeneratedMethodAccessor10'
Event: 51.678 Thread 0x000001adfafee9c0 Unloading class 0x000000010034a000 'java/lang/invoke/LambdaForm$MH+0x000000010034a000'
Event: 51.678 Thread 0x000001adfafee9c0 Unloading class 0x0000000100349800 'java/lang/invoke/LambdaForm$MH+0x0000000100349800'
Event: 51.678 Thread 0x000001adfafee9c0 Unloading class 0x0000000100349400 'java/lang/invoke/LambdaForm$MH+0x0000000100349400'
Event: 51.678 Thread 0x000001adfafee9c0 Unloading class 0x0000000100349000 'java/lang/invoke/LambdaForm$MH+0x0000000100349000'
Event: 51.678 Thread 0x000001adfafee9c0 Unloading class 0x0000000100348c00 'java/lang/invoke/LambdaForm$MH+0x0000000100348c00'
Event: 51.678 Thread 0x000001adfafee9c0 Unloading class 0x0000000100348800 'java/lang/invoke/LambdaForm$MH+0x0000000100348800'
Event: 51.678 Thread 0x000001adfafee9c0 Unloading class 0x0000000100348400 'java/lang/invoke/LambdaForm$MH+0x0000000100348400'
Event: 51.678 Thread 0x000001adfafee9c0 Unloading class 0x0000000100348000 'java/lang/invoke/LambdaForm$MH+0x0000000100348000'

Classes redefined (0 events):
No events

Internal exceptions (20 events):
Event: 45.220 Thread 0x000001adfdba1a30 Exception <a 'sun/nio/fs/WindowsException'{0x00000000cbf451f0}> (0x00000000cbf451f0) 
thrown [e:\jenkins\tmp\workspace\build\src\src\hotspot\share\prims\jni.cpp, line 516]
Event: 45.220 Thread 0x000001adfdba1a30 Exception <a 'sun/nio/fs/WindowsException'{0x00000000cbf45be0}> (0x00000000cbf45be0) 
thrown [e:\jenkins\tmp\workspace\build\src\src\hotspot\share\prims\jni.cpp, line 516]
Event: 45.220 Thread 0x000001adfdba1a30 Exception <a 'sun/nio/fs/WindowsException'{0x00000000cbf45f88}> (0x00000000cbf45f88) 
thrown [e:\jenkins\tmp\workspace\build\src\src\hotspot\share\prims\jni.cpp, line 516]
Event: 45.220 Thread 0x000001adfdba1a30 Exception <a 'sun/nio/fs/WindowsException'{0x00000000cbf46988}> (0x00000000cbf46988) 
thrown [e:\jenkins\tmp\workspace\build\src\src\hotspot\share\prims\jni.cpp, line 516]
Event: 45.220 Thread 0x000001adfdba1a30 Exception <a 'sun/nio/fs/WindowsException'{0x00000000cbf46d48}> (0x00000000cbf46d48) 
thrown [e:\jenkins\tmp\workspace\build\src\src\hotspot\share\prims\jni.cpp, line 516]
Event: 45.220 Thread 0x000001adfdba1a30 Exception <a 'sun/nio/fs/WindowsException'{0x00000000cbf47748}> (0x00000000cbf47748) 
thrown [e:\jenkins\tmp\workspace\build\src\src\hotspot\share\prims\jni.cpp, line 516]
Event: 45.220 Thread 0x000001adfdba1a30 Exception <a 'sun/nio/fs/WindowsException'{0x00000000cbf47af8}> (0x00000000cbf47af8) 
thrown [e:\jenkins\tmp\workspace\build\src\src\hotspot\share\prims\jni.cpp, line 516]
Event: 45.221 Thread 0x000001adfdba1a30 Exception <a 'sun/nio/fs/WindowsException'{0x00000000cbf484f8}> (0x00000000cbf484f8) 
thrown [e:\jenkins\tmp\workspace\build\src\src\hotspot\share\prims\jni.cpp, line 516]
Event: 45.221 Thread 0x000001adfdba1a30 Exception <a 'sun/nio/fs/WindowsException'{0x00000000cbf488b8}> (0x00000000cbf488b8) 
thrown [e:\jenkins\tmp\workspace\build\src\src\hotspot\share\prims\jni.cpp, line 516]
Event: 45.221 Thread 0x000001adfdba1a30 Exception <a 'sun/nio/fs/WindowsException'{0x00000000cbf492e0}> (0x00000000cbf492e0) 
thrown [e:\jenkins\tmp\workspace\build\src\src\hotspot\share\prims\jni.cpp, line 516]
Event: 45.221 Thread 0x000001adfdba1a30 Exception <a 'sun/nio/fs/WindowsException'{0x00000000cbf496c0}> (0x00000000cbf496c0) 
thrown [e:\jenkins\tmp\workspace\build\src\src\hotspot\share\prims\jni.cpp, line 516]
Event: 45.221 Thread 0x000001adfdba1a30 Exception <a 'sun/nio/fs/WindowsException'{0x00000000cbf4a0f8}> (0x00000000cbf4a0f8) 
thrown [e:\jenkins\tmp\workspace\build\src\src\hotspot\share\prims\jni.cpp, line 516]
Event: 45.221 Thread 0x000001adfdba1a30 Exception <a 'sun/nio/fs/WindowsException'{0x00000000cbf4a4e8}> (0x00000000cbf4a4e8) 
thrown [e:\jenkins\tmp\workspace\build\src\src\hotspot\share\prims\jni.cpp, line 516]
Event: 45.221 Thread 0x000001adfdba1a30 Exception <a 'sun/nio/fs/WindowsException'{0x00000000cbf4af10}> (0x00000000cbf4af10) 
thrown [e:\jenkins\tmp\workspace\build\src\src\hotspot\share\prims\jni.cpp, line 516]
Event: 45.221 Thread 0x000001adfdba1a30 Exception <a 'sun/nio/fs/WindowsException'{0x00000000cbf4b300}> (0x00000000cbf4b300) 
thrown [e:\jenkins\tmp\workspace\build\src\src\hotspot\share\prims\jni.cpp, line 516]
Event: 49.207 Thread 0x000001adfdba1250 Exception <a 'java/lang/NoSuchMethodError'{0x00000000cc7ccff8}: 'java.lang.Object java.lang.invoke.DirectMethodHandle$Holder.invokeStatic(java.lang.Object, java.lang.Object, java.lang.Object, int, java.lang.Object, java.lang.Object)'> (0x00000000cc7ccff8) 
thrown [e:\jenkins\tmp\workspace\build\src\src\hotspot\share\interpreter\linkResolver.cpp, line 766]
Event: 49.924 Thread 0x000001adfd38e830 Exception <a 'java/lang/NoSuchMethodError'{0x00000000cc595540}: 'java.lang.Object java.lang.invoke.DirectMethodHandle$Holder.invokeStatic(java.lang.Object, int, java.lang.Object)'> (0x00000000cc595540) 
thrown [e:\jenkins\tmp\workspace\build\src\src\hotspot\share\interpreter\linkResolver.cpp, line 766]
Event: 53.703 Thread 0x000001adfc779ed0 Exception <a 'java/lang/NoSuchMethodError'{0x00000000d045d3f0}: 'int java.lang.invoke.DirectMethodHandle$Holder.invokeStatic(java.lang.Object)'> (0x00000000d045d3f0) 
thrown [e:\jenkins\tmp\workspace\build\src\src\hotspot\share\interpreter\linkResolver.cpp, line 766]
Event: 53.703 Thread 0x000001adfc779ed0 Exception <a 'java/lang/NoSuchMethodError'{0x00000000d04608a0}: 'int java.lang.invoke.DirectMethodHandle$Holder.invokeStaticInit(java.lang.Object)'> (0x00000000d04608a0) 
thrown [e:\jenkins\tmp\workspace\build\src\src\hotspot\share\interpreter\linkResolver.cpp, line 766]
Event: 54.119 Thread 0x000001adfdba1250 Exception <a 'java/lang/NoSuchMethodError'{0x00000000d03b1ec8}: 'int java.lang.invoke.DirectMethodHandle$Holder.invokeVirtual(java.lang.Object, java.lang.Object)'> (0x00000000d03b1ec8) 
thrown [e:\jenkins\tmp\workspace\build\src\src\hotspot\share\interpreter\linkResolver.cpp, line 766]

VM Operations (20 events):
Event: 66.220 Executing VM operation: G1CollectForAllocation done
Event: 67.093 Executing VM operation: G1CollectForAllocation
Event: 67.200 Executing VM operation: G1CollectForAllocation done
Event: 67.201 Executing VM operation: G1CollectForAllocation
Event: 67.208 Executing VM operation: G1CollectForAllocation done
Event: 67.608 Executing VM operation: G1CollectForAllocation
Event: 67.710 Executing VM operation: G1CollectForAllocation done
Event: 67.715 Executing VM operation: G1CollectForAllocation
Event: 67.726 Executing VM operation: G1CollectForAllocation done
Event: 67.936 Executing VM operation: G1Concurrent
Event: 68.129 Executing VM operation: G1Concurrent done
Event: 68.171 Executing VM operation: G1Concurrent
Event: 68.485 Executing VM operation: G1Concurrent done
Event: 68.779 Executing VM operation: G1CollectForAllocation
Event: 68.924 Executing VM operation: G1CollectForAllocation done
Event: 68.940 Executing VM operation: G1CollectForAllocation
Event: 69.028 Executing VM operation: G1CollectForAllocation done
Event: 69.028 Executing VM operation: G1CollectForAllocation
Event: 69.043 Executing VM operation: G1CollectForAllocation done
Event: 70.117 Executing VM operation: G1CollectForAllocation

Events (20 events):
Event: 52.255 Thread 0x000001adfc77c080 Thread added: 0x000001adfc77c080
Event: 52.974 loading class java/util/concurrent/CompletableFuture$Signaller
Event: 52.999 loading class java/util/concurrent/CompletableFuture$Signaller done
Event: 53.023 Thread 0x000001adfc77a3a0 Thread added: 0x000001adfc77a3a0
Event: 53.023 loading class java/util/concurrent/CompletableFuture$UniRelay
Event: 53.023 loading class java/util/concurrent/CompletableFuture$UniRelay done
Event: 53.023 Thread 0x000001adfc77c080 Thread exited: 0x000001adfc77c080
Event: 53.812 Thread 0x000001adfc77a870 Thread added: 0x000001adfc77a870
Event: 54.107 loading class java/util/concurrent/CompletionException
Event: 54.108 loading class java/util/concurrent/CompletionException done
Event: 54.124 loading class java/io/PrintWriter
Event: 54.125 loading class java/io/PrintWriter done
Event: 54.129 loading class sun/nio/cs/StringUTF16
Event: 54.131 loading class sun/nio/cs/StringUTF16 done
Event: 54.134 loading class java/util/WeakHashMap$EntrySet
Event: 54.135 loading class java/util/WeakHashMap$EntrySet done
Event: 54.135 loading class java/util/WeakHashMap$EntryIterator
Event: 54.136 loading class java/util/WeakHashMap$HashIterator
Event: 54.136 loading class java/util/WeakHashMap$HashIterator done
Event: 54.136 loading class java/util/WeakHashMap$EntryIterator done


Dynamic libraries:
0x00007ff754990000 - 0x00007ff75499e000 	c:\Users\gilbe\.vscode\extensions\redhat.java-1.9.0-win32-x64\jre\17.0.3-win32-x86_64\bin\java.exe
0x00007ff8b7ed0000 - 0x00007ff8b80c8000 	C:\windows\SYSTEM32\ntdll.dll
0x00007ff8b7510000 - 0x00007ff8b75cd000 	C:\windows\System32\KERNEL32.DLL
0x00007ff8b5940000 - 0x00007ff8b5c0e000 	C:\windows\System32\KERNELBASE.dll
0x00007ff8b5de0000 - 0x00007ff8b5ee0000 	C:\windows\System32\ucrtbase.dll
0x00007ff8a76f0000 - 0x00007ff8a7708000 	c:\Users\gilbe\.vscode\extensions\redhat.java-1.9.0-win32-x64\jre\17.0.3-win32-x86_64\bin\jli.dll
0x00007ff8b5f40000 - 0x00007ff8b60e0000 	C:\windows\System32\USER32.dll
0x00007ff8b5910000 - 0x00007ff8b5932000 	C:\windows\System32\win32u.dll
0x00007ff8b7df0000 - 0x00007ff8b7e1a000 	C:\windows\System32\GDI32.dll
0x00007ff8b5cd0000 - 0x00007ff8b5ddb000 	C:\windows\System32\gdi32full.dll
0x00007ff8b57c0000 - 0x00007ff8b585d000 	C:\windows\System32\msvcp_win.dll
0x00007ff8a6a80000 - 0x00007ff8a6a99000 	c:\Users\gilbe\.vscode\extensions\redhat.java-1.9.0-win32-x64\jre\17.0.3-win32-x86_64\bin\VCRUNTIME140.dll
0x00007ff89edf0000 - 0x00007ff89f08a000 	C:\windows\WinSxS\amd64_microsoft.windows.common-controls_6595b64144ccf1df_6.0.19041.1110_none_60b5254171f9507e\COMCTL32.dll
0x00007ff8b7ab0000 - 0x00007ff8b7b4e000 	C:\windows\System32\msvcrt.dll
0x00007ff8b7720000 - 0x00007ff8b7750000 	C:\windows\System32\IMM32.DLL
0x00007ff8ad430000 - 0x00007ff8ad43c000 	c:\Users\gilbe\.vscode\extensions\redhat.java-1.9.0-win32-x64\jre\17.0.3-win32-x86_64\bin\vcruntime140_1.dll
0x00007ff880ca0000 - 0x00007ff880d31000 	c:\Users\gilbe\.vscode\extensions\redhat.java-1.9.0-win32-x64\jre\17.0.3-win32-x86_64\bin\msvcp140.dll
0x00007ff86fd90000 - 0x00007ff8709d8000 	c:\Users\gilbe\.vscode\extensions\redhat.java-1.9.0-win32-x64\jre\17.0.3-win32-x86_64\bin\server\jvm.dll
0x00007ff8b63f0000 - 0x00007ff8b649e000 	C:\windows\System32\ADVAPI32.dll
0x00007ff8b7470000 - 0x00007ff8b750c000 	C:\windows\System32\sechost.dll
0x00007ff8b7210000 - 0x00007ff8b7335000 	C:\windows\System32\RPCRT4.dll
0x00007ff8b5f30000 - 0x00007ff8b5f38000 	C:\windows\System32\PSAPI.DLL
0x00007ff8ae6a0000 - 0x00007ff8ae6a9000 	C:\windows\SYSTEM32\WSOCK32.dll
0x00007ff8b7140000 - 0x00007ff8b71ab000 	C:\windows\System32\WS2_32.dll
0x00007ff8ac360000 - 0x00007ff8ac387000 	C:\windows\SYSTEM32\WINMM.dll
0x00007ff8ac390000 - 0x00007ff8ac39a000 	C:\windows\SYSTEM32\VERSION.dll
0x00007ff8b34f0000 - 0x00007ff8b3502000 	C:\windows\SYSTEM32\kernel.appcore.dll
0x00007ff8a3eb0000 - 0x00007ff8a3eba000 	c:\Users\gilbe\.vscode\extensions\redhat.java-1.9.0-win32-x64\jre\17.0.3-win32-x86_64\bin\jimage.dll
0x00007ff89fd40000 - 0x00007ff89ff24000 	C:\windows\SYSTEM32\DBGHELP.DLL
0x00007ff89a020000 - 0x00007ff89a04c000 	C:\windows\SYSTEM32\dbgcore.DLL
0x00007ff8b5c10000 - 0x00007ff8b5c92000 	C:\windows\System32\bcryptPrimitives.dll
0x00007ff89bb80000 - 0x00007ff89bba5000 	c:\Users\gilbe\.vscode\extensions\redhat.java-1.9.0-win32-x64\jre\17.0.3-win32-x86_64\bin\java.dll
0x00007ff89d8f0000 - 0x00007ff89d908000 	c:\Users\gilbe\.vscode\extensions\redhat.java-1.9.0-win32-x64\jre\17.0.3-win32-x86_64\bin\zip.dll
0x00007ff8b6500000 - 0x00007ff8b6c44000 	C:\windows\System32\SHELL32.dll
0x00007ff8b36f0000 - 0x00007ff8b3e84000 	C:\windows\SYSTEM32\windows.storage.dll
0x00007ff8b7750000 - 0x00007ff8b7aa4000 	C:\windows\System32\combase.dll
0x00007ff8b4f80000 - 0x00007ff8b4fb0000 	C:\windows\SYSTEM32\Wldp.dll
0x00007ff8b6290000 - 0x00007ff8b633d000 	C:\windows\System32\SHCORE.dll
0x00007ff8b64a0000 - 0x00007ff8b64f5000 	C:\windows\System32\shlwapi.dll
0x00007ff8b5530000 - 0x00007ff8b554f000 	C:\windows\SYSTEM32\profapi.dll
0x00007ff89b230000 - 0x00007ff89b249000 	C:\Users\gilbe\.vscode\extensions\redhat.java-1.9.0-win32-x64\jre\17.0.3-win32-x86_64\bin\net.dll
0x00007ff8a6530000 - 0x00007ff8a663a000 	C:\windows\SYSTEM32\WINHTTP.dll
0x00007ff8b4ce0000 - 0x00007ff8b4d4a000 	C:\windows\system32\mswsock.dll
0x00007ff89ab20000 - 0x00007ff89ab35000 	C:\Users\gilbe\.vscode\extensions\redhat.java-1.9.0-win32-x64\jre\17.0.3-win32-x86_64\bin\nio.dll
0x00007ff8a1700000 - 0x00007ff8a1710000 	c:\Users\gilbe\.vscode\extensions\redhat.java-1.9.0-win32-x64\jre\17.0.3-win32-x86_64\bin\verify.dll
0x00007ff8aeb70000 - 0x00007ff8aeb79000 	C:\Users\gilbe\.vscode\extensions\redhat.java-1.9.0-win32-x64\jre\17.0.3-win32-x86_64\bin\management.dll
0x00007ff8aead0000 - 0x00007ff8aeadb000 	C:\Users\gilbe\.vscode\extensions\redhat.java-1.9.0-win32-x64\jre\17.0.3-win32-x86_64\bin\management_ext.dll
0x00007ff898790000 - 0x00007ff8987a7000 	C:\windows\system32\napinsp.dll
0x00007ff898770000 - 0x00007ff89878b000 	C:\windows\system32\pnrpnsp.dll
0x00007ff8b0200000 - 0x00007ff8b0215000 	C:\windows\system32\wshbth.dll
0x00007ff8b0fd0000 - 0x00007ff8b0fed000 	C:\windows\system32\NLAapi.dll
0x00007ff8b49d0000 - 0x00007ff8b4a0b000 	C:\windows\SYSTEM32\IPHLPAPI.DLL
0x00007ff8b4a10000 - 0x00007ff8b4adb000 	C:\windows\SYSTEM32\DNSAPI.dll
0x00007ff8b7e80000 - 0x00007ff8b7e88000 	C:\windows\System32\NSI.dll
0x00007ff898750000 - 0x00007ff898762000 	C:\windows\System32\winrnr.dll
0x00007ff8ad030000 - 0x00007ff8ad03a000 	C:\Windows\System32\rasadhlp.dll
0x00007ff89f230000 - 0x00007ff89f2b0000 	C:\windows\System32\fwpuclnt.dll
0x00007ff8b5ca0000 - 0x00007ff8b5cc7000 	C:\windows\System32\bcrypt.dll
0x00007ff8b4ed0000 - 0x00007ff8b4ee8000 	C:\windows\SYSTEM32\CRYPTSP.dll
0x00007ff8b4660000 - 0x00007ff8b4694000 	C:\windows\system32\rsaenh.dll
0x00007ff8b54b0000 - 0x00007ff8b54de000 	C:\windows\SYSTEM32\USERENV.dll
0x00007ff8b4ef0000 - 0x00007ff8b4efc000 	C:\windows\SYSTEM32\CRYPTBASE.dll
0x00007ff8a9a30000 - 0x00007ff8a9a47000 	C:\windows\SYSTEM32\dhcpcsvc6.DLL
0x00007ff8a9da0000 - 0x00007ff8a9dbd000 	C:\windows\SYSTEM32\dhcpcsvc.DLL

dbghelp: loaded successfully - version: 4.0.5 - missing functions: none
symbol engine: initialized successfully - sym options: 0x614 - pdb path: .;c:\Users\gilbe\.vscode\extensions\redhat.java-1.9.0-win32-x64\jre\17.0.3-win32-x86_64\bin;C:\windows\SYSTEM32;C:\windows\WinSxS\amd64_microsoft.windows.common-controls_6595b64144ccf1df_6.0.19041.1110_none_60b5254171f9507e;c:\Users\gilbe\.vscode\extensions\redhat.java-1.9.0-win32-x64\jre\17.0.3-win32-x86_64\bin\server

VM Arguments:
jvm_args: -Dsts.lsp.client=vscode -Dsts.log.file=/dev/null -XX:TieredStopAtLevel=1 -Dspring.config.location=file:c:\Users\gilbe\.vscode\extensions\pivotal.vscode-spring-boot-1.38.0\language-server\BOOT-INF\classes\application.properties 
java_command: org.springframework.ide.vscode.boot.app.BootLanguageServerBootApp
java_class_path (initial): c:\Users\gilbe\.vscode\extensions\pivotal.vscode-spring-boot-1.38.0\language-server\BOOT-INF\classes;c:\Users\gilbe\.vscode\extensions\pivotal.vscode-spring-boot-1.38.0\language-server\BOOT-INF\lib\annotations-23.0.0.jar;c:\Users\gilbe\.vscode\extensions\pivotal.vscode-spring-boot-1.38.0\language-server\BOOT-INF\lib\antlr-runtime-3.5.2.jar;c:\Users\gilbe\.vscode\extensions\pivotal.vscode-spring-boot-1.38.0\language-server\BOOT-INF\lib\antlr4-4.9.3.jar;c:\Users\gilbe\.vscode\extensions\pivotal.vscode-spring-boot-1.38.0\language-server\BOOT-INF\lib\antlr4-runtime-4.9.3.jar;c:\Users\gilbe\.vscode\extensions\pivotal.vscode-spring-boot-1.38.0\language-server\BOOT-INF\lib\asm-9.3.jar;c:\Users\gilbe\.vscode\extensions\pivotal.vscode-spring-boot-1.38.0\language-server\BOOT-INF\lib\asm-analysis-9.3.jar;c:\Users\gilbe\.vscode\extensions\pivotal.vscode-spring-boot-1.38.0\language-server\BOOT-INF\lib\asm-tree-9.3.jar;c:\Users\gilbe\.vscode\extensions\pivotal.vscode-spring-boot-1.38.0\language-server\BOOT-INF\lib\asm-util-9.3.jar;c:\Users\gilbe\.vscode\extensions\pivotal.vscode-spring-boot-1.38.0\language-server\BOOT-INF\lib\byte-buddy-1.10.18.jar;c:\Users\gilbe\.vscode\extensions\pivotal.vscode-spring-boot-1.38.0\language-server\BOOT-INF\lib\caffeine-2.8.6.jar;c:\Users\gilbe\.vscode\extensions\pivotal.vscode-spring-boot-1.38.0\language-server\BOOT-INF\lib\checker-qual-3.12.0.jar;c:\Users\gilbe\.vscode\extensions\pivotal.vscode-spring-boot-1.38.0\language-server\BOOT-INF\lib\classgraph-4.8.149.jar;c:\Users\gilbe\.vscode\extensions\pivotal.vscode-spring-boot-1.38.0\language-server\BOOT-INF\lib\commons-codec-1.14.jar;c:\Users\gilbe\.vscode\extensions\pivotal.vscode-spring-boot-1.38.0\language-server\BOOT-INF\lib\commons-compress-1.21.jar;c:\Users\gilbe\.vscode\extensions\pivotal.vscode-spring-boot-1.38.0\language-server\BOOT-INF\lib\commons-exec-1.3.jar;c:\Users\gilbe\.vscode\extensions\pivotal.vscode-spring-boot-1.38.0\language-server\BOOT-INF\lib\com
Launcher Type: SUN_STANDARD

[Global flags]
     intx CICompilerCount                          = 2                                         {product} {ergonomic}
     uint ConcGCThreads                            = 1                                         {product} {ergonomic}
     uint G1ConcRefinementThreads                  = 2                                         {product} {ergonomic}
   size_t G1HeapRegionSize                         = 1048576                                   {product} {ergonomic}
    uintx GCDrainStackTargetSize                   = 64                                        {product} {ergonomic}
   size_t InitialHeapSize                          = 58720256                                  {product} {ergonomic}
   size_t MarkStackSize                            = 4194304                                   {product} {ergonomic}
   size_t MaxHeapSize                              = 908066816                                 {product} {ergonomic}
   size_t MaxNewSize                               = 544210944                                 {product} {ergonomic}
   size_t MinHeapDeltaBytes                        = 1048576                                   {product} {ergonomic}
   size_t MinHeapSize                              = 8388608                                   {product} {ergonomic}
    uintx NonProfiledCodeHeapSize                  = 0                                      {pd product} {ergonomic}
     bool ProfileInterpreter                       = false                                  {pd product} {command line}
    uintx ProfiledCodeHeapSize                     = 0                                      {pd product} {ergonomic}
   size_t SoftMaxHeapSize                          = 908066816                              {manageable} {ergonomic}
     intx TieredStopAtLevel                        = 1                                         {product} {command line}
     bool UseCompressedClassPointers               = true                           {product lp64_product} {ergonomic}
     bool UseCompressedOops                        = true                           {product lp64_product} {ergonomic}
     bool UseG1GC                                  = true                                      {product} {ergonomic}
     bool UseLargePagesIndividualAllocation        = false                                  {pd product} {ergonomic}

Logging:
Log output configuration:
 #0: stdout all=warning uptime,level,tags
 #1: stderr all=off uptime,level,tags

Environment Variables:
PATH=C:\Program Files (x86)\Common Files\Oracle\Java\javapath;C:\windows\system32;C:\windows;C:\windows\System32\Wbem;C:\windows\System32\WindowsPowerShell\v1.0\;C:\windows\System32\OpenSSH\;C:\Program Files\nodejs\;C:\ProgramData\chocolatey\bin;C:\Users\gilbe\AppData\Local\Programs\Python\Python310\Scripts\;C:\Users\gilbe\AppData\Local\Programs\Python\Python310\;C:\Users\gilbe\AppData\Local\Microsoft\WindowsApps;C:\Users\gilbe\AppData\Local\Programs\Microsoft VS Code\bin;C:\Users\gilbe\AppData\Roaming\npm;C:\Program Files\Java\jdk1.8.0_311\bin;C:\Program Files\Java\jre1.8.0_341\bin;
USERNAME=gilbe
OS=Windows_NT
PROCESSOR_IDENTIFIER=AMD64 Family 23 Model 24 Stepping 1, AuthenticAMD



---------------  S Y S T E M  ---------------

OS:
 Windows 10 , 64 bit Build 19041 (10.0.19041.1806)
OS uptime: 27 days 2:22 hours

CPU: total 2 (initial active 2) (2 cores per cpu, 1 threads per core) family 23 model 24 stepping 1 microcode 0x0, cx8, cmov, fxsr, mmx, 3dnowpref, sse, sse2, sse3, ssse3, sse4a, sse4.1, sse4.2, popcnt, lzcnt, tsc, tscinvbit, avx, avx2, aes, clmul, bmi1, bmi2, adx, sha, fma, vzeroupper, clflush, clflushopt

Memory: 4k page, system-wide physical 3463M (66M free)
TotalPageFile size 14215M (AvailPageFile size 177M)
current process WorkingSet (physical memory assigned to process): 171M, peak: 173M
current process commit charge ("private bytes"): 277M, peak: 496M

vm_info: OpenJDK 64-Bit Server VM (17.0.3+7) for windows-amd64 JRE (17.0.3+7), built on Apr 19 2022 16:55:35 by "" with MS VC++ 16.7 (VS2019)

END.
