#
# There is insufficient memory for the Java Runtime Environment to continue.
# Native memory allocation (mmap) failed to map 150994944 bytes for G1 virtual space
# Possible reasons:
#   The system is out of physical RAM or swap space
#   The process is running with CompressedOops enabled, and the Java Heap may be blocking the growth of the native heap
# Possible solutions:
#   Reduce memory load on the system
#   Increase physical memory or swap space
#   Check if swap backing store is full
#   Decrease Java heap size (-Xmx/-Xms)
#   Decrease number of Java threads
#   Decrease Java thread stack sizes (-Xss)
#   Set larger code cache with -XX:ReservedCodeCacheSize=
#   JVM is running with Unscaled Compressed Oops mode in which the Java heap is
#     placed in the first 4GB address space. The Java Heap base address is the
#     maximum limit for the native heap growth. Please use -XX:HeapBaseMinAddress
#     to set the Java Heap base and to place the Java Heap above 4GB virtual address.
# This output file may be truncated or incomplete.
#
#  Out of Memory Error (os_windows.cpp:3535), pid=14980, tid=4712
#
# JRE version: OpenJDK Runtime Environment Temurin-17.0.3+7 (17.0.3+7) (build 17.0.3+7)
# Java VM: OpenJDK 64-Bit Server VM Temurin-17.0.3+7 (17.0.3+7, mixed mode, emulated-client, tiered, compressed oops, compressed class ptrs, g1 gc, windows-amd64)
# No core dump will be written. Minidumps are not enabled by default on client versions of Windows
#

---------------  S U M M A R Y ------------

Command Line: -Dsts.lsp.client=vscode -Dsts.log.file=/dev/null -XX:TieredStopAtLevel=1 -Dspring.config.location=file:c:\Users\gilbe\.vscode\extensions\pivotal.vscode-spring-boot-1.37.0\language-server\BOOT-INF\classes\application.properties org.springframework.ide.vscode.boot.app.BootLanguageServerBootApp

Host: AMD Athlon Silver 3050U with Radeon Graphics   , 2 cores, 3G,  Windows 10 , 64 bit Build 19041 (10.0.19041.1806)
Time: Wed Aug 10 05:57:06 2022 Central Daylight Time elapsed time: 12.111956 seconds (0d 0h 0m 12s)

---------------  T H R E A D  ---------------

Current thread (0x000001f9f958aad0):  VMThread "VM Thread" [stack: 0x0000008c59d00000,0x0000008c59e00000] [id=4712]

Stack: [0x0000008c59d00000,0x0000008c59e00000]
Native frames: (J=compiled Java code, j=interpreted, Vv=VM code, C=native code)
V  [jvm.dll+0x675efa]
V  [jvm.dll+0x830a24]
V  [jvm.dll+0x8321ce]
V  [jvm.dll+0x832833]
V  [jvm.dll+0x2454b5]
V  [jvm.dll+0x672de9]
V  [jvm.dll+0x667732]
V  [jvm.dll+0x3043ab]
V  [jvm.dll+0x30b8f6]
V  [jvm.dll+0x35b62e]
V  [jvm.dll+0x35b85f]
V  [jvm.dll+0x2db248]
V  [jvm.dll+0x2d94fc]
V  [jvm.dll+0x2d8acc]
V  [jvm.dll+0x31ca2b]
V  [jvm.dll+0x836cdb]
V  [jvm.dll+0x837a14]
V  [jvm.dll+0x837f2c]
V  [jvm.dll+0x838304]
V  [jvm.dll+0x8383d0]
V  [jvm.dll+0x7e0cfa]
V  [jvm.dll+0x674d85]
C  [ucrtbase.dll+0x21bb2]
C  [KERNEL32.DLL+0x17034]
C  [ntdll.dll+0x52651]

VM_Operation (0x0000008c5affd940): G1CollectForAllocation, mode: safepoint, requested by thread 0x000001f9f9652f70


---------------  P R O C E S S  ---------------

Threads class SMR info:
_java_thread_list=0x000001f9fc110470, length=26, elements={
0x000001f9f95a1750, 0x000001f9f95a2db0, 0x000001f9f95b38f0, 0x000001f9f95e1170,
0x000001f9f95e3a50, 0x000001f9f95e4310, 0x000001f9f95e4c80, 0x000001f9f95e7590,
0x000001f9fa1851d0, 0x000001f9fa198010, 0x000001f9fbe35440, 0x000001f9fa839190,
0x000001f9fa80fcc0, 0x000001f9fa810190, 0x000001f9fb965d40, 0x000001f9f9652f70,
0x000001f9f9653440, 0x000001f9f9653910, 0x000001f9fbbde7b0, 0x000001f9fc0bf1d0,
0x000001f9fc5d7870, 0x000001f9fc5d7d40, 0x000001f9fc5d73a0, 0x000001f9fc5d6530,
0x000001f9fc5d6a00, 0x000001f9fc682bb0
}

Java Threads: ( => current thread )
  0x000001f9f95a1750 JavaThread "Reference Handler" daemon [_thread_blocked, id=9964, stack(0x0000008c59e00000,0x0000008c59f00000)]
  0x000001f9f95a2db0 JavaThread "Finalizer" daemon [_thread_blocked, id=1168, stack(0x0000008c59f00000,0x0000008c5a000000)]
  0x000001f9f95b38f0 JavaThread "Signal Dispatcher" daemon [_thread_blocked, id=14152, stack(0x0000008c5a000000,0x0000008c5a100000)]
  0x000001f9f95e1170 JavaThread "Attach Listener" daemon [_thread_blocked, id=6644, stack(0x0000008c5a100000,0x0000008c5a200000)]
  0x000001f9f95e3a50 JavaThread "Service Thread" daemon [_thread_blocked, id=6284, stack(0x0000008c5a200000,0x0000008c5a300000)]
  0x000001f9f95e4310 JavaThread "Monitor Deflation Thread" daemon [_thread_blocked, id=14892, stack(0x0000008c5a300000,0x0000008c5a400000)]
  0x000001f9f95e4c80 JavaThread "C1 CompilerThread0" daemon [_thread_blocked, id=19784, stack(0x0000008c5a400000,0x0000008c5a500000)]
  0x000001f9f95e7590 JavaThread "Sweeper thread" daemon [_thread_blocked, id=17576, stack(0x0000008c5a500000,0x0000008c5a600000)]
  0x000001f9fa1851d0 JavaThread "Notification Thread" daemon [_thread_blocked, id=20180, stack(0x0000008c5a600000,0x0000008c5a700000)]
  0x000001f9fa198010 JavaThread "Common-Cleaner" daemon [_thread_blocked, id=16964, stack(0x0000008c5a800000,0x0000008c5a900000)]
  0x000001f9fbe35440 JavaThread "Thread-1" [_thread_blocked, id=7256, stack(0x0000008c5ab00000,0x0000008c5ac00000)]
  0x000001f9fa839190 JavaThread "pool-7-thread-1" [_thread_blocked, id=12508, stack(0x0000008c5ac00000,0x0000008c5ad00000)]
  0x000001f9fa80fcc0 JavaThread "LanguageServerApp-lifecycle" [_thread_blocked, id=10316, stack(0x0000008c5ad00000,0x0000008c5ae00000)]
  0x000001f9fa810190 JavaThread "DestroyJavaVM" [_thread_blocked, id=20948, stack(0x0000008c59700000,0x0000008c59800000)]
  0x000001f9fb965d40 JavaThread "ClassGraph-worker-0" daemon [_thread_blocked, id=10120, stack(0x0000008c5ae00000,0x0000008c5af00000)]
  0x000001f9f9652f70 JavaThread "ClassGraph-worker-1" daemon [_thread_blocked, id=19820, stack(0x0000008c5af00000,0x0000008c5b000000)]
  0x000001f9f9653440 JavaThread "ClassGraph-worker-2" daemon [_thread_blocked, id=17128, stack(0x0000008c5b000000,0x0000008c5b100000)]
  0x000001f9f9653910 JavaThread "ClassGraph-worker-3" daemon [_thread_blocked, id=9572, stack(0x0000008c5b100000,0x0000008c5b200000)]
  0x000001f9fbbde7b0 JavaThread "pool-8-thread-1" [_thread_in_native, id=9412, stack(0x0000008c5b200000,0x0000008c5b300000)]
  0x000001f9fc0bf1d0 JavaThread "Simple-Language-Server main thread" daemon [_thread_blocked, id=18860, stack(0x0000008c5b300000,0x0000008c5b400000)]
  0x000001f9fc5d7870 JavaThread "pool-5-thread-1" [_thread_blocked, id=2032, stack(0x0000008c5b400000,0x0000008c5b500000)]
  0x000001f9fc5d7d40 JavaThread "parallel-1" daemon [_thread_blocked, id=13948, stack(0x0000008c5b500000,0x0000008c5b600000)]
  0x000001f9fc5d73a0 JavaThread "parallel-2" daemon [_thread_blocked, id=15876, stack(0x0000008c5b600000,0x0000008c5b700000)]
  0x000001f9fc5d6530 JavaThread "Reconciler-1" daemon [_thread_blocked, id=12976, stack(0x0000008c5b700000,0x0000008c5b800000)]
  0x000001f9fc5d6a00 JavaThread "pool-2-thread-1" [_thread_blocked, id=3708, stack(0x0000008c5a900000,0x0000008c5aa00000)]
  0x000001f9fc682bb0 JavaThread "pool-2-thread-2" [_thread_blocked, id=5932, stack(0x0000008c5ba00000,0x0000008c5bb00000)]

Other Threads:
=>0x000001f9f958aad0 VMThread "VM Thread" [stack: 0x0000008c59d00000,0x0000008c59e00000] [id=4712]
  0x000001f9fa1856a0 WatcherThread [stack: 0x0000008c5a700000,0x0000008c5a800000] [id=5004]
  0x000001f9efabc3e0 GCTaskThread "GC Thread#0" [stack: 0x0000008c59800000,0x0000008c59900000] [id=8724]
  0x000001f9fa2ded10 GCTaskThread "GC Thread#1" [stack: 0x0000008c5aa00000,0x0000008c5ab00000] [id=7316]
  0x000001f9efac4e80 ConcurrentGCThread "G1 Main Marker" [stack: 0x0000008c59900000,0x0000008c59a00000] [id=17648]
  0x000001f9efac67b0 ConcurrentGCThread "G1 Conc#0" [stack: 0x0000008c59a00000,0x0000008c59b00000] [id=9504]
  0x000001f9efaf9a90 ConcurrentGCThread "G1 Refine#0" [stack: 0x0000008c59b00000,0x0000008c59c00000] [id=20352]
  0x000001f9fc6ee4b0 ConcurrentGCThread "G1 Refine#1" [stack: 0x0000008c5b800000,0x0000008c5b900000] [id=18024]
  0x000001f9efafa3c0 ConcurrentGCThread "G1 Service" [stack: 0x0000008c59c00000,0x0000008c59d00000] [id=15692]

Threads with active compile tasks:

VM state: at safepoint (normal execution)

VM Mutex/Monitor currently owned by a thread:  ([mutex/lock_event])
[0x000001f9ed988b40] Threads_lock - owner thread: 0x000001f9f958aad0
[0x000001f9efa88520] Heap_lock - owner thread: 0x000001f9f9652f70

Heap address: 0x00000000c9e00000, size: 866 MB, Compressed Oops mode: 32-bit

CDS archive(s) not mapped
Compressed class space mapped at: 0x0000000100000000-0x0000000140000000, reserved size: 1073741824
Narrow klass base: 0x0000000000000000, Narrow klass shift: 3, Narrow klass range: 0x140000000

GC Precious Log:
 CPUs: 2 total, 2 available
 Memory: 3463M
 Large Page Support: Disabled
 NUMA Support: Disabled
 Compressed Oops: Enabled (32-bit)
 Heap Region Size: 1M
 Heap Min Capacity: 8M
 Heap Initial Capacity: 56M
 Heap Max Capacity: 866M
 Pre-touch: Disabled
 Parallel Workers: 2
 Concurrent Workers: 1
 Concurrent Refinement Workers: 2
 Periodic GC: Disabled

Heap:
 garbage-first heap   total 147456K, used 69344K [0x00000000c9e00000, 0x0000000100000000)
  region size 1024K, 5 young (5120K), 5 survivors (5120K)
 Metaspace       used 35081K, committed 35392K, reserved 1081344K
  class space    used 4568K, committed 4736K, reserved 1048576K

Heap Regions: E=young(eden), S=young(survivor), O=old, HS=humongous(starts), HC=humongous(continues), CS=collection set, F=free, OA=open archive, CA=closed archive, TAMS=top-at-mark-start (previous, next)
|   0|0x00000000c9e00000, 0x00000000c9f00000, 0x00000000c9f00000|100%| O|  |TAMS 0x00000000c9f00000, 0x00000000c9e00000| Untracked 
|   1|0x00000000c9f00000, 0x00000000ca000000, 0x00000000ca000000|100%| O|  |TAMS 0x00000000ca000000, 0x00000000c9f00000| Untracked 
|   2|0x00000000ca000000, 0x00000000ca100000, 0x00000000ca100000|100%| O|  |TAMS 0x00000000ca100000, 0x00000000ca000000| Untracked 
|   3|0x00000000ca100000, 0x00000000ca200000, 0x00000000ca200000|100%| O|  |TAMS 0x00000000ca200000, 0x00000000ca100000| Untracked 
|   4|0x00000000ca200000, 0x00000000ca300000, 0x00000000ca300000|100%| O|  |TAMS 0x00000000ca300000, 0x00000000ca200000| Untracked 
|   5|0x00000000ca300000, 0x00000000ca400000, 0x00000000ca400000|100%| O|  |TAMS 0x00000000ca400000, 0x00000000ca300000| Untracked 
|   6|0x00000000ca400000, 0x00000000ca500000, 0x00000000ca500000|100%| O|  |TAMS 0x00000000ca500000, 0x00000000ca400000| Untracked 
|   7|0x00000000ca500000, 0x00000000ca600000, 0x00000000ca600000|100%| O|  |TAMS 0x00000000ca600000, 0x00000000ca500000| Untracked 
|   8|0x00000000ca600000, 0x00000000ca700000, 0x00000000ca700000|100%| O|  |TAMS 0x00000000ca700000, 0x00000000ca600000| Untracked 
|   9|0x00000000ca700000, 0x00000000ca800000, 0x00000000ca800000|100%| O|  |TAMS 0x00000000ca800000, 0x00000000ca700000| Untracked 
|  10|0x00000000ca800000, 0x00000000ca8f5800, 0x00000000ca900000| 95%| O|  |TAMS 0x00000000ca800000, 0x00000000ca800000| Untracked 
|  11|0x00000000ca900000, 0x00000000caa00000, 0x00000000caa00000|100%| O|  |TAMS 0x00000000caa00000, 0x00000000ca900000| Untracked 
|  12|0x00000000caa00000, 0x00000000cab00000, 0x00000000cab00000|100%| O|  |TAMS 0x00000000cab00000, 0x00000000caa00000| Untracked 
|  13|0x00000000cab00000, 0x00000000cac00000, 0x00000000cac00000|100%| O|  |TAMS 0x00000000cac00000, 0x00000000cab00000| Untracked 
|  14|0x00000000cac00000, 0x00000000cad00000, 0x00000000cad00000|100%| O|  |TAMS 0x00000000cad00000, 0x00000000cac00000| Untracked 
|  15|0x00000000cad00000, 0x00000000cae00000, 0x00000000cae00000|100%| O|  |TAMS 0x00000000cae00000, 0x00000000cad00000| Untracked 
|  16|0x00000000cae00000, 0x00000000caf00000, 0x00000000caf00000|100%| O|  |TAMS 0x00000000caf00000, 0x00000000cae00000| Untracked 
|  17|0x00000000caf00000, 0x00000000cb000000, 0x00000000cb000000|100%| O|  |TAMS 0x00000000cb000000, 0x00000000caf00000| Untracked 
|  18|0x00000000cb000000, 0x00000000cb100000, 0x00000000cb100000|100%| O|  |TAMS 0x00000000cb100000, 0x00000000cb000000| Untracked 
|  19|0x00000000cb100000, 0x00000000cb200000, 0x00000000cb200000|100%| O|  |TAMS 0x00000000cb200000, 0x00000000cb100000| Untracked 
|  20|0x00000000cb200000, 0x00000000cb300000, 0x00000000cb300000|100%| O|  |TAMS 0x00000000cb300000, 0x00000000cb200000| Untracked 
|  21|0x00000000cb300000, 0x00000000cb400000, 0x00000000cb400000|100%| O|  |TAMS 0x00000000cb400000, 0x00000000cb300000| Untracked 
|  22|0x00000000cb400000, 0x00000000cb500000, 0x00000000cb500000|100%| O|  |TAMS 0x00000000cb500000, 0x00000000cb400000| Untracked 
|  23|0x00000000cb500000, 0x00000000cb600000, 0x00000000cb600000|100%| O|  |TAMS 0x00000000cb600000, 0x00000000cb500000| Untracked 
|  24|0x00000000cb600000, 0x00000000cb700000, 0x00000000cb700000|100%| O|  |TAMS 0x00000000cb700000, 0x00000000cb600000| Untracked 
|  25|0x00000000cb700000, 0x00000000cb800000, 0x00000000cb800000|100%| O|  |TAMS 0x00000000cb800000, 0x00000000cb700000| Untracked 
|  26|0x00000000cb800000, 0x00000000cb900000, 0x00000000cb900000|100%| O|  |TAMS 0x00000000cb900000, 0x00000000cb800000| Untracked 
|  27|0x00000000cb900000, 0x00000000cba00000, 0x00000000cba00000|100%| O|  |TAMS 0x00000000cba00000, 0x00000000cb900000| Untracked 
|  28|0x00000000cba00000, 0x00000000cbb00000, 0x00000000cbb00000|100%| O|  |TAMS 0x00000000cbb00000, 0x00000000cba00000| Untracked 
|  29|0x00000000cbb00000, 0x00000000cbc00000, 0x00000000cbc00000|100%| O|  |TAMS 0x00000000cbc00000, 0x00000000cbb00000| Untracked 
|  30|0x00000000cbc00000, 0x00000000cbd00000, 0x00000000cbd00000|100%| O|  |TAMS 0x00000000cbd00000, 0x00000000cbc00000| Untracked 
|  31|0x00000000cbd00000, 0x00000000cbe00000, 0x00000000cbe00000|100%| O|  |TAMS 0x00000000cbe00000, 0x00000000cbd00000| Untracked 
|  32|0x00000000cbe00000, 0x00000000cbf00000, 0x00000000cbf00000|100%| O|  |TAMS 0x00000000cbf00000, 0x00000000cbe00000| Untracked 
|  33|0x00000000cbf00000, 0x00000000cc000000, 0x00000000cc000000|100%| O|  |TAMS 0x00000000cc000000, 0x00000000cbf00000| Untracked 
|  34|0x00000000cc000000, 0x00000000cc100000, 0x00000000cc100000|100%| O|  |TAMS 0x00000000cc100000, 0x00000000cc000000| Untracked 
|  35|0x00000000cc100000, 0x00000000cc200000, 0x00000000cc200000|100%| O|  |TAMS 0x00000000cc200000, 0x00000000cc100000| Untracked 
|  36|0x00000000cc200000, 0x00000000cc300000, 0x00000000cc300000|100%| O|  |TAMS 0x00000000cc2ada00, 0x00000000cc200000| Untracked 
|  37|0x00000000cc300000, 0x00000000cc400000, 0x00000000cc400000|100%| O|  |TAMS 0x00000000cc300000, 0x00000000cc300000| Untracked 
|  38|0x00000000cc400000, 0x00000000cc500000, 0x00000000cc500000|100%| O|  |TAMS 0x00000000cc400000, 0x00000000cc400000| Untracked 
|  39|0x00000000cc500000, 0x00000000cc600000, 0x00000000cc600000|100%| O|  |TAMS 0x00000000cc500000, 0x00000000cc500000| Untracked 
|  40|0x00000000cc600000, 0x00000000cc700000, 0x00000000cc700000|100%| O|  |TAMS 0x00000000cc600000, 0x00000000cc600000| Untracked 
|  41|0x00000000cc700000, 0x00000000cc800000, 0x00000000cc800000|100%| O|  |TAMS 0x00000000cc700000, 0x00000000cc700000| Untracked 
|  42|0x00000000cc800000, 0x00000000cc900000, 0x00000000cc900000|100%| O|  |TAMS 0x00000000cc800000, 0x00000000cc800000| Untracked 
|  43|0x00000000cc900000, 0x00000000cca00000, 0x00000000cca00000|100%|HS|  |TAMS 0x00000000cc900000, 0x00000000cc900000| Complete 
|  44|0x00000000cca00000, 0x00000000ccb00000, 0x00000000ccb00000|100%|HS|  |TAMS 0x00000000cca00000, 0x00000000cca00000| Complete 
|  45|0x00000000ccb00000, 0x00000000ccc00000, 0x00000000ccc00000|100%| O|  |TAMS 0x00000000ccb00000, 0x00000000ccb00000| Untracked 
|  46|0x00000000ccc00000, 0x00000000ccd00000, 0x00000000ccd00000|100%| O|  |TAMS 0x00000000ccc00000, 0x00000000ccc00000| Untracked 
|  47|0x00000000ccd00000, 0x00000000cce00000, 0x00000000cce00000|100%| O|  |TAMS 0x00000000ccd00000, 0x00000000ccd00000| Untracked 
|  48|0x00000000cce00000, 0x00000000ccf00000, 0x00000000ccf00000|100%| O|  |TAMS 0x00000000cce00000, 0x00000000cce00000| Untracked 
|  49|0x00000000ccf00000, 0x00000000cd000000, 0x00000000cd000000|100%| O|  |TAMS 0x00000000ccf00000, 0x00000000ccf00000| Untracked 
|  50|0x00000000cd000000, 0x00000000cd100000, 0x00000000cd100000|100%| O|  |TAMS 0x00000000cd000000, 0x00000000cd000000| Untracked 
|  51|0x00000000cd100000, 0x00000000cd200000, 0x00000000cd200000|100%| O|  |TAMS 0x00000000cd100000, 0x00000000cd100000| Untracked 
|  52|0x00000000cd200000, 0x00000000cd300000, 0x00000000cd300000|100%| O|  |TAMS 0x00000000cd200000, 0x00000000cd200000| Untracked 
|  53|0x00000000cd300000, 0x00000000cd400000, 0x00000000cd400000|100%| O|  |TAMS 0x00000000cd300000, 0x00000000cd300000| Untracked 
|  54|0x00000000cd400000, 0x00000000cd500000, 0x00000000cd500000|100%| O|  |TAMS 0x00000000cd400000, 0x00000000cd400000| Untracked 
|  55|0x00000000cd500000, 0x00000000cd600000, 0x00000000cd600000|100%| O|  |TAMS 0x00000000cd500000, 0x00000000cd500000| Untracked 
|  56|0x00000000cd600000, 0x00000000cd700000, 0x00000000cd700000|100%| O|  |TAMS 0x00000000cd600000, 0x00000000cd600000| Untracked 
|  57|0x00000000cd700000, 0x00000000cd800000, 0x00000000cd800000|100%| O|  |TAMS 0x00000000cd700000, 0x00000000cd700000| Untracked 
|  58|0x00000000cd800000, 0x00000000cd900000, 0x00000000cd900000|100%| O|  |TAMS 0x00000000cd800000, 0x00000000cd800000| Untracked 
|  59|0x00000000cd900000, 0x00000000cda00000, 0x00000000cda00000|100%| O|  |TAMS 0x00000000cd900000, 0x00000000cd900000| Untracked 
|  60|0x00000000cda00000, 0x00000000cdb00000, 0x00000000cdb00000|100%| O|  |TAMS 0x00000000cda00000, 0x00000000cda00000| Untracked 
|  61|0x00000000cdb00000, 0x00000000cdc00000, 0x00000000cdc00000|100%| O|  |TAMS 0x00000000cdb00000, 0x00000000cdb00000| Untracked 
|  62|0x00000000cdc00000, 0x00000000cdd00000, 0x00000000cdd00000|100%| O|  |TAMS 0x00000000cdc00000, 0x00000000cdc00000| Untracked 
|  63|0x00000000cdd00000, 0x00000000cdd00000, 0x00000000cde00000|  0%| F|  |TAMS 0x00000000cdd00000, 0x00000000cdd00000| Untracked 
|  64|0x00000000cde00000, 0x00000000cde00000, 0x00000000cdf00000|  0%| F|  |TAMS 0x00000000cde00000, 0x00000000cde00000| Untracked 
|  65|0x00000000cdf00000, 0x00000000cdf00000, 0x00000000ce000000|  0%| F|  |TAMS 0x00000000cdf00000, 0x00000000cdf00000| Untracked 
|  66|0x00000000ce000000, 0x00000000ce000000, 0x00000000ce100000|  0%| F|  |TAMS 0x00000000ce000000, 0x00000000ce000000| Untracked 
|  67|0x00000000ce100000, 0x00000000ce100000, 0x00000000ce200000|  0%| F|  |TAMS 0x00000000ce100000, 0x00000000ce100000| Untracked 
|  68|0x00000000ce200000, 0x00000000ce200000, 0x00000000ce300000|  0%| F|  |TAMS 0x00000000ce200000, 0x00000000ce200000| Untracked 
|  69|0x00000000ce300000, 0x00000000ce300000, 0x00000000ce400000|  0%| F|  |TAMS 0x00000000ce300000, 0x00000000ce300000| Untracked 
|  70|0x00000000ce400000, 0x00000000ce400000, 0x00000000ce500000|  0%| F|  |TAMS 0x00000000ce400000, 0x00000000ce400000| Untracked 
|  71|0x00000000ce500000, 0x00000000ce500000, 0x00000000ce600000|  0%| F|  |TAMS 0x00000000ce500000, 0x00000000ce500000| Untracked 
|  72|0x00000000ce600000, 0x00000000ce600000, 0x00000000ce700000|  0%| F|  |TAMS 0x00000000ce600000, 0x00000000ce600000| Untracked 
|  73|0x00000000ce700000, 0x00000000ce700000, 0x00000000ce800000|  0%| F|  |TAMS 0x00000000ce700000, 0x00000000ce700000| Untracked 
|  74|0x00000000ce800000, 0x00000000ce800000, 0x00000000ce900000|  0%| F|  |TAMS 0x00000000ce800000, 0x00000000ce800000| Untracked 
|  75|0x00000000ce900000, 0x00000000ce900000, 0x00000000cea00000|  0%| F|  |TAMS 0x00000000ce900000, 0x00000000ce900000| Untracked 
|  76|0x00000000cea00000, 0x00000000cea00000, 0x00000000ceb00000|  0%| F|  |TAMS 0x00000000cea00000, 0x00000000cea00000| Untracked 
|  77|0x00000000ceb00000, 0x00000000ceb00000, 0x00000000cec00000|  0%| F|  |TAMS 0x00000000ceb00000, 0x00000000ceb00000| Untracked 
|  78|0x00000000cec00000, 0x00000000cec00000, 0x00000000ced00000|  0%| F|  |TAMS 0x00000000cec00000, 0x00000000cec00000| Untracked 
|  79|0x00000000ced00000, 0x00000000ced00000, 0x00000000cee00000|  0%| F|  |TAMS 0x00000000ced00000, 0x00000000ced00000| Untracked 
|  80|0x00000000cee00000, 0x00000000cee00000, 0x00000000cef00000|  0%| F|  |TAMS 0x00000000cee00000, 0x00000000cee00000| Untracked 
|  81|0x00000000cef00000, 0x00000000cef00000, 0x00000000cf000000|  0%| F|  |TAMS 0x00000000cef00000, 0x00000000cef00000| Untracked 
|  82|0x00000000cf000000, 0x00000000cf000000, 0x00000000cf100000|  0%| F|  |TAMS 0x00000000cf000000, 0x00000000cf000000| Untracked 
|  83|0x00000000cf100000, 0x00000000cf100000, 0x00000000cf200000|  0%| F|  |TAMS 0x00000000cf100000, 0x00000000cf100000| Untracked 
|  84|0x00000000cf200000, 0x00000000cf200000, 0x00000000cf300000|  0%| F|  |TAMS 0x00000000cf200000, 0x00000000cf200000| Untracked 
|  85|0x00000000cf300000, 0x00000000cf300000, 0x00000000cf400000|  0%| F|  |TAMS 0x00000000cf300000, 0x00000000cf300000| Untracked 
|  86|0x00000000cf400000, 0x00000000cf400000, 0x00000000cf500000|  0%| F|  |TAMS 0x00000000cf400000, 0x00000000cf400000| Untracked 
|  87|0x00000000cf500000, 0x00000000cf500000, 0x00000000cf600000|  0%| F|  |TAMS 0x00000000cf500000, 0x00000000cf500000| Untracked 
|  88|0x00000000cf600000, 0x00000000cf600000, 0x00000000cf700000|  0%| F|  |TAMS 0x00000000cf600000, 0x00000000cf600000| Untracked 
|  89|0x00000000cf700000, 0x00000000cf700000, 0x00000000cf800000|  0%| F|  |TAMS 0x00000000cf700000, 0x00000000cf700000| Untracked 
|  90|0x00000000cf800000, 0x00000000cf800000, 0x00000000cf900000|  0%| F|  |TAMS 0x00000000cf800000, 0x00000000cf800000| Untracked 
|  91|0x00000000cf900000, 0x00000000cf900000, 0x00000000cfa00000|  0%| F|  |TAMS 0x00000000cf900000, 0x00000000cf900000| Untracked 
|  92|0x00000000cfa00000, 0x00000000cfa00000, 0x00000000cfb00000|  0%| F|  |TAMS 0x00000000cfa00000, 0x00000000cfa00000| Untracked 
|  93|0x00000000cfb00000, 0x00000000cfbc2ad0, 0x00000000cfc00000| 76%| S|CS|TAMS 0x00000000cfb00000, 0x00000000cfb00000| Complete 
|  94|0x00000000cfc00000, 0x00000000cfd00000, 0x00000000cfd00000|100%| S|CS|TAMS 0x00000000cfc00000, 0x00000000cfc00000| Complete 
|  95|0x00000000cfd00000, 0x00000000cfe00000, 0x00000000cfe00000|100%| S|CS|TAMS 0x00000000cfd00000, 0x00000000cfd00000| Complete 
|  96|0x00000000cfe00000, 0x00000000cff00000, 0x00000000cff00000|100%| S|CS|TAMS 0x00000000cfe00000, 0x00000000cfe00000| Complete 
|  97|0x00000000cff00000, 0x00000000cff00000, 0x00000000d0000000|  0%| F|  |TAMS 0x00000000cff00000, 0x00000000cff00000| Untracked 
|  98|0x00000000d0000000, 0x00000000d0000000, 0x00000000d0100000|  0%| F|  |TAMS 0x00000000d0000000, 0x00000000d0000000| Untracked 
|  99|0x00000000d0100000, 0x00000000d0100000, 0x00000000d0200000|  0%| F|  |TAMS 0x00000000d0100000, 0x00000000d0100000| Untracked 
| 100|0x00000000d0200000, 0x00000000d0200000, 0x00000000d0300000|  0%| F|  |TAMS 0x00000000d0200000, 0x00000000d0200000| Untracked 
| 101|0x00000000d0300000, 0x00000000d0300000, 0x00000000d0400000|  0%| F|  |TAMS 0x00000000d0300000, 0x00000000d0300000| Untracked 
| 102|0x00000000d0400000, 0x00000000d0500000, 0x00000000d0500000|100%| S|CS|TAMS 0x00000000d0400000, 0x00000000d0400000| Complete 
| 103|0x00000000d0500000, 0x00000000d0500000, 0x00000000d0600000|  0%| F|  |TAMS 0x00000000d0500000, 0x00000000d0500000| Untracked 
| 104|0x00000000d0600000, 0x00000000d0600000, 0x00000000d0700000|  0%| F|  |TAMS 0x00000000d0600000, 0x00000000d0600000| Untracked 
| 105|0x00000000d0700000, 0x00000000d0700000, 0x00000000d0800000|  0%| F|  |TAMS 0x00000000d0700000, 0x00000000d0700000| Untracked 
| 106|0x00000000d0800000, 0x00000000d0800000, 0x00000000d0900000|  0%| F|  |TAMS 0x00000000d0800000, 0x00000000d0800000| Untracked 
| 107|0x00000000d0900000, 0x00000000d0900000, 0x00000000d0a00000|  0%| F|  |TAMS 0x00000000d0900000, 0x00000000d0900000| Untracked 
| 108|0x00000000d0a00000, 0x00000000d0a00000, 0x00000000d0b00000|  0%| F|  |TAMS 0x00000000d0a00000, 0x00000000d0a00000| Untracked 
| 109|0x00000000d0b00000, 0x00000000d0b00000, 0x00000000d0c00000|  0%| F|  |TAMS 0x00000000d0b00000, 0x00000000d0b00000| Untracked 
| 110|0x00000000d0c00000, 0x00000000d0c00000, 0x00000000d0d00000|  0%| F|  |TAMS 0x00000000d0c00000, 0x00000000d0c00000| Untracked 
| 111|0x00000000d0d00000, 0x00000000d0d00000, 0x00000000d0e00000|  0%| F|  |TAMS 0x00000000d0d00000, 0x00000000d0d00000| Untracked 
| 112|0x00000000d0e00000, 0x00000000d0e00000, 0x00000000d0f00000|  0%| F|  |TAMS 0x00000000d0e00000, 0x00000000d0e00000| Untracked 
| 113|0x00000000d0f00000, 0x00000000d0f00000, 0x00000000d1000000|  0%| F|  |TAMS 0x00000000d0f00000, 0x00000000d0f00000| Untracked 
| 114|0x00000000d1000000, 0x00000000d1000000, 0x00000000d1100000|  0%| F|  |TAMS 0x00000000d1000000, 0x00000000d1000000| Untracked 
| 115|0x00000000d1100000, 0x00000000d1100000, 0x00000000d1200000|  0%| F|  |TAMS 0x00000000d1100000, 0x00000000d1100000| Untracked 
| 116|0x00000000d1200000, 0x00000000d1200000, 0x00000000d1300000|  0%| F|  |TAMS 0x00000000d1200000, 0x00000000d1200000| Untracked 
| 117|0x00000000d1300000, 0x00000000d1300000, 0x00000000d1400000|  0%| F|  |TAMS 0x00000000d1300000, 0x00000000d1300000| Untracked 
| 118|0x00000000d1400000, 0x00000000d1400000, 0x00000000d1500000|  0%| F|  |TAMS 0x00000000d1400000, 0x00000000d1400000| Untracked 
| 119|0x00000000d1500000, 0x00000000d1500000, 0x00000000d1600000|  0%| F|  |TAMS 0x00000000d1500000, 0x00000000d1500000| Untracked 
| 120|0x00000000d1600000, 0x00000000d1600000, 0x00000000d1700000|  0%| F|  |TAMS 0x00000000d1600000, 0x00000000d1600000| Untracked 
| 121|0x00000000d1700000, 0x00000000d1700000, 0x00000000d1800000|  0%| F|  |TAMS 0x00000000d1700000, 0x00000000d1700000| Untracked 
| 122|0x00000000d1800000, 0x00000000d1800000, 0x00000000d1900000|  0%| F|  |TAMS 0x00000000d1800000, 0x00000000d1800000| Untracked 
| 123|0x00000000d1900000, 0x00000000d1900000, 0x00000000d1a00000|  0%| F|  |TAMS 0x00000000d1900000, 0x00000000d1900000| Untracked 
| 124|0x00000000d1a00000, 0x00000000d1a00000, 0x00000000d1b00000|  0%| F|  |TAMS 0x00000000d1a00000, 0x00000000d1a00000| Untracked 
| 125|0x00000000d1b00000, 0x00000000d1b00000, 0x00000000d1c00000|  0%| F|  |TAMS 0x00000000d1b00000, 0x00000000d1b00000| Untracked 
| 126|0x00000000d1c00000, 0x00000000d1c00000, 0x00000000d1d00000|  0%| F|  |TAMS 0x00000000d1c00000, 0x00000000d1c00000| Untracked 
| 127|0x00000000d1d00000, 0x00000000d1d00000, 0x00000000d1e00000|  0%| F|  |TAMS 0x00000000d1d00000, 0x00000000d1d00000| Untracked 
| 128|0x00000000d1e00000, 0x00000000d1e00000, 0x00000000d1f00000|  0%| F|  |TAMS 0x00000000d1e00000, 0x00000000d1e00000| Untracked 
| 129|0x00000000d1f00000, 0x00000000d1f00000, 0x00000000d2000000|  0%| F|  |TAMS 0x00000000d1f00000, 0x00000000d1f00000| Untracked 
| 130|0x00000000d2000000, 0x00000000d2000000, 0x00000000d2100000|  0%| F|  |TAMS 0x00000000d2000000, 0x00000000d2000000| Untracked 
| 131|0x00000000d2100000, 0x00000000d2100000, 0x00000000d2200000|  0%| F|  |TAMS 0x00000000d2100000, 0x00000000d2100000| Untracked 
| 132|0x00000000d2200000, 0x00000000d2200000, 0x00000000d2300000|  0%| F|  |TAMS 0x00000000d2200000, 0x00000000d2200000| Untracked 
| 133|0x00000000d2300000, 0x00000000d2300000, 0x00000000d2400000|  0%| F|  |TAMS 0x00000000d2300000, 0x00000000d2300000| Untracked 
| 134|0x00000000d2400000, 0x00000000d2400000, 0x00000000d2500000|  0%| F|  |TAMS 0x00000000d2400000, 0x00000000d2400000| Untracked 
| 135|0x00000000d2500000, 0x00000000d2500000, 0x00000000d2600000|  0%| F|  |TAMS 0x00000000d2500000, 0x00000000d2500000| Untracked 
| 136|0x00000000d2600000, 0x00000000d2600000, 0x00000000d2700000|  0%| F|  |TAMS 0x00000000d2600000, 0x00000000d2600000| Untracked 
| 137|0x00000000d2700000, 0x00000000d2700000, 0x00000000d2800000|  0%| F|  |TAMS 0x00000000d2700000, 0x00000000d2700000| Untracked 
| 138|0x00000000d2800000, 0x00000000d2800000, 0x00000000d2900000|  0%| F|  |TAMS 0x00000000d2800000, 0x00000000d2800000| Untracked 
| 139|0x00000000d2900000, 0x00000000d2900000, 0x00000000d2a00000|  0%| F|  |TAMS 0x00000000d2900000, 0x00000000d2900000| Untracked 
| 140|0x00000000d2a00000, 0x00000000d2a00000, 0x00000000d2b00000|  0%| F|  |TAMS 0x00000000d2a00000, 0x00000000d2a00000| Untracked 
| 141|0x00000000d2b00000, 0x00000000d2b00000, 0x00000000d2c00000|  0%| F|  |TAMS 0x00000000d2b00000, 0x00000000d2b00000| Untracked 
| 142|0x00000000d2c00000, 0x00000000d2c00000, 0x00000000d2d00000|  0%| F|  |TAMS 0x00000000d2c00000, 0x00000000d2c00000| Untracked 
| 143|0x00000000d2d00000, 0x00000000d2d00000, 0x00000000d2e00000|  0%| F|  |TAMS 0x00000000d2d00000, 0x00000000d2d00000| Untracked 

Card table byte_map: [0x000001f9ef6a0000,0x000001f9ef860000] _byte_map_base: 0x000001f9ef051000

Marking Bits (Prev, Next): (CMBitMap*) 0x000001f9efabd950, (CMBitMap*) 0x000001f9efabd910
 Prev Bits: [0x000001f9f64a0000, 0x000001f9f7228000)
 Next Bits: [0x000001f9f5710000, 0x000001f9f6498000)

Polling page: 0x000001f9ed910000

Metaspace:

Usage:
  Non-class:     29.80 MB used.
      Class:      4.46 MB used.
       Both:     34.26 MB used.

Virtual space:
  Non-class space:       32.00 MB reserved,      29.94 MB ( 94%) committed,  4 nodes.
      Class space:        1.00 GB reserved,       4.62 MB ( <1%) committed,  1 nodes.
             Both:        1.03 GB reserved,      34.56 MB (  3%) committed. 

Chunk freelists:
   Non-Class:  2.00 MB
       Class:  3.42 MB
        Both:  5.42 MB

MaxMetaspaceSize: unlimited
CompressedClassSpaceSize: 1.00 GB
Initial GC threshold: 21.00 MB
Current GC threshold: 57.12 MB
CDS: off
MetaspaceReclaimPolicy: balanced
 - commit_granule_bytes: 65536.
 - commit_granule_words: 8192.
 - virtual_space_node_default_size: 1048576.
 - enlarge_chunks_in_place: 1.
 - new_chunks_are_fully_committed: 0.
 - uncommit_free_chunks: 1.
 - use_allocation_guard: 0.
 - handle_deallocations: 1.


Internal statistics:

num_allocs_failed_limit: 3.
num_arena_births: 300.
num_arena_deaths: 0.
num_vsnodes_births: 5.
num_vsnodes_deaths: 0.
num_space_committed: 553.
num_space_uncommitted: 0.
num_chunks_returned_to_freelist: 3.
num_chunks_taken_from_freelist: 1299.
num_chunk_merges: 3.
num_chunk_splits: 897.
num_chunks_enlarged: 693.
num_purges: 0.
num_inconsistent_stats: 0.

CodeCache: size=49152Kb used=7266Kb max_used=7531Kb free=41886Kb
 bounds [0x000001f9f2710000, 0x000001f9f2e70000, 0x000001f9f5710000]
 total_blobs=4185 nmethods=3663 adapters=449
 compilation: enabled
              stopped_count=0, restarted_count=0
 full_count=0

Compilation events (20 events):
Event: 11.663 Thread 0x000001f9f95e4c80 3653   !   1       nonapi.io.github.classgraph.fileslice.reader.ClassfileReader::close (43 bytes)
Event: 11.663 Thread 0x000001f9f95e4c80 nmethod 3653 0x000001f9f2b7cd10 code [0x000001f9f2b7cec0, 0x000001f9f2b7d098]
Event: 11.663 Thread 0x000001f9f95e4c80 3649       1       io.github.classgraph.ModuleReaderProxy::open (72 bytes)
Event: 11.664 Thread 0x000001f9f95e4c80 nmethod 3649 0x000001f9f2b7c410 code [0x000001f9f2b7c620, 0x000001f9f2b7cb08]
Event: 11.741 Thread 0x000001f9f95e4c80 3654       1       io.github.classgraph.Classfile::extendScanningUpwards (585 bytes)
Event: 11.766 Thread 0x000001f9f95e4c80 nmethod 3654 0x000001f9f2b7a290 code [0x000001f9f2b7a720, 0x000001f9f2b7b798]
Event: 11.772 Thread 0x000001f9f95e4c80 3655  s!   1       jdk.internal.loader.URLClassPath::getLoader (196 bytes)
Event: 11.773 Thread 0x000001f9f95e4c80 nmethod 3655 0x000001f9f2b78910 code [0x000001f9f2b78bc0, 0x000001f9f2b795d8]
Event: 11.812 Thread 0x000001f9f95e4c80 3657       1       java.util.jar.Attributes::entrySet (10 bytes)
Event: 11.812 Thread 0x000001f9f95e4c80 nmethod 3657 0x000001f9f2b78190 code [0x000001f9f2b78320, 0x000001f9f2b78408]
Event: 11.812 Thread 0x000001f9f95e4c80 3658       1       java.security.MessageDigest::reset (10 bytes)
Event: 11.812 Thread 0x000001f9f95e4c80 nmethod 3658 0x000001f9f2b77e10 code [0x000001f9f2b77fa0, 0x000001f9f2b780a8]
Event: 11.812 Thread 0x000001f9f95e4c80 3659       1       java.security.MessageDigest$Delegate::engineReset (8 bytes)
Event: 11.812 Thread 0x000001f9f95e4c80 nmethod 3659 0x000001f9f2b77b10 code [0x000001f9f2b77ca0, 0x000001f9f2b77d88]
Event: 11.812 Thread 0x000001f9f95e4c80 3660       1       java.util.Base64::getMimeDecoder (4 bytes)
Event: 11.812 Thread 0x000001f9f95e4c80 nmethod 3660 0x000001f9f2b77810 code [0x000001f9f2b779a0, 0x000001f9f2b77a58]
Event: 11.813 Thread 0x000001f9f95e4c80 3661       1       sun.reflect.generics.reflectiveObjects.ParameterizedTypeImpl::getRawType (5 bytes)
Event: 11.813 Thread 0x000001f9f95e4c80 nmethod 3661 0x000001f9f2b77510 code [0x000001f9f2b776a0, 0x000001f9f2b77778]
Event: 11.814 Thread 0x000001f9f95e4c80 3662       1       com.google.gson.internal.$Gson$Preconditions::checkArgument (13 bytes)
Event: 11.814 Thread 0x000001f9f95e4c80 nmethod 3662 0x000001f9f2b77190 code [0x000001f9f2b77320, 0x000001f9f2b77448]

GC Heap History (20 events):
Event: 9.756 GC heap after
{Heap after GC invocations=18 (full 0):
 garbage-first heap   total 58368K, used 31425K [0x00000000c9e00000, 0x0000000100000000)
  region size 1024K, 2 young (2048K), 2 survivors (2048K)
 Metaspace       used 34800K, committed 35136K, reserved 1081344K
  class space    used 4529K, committed 4672K, reserved 1048576K
}
Event: 9.808 GC heap before
{Heap before GC invocations=18 (full 0):
 garbage-first heap   total 58368K, used 44736K [0x00000000c9e00000, 0x0000000100000000)
  region size 1024K, 15 young (15360K), 2 survivors (2048K)
 Metaspace       used 34806K, committed 35136K, reserved 1081344K
  class space    used 4530K, committed 4672K, reserved 1048576K
}
Event: 9.814 GC heap after
{Heap after GC invocations=19 (full 0):
 garbage-first heap   total 58368K, used 33813K [0x00000000c9e00000, 0x0000000100000000)
  region size 1024K, 2 young (2048K), 2 survivors (2048K)
 Metaspace       used 34806K, committed 35136K, reserved 1081344K
  class space    used 4530K, committed 4672K, reserved 1048576K
}
Event: 9.860 GC heap before
{Heap before GC invocations=19 (full 0):
 garbage-first heap   total 73728K, used 45077K [0x00000000c9e00000, 0x0000000100000000)
  region size 1024K, 13 young (13312K), 2 survivors (2048K)
 Metaspace       used 34816K, committed 35136K, reserved 1081344K
  class space    used 4532K, committed 4672K, reserved 1048576K
}
Event: 9.867 GC heap after
{Heap after GC invocations=20 (full 0):
 garbage-first heap   total 73728K, used 36249K [0x00000000c9e00000, 0x0000000100000000)
  region size 1024K, 2 young (2048K), 2 survivors (2048K)
 Metaspace       used 34816K, committed 35136K, reserved 1081344K
  class space    used 4532K, committed 4672K, reserved 1048576K
}
Event: 9.939 GC heap before
{Heap before GC invocations=21 (full 0):
 garbage-first heap   total 73728K, used 55705K [0x00000000c9e00000, 0x0000000100000000)
  region size 1024K, 21 young (21504K), 2 survivors (2048K)
 Metaspace       used 34816K, committed 35136K, reserved 1081344K
  class space    used 4532K, committed 4672K, reserved 1048576K
}
Event: 9.949 GC heap after
{Heap after GC invocations=22 (full 0):
 garbage-first heap   total 73728K, used 40347K [0x00000000c9e00000, 0x0000000100000000)
  region size 1024K, 3 young (3072K), 3 survivors (3072K)
 Metaspace       used 34816K, committed 35136K, reserved 1081344K
  class space    used 4532K, committed 4672K, reserved 1048576K
}
Event: 10.379 GC heap before
{Heap before GC invocations=22 (full 0):
 garbage-first heap   total 73728K, used 56731K [0x00000000c9e00000, 0x0000000100000000)
  region size 1024K, 19 young (19456K), 3 survivors (3072K)
 Metaspace       used 34820K, committed 35136K, reserved 1081344K
  class space    used 4532K, committed 4672K, reserved 1048576K
}
Event: 10.405 GC heap after
{Heap after GC invocations=23 (full 0):
 garbage-first heap   total 147456K, used 46019K [0x00000000c9e00000, 0x0000000100000000)
  region size 1024K, 3 young (3072K), 3 survivors (3072K)
 Metaspace       used 34820K, committed 35136K, reserved 1081344K
  class space    used 4532K, committed 4672K, reserved 1048576K
}
Event: 11.695 GC heap before
{Heap before GC invocations=24 (full 0):
 garbage-first heap   total 147456K, used 100291K [0x00000000c9e00000, 0x0000000100000000)
  region size 1024K, 55 young (56320K), 3 survivors (3072K)
 Metaspace       used 34911K, committed 35200K, reserved 1081344K
  class space    used 4543K, committed 4672K, reserved 1048576K
}
Event: 11.734 GC heap after
{Heap after GC invocations=25 (full 0):
 garbage-first heap   total 147456K, used 62647K [0x00000000c9e00000, 0x0000000100000000)
  region size 1024K, 7 young (7168K), 7 survivors (7168K)
 Metaspace       used 34911K, committed 35200K, reserved 1081344K
  class space    used 4543K, committed 4672K, reserved 1048576K
}
Event: 11.750 GC heap before
{Heap before GC invocations=25 (full 0):
 garbage-first heap   total 147456K, used 63671K [0x00000000c9e00000, 0x0000000100000000)
  region size 1024K, 8 young (8192K), 7 survivors (7168K)
 Metaspace       used 34934K, committed 35200K, reserved 1081344K
  class space    used 4548K, committed 4672K, reserved 1048576K
}
Event: 11.760 GC heap after
{Heap after GC invocations=26 (full 0):
 garbage-first heap   total 147456K, used 64000K [0x00000000c9e00000, 0x0000000100000000)
  region size 1024K, 1 young (1024K), 1 survivors (1024K)
 Metaspace       used 34934K, committed 35200K, reserved 1081344K
  class space    used 4548K, committed 4672K, reserved 1048576K
}
Event: 11.867 GC heap before
{Heap before GC invocations=26 (full 0):
 garbage-first heap   total 147456K, used 96768K [0x00000000c9e00000, 0x0000000100000000)
  region size 1024K, 34 young (34816K), 1 survivors (1024K)
 Metaspace       used 35059K, committed 35392K, reserved 1081344K
  class space    used 4562K, committed 4736K, reserved 1048576K
}
Event: 11.869 GC heap after
{Heap after GC invocations=27 (full 0):
 garbage-first heap   total 147456K, used 64629K [0x00000000c9e00000, 0x0000000100000000)
  region size 1024K, 2 young (2048K), 2 survivors (2048K)
 Metaspace       used 35059K, committed 35392K, reserved 1081344K
  class space    used 4562K, committed 4736K, reserved 1048576K
}
Event: 11.940 GC heap before
{Heap before GC invocations=27 (full 0):
 garbage-first heap   total 147456K, used 98421K [0x00000000c9e00000, 0x0000000100000000)
  region size 1024K, 36 young (36864K), 2 survivors (2048K)
 Metaspace       used 35076K, committed 35392K, reserved 1081344K
  class space    used 4567K, committed 4736K, reserved 1048576K
}
Event: 11.943 GC heap after
{Heap after GC invocations=28 (full 0):
 garbage-first heap   total 147456K, used 65790K [0x00000000c9e00000, 0x0000000100000000)
  region size 1024K, 3 young (3072K), 3 survivors (3072K)
 Metaspace       used 35076K, committed 35392K, reserved 1081344K
  class space    used 4567K, committed 4736K, reserved 1048576K
}
Event: 12.014 GC heap before
{Heap before GC invocations=28 (full 0):
 garbage-first heap   total 147456K, used 104702K [0x00000000c9e00000, 0x0000000100000000)
  region size 1024K, 42 young (43008K), 3 survivors (3072K)
 Metaspace       used 35081K, committed 35392K, reserved 1081344K
  class space    used 4568K, committed 4736K, reserved 1048576K
}
Event: 12.017 GC heap after
{Heap after GC invocations=29 (full 0):
 garbage-first heap   total 147456K, used 67556K [0x00000000c9e00000, 0x0000000100000000)
  region size 1024K, 5 young (5120K), 5 survivors (5120K)
 Metaspace       used 35081K, committed 35392K, reserved 1081344K
  class space    used 4568K, committed 4736K, reserved 1048576K
}
Event: 12.101 GC heap before
{Heap before GC invocations=29 (full 0):
 garbage-first heap   total 147456K, used 108516K [0x00000000c9e00000, 0x0000000100000000)
  region size 1024K, 46 young (47104K), 5 survivors (5120K)
 Metaspace       used 35081K, committed 35392K, reserved 1081344K
  class space    used 4568K, committed 4736K, reserved 1048576K
}

Deoptimization events (16 events):
Event: 2.446 Thread 0x000001f9efa8a870 DEOPT PACKING pc=0x000001f9f2a116f5 sp=0x0000008c597fdce0
Event: 2.446 Thread 0x000001f9efa8a870 DEOPT UNPACKING pc=0x000001f9f2762b43 sp=0x0000008c597fd150 mode 3
Event: 5.385 Thread 0x000001f9efa8a870 DEOPT PACKING pc=0x000001f9f28ad599 sp=0x0000008c597fd800
Event: 5.385 Thread 0x000001f9efa8a870 DEOPT UNPACKING pc=0x000001f9f2762b43 sp=0x0000008c597fcce0 mode 3
Event: 6.382 Thread 0x000001f9efa8a870 DEOPT PACKING pc=0x000001f9f2bce775 sp=0x0000008c597fd220
Event: 6.383 Thread 0x000001f9efa8a870 DEOPT UNPACKING pc=0x000001f9f2762b43 sp=0x0000008c597fc690 mode 3
Event: 7.734 Thread 0x000001f9efa8a870 DEOPT PACKING pc=0x000001f9f2c7cc19 sp=0x0000008c597fcad0
Event: 7.734 Thread 0x000001f9efa8a870 DEOPT UNPACKING pc=0x000001f9f2762b43 sp=0x0000008c597fbfb0 mode 3
Event: 7.910 Thread 0x000001f9fbe35440 DEOPT PACKING pc=0x000001f9f2cf372b sp=0x0000008c5abfe860
Event: 7.910 Thread 0x000001f9fbe35440 DEOPT UNPACKING pc=0x000001f9f2762b43 sp=0x0000008c5abfdda8 mode 3
Event: 9.393 Thread 0x000001f9fc0bf1d0 DEOPT PACKING pc=0x000001f9f2df73b5 sp=0x0000008c5b3fd8e0
Event: 9.393 Thread 0x000001f9fc0bf1d0 DEOPT UNPACKING pc=0x000001f9f2762b43 sp=0x0000008c5b3fce08 mode 3
Event: 9.576 Thread 0x000001f9fb965d40 DEOPT PACKING pc=0x000001f9f28aa881 sp=0x0000008c5aefedb0
Event: 9.576 Thread 0x000001f9fb965d40 DEOPT UNPACKING pc=0x000001f9f2762b43 sp=0x0000008c5aefe240 mode 3
Event: 10.700 Thread 0x000001f9f9652f70 DEOPT PACKING pc=0x000001f9f28b1217 sp=0x0000008c5affed10
Event: 10.700 Thread 0x000001f9f9652f70 DEOPT UNPACKING pc=0x000001f9f2762b43 sp=0x0000008c5affe168 mode 3

Classes unloaded (0 events):
No events

Classes redefined (0 events):
No events

Internal exceptions (20 events):
Event: 8.777 Thread 0x000001f9f9652f70 Exception <a 'sun/nio/fs/WindowsException'{0x00000000cc230da0}> (0x00000000cc230da0) 
thrown [e:\jenkins\tmp\workspace\build\src\src\hotspot\share\prims\jni.cpp, line 516]
Event: 8.777 Thread 0x000001f9f9652f70 Exception <a 'sun/nio/fs/WindowsException'{0x00000000cc231790}> (0x00000000cc231790) 
thrown [e:\jenkins\tmp\workspace\build\src\src\hotspot\share\prims\jni.cpp, line 516]
Event: 8.777 Thread 0x000001f9f9652f70 Exception <a 'sun/nio/fs/WindowsException'{0x00000000cc231b38}> (0x00000000cc231b38) 
thrown [e:\jenkins\tmp\workspace\build\src\src\hotspot\share\prims\jni.cpp, line 516]
Event: 8.777 Thread 0x000001f9f9652f70 Exception <a 'sun/nio/fs/WindowsException'{0x00000000cc232538}> (0x00000000cc232538) 
thrown [e:\jenkins\tmp\workspace\build\src\src\hotspot\share\prims\jni.cpp, line 516]
Event: 8.777 Thread 0x000001f9f9652f70 Exception <a 'sun/nio/fs/WindowsException'{0x00000000cc2328f8}> (0x00000000cc2328f8) 
thrown [e:\jenkins\tmp\workspace\build\src\src\hotspot\share\prims\jni.cpp, line 516]
Event: 8.777 Thread 0x000001f9f9652f70 Exception <a 'sun/nio/fs/WindowsException'{0x00000000cc2332f8}> (0x00000000cc2332f8) 
thrown [e:\jenkins\tmp\workspace\build\src\src\hotspot\share\prims\jni.cpp, line 516]
Event: 8.777 Thread 0x000001f9f9652f70 Exception <a 'sun/nio/fs/WindowsException'{0x00000000cc2336a8}> (0x00000000cc2336a8) 
thrown [e:\jenkins\tmp\workspace\build\src\src\hotspot\share\prims\jni.cpp, line 516]
Event: 8.777 Thread 0x000001f9f9652f70 Exception <a 'sun/nio/fs/WindowsException'{0x00000000cc2340a8}> (0x00000000cc2340a8) 
thrown [e:\jenkins\tmp\workspace\build\src\src\hotspot\share\prims\jni.cpp, line 516]
Event: 8.777 Thread 0x000001f9f9652f70 Exception <a 'sun/nio/fs/WindowsException'{0x00000000cc234488}> (0x00000000cc234488) 
thrown [e:\jenkins\tmp\workspace\build\src\src\hotspot\share\prims\jni.cpp, line 516]
Event: 8.777 Thread 0x000001f9f9652f70 Exception <a 'sun/nio/fs/WindowsException'{0x00000000cc234eb0}> (0x00000000cc234eb0) 
thrown [e:\jenkins\tmp\workspace\build\src\src\hotspot\share\prims\jni.cpp, line 516]
Event: 8.777 Thread 0x000001f9f9652f70 Exception <a 'sun/nio/fs/WindowsException'{0x00000000cc235290}> (0x00000000cc235290) 
thrown [e:\jenkins\tmp\workspace\build\src\src\hotspot\share\prims\jni.cpp, line 516]
Event: 8.777 Thread 0x000001f9f9652f70 Exception <a 'sun/nio/fs/WindowsException'{0x00000000cc235cc8}> (0x00000000cc235cc8) 
thrown [e:\jenkins\tmp\workspace\build\src\src\hotspot\share\prims\jni.cpp, line 516]
Event: 8.779 Thread 0x000001f9f9652f70 Exception <a 'sun/nio/fs/WindowsException'{0x00000000cc2360b8}> (0x00000000cc2360b8) 
thrown [e:\jenkins\tmp\workspace\build\src\src\hotspot\share\prims\jni.cpp, line 516]
Event: 8.779 Thread 0x000001f9f9652f70 Exception <a 'sun/nio/fs/WindowsException'{0x00000000cc236ae0}> (0x00000000cc236ae0) 
thrown [e:\jenkins\tmp\workspace\build\src\src\hotspot\share\prims\jni.cpp, line 516]
Event: 8.779 Thread 0x000001f9f9652f70 Exception <a 'sun/nio/fs/WindowsException'{0x00000000cc236ed0}> (0x00000000cc236ed0) 
thrown [e:\jenkins\tmp\workspace\build\src\src\hotspot\share\prims\jni.cpp, line 516]
Event: 9.274 Thread 0x000001f9fbbde7b0 Exception <a 'java/lang/NoSuchMethodError'{0x00000000cd56af28}: 'java.lang.Object java.lang.invoke.DirectMethodHandle$Holder.invokeStatic(java.lang.Object, java.lang.Object, java.lang.Object, int, java.lang.Object, java.lang.Object)'> (0x00000000cd56af28) 
thrown [e:\jenkins\tmp\workspace\build\src\src\hotspot\share\interpreter\linkResolver.cpp, line 766]
Event: 9.386 Thread 0x000001f9fc0bf1d0 Exception <a 'java/lang/NoSuchMethodError'{0x00000000cd080018}: 'java.lang.Object java.lang.invoke.DirectMethodHandle$Holder.invokeStatic(java.lang.Object, int, java.lang.Object)'> (0x00000000cd080018) 
thrown [e:\jenkins\tmp\workspace\build\src\src\hotspot\share\interpreter\linkResolver.cpp, line 766]
Event: 9.625 Thread 0x000001f9fc0bf1d0 Exception <a 'java/lang/NoSuchMethodError'{0x00000000cd0f7970}: 'int java.lang.invoke.DirectMethodHandle$Holder.invokeStatic(java.lang.Object)'> (0x00000000cd0f7970) 
thrown [e:\jenkins\tmp\workspace\build\src\src\hotspot\share\interpreter\linkResolver.cpp, line 766]
Event: 9.625 Thread 0x000001f9fc0bf1d0 Exception <a 'java/lang/NoSuchMethodError'{0x00000000cd0fb0c8}: 'int java.lang.invoke.DirectMethodHandle$Holder.invokeStaticInit(java.lang.Object)'> (0x00000000cd0fb0c8) 
thrown [e:\jenkins\tmp\workspace\build\src\src\hotspot\share\interpreter\linkResolver.cpp, line 766]
Event: 9.694 Thread 0x000001f9fbbde7b0 Exception <a 'java/lang/NoSuchMethodError'{0x00000000cd543328}: 'int java.lang.invoke.DirectMethodHandle$Holder.invokeVirtual(java.lang.Object, java.lang.Object)'> (0x00000000cd543328) 
thrown [e:\jenkins\tmp\workspace\build\src\src\hotspot\share\interpreter\linkResolver.cpp, line 766]

VM Operations (20 events):
Event: 11.023 Executing VM operation: ICBufferFull done
Event: 11.027 Executing VM operation: ICBufferFull
Event: 11.027 Executing VM operation: ICBufferFull done
Event: 11.027 Executing VM operation: ICBufferFull
Event: 11.028 Executing VM operation: ICBufferFull done
Event: 11.687 Executing VM operation: G1CollectForAllocation
Event: 11.738 Executing VM operation: G1CollectForAllocation done
Event: 11.748 Executing VM operation: HandshakeAllThreads
Event: 11.748 Executing VM operation: HandshakeAllThreads done
Event: 11.749 Executing VM operation: HandshakeAllThreads
Event: 11.749 Executing VM operation: HandshakeAllThreads done
Event: 11.750 Executing VM operation: G1CollectForAllocation
Event: 11.760 Executing VM operation: G1CollectForAllocation done
Event: 11.846 Executing VM operation: G1CollectForAllocation
Event: 11.871 Executing VM operation: G1CollectForAllocation done
Event: 11.940 Executing VM operation: G1CollectForAllocation
Event: 11.945 Executing VM operation: G1CollectForAllocation done
Event: 12.014 Executing VM operation: G1CollectForAllocation
Event: 12.018 Executing VM operation: G1CollectForAllocation done
Event: 12.086 Executing VM operation: G1CollectForAllocation

Events (20 events):
Event: 9.739 loading class java/util/WeakHashMap$EntrySet
Event: 9.739 loading class java/util/WeakHashMap$EntrySet done
Event: 9.739 loading class java/util/WeakHashMap$EntryIterator
Event: 9.739 loading class java/util/WeakHashMap$HashIterator
Event: 9.740 loading class java/util/WeakHashMap$HashIterator done
Event: 9.740 loading class java/util/WeakHashMap$EntryIterator done
Event: 9.768 Thread 0x000001f9fc5d6530 Thread added: 0x000001f9fc5d6530
Event: 10.795 Thread 0x000001f9fbbe18e0 Thread exited: 0x000001f9fbbe18e0
Event: 11.808 loading class java/util/concurrent/CompletableFuture$UniApply
Event: 11.808 loading class java/util/concurrent/CompletableFuture$UniApply done
Event: 11.810 Thread 0x000001f9fc5d6a00 Thread added: 0x000001f9fc5d6a00
Event: 11.810 loading class java/util/concurrent/CompletableFuture$UniExceptionally
Event: 11.810 loading class java/util/concurrent/CompletableFuture$UniExceptionally done
Event: 11.814 loading class java/util/concurrent/CompletableFuture$UniCompose
Event: 11.815 loading class java/util/concurrent/CompletableFuture$UniCompose done
Event: 11.815 Thread 0x000001f9fc5d6ed0 Thread added: 0x000001f9fc5d6ed0
Event: 11.873 Thread 0x000001f9fc682bb0 Thread added: 0x000001f9fc682bb0
Event: 11.873 loading class java/util/concurrent/CompletableFuture$UniRelay
Event: 11.875 loading class java/util/concurrent/CompletableFuture$UniRelay done
Event: 11.877 Thread 0x000001f9fc5d6ed0 Thread exited: 0x000001f9fc5d6ed0


Dynamic libraries:
0x00007ff6155c0000 - 0x00007ff6155ce000 	c:\Users\gilbe\.vscode\extensions\redhat.java-1.9.0-win32-x64\jre\17.0.3-win32-x86_64\bin\java.exe
0x00007ff8b7ed0000 - 0x00007ff8b80c8000 	C:\windows\SYSTEM32\ntdll.dll
0x00007ff8b7510000 - 0x00007ff8b75cd000 	C:\windows\System32\KERNEL32.DLL
0x00007ff8b5940000 - 0x00007ff8b5c0e000 	C:\windows\System32\KERNELBASE.dll
0x00007ff8b5de0000 - 0x00007ff8b5ee0000 	C:\windows\System32\ucrtbase.dll
0x00007ff8aea20000 - 0x00007ff8aea38000 	c:\Users\gilbe\.vscode\extensions\redhat.java-1.9.0-win32-x64\jre\17.0.3-win32-x86_64\bin\jli.dll
0x00007ff8b5f40000 - 0x00007ff8b60e0000 	C:\windows\System32\USER32.dll
0x00007ff8b5910000 - 0x00007ff8b5932000 	C:\windows\System32\win32u.dll
0x00007ff8b7df0000 - 0x00007ff8b7e1a000 	C:\windows\System32\GDI32.dll
0x00007ff8b5cd0000 - 0x00007ff8b5ddb000 	C:\windows\System32\gdi32full.dll
0x00007ff8b57c0000 - 0x00007ff8b585d000 	C:\windows\System32\msvcp_win.dll
0x00007ff89edf0000 - 0x00007ff89f08a000 	C:\windows\WinSxS\amd64_microsoft.windows.common-controls_6595b64144ccf1df_6.0.19041.1110_none_60b5254171f9507e\COMCTL32.dll
0x00007ff8b7ab0000 - 0x00007ff8b7b4e000 	C:\windows\System32\msvcrt.dll
0x00007ff8ad430000 - 0x00007ff8ad449000 	c:\Users\gilbe\.vscode\extensions\redhat.java-1.9.0-win32-x64\jre\17.0.3-win32-x86_64\bin\VCRUNTIME140.dll
0x00007ff8b7720000 - 0x00007ff8b7750000 	C:\windows\System32\IMM32.DLL
0x00007ff8ad620000 - 0x00007ff8ad62c000 	c:\Users\gilbe\.vscode\extensions\redhat.java-1.9.0-win32-x64\jre\17.0.3-win32-x86_64\bin\vcruntime140_1.dll
0x00007ff887b10000 - 0x00007ff887ba1000 	c:\Users\gilbe\.vscode\extensions\redhat.java-1.9.0-win32-x64\jre\17.0.3-win32-x86_64\bin\msvcp140.dll
0x00007ff875b60000 - 0x00007ff8767a8000 	c:\Users\gilbe\.vscode\extensions\redhat.java-1.9.0-win32-x64\jre\17.0.3-win32-x86_64\bin\server\jvm.dll
0x00007ff8b63f0000 - 0x00007ff8b649e000 	C:\windows\System32\ADVAPI32.dll
0x00007ff8b7470000 - 0x00007ff8b750c000 	C:\windows\System32\sechost.dll
0x00007ff8b7210000 - 0x00007ff8b7335000 	C:\windows\System32\RPCRT4.dll
0x00007ff8b5f30000 - 0x00007ff8b5f38000 	C:\windows\System32\PSAPI.DLL
0x00007ff8ad5e0000 - 0x00007ff8ad5e9000 	C:\windows\SYSTEM32\WSOCK32.dll
0x00007ff8b7140000 - 0x00007ff8b71ab000 	C:\windows\System32\WS2_32.dll
0x00007ff8ac360000 - 0x00007ff8ac387000 	C:\windows\SYSTEM32\WINMM.dll
0x00007ff8ac390000 - 0x00007ff8ac39a000 	C:\windows\SYSTEM32\VERSION.dll
0x00007ff8b34f0000 - 0x00007ff8b3502000 	C:\windows\SYSTEM32\kernel.appcore.dll
0x00007ff8ad3b0000 - 0x00007ff8ad3ba000 	c:\Users\gilbe\.vscode\extensions\redhat.java-1.9.0-win32-x64\jre\17.0.3-win32-x86_64\bin\jimage.dll
0x00007ff89fd40000 - 0x00007ff89ff24000 	C:\windows\SYSTEM32\DBGHELP.DLL
0x00007ff89a020000 - 0x00007ff89a04c000 	C:\windows\SYSTEM32\dbgcore.DLL
0x00007ff8b5c10000 - 0x00007ff8b5c92000 	C:\windows\System32\bcryptPrimitives.dll
0x00007ff8ad350000 - 0x00007ff8ad375000 	c:\Users\gilbe\.vscode\extensions\redhat.java-1.9.0-win32-x64\jre\17.0.3-win32-x86_64\bin\java.dll
0x00007ff8ad330000 - 0x00007ff8ad348000 	c:\Users\gilbe\.vscode\extensions\redhat.java-1.9.0-win32-x64\jre\17.0.3-win32-x86_64\bin\zip.dll
0x00007ff8b6500000 - 0x00007ff8b6c44000 	C:\windows\System32\SHELL32.dll
0x00007ff8b36f0000 - 0x00007ff8b3e84000 	C:\windows\SYSTEM32\windows.storage.dll
0x00007ff8b7750000 - 0x00007ff8b7aa4000 	C:\windows\System32\combase.dll
0x00007ff8b4f80000 - 0x00007ff8b4fb0000 	C:\windows\SYSTEM32\Wldp.dll
0x00007ff8b6290000 - 0x00007ff8b633d000 	C:\windows\System32\SHCORE.dll
0x00007ff8b64a0000 - 0x00007ff8b64f5000 	C:\windows\System32\shlwapi.dll
0x00007ff8b5530000 - 0x00007ff8b554f000 	C:\windows\SYSTEM32\profapi.dll
0x00007ff8ad2f0000 - 0x00007ff8ad309000 	C:\Users\gilbe\.vscode\extensions\redhat.java-1.9.0-win32-x64\jre\17.0.3-win32-x86_64\bin\net.dll
0x00007ff8a6530000 - 0x00007ff8a663a000 	C:\windows\SYSTEM32\WINHTTP.dll
0x00007ff8b4ce0000 - 0x00007ff8b4d4a000 	C:\windows\system32\mswsock.dll
0x00007ff8ad0c0000 - 0x00007ff8ad0d5000 	C:\Users\gilbe\.vscode\extensions\redhat.java-1.9.0-win32-x64\jre\17.0.3-win32-x86_64\bin\nio.dll
0x00007ff8ad320000 - 0x00007ff8ad330000 	c:\Users\gilbe\.vscode\extensions\redhat.java-1.9.0-win32-x64\jre\17.0.3-win32-x86_64\bin\verify.dll
0x00007ff8ad6b0000 - 0x00007ff8ad6b9000 	C:\Users\gilbe\.vscode\extensions\redhat.java-1.9.0-win32-x64\jre\17.0.3-win32-x86_64\bin\management.dll
0x00007ff8ad2e0000 - 0x00007ff8ad2eb000 	C:\Users\gilbe\.vscode\extensions\redhat.java-1.9.0-win32-x64\jre\17.0.3-win32-x86_64\bin\management_ext.dll
0x00007ff898790000 - 0x00007ff8987a7000 	C:\windows\system32\napinsp.dll
0x00007ff898770000 - 0x00007ff89878b000 	C:\windows\system32\pnrpnsp.dll
0x00007ff8b0200000 - 0x00007ff8b0215000 	C:\windows\system32\wshbth.dll
0x00007ff8b0fd0000 - 0x00007ff8b0fed000 	C:\windows\system32\NLAapi.dll
0x00007ff8b49d0000 - 0x00007ff8b4a0b000 	C:\windows\SYSTEM32\IPHLPAPI.DLL
0x00007ff8b4a10000 - 0x00007ff8b4adb000 	C:\windows\SYSTEM32\DNSAPI.dll
0x00007ff8b7e80000 - 0x00007ff8b7e88000 	C:\windows\System32\NSI.dll
0x00007ff898750000 - 0x00007ff898762000 	C:\windows\System32\winrnr.dll
0x00007ff8ad030000 - 0x00007ff8ad03a000 	C:\Windows\System32\rasadhlp.dll
0x00007ff89f230000 - 0x00007ff89f2b0000 	C:\windows\System32\fwpuclnt.dll
0x00007ff8b5ca0000 - 0x00007ff8b5cc7000 	C:\windows\System32\bcrypt.dll
0x00007ff8b4ed0000 - 0x00007ff8b4ee8000 	C:\windows\SYSTEM32\CRYPTSP.dll
0x00007ff8b4660000 - 0x00007ff8b4694000 	C:\windows\system32\rsaenh.dll
0x00007ff8b54b0000 - 0x00007ff8b54de000 	C:\windows\SYSTEM32\USERENV.dll
0x00007ff8b4ef0000 - 0x00007ff8b4efc000 	C:\windows\SYSTEM32\CRYPTBASE.dll
0x00007ff8a9a30000 - 0x00007ff8a9a47000 	C:\windows\SYSTEM32\dhcpcsvc6.DLL
0x00007ff8a9da0000 - 0x00007ff8a9dbd000 	C:\windows\SYSTEM32\dhcpcsvc.DLL

dbghelp: loaded successfully - version: 4.0.5 - missing functions: none
symbol engine: initialized successfully - sym options: 0x614 - pdb path: .;c:\Users\gilbe\.vscode\extensions\redhat.java-1.9.0-win32-x64\jre\17.0.3-win32-x86_64\bin;C:\windows\SYSTEM32;C:\windows\WinSxS\amd64_microsoft.windows.common-controls_6595b64144ccf1df_6.0.19041.1110_none_60b5254171f9507e;c:\Users\gilbe\.vscode\extensions\redhat.java-1.9.0-win32-x64\jre\17.0.3-win32-x86_64\bin\server

VM Arguments:
jvm_args: -Dsts.lsp.client=vscode -Dsts.log.file=/dev/null -XX:TieredStopAtLevel=1 -Dspring.config.location=file:c:\Users\gilbe\.vscode\extensions\pivotal.vscode-spring-boot-1.37.0\language-server\BOOT-INF\classes\application.properties 
java_command: org.springframework.ide.vscode.boot.app.BootLanguageServerBootApp
java_class_path (initial): c:\Users\gilbe\.vscode\extensions\pivotal.vscode-spring-boot-1.37.0\language-server\BOOT-INF\classes;c:\Users\gilbe\.vscode\extensions\pivotal.vscode-spring-boot-1.37.0\language-server\BOOT-INF\lib\annotations-23.0.0.jar;c:\Users\gilbe\.vscode\extensions\pivotal.vscode-spring-boot-1.37.0\language-server\BOOT-INF\lib\antlr-runtime-3.5.2.jar;c:\Users\gilbe\.vscode\extensions\pivotal.vscode-spring-boot-1.37.0\language-server\BOOT-INF\lib\antlr4-4.9.3.jar;c:\Users\gilbe\.vscode\extensions\pivotal.vscode-spring-boot-1.37.0\language-server\BOOT-INF\lib\antlr4-runtime-4.9.3.jar;c:\Users\gilbe\.vscode\extensions\pivotal.vscode-spring-boot-1.37.0\language-server\BOOT-INF\lib\asm-9.3.jar;c:\Users\gilbe\.vscode\extensions\pivotal.vscode-spring-boot-1.37.0\language-server\BOOT-INF\lib\asm-analysis-9.3.jar;c:\Users\gilbe\.vscode\extensions\pivotal.vscode-spring-boot-1.37.0\language-server\BOOT-INF\lib\asm-tree-9.3.jar;c:\Users\gilbe\.vscode\extensions\pivotal.vscode-spring-boot-1.37.0\language-server\BOOT-INF\lib\asm-util-9.3.jar;c:\Users\gilbe\.vscode\extensions\pivotal.vscode-spring-boot-1.37.0\language-server\BOOT-INF\lib\byte-buddy-1.10.18.jar;c:\Users\gilbe\.vscode\extensions\pivotal.vscode-spring-boot-1.37.0\language-server\BOOT-INF\lib\caffeine-2.8.6.jar;c:\Users\gilbe\.vscode\extensions\pivotal.vscode-spring-boot-1.37.0\language-server\BOOT-INF\lib\checker-qual-3.12.0.jar;c:\Users\gilbe\.vscode\extensions\pivotal.vscode-spring-boot-1.37.0\language-server\BOOT-INF\lib\classgraph-4.8.149.jar;c:\Users\gilbe\.vscode\extensions\pivotal.vscode-spring-boot-1.37.0\language-server\BOOT-INF\lib\commons-codec-1.14.jar;c:\Users\gilbe\.vscode\extensions\pivotal.vscode-spring-boot-1.37.0\language-server\BOOT-INF\lib\commons-compress-1.21.jar;c:\Users\gilbe\.vscode\extensions\pivotal.vscode-spring-boot-1.37.0\language-server\BOOT-INF\lib\commons-exec-1.3.jar;c:\Users\gilbe\.vscode\extensions\pivotal.vscode-spring-boot-1.37.0\language-server\BOOT-INF\lib\com
Launcher Type: SUN_STANDARD

[Global flags]
     intx CICompilerCount                          = 2                                         {product} {ergonomic}
     uint ConcGCThreads                            = 1                                         {product} {ergonomic}
     uint G1ConcRefinementThreads                  = 2                                         {product} {ergonomic}
   size_t G1HeapRegionSize                         = 1048576                                   {product} {ergonomic}
    uintx GCDrainStackTargetSize                   = 64                                        {product} {ergonomic}
   size_t InitialHeapSize                          = 58720256                                  {product} {ergonomic}
   size_t MarkStackSize                            = 4194304                                   {product} {ergonomic}
   size_t MaxHeapSize                              = 908066816                                 {product} {ergonomic}
   size_t MaxNewSize                               = 544210944                                 {product} {ergonomic}
   size_t MinHeapDeltaBytes                        = 1048576                                   {product} {ergonomic}
   size_t MinHeapSize                              = 8388608                                   {product} {ergonomic}
    uintx NonProfiledCodeHeapSize                  = 0                                      {pd product} {ergonomic}
     bool ProfileInterpreter                       = false                                  {pd product} {command line}
    uintx ProfiledCodeHeapSize                     = 0                                      {pd product} {ergonomic}
   size_t SoftMaxHeapSize                          = 908066816                              {manageable} {ergonomic}
     intx TieredStopAtLevel                        = 1                                         {product} {command line}
     bool UseCompressedClassPointers               = true                           {product lp64_product} {ergonomic}
     bool UseCompressedOops                        = true                           {product lp64_product} {ergonomic}
     bool UseG1GC                                  = true                                      {product} {ergonomic}
     bool UseLargePagesIndividualAllocation        = false                                  {pd product} {ergonomic}

Logging:
Log output configuration:
 #0: stdout all=warning uptime,level,tags
 #1: stderr all=off uptime,level,tags

Environment Variables:
PATH=C:\Program Files (x86)\Common Files\Oracle\Java\javapath;C:\windows\system32;C:\windows;C:\windows\System32\Wbem;C:\windows\System32\WindowsPowerShell\v1.0\;C:\windows\System32\OpenSSH\;C:\Program Files\nodejs\;C:\ProgramData\chocolatey\bin;C:\Users\gilbe\AppData\Local\Programs\Python\Python310\Scripts\;C:\Users\gilbe\AppData\Local\Programs\Python\Python310\;C:\Users\gilbe\AppData\Local\Microsoft\WindowsApps;C:\Users\gilbe\AppData\Local\Programs\Microsoft VS Code\bin;C:\Users\gilbe\AppData\Roaming\npm;C:\Program Files\Java\jdk1.8.0_311\bin;C:\Program Files\Java\jre1.8.0_341\bin;
USERNAME=gilbe
OS=Windows_NT
PROCESSOR_IDENTIFIER=AMD64 Family 23 Model 24 Stepping 1, AuthenticAMD



---------------  S Y S T E M  ---------------

OS:
 Windows 10 , 64 bit Build 19041 (10.0.19041.1806)
OS uptime: 23 days 21:35 hours

CPU: total 2 (initial active 2) (2 cores per cpu, 1 threads per core) family 23 model 24 stepping 1 microcode 0x0, cx8, cmov, fxsr, mmx, 3dnowpref, sse, sse2, sse3, ssse3, sse4a, sse4.1, sse4.2, popcnt, lzcnt, tsc, tscinvbit, avx, avx2, aes, clmul, bmi1, bmi2, adx, sha, fma, vzeroupper, clflush, clflushopt

Memory: 4k page, system-wide physical 3463M (64M free)
TotalPageFile size 14215M (AvailPageFile size 117M)
current process WorkingSet (physical memory assigned to process): 171M, peak: 172M
current process commit charge ("private bytes"): 260M, peak: 404M

vm_info: OpenJDK 64-Bit Server VM (17.0.3+7) for windows-amd64 JRE (17.0.3+7), built on Apr 19 2022 16:55:35 by "" with MS VC++ 16.7 (VS2019)

END.
