#
# There is insufficient memory for the Java Runtime Environment to continue.
# Native memory allocation (mmap) failed to map 84934656 bytes for G1 virtual space
# Possible reasons:
#   The system is out of physical RAM or swap space
#   The process is running with CompressedOops enabled, and the Java Heap may be blocking the growth of the native heap
# Possible solutions:
#   Reduce memory load on the system
#   Increase physical memory or swap space
#   Check if swap backing store is full
#   Decrease Java heap size (-Xmx/-Xms)
#   Decrease number of Java threads
#   Decrease Java thread stack sizes (-Xss)
#   Set larger code cache with -XX:ReservedCodeCacheSize=
#   JVM is running with Unscaled Compressed Oops mode in which the Java heap is
#     placed in the first 4GB address space. The Java Heap base address is the
#     maximum limit for the native heap growth. Please use -XX:HeapBaseMinAddress
#     to set the Java Heap base and to place the Java Heap above 4GB virtual address.
# This output file may be truncated or incomplete.
#
#  Out of Memory Error (os_windows.cpp:3535), pid=21428, tid=21492
#
# JRE version: OpenJDK Runtime Environment Temurin-17.0.3+7 (17.0.3+7) (build 17.0.3+7)
# Java VM: OpenJDK 64-Bit Server VM Temurin-17.0.3+7 (17.0.3+7, mixed mode, emulated-client, tiered, compressed oops, compressed class ptrs, g1 gc, windows-amd64)
# No core dump will be written. Minidumps are not enabled by default on client versions of Windows
#

---------------  S U M M A R Y ------------

Command Line: -Dsts.lsp.client=vscode -Dsts.log.file=/dev/null -XX:TieredStopAtLevel=1 -Dspring.config.location=file:c:\Users\gilbe\.vscode\extensions\pivotal.vscode-spring-boot-1.37.0\language-server\BOOT-INF\classes\application.properties org.springframework.ide.vscode.boot.app.BootLanguageServerBootApp

Host: AMD Athlon Silver 3050U with Radeon Graphics   , 2 cores, 3G,  Windows 10 , 64 bit Build 19041 (10.0.19041.1806)
Time: Tue Aug  9 19:54:58 2022 Central Daylight Time elapsed time: 12.760413 seconds (0d 0h 0m 12s)

---------------  T H R E A D  ---------------

Current thread (0x000002659551e7a0):  VMThread "VM Thread" [stack: 0x000000b0cd000000,0x000000b0cd100000] [id=21492]

Stack: [0x000000b0cd000000,0x000000b0cd100000]
Native frames: (J=compiled Java code, j=interpreted, Vv=VM code, C=native code)
V  [jvm.dll+0x675efa]
V  [jvm.dll+0x830a24]
V  [jvm.dll+0x8321ce]
V  [jvm.dll+0x832833]
V  [jvm.dll+0x2454b5]
V  [jvm.dll+0x672de9]
V  [jvm.dll+0x667732]
V  [jvm.dll+0x3043ab]
V  [jvm.dll+0x30b8f6]
V  [jvm.dll+0x35b62e]
V  [jvm.dll+0x35b85f]
V  [jvm.dll+0x2db248]
V  [jvm.dll+0x2d94fc]
V  [jvm.dll+0x2d8acc]
V  [jvm.dll+0x31ca2b]
V  [jvm.dll+0x836cdb]
V  [jvm.dll+0x837a14]
V  [jvm.dll+0x837f2c]
V  [jvm.dll+0x838304]
V  [jvm.dll+0x8383d0]
V  [jvm.dll+0x7e0cfa]
V  [jvm.dll+0x674d85]
C  [ucrtbase.dll+0x21bb2]
C  [KERNEL32.DLL+0x17034]
C  [ntdll.dll+0x52651]

VM_Operation (0x000000b0ce5fe4f0): G1CollectForAllocation, mode: safepoint, requested by thread 0x000002659807d020


---------------  P R O C E S S  ---------------

Threads class SMR info:
_java_thread_list=0x0000026598037560, length=27, elements={
0x0000026595540750, 0x00000265955415c0, 0x000002659557e130, 0x0000026595580db0,
0x0000026595583780, 0x0000026595584130, 0x0000026595584ae0, 0x00000265955854d0,
0x000002659618b730, 0x0000026596191ed0, 0x0000026589a95b40, 0x0000026597cf87e0,
0x0000026597cf5ff0, 0x0000026597e79a30, 0x0000026589a94c80, 0x0000026597f77570,
0x0000026598061860, 0x00000265980630b0, 0x0000026598063580, 0x000002659807d020,
0x00000265980efb60, 0x00000265980ee350, 0x00000265980ee820, 0x00000265980ef1c0,
0x00000265980ede80, 0x00000265980eecf0, 0x00000265980ef690
}

Java Threads: ( => current thread )
  0x0000026595540750 JavaThread "Reference Handler" daemon [_thread_blocked, id=15004, stack(0x000000b0cd100000,0x000000b0cd200000)]
  0x00000265955415c0 JavaThread "Finalizer" daemon [_thread_blocked, id=18284, stack(0x000000b0cd200000,0x000000b0cd300000)]
  0x000002659557e130 JavaThread "Signal Dispatcher" daemon [_thread_blocked, id=10152, stack(0x000000b0cd300000,0x000000b0cd400000)]
  0x0000026595580db0 JavaThread "Attach Listener" daemon [_thread_blocked, id=6468, stack(0x000000b0cd400000,0x000000b0cd500000)]
  0x0000026595583780 JavaThread "Service Thread" daemon [_thread_blocked, id=19540, stack(0x000000b0cd500000,0x000000b0cd600000)]
  0x0000026595584130 JavaThread "Monitor Deflation Thread" daemon [_thread_blocked, id=5544, stack(0x000000b0cd600000,0x000000b0cd700000)]
  0x0000026595584ae0 JavaThread "C1 CompilerThread0" daemon [_thread_blocked, id=14932, stack(0x000000b0cd700000,0x000000b0cd800000)]
  0x00000265955854d0 JavaThread "Sweeper thread" daemon [_thread_blocked, id=17520, stack(0x000000b0cd800000,0x000000b0cd900000)]
  0x000002659618b730 JavaThread "Notification Thread" daemon [_thread_blocked, id=10308, stack(0x000000b0cd900000,0x000000b0cda00000)]
  0x0000026596191ed0 JavaThread "Common-Cleaner" daemon [_thread_blocked, id=16956, stack(0x000000b0cdb00000,0x000000b0cdc00000)]
  0x0000026589a95b40 JavaThread "C1 CompilerThread1" daemon [_thread_blocked, id=17732, stack(0x000000b0cdc00000,0x000000b0cdd00000)]
  0x0000026597cf87e0 JavaThread "Thread-1" [_thread_blocked, id=21300, stack(0x000000b0cde00000,0x000000b0cdf00000)]
  0x0000026597cf5ff0 JavaThread "pool-7-thread-1" [_thread_blocked, id=32, stack(0x000000b0cdf00000,0x000000b0ce000000)]
  0x0000026597e79a30 JavaThread "LanguageServerApp-lifecycle" [_thread_blocked, id=12900, stack(0x000000b0ce000000,0x000000b0ce100000)]
  0x0000026589a94c80 JavaThread "DestroyJavaVM" [_thread_blocked, id=16816, stack(0x000000b0cca00000,0x000000b0ccb00000)]
  0x0000026597f77570 JavaThread "pool-8-thread-1" [_thread_in_native, id=8072, stack(0x000000b0ce100000,0x000000b0ce200000)]
  0x0000026598061860 JavaThread "ClassGraph-worker-0" daemon [_thread_blocked, id=9424, stack(0x000000b0ce200000,0x000000b0ce300000)]
  0x00000265980630b0 JavaThread "ClassGraph-worker-1" daemon [_thread_blocked, id=15980, stack(0x000000b0ce300000,0x000000b0ce400000)]
  0x0000026598063580 JavaThread "ClassGraph-worker-2" daemon [_thread_blocked, id=7040, stack(0x000000b0ce400000,0x000000b0ce500000)]
  0x000002659807d020 JavaThread "ClassGraph-worker-3" daemon [_thread_blocked, id=1104, stack(0x000000b0ce500000,0x000000b0ce600000)]
  0x00000265980efb60 JavaThread "Simple-Language-Server main thread" daemon [_thread_blocked, id=12040, stack(0x000000b0ce600000,0x000000b0ce700000)]
  0x00000265980ee350 JavaThread "pool-5-thread-1" [_thread_blocked, id=11968, stack(0x000000b0ce700000,0x000000b0ce800000)]
  0x00000265980ee820 JavaThread "parallel-1" daemon [_thread_blocked, id=6760, stack(0x000000b0ce800000,0x000000b0ce900000)]
  0x00000265980ef1c0 JavaThread "parallel-2" daemon [_thread_blocked, id=16668, stack(0x000000b0ce900000,0x000000b0cea00000)]
  0x00000265980ede80 JavaThread "pool-2-thread-1" [_thread_blocked, id=7844, stack(0x000000b0cea00000,0x000000b0ceb00000)]
  0x00000265980eecf0 JavaThread "Reconciler-1" daemon [_thread_blocked, id=18668, stack(0x000000b0cec00000,0x000000b0ced00000)]
  0x00000265980ef690 JavaThread "pool-2-thread-2" [_thread_blocked, id=7684, stack(0x000000b0ced00000,0x000000b0cee00000)]

Other Threads:
=>0x000002659551e7a0 VMThread "VM Thread" [stack: 0x000000b0cd000000,0x000000b0cd100000] [id=21492]
  0x000002659618bc00 WatcherThread [stack: 0x000000b0cda00000,0x000000b0cdb00000] [id=2944]
  0x0000026589acab40 GCTaskThread "GC Thread#0" [stack: 0x000000b0ccb00000,0x000000b0ccc00000] [id=18396]
  0x00000265963fe800 GCTaskThread "GC Thread#1" [stack: 0x000000b0cdd00000,0x000000b0cde00000] [id=8420]
  0x0000026589ad36d0 ConcurrentGCThread "G1 Main Marker" [stack: 0x000000b0ccc00000,0x000000b0ccd00000] [id=1208]
  0x0000026589ad54f0 ConcurrentGCThread "G1 Conc#0" [stack: 0x000000b0ccd00000,0x000000b0cce00000] [id=2268]
  0x0000026589b07c40 ConcurrentGCThread "G1 Refine#0" [stack: 0x000000b0cce00000,0x000000b0ccf00000] [id=960]
  0x0000026589b08660 ConcurrentGCThread "G1 Service" [stack: 0x000000b0ccf00000,0x000000b0cd000000] [id=20128]

Threads with active compile tasks:

VM state: at safepoint (normal execution)

VM Mutex/Monitor currently owned by a thread:  ([mutex/lock_event])
[0x00000265898c7230] Threads_lock - owner thread: 0x000002659551e7a0
[0x0000026589a92d50] Heap_lock - owner thread: 0x000002659807d020

Heap address: 0x00000000c9e00000, size: 866 MB, Compressed Oops mode: 32-bit

CDS archive(s) not mapped
Compressed class space mapped at: 0x0000000100000000-0x0000000140000000, reserved size: 1073741824
Narrow klass base: 0x0000000000000000, Narrow klass shift: 3, Narrow klass range: 0x140000000

GC Precious Log:
 CPUs: 2 total, 2 available
 Memory: 3463M
 Large Page Support: Disabled
 NUMA Support: Disabled
 Compressed Oops: Enabled (32-bit)
 Heap Region Size: 1M
 Heap Min Capacity: 8M
 Heap Initial Capacity: 56M
 Heap Max Capacity: 866M
 Pre-touch: Disabled
 Parallel Workers: 2
 Concurrent Workers: 1
 Concurrent Refinement Workers: 2
 Periodic GC: Disabled

Heap:
 garbage-first heap   total 57344K, used 32450K [0x00000000c9e00000, 0x0000000100000000)
  region size 1024K, 2 young (2048K), 2 survivors (2048K)
 Metaspace       used 34925K, committed 35200K, reserved 1081344K
  class space    used 4548K, committed 4672K, reserved 1048576K

Heap Regions: E=young(eden), S=young(survivor), O=old, HS=humongous(starts), HC=humongous(continues), CS=collection set, F=free, OA=open archive, CA=closed archive, TAMS=top-at-mark-start (previous, next)
|   0|0x00000000c9e00000, 0x00000000c9f00000, 0x00000000c9f00000|100%| O|  |TAMS 0x00000000c9f00000, 0x00000000c9f00000| Untracked 
|   1|0x00000000c9f00000, 0x00000000ca000000, 0x00000000ca000000|100%| O|  |TAMS 0x00000000ca000000, 0x00000000ca000000| Untracked 
|   2|0x00000000ca000000, 0x00000000ca100000, 0x00000000ca100000|100%| O|  |TAMS 0x00000000ca100000, 0x00000000ca100000| Untracked 
|   3|0x00000000ca100000, 0x00000000ca200000, 0x00000000ca200000|100%| O|  |TAMS 0x00000000ca200000, 0x00000000ca200000| Untracked 
|   4|0x00000000ca200000, 0x00000000ca300000, 0x00000000ca300000|100%| O|  |TAMS 0x00000000ca300000, 0x00000000ca300000| Untracked 
|   5|0x00000000ca300000, 0x00000000ca400000, 0x00000000ca400000|100%| O|  |TAMS 0x00000000ca400000, 0x00000000ca400000| Untracked 
|   6|0x00000000ca400000, 0x00000000ca500000, 0x00000000ca500000|100%| O|  |TAMS 0x00000000ca500000, 0x00000000ca500000| Untracked 
|   7|0x00000000ca500000, 0x00000000ca600000, 0x00000000ca600000|100%| O|  |TAMS 0x00000000ca600000, 0x00000000ca600000| Untracked 
|   8|0x00000000ca600000, 0x00000000ca700000, 0x00000000ca700000|100%| O|  |TAMS 0x00000000ca700000, 0x00000000ca700000| Untracked 
|   9|0x00000000ca700000, 0x00000000ca800000, 0x00000000ca800000|100%| O|  |TAMS 0x00000000ca800000, 0x00000000ca800000| Untracked 
|  10|0x00000000ca800000, 0x00000000ca8a3600, 0x00000000ca900000| 63%| O|  |TAMS 0x00000000ca8a3600, 0x00000000ca8a3600| Untracked 
|  11|0x00000000ca900000, 0x00000000caa00000, 0x00000000caa00000|100%| O|  |TAMS 0x00000000caa00000, 0x00000000caa00000| Untracked 
|  12|0x00000000caa00000, 0x00000000cab00000, 0x00000000cab00000|100%| O|  |TAMS 0x00000000cab00000, 0x00000000cab00000| Untracked 
|  13|0x00000000cab00000, 0x00000000cac00000, 0x00000000cac00000|100%| O|  |TAMS 0x00000000cac00000, 0x00000000cac00000| Untracked 
|  14|0x00000000cac00000, 0x00000000cad00000, 0x00000000cad00000|100%| O|  |TAMS 0x00000000cad00000, 0x00000000cad00000| Untracked 
|  15|0x00000000cad00000, 0x00000000cae00000, 0x00000000cae00000|100%| O|  |TAMS 0x00000000cae00000, 0x00000000cae00000| Untracked 
|  16|0x00000000cae00000, 0x00000000caf00000, 0x00000000caf00000|100%| O|  |TAMS 0x00000000caf00000, 0x00000000caf00000| Untracked 
|  17|0x00000000caf00000, 0x00000000cb000000, 0x00000000cb000000|100%| O|  |TAMS 0x00000000cb000000, 0x00000000cb000000| Untracked 
|  18|0x00000000cb000000, 0x00000000cb000000, 0x00000000cb100000|  0%| F|  |TAMS 0x00000000cb000000, 0x00000000cb000000| Untracked 
|  19|0x00000000cb100000, 0x00000000cb200000, 0x00000000cb200000|100%| O|  |TAMS 0x00000000cb200000, 0x00000000cb200000| Untracked 
|  20|0x00000000cb200000, 0x00000000cb300000, 0x00000000cb300000|100%| O|  |TAMS 0x00000000cb300000, 0x00000000cb300000| Untracked 
|  21|0x00000000cb300000, 0x00000000cb400000, 0x00000000cb400000|100%| O|  |TAMS 0x00000000cb400000, 0x00000000cb400000| Untracked 
|  22|0x00000000cb400000, 0x00000000cb500000, 0x00000000cb500000|100%| O|  |TAMS 0x00000000cb500000, 0x00000000cb500000| Untracked 
|  23|0x00000000cb500000, 0x00000000cb600000, 0x00000000cb600000|100%| O|  |TAMS 0x00000000cb600000, 0x00000000cb600000| Untracked 
|  24|0x00000000cb600000, 0x00000000cb700000, 0x00000000cb700000|100%| O|  |TAMS 0x00000000cb700000, 0x00000000cb700000| Untracked 
|  25|0x00000000cb700000, 0x00000000cb800000, 0x00000000cb800000|100%| O|  |TAMS 0x00000000cb7d1800, 0x00000000cb800000| Untracked 
|  26|0x00000000cb800000, 0x00000000cb900000, 0x00000000cb900000|100%| O|  |TAMS 0x00000000cb800000, 0x00000000cb900000| Untracked 
|  27|0x00000000cb900000, 0x00000000cba00000, 0x00000000cba00000|100%| O|  |TAMS 0x00000000cb900000, 0x00000000cba00000| Untracked 
|  28|0x00000000cba00000, 0x00000000cbb00000, 0x00000000cbb00000|100%| O|  |TAMS 0x00000000cba00000, 0x00000000cbb00000| Untracked 
|  29|0x00000000cbb00000, 0x00000000cbc00000, 0x00000000cbc00000|100%| O|  |TAMS 0x00000000cbb00000, 0x00000000cbc00000| Untracked 
|  30|0x00000000cbc00000, 0x00000000cbd00000, 0x00000000cbd00000|100%| O|  |TAMS 0x00000000cbc00000, 0x00000000cbd00000| Untracked 
|  31|0x00000000cbd00000, 0x00000000cbd54000, 0x00000000cbe00000| 32%| O|  |TAMS 0x00000000cbd00000, 0x00000000cbd54000| Untracked 
|  32|0x00000000cbe00000, 0x00000000cbe00000, 0x00000000cbf00000|  0%| F|  |TAMS 0x00000000cbe00000, 0x00000000cbe00000| Untracked 
|  33|0x00000000cbf00000, 0x00000000cbf00000, 0x00000000cc000000|  0%| F|  |TAMS 0x00000000cbf00000, 0x00000000cbf00000| Untracked 
|  34|0x00000000cc000000, 0x00000000cc000000, 0x00000000cc100000|  0%| F|  |TAMS 0x00000000cc000000, 0x00000000cc000000| Untracked 
|  35|0x00000000cc100000, 0x00000000cc100000, 0x00000000cc200000|  0%| F|  |TAMS 0x00000000cc100000, 0x00000000cc100000| Untracked 
|  36|0x00000000cc200000, 0x00000000cc200000, 0x00000000cc300000|  0%| F|  |TAMS 0x00000000cc200000, 0x00000000cc200000| Untracked 
|  37|0x00000000cc300000, 0x00000000cc300000, 0x00000000cc400000|  0%| F|  |TAMS 0x00000000cc300000, 0x00000000cc300000| Untracked 
|  38|0x00000000cc400000, 0x00000000cc400000, 0x00000000cc500000|  0%| F|  |TAMS 0x00000000cc400000, 0x00000000cc400000| Untracked 
|  39|0x00000000cc500000, 0x00000000cc500000, 0x00000000cc600000|  0%| F|  |TAMS 0x00000000cc500000, 0x00000000cc500000| Untracked 
|  40|0x00000000cc600000, 0x00000000cc6b94d8, 0x00000000cc700000| 72%| S|CS|TAMS 0x00000000cc600000, 0x00000000cc600000| Complete 
|  41|0x00000000cc700000, 0x00000000cc800000, 0x00000000cc800000|100%| S|CS|TAMS 0x00000000cc700000, 0x00000000cc700000| Complete 
|  42|0x00000000cc800000, 0x00000000cc800000, 0x00000000cc900000|  0%| F|  |TAMS 0x00000000cc800000, 0x00000000cc800000| Untracked 
|  43|0x00000000cc900000, 0x00000000cc900000, 0x00000000cca00000|  0%| F|  |TAMS 0x00000000cc900000, 0x00000000cc900000| Untracked 
|  44|0x00000000cca00000, 0x00000000cca00000, 0x00000000ccb00000|  0%| F|  |TAMS 0x00000000cca00000, 0x00000000cca00000| Untracked 
|  45|0x00000000ccb00000, 0x00000000ccb00000, 0x00000000ccc00000|  0%| F|  |TAMS 0x00000000ccb00000, 0x00000000ccb00000| Untracked 
|  46|0x00000000ccc00000, 0x00000000ccc00000, 0x00000000ccd00000|  0%| F|  |TAMS 0x00000000ccc00000, 0x00000000ccc00000| Untracked 
|  47|0x00000000ccd00000, 0x00000000ccd00000, 0x00000000cce00000|  0%| F|  |TAMS 0x00000000ccd00000, 0x00000000ccd00000| Untracked 
|  48|0x00000000cce00000, 0x00000000cce00000, 0x00000000ccf00000|  0%| F|  |TAMS 0x00000000cce00000, 0x00000000cce00000| Untracked 
|  49|0x00000000ccf00000, 0x00000000ccf00000, 0x00000000cd000000|  0%| F|  |TAMS 0x00000000ccf00000, 0x00000000ccf00000| Untracked 
|  50|0x00000000cd000000, 0x00000000cd000000, 0x00000000cd100000|  0%| F|  |TAMS 0x00000000cd000000, 0x00000000cd000000| Untracked 
|  51|0x00000000cd100000, 0x00000000cd100000, 0x00000000cd200000|  0%| F|  |TAMS 0x00000000cd100000, 0x00000000cd100000| Untracked 
|  52|0x00000000cd200000, 0x00000000cd200000, 0x00000000cd300000|  0%| F|  |TAMS 0x00000000cd200000, 0x00000000cd200000| Untracked 
|  53|0x00000000cd300000, 0x00000000cd300000, 0x00000000cd400000|  0%| F|  |TAMS 0x00000000cd300000, 0x00000000cd300000| Untracked 
|  54|0x00000000cd400000, 0x00000000cd400000, 0x00000000cd500000|  0%| F|  |TAMS 0x00000000cd400000, 0x00000000cd400000| Untracked 
|  55|0x00000000cd500000, 0x00000000cd500000, 0x00000000cd600000|  0%| F|  |TAMS 0x00000000cd500000, 0x00000000cd500000| Untracked 

Card table byte_map: [0x0000026591340000,0x0000026591500000] _byte_map_base: 0x0000026590cf1000

Marking Bits (Prev, Next): (CMBitMap*) 0x0000026589acc1a0, (CMBitMap*) 0x0000026589acc160
 Prev Bits: [0x0000026592450000, 0x00000265931d8000)
 Next Bits: [0x00000265916c0000, 0x0000026592448000)

Polling page: 0x0000026589840000

Metaspace:

Usage:
  Non-class:     29.66 MB used.
      Class:      4.44 MB used.
       Both:     34.11 MB used.

Virtual space:
  Non-class space:       32.00 MB reserved,      29.81 MB ( 93%) committed,  4 nodes.
      Class space:        1.00 GB reserved,       4.56 MB ( <1%) committed,  1 nodes.
             Both:        1.03 GB reserved,      34.38 MB (  3%) committed. 

Chunk freelists:
   Non-Class:  2.07 MB
       Class:  3.44 MB
        Both:  5.51 MB

MaxMetaspaceSize: unlimited
CompressedClassSpaceSize: 1.00 GB
Initial GC threshold: 21.00 MB
Current GC threshold: 57.19 MB
CDS: off
MetaspaceReclaimPolicy: balanced
 - commit_granule_bytes: 65536.
 - commit_granule_words: 8192.
 - virtual_space_node_default_size: 1048576.
 - enlarge_chunks_in_place: 1.
 - new_chunks_are_fully_committed: 0.
 - uncommit_free_chunks: 1.
 - use_allocation_guard: 0.
 - handle_deallocations: 1.


Internal statistics:

num_allocs_failed_limit: 3.
num_arena_births: 298.
num_arena_deaths: 0.
num_vsnodes_births: 5.
num_vsnodes_deaths: 0.
num_space_committed: 550.
num_space_uncommitted: 0.
num_chunks_returned_to_freelist: 3.
num_chunks_taken_from_freelist: 1282.
num_chunk_merges: 3.
num_chunk_splits: 882.
num_chunks_enlarged: 693.
num_purges: 0.
num_inconsistent_stats: 0.

CodeCache: size=49152Kb used=7413Kb max_used=7413Kb free=41738Kb
 bounds [0x000002658df00000, 0x000002658e640000, 0x0000026590f00000]
 total_blobs=4045 nmethods=3524 adapters=447
 compilation: enabled
              stopped_count=0, restarted_count=0
 full_count=0

Compilation events (20 events):
Event: 11.860 Thread 0x0000026595584ae0 3515       1       java.nio.ByteBufferAsIntBufferL::<init> (50 bytes)
Event: 11.860 Thread 0x0000026595584ae0 nmethod 3515 0x000002658e637090 code [0x000002658e637220, 0x000002658e6373c8]
Event: 11.862 Thread 0x0000026589a95b40 3516       1       jdk.internal.jimage.ImageReader$Directory::getChildren (8 bytes)
Event: 11.862 Thread 0x0000026589a95b40 nmethod 3516 0x000002658e637490 code [0x000002658e637620, 0x000002658e637708]
Event: 11.884 Thread 0x0000026595584ae0 3517       1       java.lang.invoke.VarHandleGuards::guard_LL_V (125 bytes)
Event: 11.886 Thread 0x0000026595584ae0 nmethod 3517 0x000002658e637a90 code [0x000002658e637d80, 0x000002658e638c98]
Event: 11.903 Thread 0x0000026589a95b40 3519       1       java.lang.invoke.MethodType::erase (8 bytes)
Event: 11.903 Thread 0x0000026589a95b40 nmethod 3519 0x000002658e639590 code [0x000002658e639720, 0x000002658e6397f8]
Event: 11.988 Thread 0x0000026595584ae0 3520       1       java.util.Collections$UnmodifiableCollection::contains (11 bytes)
Event: 11.988 Thread 0x0000026595584ae0 nmethod 3520 0x000002658e639890 code [0x000002658e639a20, 0x000002658e639b08]
Event: 12.152 Thread 0x0000026589a95b40 3521       1       java.util.ComparableTimSort::mergeLo (656 bytes)
Event: 12.152 Thread 0x0000026595584ae0 3522       1       java.util.ComparableTimSort::pushRun (31 bytes)
Event: 12.154 Thread 0x0000026595584ae0 nmethod 3522 0x000002658e639b90 code [0x000002658e639d20, 0x000002658e639e38]
Event: 12.154 Thread 0x0000026595584ae0 3523       1       java.util.ComparableTimSort::mergeCollapse (134 bytes)
Event: 12.154 Thread 0x0000026589a95b40 nmethod 3521 0x000002658e639f90 code [0x000002658e63a280, 0x000002658e63b9f8]
Event: 12.154 Thread 0x0000026595584ae0 nmethod 3523 0x000002658e63c110 code [0x000002658e63c2c0, 0x000002658e63c5a8]
Event: 12.154 Thread 0x0000026595584ae0 3524       1       java.util.ComparableTimSort::mergeAt (356 bytes)
Event: 12.154 Thread 0x0000026589a95b40 3525       1       java.util.ComparableTimSort::ensureCapacity (64 bytes)
Event: 12.154 Thread 0x0000026589a95b40 nmethod 3525 0x000002658e63c790 code [0x000002658e63c940, 0x000002658e63cb68]
Event: 12.154 Thread 0x0000026595584ae0 nmethod 3524 0x000002658e63cc90 code [0x000002658e63cea0, 0x000002658e63d338]

GC Heap History (20 events):
Event: 8.448 GC heap after
{Heap after GC invocations=9 (full 0):
 garbage-first heap   total 45056K, used 15117K [0x00000000c9e00000, 0x0000000100000000)
  region size 1024K, 2 young (2048K), 2 survivors (2048K)
 Metaspace       used 27978K, committed 28224K, reserved 1081344K
  class space    used 3503K, committed 3648K, reserved 1048576K
}
Event: 9.340 GC heap before
{Heap before GC invocations=9 (full 0):
 garbage-first heap   total 45056K, used 29453K [0x00000000c9e00000, 0x0000000100000000)
  region size 1024K, 17 young (17408K), 2 survivors (2048K)
 Metaspace       used 31547K, committed 31808K, reserved 1081344K
  class space    used 3983K, committed 4096K, reserved 1048576K
}
Event: 9.347 GC heap after
{Heap after GC invocations=10 (full 0):
 garbage-first heap   total 45056K, used 16381K [0x00000000c9e00000, 0x0000000100000000)
  region size 1024K, 2 young (2048K), 2 survivors (2048K)
 Metaspace       used 31547K, committed 31808K, reserved 1081344K
  class space    used 3983K, committed 4096K, reserved 1048576K
}
Event: 10.448 GC heap before
{Heap before GC invocations=10 (full 0):
 garbage-first heap   total 45056K, used 30717K [0x00000000c9e00000, 0x0000000100000000)
  region size 1024K, 16 young (16384K), 2 survivors (2048K)
 Metaspace       used 33559K, committed 33792K, reserved 1081344K
  class space    used 4273K, committed 4352K, reserved 1048576K
}
Event: 10.456 GC heap after
{Heap after GC invocations=11 (full 0):
 garbage-first heap   total 45056K, used 18411K [0x00000000c9e00000, 0x0000000100000000)
  region size 1024K, 2 young (2048K), 2 survivors (2048K)
 Metaspace       used 33559K, committed 33792K, reserved 1081344K
  class space    used 4273K, committed 4352K, reserved 1048576K
}
Event: 11.152 GC heap before
{Heap before GC invocations=11 (full 0):
 garbage-first heap   total 45056K, used 31723K [0x00000000c9e00000, 0x0000000100000000)
  region size 1024K, 16 young (16384K), 2 survivors (2048K)
 Metaspace       used 34789K, committed 35136K, reserved 1081344K
  class space    used 4519K, committed 4672K, reserved 1048576K
}
Event: 11.160 GC heap after
{Heap after GC invocations=12 (full 0):
 garbage-first heap   total 45056K, used 20840K [0x00000000c9e00000, 0x0000000100000000)
  region size 1024K, 2 young (2048K), 2 survivors (2048K)
 Metaspace       used 34789K, committed 35136K, reserved 1081344K
  class space    used 4519K, committed 4672K, reserved 1048576K
}
Event: 11.422 GC heap before
{Heap before GC invocations=12 (full 0):
 garbage-first heap   total 45056K, used 33128K [0x00000000c9e00000, 0x0000000100000000)
  region size 1024K, 14 young (14336K), 2 survivors (2048K)
 Metaspace       used 34827K, committed 35136K, reserved 1081344K
  class space    used 4529K, committed 4672K, reserved 1048576K
}
Event: 11.430 GC heap after
{Heap after GC invocations=13 (full 0):
 garbage-first heap   total 45056K, used 23727K [0x00000000c9e00000, 0x0000000100000000)
  region size 1024K, 2 young (2048K), 2 survivors (2048K)
 Metaspace       used 34827K, committed 35136K, reserved 1081344K
  class space    used 4529K, committed 4672K, reserved 1048576K
}
Event: 11.584 GC heap before
{Heap before GC invocations=13 (full 0):
 garbage-first heap   total 45056K, used 31919K [0x00000000c9e00000, 0x0000000100000000)
  region size 1024K, 11 young (11264K), 2 survivors (2048K)
 Metaspace       used 34827K, committed 35136K, reserved 1081344K
  class space    used 4529K, committed 4672K, reserved 1048576K
}
Event: 11.588 GC heap after
{Heap after GC invocations=14 (full 0):
 garbage-first heap   total 45056K, used 26130K [0x00000000c9e00000, 0x0000000100000000)
  region size 1024K, 2 young (2048K), 2 survivors (2048K)
 Metaspace       used 34827K, committed 35136K, reserved 1081344K
  class space    used 4529K, committed 4672K, reserved 1048576K
}
Event: 11.716 GC heap before
{Heap before GC invocations=15 (full 0):
 garbage-first heap   total 50176K, used 34322K [0x00000000c9e00000, 0x0000000100000000)
  region size 1024K, 10 young (10240K), 2 survivors (2048K)
 Metaspace       used 34916K, committed 35200K, reserved 1081344K
  class space    used 4545K, committed 4672K, reserved 1048576K
}
Event: 11.721 GC heap after
{Heap after GC invocations=16 (full 0):
 garbage-first heap   total 50176K, used 28023K [0x00000000c9e00000, 0x0000000100000000)
  region size 1024K, 2 young (2048K), 2 survivors (2048K)
 Metaspace       used 34916K, committed 35200K, reserved 1081344K
  class space    used 4545K, committed 4672K, reserved 1048576K
}
Event: 11.772 GC heap before
{Heap before GC invocations=16 (full 0):
 garbage-first heap   total 50176K, used 38263K [0x00000000c9e00000, 0x0000000100000000)
  region size 1024K, 12 young (12288K), 2 survivors (2048K)
 Metaspace       used 34916K, committed 35200K, reserved 1081344K
  class space    used 4545K, committed 4672K, reserved 1048576K
}
Event: 11.777 GC heap after
{Heap after GC invocations=17 (full 0):
 garbage-first heap   total 50176K, used 29753K [0x00000000c9e00000, 0x0000000100000000)
  region size 1024K, 2 young (2048K), 2 survivors (2048K)
 Metaspace       used 34916K, committed 35200K, reserved 1081344K
  class space    used 4545K, committed 4672K, reserved 1048576K
}
Event: 12.005 GC heap before
{Heap before GC invocations=18 (full 0):
 garbage-first heap   total 53248K, used 38969K [0x00000000c9e00000, 0x0000000100000000)
  region size 1024K, 11 young (11264K), 2 survivors (2048K)
 Metaspace       used 34925K, committed 35200K, reserved 1081344K
  class space    used 4548K, committed 4672K, reserved 1048576K
}
Event: 12.015 GC heap after
{Heap after GC invocations=19 (full 0):
 garbage-first heap   total 53248K, used 31224K [0x00000000c9e00000, 0x0000000100000000)
  region size 1024K, 2 young (2048K), 2 survivors (2048K)
 Metaspace       used 34925K, committed 35200K, reserved 1081344K
  class space    used 4548K, committed 4672K, reserved 1048576K
}
Event: 12.019 GC heap before
{Heap before GC invocations=19 (full 0):
 garbage-first heap   total 53248K, used 32248K [0x00000000c9e00000, 0x0000000100000000)
  region size 1024K, 3 young (3072K), 2 survivors (2048K)
 Metaspace       used 34925K, committed 35200K, reserved 1081344K
  class space    used 4548K, committed 4672K, reserved 1048576K
}
Event: 12.029 GC heap after
{Heap after GC invocations=20 (full 0):
 garbage-first heap   total 53248K, used 30840K [0x00000000c9e00000, 0x0000000100000000)
  region size 1024K, 1 young (1024K), 1 survivors (1024K)
 Metaspace       used 34925K, committed 35200K, reserved 1081344K
  class space    used 4548K, committed 4672K, reserved 1048576K
}
Event: 12.157 GC heap before
{Heap before GC invocations=20 (full 0):
 garbage-first heap   total 53248K, used 40056K [0x00000000c9e00000, 0x0000000100000000)
  region size 1024K, 10 young (10240K), 1 survivors (1024K)
 Metaspace       used 34925K, committed 35200K, reserved 1081344K
  class space    used 4548K, committed 4672K, reserved 1048576K
}

Deoptimization events (18 events):
Event: 3.497 Thread 0x0000026589a94c80 DEOPT PACKING pc=0x000002658e2014f5 sp=0x000000b0ccafdb00
Event: 3.497 Thread 0x0000026589a94c80 DEOPT UNPACKING pc=0x000002658df52b43 sp=0x000000b0ccafcf70 mode 3
Event: 5.960 Thread 0x0000026589a94c80 DEOPT PACKING pc=0x000002658e318019 sp=0x000000b0ccafd620
Event: 5.960 Thread 0x0000026589a94c80 DEOPT UNPACKING pc=0x000002658df52b43 sp=0x000000b0ccafcb00 mode 3
Event: 7.515 Thread 0x0000026589a94c80 DEOPT PACKING pc=0x000002658e3f4bf5 sp=0x000000b0ccafcee0
Event: 7.515 Thread 0x0000026589a94c80 DEOPT UNPACKING pc=0x000002658df52b43 sp=0x000000b0ccafc350 mode 3
Event: 8.078 Thread 0x0000026589a94c80 DEOPT PACKING pc=0x000002658e45b834 sp=0x000000b0ccaf78b0
Event: 8.078 Thread 0x0000026589a94c80 DEOPT UNPACKING pc=0x000002658df52b43 sp=0x000000b0ccaf6d30 mode 3
Event: 9.196 Thread 0x0000026589a94c80 DEOPT PACKING pc=0x000002658e499419 sp=0x000000b0ccafc870
Event: 9.196 Thread 0x0000026589a94c80 DEOPT UNPACKING pc=0x000002658df52b43 sp=0x000000b0ccafbd50 mode 3
Event: 9.469 Thread 0x0000026597cf87e0 DEOPT PACKING pc=0x000002658e4ebf2b sp=0x000000b0cdefe840
Event: 9.469 Thread 0x0000026597cf87e0 DEOPT UNPACKING pc=0x000002658df52b43 sp=0x000000b0cdefdd88 mode 3
Event: 10.549 Thread 0x00000265980efb60 DEOPT PACKING pc=0x000002658e590635 sp=0x000000b0ce6fda60
Event: 10.549 Thread 0x00000265980efb60 DEOPT UNPACKING pc=0x000002658df52b43 sp=0x000000b0ce6fcf88 mode 3
Event: 11.046 Thread 0x0000026597f77570 DEOPT PACKING pc=0x000002658e319e81 sp=0x000000b0ce1fdb20
Event: 11.046 Thread 0x0000026597f77570 DEOPT UNPACKING pc=0x000002658df52b43 sp=0x000000b0ce1fcfb0 mode 3
Event: 11.050 Thread 0x00000265980ee350 DEOPT PACKING pc=0x000002658e314617 sp=0x000000b0ce7ff010
Event: 11.050 Thread 0x00000265980ee350 DEOPT UNPACKING pc=0x000002658df52b43 sp=0x000000b0ce7fe468 mode 3

Classes unloaded (0 events):
No events

Classes redefined (0 events):
No events

Internal exceptions (20 events):
Event: 10.399 Thread 0x0000026598061860 Exception <a 'sun/nio/fs/WindowsException'{0x00000000cbfb5270}> (0x00000000cbfb5270) 
thrown [e:\jenkins\tmp\workspace\build\src\src\hotspot\share\prims\jni.cpp, line 516]
Event: 10.399 Thread 0x0000026598061860 Exception <a 'sun/nio/fs/WindowsException'{0x00000000cbfb5c60}> (0x00000000cbfb5c60) 
thrown [e:\jenkins\tmp\workspace\build\src\src\hotspot\share\prims\jni.cpp, line 516]
Event: 10.399 Thread 0x0000026598061860 Exception <a 'sun/nio/fs/WindowsException'{0x00000000cbfb6008}> (0x00000000cbfb6008) 
thrown [e:\jenkins\tmp\workspace\build\src\src\hotspot\share\prims\jni.cpp, line 516]
Event: 10.399 Thread 0x0000026598061860 Exception <a 'sun/nio/fs/WindowsException'{0x00000000cbfb6a08}> (0x00000000cbfb6a08) 
thrown [e:\jenkins\tmp\workspace\build\src\src\hotspot\share\prims\jni.cpp, line 516]
Event: 10.399 Thread 0x0000026598061860 Exception <a 'sun/nio/fs/WindowsException'{0x00000000cbfb6dc8}> (0x00000000cbfb6dc8) 
thrown [e:\jenkins\tmp\workspace\build\src\src\hotspot\share\prims\jni.cpp, line 516]
Event: 10.419 Thread 0x0000026598061860 Exception <a 'sun/nio/fs/WindowsException'{0x00000000cbfb77c8}> (0x00000000cbfb77c8) 
thrown [e:\jenkins\tmp\workspace\build\src\src\hotspot\share\prims\jni.cpp, line 516]
Event: 10.419 Thread 0x0000026598061860 Exception <a 'sun/nio/fs/WindowsException'{0x00000000cbfb7b78}> (0x00000000cbfb7b78) 
thrown [e:\jenkins\tmp\workspace\build\src\src\hotspot\share\prims\jni.cpp, line 516]
Event: 10.419 Thread 0x0000026598061860 Exception <a 'sun/nio/fs/WindowsException'{0x00000000cbfb8578}> (0x00000000cbfb8578) 
thrown [e:\jenkins\tmp\workspace\build\src\src\hotspot\share\prims\jni.cpp, line 516]
Event: 10.419 Thread 0x0000026598061860 Exception <a 'sun/nio/fs/WindowsException'{0x00000000cbfb8938}> (0x00000000cbfb8938) 
thrown [e:\jenkins\tmp\workspace\build\src\src\hotspot\share\prims\jni.cpp, line 516]
Event: 10.421 Thread 0x0000026598061860 Exception <a 'sun/nio/fs/WindowsException'{0x00000000cbfb9360}> (0x00000000cbfb9360) 
thrown [e:\jenkins\tmp\workspace\build\src\src\hotspot\share\prims\jni.cpp, line 516]
Event: 10.421 Thread 0x0000026598061860 Exception <a 'sun/nio/fs/WindowsException'{0x00000000cbfb9740}> (0x00000000cbfb9740) 
thrown [e:\jenkins\tmp\workspace\build\src\src\hotspot\share\prims\jni.cpp, line 516]
Event: 10.421 Thread 0x0000026598061860 Exception <a 'sun/nio/fs/WindowsException'{0x00000000cbfba178}> (0x00000000cbfba178) 
thrown [e:\jenkins\tmp\workspace\build\src\src\hotspot\share\prims\jni.cpp, line 516]
Event: 10.421 Thread 0x0000026598061860 Exception <a 'sun/nio/fs/WindowsException'{0x00000000cbfba568}> (0x00000000cbfba568) 
thrown [e:\jenkins\tmp\workspace\build\src\src\hotspot\share\prims\jni.cpp, line 516]
Event: 10.421 Thread 0x0000026598061860 Exception <a 'sun/nio/fs/WindowsException'{0x00000000cbfbaf90}> (0x00000000cbfbaf90) 
thrown [e:\jenkins\tmp\workspace\build\src\src\hotspot\share\prims\jni.cpp, line 516]
Event: 10.421 Thread 0x0000026598061860 Exception <a 'sun/nio/fs/WindowsException'{0x00000000cbfbb380}> (0x00000000cbfbb380) 
thrown [e:\jenkins\tmp\workspace\build\src\src\hotspot\share\prims\jni.cpp, line 516]
Event: 10.530 Thread 0x0000026597f77570 Exception <a 'java/lang/NoSuchMethodError'{0x00000000cc990ec8}: 'java.lang.Object java.lang.invoke.DirectMethodHandle$Holder.invokeStatic(java.lang.Object, java.lang.Object, java.lang.Object, int, java.lang.Object, java.lang.Object)'> (0x00000000cc990ec8) 
thrown [e:\jenkins\tmp\workspace\build\src\src\hotspot\share\interpreter\linkResolver.cpp, line 766]
Event: 10.546 Thread 0x00000265980efb60 Exception <a 'java/lang/NoSuchMethodError'{0x00000000cc9bd8c8}: 'java.lang.Object java.lang.invoke.DirectMethodHandle$Holder.invokeStatic(java.lang.Object, int, java.lang.Object)'> (0x00000000cc9bd8c8) 
thrown [e:\jenkins\tmp\workspace\build\src\src\hotspot\share\interpreter\linkResolver.cpp, line 766]
Event: 11.039 Thread 0x00000265980efb60 Exception <a 'java/lang/NoSuchMethodError'{0x00000000cbd21cd0}: 'int java.lang.invoke.DirectMethodHandle$Holder.invokeStatic(java.lang.Object)'> (0x00000000cbd21cd0) 
thrown [e:\jenkins\tmp\workspace\build\src\src\hotspot\share\interpreter\linkResolver.cpp, line 766]
Event: 11.039 Thread 0x00000265980efb60 Exception <a 'java/lang/NoSuchMethodError'{0x00000000cbd25428}: 'int java.lang.invoke.DirectMethodHandle$Holder.invokeStaticInit(java.lang.Object)'> (0x00000000cbd25428) 
thrown [e:\jenkins\tmp\workspace\build\src\src\hotspot\share\interpreter\linkResolver.cpp, line 766]
Event: 11.069 Thread 0x0000026597f77570 Exception <a 'java/lang/NoSuchMethodError'{0x00000000cbc06ad8}: 'int java.lang.invoke.DirectMethodHandle$Holder.invokeVirtual(java.lang.Object, java.lang.Object)'> (0x00000000cbc06ad8) 
thrown [e:\jenkins\tmp\workspace\build\src\src\hotspot\share\interpreter\linkResolver.cpp, line 766]

VM Operations (20 events):
Event: 11.665 Executing VM operation: ICBufferFull done
Event: 11.665 Executing VM operation: ICBufferFull
Event: 11.665 Executing VM operation: ICBufferFull done
Event: 11.673 Executing VM operation: ICBufferFull
Event: 11.673 Executing VM operation: ICBufferFull done
Event: 11.699 Executing VM operation: HandshakeAllThreads
Event: 11.699 Executing VM operation: HandshakeAllThreads done
Event: 11.716 Executing VM operation: G1CollectForAllocation
Event: 11.721 Executing VM operation: G1CollectForAllocation done
Event: 11.772 Executing VM operation: G1CollectForAllocation
Event: 11.777 Executing VM operation: G1CollectForAllocation done
Event: 11.808 Executing VM operation: G1Concurrent
Event: 11.812 Executing VM operation: G1Concurrent done
Event: 11.827 Executing VM operation: G1Concurrent
Event: 11.827 Executing VM operation: G1Concurrent done
Event: 12.005 Executing VM operation: G1CollectForAllocation
Event: 12.015 Executing VM operation: G1CollectForAllocation done
Event: 12.019 Executing VM operation: G1CollectForAllocation
Event: 12.029 Executing VM operation: G1CollectForAllocation done
Event: 12.157 Executing VM operation: G1CollectForAllocation

Events (20 events):
Event: 11.696 loading class java/util/stream/Collectors$1PairBox
Event: 11.696 loading class java/util/stream/Collectors$1PairBox done
Event: 11.696 loading class java/util/concurrent/locks/AbstractQueuedSynchronizer$SharedNode
Event: 11.696 loading class java/util/concurrent/locks/AbstractQueuedSynchronizer$SharedNode done
Event: 11.696 loading class jdk/internal/module/SystemModuleFinders$ModuleContentSpliterator
Event: 11.697 loading class jdk/internal/module/SystemModuleFinders$ModuleContentSpliterator done
Event: 11.697 loading class jdk/internal/jimage/ImageReader$Directory
Event: 11.697 loading class jdk/internal/jimage/ImageReader$Node
Event: 11.697 loading class jdk/internal/jimage/ImageReader$Node done
Event: 11.697 loading class jdk/internal/jimage/ImageReader$Directory done
Event: 11.697 loading class jdk/internal/jimage/ImageReader$SharedImageReader$LocationVisitor
Event: 11.697 loading class jdk/internal/jimage/ImageReader$SharedImageReader$LocationVisitor done
Event: 11.698 loading class java/nio/ByteBufferAsIntBufferL
Event: 11.698 loading class java/nio/ByteBufferAsIntBufferL done
Event: 11.699 loading class jdk/internal/jimage/ImageReader$Resource
Event: 11.700 loading class jdk/internal/jimage/ImageReader$Resource done
Event: 11.700 loading class java/util/stream/LongStream
Event: 11.700 loading class java/util/stream/LongStream done
Event: 11.700 loading class java/util/stream/DoubleStream
Event: 11.701 loading class java/util/stream/DoubleStream done


Dynamic libraries:
0x00007ff6155c0000 - 0x00007ff6155ce000 	c:\Users\gilbe\.vscode\extensions\redhat.java-1.9.0-win32-x64\jre\17.0.3-win32-x86_64\bin\java.exe
0x00007ff8b7ed0000 - 0x00007ff8b80c8000 	C:\windows\SYSTEM32\ntdll.dll
0x00007ff8b7510000 - 0x00007ff8b75cd000 	C:\windows\System32\KERNEL32.DLL
0x00007ff8b5940000 - 0x00007ff8b5c0e000 	C:\windows\System32\KERNELBASE.dll
0x00007ff8b5de0000 - 0x00007ff8b5ee0000 	C:\windows\System32\ucrtbase.dll
0x00007ff8aea20000 - 0x00007ff8aea38000 	c:\Users\gilbe\.vscode\extensions\redhat.java-1.9.0-win32-x64\jre\17.0.3-win32-x86_64\bin\jli.dll
0x00007ff8b5f40000 - 0x00007ff8b60e0000 	C:\windows\System32\USER32.dll
0x00007ff8b5910000 - 0x00007ff8b5932000 	C:\windows\System32\win32u.dll
0x00007ff8b7df0000 - 0x00007ff8b7e1a000 	C:\windows\System32\GDI32.dll
0x00007ff8b5cd0000 - 0x00007ff8b5ddb000 	C:\windows\System32\gdi32full.dll
0x00007ff8b57c0000 - 0x00007ff8b585d000 	C:\windows\System32\msvcp_win.dll
0x00007ff8ad430000 - 0x00007ff8ad449000 	c:\Users\gilbe\.vscode\extensions\redhat.java-1.9.0-win32-x64\jre\17.0.3-win32-x86_64\bin\VCRUNTIME140.dll
0x00007ff89edf0000 - 0x00007ff89f08a000 	C:\windows\WinSxS\amd64_microsoft.windows.common-controls_6595b64144ccf1df_6.0.19041.1110_none_60b5254171f9507e\COMCTL32.dll
0x00007ff8b7ab0000 - 0x00007ff8b7b4e000 	C:\windows\System32\msvcrt.dll
0x00007ff8b7720000 - 0x00007ff8b7750000 	C:\windows\System32\IMM32.DLL
0x00007ff8ad620000 - 0x00007ff8ad62c000 	c:\Users\gilbe\.vscode\extensions\redhat.java-1.9.0-win32-x64\jre\17.0.3-win32-x86_64\bin\vcruntime140_1.dll
0x00007ff887b10000 - 0x00007ff887ba1000 	c:\Users\gilbe\.vscode\extensions\redhat.java-1.9.0-win32-x64\jre\17.0.3-win32-x86_64\bin\msvcp140.dll
0x00007ff875b60000 - 0x00007ff8767a8000 	c:\Users\gilbe\.vscode\extensions\redhat.java-1.9.0-win32-x64\jre\17.0.3-win32-x86_64\bin\server\jvm.dll
0x00007ff8b63f0000 - 0x00007ff8b649e000 	C:\windows\System32\ADVAPI32.dll
0x00007ff8b7470000 - 0x00007ff8b750c000 	C:\windows\System32\sechost.dll
0x00007ff8b7210000 - 0x00007ff8b7335000 	C:\windows\System32\RPCRT4.dll
0x00007ff8b5f30000 - 0x00007ff8b5f38000 	C:\windows\System32\PSAPI.DLL
0x00007ff8ad5e0000 - 0x00007ff8ad5e9000 	C:\windows\SYSTEM32\WSOCK32.dll
0x00007ff8b7140000 - 0x00007ff8b71ab000 	C:\windows\System32\WS2_32.dll
0x00007ff8ac360000 - 0x00007ff8ac387000 	C:\windows\SYSTEM32\WINMM.dll
0x00007ff8ac390000 - 0x00007ff8ac39a000 	C:\windows\SYSTEM32\VERSION.dll
0x00007ff8b34f0000 - 0x00007ff8b3502000 	C:\windows\SYSTEM32\kernel.appcore.dll
0x00007ff8ad3b0000 - 0x00007ff8ad3ba000 	c:\Users\gilbe\.vscode\extensions\redhat.java-1.9.0-win32-x64\jre\17.0.3-win32-x86_64\bin\jimage.dll
0x00007ff89fd40000 - 0x00007ff89ff24000 	C:\windows\SYSTEM32\DBGHELP.DLL
0x00007ff89a020000 - 0x00007ff89a04c000 	C:\windows\SYSTEM32\dbgcore.DLL
0x00007ff8b5c10000 - 0x00007ff8b5c92000 	C:\windows\System32\bcryptPrimitives.dll
0x00007ff8ad350000 - 0x00007ff8ad375000 	c:\Users\gilbe\.vscode\extensions\redhat.java-1.9.0-win32-x64\jre\17.0.3-win32-x86_64\bin\java.dll
0x00007ff8ad330000 - 0x00007ff8ad348000 	c:\Users\gilbe\.vscode\extensions\redhat.java-1.9.0-win32-x64\jre\17.0.3-win32-x86_64\bin\zip.dll
0x00007ff8b6500000 - 0x00007ff8b6c44000 	C:\windows\System32\SHELL32.dll
0x00007ff8b36f0000 - 0x00007ff8b3e84000 	C:\windows\SYSTEM32\windows.storage.dll
0x00007ff8b7750000 - 0x00007ff8b7aa4000 	C:\windows\System32\combase.dll
0x00007ff8b4f80000 - 0x00007ff8b4fb0000 	C:\windows\SYSTEM32\Wldp.dll
0x00007ff8b6290000 - 0x00007ff8b633d000 	C:\windows\System32\SHCORE.dll
0x00007ff8b64a0000 - 0x00007ff8b64f5000 	C:\windows\System32\shlwapi.dll
0x00007ff8b5530000 - 0x00007ff8b554f000 	C:\windows\SYSTEM32\profapi.dll
0x00007ff8ad2f0000 - 0x00007ff8ad309000 	C:\Users\gilbe\.vscode\extensions\redhat.java-1.9.0-win32-x64\jre\17.0.3-win32-x86_64\bin\net.dll
0x00007ff8a6530000 - 0x00007ff8a663a000 	C:\windows\SYSTEM32\WINHTTP.dll
0x00007ff8b4ce0000 - 0x00007ff8b4d4a000 	C:\windows\system32\mswsock.dll
0x00007ff8ad0c0000 - 0x00007ff8ad0d5000 	C:\Users\gilbe\.vscode\extensions\redhat.java-1.9.0-win32-x64\jre\17.0.3-win32-x86_64\bin\nio.dll
0x00007ff8ad320000 - 0x00007ff8ad330000 	c:\Users\gilbe\.vscode\extensions\redhat.java-1.9.0-win32-x64\jre\17.0.3-win32-x86_64\bin\verify.dll
0x00007ff8ad2e0000 - 0x00007ff8ad2e9000 	C:\Users\gilbe\.vscode\extensions\redhat.java-1.9.0-win32-x64\jre\17.0.3-win32-x86_64\bin\management.dll
0x00007ff8a6a90000 - 0x00007ff8a6a9b000 	C:\Users\gilbe\.vscode\extensions\redhat.java-1.9.0-win32-x64\jre\17.0.3-win32-x86_64\bin\management_ext.dll
0x00007ff898790000 - 0x00007ff8987a7000 	C:\windows\system32\napinsp.dll
0x00007ff898770000 - 0x00007ff89878b000 	C:\windows\system32\pnrpnsp.dll
0x00007ff8b0200000 - 0x00007ff8b0215000 	C:\windows\system32\wshbth.dll
0x00007ff8b0fd0000 - 0x00007ff8b0fed000 	C:\windows\system32\NLAapi.dll
0x00007ff8b49d0000 - 0x00007ff8b4a0b000 	C:\windows\SYSTEM32\IPHLPAPI.DLL
0x00007ff8b4a10000 - 0x00007ff8b4adb000 	C:\windows\SYSTEM32\DNSAPI.dll
0x00007ff8b7e80000 - 0x00007ff8b7e88000 	C:\windows\System32\NSI.dll
0x00007ff898750000 - 0x00007ff898762000 	C:\windows\System32\winrnr.dll
0x00007ff8ad030000 - 0x00007ff8ad03a000 	C:\Windows\System32\rasadhlp.dll
0x00007ff89f230000 - 0x00007ff89f2b0000 	C:\windows\System32\fwpuclnt.dll
0x00007ff8b5ca0000 - 0x00007ff8b5cc7000 	C:\windows\System32\bcrypt.dll
0x00007ff8b4ed0000 - 0x00007ff8b4ee8000 	C:\windows\SYSTEM32\CRYPTSP.dll
0x00007ff8b4660000 - 0x00007ff8b4694000 	C:\windows\system32\rsaenh.dll
0x00007ff8b54b0000 - 0x00007ff8b54de000 	C:\windows\SYSTEM32\USERENV.dll
0x00007ff8b4ef0000 - 0x00007ff8b4efc000 	C:\windows\SYSTEM32\CRYPTBASE.dll
0x00007ff8a9a30000 - 0x00007ff8a9a47000 	C:\windows\SYSTEM32\dhcpcsvc6.DLL
0x00007ff8a9da0000 - 0x00007ff8a9dbd000 	C:\windows\SYSTEM32\dhcpcsvc.DLL

dbghelp: loaded successfully - version: 4.0.5 - missing functions: none
symbol engine: initialized successfully - sym options: 0x614 - pdb path: .;c:\Users\gilbe\.vscode\extensions\redhat.java-1.9.0-win32-x64\jre\17.0.3-win32-x86_64\bin;C:\windows\SYSTEM32;C:\windows\WinSxS\amd64_microsoft.windows.common-controls_6595b64144ccf1df_6.0.19041.1110_none_60b5254171f9507e;c:\Users\gilbe\.vscode\extensions\redhat.java-1.9.0-win32-x64\jre\17.0.3-win32-x86_64\bin\server

VM Arguments:
jvm_args: -Dsts.lsp.client=vscode -Dsts.log.file=/dev/null -XX:TieredStopAtLevel=1 -Dspring.config.location=file:c:\Users\gilbe\.vscode\extensions\pivotal.vscode-spring-boot-1.37.0\language-server\BOOT-INF\classes\application.properties 
java_command: org.springframework.ide.vscode.boot.app.BootLanguageServerBootApp
java_class_path (initial): c:\Users\gilbe\.vscode\extensions\pivotal.vscode-spring-boot-1.37.0\language-server\BOOT-INF\classes;c:\Users\gilbe\.vscode\extensions\pivotal.vscode-spring-boot-1.37.0\language-server\BOOT-INF\lib\annotations-23.0.0.jar;c:\Users\gilbe\.vscode\extensions\pivotal.vscode-spring-boot-1.37.0\language-server\BOOT-INF\lib\antlr-runtime-3.5.2.jar;c:\Users\gilbe\.vscode\extensions\pivotal.vscode-spring-boot-1.37.0\language-server\BOOT-INF\lib\antlr4-4.9.3.jar;c:\Users\gilbe\.vscode\extensions\pivotal.vscode-spring-boot-1.37.0\language-server\BOOT-INF\lib\antlr4-runtime-4.9.3.jar;c:\Users\gilbe\.vscode\extensions\pivotal.vscode-spring-boot-1.37.0\language-server\BOOT-INF\lib\asm-9.3.jar;c:\Users\gilbe\.vscode\extensions\pivotal.vscode-spring-boot-1.37.0\language-server\BOOT-INF\lib\asm-analysis-9.3.jar;c:\Users\gilbe\.vscode\extensions\pivotal.vscode-spring-boot-1.37.0\language-server\BOOT-INF\lib\asm-tree-9.3.jar;c:\Users\gilbe\.vscode\extensions\pivotal.vscode-spring-boot-1.37.0\language-server\BOOT-INF\lib\asm-util-9.3.jar;c:\Users\gilbe\.vscode\extensions\pivotal.vscode-spring-boot-1.37.0\language-server\BOOT-INF\lib\byte-buddy-1.10.18.jar;c:\Users\gilbe\.vscode\extensions\pivotal.vscode-spring-boot-1.37.0\language-server\BOOT-INF\lib\caffeine-2.8.6.jar;c:\Users\gilbe\.vscode\extensions\pivotal.vscode-spring-boot-1.37.0\language-server\BOOT-INF\lib\checker-qual-3.12.0.jar;c:\Users\gilbe\.vscode\extensions\pivotal.vscode-spring-boot-1.37.0\language-server\BOOT-INF\lib\classgraph-4.8.149.jar;c:\Users\gilbe\.vscode\extensions\pivotal.vscode-spring-boot-1.37.0\language-server\BOOT-INF\lib\commons-codec-1.14.jar;c:\Users\gilbe\.vscode\extensions\pivotal.vscode-spring-boot-1.37.0\language-server\BOOT-INF\lib\commons-compress-1.21.jar;c:\Users\gilbe\.vscode\extensions\pivotal.vscode-spring-boot-1.37.0\language-server\BOOT-INF\lib\commons-exec-1.3.jar;c:\Users\gilbe\.vscode\extensions\pivotal.vscode-spring-boot-1.37.0\language-server\BOOT-INF\lib\com
Launcher Type: SUN_STANDARD

[Global flags]
     intx CICompilerCount                          = 2                                         {product} {ergonomic}
     uint ConcGCThreads                            = 1                                         {product} {ergonomic}
     uint G1ConcRefinementThreads                  = 2                                         {product} {ergonomic}
   size_t G1HeapRegionSize                         = 1048576                                   {product} {ergonomic}
    uintx GCDrainStackTargetSize                   = 64                                        {product} {ergonomic}
   size_t InitialHeapSize                          = 58720256                                  {product} {ergonomic}
   size_t MarkStackSize                            = 4194304                                   {product} {ergonomic}
   size_t MaxHeapSize                              = 908066816                                 {product} {ergonomic}
   size_t MaxNewSize                               = 544210944                                 {product} {ergonomic}
   size_t MinHeapDeltaBytes                        = 1048576                                   {product} {ergonomic}
   size_t MinHeapSize                              = 8388608                                   {product} {ergonomic}
    uintx NonProfiledCodeHeapSize                  = 0                                      {pd product} {ergonomic}
     bool ProfileInterpreter                       = false                                  {pd product} {command line}
    uintx ProfiledCodeHeapSize                     = 0                                      {pd product} {ergonomic}
   size_t SoftMaxHeapSize                          = 908066816                              {manageable} {ergonomic}
     intx TieredStopAtLevel                        = 1                                         {product} {command line}
     bool UseCompressedClassPointers               = true                           {product lp64_product} {ergonomic}
     bool UseCompressedOops                        = true                           {product lp64_product} {ergonomic}
     bool UseG1GC                                  = true                                      {product} {ergonomic}
     bool UseLargePagesIndividualAllocation        = false                                  {pd product} {ergonomic}

Logging:
Log output configuration:
 #0: stdout all=warning uptime,level,tags
 #1: stderr all=off uptime,level,tags

Environment Variables:
PATH=C:\Program Files (x86)\Common Files\Oracle\Java\javapath;C:\windows\system32;C:\windows;C:\windows\System32\Wbem;C:\windows\System32\WindowsPowerShell\v1.0\;C:\windows\System32\OpenSSH\;C:\Program Files\nodejs\;C:\ProgramData\chocolatey\bin;C:\Users\gilbe\AppData\Local\Programs\Python\Python310\Scripts\;C:\Users\gilbe\AppData\Local\Programs\Python\Python310\;C:\Users\gilbe\AppData\Local\Microsoft\WindowsApps;C:\Users\gilbe\AppData\Local\Programs\Microsoft VS Code\bin;C:\Users\gilbe\AppData\Roaming\npm;C:\Program Files\Java\jdk1.8.0_311\bin;C:\Program Files\Java\jre1.8.0_341\bin;
USERNAME=gilbe
OS=Windows_NT
PROCESSOR_IDENTIFIER=AMD64 Family 23 Model 24 Stepping 1, AuthenticAMD



---------------  S Y S T E M  ---------------

OS:
 Windows 10 , 64 bit Build 19041 (10.0.19041.1806)
OS uptime: 23 days 11:33 hours

CPU: total 2 (initial active 2) (2 cores per cpu, 1 threads per core) family 23 model 24 stepping 1 microcode 0x0, cx8, cmov, fxsr, mmx, 3dnowpref, sse, sse2, sse3, ssse3, sse4a, sse4.1, sse4.2, popcnt, lzcnt, tsc, tscinvbit, avx, avx2, aes, clmul, bmi1, bmi2, adx, sha, fma, vzeroupper, clflush, clflushopt

Memory: 4k page, system-wide physical 3463M (305M free)
TotalPageFile size 14215M (AvailPageFile size 71M)
current process WorkingSet (physical memory assigned to process): 134M, peak: 139M
current process commit charge ("private bytes"): 172M, peak: 253M

vm_info: OpenJDK 64-Bit Server VM (17.0.3+7) for windows-amd64 JRE (17.0.3+7), built on Apr 19 2022 16:55:35 by "" with MS VC++ 16.7 (VS2019)

END.
