#
# There is insufficient memory for the Java Runtime Environment to continue.
# Native memory allocation (mmap) failed to map 8388608 bytes for G1 virtual space
# Possible reasons:
#   The system is out of physical RAM or swap space
#   The process is running with CompressedOops enabled, and the Java Heap may be blocking the growth of the native heap
# Possible solutions:
#   Reduce memory load on the system
#   Increase physical memory or swap space
#   Check if swap backing store is full
#   Decrease Java heap size (-Xmx/-Xms)
#   Decrease number of Java threads
#   Decrease Java thread stack sizes (-Xss)
#   Set larger code cache with -XX:ReservedCodeCacheSize=
#   JVM is running with Unscaled Compressed Oops mode in which the Java heap is
#     placed in the first 4GB address space. The Java Heap base address is the
#     maximum limit for the native heap growth. Please use -XX:HeapBaseMinAddress
#     to set the Java Heap base and to place the Java Heap above 4GB virtual address.
# This output file may be truncated or incomplete.
#
#  Out of Memory Error (os_windows.cpp:3535), pid=14420, tid=8144
#
# JRE version: OpenJDK Runtime Environment Temurin-17.0.3+7 (17.0.3+7) (build 17.0.3+7)
# Java VM: OpenJDK 64-Bit Server VM Temurin-17.0.3+7 (17.0.3+7, mixed mode, emulated-client, tiered, compressed oops, compressed class ptrs, g1 gc, windows-amd64)
# No core dump will be written. Minidumps are not enabled by default on client versions of Windows
#

---------------  S U M M A R Y ------------

Command Line: -Dsts.lsp.client=vscode -Dsts.log.file=/dev/null -XX:TieredStopAtLevel=1 -Dspring.config.location=file:c:\Users\gilbe\.vscode\extensions\pivotal.vscode-spring-boot-1.37.0\language-server\BOOT-INF\classes\application.properties org.springframework.ide.vscode.boot.app.BootLanguageServerBootApp

Host: AMD Athlon Silver 3050U with Radeon Graphics   , 2 cores, 3G,  Windows 10 , 64 bit Build 19041 (10.0.19041.1806)
Time: Wed Aug 10 13:45:23 2022 Central Daylight Time elapsed time: 29.168360 seconds (0d 0h 0m 29s)

---------------  T H R E A D  ---------------

Current thread (0x000002524606b5f0):  VMThread "VM Thread" [stack: 0x0000007ef7000000,0x0000007ef7100000] [id=8144]

Stack: [0x0000007ef7000000,0x0000007ef7100000]
Native frames: (J=compiled Java code, j=interpreted, Vv=VM code, C=native code)
V  [jvm.dll+0x675efa]
V  [jvm.dll+0x830a24]
V  [jvm.dll+0x8321ce]
V  [jvm.dll+0x832833]
V  [jvm.dll+0x2454b5]
V  [jvm.dll+0x672de9]
V  [jvm.dll+0x667732]
V  [jvm.dll+0x3043ab]
V  [jvm.dll+0x30b8f6]
V  [jvm.dll+0x35b62e]
V  [jvm.dll+0x35b85f]
V  [jvm.dll+0x2db248]
V  [jvm.dll+0x2d94fc]
V  [jvm.dll+0x2d8acc]
V  [jvm.dll+0x31ca2b]
V  [jvm.dll+0x836cdb]
V  [jvm.dll+0x837a14]
V  [jvm.dll+0x837f2c]
V  [jvm.dll+0x838304]
V  [jvm.dll+0x8383d0]
V  [jvm.dll+0x7e0cfa]
V  [jvm.dll+0x674d85]
C  [ucrtbase.dll+0x21bb2]
C  [KERNEL32.DLL+0x17034]
C  [ntdll.dll+0x52651]

VM_Operation (0x0000007ef83fd610): G1CollectForAllocation, mode: safepoint, requested by thread 0x00000252485947e0


---------------  P R O C E S S  ---------------

Threads class SMR info:
_java_thread_list=0x000002524888b370, length=24, elements={
0x0000025246081750, 0x00000252460825c0, 0x00000252460bf130, 0x00000252460c2d60,
0x00000252460c4720, 0x00000252460c50d0, 0x00000252460c5a80, 0x00000252460f0750,
0x0000025246d843c0, 0x0000025246d84cd0, 0x00000252483a0b10, 0x0000025246ca21d0,
0x0000025246c527a0, 0x000002523a5e5760, 0x00000252487636e0, 0x0000025247345780,
0x0000025248594310, 0x00000252485947e0, 0x000002524889e010, 0x00000252488beb50,
0x00000252488bce70, 0x00000252488bd810, 0x00000252488bf4f0, 0x00000252488bdce0
}

Java Threads: ( => current thread )
  0x0000025246081750 JavaThread "Reference Handler" daemon [_thread_blocked, id=12524, stack(0x0000007ef7100000,0x0000007ef7200000)]
  0x00000252460825c0 JavaThread "Finalizer" daemon [_thread_blocked, id=14976, stack(0x0000007ef7200000,0x0000007ef7300000)]
  0x00000252460bf130 JavaThread "Signal Dispatcher" daemon [_thread_blocked, id=13144, stack(0x0000007ef7300000,0x0000007ef7400000)]
  0x00000252460c2d60 JavaThread "Attach Listener" daemon [_thread_blocked, id=16224, stack(0x0000007ef7400000,0x0000007ef7500000)]
  0x00000252460c4720 JavaThread "Service Thread" daemon [_thread_blocked, id=6644, stack(0x0000007ef7500000,0x0000007ef7600000)]
  0x00000252460c50d0 JavaThread "Monitor Deflation Thread" daemon [_thread_blocked, id=18720, stack(0x0000007ef7600000,0x0000007ef7700000)]
  0x00000252460c5a80 JavaThread "C1 CompilerThread0" daemon [_thread_blocked, id=18180, stack(0x0000007ef7700000,0x0000007ef7800000)]
  0x00000252460f0750 JavaThread "Sweeper thread" daemon [_thread_blocked, id=13696, stack(0x0000007ef7800000,0x0000007ef7900000)]
  0x0000025246d843c0 JavaThread "Notification Thread" daemon [_thread_blocked, id=1816, stack(0x0000007ef7900000,0x0000007ef7a00000)]
  0x0000025246d84cd0 JavaThread "Common-Cleaner" daemon [_thread_blocked, id=6004, stack(0x0000007ef7b00000,0x0000007ef7c00000)]
  0x00000252483a0b10 JavaThread "Thread-1" [_thread_blocked, id=20644, stack(0x0000007ef7d00000,0x0000007ef7e00000)]
  0x0000025246ca21d0 JavaThread "pool-7-thread-1" [_thread_blocked, id=17452, stack(0x0000007ef7e00000,0x0000007ef7f00000)]
  0x0000025246c527a0 JavaThread "LanguageServerApp-lifecycle" [_thread_blocked, id=6388, stack(0x0000007ef7f00000,0x0000007ef8000000)]
  0x000002523a5e5760 JavaThread "DestroyJavaVM" [_thread_blocked, id=8908, stack(0x0000007ef6a00000,0x0000007ef6b00000)]
  0x00000252487636e0 JavaThread "pool-8-thread-1" [_thread_blocked, id=15488, stack(0x0000007ef8000000,0x0000007ef8100000)]
  0x0000025247345780 JavaThread "ClassGraph-worker-0" daemon [_thread_blocked, id=18728, stack(0x0000007ef8100000,0x0000007ef8200000)]
  0x0000025248594310 JavaThread "ClassGraph-worker-1" daemon [_thread_blocked, id=8160, stack(0x0000007ef8200000,0x0000007ef8300000)]
  0x00000252485947e0 JavaThread "ClassGraph-worker-2" daemon [_thread_blocked, id=9972, stack(0x0000007ef8300000,0x0000007ef8400000)]
  0x000002524889e010 JavaThread "ClassGraph-worker-3" daemon [_thread_blocked, id=17564, stack(0x0000007ef8400000,0x0000007ef8500000)]
  0x00000252488beb50 JavaThread "Simple-Language-Server main thread" daemon [_thread_blocked, id=6548, stack(0x0000007ef8500000,0x0000007ef8600000)]
  0x00000252488bce70 JavaThread "pool-5-thread-1" [_thread_blocked, id=18900, stack(0x0000007ef8600000,0x0000007ef8700000)]
  0x00000252488bd810 JavaThread "parallel-1" daemon [_thread_blocked, id=12020, stack(0x0000007ef8700000,0x0000007ef8800000)]
  0x00000252488bf4f0 JavaThread "Reconciler-1" daemon [_thread_blocked, id=10968, stack(0x0000007ef8800000,0x0000007ef8900000)]
  0x00000252488bdce0 JavaThread "pool-2-thread-1" [_thread_blocked, id=12464, stack(0x0000007ef8900000,0x0000007ef8a00000)]

Other Threads:
=>0x000002524606b5f0 VMThread "VM Thread" [stack: 0x0000007ef7000000,0x0000007ef7100000] [id=8144]
  0x0000025246d84890 WatcherThread [stack: 0x0000007ef7a00000,0x0000007ef7b00000] [id=18856]
  0x000002523a619a10 GCTaskThread "GC Thread#0" [stack: 0x0000007ef6b00000,0x0000007ef6c00000] [id=9144]
  0x0000025247110820 GCTaskThread "GC Thread#1" [stack: 0x0000007ef7c00000,0x0000007ef7d00000] [id=8352]
  0x000002523a6225a0 ConcurrentGCThread "G1 Main Marker" [stack: 0x0000007ef6c00000,0x0000007ef6d00000] [id=6384]
  0x000002523a623fd0 ConcurrentGCThread "G1 Conc#0" [stack: 0x0000007ef6d00000,0x0000007ef6e00000] [id=12404]
  0x000002523a656720 ConcurrentGCThread "G1 Refine#0" [stack: 0x0000007ef6e00000,0x0000007ef6f00000] [id=21388]
  0x000002523a657140 ConcurrentGCThread "G1 Service" [stack: 0x0000007ef6f00000,0x0000007ef7000000] [id=13980]

Threads with active compile tasks:
C1 CompilerThread0    29204 3158       1       nonapi.io.github.classgraph.fileslice.Slice::<init> (134 bytes)

VM state: at safepoint (normal execution)

VM Mutex/Monitor currently owned by a thread:  ([mutex/lock_event])
[0x000002523a5e1b00] Threads_lock - owner thread: 0x000002524606b5f0
[0x000002523a5e1a70] Heap_lock - owner thread: 0x00000252485947e0

Heap address: 0x00000000c9e00000, size: 866 MB, Compressed Oops mode: 32-bit

CDS archive(s) not mapped
Compressed class space mapped at: 0x0000000100000000-0x0000000140000000, reserved size: 1073741824
Narrow klass base: 0x0000000000000000, Narrow klass shift: 3, Narrow klass range: 0x140000000

GC Precious Log:
 CPUs: 2 total, 2 available
 Memory: 3463M
 Large Page Support: Disabled
 NUMA Support: Disabled
 Compressed Oops: Enabled (32-bit)
 Heap Region Size: 1M
 Heap Min Capacity: 8M
 Heap Initial Capacity: 56M
 Heap Max Capacity: 866M
 Pre-touch: Disabled
 Parallel Workers: 2
 Concurrent Workers: 1
 Concurrent Refinement Workers: 2
 Periodic GC: Disabled

Heap:
 garbage-first heap   total 46080K, used 23675K [0x00000000c9e00000, 0x0000000100000000)
  region size 1024K, 2 young (2048K), 2 survivors (2048K)
 Metaspace       used 34568K, committed 34880K, reserved 1081344K
  class space    used 4480K, committed 4672K, reserved 1048576K

Heap Regions: E=young(eden), S=young(survivor), O=old, HS=humongous(starts), HC=humongous(continues), CS=collection set, F=free, OA=open archive, CA=closed archive, TAMS=top-at-mark-start (previous, next)
|   0|0x00000000c9e00000, 0x00000000c9f00000, 0x00000000c9f00000|100%| O|  |TAMS 0x00000000c9f00000, 0x00000000c9e00000| Untracked 
|   1|0x00000000c9f00000, 0x00000000ca000000, 0x00000000ca000000|100%| O|  |TAMS 0x00000000ca000000, 0x00000000c9f00000| Untracked 
|   2|0x00000000ca000000, 0x00000000ca100000, 0x00000000ca100000|100%| O|  |TAMS 0x00000000ca100000, 0x00000000ca000000| Untracked 
|   3|0x00000000ca100000, 0x00000000ca200000, 0x00000000ca200000|100%| O|  |TAMS 0x00000000ca200000, 0x00000000ca100000| Untracked 
|   4|0x00000000ca200000, 0x00000000ca300000, 0x00000000ca300000|100%| O|  |TAMS 0x00000000ca300000, 0x00000000ca200000| Untracked 
|   5|0x00000000ca300000, 0x00000000ca400000, 0x00000000ca400000|100%| O|  |TAMS 0x00000000ca400000, 0x00000000ca300000| Untracked 
|   6|0x00000000ca400000, 0x00000000ca500000, 0x00000000ca500000|100%| O|  |TAMS 0x00000000ca4c1200, 0x00000000ca400000| Untracked 
|   7|0x00000000ca500000, 0x00000000ca600000, 0x00000000ca600000|100%| O|  |TAMS 0x00000000ca500000, 0x00000000ca500000| Untracked 
|   8|0x00000000ca600000, 0x00000000ca700000, 0x00000000ca700000|100%| O|  |TAMS 0x00000000ca600000, 0x00000000ca600000| Untracked 
|   9|0x00000000ca700000, 0x00000000ca800000, 0x00000000ca800000|100%| O|  |TAMS 0x00000000ca700000, 0x00000000ca700000| Untracked 
|  10|0x00000000ca800000, 0x00000000ca8bf600, 0x00000000ca900000| 74%| O|  |TAMS 0x00000000ca800000, 0x00000000ca800000| Untracked 
|  11|0x00000000ca900000, 0x00000000caa00000, 0x00000000caa00000|100%| O|  |TAMS 0x00000000ca900000, 0x00000000ca900000| Untracked 
|  12|0x00000000caa00000, 0x00000000cab00000, 0x00000000cab00000|100%| O|  |TAMS 0x00000000caa00000, 0x00000000caa00000| Untracked 
|  13|0x00000000cab00000, 0x00000000cac00000, 0x00000000cac00000|100%| O|  |TAMS 0x00000000cab00000, 0x00000000cab00000| Untracked 
|  14|0x00000000cac00000, 0x00000000cad00000, 0x00000000cad00000|100%| O|  |TAMS 0x00000000cac00000, 0x00000000cac00000| Untracked 
|  15|0x00000000cad00000, 0x00000000cae00000, 0x00000000cae00000|100%| O|  |TAMS 0x00000000cad00000, 0x00000000cad00000| Untracked 
|  16|0x00000000cae00000, 0x00000000caf00000, 0x00000000caf00000|100%| O|  |TAMS 0x00000000cae00000, 0x00000000cae00000| Untracked 
|  17|0x00000000caf00000, 0x00000000cb000000, 0x00000000cb000000|100%| O|  |TAMS 0x00000000caf00000, 0x00000000caf00000| Untracked 
|  18|0x00000000cb000000, 0x00000000cb100000, 0x00000000cb100000|100%| O|  |TAMS 0x00000000cb000000, 0x00000000cb000000| Untracked 
|  19|0x00000000cb100000, 0x00000000cb200000, 0x00000000cb200000|100%| O|  |TAMS 0x00000000cb100000, 0x00000000cb100000| Untracked 
|  20|0x00000000cb200000, 0x00000000cb300000, 0x00000000cb300000|100%| O|  |TAMS 0x00000000cb200000, 0x00000000cb200000| Untracked 
|  21|0x00000000cb300000, 0x00000000cb35f600, 0x00000000cb400000| 37%| O|  |TAMS 0x00000000cb300000, 0x00000000cb300000| Untracked 
|  22|0x00000000cb400000, 0x00000000cb400000, 0x00000000cb500000|  0%| F|  |TAMS 0x00000000cb400000, 0x00000000cb400000| Untracked 
|  23|0x00000000cb500000, 0x00000000cb500000, 0x00000000cb600000|  0%| F|  |TAMS 0x00000000cb500000, 0x00000000cb500000| Untracked 
|  24|0x00000000cb600000, 0x00000000cb600000, 0x00000000cb700000|  0%| F|  |TAMS 0x00000000cb600000, 0x00000000cb600000| Untracked 
|  25|0x00000000cb700000, 0x00000000cb700000, 0x00000000cb800000|  0%| F|  |TAMS 0x00000000cb700000, 0x00000000cb700000| Untracked 
|  26|0x00000000cb800000, 0x00000000cb800000, 0x00000000cb900000|  0%| F|  |TAMS 0x00000000cb800000, 0x00000000cb800000| Untracked 
|  27|0x00000000cb900000, 0x00000000cb900000, 0x00000000cba00000|  0%| F|  |TAMS 0x00000000cb900000, 0x00000000cb900000| Untracked 
|  28|0x00000000cba00000, 0x00000000cba00000, 0x00000000cbb00000|  0%| F|  |TAMS 0x00000000cba00000, 0x00000000cba00000| Untracked 
|  29|0x00000000cbb00000, 0x00000000cbb00000, 0x00000000cbc00000|  0%| F|  |TAMS 0x00000000cbb00000, 0x00000000cbb00000| Untracked 
|  30|0x00000000cbc00000, 0x00000000cbc00000, 0x00000000cbd00000|  0%| F|  |TAMS 0x00000000cbc00000, 0x00000000cbc00000| Untracked 
|  31|0x00000000cbd00000, 0x00000000cbe00000, 0x00000000cbe00000|100%| S|CS|TAMS 0x00000000cbd00000, 0x00000000cbd00000| Complete 
|  32|0x00000000cbe00000, 0x00000000cbf00000, 0x00000000cbf00000|100%| S|CS|TAMS 0x00000000cbe00000, 0x00000000cbe00000| Complete 
|  33|0x00000000cbf00000, 0x00000000cbf00000, 0x00000000cc000000|  0%| F|  |TAMS 0x00000000cbf00000, 0x00000000cbf00000| Untracked 
|  34|0x00000000cc000000, 0x00000000cc000000, 0x00000000cc100000|  0%| F|  |TAMS 0x00000000cc000000, 0x00000000cc000000| Untracked 
|  35|0x00000000cc100000, 0x00000000cc100000, 0x00000000cc200000|  0%| F|  |TAMS 0x00000000cc100000, 0x00000000cc100000| Untracked 
|  36|0x00000000cc200000, 0x00000000cc200000, 0x00000000cc300000|  0%| F|  |TAMS 0x00000000cc200000, 0x00000000cc200000| Untracked 
|  37|0x00000000cc300000, 0x00000000cc300000, 0x00000000cc400000|  0%| F|  |TAMS 0x00000000cc300000, 0x00000000cc300000| Untracked 
|  38|0x00000000cc400000, 0x00000000cc400000, 0x00000000cc500000|  0%| F|  |TAMS 0x00000000cc400000, 0x00000000cc400000| Untracked 
|  39|0x00000000cc500000, 0x00000000cc500000, 0x00000000cc600000|  0%| F|  |TAMS 0x00000000cc500000, 0x00000000cc500000| Untracked 
|  40|0x00000000cc600000, 0x00000000cc600000, 0x00000000cc700000|  0%| F|  |TAMS 0x00000000cc600000, 0x00000000cc600000| Untracked 
|  41|0x00000000cc700000, 0x00000000cc700000, 0x00000000cc800000|  0%| F|  |TAMS 0x00000000cc700000, 0x00000000cc700000| Untracked 
|  42|0x00000000cc800000, 0x00000000cc800000, 0x00000000cc900000|  0%| F|  |TAMS 0x00000000cc800000, 0x00000000cc800000| Untracked 
|  43|0x00000000cc900000, 0x00000000cc900000, 0x00000000cca00000|  0%| F|  |TAMS 0x00000000cc900000, 0x00000000cc900000| Untracked 
|  55|0x00000000cd500000, 0x00000000cd500000, 0x00000000cd600000|  0%| F|  |TAMS 0x00000000cd500000, 0x00000000cd500000| Untracked 

Card table byte_map: [0x0000025241e80000,0x0000025242040000] _byte_map_base: 0x0000025241831000

Marking Bits (Prev, Next): (CMBitMap*) 0x000002523a61b070, (CMBitMap*) 0x000002523a61b030
 Prev Bits: [0x0000025242f90000, 0x0000025243d18000)
 Next Bits: [0x0000025242200000, 0x0000025242f88000)

Polling page: 0x000002523a490000

Metaspace:

Usage:
  Non-class:     29.38 MB used.
      Class:      4.38 MB used.
       Both:     33.76 MB used.

Virtual space:
  Non-class space:       32.00 MB reserved,      29.50 MB ( 92%) committed,  4 nodes.
      Class space:        1.00 GB reserved,       4.56 MB ( <1%) committed,  1 nodes.
             Both:        1.03 GB reserved,      34.06 MB (  3%) committed. 

Chunk freelists:
   Non-Class:  1.95 MB
       Class:  3.48 MB
        Both:  5.44 MB

MaxMetaspaceSize: unlimited
CompressedClassSpaceSize: 1.00 GB
Initial GC threshold: 21.00 MB
Current GC threshold: 35.12 MB
CDS: off
MetaspaceReclaimPolicy: balanced
 - commit_granule_bytes: 65536.
 - commit_granule_words: 8192.
 - virtual_space_node_default_size: 1048576.
 - enlarge_chunks_in_place: 1.
 - new_chunks_are_fully_committed: 0.
 - uncommit_free_chunks: 1.
 - use_allocation_guard: 0.
 - handle_deallocations: 1.


Internal statistics:

num_allocs_failed_limit: 5.
num_arena_births: 290.
num_arena_deaths: 0.
num_vsnodes_births: 5.
num_vsnodes_deaths: 0.
num_space_committed: 545.
num_space_uncommitted: 0.
num_chunks_returned_to_freelist: 5.
num_chunks_taken_from_freelist: 1265.
num_chunk_merges: 5.
num_chunk_splits: 879.
num_chunks_enlarged: 684.
num_purges: 0.
num_inconsistent_stats: 0.

CodeCache: size=49152Kb used=6211Kb max_used=6211Kb free=42940Kb
 bounds [0x000002523ea40000, 0x000002523f060000, 0x0000025241a40000]
 total_blobs=3666 nmethods=3149 adapters=444
 compilation: enabled
              stopped_count=0, restarted_count=0
 full_count=0

Compilation events (20 events):
Event: 28.353 Thread 0x00000252460c5a80 nmethod 3146 0x000002523f04b710 code [0x000002523f04b8a0, 0x000002523f04b958]
Event: 28.526 Thread 0x00000252460c5a80 3147       1       java.util.AbstractQueue::<init> (5 bytes)
Event: 28.527 Thread 0x00000252460c5a80 nmethod 3147 0x000002523f04ba10 code [0x000002523f04bba0, 0x000002523f04bc58]
Event: 28.730 Thread 0x00000252460c5a80 3149       1       com.google.gson.stream.JsonReader::nextName (116 bytes)
Event: 28.731 Thread 0x00000252460c5a80 nmethod 3149 0x000002523f04c010 code [0x000002523f04c260, 0x000002523f04c848]
Event: 28.744 Thread 0x00000252460c5a80 3150       1       java.net.URI$Parser::<init> (30 bytes)
Event: 28.744 Thread 0x00000252460c5a80 nmethod 3150 0x000002523f04cb90 code [0x000002523f04cd20, 0x000002523f04cf18]
Event: 28.744 Thread 0x00000252460c5a80 3151       1       java.net.URI$Parser::parse (243 bytes)
Event: 28.745 Thread 0x00000252460c5a80 nmethod 3151 0x000002523f04d010 code [0x000002523f04d340, 0x000002523f04e038]
Event: 28.745 Thread 0x00000252460c5a80 3152       1       java.net.URI$Parser::checkChar (14 bytes)
Event: 28.745 Thread 0x00000252460c5a80 nmethod 3152 0x000002523f04e910 code [0x000002523f04eaa0, 0x000002523f04eb88]
Event: 28.822 Thread 0x00000252460c5a80 3153       1       sun.nio.fs.WindowsPath::getPathForPermissionCheck (5 bytes)
Event: 28.822 Thread 0x00000252460c5a80 nmethod 3153 0x000002523f04ec10 code [0x000002523f04eda0, 0x000002523f04ee78]
Event: 28.843 Thread 0x00000252460c5a80 3154       1       java.net.URI$Parser::parseHierarchical (178 bytes)
Event: 28.845 Thread 0x00000252460c5a80 nmethod 3154 0x000002523f04ef10 code [0x000002523f04f1c0, 0x000002523f04fac8]
Event: 29.107 Thread 0x00000252460c5a80 3156       1       nonapi.io.github.classgraph.fileslice.FileSlice::hashCode (5 bytes)
Event: 29.108 Thread 0x00000252460c5a80 nmethod 3156 0x000002523f050610 code [0x000002523f0507a0, 0x000002523f050888]
Event: 29.108 Thread 0x00000252460c5a80 3157       1       nonapi.io.github.classgraph.fileslice.Slice::hashCode (64 bytes)
Event: 29.108 Thread 0x00000252460c5a80 nmethod 3157 0x000002523f050910 code [0x000002523f050aa0, 0x000002523f050be8]
Event: 29.123 Thread 0x00000252460c5a80 3158       1       nonapi.io.github.classgraph.fileslice.Slice::<init> (134 bytes)

GC Heap History (20 events):
Event: 1.616 GC heap after
{Heap after GC invocations=2 (full 0):
 garbage-first heap   total 57344K, used 5808K [0x00000000c9e00000, 0x0000000100000000)
  region size 1024K, 1 young (1024K), 1 survivors (1024K)
 Metaspace       used 4445K, committed 4544K, reserved 1056768K
  class space    used 441K, committed 512K, reserved 1048576K
}
Event: 2.352 GC heap before
{Heap before GC invocations=2 (full 0):
 garbage-first heap   total 57344K, used 11952K [0x00000000c9e00000, 0x0000000100000000)
  region size 1024K, 8 young (8192K), 1 survivors (1024K)
 Metaspace       used 7855K, committed 8000K, reserved 1056768K
  class space    used 842K, committed 896K, reserved 1048576K
}
Event: 2.357 GC heap after
{Heap after GC invocations=3 (full 0):
 garbage-first heap   total 57344K, used 7306K [0x00000000c9e00000, 0x0000000100000000)
  region size 1024K, 1 young (1024K), 1 survivors (1024K)
 Metaspace       used 7855K, committed 8000K, reserved 1056768K
  class space    used 842K, committed 896K, reserved 1048576K
}
Event: 3.801 GC heap before
{Heap before GC invocations=3 (full 0):
 garbage-first heap   total 57344K, used 17546K [0x00000000c9e00000, 0x0000000100000000)
  region size 1024K, 11 young (11264K), 1 survivors (1024K)
 Metaspace       used 11726K, committed 11904K, reserved 1064960K
  class space    used 1386K, committed 1472K, reserved 1048576K
}
Event: 3.806 GC heap after
{Heap after GC invocations=4 (full 0):
 garbage-first heap   total 57344K, used 8751K [0x00000000c9e00000, 0x0000000100000000)
  region size 1024K, 2 young (2048K), 2 survivors (2048K)
 Metaspace       used 11726K, committed 11904K, reserved 1064960K
  class space    used 1386K, committed 1472K, reserved 1048576K
}
Event: 8.804 GC heap before
{Heap before GC invocations=4 (full 0):
 garbage-first heap   total 57344K, used 31279K [0x00000000c9e00000, 0x0000000100000000)
  region size 1024K, 25 young (25600K), 2 survivors (2048K)
 Metaspace       used 18544K, committed 18816K, reserved 1073152K
  class space    used 2241K, committed 2368K, reserved 1048576K
}
Event: 8.813 GC heap after
{Heap after GC invocations=5 (full 0):
 garbage-first heap   total 57344K, used 11012K [0x00000000c9e00000, 0x0000000100000000)
  region size 1024K, 4 young (4096K), 4 survivors (4096K)
 Metaspace       used 18544K, committed 18816K, reserved 1073152K
  class space    used 2241K, committed 2368K, reserved 1048576K
}
Event: 9.421 GC heap before
{Heap before GC invocations=5 (full 0):
 garbage-first heap   total 57344K, used 21252K [0x00000000c9e00000, 0x0000000100000000)
  region size 1024K, 16 young (16384K), 4 survivors (4096K)
 Metaspace       used 21366K, committed 21504K, reserved 1073152K
  class space    used 2596K, committed 2688K, reserved 1048576K
}
Event: 9.440 GC heap after
{Heap after GC invocations=6 (full 0):
 garbage-first heap   total 57344K, used 11617K [0x00000000c9e00000, 0x0000000100000000)
  region size 1024K, 1 young (1024K), 1 survivors (1024K)
 Metaspace       used 21366K, committed 21504K, reserved 1073152K
  class space    used 2596K, committed 2688K, reserved 1048576K
}
Event: 16.850 GC heap before
{Heap before GC invocations=7 (full 0):
 garbage-first heap   total 45056K, used 35169K [0x00000000c9e00000, 0x0000000100000000)
  region size 1024K, 26 young (26624K), 1 survivors (1024K)
 Metaspace       used 25651K, committed 25856K, reserved 1073152K
  class space    used 3150K, committed 3264K, reserved 1048576K
}
Event: 16.858 GC heap after
{Heap after GC invocations=8 (full 0):
 garbage-first heap   total 45056K, used 13168K [0x00000000c9e00000, 0x0000000100000000)
  region size 1024K, 3 young (3072K), 3 survivors (3072K)
 Metaspace       used 25651K, committed 25856K, reserved 1073152K
  class space    used 3150K, committed 3264K, reserved 1048576K
}
Event: 18.221 GC heap before
{Heap before GC invocations=8 (full 0):
 garbage-first heap   total 45056K, used 28528K [0x00000000c9e00000, 0x0000000100000000)
  region size 1024K, 19 young (19456K), 3 survivors (3072K)
 Metaspace       used 27881K, committed 28160K, reserved 1081344K
  class space    used 3487K, committed 3648K, reserved 1048576K
}
Event: 18.245 GC heap after
{Heap after GC invocations=9 (full 0):
 garbage-first heap   total 45056K, used 15008K [0x00000000c9e00000, 0x0000000100000000)
  region size 1024K, 2 young (2048K), 2 survivors (2048K)
 Metaspace       used 27881K, committed 28160K, reserved 1081344K
  class space    used 3487K, committed 3648K, reserved 1048576K
}
Event: 22.896 GC heap before
{Heap before GC invocations=9 (full 0):
 garbage-first heap   total 45056K, used 31392K [0x00000000c9e00000, 0x0000000100000000)
  region size 1024K, 18 young (18432K), 2 survivors (2048K)
 Metaspace       used 31704K, committed 32000K, reserved 1081344K
  class space    used 4004K, committed 4160K, reserved 1048576K
}
Event: 22.905 GC heap after
{Heap after GC invocations=10 (full 0):
 garbage-first heap   total 45056K, used 16494K [0x00000000c9e00000, 0x0000000100000000)
  region size 1024K, 2 young (2048K), 2 survivors (2048K)
 Metaspace       used 31704K, committed 32000K, reserved 1081344K
  class space    used 4004K, committed 4160K, reserved 1048576K
}
Event: 27.189 GC heap before
{Heap before GC invocations=10 (full 0):
 garbage-first heap   total 45056K, used 30830K [0x00000000c9e00000, 0x0000000100000000)
  region size 1024K, 17 young (17408K), 2 survivors (2048K)
 Metaspace       used 33671K, committed 33920K, reserved 1081344K
  class space    used 4293K, committed 4416K, reserved 1048576K
}
Event: 27.198 GC heap after
{Heap after GC invocations=11 (full 0):
 garbage-first heap   total 45056K, used 19023K [0x00000000c9e00000, 0x0000000100000000)
  region size 1024K, 3 young (3072K), 3 survivors (3072K)
 Metaspace       used 33671K, committed 33920K, reserved 1081344K
  class space    used 4293K, committed 4416K, reserved 1048576K
}
Event: 28.134 GC heap before
{Heap before GC invocations=11 (full 0):
 garbage-first heap   total 45056K, used 32335K [0x00000000c9e00000, 0x0000000100000000)
  region size 1024K, 17 young (17408K), 3 survivors (3072K)
 Metaspace       used 34166K, committed 34432K, reserved 1081344K
  class space    used 4393K, committed 4544K, reserved 1048576K
}
Event: 28.144 GC heap after
{Heap after GC invocations=12 (full 0):
 garbage-first heap   total 45056K, used 21388K [0x00000000c9e00000, 0x0000000100000000)
  region size 1024K, 3 young (3072K), 3 survivors (3072K)
 Metaspace       used 34166K, committed 34432K, reserved 1081344K
  class space    used 4393K, committed 4544K, reserved 1048576K
}
Event: 29.141 GC heap before
{Heap before GC invocations=12 (full 0):
 garbage-first heap   total 45056K, used 31628K [0x00000000c9e00000, 0x0000000100000000)
  region size 1024K, 14 young (14336K), 3 survivors (3072K)
 Metaspace       used 34568K, committed 34880K, reserved 1081344K
  class space    used 4480K, committed 4672K, reserved 1048576K
}

Deoptimization events (12 events):
Event: 3.455 Thread 0x000002523a5e5760 DEOPT PACKING pc=0x000002523eca9575 sp=0x0000007ef6afdd80
Event: 3.455 Thread 0x000002523a5e5760 DEOPT UNPACKING pc=0x000002523ea92b43 sp=0x0000007ef6afd1f0 mode 3
Event: 9.208 Thread 0x000002523a5e5760 DEOPT PACKING pc=0x000002523edafe99 sp=0x0000007ef6afd5f0
Event: 9.208 Thread 0x000002523a5e5760 DEOPT UNPACKING pc=0x000002523ea92b43 sp=0x0000007ef6afcad0 mode 3
Event: 15.434 Thread 0x000002523a5e5760 DEOPT PACKING pc=0x000002523ee92ef5 sp=0x0000007ef6afd160
Event: 15.434 Thread 0x000002523a5e5760 DEOPT UNPACKING pc=0x000002523ea92b43 sp=0x0000007ef6afc5d0 mode 3
Event: 21.717 Thread 0x000002523a5e5760 DEOPT PACKING pc=0x000002523ef24499 sp=0x0000007ef6afcae0
Event: 21.717 Thread 0x000002523a5e5760 DEOPT UNPACKING pc=0x000002523ea92b43 sp=0x0000007ef6afbfc8 mode 3
Event: 23.306 Thread 0x00000252483a0b10 DEOPT PACKING pc=0x000002523ef867ab sp=0x0000007ef7dfe830
Event: 23.306 Thread 0x00000252483a0b10 DEOPT UNPACKING pc=0x000002523ea92b43 sp=0x0000007ef7dfdd78 mode 3
Event: 27.214 Thread 0x00000252488beb50 DEOPT PACKING pc=0x000002523f00c0b5 sp=0x0000007ef85fdb10
Event: 27.214 Thread 0x00000252488beb50 DEOPT UNPACKING pc=0x000002523ea92b43 sp=0x0000007ef85fd038 mode 3

Classes unloaded (0 events):
No events

Classes redefined (0 events):
No events

Internal exceptions (20 events):
Event: 26.935 Thread 0x0000025247345780 Exception <a 'sun/nio/fs/WindowsException'{0x00000000cbe135d8}> (0x00000000cbe135d8) 
thrown [e:\jenkins\tmp\workspace\build\src\src\hotspot\share\prims\jni.cpp, line 516]
Event: 26.935 Thread 0x0000025247345780 Exception <a 'sun/nio/fs/WindowsException'{0x00000000cbe139b8}> (0x00000000cbe139b8) 
thrown [e:\jenkins\tmp\workspace\build\src\src\hotspot\share\prims\jni.cpp, line 516]
Event: 26.935 Thread 0x0000025247345780 Exception <a 'sun/nio/fs/WindowsException'{0x00000000cbe143a8}> (0x00000000cbe143a8) 
thrown [e:\jenkins\tmp\workspace\build\src\src\hotspot\share\prims\jni.cpp, line 516]
Event: 26.935 Thread 0x0000025247345780 Exception <a 'sun/nio/fs/WindowsException'{0x00000000cbe14750}> (0x00000000cbe14750) 
thrown [e:\jenkins\tmp\workspace\build\src\src\hotspot\share\prims\jni.cpp, line 516]
Event: 26.935 Thread 0x0000025247345780 Exception <a 'sun/nio/fs/WindowsException'{0x00000000cbe15150}> (0x00000000cbe15150) 
thrown [e:\jenkins\tmp\workspace\build\src\src\hotspot\share\prims\jni.cpp, line 516]
Event: 26.935 Thread 0x0000025247345780 Exception <a 'sun/nio/fs/WindowsException'{0x00000000cbe15510}> (0x00000000cbe15510) 
thrown [e:\jenkins\tmp\workspace\build\src\src\hotspot\share\prims\jni.cpp, line 516]
Event: 26.935 Thread 0x0000025247345780 Exception <a 'sun/nio/fs/WindowsException'{0x00000000cbe15f10}> (0x00000000cbe15f10) 
thrown [e:\jenkins\tmp\workspace\build\src\src\hotspot\share\prims\jni.cpp, line 516]
Event: 26.935 Thread 0x0000025247345780 Exception <a 'sun/nio/fs/WindowsException'{0x00000000cbe162c0}> (0x00000000cbe162c0) 
thrown [e:\jenkins\tmp\workspace\build\src\src\hotspot\share\prims\jni.cpp, line 516]
Event: 26.935 Thread 0x0000025247345780 Exception <a 'sun/nio/fs/WindowsException'{0x00000000cbe16cc0}> (0x00000000cbe16cc0) 
thrown [e:\jenkins\tmp\workspace\build\src\src\hotspot\share\prims\jni.cpp, line 516]
Event: 26.935 Thread 0x0000025247345780 Exception <a 'sun/nio/fs/WindowsException'{0x00000000cbe17080}> (0x00000000cbe17080) 
thrown [e:\jenkins\tmp\workspace\build\src\src\hotspot\share\prims\jni.cpp, line 516]
Event: 26.936 Thread 0x0000025247345780 Exception <a 'sun/nio/fs/WindowsException'{0x00000000cbe17aa8}> (0x00000000cbe17aa8) 
thrown [e:\jenkins\tmp\workspace\build\src\src\hotspot\share\prims\jni.cpp, line 516]
Event: 26.936 Thread 0x0000025247345780 Exception <a 'sun/nio/fs/WindowsException'{0x00000000cbe17e88}> (0x00000000cbe17e88) 
thrown [e:\jenkins\tmp\workspace\build\src\src\hotspot\share\prims\jni.cpp, line 516]
Event: 26.936 Thread 0x0000025247345780 Exception <a 'sun/nio/fs/WindowsException'{0x00000000cbe188c0}> (0x00000000cbe188c0) 
thrown [e:\jenkins\tmp\workspace\build\src\src\hotspot\share\prims\jni.cpp, line 516]
Event: 26.936 Thread 0x0000025247345780 Exception <a 'sun/nio/fs/WindowsException'{0x00000000cbe18cb0}> (0x00000000cbe18cb0) 
thrown [e:\jenkins\tmp\workspace\build\src\src\hotspot\share\prims\jni.cpp, line 516]
Event: 26.936 Thread 0x0000025247345780 Exception <a 'sun/nio/fs/WindowsException'{0x00000000cbe196d8}> (0x00000000cbe196d8) 
thrown [e:\jenkins\tmp\workspace\build\src\src\hotspot\share\prims\jni.cpp, line 516]
Event: 26.936 Thread 0x0000025247345780 Exception <a 'sun/nio/fs/WindowsException'{0x00000000cbe19ac8}> (0x00000000cbe19ac8) 
thrown [e:\jenkins\tmp\workspace\build\src\src\hotspot\share\prims\jni.cpp, line 516]
Event: 27.150 Thread 0x00000252487636e0 Exception <a 'java/lang/NoSuchMethodError'{0x00000000cbd24018}: 'java.lang.Object java.lang.invoke.DirectMethodHandle$Holder.invokeStatic(java.lang.Object, java.lang.Object, java.lang.Object, int, java.lang.Object, java.lang.Object)'> (0x00000000cbd24018) 
thrown [e:\jenkins\tmp\workspace\build\src\src\hotspot\share\interpreter\linkResolver.cpp, line 766]
Event: 27.177 Thread 0x00000252488beb50 Exception <a 'java/lang/NoSuchMethodError'{0x00000000cbd4d250}: 'java.lang.Object java.lang.invoke.DirectMethodHandle$Holder.invokeStatic(java.lang.Object, int, java.lang.Object)'> (0x00000000cbd4d250) 
thrown [e:\jenkins\tmp\workspace\build\src\src\hotspot\share\interpreter\linkResolver.cpp, line 766]
Event: 28.720 Thread 0x00000252487636e0 Exception <a 'java/lang/NoSuchMethodError'{0x00000000cc3a6718}: 'int java.lang.invoke.DirectMethodHandle$Holder.invokeStatic(java.lang.Object)'> (0x00000000cc3a6718) 
thrown [e:\jenkins\tmp\workspace\build\src\src\hotspot\share\interpreter\linkResolver.cpp, line 766]
Event: 28.720 Thread 0x00000252487636e0 Exception <a 'java/lang/NoSuchMethodError'{0x00000000cc3a9e70}: 'int java.lang.invoke.DirectMethodHandle$Holder.invokeStaticInit(java.lang.Object)'> (0x00000000cc3a9e70) 
thrown [e:\jenkins\tmp\workspace\build\src\src\hotspot\share\interpreter\linkResolver.cpp, line 766]

VM Operations (20 events):
Event: 28.621 Executing VM operation: ICBufferFull done
Event: 28.641 Executing VM operation: ICBufferFull
Event: 28.670 Executing VM operation: ICBufferFull done
Event: 28.703 Executing VM operation: ICBufferFull
Event: 28.703 Executing VM operation: ICBufferFull done
Event: 28.718 Executing VM operation: ICBufferFull
Event: 28.718 Executing VM operation: ICBufferFull done
Event: 28.727 Executing VM operation: ICBufferFull
Event: 28.727 Executing VM operation: ICBufferFull done
Event: 28.754 Executing VM operation: ICBufferFull
Event: 28.817 Executing VM operation: ICBufferFull done
Event: 28.823 Executing VM operation: ICBufferFull
Event: 28.823 Executing VM operation: ICBufferFull done
Event: 28.823 Executing VM operation: ICBufferFull
Event: 28.845 Executing VM operation: ICBufferFull done
Event: 28.849 Executing VM operation: ICBufferFull
Event: 28.928 Executing VM operation: ICBufferFull done
Event: 28.934 Executing VM operation: ICBufferFull
Event: 29.118 Executing VM operation: ICBufferFull done
Event: 29.124 Executing VM operation: G1CollectForAllocation

Events (20 events):
Event: 27.364 loading class java/util/ServiceConfigurationError
Event: 27.383 loading class java/util/ServiceConfigurationError done
Event: 27.422 loading class java/util/concurrent/ForkJoinWorkerThread
Event: 27.422 loading class java/util/concurrent/ForkJoinWorkerThread done
Event: 27.434 Thread 0x00000252488bce70 Thread added: 0x00000252488bce70
Event: 28.724 loading class java/util/concurrent/atomic/AtomicLongFieldUpdater
Event: 28.725 loading class java/util/concurrent/atomic/AtomicLongFieldUpdater done
Event: 28.725 loading class java/util/concurrent/atomic/AtomicLongFieldUpdater$CASUpdater
Event: 28.725 loading class java/util/concurrent/atomic/AtomicLongFieldUpdater$CASUpdater done
Event: 28.725 loading class java/util/concurrent/atomic/AtomicLongFieldUpdater$CASUpdater$1
Event: 28.725 loading class java/util/concurrent/atomic/AtomicLongFieldUpdater$CASUpdater$1 done
Event: 28.728 Thread 0x00000252488bd810 Thread added: 0x00000252488bd810
Event: 28.841 Thread 0x00000252488bf4f0 Thread added: 0x00000252488bf4f0
Event: 28.927 loading class java/util/concurrent/CompletableFuture$UniApply
Event: 28.927 loading class java/util/concurrent/CompletableFuture$UniApply done
Event: 28.928 Thread 0x00000252488bdce0 Thread added: 0x00000252488bdce0
Event: 28.928 loading class java/util/concurrent/CompletableFuture$UniExceptionally
Event: 28.928 loading class java/util/concurrent/CompletableFuture$UniExceptionally done
Event: 29.117 loading class java/util/concurrent/CompletableFuture$Signaller
Event: 29.121 loading class java/util/concurrent/CompletableFuture$Signaller done


Dynamic libraries:
0x00007ff6155c0000 - 0x00007ff6155ce000 	c:\Users\gilbe\.vscode\extensions\redhat.java-1.9.0-win32-x64\jre\17.0.3-win32-x86_64\bin\java.exe
0x00007ff8b7ed0000 - 0x00007ff8b80c8000 	C:\windows\SYSTEM32\ntdll.dll
0x00007ff8b7510000 - 0x00007ff8b75cd000 	C:\windows\System32\KERNEL32.DLL
0x00007ff8b5940000 - 0x00007ff8b5c0e000 	C:\windows\System32\KERNELBASE.dll
0x00007ff8b5de0000 - 0x00007ff8b5ee0000 	C:\windows\System32\ucrtbase.dll
0x00007ff8aea20000 - 0x00007ff8aea38000 	c:\Users\gilbe\.vscode\extensions\redhat.java-1.9.0-win32-x64\jre\17.0.3-win32-x86_64\bin\jli.dll
0x00007ff8b5f40000 - 0x00007ff8b60e0000 	C:\windows\System32\USER32.dll
0x00007ff8b5910000 - 0x00007ff8b5932000 	C:\windows\System32\win32u.dll
0x00007ff8b7df0000 - 0x00007ff8b7e1a000 	C:\windows\System32\GDI32.dll
0x00007ff8b5cd0000 - 0x00007ff8b5ddb000 	C:\windows\System32\gdi32full.dll
0x00007ff8b57c0000 - 0x00007ff8b585d000 	C:\windows\System32\msvcp_win.dll
0x00007ff8ad430000 - 0x00007ff8ad449000 	c:\Users\gilbe\.vscode\extensions\redhat.java-1.9.0-win32-x64\jre\17.0.3-win32-x86_64\bin\VCRUNTIME140.dll
0x00007ff89edf0000 - 0x00007ff89f08a000 	C:\windows\WinSxS\amd64_microsoft.windows.common-controls_6595b64144ccf1df_6.0.19041.1110_none_60b5254171f9507e\COMCTL32.dll
0x00007ff8b7ab0000 - 0x00007ff8b7b4e000 	C:\windows\System32\msvcrt.dll
0x00007ff8b7720000 - 0x00007ff8b7750000 	C:\windows\System32\IMM32.DLL
0x00007ff8ad620000 - 0x00007ff8ad62c000 	c:\Users\gilbe\.vscode\extensions\redhat.java-1.9.0-win32-x64\jre\17.0.3-win32-x86_64\bin\vcruntime140_1.dll
0x00007ff887b10000 - 0x00007ff887ba1000 	c:\Users\gilbe\.vscode\extensions\redhat.java-1.9.0-win32-x64\jre\17.0.3-win32-x86_64\bin\msvcp140.dll
0x00007ff875b60000 - 0x00007ff8767a8000 	c:\Users\gilbe\.vscode\extensions\redhat.java-1.9.0-win32-x64\jre\17.0.3-win32-x86_64\bin\server\jvm.dll
0x00007ff8b63f0000 - 0x00007ff8b649e000 	C:\windows\System32\ADVAPI32.dll
0x00007ff8b7470000 - 0x00007ff8b750c000 	C:\windows\System32\sechost.dll
0x00007ff8b7210000 - 0x00007ff8b7335000 	C:\windows\System32\RPCRT4.dll
0x00007ff8b5f30000 - 0x00007ff8b5f38000 	C:\windows\System32\PSAPI.DLL
0x00007ff8ad5e0000 - 0x00007ff8ad5e9000 	C:\windows\SYSTEM32\WSOCK32.dll
0x00007ff8b7140000 - 0x00007ff8b71ab000 	C:\windows\System32\WS2_32.dll
0x00007ff8ac360000 - 0x00007ff8ac387000 	C:\windows\SYSTEM32\WINMM.dll
0x00007ff8ac390000 - 0x00007ff8ac39a000 	C:\windows\SYSTEM32\VERSION.dll
0x00007ff8b34f0000 - 0x00007ff8b3502000 	C:\windows\SYSTEM32\kernel.appcore.dll
0x00007ff8ad3b0000 - 0x00007ff8ad3ba000 	c:\Users\gilbe\.vscode\extensions\redhat.java-1.9.0-win32-x64\jre\17.0.3-win32-x86_64\bin\jimage.dll
0x00007ff89fd40000 - 0x00007ff89ff24000 	C:\windows\SYSTEM32\DBGHELP.DLL
0x00007ff89a020000 - 0x00007ff89a04c000 	C:\windows\SYSTEM32\dbgcore.DLL
0x00007ff8b5c10000 - 0x00007ff8b5c92000 	C:\windows\System32\bcryptPrimitives.dll
0x00007ff8ad350000 - 0x00007ff8ad375000 	c:\Users\gilbe\.vscode\extensions\redhat.java-1.9.0-win32-x64\jre\17.0.3-win32-x86_64\bin\java.dll
0x00007ff8ad330000 - 0x00007ff8ad348000 	c:\Users\gilbe\.vscode\extensions\redhat.java-1.9.0-win32-x64\jre\17.0.3-win32-x86_64\bin\zip.dll
0x00007ff8b6500000 - 0x00007ff8b6c44000 	C:\windows\System32\SHELL32.dll
0x00007ff8b36f0000 - 0x00007ff8b3e84000 	C:\windows\SYSTEM32\windows.storage.dll
0x00007ff8b7750000 - 0x00007ff8b7aa4000 	C:\windows\System32\combase.dll
0x00007ff8b4f80000 - 0x00007ff8b4fb0000 	C:\windows\SYSTEM32\Wldp.dll
0x00007ff8b6290000 - 0x00007ff8b633d000 	C:\windows\System32\SHCORE.dll
0x00007ff8b64a0000 - 0x00007ff8b64f5000 	C:\windows\System32\shlwapi.dll
0x00007ff8b5530000 - 0x00007ff8b554f000 	C:\windows\SYSTEM32\profapi.dll
0x00007ff8ad2f0000 - 0x00007ff8ad309000 	C:\Users\gilbe\.vscode\extensions\redhat.java-1.9.0-win32-x64\jre\17.0.3-win32-x86_64\bin\net.dll
0x00007ff8a6530000 - 0x00007ff8a663a000 	C:\windows\SYSTEM32\WINHTTP.dll
0x00007ff8b4ce0000 - 0x00007ff8b4d4a000 	C:\windows\system32\mswsock.dll
0x00007ff8ad0c0000 - 0x00007ff8ad0d5000 	C:\Users\gilbe\.vscode\extensions\redhat.java-1.9.0-win32-x64\jre\17.0.3-win32-x86_64\bin\nio.dll
0x00007ff8ad320000 - 0x00007ff8ad330000 	c:\Users\gilbe\.vscode\extensions\redhat.java-1.9.0-win32-x64\jre\17.0.3-win32-x86_64\bin\verify.dll
0x00007ff8ad6e0000 - 0x00007ff8ad6e9000 	C:\Users\gilbe\.vscode\extensions\redhat.java-1.9.0-win32-x64\jre\17.0.3-win32-x86_64\bin\management.dll
0x00007ff8ad2e0000 - 0x00007ff8ad2eb000 	C:\Users\gilbe\.vscode\extensions\redhat.java-1.9.0-win32-x64\jre\17.0.3-win32-x86_64\bin\management_ext.dll
0x00007ff898790000 - 0x00007ff8987a7000 	C:\windows\system32\napinsp.dll
0x00007ff898770000 - 0x00007ff89878b000 	C:\windows\system32\pnrpnsp.dll
0x00007ff8b0200000 - 0x00007ff8b0215000 	C:\windows\system32\wshbth.dll
0x00007ff8b0fd0000 - 0x00007ff8b0fed000 	C:\windows\system32\NLAapi.dll
0x00007ff8b49d0000 - 0x00007ff8b4a0b000 	C:\windows\SYSTEM32\IPHLPAPI.DLL
0x00007ff8b4a10000 - 0x00007ff8b4adb000 	C:\windows\SYSTEM32\DNSAPI.dll
0x00007ff8b7e80000 - 0x00007ff8b7e88000 	C:\windows\System32\NSI.dll
0x00007ff898750000 - 0x00007ff898762000 	C:\windows\System32\winrnr.dll
0x00007ff8ad030000 - 0x00007ff8ad03a000 	C:\Windows\System32\rasadhlp.dll
0x00007ff89f230000 - 0x00007ff89f2b0000 	C:\windows\System32\fwpuclnt.dll
0x00007ff8b5ca0000 - 0x00007ff8b5cc7000 	C:\windows\System32\bcrypt.dll
0x00007ff8b4ed0000 - 0x00007ff8b4ee8000 	C:\windows\SYSTEM32\CRYPTSP.dll
0x00007ff8b4660000 - 0x00007ff8b4694000 	C:\windows\system32\rsaenh.dll
0x00007ff8b54b0000 - 0x00007ff8b54de000 	C:\windows\SYSTEM32\USERENV.dll
0x00007ff8b4ef0000 - 0x00007ff8b4efc000 	C:\windows\SYSTEM32\CRYPTBASE.dll
0x00007ff8a9a30000 - 0x00007ff8a9a47000 	C:\windows\SYSTEM32\dhcpcsvc6.DLL
0x00007ff8a9da0000 - 0x00007ff8a9dbd000 	C:\windows\SYSTEM32\dhcpcsvc.DLL

dbghelp: loaded successfully - version: 4.0.5 - missing functions: none
symbol engine: initialized successfully - sym options: 0x614 - pdb path: .;c:\Users\gilbe\.vscode\extensions\redhat.java-1.9.0-win32-x64\jre\17.0.3-win32-x86_64\bin;C:\windows\SYSTEM32;C:\windows\WinSxS\amd64_microsoft.windows.common-controls_6595b64144ccf1df_6.0.19041.1110_none_60b5254171f9507e;c:\Users\gilbe\.vscode\extensions\redhat.java-1.9.0-win32-x64\jre\17.0.3-win32-x86_64\bin\server

VM Arguments:
jvm_args: -Dsts.lsp.client=vscode -Dsts.log.file=/dev/null -XX:TieredStopAtLevel=1 -Dspring.config.location=file:c:\Users\gilbe\.vscode\extensions\pivotal.vscode-spring-boot-1.37.0\language-server\BOOT-INF\classes\application.properties 
java_command: org.springframework.ide.vscode.boot.app.BootLanguageServerBootApp
java_class_path (initial): c:\Users\gilbe\.vscode\extensions\pivotal.vscode-spring-boot-1.37.0\language-server\BOOT-INF\classes;c:\Users\gilbe\.vscode\extensions\pivotal.vscode-spring-boot-1.37.0\language-server\BOOT-INF\lib\annotations-23.0.0.jar;c:\Users\gilbe\.vscode\extensions\pivotal.vscode-spring-boot-1.37.0\language-server\BOOT-INF\lib\antlr-runtime-3.5.2.jar;c:\Users\gilbe\.vscode\extensions\pivotal.vscode-spring-boot-1.37.0\language-server\BOOT-INF\lib\antlr4-4.9.3.jar;c:\Users\gilbe\.vscode\extensions\pivotal.vscode-spring-boot-1.37.0\language-server\BOOT-INF\lib\antlr4-runtime-4.9.3.jar;c:\Users\gilbe\.vscode\extensions\pivotal.vscode-spring-boot-1.37.0\language-server\BOOT-INF\lib\asm-9.3.jar;c:\Users\gilbe\.vscode\extensions\pivotal.vscode-spring-boot-1.37.0\language-server\BOOT-INF\lib\asm-analysis-9.3.jar;c:\Users\gilbe\.vscode\extensions\pivotal.vscode-spring-boot-1.37.0\language-server\BOOT-INF\lib\asm-tree-9.3.jar;c:\Users\gilbe\.vscode\extensions\pivotal.vscode-spring-boot-1.37.0\language-server\BOOT-INF\lib\asm-util-9.3.jar;c:\Users\gilbe\.vscode\extensions\pivotal.vscode-spring-boot-1.37.0\language-server\BOOT-INF\lib\byte-buddy-1.10.18.jar;c:\Users\gilbe\.vscode\extensions\pivotal.vscode-spring-boot-1.37.0\language-server\BOOT-INF\lib\caffeine-2.8.6.jar;c:\Users\gilbe\.vscode\extensions\pivotal.vscode-spring-boot-1.37.0\language-server\BOOT-INF\lib\checker-qual-3.12.0.jar;c:\Users\gilbe\.vscode\extensions\pivotal.vscode-spring-boot-1.37.0\language-server\BOOT-INF\lib\classgraph-4.8.149.jar;c:\Users\gilbe\.vscode\extensions\pivotal.vscode-spring-boot-1.37.0\language-server\BOOT-INF\lib\commons-codec-1.14.jar;c:\Users\gilbe\.vscode\extensions\pivotal.vscode-spring-boot-1.37.0\language-server\BOOT-INF\lib\commons-compress-1.21.jar;c:\Users\gilbe\.vscode\extensions\pivotal.vscode-spring-boot-1.37.0\language-server\BOOT-INF\lib\commons-exec-1.3.jar;c:\Users\gilbe\.vscode\extensions\pivotal.vscode-spring-boot-1.37.0\language-server\BOOT-INF\lib\com
Launcher Type: SUN_STANDARD

[Global flags]
     intx CICompilerCount                          = 2                                         {product} {ergonomic}
     uint ConcGCThreads                            = 1                                         {product} {ergonomic}
     uint G1ConcRefinementThreads                  = 2                                         {product} {ergonomic}
   size_t G1HeapRegionSize                         = 1048576                                   {product} {ergonomic}
    uintx GCDrainStackTargetSize                   = 64                                        {product} {ergonomic}
   size_t InitialHeapSize                          = 58720256                                  {product} {ergonomic}
   size_t MarkStackSize                            = 4194304                                   {product} {ergonomic}
   size_t MaxHeapSize                              = 908066816                                 {product} {ergonomic}
   size_t MaxNewSize                               = 544210944                                 {product} {ergonomic}
   size_t MinHeapDeltaBytes                        = 1048576                                   {product} {ergonomic}
   size_t MinHeapSize                              = 8388608                                   {product} {ergonomic}
    uintx NonProfiledCodeHeapSize                  = 0                                      {pd product} {ergonomic}
     bool ProfileInterpreter                       = false                                  {pd product} {command line}
    uintx ProfiledCodeHeapSize                     = 0                                      {pd product} {ergonomic}
   size_t SoftMaxHeapSize                          = 908066816                              {manageable} {ergonomic}
     intx TieredStopAtLevel                        = 1                                         {product} {command line}
     bool UseCompressedClassPointers               = true                           {product lp64_product} {ergonomic}
     bool UseCompressedOops                        = true                           {product lp64_product} {ergonomic}
     bool UseG1GC                                  = true                                      {product} {ergonomic}
     bool UseLargePagesIndividualAllocation        = false                                  {pd product} {ergonomic}

Logging:
Log output configuration:
 #0: stdout all=warning uptime,level,tags
 #1: stderr all=off uptime,level,tags

Environment Variables:
PATH=C:\Program Files (x86)\Common Files\Oracle\Java\javapath;C:\windows\system32;C:\windows;C:\windows\System32\Wbem;C:\windows\System32\WindowsPowerShell\v1.0\;C:\windows\System32\OpenSSH\;C:\Program Files\nodejs\;C:\ProgramData\chocolatey\bin;C:\Users\gilbe\AppData\Local\Programs\Python\Python310\Scripts\;C:\Users\gilbe\AppData\Local\Programs\Python\Python310\;C:\Users\gilbe\AppData\Local\Microsoft\WindowsApps;C:\Users\gilbe\AppData\Local\Programs\Microsoft VS Code\bin;C:\Users\gilbe\AppData\Roaming\npm;C:\Program Files\Java\jdk1.8.0_311\bin;C:\Program Files\Java\jre1.8.0_341\bin;
USERNAME=gilbe
OS=Windows_NT
PROCESSOR_IDENTIFIER=AMD64 Family 23 Model 24 Stepping 1, AuthenticAMD



---------------  S Y S T E M  ---------------

OS:
 Windows 10 , 64 bit Build 19041 (10.0.19041.1806)
OS uptime: 24 days 5:23 hours

CPU: total 2 (initial active 2) (2 cores per cpu, 1 threads per core) family 23 model 24 stepping 1 microcode 0x0, cx8, cmov, fxsr, mmx, 3dnowpref, sse, sse2, sse3, ssse3, sse4a, sse4.1, sse4.2, popcnt, lzcnt, tsc, tscinvbit, avx, avx2, aes, clmul, bmi1, bmi2, adx, sha, fma, vzeroupper, clflush, clflushopt

Memory: 4k page, system-wide physical 3463M (51M free)
TotalPageFile size 14215M (AvailPageFile size 12M)
current process WorkingSet (physical memory assigned to process): 97M, peak: 109M
current process commit charge ("private bytes"): 154M, peak: 162M

vm_info: OpenJDK 64-Bit Server VM (17.0.3+7) for windows-amd64 JRE (17.0.3+7), built on Apr 19 2022 16:55:35 by "" with MS VC++ 16.7 (VS2019)

END.
