#
# There is insufficient memory for the Java Runtime Environment to continue.
# Native memory allocation (mmap) failed to map 59768832 bytes for G1 virtual space
# Possible reasons:
#   The system is out of physical RAM or swap space
#   The process is running with CompressedOops enabled, and the Java Heap may be blocking the growth of the native heap
# Possible solutions:
#   Reduce memory load on the system
#   Increase physical memory or swap space
#   Check if swap backing store is full
#   Decrease Java heap size (-Xmx/-Xms)
#   Decrease number of Java threads
#   Decrease Java thread stack sizes (-Xss)
#   Set larger code cache with -XX:ReservedCodeCacheSize=
#   JVM is running with Unscaled Compressed Oops mode in which the Java heap is
#     placed in the first 4GB address space. The Java Heap base address is the
#     maximum limit for the native heap growth. Please use -XX:HeapBaseMinAddress
#     to set the Java Heap base and to place the Java Heap above 4GB virtual address.
# This output file may be truncated or incomplete.
#
#  Out of Memory Error (os_windows.cpp:3535), pid=5632, tid=17756
#
# JRE version: OpenJDK Runtime Environment Temurin-17.0.3+7 (17.0.3+7) (build 17.0.3+7)
# Java VM: OpenJDK 64-Bit Server VM Temurin-17.0.3+7 (17.0.3+7, mixed mode, emulated-client, tiered, compressed oops, compressed class ptrs, g1 gc, windows-amd64)
# No core dump will be written. Minidumps are not enabled by default on client versions of Windows
#

---------------  S U M M A R Y ------------

Command Line: -Dsts.lsp.client=vscode -Dsts.log.file=/dev/null -XX:TieredStopAtLevel=1 -Dspring.config.location=file:c:\Users\gilbe\.vscode\extensions\pivotal.vscode-spring-boot-1.37.0\language-server\BOOT-INF\classes\application.properties org.springframework.ide.vscode.boot.app.BootLanguageServerBootApp

Host: AMD Athlon Silver 3050U with Radeon Graphics   , 2 cores, 3G,  Windows 10 , 64 bit Build 19041 (10.0.19041.1806)
Time: Tue Aug  9 19:55:30 2022 Central Daylight Time elapsed time: 9.684236 seconds (0d 0h 0m 9s)

---------------  T H R E A D  ---------------

Current thread (0x00000284a69eea30):  VMThread "VM Thread" [stack: 0x000000b3cd400000,0x000000b3cd500000] [id=17756]

Stack: [0x000000b3cd400000,0x000000b3cd500000]
Native frames: (J=compiled Java code, j=interpreted, Vv=VM code, C=native code)
V  [jvm.dll+0x675efa]
V  [jvm.dll+0x830a24]
V  [jvm.dll+0x8321ce]
V  [jvm.dll+0x832833]
V  [jvm.dll+0x2454b5]
V  [jvm.dll+0x672de9]
V  [jvm.dll+0x667732]
V  [jvm.dll+0x3043ab]
V  [jvm.dll+0x30b8f6]
V  [jvm.dll+0x35b62e]
V  [jvm.dll+0x35b85f]
V  [jvm.dll+0x2db248]
V  [jvm.dll+0x2d94fc]
V  [jvm.dll+0x2d8acc]
V  [jvm.dll+0x31ca2b]
V  [jvm.dll+0x836cdb]
V  [jvm.dll+0x837a14]
V  [jvm.dll+0x837f2c]
V  [jvm.dll+0x838304]
V  [jvm.dll+0x8383d0]
V  [jvm.dll+0x7e0cfa]
V  [jvm.dll+0x674d85]
C  [ucrtbase.dll+0x21bb2]
C  [KERNEL32.DLL+0x17034]
C  [ntdll.dll+0x52651]

VM_Operation (0x000000b3ce7fda70): G1CollectForAllocation, mode: safepoint, requested by thread 0x00000284a7b55820


---------------  P R O C E S S  ---------------

Threads class SMR info:
_java_thread_list=0x00000284a96670f0, length=28, elements={
0x00000284a6a11750, 0x00000284a6a125c0, 0x00000284a6a50010, 0x00000284a6a52ca0,
0x00000284a6a55670, 0x00000284a6a56020, 0x00000284a6a56a80, 0x00000284a6a57470,
0x00000284a7584480, 0x00000284a758e570, 0x00000284a7dcff80, 0x00000284a7c27040,
0x00000284a906c7b0, 0x00000284a74d2860, 0x000002849cf03b70, 0x00000284a7ba7280,
0x00000284a90cc3a0, 0x00000284a7b55820, 0x00000284a7b55cf0, 0x00000284a7b561c0,
0x00000284a94a74c0, 0x00000284a6ab1c90, 0x00000284a94c1450, 0x00000284a96c0d50,
0x00000284a96bfee0, 0x00000284a96c2a30, 0x00000284a96bf540, 0x00000284a96c1bc0
}

Java Threads: ( => current thread )
  0x00000284a6a11750 JavaThread "Reference Handler" daemon [_thread_blocked, id=900, stack(0x000000b3cd500000,0x000000b3cd600000)]
  0x00000284a6a125c0 JavaThread "Finalizer" daemon [_thread_blocked, id=19932, stack(0x000000b3cd600000,0x000000b3cd700000)]
  0x00000284a6a50010 JavaThread "Signal Dispatcher" daemon [_thread_blocked, id=13816, stack(0x000000b3cd700000,0x000000b3cd800000)]
  0x00000284a6a52ca0 JavaThread "Attach Listener" daemon [_thread_blocked, id=7964, stack(0x000000b3cd800000,0x000000b3cd900000)]
  0x00000284a6a55670 JavaThread "Service Thread" daemon [_thread_blocked, id=14424, stack(0x000000b3cd900000,0x000000b3cda00000)]
  0x00000284a6a56020 JavaThread "Monitor Deflation Thread" daemon [_thread_blocked, id=9696, stack(0x000000b3cda00000,0x000000b3cdb00000)]
  0x00000284a6a56a80 JavaThread "C1 CompilerThread0" daemon [_thread_blocked, id=15376, stack(0x000000b3cdb00000,0x000000b3cdc00000)]
  0x00000284a6a57470 JavaThread "Sweeper thread" daemon [_thread_blocked, id=20768, stack(0x000000b3cdc00000,0x000000b3cdd00000)]
  0x00000284a7584480 JavaThread "Notification Thread" daemon [_thread_blocked, id=21352, stack(0x000000b3cdd00000,0x000000b3cde00000)]
  0x00000284a758e570 JavaThread "Common-Cleaner" daemon [_thread_blocked, id=15416, stack(0x000000b3cdf00000,0x000000b3ce000000)]
  0x00000284a7dcff80 JavaThread "C1 CompilerThread1" daemon [_thread_blocked, id=5280, stack(0x000000b3ce100000,0x000000b3ce200000)]
  0x00000284a7c27040 JavaThread "Thread-1" [_thread_blocked, id=19468, stack(0x000000b3ce200000,0x000000b3ce300000)]
  0x00000284a906c7b0 JavaThread "pool-7-thread-1" [_thread_blocked, id=2672, stack(0x000000b3ce300000,0x000000b3ce400000)]
  0x00000284a74d2860 JavaThread "LanguageServerApp-lifecycle" [_thread_blocked, id=6764, stack(0x000000b3ce400000,0x000000b3ce500000)]
  0x000002849cf03b70 JavaThread "DestroyJavaVM" [_thread_blocked, id=5676, stack(0x000000b3cce00000,0x000000b3ccf00000)]
  0x00000284a7ba7280 JavaThread "pool-8-thread-1" [_thread_in_native, id=6212, stack(0x000000b3ce500000,0x000000b3ce600000)]
  0x00000284a90cc3a0 JavaThread "ClassGraph-worker-0" daemon [_thread_blocked, id=11076, stack(0x000000b3ce600000,0x000000b3ce700000)]
  0x00000284a7b55820 JavaThread "ClassGraph-worker-1" daemon [_thread_blocked, id=13060, stack(0x000000b3ce700000,0x000000b3ce800000)]
  0x00000284a7b55cf0 JavaThread "ClassGraph-worker-2" daemon [_thread_blocked, id=15048, stack(0x000000b3ce800000,0x000000b3ce900000)]
  0x00000284a7b561c0 JavaThread "ClassGraph-worker-3" daemon [_thread_blocked, id=21228, stack(0x000000b3ce900000,0x000000b3cea00000)]
  0x00000284a94a74c0 JavaThread "Simple-Language-Server main thread" daemon [_thread_blocked, id=16592, stack(0x000000b3cea00000,0x000000b3ceb00000)]
  0x00000284a6ab1c90 JavaThread "pool-5-thread-1" [_thread_blocked, id=1868, stack(0x000000b3ceb00000,0x000000b3cec00000)]
  0x00000284a94c1450 JavaThread "parallel-1" daemon [_thread_blocked, id=13996, stack(0x000000b3cec00000,0x000000b3ced00000)]
  0x00000284a96c0d50 JavaThread "parallel-2" daemon [_thread_blocked, id=10968, stack(0x000000b3ced00000,0x000000b3cee00000)]
  0x00000284a96bfee0 JavaThread "pool-2-thread-1" [_thread_blocked, id=5368, stack(0x000000b3cee00000,0x000000b3cef00000)]
  0x00000284a96c2a30 JavaThread "pool-2-thread-2" [_thread_blocked, id=6780, stack(0x000000b3cf000000,0x000000b3cf100000)]
  0x00000284a96bf540 JavaThread "Reconciler-1" daemon [_thread_blocked, id=2828, stack(0x000000b3cf100000,0x000000b3cf200000)]
  0x00000284a96c1bc0 JavaThread "pool-2-thread-3" [_thread_blocked, id=16488, stack(0x000000b3cf200000,0x000000b3cf300000)]

Other Threads:
=>0x00000284a69eea30 VMThread "VM Thread" [stack: 0x000000b3cd400000,0x000000b3cd500000] [id=17756]
  0x00000284a7584950 WatcherThread [stack: 0x000000b3cde00000,0x000000b3cdf00000] [id=19480]
  0x000002849cf3ab10 GCTaskThread "GC Thread#0" [stack: 0x000000b3ccf00000,0x000000b3cd000000] [id=9956]
  0x00000284a76ba090 GCTaskThread "GC Thread#1" [stack: 0x000000b3ce000000,0x000000b3ce100000] [id=8440]
  0x000002849cf436a0 ConcurrentGCThread "G1 Main Marker" [stack: 0x000000b3cd000000,0x000000b3cd100000] [id=10600]
  0x000002849cf454c0 ConcurrentGCThread "G1 Conc#0" [stack: 0x000000b3cd100000,0x000000b3cd200000] [id=21052]
  0x000002849cf7a520 ConcurrentGCThread "G1 Refine#0" [stack: 0x000000b3cd200000,0x000000b3cd300000] [id=16664]
  0x000002849cf7af40 ConcurrentGCThread "G1 Service" [stack: 0x000000b3cd300000,0x000000b3cd400000] [id=7580]

Threads with active compile tasks:

VM state: at safepoint (normal execution)

VM Mutex/Monitor currently owned by a thread:  ([mutex/lock_event])
[0x000002849acc5970] Threads_lock - owner thread: 0x00000284a69eea30
[0x000002849cf022c0] Heap_lock - owner thread: 0x00000284a7b55820

Heap address: 0x00000000c9e00000, size: 866 MB, Compressed Oops mode: 32-bit

CDS archive(s) not mapped
Compressed class space mapped at: 0x0000000100000000-0x0000000140000000, reserved size: 1073741824
Narrow klass base: 0x0000000000000000, Narrow klass shift: 3, Narrow klass range: 0x140000000

GC Precious Log:
 CPUs: 2 total, 2 available
 Memory: 3463M
 Large Page Support: Disabled
 NUMA Support: Disabled
 Compressed Oops: Enabled (32-bit)
 Heap Region Size: 1M
 Heap Min Capacity: 8M
 Heap Initial Capacity: 56M
 Heap Max Capacity: 866M
 Pre-touch: Disabled
 Parallel Workers: 2
 Concurrent Workers: 1
 Concurrent Refinement Workers: 2
 Periodic GC: Disabled

Heap:
 garbage-first heap   total 70656K, used 35474K [0x00000000c9e00000, 0x0000000100000000)
  region size 1024K, 2 young (2048K), 2 survivors (2048K)
 Metaspace       used 34951K, committed 35264K, reserved 1081344K
  class space    used 4551K, committed 4672K, reserved 1048576K

Heap Regions: E=young(eden), S=young(survivor), O=old, HS=humongous(starts), HC=humongous(continues), CS=collection set, F=free, OA=open archive, CA=closed archive, TAMS=top-at-mark-start (previous, next)
|   0|0x00000000c9e00000, 0x00000000c9f00000, 0x00000000c9f00000|100%| O|  |TAMS 0x00000000c9f00000, 0x00000000c9e00000| Untracked 
|   1|0x00000000c9f00000, 0x00000000ca000000, 0x00000000ca000000|100%| O|  |TAMS 0x00000000ca000000, 0x00000000c9f00000| Updating 
|   2|0x00000000ca000000, 0x00000000ca100000, 0x00000000ca100000|100%| O|  |TAMS 0x00000000ca100000, 0x00000000ca000000| Untracked 
|   3|0x00000000ca100000, 0x00000000ca200000, 0x00000000ca200000|100%| O|  |TAMS 0x00000000ca200000, 0x00000000ca100000| Updating 
|   4|0x00000000ca200000, 0x00000000ca300000, 0x00000000ca300000|100%| O|  |TAMS 0x00000000ca300000, 0x00000000ca200000| Untracked 
|   5|0x00000000ca300000, 0x00000000ca400000, 0x00000000ca400000|100%| O|  |TAMS 0x00000000ca400000, 0x00000000ca300000| Untracked 
|   6|0x00000000ca400000, 0x00000000ca500000, 0x00000000ca500000|100%| O|  |TAMS 0x00000000ca500000, 0x00000000ca400000| Untracked 
|   7|0x00000000ca500000, 0x00000000ca600000, 0x00000000ca600000|100%| O|  |TAMS 0x00000000ca600000, 0x00000000ca500000| Untracked 
|   8|0x00000000ca600000, 0x00000000ca700000, 0x00000000ca700000|100%| O|  |TAMS 0x00000000ca700000, 0x00000000ca600000| Untracked 
|   9|0x00000000ca700000, 0x00000000ca800000, 0x00000000ca800000|100%| O|  |TAMS 0x00000000ca800000, 0x00000000ca700000| Untracked 
|  10|0x00000000ca800000, 0x00000000ca8ac200, 0x00000000ca900000| 67%| O|  |TAMS 0x00000000ca8ac200, 0x00000000ca800000| Updating 
|  11|0x00000000ca900000, 0x00000000caa00000, 0x00000000caa00000|100%| O|  |TAMS 0x00000000caa00000, 0x00000000ca900000| Untracked 
|  12|0x00000000caa00000, 0x00000000cab00000, 0x00000000cab00000|100%| O|  |TAMS 0x00000000cab00000, 0x00000000caa00000| Updating 
|  13|0x00000000cab00000, 0x00000000cac00000, 0x00000000cac00000|100%| O|  |TAMS 0x00000000cac00000, 0x00000000cab00000| Untracked 
|  14|0x00000000cac00000, 0x00000000cad00000, 0x00000000cad00000|100%| O|  |TAMS 0x00000000cad00000, 0x00000000cac00000| Untracked 
|  15|0x00000000cad00000, 0x00000000cae00000, 0x00000000cae00000|100%| O|  |TAMS 0x00000000cae00000, 0x00000000cad00000| Untracked 
|  16|0x00000000cae00000, 0x00000000caf00000, 0x00000000caf00000|100%| O|  |TAMS 0x00000000caf00000, 0x00000000cae00000| Updating 
|  17|0x00000000caf00000, 0x00000000cb000000, 0x00000000cb000000|100%| O|  |TAMS 0x00000000cb000000, 0x00000000caf00000| Untracked 
|  18|0x00000000cb000000, 0x00000000cb100000, 0x00000000cb100000|100%| O|  |TAMS 0x00000000cb100000, 0x00000000cb000000| Untracked 
|  19|0x00000000cb100000, 0x00000000cb200000, 0x00000000cb200000|100%| O|  |TAMS 0x00000000cb200000, 0x00000000cb100000| Updating 
|  20|0x00000000cb200000, 0x00000000cb300000, 0x00000000cb300000|100%| O|  |TAMS 0x00000000cb300000, 0x00000000cb200000| Untracked 
|  21|0x00000000cb300000, 0x00000000cb400000, 0x00000000cb400000|100%| O|  |TAMS 0x00000000cb400000, 0x00000000cb300000| Untracked 
|  22|0x00000000cb400000, 0x00000000cb500000, 0x00000000cb500000|100%| O|  |TAMS 0x00000000cb500000, 0x00000000cb400000| Untracked 
|  23|0x00000000cb500000, 0x00000000cb600000, 0x00000000cb600000|100%| O|  |TAMS 0x00000000cb600000, 0x00000000cb500000| Updating 
|  24|0x00000000cb600000, 0x00000000cb700000, 0x00000000cb700000|100%| O|  |TAMS 0x00000000cb700000, 0x00000000cb600000| Untracked 
|  25|0x00000000cb700000, 0x00000000cb800000, 0x00000000cb800000|100%| O|  |TAMS 0x00000000cb800000, 0x00000000cb700000| Untracked 
|  26|0x00000000cb800000, 0x00000000cb900000, 0x00000000cb900000|100%| O|  |TAMS 0x00000000cb900000, 0x00000000cb800000| Updating 
|  27|0x00000000cb900000, 0x00000000cba00000, 0x00000000cba00000|100%| O|  |TAMS 0x00000000cba00000, 0x00000000cb900000| Untracked 
|  28|0x00000000cba00000, 0x00000000cbb00000, 0x00000000cbb00000|100%| O|  |TAMS 0x00000000cbaed000, 0x00000000cba00000| Updating 
|  29|0x00000000cbb00000, 0x00000000cbc00000, 0x00000000cbc00000|100%| O|  |TAMS 0x00000000cbb00000, 0x00000000cbb00000| Untracked 
|  30|0x00000000cbc00000, 0x00000000cbd00000, 0x00000000cbd00000|100%| O|  |TAMS 0x00000000cbc00000, 0x00000000cbc00000| Untracked 
|  31|0x00000000cbd00000, 0x00000000cbe00000, 0x00000000cbe00000|100%| O|  |TAMS 0x00000000cbd00000, 0x00000000cbd00000| Untracked 
|  32|0x00000000cbe00000, 0x00000000cbef8600, 0x00000000cbf00000| 97%| O|  |TAMS 0x00000000cbe00000, 0x00000000cbe00000| Untracked 
|  33|0x00000000cbf00000, 0x00000000cbf00000, 0x00000000cc000000|  0%| F|  |TAMS 0x00000000cbf00000, 0x00000000cbf00000| Untracked 
|  34|0x00000000cc000000, 0x00000000cc000000, 0x00000000cc100000|  0%| F|  |TAMS 0x00000000cc000000, 0x00000000cc000000| Untracked 
|  35|0x00000000cc100000, 0x00000000cc100000, 0x00000000cc200000|  0%| F|  |TAMS 0x00000000cc100000, 0x00000000cc100000| Untracked 
|  36|0x00000000cc200000, 0x00000000cc200000, 0x00000000cc300000|  0%| F|  |TAMS 0x00000000cc200000, 0x00000000cc200000| Untracked 
|  37|0x00000000cc300000, 0x00000000cc300000, 0x00000000cc400000|  0%| F|  |TAMS 0x00000000cc300000, 0x00000000cc300000| Untracked 
|  38|0x00000000cc400000, 0x00000000cc400000, 0x00000000cc500000|  0%| F|  |TAMS 0x00000000cc400000, 0x00000000cc400000| Untracked 
|  39|0x00000000cc500000, 0x00000000cc500000, 0x00000000cc600000|  0%| F|  |TAMS 0x00000000cc500000, 0x00000000cc500000| Untracked 
|  40|0x00000000cc600000, 0x00000000cc600000, 0x00000000cc700000|  0%| F|  |TAMS 0x00000000cc600000, 0x00000000cc600000| Untracked 
|  41|0x00000000cc700000, 0x00000000cc700000, 0x00000000cc800000|  0%| F|  |TAMS 0x00000000cc700000, 0x00000000cc700000| Untracked 
|  42|0x00000000cc800000, 0x00000000cc800000, 0x00000000cc900000|  0%| F|  |TAMS 0x00000000cc800000, 0x00000000cc800000| Untracked 
|  43|0x00000000cc900000, 0x00000000cc900000, 0x00000000cca00000|  0%| F|  |TAMS 0x00000000cc900000, 0x00000000cc900000| Untracked 
|  44|0x00000000cca00000, 0x00000000cca00000, 0x00000000ccb00000|  0%| F|  |TAMS 0x00000000cca00000, 0x00000000cca00000| Untracked 
|  45|0x00000000ccb00000, 0x00000000ccb00000, 0x00000000ccc00000|  0%| F|  |TAMS 0x00000000ccb00000, 0x00000000ccb00000| Untracked 
|  46|0x00000000ccc00000, 0x00000000ccc00000, 0x00000000ccd00000|  0%| F|  |TAMS 0x00000000ccc00000, 0x00000000ccc00000| Untracked 
|  47|0x00000000ccd00000, 0x00000000ccd00000, 0x00000000cce00000|  0%| F|  |TAMS 0x00000000ccd00000, 0x00000000ccd00000| Untracked 
|  48|0x00000000cce00000, 0x00000000cce00000, 0x00000000ccf00000|  0%| F|  |TAMS 0x00000000cce00000, 0x00000000cce00000| Untracked 
|  49|0x00000000ccf00000, 0x00000000ccf00000, 0x00000000cd000000|  0%| F|  |TAMS 0x00000000ccf00000, 0x00000000ccf00000| Untracked 
|  50|0x00000000cd000000, 0x00000000cd000000, 0x00000000cd100000|  0%| F|  |TAMS 0x00000000cd000000, 0x00000000cd000000| Untracked 
|  51|0x00000000cd100000, 0x00000000cd100000, 0x00000000cd200000|  0%| F|  |TAMS 0x00000000cd100000, 0x00000000cd100000| Untracked 
|  52|0x00000000cd200000, 0x00000000cd200000, 0x00000000cd300000|  0%| F|  |TAMS 0x00000000cd200000, 0x00000000cd200000| Untracked 
|  53|0x00000000cd300000, 0x00000000cd300000, 0x00000000cd400000|  0%| F|  |TAMS 0x00000000cd300000, 0x00000000cd300000| Untracked 
|  54|0x00000000cd400000, 0x00000000cd400000, 0x00000000cd500000|  0%| F|  |TAMS 0x00000000cd400000, 0x00000000cd400000| Untracked 
|  55|0x00000000cd500000, 0x00000000cd500000, 0x00000000cd600000|  0%| F|  |TAMS 0x00000000cd500000, 0x00000000cd500000| Untracked 
|  56|0x00000000cd600000, 0x00000000cd600000, 0x00000000cd700000|  0%| F|  |TAMS 0x00000000cd600000, 0x00000000cd600000| Untracked 
|  57|0x00000000cd700000, 0x00000000cd700000, 0x00000000cd800000|  0%| F|  |TAMS 0x00000000cd700000, 0x00000000cd700000| Untracked 
|  58|0x00000000cd800000, 0x00000000cd800000, 0x00000000cd900000|  0%| F|  |TAMS 0x00000000cd800000, 0x00000000cd800000| Untracked 
|  59|0x00000000cd900000, 0x00000000cd900000, 0x00000000cda00000|  0%| F|  |TAMS 0x00000000cd900000, 0x00000000cd900000| Untracked 
|  60|0x00000000cda00000, 0x00000000cda00000, 0x00000000cdb00000|  0%| F|  |TAMS 0x00000000cda00000, 0x00000000cda00000| Untracked 
|  61|0x00000000cdb00000, 0x00000000cdb00000, 0x00000000cdc00000|  0%| F|  |TAMS 0x00000000cdb00000, 0x00000000cdb00000| Untracked 
|  62|0x00000000cdc00000, 0x00000000cdc00000, 0x00000000cdd00000|  0%| F|  |TAMS 0x00000000cdc00000, 0x00000000cdc00000| Untracked 
|  63|0x00000000cdd00000, 0x00000000cdd00000, 0x00000000cde00000|  0%| F|  |TAMS 0x00000000cdd00000, 0x00000000cdd00000| Untracked 
|  64|0x00000000cde00000, 0x00000000cde00000, 0x00000000cdf00000|  0%| F|  |TAMS 0x00000000cde00000, 0x00000000cde00000| Untracked 
|  65|0x00000000cdf00000, 0x00000000cdf00000, 0x00000000ce000000|  0%| F|  |TAMS 0x00000000cdf00000, 0x00000000cdf00000| Untracked 
|  66|0x00000000ce000000, 0x00000000ce100000, 0x00000000ce100000|100%| S|CS|TAMS 0x00000000ce000000, 0x00000000ce000000| Complete 
|  67|0x00000000ce100000, 0x00000000ce200000, 0x00000000ce200000|100%| S|CS|TAMS 0x00000000ce100000, 0x00000000ce100000| Complete 
|  68|0x00000000ce200000, 0x00000000ce200000, 0x00000000ce300000|  0%| F|  |TAMS 0x00000000ce200000, 0x00000000ce200000| Untracked 

Card table byte_map: [0x000002849cad0000,0x000002849cc90000] _byte_map_base: 0x000002849c481000

Marking Bits (Prev, Next): (CMBitMap*) 0x000002849cf3c170, (CMBitMap*) 0x000002849cf3c130
 Prev Bits: [0x00000284a3920000, 0x00000284a46a8000)
 Next Bits: [0x00000284a2b90000, 0x00000284a3918000)

Polling page: 0x000002849ac30000

Metaspace:

Usage:
  Non-class:     29.69 MB used.
      Class:      4.44 MB used.
       Both:     34.13 MB used.

Virtual space:
  Non-class space:       32.00 MB reserved,      29.88 MB ( 93%) committed,  4 nodes.
      Class space:        1.00 GB reserved,       4.56 MB ( <1%) committed,  1 nodes.
             Both:        1.03 GB reserved,      34.44 MB (  3%) committed. 

Chunk freelists:
   Non-Class:  1.74 MB
       Class:  3.44 MB
        Both:  5.19 MB

MaxMetaspaceSize: unlimited
CompressedClassSpaceSize: 1.00 GB
Initial GC threshold: 21.00 MB
Current GC threshold: 57.44 MB
CDS: off
MetaspaceReclaimPolicy: balanced
 - commit_granule_bytes: 65536.
 - commit_granule_words: 8192.
 - virtual_space_node_default_size: 1048576.
 - enlarge_chunks_in_place: 1.
 - new_chunks_are_fully_committed: 0.
 - uncommit_free_chunks: 1.
 - use_allocation_guard: 0.
 - handle_deallocations: 1.


Internal statistics:

num_allocs_failed_limit: 3.
num_arena_births: 298.
num_arena_deaths: 0.
num_vsnodes_births: 5.
num_vsnodes_deaths: 0.
num_space_committed: 551.
num_space_uncommitted: 0.
num_chunks_returned_to_freelist: 3.
num_chunks_taken_from_freelist: 1289.
num_chunk_merges: 3.
num_chunk_splits: 887.
num_chunks_enlarged: 692.
num_purges: 0.
num_inconsistent_stats: 0.

CodeCache: size=49152Kb used=7413Kb max_used=7413Kb free=41738Kb
 bounds [0x000002849fb90000, 0x00000284a02d0000, 0x00000284a2b90000]
 total_blobs=4037 nmethods=3516 adapters=447
 compilation: enabled
              stopped_count=0, restarted_count=0
 full_count=0

Compilation events (20 events):
Event: 9.456 Thread 0x00000284a6a56a80 3510       1       java.nio.ByteBufferAsIntBufferL::<init> (50 bytes)
Event: 9.457 Thread 0x00000284a6a56a80 nmethod 3510 0x00000284a02c6010 code [0x00000284a02c61a0, 0x00000284a02c6348]
Event: 9.461 Thread 0x00000284a7dcff80 3511       1       jdk.internal.jimage.ImageReader$Directory::getChildren (8 bytes)
Event: 9.461 Thread 0x00000284a7dcff80 nmethod 3511 0x00000284a02c6410 code [0x00000284a02c65a0, 0x00000284a02c6688]
Event: 9.593 Thread 0x00000284a7dcff80 3512       1       java.util.ComparableTimSort::pushRun (31 bytes)
Event: 9.593 Thread 0x00000284a7dcff80 nmethod 3512 0x00000284a02c6710 code [0x00000284a02c68a0, 0x00000284a02c69b8]
Event: 9.593 Thread 0x00000284a6a56a80 3513       1       java.util.ComparableTimSort::mergeCollapse (134 bytes)
Event: 9.593 Thread 0x00000284a7dcff80 3514       1       java.util.ComparableTimSort::mergeLo (656 bytes)
Event: 9.594 Thread 0x00000284a6a56a80 nmethod 3513 0x00000284a02c6b10 code [0x00000284a02c6cc0, 0x00000284a02c6fa8]
Event: 9.594 Thread 0x00000284a6a56a80 3515       1       java.util.ComparableTimSort::mergeAt (356 bytes)
Event: 9.594 Thread 0x00000284a6a56a80 nmethod 3515 0x00000284a02c7190 code [0x00000284a02c73a0, 0x00000284a02c7838]
Event: 9.594 Thread 0x00000284a6a56a80 3516       1       java.util.ComparableTimSort::ensureCapacity (64 bytes)
Event: 9.595 Thread 0x00000284a7dcff80 nmethod 3514 0x00000284a02c7b10 code [0x00000284a02c7e00, 0x00000284a02c9578]
Event: 9.595 Thread 0x00000284a6a56a80 nmethod 3516 0x00000284a02c9c90 code [0x00000284a02c9e40, 0x00000284a02ca068]
Event: 9.629 Thread 0x00000284a6a56a80 3517       1       nonapi.io.github.classgraph.scanspec.ScanSpec::dirAcceptMatchStatus (156 bytes)
Event: 9.629 Thread 0x00000284a6a56a80 nmethod 3517 0x00000284a02ca190 code [0x00000284a02ca3e0, 0x00000284a02caa68]
Event: 9.630 Thread 0x00000284a7dcff80 3518       1       nonapi.io.github.classgraph.scanspec.AcceptReject$AcceptRejectPrefix::isRejected (51 bytes)
Event: 9.630 Thread 0x00000284a7dcff80 nmethod 3518 0x00000284a02cad10 code [0x00000284a02caee0, 0x00000284a02cb0f8]
Event: 9.641 Thread 0x00000284a6a56a80 3519       1       java.util.ComparableTimSort::mergeHi (729 bytes)
Event: 9.643 Thread 0x00000284a6a56a80 nmethod 3519 0x00000284a02cb290 code [0x00000284a02cb580, 0x00000284a02ccdd8]

GC Heap History (20 events):
Event: 4.051 GC heap after
{Heap after GC invocations=6 (full 0):
 garbage-first heap   total 57344K, used 11782K [0x00000000c9e00000, 0x0000000100000000)
  region size 1024K, 1 young (1024K), 1 survivors (1024K)
 Metaspace       used 21363K, committed 21504K, reserved 1073152K
  class space    used 2596K, committed 2688K, reserved 1048576K
}
Event: 5.297 GC heap before
{Heap before GC invocations=7 (full 0):
 garbage-first heap   total 45056K, used 35334K [0x00000000c9e00000, 0x0000000100000000)
  region size 1024K, 25 young (25600K), 1 survivors (1024K)
 Metaspace       used 25226K, committed 25408K, reserved 1073152K
  class space    used 3101K, committed 3200K, reserved 1048576K
}
Event: 5.316 GC heap after
{Heap after GC invocations=8 (full 0):
 garbage-first heap   total 45056K, used 13089K [0x00000000c9e00000, 0x0000000100000000)
  region size 1024K, 3 young (3072K), 3 survivors (3072K)
 Metaspace       used 25226K, committed 25408K, reserved 1073152K
  class space    used 3101K, committed 3200K, reserved 1048576K
}
Event: 6.065 GC heap before
{Heap before GC invocations=8 (full 0):
 garbage-first heap   total 45056K, used 28449K [0x00000000c9e00000, 0x0000000100000000)
  region size 1024K, 19 young (19456K), 3 survivors (3072K)
 Metaspace       used 27585K, committed 27840K, reserved 1081344K
  class space    used 3453K, committed 3584K, reserved 1048576K
}
Event: 6.073 GC heap after
{Heap after GC invocations=9 (full 0):
 garbage-first heap   total 45056K, used 15085K [0x00000000c9e00000, 0x0000000100000000)
  region size 1024K, 2 young (2048K), 2 survivors (2048K)
 Metaspace       used 27585K, committed 27840K, reserved 1081344K
  class space    used 3453K, committed 3584K, reserved 1048576K
}
Event: 7.032 GC heap before
{Heap before GC invocations=9 (full 0):
 garbage-first heap   total 45056K, used 30445K [0x00000000c9e00000, 0x0000000100000000)
  region size 1024K, 17 young (17408K), 2 survivors (2048K)
 Metaspace       used 31287K, committed 31552K, reserved 1081344K
  class space    used 3948K, committed 4096K, reserved 1048576K
}
Event: 7.039 GC heap after
{Heap after GC invocations=10 (full 0):
 garbage-first heap   total 54272K, used 16402K [0x00000000c9e00000, 0x0000000100000000)
  region size 1024K, 2 young (2048K), 2 survivors (2048K)
 Metaspace       used 31287K, committed 31552K, reserved 1081344K
  class space    used 3948K, committed 4096K, reserved 1048576K
}
Event: 7.833 GC heap before
{Heap before GC invocations=10 (full 0):
 garbage-first heap   total 54272K, used 37906K [0x00000000c9e00000, 0x0000000100000000)
  region size 1024K, 24 young (24576K), 2 survivors (2048K)
 Metaspace       used 33460K, committed 33728K, reserved 1081344K
  class space    used 4259K, committed 4352K, reserved 1048576K
}
Event: 7.844 GC heap after
{Heap after GC invocations=11 (full 0):
 garbage-first heap   total 54272K, used 19849K [0x00000000c9e00000, 0x0000000100000000)
  region size 1024K, 3 young (3072K), 3 survivors (3072K)
 Metaspace       used 33460K, committed 33728K, reserved 1081344K
  class space    used 4259K, committed 4352K, reserved 1048576K
}
Event: 8.770 GC heap before
{Heap before GC invocations=11 (full 0):
 garbage-first heap   total 54272K, used 39305K [0x00000000c9e00000, 0x0000000100000000)
  region size 1024K, 22 young (22528K), 3 survivors (3072K)
 Metaspace       used 34498K, committed 34752K, reserved 1081344K
  class space    used 4468K, committed 4608K, reserved 1048576K
}
Event: 8.779 GC heap after
{Heap after GC invocations=12 (full 0):
 garbage-first heap   total 54272K, used 23122K [0x00000000c9e00000, 0x0000000100000000)
  region size 1024K, 3 young (3072K), 3 survivors (3072K)
 Metaspace       used 34498K, committed 34752K, reserved 1081344K
  class space    used 4468K, committed 4608K, reserved 1048576K
}
Event: 9.208 GC heap before
{Heap before GC invocations=12 (full 0):
 garbage-first heap   total 54272K, used 39506K [0x00000000c9e00000, 0x0000000100000000)
  region size 1024K, 19 young (19456K), 3 survivors (3072K)
 Metaspace       used 34834K, committed 35136K, reserved 1081344K
  class space    used 4533K, committed 4672K, reserved 1048576K
}
Event: 9.222 GC heap after
{Heap after GC invocations=13 (full 0):
 garbage-first heap   total 54272K, used 26555K [0x00000000c9e00000, 0x0000000100000000)
  region size 1024K, 3 young (3072K), 3 survivors (3072K)
 Metaspace       used 34834K, committed 35136K, reserved 1081344K
  class space    used 4533K, committed 4672K, reserved 1048576K
}
Event: 9.465 GC heap before
{Heap before GC invocations=13 (full 0):
 garbage-first heap   total 54272K, used 39867K [0x00000000c9e00000, 0x0000000100000000)
  region size 1024K, 16 young (16384K), 3 survivors (3072K)
 Metaspace       used 34951K, committed 35264K, reserved 1081344K
  class space    used 4551K, committed 4672K, reserved 1048576K
}
Event: 9.474 GC heap after
{Heap after GC invocations=14 (full 0):
 garbage-first heap   total 54272K, used 28943K [0x00000000c9e00000, 0x0000000100000000)
  region size 1024K, 2 young (2048K), 2 survivors (2048K)
 Metaspace       used 34951K, committed 35264K, reserved 1081344K
  class space    used 4551K, committed 4672K, reserved 1048576K
}
Event: 9.559 GC heap before
{Heap before GC invocations=15 (full 0):
 garbage-first heap   total 54272K, used 41231K [0x00000000c9e00000, 0x0000000100000000)
  region size 1024K, 14 young (14336K), 2 survivors (2048K)
 Metaspace       used 34951K, committed 35264K, reserved 1081344K
  class space    used 4551K, committed 4672K, reserved 1048576K
}
Event: 9.566 GC heap after
{Heap after GC invocations=16 (full 0):
 garbage-first heap   total 54272K, used 31332K [0x00000000c9e00000, 0x0000000100000000)
  region size 1024K, 2 young (2048K), 2 survivors (2048K)
 Metaspace       used 34951K, committed 35264K, reserved 1081344K
  class space    used 4551K, committed 4672K, reserved 1048576K
}
Event: 9.621 GC heap before
{Heap before GC invocations=16 (full 0):
 garbage-first heap   total 54272K, used 41572K [0x00000000c9e00000, 0x0000000100000000)
  region size 1024K, 12 young (12288K), 2 survivors (2048K)
 Metaspace       used 34951K, committed 35264K, reserved 1081344K
  class space    used 4551K, committed 4672K, reserved 1048576K
}
Event: 9.626 GC heap after
{Heap after GC invocations=17 (full 0):
 garbage-first heap   total 54272K, used 33351K [0x00000000c9e00000, 0x0000000100000000)
  region size 1024K, 2 young (2048K), 2 survivors (2048K)
 Metaspace       used 34951K, committed 35264K, reserved 1081344K
  class space    used 4551K, committed 4672K, reserved 1048576K
}
Event: 9.674 GC heap before
{Heap before GC invocations=17 (full 0):
 garbage-first heap   total 70656K, used 42567K [0x00000000c9e00000, 0x0000000100000000)
  region size 1024K, 11 young (11264K), 2 survivors (2048K)
 Metaspace       used 34951K, committed 35264K, reserved 1081344K
  class space    used 4551K, committed 4672K, reserved 1048576K
}

Deoptimization events (18 events):
Event: 1.887 Thread 0x000002849cf03b70 DEOPT PACKING pc=0x000002849fe889f5 sp=0x000000b3ccefd770
Event: 1.887 Thread 0x000002849cf03b70 DEOPT UNPACKING pc=0x000002849fbe2b43 sp=0x000000b3ccefcbe0 mode 3
Event: 3.870 Thread 0x000002849cf03b70 DEOPT PACKING pc=0x000002849ff9b519 sp=0x000000b3ccefd290
Event: 3.870 Thread 0x000002849cf03b70 DEOPT UNPACKING pc=0x000002849fbe2b43 sp=0x000000b3ccefc770 mode 3
Event: 5.013 Thread 0x000002849cf03b70 DEOPT PACKING pc=0x00000284a007bcf5 sp=0x000000b3ccefcb50
Event: 5.013 Thread 0x000002849cf03b70 DEOPT UNPACKING pc=0x000002849fbe2b43 sp=0x000000b3ccefbfc0 mode 3
Event: 5.860 Thread 0x000002849cf03b70 DEOPT PACKING pc=0x00000284a00e5bb4 sp=0x000000b3ccef7520
Event: 5.860 Thread 0x000002849cf03b70 DEOPT UNPACKING pc=0x000002849fbe2b43 sp=0x000000b3ccef69a0 mode 3
Event: 6.974 Thread 0x000002849cf03b70 DEOPT PACKING pc=0x00000284a0123a99 sp=0x000000b3ccefc4e0
Event: 6.974 Thread 0x000002849cf03b70 DEOPT UNPACKING pc=0x000002849fbe2b43 sp=0x000000b3ccefb9c0 mode 3
Event: 7.155 Thread 0x00000284a7c27040 DEOPT PACKING pc=0x00000284a0172cab sp=0x000000b3ce2fe720
Event: 7.155 Thread 0x00000284a7c27040 DEOPT UNPACKING pc=0x000002849fbe2b43 sp=0x000000b3ce2fdc68 mode 3
Event: 8.131 Thread 0x00000284a94a74c0 DEOPT PACKING pc=0x00000284a0256c35 sp=0x000000b3ceafddd0
Event: 8.131 Thread 0x00000284a94a74c0 DEOPT UNPACKING pc=0x000002849fbe2b43 sp=0x000000b3ceafd2f8 mode 3
Event: 8.861 Thread 0x00000284a7ba7280 DEOPT PACKING pc=0x000002849ff9e101 sp=0x000000b3ce5fe080
Event: 8.861 Thread 0x00000284a7ba7280 DEOPT UNPACKING pc=0x000002849fbe2b43 sp=0x000000b3ce5fd510 mode 3
Event: 8.866 Thread 0x00000284a6ab1c90 DEOPT PACKING pc=0x000002849ff97717 sp=0x000000b3cebfef10
Event: 8.866 Thread 0x00000284a6ab1c90 DEOPT UNPACKING pc=0x000002849fbe2b43 sp=0x000000b3cebfe368 mode 3

Classes unloaded (0 events):
No events

Classes redefined (0 events):
No events

Internal exceptions (20 events):
Event: 7.696 Thread 0x00000284a90cc3a0 Exception <a 'sun/nio/fs/WindowsException'{0x00000000cc7f55f0}> (0x00000000cc7f55f0) 
thrown [e:\jenkins\tmp\workspace\build\src\src\hotspot\share\prims\jni.cpp, line 516]
Event: 7.696 Thread 0x00000284a90cc3a0 Exception <a 'sun/nio/fs/WindowsException'{0x00000000cc7f5fe0}> (0x00000000cc7f5fe0) 
thrown [e:\jenkins\tmp\workspace\build\src\src\hotspot\share\prims\jni.cpp, line 516]
Event: 7.697 Thread 0x00000284a90cc3a0 Exception <a 'sun/nio/fs/WindowsException'{0x00000000cc7f6388}> (0x00000000cc7f6388) 
thrown [e:\jenkins\tmp\workspace\build\src\src\hotspot\share\prims\jni.cpp, line 516]
Event: 7.697 Thread 0x00000284a90cc3a0 Exception <a 'sun/nio/fs/WindowsException'{0x00000000cc7f6d88}> (0x00000000cc7f6d88) 
thrown [e:\jenkins\tmp\workspace\build\src\src\hotspot\share\prims\jni.cpp, line 516]
Event: 7.697 Thread 0x00000284a90cc3a0 Exception <a 'sun/nio/fs/WindowsException'{0x00000000cc7f7148}> (0x00000000cc7f7148) 
thrown [e:\jenkins\tmp\workspace\build\src\src\hotspot\share\prims\jni.cpp, line 516]
Event: 7.697 Thread 0x00000284a90cc3a0 Exception <a 'sun/nio/fs/WindowsException'{0x00000000cc7f7b48}> (0x00000000cc7f7b48) 
thrown [e:\jenkins\tmp\workspace\build\src\src\hotspot\share\prims\jni.cpp, line 516]
Event: 7.697 Thread 0x00000284a90cc3a0 Exception <a 'sun/nio/fs/WindowsException'{0x00000000cc7f7ef8}> (0x00000000cc7f7ef8) 
thrown [e:\jenkins\tmp\workspace\build\src\src\hotspot\share\prims\jni.cpp, line 516]
Event: 7.697 Thread 0x00000284a90cc3a0 Exception <a 'sun/nio/fs/WindowsException'{0x00000000cc7f88f8}> (0x00000000cc7f88f8) 
thrown [e:\jenkins\tmp\workspace\build\src\src\hotspot\share\prims\jni.cpp, line 516]
Event: 7.697 Thread 0x00000284a90cc3a0 Exception <a 'sun/nio/fs/WindowsException'{0x00000000cc7f8cb8}> (0x00000000cc7f8cb8) 
thrown [e:\jenkins\tmp\workspace\build\src\src\hotspot\share\prims\jni.cpp, line 516]
Event: 7.697 Thread 0x00000284a90cc3a0 Exception <a 'sun/nio/fs/WindowsException'{0x00000000cc7f96e0}> (0x00000000cc7f96e0) 
thrown [e:\jenkins\tmp\workspace\build\src\src\hotspot\share\prims\jni.cpp, line 516]
Event: 7.697 Thread 0x00000284a90cc3a0 Exception <a 'sun/nio/fs/WindowsException'{0x00000000cc7f9ac0}> (0x00000000cc7f9ac0) 
thrown [e:\jenkins\tmp\workspace\build\src\src\hotspot\share\prims\jni.cpp, line 516]
Event: 7.697 Thread 0x00000284a90cc3a0 Exception <a 'sun/nio/fs/WindowsException'{0x00000000cc7fa4f8}> (0x00000000cc7fa4f8) 
thrown [e:\jenkins\tmp\workspace\build\src\src\hotspot\share\prims\jni.cpp, line 516]
Event: 7.697 Thread 0x00000284a90cc3a0 Exception <a 'sun/nio/fs/WindowsException'{0x00000000cc7fa8e8}> (0x00000000cc7fa8e8) 
thrown [e:\jenkins\tmp\workspace\build\src\src\hotspot\share\prims\jni.cpp, line 516]
Event: 7.697 Thread 0x00000284a90cc3a0 Exception <a 'sun/nio/fs/WindowsException'{0x00000000cc7fb310}> (0x00000000cc7fb310) 
thrown [e:\jenkins\tmp\workspace\build\src\src\hotspot\share\prims\jni.cpp, line 516]
Event: 7.698 Thread 0x00000284a90cc3a0 Exception <a 'sun/nio/fs/WindowsException'{0x00000000cc7fb700}> (0x00000000cc7fb700) 
thrown [e:\jenkins\tmp\workspace\build\src\src\hotspot\share\prims\jni.cpp, line 516]
Event: 8.113 Thread 0x00000284a7ba7280 Exception <a 'java/lang/NoSuchMethodError'{0x00000000cc902d78}: 'java.lang.Object java.lang.invoke.DirectMethodHandle$Holder.invokeStatic(java.lang.Object, java.lang.Object, java.lang.Object, int, java.lang.Object, java.lang.Object)'> (0x00000000cc902d78) 
thrown [e:\jenkins\tmp\workspace\build\src\src\hotspot\share\interpreter\linkResolver.cpp, line 766]
Event: 8.126 Thread 0x00000284a94a74c0 Exception <a 'java/lang/NoSuchMethodError'{0x00000000cc931b20}: 'java.lang.Object java.lang.invoke.DirectMethodHandle$Holder.invokeStatic(java.lang.Object, int, java.lang.Object)'> (0x00000000cc931b20) 
thrown [e:\jenkins\tmp\workspace\build\src\src\hotspot\share\interpreter\linkResolver.cpp, line 766]
Event: 8.799 Thread 0x00000284a94a74c0 Exception <a 'java/lang/NoSuchMethodError'{0x00000000cd1b5f98}: 'int java.lang.invoke.DirectMethodHandle$Holder.invokeStatic(java.lang.Object)'> (0x00000000cd1b5f98) 
thrown [e:\jenkins\tmp\workspace\build\src\src\hotspot\share\interpreter\linkResolver.cpp, line 766]
Event: 8.800 Thread 0x00000284a94a74c0 Exception <a 'java/lang/NoSuchMethodError'{0x00000000cd1bb710}: 'int java.lang.invoke.DirectMethodHandle$Holder.invokeStaticInit(java.lang.Object)'> (0x00000000cd1bb710) 
thrown [e:\jenkins\tmp\workspace\build\src\src\hotspot\share\interpreter\linkResolver.cpp, line 766]
Event: 8.931 Thread 0x00000284a7ba7280 Exception <a 'java/lang/NoSuchMethodError'{0x00000000cce0e1a0}: 'int java.lang.invoke.DirectMethodHandle$Holder.invokeVirtual(java.lang.Object, java.lang.Object)'> (0x00000000cce0e1a0) 
thrown [e:\jenkins\tmp\workspace\build\src\src\hotspot\share\interpreter\linkResolver.cpp, line 766]

VM Operations (20 events):
Event: 9.193 Executing VM operation: ICBufferFull done
Event: 9.198 Executing VM operation: ICBufferFull
Event: 9.198 Executing VM operation: ICBufferFull done
Event: 9.208 Executing VM operation: G1CollectForAllocation
Event: 9.222 Executing VM operation: G1CollectForAllocation done
Event: 9.246 Executing VM operation: HandshakeAllThreads
Event: 9.247 Executing VM operation: HandshakeAllThreads done
Event: 9.465 Executing VM operation: G1CollectForAllocation
Event: 9.474 Executing VM operation: G1CollectForAllocation done
Event: 9.506 Executing VM operation: G1Concurrent
Event: 9.509 Executing VM operation: G1Concurrent done
Event: 9.525 Executing VM operation: G1Concurrent
Event: 9.525 Executing VM operation: G1Concurrent done
Event: 9.559 Executing VM operation: G1CollectForAllocation
Event: 9.566 Executing VM operation: G1CollectForAllocation done
Event: 9.607 Executing VM operation: G1CollectForAllocation
Event: 9.627 Executing VM operation: G1CollectForAllocation done
Event: 9.661 Executing VM operation: G1Concurrent
Event: 9.664 Executing VM operation: G1Concurrent done
Event: 9.674 Executing VM operation: G1CollectForAllocation

Events (20 events):
Event: 9.244 loading class java/util/DoubleSummaryStatistics
Event: 9.244 loading class java/util/function/DoubleConsumer
Event: 9.244 loading class java/util/function/DoubleConsumer done
Event: 9.244 loading class java/util/DoubleSummaryStatistics done
Event: 9.245 loading class jdk/internal/module/SystemModuleFinders$ModuleContentSpliterator
Event: 9.245 loading class jdk/internal/module/SystemModuleFinders$ModuleContentSpliterator done
Event: 9.245 loading class jdk/internal/jimage/ImageReader$Directory
Event: 9.245 loading class jdk/internal/jimage/ImageReader$Node
Event: 9.245 loading class jdk/internal/jimage/ImageReader$Node done
Event: 9.245 loading class jdk/internal/jimage/ImageReader$Directory done
Event: 9.246 loading class jdk/internal/jimage/ImageReader$SharedImageReader$LocationVisitor
Event: 9.246 loading class jdk/internal/jimage/ImageReader$SharedImageReader$LocationVisitor done
Event: 9.246 loading class java/nio/ByteBufferAsIntBufferL
Event: 9.246 loading class java/nio/ByteBufferAsIntBufferL done
Event: 9.247 loading class jdk/internal/jimage/ImageReader$Resource
Event: 9.247 loading class jdk/internal/jimage/ImageReader$Resource done
Event: 9.247 loading class java/util/stream/LongStream
Event: 9.247 loading class java/util/stream/LongStream done
Event: 9.247 loading class java/util/stream/DoubleStream
Event: 9.248 loading class java/util/stream/DoubleStream done


Dynamic libraries:
0x00007ff6155c0000 - 0x00007ff6155ce000 	c:\Users\gilbe\.vscode\extensions\redhat.java-1.9.0-win32-x64\jre\17.0.3-win32-x86_64\bin\java.exe
0x00007ff8b7ed0000 - 0x00007ff8b80c8000 	C:\windows\SYSTEM32\ntdll.dll
0x00007ff8b7510000 - 0x00007ff8b75cd000 	C:\windows\System32\KERNEL32.DLL
0x00007ff8b5940000 - 0x00007ff8b5c0e000 	C:\windows\System32\KERNELBASE.dll
0x00007ff8aea20000 - 0x00007ff8aea38000 	c:\Users\gilbe\.vscode\extensions\redhat.java-1.9.0-win32-x64\jre\17.0.3-win32-x86_64\bin\jli.dll
0x00007ff8b5de0000 - 0x00007ff8b5ee0000 	C:\windows\System32\ucrtbase.dll
0x00007ff8b5f40000 - 0x00007ff8b60e0000 	C:\windows\System32\USER32.dll
0x00007ff8b5910000 - 0x00007ff8b5932000 	C:\windows\System32\win32u.dll
0x00007ff8b7df0000 - 0x00007ff8b7e1a000 	C:\windows\System32\GDI32.dll
0x00007ff8b5cd0000 - 0x00007ff8b5ddb000 	C:\windows\System32\gdi32full.dll
0x00007ff8ad430000 - 0x00007ff8ad449000 	c:\Users\gilbe\.vscode\extensions\redhat.java-1.9.0-win32-x64\jre\17.0.3-win32-x86_64\bin\VCRUNTIME140.dll
0x00007ff8b57c0000 - 0x00007ff8b585d000 	C:\windows\System32\msvcp_win.dll
0x00007ff89edf0000 - 0x00007ff89f08a000 	C:\windows\WinSxS\amd64_microsoft.windows.common-controls_6595b64144ccf1df_6.0.19041.1110_none_60b5254171f9507e\COMCTL32.dll
0x00007ff8b7ab0000 - 0x00007ff8b7b4e000 	C:\windows\System32\msvcrt.dll
0x00007ff8b7720000 - 0x00007ff8b7750000 	C:\windows\System32\IMM32.DLL
0x00007ff8ad620000 - 0x00007ff8ad62c000 	c:\Users\gilbe\.vscode\extensions\redhat.java-1.9.0-win32-x64\jre\17.0.3-win32-x86_64\bin\vcruntime140_1.dll
0x00007ff887b10000 - 0x00007ff887ba1000 	c:\Users\gilbe\.vscode\extensions\redhat.java-1.9.0-win32-x64\jre\17.0.3-win32-x86_64\bin\msvcp140.dll
0x00007ff875b60000 - 0x00007ff8767a8000 	c:\Users\gilbe\.vscode\extensions\redhat.java-1.9.0-win32-x64\jre\17.0.3-win32-x86_64\bin\server\jvm.dll
0x00007ff8b63f0000 - 0x00007ff8b649e000 	C:\windows\System32\ADVAPI32.dll
0x00007ff8b7470000 - 0x00007ff8b750c000 	C:\windows\System32\sechost.dll
0x00007ff8b7210000 - 0x00007ff8b7335000 	C:\windows\System32\RPCRT4.dll
0x00007ff8b5f30000 - 0x00007ff8b5f38000 	C:\windows\System32\PSAPI.DLL
0x00007ff8ad5e0000 - 0x00007ff8ad5e9000 	C:\windows\SYSTEM32\WSOCK32.dll
0x00007ff8b7140000 - 0x00007ff8b71ab000 	C:\windows\System32\WS2_32.dll
0x00007ff8ac360000 - 0x00007ff8ac387000 	C:\windows\SYSTEM32\WINMM.dll
0x00007ff8ac390000 - 0x00007ff8ac39a000 	C:\windows\SYSTEM32\VERSION.dll
0x00007ff8b34f0000 - 0x00007ff8b3502000 	C:\windows\SYSTEM32\kernel.appcore.dll
0x00007ff8ad3b0000 - 0x00007ff8ad3ba000 	c:\Users\gilbe\.vscode\extensions\redhat.java-1.9.0-win32-x64\jre\17.0.3-win32-x86_64\bin\jimage.dll
0x00007ff89fd40000 - 0x00007ff89ff24000 	C:\windows\SYSTEM32\DBGHELP.DLL
0x00007ff89a020000 - 0x00007ff89a04c000 	C:\windows\SYSTEM32\dbgcore.DLL
0x00007ff8b5c10000 - 0x00007ff8b5c92000 	C:\windows\System32\bcryptPrimitives.dll
0x00007ff8ad350000 - 0x00007ff8ad375000 	c:\Users\gilbe\.vscode\extensions\redhat.java-1.9.0-win32-x64\jre\17.0.3-win32-x86_64\bin\java.dll
0x00007ff8ad330000 - 0x00007ff8ad348000 	c:\Users\gilbe\.vscode\extensions\redhat.java-1.9.0-win32-x64\jre\17.0.3-win32-x86_64\bin\zip.dll
0x00007ff8b6500000 - 0x00007ff8b6c44000 	C:\windows\System32\SHELL32.dll
0x00007ff8b36f0000 - 0x00007ff8b3e84000 	C:\windows\SYSTEM32\windows.storage.dll
0x00007ff8b7750000 - 0x00007ff8b7aa4000 	C:\windows\System32\combase.dll
0x00007ff8b4f80000 - 0x00007ff8b4fb0000 	C:\windows\SYSTEM32\Wldp.dll
0x00007ff8b6290000 - 0x00007ff8b633d000 	C:\windows\System32\SHCORE.dll
0x00007ff8b64a0000 - 0x00007ff8b64f5000 	C:\windows\System32\shlwapi.dll
0x00007ff8b5530000 - 0x00007ff8b554f000 	C:\windows\SYSTEM32\profapi.dll
0x00007ff8ad2f0000 - 0x00007ff8ad309000 	C:\Users\gilbe\.vscode\extensions\redhat.java-1.9.0-win32-x64\jre\17.0.3-win32-x86_64\bin\net.dll
0x00007ff8a6530000 - 0x00007ff8a663a000 	C:\windows\SYSTEM32\WINHTTP.dll
0x00007ff8b4ce0000 - 0x00007ff8b4d4a000 	C:\windows\system32\mswsock.dll
0x00007ff8ad0c0000 - 0x00007ff8ad0d5000 	C:\Users\gilbe\.vscode\extensions\redhat.java-1.9.0-win32-x64\jre\17.0.3-win32-x86_64\bin\nio.dll
0x00007ff8ad320000 - 0x00007ff8ad330000 	c:\Users\gilbe\.vscode\extensions\redhat.java-1.9.0-win32-x64\jre\17.0.3-win32-x86_64\bin\verify.dll
0x00007ff8ad2e0000 - 0x00007ff8ad2e9000 	C:\Users\gilbe\.vscode\extensions\redhat.java-1.9.0-win32-x64\jre\17.0.3-win32-x86_64\bin\management.dll
0x00007ff8a6a90000 - 0x00007ff8a6a9b000 	C:\Users\gilbe\.vscode\extensions\redhat.java-1.9.0-win32-x64\jre\17.0.3-win32-x86_64\bin\management_ext.dll
0x00007ff898790000 - 0x00007ff8987a7000 	C:\windows\system32\napinsp.dll
0x00007ff898770000 - 0x00007ff89878b000 	C:\windows\system32\pnrpnsp.dll
0x00007ff8b0200000 - 0x00007ff8b0215000 	C:\windows\system32\wshbth.dll
0x00007ff8b0fd0000 - 0x00007ff8b0fed000 	C:\windows\system32\NLAapi.dll
0x00007ff8b49d0000 - 0x00007ff8b4a0b000 	C:\windows\SYSTEM32\IPHLPAPI.DLL
0x00007ff8b4a10000 - 0x00007ff8b4adb000 	C:\windows\SYSTEM32\DNSAPI.dll
0x00007ff8b7e80000 - 0x00007ff8b7e88000 	C:\windows\System32\NSI.dll
0x00007ff898750000 - 0x00007ff898762000 	C:\windows\System32\winrnr.dll
0x00007ff8ad030000 - 0x00007ff8ad03a000 	C:\Windows\System32\rasadhlp.dll
0x00007ff89f230000 - 0x00007ff89f2b0000 	C:\windows\System32\fwpuclnt.dll
0x00007ff8b5ca0000 - 0x00007ff8b5cc7000 	C:\windows\System32\bcrypt.dll
0x00007ff8b4ed0000 - 0x00007ff8b4ee8000 	C:\windows\SYSTEM32\CRYPTSP.dll
0x00007ff8b4660000 - 0x00007ff8b4694000 	C:\windows\system32\rsaenh.dll
0x00007ff8b54b0000 - 0x00007ff8b54de000 	C:\windows\SYSTEM32\USERENV.dll
0x00007ff8b4ef0000 - 0x00007ff8b4efc000 	C:\windows\SYSTEM32\CRYPTBASE.dll
0x00007ff8a9a30000 - 0x00007ff8a9a47000 	C:\windows\SYSTEM32\dhcpcsvc6.DLL
0x00007ff8a9da0000 - 0x00007ff8a9dbd000 	C:\windows\SYSTEM32\dhcpcsvc.DLL

dbghelp: loaded successfully - version: 4.0.5 - missing functions: none
symbol engine: initialized successfully - sym options: 0x614 - pdb path: .;c:\Users\gilbe\.vscode\extensions\redhat.java-1.9.0-win32-x64\jre\17.0.3-win32-x86_64\bin;C:\windows\SYSTEM32;C:\windows\WinSxS\amd64_microsoft.windows.common-controls_6595b64144ccf1df_6.0.19041.1110_none_60b5254171f9507e;c:\Users\gilbe\.vscode\extensions\redhat.java-1.9.0-win32-x64\jre\17.0.3-win32-x86_64\bin\server

VM Arguments:
jvm_args: -Dsts.lsp.client=vscode -Dsts.log.file=/dev/null -XX:TieredStopAtLevel=1 -Dspring.config.location=file:c:\Users\gilbe\.vscode\extensions\pivotal.vscode-spring-boot-1.37.0\language-server\BOOT-INF\classes\application.properties 
java_command: org.springframework.ide.vscode.boot.app.BootLanguageServerBootApp
java_class_path (initial): c:\Users\gilbe\.vscode\extensions\pivotal.vscode-spring-boot-1.37.0\language-server\BOOT-INF\classes;c:\Users\gilbe\.vscode\extensions\pivotal.vscode-spring-boot-1.37.0\language-server\BOOT-INF\lib\annotations-23.0.0.jar;c:\Users\gilbe\.vscode\extensions\pivotal.vscode-spring-boot-1.37.0\language-server\BOOT-INF\lib\antlr-runtime-3.5.2.jar;c:\Users\gilbe\.vscode\extensions\pivotal.vscode-spring-boot-1.37.0\language-server\BOOT-INF\lib\antlr4-4.9.3.jar;c:\Users\gilbe\.vscode\extensions\pivotal.vscode-spring-boot-1.37.0\language-server\BOOT-INF\lib\antlr4-runtime-4.9.3.jar;c:\Users\gilbe\.vscode\extensions\pivotal.vscode-spring-boot-1.37.0\language-server\BOOT-INF\lib\asm-9.3.jar;c:\Users\gilbe\.vscode\extensions\pivotal.vscode-spring-boot-1.37.0\language-server\BOOT-INF\lib\asm-analysis-9.3.jar;c:\Users\gilbe\.vscode\extensions\pivotal.vscode-spring-boot-1.37.0\language-server\BOOT-INF\lib\asm-tree-9.3.jar;c:\Users\gilbe\.vscode\extensions\pivotal.vscode-spring-boot-1.37.0\language-server\BOOT-INF\lib\asm-util-9.3.jar;c:\Users\gilbe\.vscode\extensions\pivotal.vscode-spring-boot-1.37.0\language-server\BOOT-INF\lib\byte-buddy-1.10.18.jar;c:\Users\gilbe\.vscode\extensions\pivotal.vscode-spring-boot-1.37.0\language-server\BOOT-INF\lib\caffeine-2.8.6.jar;c:\Users\gilbe\.vscode\extensions\pivotal.vscode-spring-boot-1.37.0\language-server\BOOT-INF\lib\checker-qual-3.12.0.jar;c:\Users\gilbe\.vscode\extensions\pivotal.vscode-spring-boot-1.37.0\language-server\BOOT-INF\lib\classgraph-4.8.149.jar;c:\Users\gilbe\.vscode\extensions\pivotal.vscode-spring-boot-1.37.0\language-server\BOOT-INF\lib\commons-codec-1.14.jar;c:\Users\gilbe\.vscode\extensions\pivotal.vscode-spring-boot-1.37.0\language-server\BOOT-INF\lib\commons-compress-1.21.jar;c:\Users\gilbe\.vscode\extensions\pivotal.vscode-spring-boot-1.37.0\language-server\BOOT-INF\lib\commons-exec-1.3.jar;c:\Users\gilbe\.vscode\extensions\pivotal.vscode-spring-boot-1.37.0\language-server\BOOT-INF\lib\com
Launcher Type: SUN_STANDARD

[Global flags]
     intx CICompilerCount                          = 2                                         {product} {ergonomic}
     uint ConcGCThreads                            = 1                                         {product} {ergonomic}
     uint G1ConcRefinementThreads                  = 2                                         {product} {ergonomic}
   size_t G1HeapRegionSize                         = 1048576                                   {product} {ergonomic}
    uintx GCDrainStackTargetSize                   = 64                                        {product} {ergonomic}
   size_t InitialHeapSize                          = 58720256                                  {product} {ergonomic}
   size_t MarkStackSize                            = 4194304                                   {product} {ergonomic}
   size_t MaxHeapSize                              = 908066816                                 {product} {ergonomic}
   size_t MaxNewSize                               = 544210944                                 {product} {ergonomic}
   size_t MinHeapDeltaBytes                        = 1048576                                   {product} {ergonomic}
   size_t MinHeapSize                              = 8388608                                   {product} {ergonomic}
    uintx NonProfiledCodeHeapSize                  = 0                                      {pd product} {ergonomic}
     bool ProfileInterpreter                       = false                                  {pd product} {command line}
    uintx ProfiledCodeHeapSize                     = 0                                      {pd product} {ergonomic}
   size_t SoftMaxHeapSize                          = 908066816                              {manageable} {ergonomic}
     intx TieredStopAtLevel                        = 1                                         {product} {command line}
     bool UseCompressedClassPointers               = true                           {product lp64_product} {ergonomic}
     bool UseCompressedOops                        = true                           {product lp64_product} {ergonomic}
     bool UseG1GC                                  = true                                      {product} {ergonomic}
     bool UseLargePagesIndividualAllocation        = false                                  {pd product} {ergonomic}

Logging:
Log output configuration:
 #0: stdout all=warning uptime,level,tags
 #1: stderr all=off uptime,level,tags

Environment Variables:
PATH=C:\Program Files (x86)\Common Files\Oracle\Java\javapath;C:\windows\system32;C:\windows;C:\windows\System32\Wbem;C:\windows\System32\WindowsPowerShell\v1.0\;C:\windows\System32\OpenSSH\;C:\Program Files\nodejs\;C:\ProgramData\chocolatey\bin;C:\Users\gilbe\AppData\Local\Programs\Python\Python310\Scripts\;C:\Users\gilbe\AppData\Local\Programs\Python\Python310\;C:\Users\gilbe\AppData\Local\Microsoft\WindowsApps;C:\Users\gilbe\AppData\Local\Programs\Microsoft VS Code\bin;C:\Users\gilbe\AppData\Roaming\npm;C:\Program Files\Java\jdk1.8.0_311\bin;C:\Program Files\Java\jre1.8.0_341\bin;
USERNAME=gilbe
OS=Windows_NT
PROCESSOR_IDENTIFIER=AMD64 Family 23 Model 24 Stepping 1, AuthenticAMD



---------------  S Y S T E M  ---------------

OS:
 Windows 10 , 64 bit Build 19041 (10.0.19041.1806)
OS uptime: 23 days 11:34 hours

CPU: total 2 (initial active 2) (2 cores per cpu, 1 threads per core) family 23 model 24 stepping 1 microcode 0x0, cx8, cmov, fxsr, mmx, 3dnowpref, sse, sse2, sse3, ssse3, sse4a, sse4.1, sse4.2, popcnt, lzcnt, tsc, tscinvbit, avx, avx2, aes, clmul, bmi1, bmi2, adx, sha, fma, vzeroupper, clflush, clflushopt

Memory: 4k page, system-wide physical 3463M (297M free)
TotalPageFile size 14215M (AvailPageFile size 35M)
current process WorkingSet (physical memory assigned to process): 141M, peak: 141M
current process commit charge ("private bytes"): 186M, peak: 242M

vm_info: OpenJDK 64-Bit Server VM (17.0.3+7) for windows-amd64 JRE (17.0.3+7), built on Apr 19 2022 16:55:35 by "" with MS VC++ 16.7 (VS2019)

END.
