#
# There is insufficient memory for the Java Runtime Environment to continue.
# Native memory allocation (malloc) failed to allocate 760016 bytes for Chunk::new
# Possible reasons:
#   The system is out of physical RAM or swap space
#   The process is running with CompressedOops enabled, and the Java Heap may be blocking the growth of the native heap
# Possible solutions:
#   Reduce memory load on the system
#   Increase physical memory or swap space
#   Check if swap backing store is full
#   Decrease Java heap size (-Xmx/-Xms)
#   Decrease number of Java threads
#   Decrease Java thread stack sizes (-Xss)
#   Set larger code cache with -XX:ReservedCodeCacheSize=
#   JVM is running with Unscaled Compressed Oops mode in which the Java heap is
#     placed in the first 4GB address space. The Java Heap base address is the
#     maximum limit for the native heap growth. Please use -XX:HeapBaseMinAddress
#     to set the Java Heap base and to place the Java Heap above 4GB virtual address.
# This output file may be truncated or incomplete.
#
#  Out of Memory Error (arena.cpp:189), pid=7460, tid=9664
#
# JRE version: OpenJDK Runtime Environment Temurin-17.0.3+7 (17.0.3+7) (build 17.0.3+7)
# Java VM: OpenJDK 64-Bit Server VM Temurin-17.0.3+7 (17.0.3+7, mixed mode, tiered, compressed oops, compressed class ptrs, parallel gc, windows-amd64)
# No core dump will be written. Minidumps are not enabled by default on client versions of Windows
#

---------------  S U M M A R Y ------------

Command Line: --add-modules=ALL-SYSTEM --add-opens=java.base/java.util=ALL-UNNAMED --add-opens=java.base/java.lang=ALL-UNNAMED --add-opens=java.base/sun.nio.fs=ALL-UNNAMED -Declipse.application=org.eclipse.jdt.ls.core.id1 -Dosgi.bundles.defaultStartLevel=4 -Declipse.product=org.eclipse.jdt.ls.core.product -Djava.import.generatesMetadataFilesAtProjectRoot=false -Dfile.encoding=utf8 -DwatchParentProcess=false -XX:+UseParallelGC -XX:GCTimeRatio=4 -XX:AdaptiveSizePolicyWeight=90 -Dsun.zip.disableMemoryMapping=true -Xmx1G -Xms100m -javaagent:c:\Users\gilbe\.vscode\extensions\redhat.java-1.9.0-win32-x64\lombok\lombok-1.18.24.jar -XX:+HeapDumpOnOutOfMemoryError -XX:HeapDumpPath=c:\Users\gilbe\AppData\Roaming\Code\User\workspaceStorage\6855dac74c9501bda7c68a02d3bf8714\redhat.java c:\Users\gilbe\.vscode\extensions\redhat.java-1.9.0-win32-x64\server\plugins\org.eclipse.equinox.launcher_1.6.400.v20210924-0641.jar -configuration c:\Users\gilbe\AppData\Roaming\Code\User\globalStorage\redhat.java\1.9.0\config_win -data c:\Users\gilbe\AppData\Roaming\Code\User\workspaceStorage\6855dac74c9501bda7c68a02d3bf8714\redhat.java\jdt_ws

Host: AMD Athlon Silver 3050U with Radeon Graphics   , 2 cores, 3G,  Windows 10 , 64 bit Build 19041 (10.0.19041.1806)
Time: Wed Aug 10 05:56:34 2022 Central Daylight Time elapsed time: 7.732526 seconds (0d 0h 0m 7s)

---------------  T H R E A D  ---------------

Current thread (0x000001c5fad71160):  JavaThread "C2 CompilerThread0" daemon [_thread_in_native, id=9664, stack(0x0000000100e00000,0x0000000100f00000)]


Current CompileTask:
C2:   7732 3517       4       jdk.internal.org.objectweb.asm.Frame::execute (2318 bytes)

Stack: [0x0000000100e00000,0x0000000100f00000]
Native frames: (J=compiled Java code, j=interpreted, Vv=VM code, C=native code)
V  [jvm.dll+0x675efa]
V  [jvm.dll+0x830a24]
V  [jvm.dll+0x8321ce]
V  [jvm.dll+0x832833]
V  [jvm.dll+0x2454b5]
V  [jvm.dll+0xabd7b]
V  [jvm.dll+0xac30c]
V  [jvm.dll+0x2ac5bf]
V  [jvm.dll+0x57cd09]
V  [jvm.dll+0x22056d]
V  [jvm.dll+0x22094f]
V  [jvm.dll+0x21a1b5]
V  [jvm.dll+0x21767b]
V  [jvm.dll+0x1a3ccd]
V  [jvm.dll+0x227178]
V  [jvm.dll+0x2252bc]
V  [jvm.dll+0x7e673b]
V  [jvm.dll+0x7e0cfa]
V  [jvm.dll+0x674d85]
C  [ucrtbase.dll+0x21bb2]
C  [KERNEL32.DLL+0x17034]
C  [ntdll.dll+0x52651]


---------------  P R O C E S S  ---------------

Threads class SMR info:
_java_thread_list=0x000001c5fc0db100, length=24, elements={
0x000001c5a6e414d0, 0x000001c5fad42750, 0x000001c5fad434d0, 0x000001c5fad68260,
0x000001c5fad6aef0, 0x000001c5fad6ba70, 0x000001c5fad6d4a0, 0x000001c5fad71160,
0x000001c5fadcca60, 0x000001c5fade97a0, 0x000001c5fac81110, 0x000001c5fc1b1ac0,
0x000001c5fc618ff0, 0x000001c5fc825dd0, 0x000001c5fc88ffe0, 0x000001c5fc8fab70,
0x000001c5fc88c430, 0x000001c5fd72fea0, 0x000001c5fd8095b0, 0x000001c5fd806590,
0x000001c5fd807400, 0x000001c5fd808270, 0x000001c5fd808c10, 0x000001c5fd807da0
}

Java Threads: ( => current thread )
  0x000001c5a6e414d0 JavaThread "main" [_thread_blocked, id=14508, stack(0x0000000100500000,0x0000000100600000)]
  0x000001c5fad42750 JavaThread "Reference Handler" daemon [_thread_blocked, id=19304, stack(0x0000000100800000,0x0000000100900000)]
  0x000001c5fad434d0 JavaThread "Finalizer" daemon [_thread_blocked, id=15444, stack(0x0000000100900000,0x0000000100a00000)]
  0x000001c5fad68260 JavaThread "Signal Dispatcher" daemon [_thread_blocked, id=10152, stack(0x0000000100a00000,0x0000000100b00000)]
  0x000001c5fad6aef0 JavaThread "Attach Listener" daemon [_thread_blocked, id=1436, stack(0x0000000100b00000,0x0000000100c00000)]
  0x000001c5fad6ba70 JavaThread "Service Thread" daemon [_thread_blocked, id=12404, stack(0x0000000100c00000,0x0000000100d00000)]
  0x000001c5fad6d4a0 JavaThread "Monitor Deflation Thread" daemon [_thread_blocked, id=20960, stack(0x0000000100d00000,0x0000000100e00000)]
=>0x000001c5fad71160 JavaThread "C2 CompilerThread0" daemon [_thread_in_native, id=9664, stack(0x0000000100e00000,0x0000000100f00000)]
  0x000001c5fadcca60 JavaThread "C1 CompilerThread0" daemon [_thread_in_vm, id=20080, stack(0x0000000100f00000,0x0000000101000000)]
  0x000001c5fade97a0 JavaThread "Sweeper thread" daemon [_thread_blocked, id=21256, stack(0x0000000101000000,0x0000000101100000)]
  0x000001c5fac81110 JavaThread "Common-Cleaner" daemon [_thread_blocked, id=18088, stack(0x0000000101100000,0x0000000101200000)]
  0x000001c5fc1b1ac0 JavaThread "Notification Thread" daemon [_thread_blocked, id=16132, stack(0x0000000101200000,0x0000000101300000)]
  0x000001c5fc618ff0 JavaThread "Active Thread: Equinox Container: fee38634-e6b9-4fa1-ba54-1ceb05a7d04a" [_thread_blocked, id=16740, stack(0x0000000101500000,0x0000000101600000)]
  0x000001c5fc825dd0 JavaThread "Framework Event Dispatcher: Equinox Container: fee38634-e6b9-4fa1-ba54-1ceb05a7d04a" daemon [_thread_blocked, id=5656, stack(0x0000000101600000,0x0000000101700000)]
  0x000001c5fc88ffe0 JavaThread "Start Level: Equinox Container: fee38634-e6b9-4fa1-ba54-1ceb05a7d04a" daemon [_thread_in_native, id=19096, stack(0x0000000101700000,0x0000000101800000)]
  0x000001c5fc8fab70 JavaThread "SCR Component Actor" daemon [_thread_blocked, id=10016, stack(0x0000000101800000,0x0000000101900000)]
  0x000001c5fc88c430 JavaThread "SCR Component Registry" daemon [_thread_blocked, id=2200, stack(0x0000000101900000,0x0000000101a00000)]
  0x000001c5fd72fea0 JavaThread "Bundle File Closer" daemon [_thread_blocked, id=8976, stack(0x0000000101a00000,0x0000000101b00000)]
  0x000001c5fd8095b0 JavaThread "Worker-JM" [_thread_blocked, id=15612, stack(0x0000000101b00000,0x0000000101c00000)]
  0x000001c5fd806590 JavaThread "Worker-0: Repository registry initialization" [_thread_in_vm, id=15412, stack(0x0000000101c00000,0x0000000101d00000)]
  0x000001c5fd807400 JavaThread "Worker-1" [_thread_blocked, id=4060, stack(0x0000000101d00000,0x0000000101e00000)]
  0x000001c5fd808270 JavaThread "Worker-2: Updating Maven Dependencies" [_thread_blocked, id=4560, stack(0x0000000101e00000,0x0000000101f00000)]
  0x000001c5fd808c10 JavaThread "Worker-3" [_thread_blocked, id=19376, stack(0x0000000101f00000,0x0000000102000000)]
  0x000001c5fd807da0 JavaThread "Java indexing" daemon [_thread_blocked, id=21048, stack(0x0000000102000000,0x0000000102100000)]

Other Threads:
  0x000001c5fad2b0a0 VMThread "VM Thread" [stack: 0x0000000100700000,0x0000000100800000] [id=5344]
  0x000001c5fc197c80 WatcherThread [stack: 0x0000000101300000,0x0000000101400000] [id=11916]
  0x000001c5a6e58510 GCTaskThread "GC Thread#0" [stack: 0x0000000100600000,0x0000000100700000] [id=3468]
  0x000001c5fc67ac50 GCTaskThread "GC Thread#1" [stack: 0x0000000101400000,0x0000000101500000] [id=17492]

Threads with active compile tasks:
C2 CompilerThread0     7757 3517       4       jdk.internal.org.objectweb.asm.Frame::execute (2318 bytes)

VM state: not at safepoint (normal execution)

VM Mutex/Monitor currently owned by a thread: None

Heap address: 0x00000000c0000000, size: 1024 MB, Compressed Oops mode: 32-bit

CDS archive(s) not mapped
Compressed class space mapped at: 0x000001c5bac00000-0x000001c5fac00000, reserved size: 1073741824
Narrow klass base: 0x000001c5bac00000, Narrow klass shift: 0, Narrow klass range: 0x40000000

GC Precious Log:
 CPUs: 2 total, 2 available
 Memory: 3463M
 Large Page Support: Disabled
 NUMA Support: Disabled
 Compressed Oops: Enabled (32-bit)
 Alignments: Space 512K, Generation 512K, Heap 2M
 Heap Min Capacity: 100M
 Heap Initial Capacity: 100M
 Heap Max Capacity: 1G
 Pre-touch: Disabled
 Parallel Workers: 2

Heap:
 PSYoungGen      total 25088K, used 7166K [0x00000000eab00000, 0x00000000ec700000, 0x0000000100000000)
  eden space 23552K, 30% used [0x00000000eab00000,0x00000000eb1ff858,0x00000000ec200000)
  from space 1536K, 0% used [0x00000000ec200000,0x00000000ec200000,0x00000000ec380000)
  to   space 2048K, 0% used [0x00000000ec500000,0x00000000ec500000,0x00000000ec700000)
 ParOldGen       total 68608K, used 12781K [0x00000000c0000000, 0x00000000c4300000, 0x00000000eab00000)
  object space 68608K, 18% used [0x00000000c0000000,0x00000000c0c7b6b0,0x00000000c4300000)
 Metaspace       used 36110K, committed 36736K, reserved 1089536K
  class space    used 3730K, committed 3968K, reserved 1048576K

Card table byte_map: [0x000001c5a6710000,0x000001c5a6920000] _byte_map_base: 0x000001c5a6110000

Marking Bits: (ParMarkBitMap*) 0x00007ff8766e4b80
 Begin Bits: [0x000001c5b8ad0000, 0x000001c5b9ad0000)
 End Bits:   [0x000001c5b9ad0000, 0x000001c5baad0000)

Polling page: 0x000001c5a4c50000

Metaspace:

Usage:
  Non-class:     31.62 MB used.
      Class:      3.64 MB used.
       Both:     35.26 MB used.

Virtual space:
  Non-class space:       40.00 MB reserved,      32.00 MB ( 80%) committed,  5 nodes.
      Class space:        1.00 GB reserved,       3.88 MB ( <1%) committed,  1 nodes.
             Both:        1.04 GB reserved,      35.88 MB (  3%) committed. 

Chunk freelists:
   Non-Class:  3.22 MB
       Class:  68.00 KB
        Both:  3.29 MB

MaxMetaspaceSize: unlimited
CompressedClassSpaceSize: 1.00 GB
Initial GC threshold: 21.00 MB
Current GC threshold: 58.38 MB
CDS: off
MetaspaceReclaimPolicy: balanced
 - commit_granule_bytes: 65536.
 - commit_granule_words: 8192.
 - virtual_space_node_default_size: 1048576.
 - enlarge_chunks_in_place: 1.
 - new_chunks_are_fully_committed: 0.
 - uncommit_free_chunks: 1.
 - use_allocation_guard: 0.
 - handle_deallocations: 1.


Internal statistics:

num_allocs_failed_limit: 6.
num_arena_births: 258.
num_arena_deaths: 14.
num_vsnodes_births: 6.
num_vsnodes_deaths: 0.
num_space_committed: 574.
num_space_uncommitted: 0.
num_chunks_returned_to_freelist: 20.
num_chunks_taken_from_freelist: 1358.
num_chunk_merges: 10.
num_chunk_splits: 905.
num_chunks_enlarged: 623.
num_purges: 2.
num_inconsistent_stats: 0.

CodeHeap 'non-profiled nmethods': size=120064Kb used=1585Kb max_used=1585Kb free=118478Kb
 bounds [0x000001c5b1590000, 0x000001c5b1800000, 0x000001c5b8ad0000]
CodeHeap 'profiled nmethods': size=120000Kb used=7389Kb max_used=7389Kb free=112610Kb
 bounds [0x000001c5aa060000, 0x000001c5aa7a0000, 0x000001c5b1590000]
CodeHeap 'non-nmethods': size=5696Kb used=1248Kb max_used=1295Kb free=4447Kb
 bounds [0x000001c5a9ad0000, 0x000001c5a9d40000, 0x000001c5aa060000]
 total_blobs=4133 nmethods=3569 adapters=478
 compilation: enabled
              stopped_count=0, restarted_count=0
 full_count=0

Compilation events (20 events):
Event: 7.694 Thread 0x000001c5fadcca60 3558       1       org.eclipse.text.templates.TemplatePersistenceData::getId (5 bytes)
Event: 7.694 Thread 0x000001c5fadcca60 nmethod 3558 0x000001c5b171c490 code [0x000001c5b171c620, 0x000001c5b171c6f8]
Event: 7.695 Thread 0x000001c5fadcca60 3559       3       org.eclipse.core.internal.registry.ConfigurationElementHandle::getName (8 bytes)
Event: 7.695 Thread 0x000001c5fadcca60 nmethod 3559 0x000001c5aa78c610 code [0x000001c5aa78c7c0, 0x000001c5aa78cc48]
Event: 7.711 Thread 0x000001c5fadcca60 3560       3       org.eclipse.osgi.internal.framework.FilterImpl::newInstance (13 bytes)
Event: 7.712 Thread 0x000001c5fadcca60 nmethod 3560 0x000001c5aa78cd90 code [0x000001c5aa78cf80, 0x000001c5aa78d3e8]
Event: 7.712 Thread 0x000001c5fadcca60 3561       3       org.eclipse.osgi.internal.framework.FilterImpl$Parser::parse_filtercomp (98 bytes)
Event: 7.712 Thread 0x000001c5fadcca60 nmethod 3561 0x000001c5aa78d610 code [0x000001c5aa78d800, 0x000001c5aa78db48]
Event: 7.712 Thread 0x000001c5fadcca60 3562       3       org.eclipse.osgi.internal.framework.FilterImpl$Parser::parse_substring (227 bytes)
Event: 7.713 Thread 0x000001c5fadcca60 nmethod 3562 0x000001c5aa78dc90 code [0x000001c5aa78e060, 0x000001c5aa78fe48]
Event: 7.713 Thread 0x000001c5fadcca60 3563       3       org.eclipse.osgi.internal.framework.FilterImpl$Item::compare_ObjectArray (38 bytes)
Event: 7.714 Thread 0x000001c5fadcca60 nmethod 3563 0x000001c5aa790910 code [0x000001c5aa790ac0, 0x000001c5aa790d68]
Event: 7.714 Thread 0x000001c5fadcca60 3564       3       java.lang.Math::min (46 bytes)
Event: 7.714 Thread 0x000001c5fadcca60 nmethod 3564 0x000001c5aa790e90 code [0x000001c5aa791040, 0x000001c5aa791398]
Event: 7.715 Thread 0x000001c5fadcca60 3565   !   3       org.eclipse.osgi.internal.loader.SystemBundleLoader::findLocalClass (12 bytes)
Event: 7.715 Thread 0x000001c5fadcca60 nmethod 3565 0x000001c5aa791410 code [0x000001c5aa7915c0, 0x000001c5aa7917e8]
Event: 7.721 Thread 0x000001c5fadcca60 3566  s    3       java.io.FileDescriptor::attach (73 bytes)
Event: 7.722 Thread 0x000001c5fadcca60 nmethod 3566 0x000001c5aa791910 code [0x000001c5aa791b40, 0x000001c5aa7925a8]
Event: 7.730 Thread 0x000001c5fadcca60 3568       3       java.util.concurrent.locks.ReentrantLock$Sync::tryLockNanos (36 bytes)
Event: 7.730 Thread 0x000001c5fadcca60 nmethod 3568 0x000001c5aa792910 code [0x000001c5aa792b00, 0x000001c5aa792fb8]

GC Heap History (20 events):
Event: 2.753 GC heap before
{Heap before GC invocations=2 (full 0):
 PSYoungGen      total 29696K, used 28904K [0x00000000eab00000, 0x00000000ecc00000, 0x0000000100000000)
  eden space 25600K, 100% used [0x00000000eab00000,0x00000000ec400000,0x00000000ec400000)
  from space 4096K, 80% used [0x00000000ec400000,0x00000000ec73a190,0x00000000ec800000)
  to   space 4096K, 0% used [0x00000000ec800000,0x00000000ec800000,0x00000000ecc00000)
 ParOldGen       total 68608K, used 0K [0x00000000c0000000, 0x00000000c4300000, 0x00000000eab00000)
  object space 68608K, 0% used [0x00000000c0000000,0x00000000c0000000,0x00000000c4300000)
 Metaspace       used 14854K, committed 15168K, reserved 1064960K
  class space    used 1512K, committed 1664K, reserved 1048576K
}
Event: 2.763 GC heap after
{Heap after GC invocations=2 (full 0):
 PSYoungGen      total 29696K, used 4077K [0x00000000eab00000, 0x00000000ecc00000, 0x0000000100000000)
  eden space 25600K, 0% used [0x00000000eab00000,0x00000000eab00000,0x00000000ec400000)
  from space 4096K, 99% used [0x00000000ec800000,0x00000000ecbfb690,0x00000000ecc00000)
  to   space 4096K, 0% used [0x00000000ec400000,0x00000000ec400000,0x00000000ec800000)
 ParOldGen       total 68608K, used 1419K [0x00000000c0000000, 0x00000000c4300000, 0x00000000eab00000)
  object space 68608K, 2% used [0x00000000c0000000,0x00000000c0162e58,0x00000000c4300000)
 Metaspace       used 14854K, committed 15168K, reserved 1064960K
  class space    used 1512K, committed 1664K, reserved 1048576K
}
Event: 3.853 GC heap before
{Heap before GC invocations=3 (full 0):
 PSYoungGen      total 29696K, used 29677K [0x00000000eab00000, 0x00000000ecc00000, 0x0000000100000000)
  eden space 25600K, 100% used [0x00000000eab00000,0x00000000ec400000,0x00000000ec400000)
  from space 4096K, 99% used [0x00000000ec800000,0x00000000ecbfb690,0x00000000ecc00000)
  to   space 4096K, 0% used [0x00000000ec400000,0x00000000ec400000,0x00000000ec800000)
 ParOldGen       total 68608K, used 1419K [0x00000000c0000000, 0x00000000c4300000, 0x00000000eab00000)
  object space 68608K, 2% used [0x00000000c0000000,0x00000000c0162e58,0x00000000c4300000)
 Metaspace       used 17931K, committed 18240K, reserved 1064960K
  class space    used 1801K, committed 1920K, reserved 1048576K
}
Event: 3.864 GC heap after
{Heap after GC invocations=3 (full 0):
 PSYoungGen      total 29696K, used 4089K [0x00000000eab00000, 0x00000000ecc00000, 0x0000000100000000)
  eden space 25600K, 0% used [0x00000000eab00000,0x00000000eab00000,0x00000000ec400000)
  from space 4096K, 99% used [0x00000000ec400000,0x00000000ec7fe588,0x00000000ec800000)
  to   space 4096K, 0% used [0x00000000ec800000,0x00000000ec800000,0x00000000ecc00000)
 ParOldGen       total 68608K, used 5570K [0x00000000c0000000, 0x00000000c4300000, 0x00000000eab00000)
  object space 68608K, 8% used [0x00000000c0000000,0x00000000c0570888,0x00000000c4300000)
 Metaspace       used 17931K, committed 18240K, reserved 1064960K
  class space    used 1801K, committed 1920K, reserved 1048576K
}
Event: 4.316 GC heap before
{Heap before GC invocations=4 (full 0):
 PSYoungGen      total 29696K, used 20239K [0x00000000eab00000, 0x00000000ecc00000, 0x0000000100000000)
  eden space 25600K, 63% used [0x00000000eab00000,0x00000000ebac5a28,0x00000000ec400000)
  from space 4096K, 99% used [0x00000000ec400000,0x00000000ec7fe588,0x00000000ec800000)
  to   space 4096K, 0% used [0x00000000ec800000,0x00000000ec800000,0x00000000ecc00000)
 ParOldGen       total 68608K, used 5570K [0x00000000c0000000, 0x00000000c4300000, 0x00000000eab00000)
  object space 68608K, 8% used [0x00000000c0000000,0x00000000c0570888,0x00000000c4300000)
 Metaspace       used 21062K, committed 21504K, reserved 1073152K
  class space    used 2114K, committed 2304K, reserved 1048576K
}
Event: 4.325 GC heap after
{Heap after GC invocations=4 (full 0):
 PSYoungGen      total 29696K, used 4080K [0x00000000eab00000, 0x00000000ecc00000, 0x0000000100000000)
  eden space 25600K, 0% used [0x00000000eab00000,0x00000000eab00000,0x00000000ec400000)
  from space 4096K, 99% used [0x00000000ec800000,0x00000000ecbfc170,0x00000000ecc00000)
  to   space 4096K, 0% used [0x00000000ec400000,0x00000000ec400000,0x00000000ec800000)
 ParOldGen       total 68608K, used 6629K [0x00000000c0000000, 0x00000000c4300000, 0x00000000eab00000)
  object space 68608K, 9% used [0x00000000c0000000,0x00000000c06794b8,0x00000000c4300000)
 Metaspace       used 21062K, committed 21504K, reserved 1073152K
  class space    used 2114K, committed 2304K, reserved 1048576K
}
Event: 4.325 GC heap before
{Heap before GC invocations=5 (full 1):
 PSYoungGen      total 29696K, used 4080K [0x00000000eab00000, 0x00000000ecc00000, 0x0000000100000000)
  eden space 25600K, 0% used [0x00000000eab00000,0x00000000eab00000,0x00000000ec400000)
  from space 4096K, 99% used [0x00000000ec800000,0x00000000ecbfc170,0x00000000ecc00000)
  to   space 4096K, 0% used [0x00000000ec400000,0x00000000ec400000,0x00000000ec800000)
 ParOldGen       total 68608K, used 6629K [0x00000000c0000000, 0x00000000c4300000, 0x00000000eab00000)
  object space 68608K, 9% used [0x00000000c0000000,0x00000000c06794b8,0x00000000c4300000)
 Metaspace       used 21062K, committed 21504K, reserved 1073152K
  class space    used 2114K, committed 2304K, reserved 1048576K
}
Event: 4.361 GC heap after
{Heap after GC invocations=5 (full 1):
 PSYoungGen      total 29696K, used 0K [0x00000000eab00000, 0x00000000ecc00000, 0x0000000100000000)
  eden space 25600K, 0% used [0x00000000eab00000,0x00000000eab00000,0x00000000ec400000)
  from space 4096K, 0% used [0x00000000ec800000,0x00000000ec800000,0x00000000ecc00000)
  to   space 4096K, 0% used [0x00000000ec400000,0x00000000ec400000,0x00000000ec800000)
 ParOldGen       total 68608K, used 10494K [0x00000000c0000000, 0x00000000c4300000, 0x00000000eab00000)
  object space 68608K, 15% used [0x00000000c0000000,0x00000000c0a3fa20,0x00000000c4300000)
 Metaspace       used 21049K, committed 21504K, reserved 1073152K
  class space    used 2111K, committed 2304K, reserved 1048576K
}
Event: 5.301 GC heap before
{Heap before GC invocations=6 (full 1):
 PSYoungGen      total 29696K, used 25600K [0x00000000eab00000, 0x00000000ecc00000, 0x0000000100000000)
  eden space 25600K, 100% used [0x00000000eab00000,0x00000000ec400000,0x00000000ec400000)
  from space 4096K, 0% used [0x00000000ec800000,0x00000000ec800000,0x00000000ecc00000)
  to   space 4096K, 0% used [0x00000000ec400000,0x00000000ec400000,0x00000000ec800000)
 ParOldGen       total 68608K, used 10494K [0x00000000c0000000, 0x00000000c4300000, 0x00000000eab00000)
  object space 68608K, 15% used [0x00000000c0000000,0x00000000c0a3fa20,0x00000000c4300000)
 Metaspace       used 24559K, committed 25088K, reserved 1073152K
  class space    used 2492K, committed 2688K, reserved 1048576K
}
Event: 5.304 GC heap after
{Heap after GC invocations=6 (full 1):
 PSYoungGen      total 27136K, used 1867K [0x00000000eab00000, 0x00000000eca80000, 0x0000000100000000)
  eden space 25088K, 0% used [0x00000000eab00000,0x00000000eab00000,0x00000000ec380000)
  from space 2048K, 91% used [0x00000000ec400000,0x00000000ec5d2f00,0x00000000ec600000)
  to   space 3584K, 0% used [0x00000000ec700000,0x00000000ec700000,0x00000000eca80000)
 ParOldGen       total 68608K, used 10502K [0x00000000c0000000, 0x00000000c4300000, 0x00000000eab00000)
  object space 68608K, 15% used [0x00000000c0000000,0x00000000c0a41a20,0x00000000c4300000)
 Metaspace       used 24559K, committed 25088K, reserved 1073152K
  class space    used 2492K, committed 2688K, reserved 1048576K
}
Event: 6.044 GC heap before
{Heap before GC invocations=7 (full 1):
 PSYoungGen      total 27136K, used 26955K [0x00000000eab00000, 0x00000000eca80000, 0x0000000100000000)
  eden space 25088K, 100% used [0x00000000eab00000,0x00000000ec380000,0x00000000ec380000)
  from space 2048K, 91% used [0x00000000ec400000,0x00000000ec5d2f00,0x00000000ec600000)
  to   space 3584K, 0% used [0x00000000ec700000,0x00000000ec700000,0x00000000eca80000)
 ParOldGen       total 68608K, used 10502K [0x00000000c0000000, 0x00000000c4300000, 0x00000000eab00000)
  object space 68608K, 15% used [0x00000000c0000000,0x00000000c0a41a20,0x00000000c4300000)
 Metaspace       used 27792K, committed 28288K, reserved 1081344K
  class space    used 2730K, committed 2944K, reserved 1048576K
}
Event: 6.046 GC heap after
{Heap after GC invocations=7 (full 1):
 PSYoungGen      total 28160K, used 3182K [0x00000000eab00000, 0x00000000eca80000, 0x0000000100000000)
  eden space 24576K, 0% used [0x00000000eab00000,0x00000000eab00000,0x00000000ec300000)
  from space 3584K, 88% used [0x00000000ec700000,0x00000000eca1b918,0x00000000eca80000)
  to   space 3584K, 0% used [0x00000000ec380000,0x00000000ec380000,0x00000000ec700000)
 ParOldGen       total 68608K, used 10502K [0x00000000c0000000, 0x00000000c4300000, 0x00000000eab00000)
  object space 68608K, 15% used [0x00000000c0000000,0x00000000c0a41a20,0x00000000c4300000)
 Metaspace       used 27792K, committed 28288K, reserved 1081344K
  class space    used 2730K, committed 2944K, reserved 1048576K
}
Event: 6.351 GC heap before
{Heap before GC invocations=8 (full 1):
 PSYoungGen      total 28160K, used 27758K [0x00000000eab00000, 0x00000000eca80000, 0x0000000100000000)
  eden space 24576K, 100% used [0x00000000eab00000,0x00000000ec300000,0x00000000ec300000)
  from space 3584K, 88% used [0x00000000ec700000,0x00000000eca1b918,0x00000000eca80000)
  to   space 3584K, 0% used [0x00000000ec380000,0x00000000ec380000,0x00000000ec700000)
 ParOldGen       total 68608K, used 10502K [0x00000000c0000000, 0x00000000c4300000, 0x00000000eab00000)
  object space 68608K, 15% used [0x00000000c0000000,0x00000000c0a41a20,0x00000000c4300000)
 Metaspace       used 30772K, committed 31296K, reserved 1081344K
  class space    used 3020K, committed 3264K, reserved 1048576K
}
Event: 6.354 GC heap after
{Heap after GC invocations=8 (full 1):
 PSYoungGen      total 27136K, used 2649K [0x00000000eab00000, 0x00000000ec880000, 0x0000000100000000)
  eden space 24064K, 0% used [0x00000000eab00000,0x00000000eab00000,0x00000000ec280000)
  from space 3072K, 86% used [0x00000000ec380000,0x00000000ec6166d8,0x00000000ec680000)
  to   space 2048K, 0% used [0x00000000ec680000,0x00000000ec680000,0x00000000ec880000)
 ParOldGen       total 68608K, used 10502K [0x00000000c0000000, 0x00000000c4300000, 0x00000000eab00000)
  object space 68608K, 15% used [0x00000000c0000000,0x00000000c0a41a20,0x00000000c4300000)
 Metaspace       used 30772K, committed 31296K, reserved 1081344K
  class space    used 3020K, committed 3264K, reserved 1048576K
}
Event: 7.273 GC heap before
{Heap before GC invocations=9 (full 1):
 PSYoungGen      total 27136K, used 26713K [0x00000000eab00000, 0x00000000ec880000, 0x0000000100000000)
  eden space 24064K, 100% used [0x00000000eab00000,0x00000000ec280000,0x00000000ec280000)
  from space 3072K, 86% used [0x00000000ec380000,0x00000000ec6166d8,0x00000000ec680000)
  to   space 2048K, 0% used [0x00000000ec680000,0x00000000ec680000,0x00000000ec880000)
 ParOldGen       total 68608K, used 10502K [0x00000000c0000000, 0x00000000c4300000, 0x00000000eab00000)
  object space 68608K, 15% used [0x00000000c0000000,0x00000000c0a41a20,0x00000000c4300000)
 Metaspace       used 33346K, committed 33920K, reserved 1081344K
  class space    used 3376K, committed 3584K, reserved 1048576K
}
Event: 7.278 GC heap after
{Heap after GC invocations=9 (full 1):
 PSYoungGen      total 25600K, used 2041K [0x00000000eab00000, 0x00000000ec900000, 0x0000000100000000)
  eden space 23552K, 0% used [0x00000000eab00000,0x00000000eab00000,0x00000000ec200000)
  from space 2048K, 99% used [0x00000000ec680000,0x00000000ec87e6d8,0x00000000ec880000)
  to   space 3584K, 0% used [0x00000000ec200000,0x00000000ec200000,0x00000000ec580000)
 ParOldGen       total 68608K, used 11768K [0x00000000c0000000, 0x00000000c4300000, 0x00000000eab00000)
  object space 68608K, 17% used [0x00000000c0000000,0x00000000c0b7e120,0x00000000c4300000)
 Metaspace       used 33346K, committed 33920K, reserved 1081344K
  class space    used 3376K, committed 3584K, reserved 1048576K
}
Event: 7.511 GC heap before
{Heap before GC invocations=10 (full 1):
 PSYoungGen      total 25600K, used 15967K [0x00000000eab00000, 0x00000000ec900000, 0x0000000100000000)
  eden space 23552K, 59% used [0x00000000eab00000,0x00000000eb899738,0x00000000ec200000)
  from space 2048K, 99% used [0x00000000ec680000,0x00000000ec87e6d8,0x00000000ec880000)
  to   space 3584K, 0% used [0x00000000ec200000,0x00000000ec200000,0x00000000ec580000)
 ParOldGen       total 68608K, used 11768K [0x00000000c0000000, 0x00000000c4300000, 0x00000000eab00000)
  object space 68608K, 17% used [0x00000000c0000000,0x00000000c0b7e120,0x00000000c4300000)
 Metaspace       used 35224K, committed 35840K, reserved 1089536K
  class space    used 3606K, committed 3840K, reserved 1048576K
}
Event: 7.515 GC heap after
{Heap after GC invocations=10 (full 1):
 PSYoungGen      total 25088K, used 1292K [0x00000000eab00000, 0x00000000ec700000, 0x0000000100000000)
  eden space 23552K, 0% used [0x00000000eab00000,0x00000000eab00000,0x00000000ec200000)
  from space 1536K, 84% used [0x00000000ec200000,0x00000000ec3432b8,0x00000000ec380000)
  to   space 2048K, 0% used [0x00000000ec500000,0x00000000ec500000,0x00000000ec700000)
 ParOldGen       total 68608K, used 13124K [0x00000000c0000000, 0x00000000c4300000, 0x00000000eab00000)
  object space 68608K, 19% used [0x00000000c0000000,0x00000000c0cd12f0,0x00000000c4300000)
 Metaspace       used 35224K, committed 35840K, reserved 1089536K
  class space    used 3606K, committed 3840K, reserved 1048576K
}
Event: 7.515 GC heap before
{Heap before GC invocations=11 (full 2):
 PSYoungGen      total 25088K, used 1292K [0x00000000eab00000, 0x00000000ec700000, 0x0000000100000000)
  eden space 23552K, 0% used [0x00000000eab00000,0x00000000eab00000,0x00000000ec200000)
  from space 1536K, 84% used [0x00000000ec200000,0x00000000ec3432b8,0x00000000ec380000)
  to   space 2048K, 0% used [0x00000000ec500000,0x00000000ec500000,0x00000000ec700000)
 ParOldGen       total 68608K, used 13124K [0x00000000c0000000, 0x00000000c4300000, 0x00000000eab00000)
  object space 68608K, 19% used [0x00000000c0000000,0x00000000c0cd12f0,0x00000000c4300000)
 Metaspace       used 35224K, committed 35840K, reserved 1089536K
  class space    used 3606K, committed 3840K, reserved 1048576K
}
Event: 7.546 GC heap after
{Heap after GC invocations=11 (full 2):
 PSYoungGen      total 25088K, used 0K [0x00000000eab00000, 0x00000000ec700000, 0x0000000100000000)
  eden space 23552K, 0% used [0x00000000eab00000,0x00000000eab00000,0x00000000ec200000)
  from space 1536K, 0% used [0x00000000ec200000,0x00000000ec200000,0x00000000ec380000)
  to   space 2048K, 0% used [0x00000000ec500000,0x00000000ec500000,0x00000000ec700000)
 ParOldGen       total 68608K, used 12781K [0x00000000c0000000, 0x00000000c4300000, 0x00000000eab00000)
  object space 68608K, 18% used [0x00000000c0000000,0x00000000c0c7b6b0,0x00000000c4300000)
 Metaspace       used 35224K, committed 35840K, reserved 1089536K
  class space    used 3606K, committed 3840K, reserved 1048576K
}

Deoptimization events (20 events):
Event: 7.452 Thread 0x000001c5fc88ffe0 Uncommon trap: trap_request=0xffffff45 fr.pc=0x000001c5b16649bc relative=0x00000000000004fc
Event: 7.452 Thread 0x000001c5fc88ffe0 Uncommon trap: reason=unstable_if action=reinterpret pc=0x000001c5b16649bc method=java.util.Properties.getProperty(Ljava/lang/String;)Ljava/lang/String; @ 36 c2
Event: 7.452 Thread 0x000001c5fc88ffe0 DEOPT PACKING pc=0x000001c5b16649bc sp=0x00000001017fe260
Event: 7.452 Thread 0x000001c5fc88ffe0 DEOPT UNPACKING pc=0x000001c5a9b220a3 sp=0x00000001017fe218 mode 2
Event: 7.457 Thread 0x000001c5fc88ffe0 Uncommon trap: trap_request=0xffffffc6 fr.pc=0x000001c5b16fb868 relative=0x0000000000000228
Event: 7.457 Thread 0x000001c5fc88ffe0 Uncommon trap: reason=bimorphic_or_optimized_type_check action=maybe_recompile pc=0x000001c5b16fb868 method=java.nio.Buffer.<init>(IIIILjdk/internal/access/foreign/MemorySegmentProxy;)V @ 39 c2
Event: 7.457 Thread 0x000001c5fc88ffe0 DEOPT PACKING pc=0x000001c5b16fb868 sp=0x00000001017fcaf0
Event: 7.457 Thread 0x000001c5fc88ffe0 DEOPT UNPACKING pc=0x000001c5a9b220a3 sp=0x00000001017fcaa8 mode 2
Event: 7.460 Thread 0x000001c5fc88ffe0 Uncommon trap: trap_request=0xffffffc6 fr.pc=0x000001c5b16fb868 relative=0x0000000000000228
Event: 7.460 Thread 0x000001c5fc88ffe0 Uncommon trap: reason=bimorphic_or_optimized_type_check action=maybe_recompile pc=0x000001c5b16fb868 method=java.nio.Buffer.<init>(IIIILjdk/internal/access/foreign/MemorySegmentProxy;)V @ 39 c2
Event: 7.460 Thread 0x000001c5fc88ffe0 DEOPT PACKING pc=0x000001c5b16fb868 sp=0x00000001017fcad0
Event: 7.460 Thread 0x000001c5fc88ffe0 DEOPT UNPACKING pc=0x000001c5a9b220a3 sp=0x00000001017fca88 mode 2
Event: 7.461 Thread 0x000001c5fc88ffe0 Uncommon trap: trap_request=0xffffffc6 fr.pc=0x000001c5b16fb868 relative=0x0000000000000228
Event: 7.461 Thread 0x000001c5fc88ffe0 Uncommon trap: reason=bimorphic_or_optimized_type_check action=maybe_recompile pc=0x000001c5b16fb868 method=java.nio.Buffer.<init>(IIIILjdk/internal/access/foreign/MemorySegmentProxy;)V @ 39 c2
Event: 7.461 Thread 0x000001c5fc88ffe0 DEOPT PACKING pc=0x000001c5b16fb868 sp=0x00000001017fba30
Event: 7.461 Thread 0x000001c5fc88ffe0 DEOPT UNPACKING pc=0x000001c5a9b220a3 sp=0x00000001017fb9e8 mode 2
Event: 7.462 Thread 0x000001c5fc88ffe0 Uncommon trap: trap_request=0xffffffc6 fr.pc=0x000001c5b16fb868 relative=0x0000000000000228
Event: 7.462 Thread 0x000001c5fc88ffe0 Uncommon trap: reason=bimorphic_or_optimized_type_check action=maybe_recompile pc=0x000001c5b16fb868 method=java.nio.Buffer.<init>(IIIILjdk/internal/access/foreign/MemorySegmentProxy;)V @ 39 c2
Event: 7.462 Thread 0x000001c5fc88ffe0 DEOPT PACKING pc=0x000001c5b16fb868 sp=0x00000001017fa1a0
Event: 7.462 Thread 0x000001c5fc88ffe0 DEOPT UNPACKING pc=0x000001c5a9b220a3 sp=0x00000001017fa158 mode 2

Classes unloaded (7 events):
Event: 4.332 Thread 0x000001c5fad2b0a0 Unloading class 0x000001c5bae18800 'java/lang/invoke/LambdaForm$MH+0x000001c5bae18800'
Event: 4.332 Thread 0x000001c5fad2b0a0 Unloading class 0x000001c5bae18400 'java/lang/invoke/LambdaForm$MH+0x000001c5bae18400'
Event: 4.332 Thread 0x000001c5fad2b0a0 Unloading class 0x000001c5bae18000 'java/lang/invoke/LambdaForm$MH+0x000001c5bae18000'
Event: 4.332 Thread 0x000001c5fad2b0a0 Unloading class 0x000001c5bae17c00 'java/lang/invoke/LambdaForm$MH+0x000001c5bae17c00'
Event: 4.332 Thread 0x000001c5fad2b0a0 Unloading class 0x000001c5bae17400 'java/lang/invoke/LambdaForm$BMH+0x000001c5bae17400'
Event: 4.332 Thread 0x000001c5fad2b0a0 Unloading class 0x000001c5bae17000 'java/lang/invoke/LambdaForm$DMH+0x000001c5bae17000'
Event: 4.332 Thread 0x000001c5fad2b0a0 Unloading class 0x000001c5bae14400 'java/lang/invoke/LambdaForm$DMH+0x000001c5bae14400'

Classes redefined (0 events):
No events

Internal exceptions (20 events):
Event: 4.042 Thread 0x000001c5fc88ffe0 Exception <a 'java/lang/NoSuchMethodError'{0x00000000eb23d918}: 'java.lang.Object java.lang.invoke.DirectMethodHandle$Holder.invokeStatic(java.lang.Object, java.lang.Object, java.lang.Object, java.lang.Object, int)'> (0x00000000eb23d918) 
thrown [e:\jenkins\tmp\workspace\build\src\src\hotspot\share\interpreter\linkResolver.cpp, line 766]
Event: 4.044 Thread 0x000001c5fc88ffe0 Exception <a 'java/lang/NoSuchMethodError'{0x00000000eb249910}: 'java.lang.Object java.lang.invoke.DelegatingMethodHandle$Holder.reinvoke_L(java.lang.Object, java.lang.Object, java.lang.Object, java.lang.Object, int, int)'> (0x00000000eb249910) 
thrown [e:\jenkins\tmp\workspace\build\src\src\hotspot\share\interpreter\linkResolver.cpp, line 766]
Event: 4.047 Thread 0x000001c5fc88ffe0 Exception <a 'java/lang/NoSuchMethodError'{0x00000000eb2615f8}: 'java.lang.Object java.lang.invoke.Invokers$Holder.invokeExact_MT(java.lang.Object, java.lang.Object, java.lang.Object, java.lang.Object)'> (0x00000000eb2615f8) 
thrown [e:\jenkins\tmp\workspace\build\src\src\hotspot\share\interpreter\linkResolver.cpp, line 766]
Event: 4.284 Thread 0x000001c5fc88ffe0 Exception <a 'java/lang/NoSuchMethodError'{0x00000000eba594c8}: 'int java.lang.invoke.DirectMethodHandle$Holder.invokeStaticInit(java.lang.Object, java.lang.Object, java.lang.Object)'> (0x00000000eba594c8) 
thrown [e:\jenkins\tmp\workspace\build\src\src\hotspot\share\interpreter\linkResolver.cpp, line 766]
Event: 4.366 Thread 0x000001c5fc88ffe0 Exception <a 'java/lang/IncompatibleClassChangeError'{0x00000000eab5b030}: Found class java.lang.Object, but interface was expected> (0x00000000eab5b030) 
thrown [e:\jenkins\tmp\workspace\build\src\src\hotspot\share\interpreter\linkResolver.cpp, line 833]
Event: 4.837 Thread 0x000001c5fc88ffe0 Exception <a 'java/io/FileNotFoundException'{0x00000000eb5c3788}> (0x00000000eb5c3788) 
thrown [e:\jenkins\tmp\workspace\build\src\src\hotspot\share\prims\jni.cpp, line 516]
Event: 4.956 Thread 0x000001c5fc88ffe0 Exception <a 'java/lang/NoSuchMethodError'{0x00000000eba27868}: 'void java.lang.invoke.DirectMethodHandle$Holder.invokeSpecial(java.lang.Object, java.lang.Object, java.lang.Object, int)'> (0x00000000eba27868) 
thrown [e:\jenkins\tmp\workspace\build\src\src\hotspot\share\interpreter\linkResolver.cpp, line 766]
Event: 5.080 Thread 0x000001c5fd807400 Exception <a 'java/lang/NoSuchMethodError'{0x00000000ebd32eb8}: 'int java.lang.invoke.DirectMethodHandle$Holder.invokeVirtual(java.lang.Object, java.lang.Object)'> (0x00000000ebd32eb8) 
thrown [e:\jenkins\tmp\workspace\build\src\src\hotspot\share\interpreter\linkResolver.cpp, line 766]
Event: 5.396 Thread 0x000001c5fc88ffe0 Exception <a 'java/io/FileNotFoundException'{0x00000000eb53fab0}> (0x00000000eb53fab0) 
thrown [e:\jenkins\tmp\workspace\build\src\src\hotspot\share\prims\jni.cpp, line 516]
Event: 5.396 Thread 0x000001c5fc88ffe0 Exception <a 'java/io/FileNotFoundException'{0x00000000eb5408c0}> (0x00000000eb5408c0) 
thrown [e:\jenkins\tmp\workspace\build\src\src\hotspot\share\prims\jni.cpp, line 516]
Event: 5.396 Thread 0x000001c5fc88ffe0 Exception <a 'java/io/FileNotFoundException'{0x00000000eb5416e0}> (0x00000000eb5416e0) 
thrown [e:\jenkins\tmp\workspace\build\src\src\hotspot\share\prims\jni.cpp, line 516]
Event: 6.147 Thread 0x000001c5fd808270 Exception <a 'java/lang/NoSuchMethodError'{0x00000000eaf14350}: 'java.lang.Object java.lang.invoke.DirectMethodHandle$Holder.newInvokeSpecial(java.lang.Object, java.lang.Object, java.lang.Object, java.lang.Object, java.lang.Object)'> (0x00000000eaf14350) 
thrown [e:\jenkins\tmp\workspace\build\src\src\hotspot\share\interpreter\linkResolver.cpp, line 766]
Event: 6.355 Thread 0x000001c5fc88ffe0 Exception <a 'java/lang/ClassNotFoundException'{0x00000000eab03578}: com/sun/org/apache/xerces/internal/impl/msg/spi/DOMMessagesProvider> (0x00000000eab03578) 
thrown [e:\jenkins\tmp\workspace\build\src\src\hotspot\share\classfile\systemDictionary.cpp, line 256]
Event: 6.357 Thread 0x000001c5fc88ffe0 Exception <a 'java/lang/ClassNotFoundException'{0x00000000eab1f1c8}: com/sun/org/apache/xerces/internal/impl/msg/spi/XMLSerializerMessagesProvider> (0x00000000eab1f1c8) 
thrown [e:\jenkins\tmp\workspace\build\src\src\hotspot\share\classfile\systemDictionary.cpp, line 256]
Event: 6.360 Thread 0x000001c5fc88ffe0 Exception <a 'java/lang/ClassNotFoundException'{0x00000000eab2c4a0}: com/sun/org/apache/xerces/internal/impl/msg/spi/XMLMessagesProvider> (0x00000000eab2c4a0) 
thrown [e:\jenkins\tmp\workspace\build\src\src\hotspot\share\classfile\systemDictionary.cpp, line 256]
Event: 6.873 Thread 0x000001c5fc88ffe0 Exception <a 'java/lang/NoSuchMethodError'{0x00000000eb19a0d8}: 'java.lang.Object java.lang.invoke.DirectMethodHandle$Holder.invokeStaticInit(java.lang.Object, int, int, int, int)'> (0x00000000eb19a0d8) 
thrown [e:\jenkins\tmp\workspace\build\src\src\hotspot\share\interpreter\linkResolver.cpp, line 766]
Event: 7.010 Thread 0x000001c5fd806590 Exception <a 'java/lang/NoClassDefFoundError'{0x00000000eb6665b8}: javax/enterprise/inject/Typed> (0x00000000eb6665b8) 
thrown [e:\jenkins\tmp\workspace\build\src\src\hotspot\share\classfile\systemDictionary.cpp, line 245]
Event: 7.344 Thread 0x000001c5fc88ffe0 Exception <a 'java/lang/NoSuchMethodError'{0x00000000eae356e8}: 'java.lang.Object java.lang.invoke.DirectMethodHandle$Holder.invokeStaticInit(java.lang.Object, java.lang.Object, int, int, int, int)'> (0x00000000eae356e8) 
thrown [e:\jenkins\tmp\workspace\build\src\src\hotspot\share\interpreter\linkResolver.cpp, line 766]
Event: 7.457 Thread 0x000001c5fc88ffe0 Exception <a 'java/lang/ClassNotFoundException'{0x00000000eb517b70}: com/sun/org/apache/xml/internal/serializer/spi/XMLEntitiesProvider> (0x00000000eb517b70) 
thrown [e:\jenkins\tmp\workspace\build\src\src\hotspot\share\classfile\systemDictionary.cpp, line 256]
Event: 7.711 Thread 0x000001c5fc88ffe0 Exception <a 'java/io/FileNotFoundException'{0x00000000eb07d7d8}> (0x00000000eb07d7d8) 
thrown [e:\jenkins\tmp\workspace\build\src\src\hotspot\share\prims\jni.cpp, line 516]

VM Operations (20 events):
Event: 6.419 Executing VM operation: HandshakeAllThreads
Event: 6.424 Executing VM operation: HandshakeAllThreads done
Event: 6.970 Executing VM operation: HandshakeAllThreads
Event: 6.974 Executing VM operation: HandshakeAllThreads done
Event: 7.273 Executing VM operation: ParallelGCFailedAllocation
Event: 7.278 Executing VM operation: ParallelGCFailedAllocation done
Event: 7.289 Executing VM operation: HandshakeAllThreads
Event: 7.289 Executing VM operation: HandshakeAllThreads done
Event: 7.313 Executing VM operation: HandshakeAllThreads
Event: 7.313 Executing VM operation: HandshakeAllThreads done
Event: 7.456 Executing VM operation: HandshakeAllThreads
Event: 7.456 Executing VM operation: HandshakeAllThreads done
Event: 7.458 Executing VM operation: HandshakeAllThreads
Event: 7.458 Executing VM operation: HandshakeAllThreads done
Event: 7.502 Executing VM operation: HandshakeAllThreads
Event: 7.502 Executing VM operation: HandshakeAllThreads done
Event: 7.511 Executing VM operation: CollectForMetadataAllocation
Event: 7.570 Executing VM operation: CollectForMetadataAllocation done
Event: 7.591 Executing VM operation: HandshakeAllThreads
Event: 7.591 Executing VM operation: HandshakeAllThreads done

Events (20 events):
Event: 7.620 loading class sun/nio/cs/KOI8_R
Event: 7.623 loading class sun/nio/cs/KOI8_R done
Event: 7.634 loading class com/sun/org/apache/xml/internal/serializer/NamespaceMappings
Event: 7.634 loading class com/sun/org/apache/xml/internal/serializer/NamespaceMappings done
Event: 7.634 loading class com/sun/org/apache/xml/internal/serializer/NamespaceMappings$MappingRecord
Event: 7.634 loading class com/sun/org/apache/xml/internal/serializer/NamespaceMappings$MappingRecord done
Event: 7.634 loading class javax/xml/transform/stream/StreamSource
Event: 7.634 loading class javax/xml/transform/stream/StreamSource done
Event: 7.634 loading class javax/xml/transform/sax/SAXSource
Event: 7.634 loading class javax/xml/transform/sax/SAXSource done
Event: 7.634 loading class javax/xml/transform/stax/StAXSource
Event: 7.634 loading class javax/xml/transform/stax/StAXSource done
Event: 7.634 loading class com/sun/org/apache/xalan/internal/xsltc/trax/DOM2TO
Event: 7.636 loading class com/sun/org/apache/xalan/internal/xsltc/trax/DOM2TO done
Event: 7.682 loading class com/sun/org/apache/xml/internal/serializer/WriterToUTF8Buffered
Event: 7.683 loading class com/sun/org/apache/xml/internal/serializer/WriterChain
Event: 7.683 loading class com/sun/org/apache/xml/internal/serializer/WriterChain done
Event: 7.683 loading class com/sun/org/apache/xml/internal/serializer/WriterToUTF8Buffered done
Event: 7.683 loading class com/sun/org/apache/xml/internal/serializer/WriterToASCI
Event: 7.683 loading class com/sun/org/apache/xml/internal/serializer/WriterToASCI done


Dynamic libraries:
0x00007ff6155c0000 - 0x00007ff6155ce000 	c:\Users\gilbe\.vscode\extensions\redhat.java-1.9.0-win32-x64\jre\17.0.3-win32-x86_64\bin\java.exe
0x00007ff8b7ed0000 - 0x00007ff8b80c8000 	C:\windows\SYSTEM32\ntdll.dll
0x00007ff8b7510000 - 0x00007ff8b75cd000 	C:\windows\System32\KERNEL32.DLL
0x00007ff8b5940000 - 0x00007ff8b5c0e000 	C:\windows\System32\KERNELBASE.dll
0x00007ff8b5de0000 - 0x00007ff8b5ee0000 	C:\windows\System32\ucrtbase.dll
0x00007ff8aea20000 - 0x00007ff8aea38000 	c:\Users\gilbe\.vscode\extensions\redhat.java-1.9.0-win32-x64\jre\17.0.3-win32-x86_64\bin\jli.dll
0x00007ff8ad430000 - 0x00007ff8ad449000 	c:\Users\gilbe\.vscode\extensions\redhat.java-1.9.0-win32-x64\jre\17.0.3-win32-x86_64\bin\VCRUNTIME140.dll
0x00007ff8b5f40000 - 0x00007ff8b60e0000 	C:\windows\System32\USER32.dll
0x00007ff8b5910000 - 0x00007ff8b5932000 	C:\windows\System32\win32u.dll
0x00007ff8b7df0000 - 0x00007ff8b7e1a000 	C:\windows\System32\GDI32.dll
0x00007ff8b5cd0000 - 0x00007ff8b5ddb000 	C:\windows\System32\gdi32full.dll
0x00007ff8b57c0000 - 0x00007ff8b585d000 	C:\windows\System32\msvcp_win.dll
0x00007ff89edf0000 - 0x00007ff89f08a000 	C:\windows\WinSxS\amd64_microsoft.windows.common-controls_6595b64144ccf1df_6.0.19041.1110_none_60b5254171f9507e\COMCTL32.dll
0x00007ff8b7ab0000 - 0x00007ff8b7b4e000 	C:\windows\System32\msvcrt.dll
0x00007ff8b7720000 - 0x00007ff8b7750000 	C:\windows\System32\IMM32.DLL
0x00007ff8ad620000 - 0x00007ff8ad62c000 	c:\Users\gilbe\.vscode\extensions\redhat.java-1.9.0-win32-x64\jre\17.0.3-win32-x86_64\bin\vcruntime140_1.dll
0x00007ff887b10000 - 0x00007ff887ba1000 	c:\Users\gilbe\.vscode\extensions\redhat.java-1.9.0-win32-x64\jre\17.0.3-win32-x86_64\bin\msvcp140.dll
0x00007ff875b60000 - 0x00007ff8767a8000 	c:\Users\gilbe\.vscode\extensions\redhat.java-1.9.0-win32-x64\jre\17.0.3-win32-x86_64\bin\server\jvm.dll
0x00007ff8b63f0000 - 0x00007ff8b649e000 	C:\windows\System32\ADVAPI32.dll
0x00007ff8b7470000 - 0x00007ff8b750c000 	C:\windows\System32\sechost.dll
0x00007ff8b7210000 - 0x00007ff8b7335000 	C:\windows\System32\RPCRT4.dll
0x00007ff8b5f30000 - 0x00007ff8b5f38000 	C:\windows\System32\PSAPI.DLL
0x00007ff8ad5e0000 - 0x00007ff8ad5e9000 	C:\windows\SYSTEM32\WSOCK32.dll
0x00007ff8b7140000 - 0x00007ff8b71ab000 	C:\windows\System32\WS2_32.dll
0x00007ff8ac360000 - 0x00007ff8ac387000 	C:\windows\SYSTEM32\WINMM.dll
0x00007ff8ac390000 - 0x00007ff8ac39a000 	C:\windows\SYSTEM32\VERSION.dll
0x00007ff8b34f0000 - 0x00007ff8b3502000 	C:\windows\SYSTEM32\kernel.appcore.dll
0x00007ff8ad3b0000 - 0x00007ff8ad3ba000 	c:\Users\gilbe\.vscode\extensions\redhat.java-1.9.0-win32-x64\jre\17.0.3-win32-x86_64\bin\jimage.dll
0x00007ff89fd40000 - 0x00007ff89ff24000 	C:\windows\SYSTEM32\DBGHELP.DLL
0x00007ff89a020000 - 0x00007ff89a04c000 	C:\windows\SYSTEM32\dbgcore.DLL
0x00007ff8b5c10000 - 0x00007ff8b5c92000 	C:\windows\System32\bcryptPrimitives.dll
0x00007ff8ad3a0000 - 0x00007ff8ad3ae000 	c:\Users\gilbe\.vscode\extensions\redhat.java-1.9.0-win32-x64\jre\17.0.3-win32-x86_64\bin\instrument.dll
0x00007ff8ad350000 - 0x00007ff8ad375000 	c:\Users\gilbe\.vscode\extensions\redhat.java-1.9.0-win32-x64\jre\17.0.3-win32-x86_64\bin\java.dll
0x00007ff8ad330000 - 0x00007ff8ad348000 	c:\Users\gilbe\.vscode\extensions\redhat.java-1.9.0-win32-x64\jre\17.0.3-win32-x86_64\bin\zip.dll
0x00007ff8b6500000 - 0x00007ff8b6c44000 	C:\windows\System32\SHELL32.dll
0x00007ff8b36f0000 - 0x00007ff8b3e84000 	C:\windows\SYSTEM32\windows.storage.dll
0x00007ff8b7750000 - 0x00007ff8b7aa4000 	C:\windows\System32\combase.dll
0x00007ff8b4f80000 - 0x00007ff8b4fb0000 	C:\windows\SYSTEM32\Wldp.dll
0x00007ff8b6290000 - 0x00007ff8b633d000 	C:\windows\System32\SHCORE.dll
0x00007ff8b64a0000 - 0x00007ff8b64f5000 	C:\windows\System32\shlwapi.dll
0x00007ff8b5530000 - 0x00007ff8b554f000 	C:\windows\SYSTEM32\profapi.dll
0x00007ff8ad2f0000 - 0x00007ff8ad309000 	C:\Users\gilbe\.vscode\extensions\redhat.java-1.9.0-win32-x64\jre\17.0.3-win32-x86_64\bin\net.dll
0x00007ff8a6530000 - 0x00007ff8a663a000 	C:\windows\SYSTEM32\WINHTTP.dll
0x00007ff8b4ce0000 - 0x00007ff8b4d4a000 	C:\windows\system32\mswsock.dll
0x00007ff8ad0c0000 - 0x00007ff8ad0d5000 	C:\Users\gilbe\.vscode\extensions\redhat.java-1.9.0-win32-x64\jre\17.0.3-win32-x86_64\bin\nio.dll
0x00007ff8ad320000 - 0x00007ff8ad330000 	c:\Users\gilbe\.vscode\extensions\redhat.java-1.9.0-win32-x64\jre\17.0.3-win32-x86_64\bin\verify.dll
0x00007ff890a80000 - 0x00007ff890abe000 	C:\Users\gilbe\AppData\Roaming\Code\User\globalStorage\redhat.java\1.9.0\config_win\org.eclipse.equinox.launcher\org.eclipse.equinox.launcher.win32.win32.x86_64_1.2.500.v20220509-0833\eclipse_11700.dll
0x00007ff8b7cc0000 - 0x00007ff8b7dea000 	C:\windows\System32\ole32.dll
0x00007ff8b4ed0000 - 0x00007ff8b4ee8000 	C:\windows\SYSTEM32\CRYPTSP.dll
0x00007ff8b4660000 - 0x00007ff8b4694000 	C:\windows\system32\rsaenh.dll
0x00007ff8b5ca0000 - 0x00007ff8b5cc7000 	C:\windows\System32\bcrypt.dll
0x00007ff8b54b0000 - 0x00007ff8b54de000 	C:\windows\SYSTEM32\USERENV.dll
0x00007ff8b4ef0000 - 0x00007ff8b4efc000 	C:\windows\SYSTEM32\CRYPTBASE.dll
0x00007ff8b49d0000 - 0x00007ff8b4a0b000 	C:\windows\SYSTEM32\IPHLPAPI.DLL
0x00007ff8b7e80000 - 0x00007ff8b7e88000 	C:\windows\System32\NSI.dll
0x00007ff8a9a30000 - 0x00007ff8a9a47000 	C:\windows\SYSTEM32\dhcpcsvc6.DLL
0x00007ff8a9da0000 - 0x00007ff8a9dbd000 	C:\windows\SYSTEM32\dhcpcsvc.DLL
0x00007ff8b4a10000 - 0x00007ff8b4adb000 	C:\windows\SYSTEM32\DNSAPI.dll

dbghelp: loaded successfully - version: 4.0.5 - missing functions: none
symbol engine: initialized successfully - sym options: 0x614 - pdb path: .;c:\Users\gilbe\.vscode\extensions\redhat.java-1.9.0-win32-x64\jre\17.0.3-win32-x86_64\bin;C:\windows\SYSTEM32;C:\windows\WinSxS\amd64_microsoft.windows.common-controls_6595b64144ccf1df_6.0.19041.1110_none_60b5254171f9507e;c:\Users\gilbe\.vscode\extensions\redhat.java-1.9.0-win32-x64\jre\17.0.3-win32-x86_64\bin\server;C:\Users\gilbe\AppData\Roaming\Code\User\globalStorage\redhat.java\1.9.0\config_win\org.eclipse.equinox.launcher\org.eclipse.equinox.launcher.win32.win32.x86_64_1.2.500.v20220509-0833

VM Arguments:
jvm_args: --add-modules=ALL-SYSTEM --add-opens=java.base/java.util=ALL-UNNAMED --add-opens=java.base/java.lang=ALL-UNNAMED --add-opens=java.base/sun.nio.fs=ALL-UNNAMED -Declipse.application=org.eclipse.jdt.ls.core.id1 -Dosgi.bundles.defaultStartLevel=4 -Declipse.product=org.eclipse.jdt.ls.core.product -Djava.import.generatesMetadataFilesAtProjectRoot=false -Dfile.encoding=utf8 -DwatchParentProcess=false -XX:+UseParallelGC -XX:GCTimeRatio=4 -XX:AdaptiveSizePolicyWeight=90 -Dsun.zip.disableMemoryMapping=true -Xmx1G -Xms100m -javaagent:c:\Users\gilbe\.vscode\extensions\redhat.java-1.9.0-win32-x64\lombok\lombok-1.18.24.jar -XX:+HeapDumpOnOutOfMemoryError -XX:HeapDumpPath=c:\Users\gilbe\AppData\Roaming\Code\User\workspaceStorage\6855dac74c9501bda7c68a02d3bf8714\redhat.java 
java_command: c:\Users\gilbe\.vscode\extensions\redhat.java-1.9.0-win32-x64\server\plugins\org.eclipse.equinox.launcher_1.6.400.v20210924-0641.jar -configuration c:\Users\gilbe\AppData\Roaming\Code\User\globalStorage\redhat.java\1.9.0\config_win -data c:\Users\gilbe\AppData\Roaming\Code\User\workspaceStorage\6855dac74c9501bda7c68a02d3bf8714\redhat.java\jdt_ws
java_class_path (initial): c:\Users\gilbe\.vscode\extensions\redhat.java-1.9.0-win32-x64\server\plugins\org.eclipse.equinox.launcher_1.6.400.v20210924-0641.jar
Launcher Type: SUN_STANDARD

[Global flags]
    uintx AdaptiveSizePolicyWeight                 = 90                                        {product} {command line}
     intx CICompilerCount                          = 2                                         {product} {ergonomic}
    uintx GCTimeRatio                              = 4                                         {product} {command line}
     bool HeapDumpOnOutOfMemoryError               = true                                   {manageable} {command line}
    ccstr HeapDumpPath                             = c:\Users\gilbe\AppData\Roaming\Code\User\workspaceStorage\6855dac74c9501bda7c68a02d3bf8714\redhat.java         {manageable} {command line}
   size_t InitialHeapSize                          = 104857600                                 {product} {command line}
   size_t MaxHeapSize                              = 1073741824                                {product} {command line}
   size_t MaxNewSize                               = 357564416                                 {product} {ergonomic}
   size_t MinHeapDeltaBytes                        = 524288                                    {product} {ergonomic}
   size_t MinHeapSize                              = 104857600                                 {product} {command line}
   size_t NewSize                                  = 34603008                                  {product} {ergonomic}
    uintx NonNMethodCodeHeapSize                   = 5826188                                {pd product} {ergonomic}
    uintx NonProfiledCodeHeapSize                  = 122916026                              {pd product} {ergonomic}
   size_t OldSize                                  = 70254592                                  {product} {ergonomic}
    uintx ProfiledCodeHeapSize                     = 122916026                              {pd product} {ergonomic}
    uintx ReservedCodeCacheSize                    = 251658240                              {pd product} {ergonomic}
     bool SegmentedCodeCache                       = true                                      {product} {ergonomic}
   size_t SoftMaxHeapSize                          = 1073741824                             {manageable} {ergonomic}
     bool UseCompressedClassPointers               = true                           {product lp64_product} {ergonomic}
     bool UseCompressedOops                        = true                           {product lp64_product} {ergonomic}
     bool UseLargePagesIndividualAllocation        = false                                  {pd product} {ergonomic}
     bool UseParallelGC                            = true                                      {product} {command line}

Logging:
Log output configuration:
 #0: stdout all=warning uptime,level,tags
 #1: stderr all=off uptime,level,tags

Environment Variables:
PATH=C:\Program Files (x86)\Common Files\Oracle\Java\javapath;C:\windows\system32;C:\windows;C:\windows\System32\Wbem;C:\windows\System32\WindowsPowerShell\v1.0\;C:\windows\System32\OpenSSH\;C:\Program Files\nodejs\;C:\ProgramData\chocolatey\bin;C:\Users\gilbe\AppData\Local\Programs\Python\Python310\Scripts\;C:\Users\gilbe\AppData\Local\Programs\Python\Python310\;C:\Users\gilbe\AppData\Local\Microsoft\WindowsApps;C:\Users\gilbe\AppData\Local\Programs\Microsoft VS Code\bin;C:\Users\gilbe\AppData\Roaming\npm;C:\Program Files\Java\jdk1.8.0_311\bin;C:\Program Files\Java\jre1.8.0_341\bin;
USERNAME=gilbe
OS=Windows_NT
PROCESSOR_IDENTIFIER=AMD64 Family 23 Model 24 Stepping 1, AuthenticAMD



---------------  S Y S T E M  ---------------

OS:
 Windows 10 , 64 bit Build 19041 (10.0.19041.1806)
OS uptime: 23 days 21:35 hours

CPU: total 2 (initial active 2) (2 cores per cpu, 1 threads per core) family 23 model 24 stepping 1 microcode 0x0, cx8, cmov, fxsr, mmx, 3dnowpref, sse, sse2, sse3, ssse3, sse4a, sse4.1, sse4.2, popcnt, lzcnt, tsc, tscinvbit, avx, avx2, aes, clmul, bmi1, bmi2, adx, sha, fma, vzeroupper, clflush, clflushopt

Memory: 4k page, system-wide physical 3463M (106M free)
TotalPageFile size 14215M (AvailPageFile size 4M)
current process WorkingSet (physical memory assigned to process): 163M, peak: 163M
current process commit charge ("private bytes"): 244M, peak: 246M

vm_info: OpenJDK 64-Bit Server VM (17.0.3+7) for windows-amd64 JRE (17.0.3+7), built on Apr 19 2022 16:55:35 by "" with MS VC++ 16.7 (VS2019)

END.
