#
# There is insufficient memory for the Java Runtime Environment to continue.
# Native memory allocation (mmap) failed to map 216006656 bytes for G1 virtual space
# Possible reasons:
#   The system is out of physical RAM or swap space
#   The process is running with CompressedOops enabled, and the Java Heap may be blocking the growth of the native heap
# Possible solutions:
#   Reduce memory load on the system
#   Increase physical memory or swap space
#   Check if swap backing store is full
#   Decrease Java heap size (-Xmx/-Xms)
#   Decrease number of Java threads
#   Decrease Java thread stack sizes (-Xss)
#   Set larger code cache with -XX:ReservedCodeCacheSize=
#   JVM is running with Unscaled Compressed Oops mode in which the Java heap is
#     placed in the first 4GB address space. The Java Heap base address is the
#     maximum limit for the native heap growth. Please use -XX:HeapBaseMinAddress
#     to set the Java Heap base and to place the Java Heap above 4GB virtual address.
# This output file may be truncated or incomplete.
#
#  Out of Memory Error (os_windows.cpp:3535), pid=12104, tid=7340
#
# JRE version: OpenJDK Runtime Environment Temurin-17.0.3+7 (17.0.3+7) (build 17.0.3+7)
# Java VM: OpenJDK 64-Bit Server VM Temurin-17.0.3+7 (17.0.3+7, mixed mode, emulated-client, tiered, compressed oops, compressed class ptrs, g1 gc, windows-amd64)
# No core dump will be written. Minidumps are not enabled by default on client versions of Windows
#

---------------  S U M M A R Y ------------

Command Line: -Dsts.lsp.client=vscode -Dsts.log.file=/dev/null -XX:TieredStopAtLevel=1 -Dspring.config.location=file:c:\Users\gilbe\.vscode\extensions\pivotal.vscode-spring-boot-1.37.0\language-server\BOOT-INF\classes\application.properties org.springframework.ide.vscode.boot.app.BootLanguageServerBootApp

Host: AMD Athlon Silver 3050U with Radeon Graphics   , 2 cores, 3G,  Windows 10 , 64 bit Build 19041 (10.0.19041.1806)
Time: Wed Aug 10 05:57:28 2022 Central Daylight Time elapsed time: 11.825130 seconds (0d 0h 0m 11s)

---------------  T H R E A D  ---------------

Current thread (0x000001d81dedbf10):  VMThread "VM Thread" [stack: 0x000000c1f9500000,0x000000c1f9600000] [id=7340]

Stack: [0x000000c1f9500000,0x000000c1f9600000]
Native frames: (J=compiled Java code, j=interpreted, Vv=VM code, C=native code)
V  [jvm.dll+0x675efa]
V  [jvm.dll+0x830a24]
V  [jvm.dll+0x8321ce]
V  [jvm.dll+0x832833]
V  [jvm.dll+0x2454b5]
V  [jvm.dll+0x672de9]
V  [jvm.dll+0x667732]
V  [jvm.dll+0x3043ab]
V  [jvm.dll+0x30b8f6]
V  [jvm.dll+0x35b62e]
V  [jvm.dll+0x35b85f]
V  [jvm.dll+0x2db248]
V  [jvm.dll+0x2d94fc]
V  [jvm.dll+0x2d8acc]
V  [jvm.dll+0x31ca2b]
V  [jvm.dll+0x836cdb]
V  [jvm.dll+0x837a14]
V  [jvm.dll+0x837f2c]
V  [jvm.dll+0x838304]
V  [jvm.dll+0x8383d0]
V  [jvm.dll+0x7e0cfa]
V  [jvm.dll+0x674d85]
C  [ucrtbase.dll+0x21bb2]
C  [KERNEL32.DLL+0x17034]
C  [ntdll.dll+0x52651]

VM_Operation (0x000000c1fa8fd9c0): G1CollectForAllocation, mode: safepoint, requested by thread 0x000001d8208a4a50


---------------  P R O C E S S  ---------------

Threads class SMR info:
_java_thread_list=0x000001d8224db050, length=28, elements={
0x000001d81df01750, 0x000001d81df025c0, 0x000001d81df3f130, 0x000001d81df41eb0,
0x000001d81df44880, 0x000001d81df45230, 0x000001d81df45be0, 0x000001d81df465d0,
0x000001d81ea8c750, 0x000001d81ea96090, 0x000001d81e9e6a10, 0x000001d82060a220,
0x000001d820568630, 0x000001d82071b050, 0x000001d812434c80, 0x000001d8207a0570,
0x000001d8207a0a40, 0x000001d8208a4a50, 0x000001d8208b59a0, 0x000001d8208b5e70,
0x000001d8208d9720, 0x000001d8209e2d40, 0x000001d8209e3210, 0x000001d8209e1060,
0x000001d8209e1530, 0x000001d8209e1a00, 0x000001d8209e1ed0, 0x000001d8209e3bb0
}

Java Threads: ( => current thread )
  0x000001d81df01750 JavaThread "Reference Handler" daemon [_thread_blocked, id=8300, stack(0x000000c1f9600000,0x000000c1f9700000)]
  0x000001d81df025c0 JavaThread "Finalizer" daemon [_thread_blocked, id=17192, stack(0x000000c1f9700000,0x000000c1f9800000)]
  0x000001d81df3f130 JavaThread "Signal Dispatcher" daemon [_thread_blocked, id=18480, stack(0x000000c1f9800000,0x000000c1f9900000)]
  0x000001d81df41eb0 JavaThread "Attach Listener" daemon [_thread_blocked, id=1080, stack(0x000000c1f9900000,0x000000c1f9a00000)]
  0x000001d81df44880 JavaThread "Service Thread" daemon [_thread_blocked, id=20624, stack(0x000000c1f9a00000,0x000000c1f9b00000)]
  0x000001d81df45230 JavaThread "Monitor Deflation Thread" daemon [_thread_blocked, id=13532, stack(0x000000c1f9b00000,0x000000c1f9c00000)]
  0x000001d81df45be0 JavaThread "C1 CompilerThread0" daemon [_thread_blocked, id=4336, stack(0x000000c1f9c00000,0x000000c1f9d00000)]
  0x000001d81df465d0 JavaThread "Sweeper thread" daemon [_thread_blocked, id=10752, stack(0x000000c1f9d00000,0x000000c1f9e00000)]
  0x000001d81ea8c750 JavaThread "Notification Thread" daemon [_thread_blocked, id=14436, stack(0x000000c1f9e00000,0x000000c1f9f00000)]
  0x000001d81ea96090 JavaThread "Common-Cleaner" daemon [_thread_blocked, id=9824, stack(0x000000c1fa000000,0x000000c1fa100000)]
  0x000001d81e9e6a10 JavaThread "C1 CompilerThread1" daemon [_thread_blocked, id=20632, stack(0x000000c1fa200000,0x000000c1fa300000)]
  0x000001d82060a220 JavaThread "Thread-1" [_thread_blocked, id=14964, stack(0x000000c1fa300000,0x000000c1fa400000)]
  0x000001d820568630 JavaThread "pool-7-thread-1" [_thread_blocked, id=8248, stack(0x000000c1fa400000,0x000000c1fa500000)]
  0x000001d82071b050 JavaThread "LanguageServerApp-lifecycle" [_thread_blocked, id=16644, stack(0x000000c1fa500000,0x000000c1fa600000)]
  0x000001d812434c80 JavaThread "DestroyJavaVM" [_thread_blocked, id=7896, stack(0x000000c1f8f00000,0x000000c1f9000000)]
  0x000001d8207a0570 JavaThread "pool-8-thread-1" [_thread_in_native, id=21416, stack(0x000000c1fa600000,0x000000c1fa700000)]
  0x000001d8207a0a40 JavaThread "ClassGraph-worker-0" daemon [_thread_blocked, id=19356, stack(0x000000c1fa700000,0x000000c1fa800000)]
  0x000001d8208a4a50 JavaThread "ClassGraph-worker-1" daemon [_thread_blocked, id=19876, stack(0x000000c1fa800000,0x000000c1fa900000)]
  0x000001d8208b59a0 JavaThread "ClassGraph-worker-2" daemon [_thread_blocked, id=16240, stack(0x000000c1fa900000,0x000000c1faa00000)]
  0x000001d8208b5e70 JavaThread "ClassGraph-worker-3" daemon [_thread_blocked, id=2672, stack(0x000000c1faa00000,0x000000c1fab00000)]
  0x000001d8208d9720 JavaThread "Simple-Language-Server main thread" daemon [_thread_blocked, id=15196, stack(0x000000c1fab00000,0x000000c1fac00000)]
  0x000001d8209e2d40 JavaThread "pool-5-thread-1" [_thread_blocked, id=13324, stack(0x000000c1fac00000,0x000000c1fad00000)]
  0x000001d8209e3210 JavaThread "parallel-1" daemon [_thread_blocked, id=12320, stack(0x000000c1fad00000,0x000000c1fae00000)]
  0x000001d8209e1060 JavaThread "parallel-2" daemon [_thread_blocked, id=15416, stack(0x000000c1fae00000,0x000000c1faf00000)]
  0x000001d8209e1530 JavaThread "pool-2-thread-1" [_thread_blocked, id=13120, stack(0x000000c1faf00000,0x000000c1fb000000)]
  0x000001d8209e1a00 JavaThread "Reconciler-1" daemon [_thread_blocked, id=17420, stack(0x000000c1fb100000,0x000000c1fb200000)]
  0x000001d8209e1ed0 JavaThread "pool-2-thread-2" [_thread_blocked, id=18168, stack(0x000000c1fb200000,0x000000c1fb300000)]
  0x000001d8209e3bb0 JavaThread "pool-3-thread-1" [_thread_blocked, id=11320, stack(0x000000c1fb300000,0x000000c1fb400000)]

Other Threads:
=>0x000001d81dedbf10 VMThread "VM Thread" [stack: 0x000000c1f9500000,0x000000c1f9600000] [id=7340]
  0x000001d81ea8cc20 WatcherThread [stack: 0x000000c1f9f00000,0x000000c1fa000000] [id=18856]
  0x000001d81246aa50 GCTaskThread "GC Thread#0" [stack: 0x000000c1f9000000,0x000000c1f9100000] [id=20464]
  0x000001d81ebbb140 GCTaskThread "GC Thread#1" [stack: 0x000000c1fa100000,0x000000c1fa200000] [id=21464]
  0x000001d8124735e0 ConcurrentGCThread "G1 Main Marker" [stack: 0x000000c1f9100000,0x000000c1f9200000] [id=3236]
  0x000001d812475400 ConcurrentGCThread "G1 Conc#0" [stack: 0x000000c1f9200000,0x000000c1f9300000] [id=8096]
  0x000001d8124a7c30 ConcurrentGCThread "G1 Refine#0" [stack: 0x000000c1f9300000,0x000000c1f9400000] [id=11612]
  0x000001d82096f940 ConcurrentGCThread "G1 Refine#1" [stack: 0x000000c1fb000000,0x000000c1fb100000] [id=15920]
  0x000001d8124a8650 ConcurrentGCThread "G1 Service" [stack: 0x000000c1f9400000,0x000000c1f9500000] [id=7056]

Threads with active compile tasks:

VM state: at safepoint (normal execution)

VM Mutex/Monitor currently owned by a thread:  ([mutex/lock_event])
[0x000001d812236970] Threads_lock - owner thread: 0x000001d81dedbf10
[0x000001d8124323c0] Heap_lock - owner thread: 0x000001d8208a4a50

Heap address: 0x00000000c9e00000, size: 866 MB, Compressed Oops mode: 32-bit

CDS archive(s) not mapped
Compressed class space mapped at: 0x0000000100000000-0x0000000140000000, reserved size: 1073741824
Narrow klass base: 0x0000000000000000, Narrow klass shift: 3, Narrow klass range: 0x140000000

GC Precious Log:
 CPUs: 2 total, 2 available
 Memory: 3463M
 Large Page Support: Disabled
 NUMA Support: Disabled
 Compressed Oops: Enabled (32-bit)
 Heap Region Size: 1M
 Heap Min Capacity: 8M
 Heap Initial Capacity: 56M
 Heap Max Capacity: 866M
 Pre-touch: Disabled
 Parallel Workers: 2
 Concurrent Workers: 1
 Concurrent Refinement Workers: 2
 Periodic GC: Disabled

Heap:
 garbage-first heap   total 142336K, used 73958K [0x00000000c9e00000, 0x0000000100000000)
  region size 1024K, 2 young (2048K), 2 survivors (2048K)
 Metaspace       used 41246K, committed 41600K, reserved 1089536K
  class space    used 5090K, committed 5248K, reserved 1048576K

Heap Regions: E=young(eden), S=young(survivor), O=old, HS=humongous(starts), HC=humongous(continues), CS=collection set, F=free, OA=open archive, CA=closed archive, TAMS=top-at-mark-start (previous, next)
|   0|0x00000000c9e00000, 0x00000000c9f00000, 0x00000000c9f00000|100%| O|  |TAMS 0x00000000c9f00000, 0x00000000c9f00000| Untracked 
|   1|0x00000000c9f00000, 0x00000000ca000000, 0x00000000ca000000|100%| O|  |TAMS 0x00000000ca000000, 0x00000000ca000000| Untracked 
|   2|0x00000000ca000000, 0x00000000ca100000, 0x00000000ca100000|100%| O|  |TAMS 0x00000000ca100000, 0x00000000ca100000| Untracked 
|   3|0x00000000ca100000, 0x00000000ca200000, 0x00000000ca200000|100%| O|  |TAMS 0x00000000ca200000, 0x00000000ca200000| Untracked 
|   4|0x00000000ca200000, 0x00000000ca300000, 0x00000000ca300000|100%| O|  |TAMS 0x00000000ca300000, 0x00000000ca300000| Untracked 
|   5|0x00000000ca300000, 0x00000000ca400000, 0x00000000ca400000|100%| O|  |TAMS 0x00000000ca400000, 0x00000000ca400000| Untracked 
|   6|0x00000000ca400000, 0x00000000ca500000, 0x00000000ca500000|100%| O|  |TAMS 0x00000000ca500000, 0x00000000ca500000| Untracked 
|   7|0x00000000ca500000, 0x00000000ca600000, 0x00000000ca600000|100%| O|  |TAMS 0x00000000ca600000, 0x00000000ca600000| Untracked 
|   8|0x00000000ca600000, 0x00000000ca700000, 0x00000000ca700000|100%| O|  |TAMS 0x00000000ca700000, 0x00000000ca700000| Untracked 
|   9|0x00000000ca700000, 0x00000000ca800000, 0x00000000ca800000|100%| O|  |TAMS 0x00000000ca800000, 0x00000000ca800000| Untracked 
|  10|0x00000000ca800000, 0x00000000ca883400, 0x00000000ca900000| 51%| O|  |TAMS 0x00000000ca883400, 0x00000000ca883400| Untracked 
|  11|0x00000000ca900000, 0x00000000caa00000, 0x00000000caa00000|100%| O|  |TAMS 0x00000000caa00000, 0x00000000caa00000| Untracked 
|  12|0x00000000caa00000, 0x00000000cab00000, 0x00000000cab00000|100%| O|  |TAMS 0x00000000cab00000, 0x00000000cab00000| Untracked 
|  13|0x00000000cab00000, 0x00000000cac00000, 0x00000000cac00000|100%| O|  |TAMS 0x00000000cac00000, 0x00000000cac00000| Untracked 
|  14|0x00000000cac00000, 0x00000000cad00000, 0x00000000cad00000|100%| O|  |TAMS 0x00000000cad00000, 0x00000000cad00000| Untracked 
|  15|0x00000000cad00000, 0x00000000cae00000, 0x00000000cae00000|100%| O|  |TAMS 0x00000000cae00000, 0x00000000cae00000| Untracked 
|  16|0x00000000cae00000, 0x00000000caf00000, 0x00000000caf00000|100%| O|  |TAMS 0x00000000caf00000, 0x00000000caf00000| Untracked 
|  17|0x00000000caf00000, 0x00000000cb000000, 0x00000000cb000000|100%| O|  |TAMS 0x00000000cb000000, 0x00000000cb000000| Untracked 
|  18|0x00000000cb000000, 0x00000000cb100000, 0x00000000cb100000|100%| O|  |TAMS 0x00000000cb100000, 0x00000000cb100000| Untracked 
|  19|0x00000000cb100000, 0x00000000cb200000, 0x00000000cb200000|100%| O|  |TAMS 0x00000000cb200000, 0x00000000cb200000| Untracked 
|  20|0x00000000cb200000, 0x00000000cb300000, 0x00000000cb300000|100%| O|  |TAMS 0x00000000cb300000, 0x00000000cb300000| Untracked 
|  21|0x00000000cb300000, 0x00000000cb400000, 0x00000000cb400000|100%| O|  |TAMS 0x00000000cb400000, 0x00000000cb400000| Untracked 
|  22|0x00000000cb400000, 0x00000000cb500000, 0x00000000cb500000|100%| O|  |TAMS 0x00000000cb500000, 0x00000000cb500000| Untracked 
|  23|0x00000000cb500000, 0x00000000cb600000, 0x00000000cb600000|100%| O|  |TAMS 0x00000000cb600000, 0x00000000cb600000| Untracked 
|  24|0x00000000cb600000, 0x00000000cb700000, 0x00000000cb700000|100%| O|  |TAMS 0x00000000cb700000, 0x00000000cb700000| Untracked 
|  25|0x00000000cb700000, 0x00000000cb800000, 0x00000000cb800000|100%| O|  |TAMS 0x00000000cb800000, 0x00000000cb800000| Untracked 
|  26|0x00000000cb800000, 0x00000000cb900000, 0x00000000cb900000|100%| O|  |TAMS 0x00000000cb900000, 0x00000000cb900000| Untracked 
|  27|0x00000000cb900000, 0x00000000cba00000, 0x00000000cba00000|100%| O|  |TAMS 0x00000000cba00000, 0x00000000cba00000| Untracked 
|  28|0x00000000cba00000, 0x00000000cbb00000, 0x00000000cbb00000|100%| O|  |TAMS 0x00000000cbb00000, 0x00000000cbb00000| Untracked 
|  29|0x00000000cbb00000, 0x00000000cbc00000, 0x00000000cbc00000|100%| O|  |TAMS 0x00000000cbc00000, 0x00000000cbc00000| Untracked 
|  30|0x00000000cbc00000, 0x00000000cbd00000, 0x00000000cbd00000|100%| O|  |TAMS 0x00000000cbd00000, 0x00000000cbd00000| Untracked 
|  31|0x00000000cbd00000, 0x00000000cbe00000, 0x00000000cbe00000|100%| O|  |TAMS 0x00000000cbe00000, 0x00000000cbe00000| Untracked 
|  32|0x00000000cbe00000, 0x00000000cbf00000, 0x00000000cbf00000|100%| O|  |TAMS 0x00000000cbf00000, 0x00000000cbf00000| Untracked 
|  33|0x00000000cbf00000, 0x00000000cc000000, 0x00000000cc000000|100%| O|  |TAMS 0x00000000cc000000, 0x00000000cc000000| Untracked 
|  34|0x00000000cc000000, 0x00000000cc100000, 0x00000000cc100000|100%| O|  |TAMS 0x00000000cc100000, 0x00000000cc100000| Untracked 
|  35|0x00000000cc100000, 0x00000000cc200000, 0x00000000cc200000|100%| O|  |TAMS 0x00000000cc200000, 0x00000000cc200000| Untracked 
|  36|0x00000000cc200000, 0x00000000cc300000, 0x00000000cc300000|100%| O|  |TAMS 0x00000000cc300000, 0x00000000cc300000| Untracked 
|  37|0x00000000cc300000, 0x00000000cc400000, 0x00000000cc400000|100%| O|  |TAMS 0x00000000cc400000, 0x00000000cc400000| Untracked 
|  38|0x00000000cc400000, 0x00000000cc500000, 0x00000000cc500000|100%| O|  |TAMS 0x00000000cc500000, 0x00000000cc500000| Untracked 
|  39|0x00000000cc500000, 0x00000000cc600000, 0x00000000cc600000|100%| O|  |TAMS 0x00000000cc600000, 0x00000000cc600000| Untracked 
|  40|0x00000000cc600000, 0x00000000cc600000, 0x00000000cc700000|  0%| F|  |TAMS 0x00000000cc600000, 0x00000000cc600000| Untracked 
|  41|0x00000000cc700000, 0x00000000cc800000, 0x00000000cc800000|100%|HS|  |TAMS 0x00000000cc800000, 0x00000000cc800000| Complete 
|  42|0x00000000cc800000, 0x00000000cc900000, 0x00000000cc900000|100%|HC|  |TAMS 0x00000000cc900000, 0x00000000cc900000| Complete 
|  43|0x00000000cc900000, 0x00000000cca00000, 0x00000000cca00000|100%|HS|  |TAMS 0x00000000cca00000, 0x00000000cca00000| Complete 
|  44|0x00000000cca00000, 0x00000000ccb00000, 0x00000000ccb00000|100%| O|  |TAMS 0x00000000cca00000, 0x00000000ccb00000| Untracked 
|  45|0x00000000ccb00000, 0x00000000ccc00000, 0x00000000ccc00000|100%| O|  |TAMS 0x00000000ccc00000, 0x00000000ccc00000| Untracked 
|  46|0x00000000ccc00000, 0x00000000ccd00000, 0x00000000ccd00000|100%| O|  |TAMS 0x00000000ccd00000, 0x00000000ccd00000| Untracked 
|  47|0x00000000ccd00000, 0x00000000cce00000, 0x00000000cce00000|100%| O|  |TAMS 0x00000000cce00000, 0x00000000cce00000| Untracked 
|  48|0x00000000cce00000, 0x00000000ccf00000, 0x00000000ccf00000|100%| O|  |TAMS 0x00000000ccf00000, 0x00000000ccf00000| Untracked 
|  49|0x00000000ccf00000, 0x00000000cd000000, 0x00000000cd000000|100%| O|  |TAMS 0x00000000cd000000, 0x00000000cd000000| Untracked 
|  50|0x00000000cd000000, 0x00000000cd100000, 0x00000000cd100000|100%| O|  |TAMS 0x00000000cd100000, 0x00000000cd100000| Untracked 
|  51|0x00000000cd100000, 0x00000000cd200000, 0x00000000cd200000|100%| O|  |TAMS 0x00000000cd200000, 0x00000000cd200000| Untracked 
|  52|0x00000000cd200000, 0x00000000cd300000, 0x00000000cd300000|100%| O|  |TAMS 0x00000000cd300000, 0x00000000cd300000| Untracked 
|  53|0x00000000cd300000, 0x00000000cd400000, 0x00000000cd400000|100%| O|  |TAMS 0x00000000cd400000, 0x00000000cd400000| Untracked 
|  54|0x00000000cd400000, 0x00000000cd500000, 0x00000000cd500000|100%| O|  |TAMS 0x00000000cd500000, 0x00000000cd500000| Untracked 
|  55|0x00000000cd500000, 0x00000000cd600000, 0x00000000cd600000|100%| O|  |TAMS 0x00000000cd600000, 0x00000000cd600000| Untracked 
|  56|0x00000000cd600000, 0x00000000cd700000, 0x00000000cd700000|100%| O|  |TAMS 0x00000000cd700000, 0x00000000cd700000| Untracked 
|  57|0x00000000cd700000, 0x00000000cd800000, 0x00000000cd800000|100%|HS|  |TAMS 0x00000000cd800000, 0x00000000cd800000| Complete 
|  58|0x00000000cd800000, 0x00000000cd900000, 0x00000000cd900000|100%| O|  |TAMS 0x00000000cd900000, 0x00000000cd900000| Untracked 
|  59|0x00000000cd900000, 0x00000000cda00000, 0x00000000cda00000|100%| O|  |TAMS 0x00000000cda00000, 0x00000000cda00000| Untracked 
|  60|0x00000000cda00000, 0x00000000cdb00000, 0x00000000cdb00000|100%| O|  |TAMS 0x00000000cdb00000, 0x00000000cdb00000| Untracked 
|  61|0x00000000cdb00000, 0x00000000cdb00000, 0x00000000cdc00000|  0%| F|  |TAMS 0x00000000cdb00000, 0x00000000cdb00000| Untracked 
|  62|0x00000000cdc00000, 0x00000000cdd00000, 0x00000000cdd00000|100%| O|  |TAMS 0x00000000cdc00000, 0x00000000cdd00000| Untracked 
|  63|0x00000000cdd00000, 0x00000000cde00000, 0x00000000cde00000|100%| O|  |TAMS 0x00000000cde00000, 0x00000000cde00000| Untracked 
|  64|0x00000000cde00000, 0x00000000cdf00000, 0x00000000cdf00000|100%| O|  |TAMS 0x00000000cdf00000, 0x00000000cdf00000| Untracked 
|  65|0x00000000cdf00000, 0x00000000ce000000, 0x00000000ce000000|100%| O|  |TAMS 0x00000000ce000000, 0x00000000ce000000| Untracked 
|  66|0x00000000ce000000, 0x00000000ce100000, 0x00000000ce100000|100%| O|  |TAMS 0x00000000ce080000, 0x00000000ce100000| Untracked 
|  67|0x00000000ce100000, 0x00000000ce200000, 0x00000000ce200000|100%| O|  |TAMS 0x00000000ce100000, 0x00000000ce200000| Untracked 
|  68|0x00000000ce200000, 0x00000000ce300000, 0x00000000ce300000|100%| O|  |TAMS 0x00000000ce200000, 0x00000000ce300000| Untracked 
|  69|0x00000000ce300000, 0x00000000ce400000, 0x00000000ce400000|100%| O|  |TAMS 0x00000000ce300000, 0x00000000ce400000| Untracked 
|  70|0x00000000ce400000, 0x00000000ce500000, 0x00000000ce500000|100%| O|  |TAMS 0x00000000ce400000, 0x00000000ce500000| Untracked 
|  71|0x00000000ce500000, 0x00000000ce600000, 0x00000000ce600000|100%| O|  |TAMS 0x00000000ce500000, 0x00000000ce600000| Untracked 
|  72|0x00000000ce600000, 0x00000000ce6fc600, 0x00000000ce700000| 98%| O|  |TAMS 0x00000000ce600000, 0x00000000ce6fc600| Untracked 
|  73|0x00000000ce700000, 0x00000000ce700000, 0x00000000ce800000|  0%| F|  |TAMS 0x00000000ce700000, 0x00000000ce700000| Untracked 
|  74|0x00000000ce800000, 0x00000000ce800000, 0x00000000ce900000|  0%| F|  |TAMS 0x00000000ce800000, 0x00000000ce800000| Untracked 
|  75|0x00000000ce900000, 0x00000000ce900000, 0x00000000cea00000|  0%| F|  |TAMS 0x00000000ce900000, 0x00000000ce900000| Untracked 
|  76|0x00000000cea00000, 0x00000000cea00000, 0x00000000ceb00000|  0%| F|  |TAMS 0x00000000cea00000, 0x00000000cea00000| Untracked 
|  77|0x00000000ceb00000, 0x00000000ceb00000, 0x00000000cec00000|  0%| F|  |TAMS 0x00000000ceb00000, 0x00000000ceb00000| Untracked 
|  78|0x00000000cec00000, 0x00000000cec00000, 0x00000000ced00000|  0%| F|  |TAMS 0x00000000cec00000, 0x00000000cec00000| Untracked 
|  79|0x00000000ced00000, 0x00000000ced00000, 0x00000000cee00000|  0%| F|  |TAMS 0x00000000ced00000, 0x00000000ced00000| Untracked 
|  80|0x00000000cee00000, 0x00000000cee00000, 0x00000000cef00000|  0%| F|  |TAMS 0x00000000cee00000, 0x00000000cee00000| Untracked 
|  81|0x00000000cef00000, 0x00000000cef00000, 0x00000000cf000000|  0%| F|  |TAMS 0x00000000cef00000, 0x00000000cef00000| Untracked 
|  82|0x00000000cf000000, 0x00000000cf000000, 0x00000000cf100000|  0%| F|  |TAMS 0x00000000cf000000, 0x00000000cf000000| Untracked 
|  83|0x00000000cf100000, 0x00000000cf100000, 0x00000000cf200000|  0%| F|  |TAMS 0x00000000cf100000, 0x00000000cf100000| Untracked 
|  84|0x00000000cf200000, 0x00000000cf200000, 0x00000000cf300000|  0%| F|  |TAMS 0x00000000cf200000, 0x00000000cf200000| Untracked 
|  85|0x00000000cf300000, 0x00000000cf300000, 0x00000000cf400000|  0%| F|  |TAMS 0x00000000cf300000, 0x00000000cf300000| Untracked 
|  86|0x00000000cf400000, 0x00000000cf400000, 0x00000000cf500000|  0%| F|  |TAMS 0x00000000cf400000, 0x00000000cf400000| Untracked 
|  87|0x00000000cf500000, 0x00000000cf500000, 0x00000000cf600000|  0%| F|  |TAMS 0x00000000cf500000, 0x00000000cf500000| Untracked 
|  88|0x00000000cf600000, 0x00000000cf600000, 0x00000000cf700000|  0%| F|  |TAMS 0x00000000cf600000, 0x00000000cf600000| Untracked 
|  89|0x00000000cf700000, 0x00000000cf700000, 0x00000000cf800000|  0%| F|  |TAMS 0x00000000cf700000, 0x00000000cf700000| Untracked 
|  90|0x00000000cf800000, 0x00000000cf800000, 0x00000000cf900000|  0%| F|  |TAMS 0x00000000cf800000, 0x00000000cf800000| Untracked 
|  91|0x00000000cf900000, 0x00000000cf900000, 0x00000000cfa00000|  0%| F|  |TAMS 0x00000000cf900000, 0x00000000cf900000| Untracked 
|  92|0x00000000cfa00000, 0x00000000cfa00000, 0x00000000cfb00000|  0%| F|  |TAMS 0x00000000cfa00000, 0x00000000cfa00000| Untracked 
|  93|0x00000000cfb00000, 0x00000000cfb00000, 0x00000000cfc00000|  0%| F|  |TAMS 0x00000000cfb00000, 0x00000000cfb00000| Untracked 
|  94|0x00000000cfc00000, 0x00000000cfc00000, 0x00000000cfd00000|  0%| F|  |TAMS 0x00000000cfc00000, 0x00000000cfc00000| Untracked 
|  95|0x00000000cfd00000, 0x00000000cfd00000, 0x00000000cfe00000|  0%| F|  |TAMS 0x00000000cfd00000, 0x00000000cfd00000| Untracked 
|  96|0x00000000cfe00000, 0x00000000cfe00000, 0x00000000cff00000|  0%| F|  |TAMS 0x00000000cfe00000, 0x00000000cfe00000| Untracked 
|  97|0x00000000cff00000, 0x00000000cff00000, 0x00000000d0000000|  0%| F|  |TAMS 0x00000000cff00000, 0x00000000cff00000| Untracked 
|  98|0x00000000d0000000, 0x00000000d0000000, 0x00000000d0100000|  0%| F|  |TAMS 0x00000000d0000000, 0x00000000d0000000| Untracked 
|  99|0x00000000d0100000, 0x00000000d0100000, 0x00000000d0200000|  0%| F|  |TAMS 0x00000000d0100000, 0x00000000d0100000| Untracked 
| 100|0x00000000d0200000, 0x00000000d0200000, 0x00000000d0300000|  0%| F|  |TAMS 0x00000000d0200000, 0x00000000d0200000| Untracked 
| 101|0x00000000d0300000, 0x00000000d03ba1c8, 0x00000000d0400000| 72%| S|CS|TAMS 0x00000000d0300000, 0x00000000d0300000| Complete 
| 102|0x00000000d0400000, 0x00000000d0500000, 0x00000000d0500000|100%| S|CS|TAMS 0x00000000d0400000, 0x00000000d0400000| Complete 
| 103|0x00000000d0500000, 0x00000000d0500000, 0x00000000d0600000|  0%| F|  |TAMS 0x00000000d0500000, 0x00000000d0500000| Untracked 
| 104|0x00000000d0600000, 0x00000000d0600000, 0x00000000d0700000|  0%| F|  |TAMS 0x00000000d0600000, 0x00000000d0600000| Untracked 
| 105|0x00000000d0700000, 0x00000000d0700000, 0x00000000d0800000|  0%| F|  |TAMS 0x00000000d0700000, 0x00000000d0700000| Untracked 
| 106|0x00000000d0800000, 0x00000000d0800000, 0x00000000d0900000|  0%| F|  |TAMS 0x00000000d0800000, 0x00000000d0800000| Untracked 
| 107|0x00000000d0900000, 0x00000000d0900000, 0x00000000d0a00000|  0%| F|  |TAMS 0x00000000d0900000, 0x00000000d0900000| Untracked 
| 108|0x00000000d0a00000, 0x00000000d0a00000, 0x00000000d0b00000|  0%| F|  |TAMS 0x00000000d0a00000, 0x00000000d0a00000| Untracked 
| 109|0x00000000d0b00000, 0x00000000d0b00000, 0x00000000d0c00000|  0%| F|  |TAMS 0x00000000d0b00000, 0x00000000d0b00000| Untracked 
| 110|0x00000000d0c00000, 0x00000000d0c00000, 0x00000000d0d00000|  0%| F|  |TAMS 0x00000000d0c00000, 0x00000000d0c00000| Untracked 
| 111|0x00000000d0d00000, 0x00000000d0d00000, 0x00000000d0e00000|  0%| F|  |TAMS 0x00000000d0d00000, 0x00000000d0d00000| Untracked 
| 112|0x00000000d0e00000, 0x00000000d0e00000, 0x00000000d0f00000|  0%| F|  |TAMS 0x00000000d0e00000, 0x00000000d0e00000| Untracked 
| 113|0x00000000d0f00000, 0x00000000d0f00000, 0x00000000d1000000|  0%| F|  |TAMS 0x00000000d0f00000, 0x00000000d0f00000| Untracked 
| 114|0x00000000d1000000, 0x00000000d1000000, 0x00000000d1100000|  0%| F|  |TAMS 0x00000000d1000000, 0x00000000d1000000| Untracked 
| 115|0x00000000d1100000, 0x00000000d1100000, 0x00000000d1200000|  0%| F|  |TAMS 0x00000000d1100000, 0x00000000d1100000| Untracked 
| 116|0x00000000d1200000, 0x00000000d1200000, 0x00000000d1300000|  0%| F|  |TAMS 0x00000000d1200000, 0x00000000d1200000| Untracked 
| 117|0x00000000d1300000, 0x00000000d1300000, 0x00000000d1400000|  0%| F|  |TAMS 0x00000000d1300000, 0x00000000d1300000| Untracked 
| 118|0x00000000d1400000, 0x00000000d1400000, 0x00000000d1500000|  0%| F|  |TAMS 0x00000000d1400000, 0x00000000d1400000| Untracked 
| 119|0x00000000d1500000, 0x00000000d1500000, 0x00000000d1600000|  0%| F|  |TAMS 0x00000000d1500000, 0x00000000d1500000| Untracked 
| 120|0x00000000d1600000, 0x00000000d1600000, 0x00000000d1700000|  0%| F|  |TAMS 0x00000000d1600000, 0x00000000d1600000| Untracked 
| 121|0x00000000d1700000, 0x00000000d1700000, 0x00000000d1800000|  0%| F|  |TAMS 0x00000000d1700000, 0x00000000d1700000| Untracked 
| 122|0x00000000d1800000, 0x00000000d1800000, 0x00000000d1900000|  0%| F|  |TAMS 0x00000000d1800000, 0x00000000d1800000| Untracked 
| 123|0x00000000d1900000, 0x00000000d1900000, 0x00000000d1a00000|  0%| F|  |TAMS 0x00000000d1900000, 0x00000000d1900000| Untracked 
| 124|0x00000000d1a00000, 0x00000000d1a00000, 0x00000000d1b00000|  0%| F|  |TAMS 0x00000000d1a00000, 0x00000000d1a00000| Untracked 
| 125|0x00000000d1b00000, 0x00000000d1b00000, 0x00000000d1c00000|  0%| F|  |TAMS 0x00000000d1b00000, 0x00000000d1b00000| Untracked 
| 126|0x00000000d1c00000, 0x00000000d1c00000, 0x00000000d1d00000|  0%| F|  |TAMS 0x00000000d1c00000, 0x00000000d1c00000| Untracked 
| 127|0x00000000d1d00000, 0x00000000d1d00000, 0x00000000d1e00000|  0%| F|  |TAMS 0x00000000d1d00000, 0x00000000d1d00000| Untracked 
| 128|0x00000000d1e00000, 0x00000000d1e00000, 0x00000000d1f00000|  0%| F|  |TAMS 0x00000000d1e00000, 0x00000000d1e00000| Untracked 
| 129|0x00000000d1f00000, 0x00000000d1f00000, 0x00000000d2000000|  0%| F|  |TAMS 0x00000000d1f00000, 0x00000000d1f00000| Untracked 
| 130|0x00000000d2000000, 0x00000000d2000000, 0x00000000d2100000|  0%| F|  |TAMS 0x00000000d2000000, 0x00000000d2000000| Untracked 
| 131|0x00000000d2100000, 0x00000000d2100000, 0x00000000d2200000|  0%| F|  |TAMS 0x00000000d2100000, 0x00000000d2100000| Untracked 
| 132|0x00000000d2200000, 0x00000000d2200000, 0x00000000d2300000|  0%| F|  |TAMS 0x00000000d2200000, 0x00000000d2200000| Untracked 
| 133|0x00000000d2300000, 0x00000000d2300000, 0x00000000d2400000|  0%| F|  |TAMS 0x00000000d2300000, 0x00000000d2300000| Untracked 
| 134|0x00000000d2400000, 0x00000000d2400000, 0x00000000d2500000|  0%| F|  |TAMS 0x00000000d2400000, 0x00000000d2400000| Untracked 
| 135|0x00000000d2500000, 0x00000000d2500000, 0x00000000d2600000|  0%| F|  |TAMS 0x00000000d2500000, 0x00000000d2500000| Untracked 
| 136|0x00000000d2600000, 0x00000000d2600000, 0x00000000d2700000|  0%| F|  |TAMS 0x00000000d2600000, 0x00000000d2600000| Untracked 
| 137|0x00000000d2700000, 0x00000000d2700000, 0x00000000d2800000|  0%| F|  |TAMS 0x00000000d2700000, 0x00000000d2700000| Untracked 
| 138|0x00000000d2800000, 0x00000000d2800000, 0x00000000d2900000|  0%| F|  |TAMS 0x00000000d2800000, 0x00000000d2800000| Untracked 

Card table byte_map: [0x000001d819ce0000,0x000001d819ea0000] _byte_map_base: 0x000001d819691000

Marking Bits (Prev, Next): (CMBitMap*) 0x000001d81246c070, (CMBitMap*) 0x000001d81246c0b0
 Prev Bits: [0x000001d81a060000, 0x000001d81ade8000)
 Next Bits: [0x000001d81adf0000, 0x000001d81bb78000)

Polling page: 0x000001d812510000

Metaspace:

Usage:
  Non-class:     35.31 MB used.
      Class:      4.97 MB used.
       Both:     40.28 MB used.

Virtual space:
  Non-class space:       40.00 MB reserved,      35.50 MB ( 89%) committed,  5 nodes.
      Class space:        1.00 GB reserved,       5.12 MB ( <1%) committed,  1 nodes.
             Both:        1.04 GB reserved,      40.62 MB (  4%) committed. 

Chunk freelists:
   Non-Class:  304.00 KB
       Class:  2.69 MB
        Both:  2.99 MB

MaxMetaspaceSize: unlimited
CompressedClassSpaceSize: 1.00 GB
Initial GC threshold: 21.00 MB
Current GC threshold: 67.31 MB
CDS: off
MetaspaceReclaimPolicy: balanced
 - commit_granule_bytes: 65536.
 - commit_granule_words: 8192.
 - virtual_space_node_default_size: 1048576.
 - enlarge_chunks_in_place: 1.
 - new_chunks_are_fully_committed: 0.
 - uncommit_free_chunks: 1.
 - use_allocation_guard: 0.
 - handle_deallocations: 1.


Internal statistics:

num_allocs_failed_limit: 3.
num_arena_births: 344.
num_arena_deaths: 0.
num_vsnodes_births: 6.
num_vsnodes_deaths: 0.
num_space_committed: 650.
num_space_uncommitted: 0.
num_chunks_returned_to_freelist: 3.
num_chunks_taken_from_freelist: 1552.
num_chunk_merges: 3.
num_chunk_splits: 1101.
num_chunks_enlarged: 874.
num_purges: 0.
num_inconsistent_stats: 0.

CodeCache: size=49152Kb used=8310Kb max_used=8310Kb free=40842Kb
 bounds [0x000001d8168a0000, 0x000001d8170c0000, 0x000001d8198a0000]
 total_blobs=4513 nmethods=3961 adapters=478
 compilation: enabled
              stopped_count=0, restarted_count=0
 full_count=0

Compilation events (20 events):
Event: 11.551 Thread 0x000001d81df45be0 nmethod 3949 0x000001d8170b2c90 code [0x000001d8170b2ea0, 0x000001d8170b3468]
Event: 11.551 Thread 0x000001d81df45be0 3950   !   1       io.github.classgraph.Classfile::<init> (860 bytes)
Event: 11.551 Thread 0x000001d81e9e6a10 nmethod 3948 0x000001d8170b3790 code [0x000001d8170b3a40, 0x000001d8170b44f8]
Event: 11.551 Thread 0x000001d81e9e6a10 3951       1       io.github.classgraph.ModuleReaderProxy::open (72 bytes)
Event: 11.551 Thread 0x000001d81e9e6a10 nmethod 3951 0x000001d8170b4b10 code [0x000001d8170b4d20, 0x000001d8170b5208]
Event: 11.551 Thread 0x000001d81e9e6a10 3952       1       jdk.internal.module.SystemModuleFinders$SystemModuleReader$$Lambda$142/0x00000001001bbdd0::<init> (10 bytes)
Event: 11.551 Thread 0x000001d81e9e6a10 nmethod 3952 0x000001d8170b5410 code [0x000001d8170b55a0, 0x000001d8170b56b8]
Event: 11.551 Thread 0x000001d81e9e6a10 3953       1       jdk.internal.module.SystemModuleFinders$SystemModuleReader$$Lambda$142/0x00000001001bbdd0::apply (12 bytes)
Event: 11.551 Thread 0x000001d81e9e6a10 nmethod 3953 0x000001d8170b5710 code [0x000001d8170b58a0, 0x000001d8170b59c8]
Event: 11.551 Thread 0x000001d81e9e6a10 3954   !   1       jdk.internal.module.SystemModuleFinders$SystemModuleReader::toInputStream (43 bytes)
Event: 11.552 Thread 0x000001d81e9e6a10 nmethod 3954 0x000001d8170b5a90 code [0x000001d8170b5c80, 0x000001d8170b61a8]
Event: 11.552 Thread 0x000001d81e9e6a10 3959   !   1       nonapi.io.github.classgraph.fileslice.reader.ClassfileReader::close (43 bytes)
Event: 11.552 Thread 0x000001d81e9e6a10 nmethod 3959 0x000001d8170b6490 code [0x000001d8170b6640, 0x000001d8170b6818]
Event: 11.553 Thread 0x000001d81e9e6a10 3961  s!   1       jdk.internal.loader.URLClassPath::getLoader (196 bytes)
Event: 11.554 Thread 0x000001d81e9e6a10 nmethod 3961 0x000001d8170b6910 code [0x000001d8170b6bc0, 0x000001d8170b75d8]
Event: 11.554 Thread 0x000001d81df45be0 nmethod 3950 0x000001d8170b7f10 code [0x000001d8170b8740, 0x000001d8170bb288]
Event: 11.554 Thread 0x000001d81df45be0 3962       1       nonapi.io.github.classgraph.fileslice.reader.ClassfileReader::<init> (29 bytes)
Event: 11.559 Thread 0x000001d81df45be0 nmethod 3962 0x000001d8170bcd10 code [0x000001d8170bcea0, 0x000001d8170bd118]
Event: 11.570 Thread 0x000001d81df45be0 3963       1       java.util.concurrent.ThreadLocalRandom::getProbe (13 bytes)
Event: 11.571 Thread 0x000001d81df45be0 nmethod 3963 0x000001d8170bd510 code [0x000001d8170bd6a0, 0x000001d8170bd758]

GC Heap History (20 events):
Event: 9.602 GC heap after
{Heap after GC invocations=15 (full 0):
 garbage-first heap   total 54272K, used 28638K [0x00000000c9e00000, 0x0000000100000000)
  region size 1024K, 2 young (2048K), 2 survivors (2048K)
 Metaspace       used 35501K, committed 35840K, reserved 1081344K
  class space    used 4576K, committed 4736K, reserved 1048576K
}
Event: 9.718 GC heap before
{Heap before GC invocations=16 (full 0):
 garbage-first heap   total 54272K, used 39902K [0x00000000c9e00000, 0x0000000100000000)
  region size 1024K, 13 young (13312K), 2 survivors (2048K)
 Metaspace       used 35504K, committed 35840K, reserved 1081344K
  class space    used 4576K, committed 4736K, reserved 1048576K
}
Event: 9.730 GC heap after
{Heap after GC invocations=17 (full 0):
 garbage-first heap   total 54272K, used 30784K [0x00000000c9e00000, 0x0000000100000000)
  region size 1024K, 2 young (2048K), 2 survivors (2048K)
 Metaspace       used 35504K, committed 35840K, reserved 1081344K
  class space    used 4576K, committed 4736K, reserved 1048576K
}
Event: 9.792 GC heap before
{Heap before GC invocations=17 (full 0):
 garbage-first heap   total 54272K, used 40000K [0x00000000c9e00000, 0x0000000100000000)
  region size 1024K, 12 young (12288K), 2 survivors (2048K)
 Metaspace       used 35713K, committed 36032K, reserved 1081344K
  class space    used 4600K, committed 4736K, reserved 1048576K
}
Event: 9.797 GC heap after
{Heap after GC invocations=18 (full 0):
 garbage-first heap   total 54272K, used 32783K [0x00000000c9e00000, 0x0000000100000000)
  region size 1024K, 2 young (2048K), 2 survivors (2048K)
 Metaspace       used 35713K, committed 36032K, reserved 1081344K
  class space    used 4600K, committed 4736K, reserved 1048576K
}
Event: 9.837 GC heap before
{Heap before GC invocations=18 (full 0):
 garbage-first heap   total 71680K, used 41999K [0x00000000c9e00000, 0x0000000100000000)
  region size 1024K, 11 young (11264K), 2 survivors (2048K)
 Metaspace       used 35772K, committed 36096K, reserved 1081344K
  class space    used 4611K, committed 4736K, reserved 1048576K
}
Event: 9.844 GC heap after
{Heap after GC invocations=19 (full 0):
 garbage-first heap   total 139264K, used 35137K [0x00000000c9e00000, 0x0000000100000000)
  region size 1024K, 2 young (2048K), 2 survivors (2048K)
 Metaspace       used 35772K, committed 36096K, reserved 1081344K
  class space    used 4611K, committed 4736K, reserved 1048576K
}
Event: 10.278 GC heap before
{Heap before GC invocations=20 (full 0):
 garbage-first heap   total 139264K, used 87361K [0x00000000c9e00000, 0x0000000100000000)
  region size 1024K, 54 young (55296K), 2 survivors (2048K)
 Metaspace       used 37137K, committed 37440K, reserved 1089536K
  class space    used 4704K, committed 4864K, reserved 1048576K
}
Event: 10.326 GC heap after
{Heap after GC invocations=21 (full 0):
 garbage-first heap   total 139264K, used 48574K [0x00000000c9e00000, 0x0000000100000000)
  region size 1024K, 7 young (7168K), 7 survivors (7168K)
 Metaspace       used 37137K, committed 37440K, reserved 1089536K
  class space    used 4704K, committed 4864K, reserved 1048576K
}
Event: 11.401 GC heap before
{Heap before GC invocations=21 (full 0):
 garbage-first heap   total 139264K, used 94654K [0x00000000c9e00000, 0x0000000100000000)
  region size 1024K, 49 young (50176K), 7 survivors (7168K)
 Metaspace       used 40286K, committed 40640K, reserved 1089536K
  class space    used 4978K, committed 5184K, reserved 1048576K
}
Event: 11.425 GC heap after
{Heap after GC invocations=22 (full 0):
 garbage-first heap   total 139264K, used 64525K [0x00000000c9e00000, 0x0000000100000000)
  region size 1024K, 7 young (7168K), 7 survivors (7168K)
 Metaspace       used 40286K, committed 40640K, reserved 1089536K
  class space    used 4978K, committed 5184K, reserved 1048576K
}
Event: 11.515 GC heap before
{Heap before GC invocations=22 (full 0):
 garbage-first heap   total 139264K, used 98317K [0x00000000c9e00000, 0x0000000100000000)
  region size 1024K, 40 young (40960K), 7 survivors (7168K)
 Metaspace       used 40630K, committed 40960K, reserved 1089536K
  class space    used 5014K, committed 5184K, reserved 1048576K
}
Event: 11.539 GC heap after
{Heap after GC invocations=23 (full 0):
 garbage-first heap   total 139264K, used 72717K [0x00000000c9e00000, 0x0000000100000000)
  region size 1024K, 5 young (5120K), 5 survivors (5120K)
 Metaspace       used 40630K, committed 40960K, reserved 1089536K
  class space    used 5014K, committed 5184K, reserved 1048576K
}
Event: 11.585 GC heap before
{Heap before GC invocations=23 (full 0):
 garbage-first heap   total 139264K, used 100365K [0x00000000c9e00000, 0x0000000100000000)
  region size 1024K, 33 young (33792K), 5 survivors (5120K)
 Metaspace       used 40931K, committed 41280K, reserved 1089536K
  class space    used 5055K, committed 5248K, reserved 1048576K
}
Event: 11.595 GC heap after
{Heap after GC invocations=24 (full 0):
 garbage-first heap   total 139264K, used 75277K [0x00000000c9e00000, 0x0000000100000000)
  region size 1024K, 2 young (2048K), 2 survivors (2048K)
 Metaspace       used 40931K, committed 41280K, reserved 1089536K
  class space    used 5055K, committed 5248K, reserved 1048576K
}
Event: 11.777 GC heap before
{Heap before GC invocations=25 (full 0):
 garbage-first heap   total 142336K, used 101901K [0x00000000c9e00000, 0x0000000100000000)
  region size 1024K, 31 young (31744K), 2 survivors (2048K)
 Metaspace       used 41072K, committed 41408K, reserved 1089536K
  class space    used 5069K, committed 5248K, reserved 1048576K
}
Event: 11.780 GC heap after
{Heap after GC invocations=26 (full 0):
 garbage-first heap   total 142336K, used 73679K [0x00000000c9e00000, 0x0000000100000000)
  region size 1024K, 3 young (3072K), 3 survivors (3072K)
 Metaspace       used 41072K, committed 41408K, reserved 1089536K
  class space    used 5069K, committed 5248K, reserved 1048576K
}
Event: 11.784 GC heap before
{Heap before GC invocations=26 (full 0):
 garbage-first heap   total 142336K, used 76751K [0x00000000c9e00000, 0x0000000100000000)
  region size 1024K, 6 young (6144K), 3 survivors (3072K)
 Metaspace       used 41072K, committed 41408K, reserved 1089536K
  class space    used 5069K, committed 5248K, reserved 1048576K
}
Event: 11.788 GC heap after
{Heap after GC invocations=27 (full 0):
 garbage-first heap   total 142336K, used 72649K [0x00000000c9e00000, 0x0000000100000000)
  region size 1024K, 1 young (1024K), 1 survivors (1024K)
 Metaspace       used 41072K, committed 41408K, reserved 1089536K
  class space    used 5069K, committed 5248K, reserved 1048576K
}
Event: 11.820 GC heap before
{Heap before GC invocations=27 (full 0):
 garbage-first heap   total 142336K, used 107465K [0x00000000c9e00000, 0x0000000100000000)
  region size 1024K, 36 young (36864K), 1 survivors (1024K)
 Metaspace       used 41246K, committed 41600K, reserved 1089536K
  class space    used 5090K, committed 5248K, reserved 1048576K
}

Deoptimization events (20 events):
Event: 3.819 Thread 0x000001d812434c80 DEOPT PACKING pc=0x000001d816b09675 sp=0x000000c1f8ffd8e0
Event: 3.819 Thread 0x000001d812434c80 DEOPT UNPACKING pc=0x000001d8168f2b43 sp=0x000000c1f8ffcd50 mode 3
Event: 5.928 Thread 0x000001d812434c80 DEOPT PACKING pc=0x000001d816c0ef99 sp=0x000000c1f8ffd150
Event: 5.928 Thread 0x000001d812434c80 DEOPT UNPACKING pc=0x000001d8168f2b43 sp=0x000000c1f8ffc630 mode 3
Event: 6.580 Thread 0x000001d812434c80 DEOPT PACKING pc=0x000001d816d7c4f5 sp=0x000000c1f8ffccc0
Event: 6.580 Thread 0x000001d812434c80 DEOPT UNPACKING pc=0x000001d8168f2b43 sp=0x000000c1f8ffc130 mode 3
Event: 7.557 Thread 0x000001d812434c80 DEOPT PACKING pc=0x000001d816e29999 sp=0x000000c1f8ffc6d0
Event: 7.557 Thread 0x000001d812434c80 DEOPT UNPACKING pc=0x000001d8168f2b43 sp=0x000000c1f8ffbbb0 mode 3
Event: 7.893 Thread 0x000001d82060a220 DEOPT PACKING pc=0x000001d816e8dc2b sp=0x000000c1fa3fea90
Event: 7.893 Thread 0x000001d82060a220 DEOPT UNPACKING pc=0x000001d8168f2b43 sp=0x000000c1fa3fdfd8 mode 3
Event: 8.497 Thread 0x000001d8208d9720 DEOPT PACKING pc=0x000001d816f41435 sp=0x000000c1fabfd7e0
Event: 8.497 Thread 0x000001d8208d9720 DEOPT UNPACKING pc=0x000001d8168f2b43 sp=0x000000c1fabfcd08 mode 3
Event: 9.166 Thread 0x000001d8207a0570 DEOPT PACKING pc=0x000001d816c12801 sp=0x000000c1fa6fdf00
Event: 9.166 Thread 0x000001d8207a0570 DEOPT UNPACKING pc=0x000001d8168f2b43 sp=0x000000c1fa6fd390 mode 3
Event: 9.229 Thread 0x000001d8209e2d40 DEOPT PACKING pc=0x000001d816c5c917 sp=0x000000c1facfefd0
Event: 9.229 Thread 0x000001d8209e2d40 DEOPT UNPACKING pc=0x000001d8168f2b43 sp=0x000000c1facfe428 mode 3
Event: 9.524 Thread 0x000001d8208d9720 DEOPT PACKING pc=0x000001d816debd34 sp=0x000000c1fabf8b70
Event: 9.524 Thread 0x000001d8208d9720 DEOPT UNPACKING pc=0x000001d8168f2b43 sp=0x000000c1fabf7ff0 mode 3
Event: 10.401 Thread 0x000001d8207a0a40 DEOPT PACKING pc=0x000001d816ff8914 sp=0x000000c1fa7fe660
Event: 10.401 Thread 0x000001d8207a0a40 DEOPT UNPACKING pc=0x000001d8168f2b43 sp=0x000000c1fa7fdb48 mode 0

Classes unloaded (0 events):
No events

Classes redefined (0 events):
No events

Internal exceptions (20 events):
Event: 8.090 Thread 0x000001d8207a0a40 Exception <a 'sun/nio/fs/WindowsException'{0x00000000cc0bf5b0}> (0x00000000cc0bf5b0) 
thrown [e:\jenkins\tmp\workspace\build\src\src\hotspot\share\prims\jni.cpp, line 516]
Event: 8.090 Thread 0x000001d8207a0a40 Exception <a 'sun/nio/fs/WindowsException'{0x00000000cc0bffb0}> (0x00000000cc0bffb0) 
thrown [e:\jenkins\tmp\workspace\build\src\src\hotspot\share\prims\jni.cpp, line 516]
Event: 8.090 Thread 0x000001d8207a0a40 Exception <a 'sun/nio/fs/WindowsException'{0x00000000cc0c0370}> (0x00000000cc0c0370) 
thrown [e:\jenkins\tmp\workspace\build\src\src\hotspot\share\prims\jni.cpp, line 516]
Event: 8.090 Thread 0x000001d8207a0a40 Exception <a 'sun/nio/fs/WindowsException'{0x00000000cc0c0d70}> (0x00000000cc0c0d70) 
thrown [e:\jenkins\tmp\workspace\build\src\src\hotspot\share\prims\jni.cpp, line 516]
Event: 8.090 Thread 0x000001d8207a0a40 Exception <a 'sun/nio/fs/WindowsException'{0x00000000cc0c1120}> (0x00000000cc0c1120) 
thrown [e:\jenkins\tmp\workspace\build\src\src\hotspot\share\prims\jni.cpp, line 516]
Event: 8.091 Thread 0x000001d8207a0a40 Exception <a 'sun/nio/fs/WindowsException'{0x00000000cc0c1b20}> (0x00000000cc0c1b20) 
thrown [e:\jenkins\tmp\workspace\build\src\src\hotspot\share\prims\jni.cpp, line 516]
Event: 8.091 Thread 0x000001d8207a0a40 Exception <a 'sun/nio/fs/WindowsException'{0x00000000cc0c1ee0}> (0x00000000cc0c1ee0) 
thrown [e:\jenkins\tmp\workspace\build\src\src\hotspot\share\prims\jni.cpp, line 516]
Event: 8.091 Thread 0x000001d8207a0a40 Exception <a 'sun/nio/fs/WindowsException'{0x00000000cc0c2908}> (0x00000000cc0c2908) 
thrown [e:\jenkins\tmp\workspace\build\src\src\hotspot\share\prims\jni.cpp, line 516]
Event: 8.091 Thread 0x000001d8207a0a40 Exception <a 'sun/nio/fs/WindowsException'{0x00000000cc0c2ce8}> (0x00000000cc0c2ce8) 
thrown [e:\jenkins\tmp\workspace\build\src\src\hotspot\share\prims\jni.cpp, line 516]
Event: 8.091 Thread 0x000001d8207a0a40 Exception <a 'sun/nio/fs/WindowsException'{0x00000000cc0c3720}> (0x00000000cc0c3720) 
thrown [e:\jenkins\tmp\workspace\build\src\src\hotspot\share\prims\jni.cpp, line 516]
Event: 8.091 Thread 0x000001d8207a0a40 Exception <a 'sun/nio/fs/WindowsException'{0x00000000cc0c3b10}> (0x00000000cc0c3b10) 
thrown [e:\jenkins\tmp\workspace\build\src\src\hotspot\share\prims\jni.cpp, line 516]
Event: 8.091 Thread 0x000001d8207a0a40 Exception <a 'sun/nio/fs/WindowsException'{0x00000000cc0c4538}> (0x00000000cc0c4538) 
thrown [e:\jenkins\tmp\workspace\build\src\src\hotspot\share\prims\jni.cpp, line 516]
Event: 8.091 Thread 0x000001d8207a0a40 Exception <a 'sun/nio/fs/WindowsException'{0x00000000cc0c4928}> (0x00000000cc0c4928) 
thrown [e:\jenkins\tmp\workspace\build\src\src\hotspot\share\prims\jni.cpp, line 516]
Event: 8.248 Thread 0x000001d8207a0570 Exception <a 'java/lang/NoSuchMethodError'{0x00000000cc4930b0}: 'java.lang.Object java.lang.invoke.DirectMethodHandle$Holder.invokeStatic(java.lang.Object, java.lang.Object, java.lang.Object, int, java.lang.Object, java.lang.Object)'> (0x00000000cc4930b0) 
thrown [e:\jenkins\tmp\workspace\build\src\src\hotspot\share\interpreter\linkResolver.cpp, line 766]
Event: 8.393 Thread 0x000001d8208d9720 Exception <a 'java/lang/NoSuchMethodError'{0x00000000cc36c808}: 'java.lang.Object java.lang.invoke.DirectMethodHandle$Holder.invokeStatic(java.lang.Object, int, java.lang.Object)'> (0x00000000cc36c808) 
thrown [e:\jenkins\tmp\workspace\build\src\src\hotspot\share\interpreter\linkResolver.cpp, line 766]
Event: 9.156 Thread 0x000001d8207a0570 Exception <a 'java/lang/NoSuchMethodError'{0x00000000cc2aa3a0}: 'int java.lang.invoke.DirectMethodHandle$Holder.invokeStatic(java.lang.Object)'> (0x00000000cc2aa3a0) 
thrown [e:\jenkins\tmp\workspace\build\src\src\hotspot\share\interpreter\linkResolver.cpp, line 766]
Event: 9.157 Thread 0x000001d8207a0570 Exception <a 'java/lang/NoSuchMethodError'{0x00000000cc2adaf8}: 'int java.lang.invoke.DirectMethodHandle$Holder.invokeStaticInit(java.lang.Object)'> (0x00000000cc2adaf8) 
thrown [e:\jenkins\tmp\workspace\build\src\src\hotspot\share\interpreter\linkResolver.cpp, line 766]
Event: 10.403 Thread 0x000001d8208d9720 Exception <a 'java/lang/NoSuchMethodError'{0x00000000d21ae368}: 'java.lang.Object java.lang.invoke.Invokers$Holder.invoke_MT(java.lang.Object, java.lang.Object, java.lang.Object)'> (0x00000000d21ae368) 
thrown [e:\jenkins\tmp\workspace\build\src\src\hotspot\share\interpreter\linkResolver.cpp, line 766]
Event: 10.586 Thread 0x000001d8208d9720 Exception <a 'java/lang/NoSuchMethodError'{0x00000000d1768ed8}: 'java.lang.Object java.lang.invoke.DirectMethodHandle$Holder.newInvokeSpecial(java.lang.Object, java.lang.Object, int)'> (0x00000000d1768ed8) 
thrown [e:\jenkins\tmp\workspace\build\src\src\hotspot\share\interpreter\linkResolver.cpp, line 766]
Event: 10.626 Thread 0x000001d8209e3bb0 Exception <a 'java/lang/NoSuchMethodError'{0x00000000d1637fe8}: 'java.lang.Object java.lang.invoke.Invokers$Holder.linkToTargetMethod(java.lang.Object, long, java.lang.Object)'> (0x00000000d1637fe8) 
thrown [e:\jenkins\tmp\workspace\build\src\src\hotspot\share\interpreter\linkResolver.cpp, line 766]

VM Operations (20 events):
Event: 11.390 Executing VM operation: ICBufferFull done
Event: 11.400 Executing VM operation: G1CollectForAllocation
Event: 11.426 Executing VM operation: G1CollectForAllocation done
Event: 11.514 Executing VM operation: G1CollectForAllocation
Event: 11.541 Executing VM operation: G1CollectForAllocation done
Event: 11.543 Executing VM operation: HandshakeAllThreads
Event: 11.543 Executing VM operation: HandshakeAllThreads done
Event: 11.544 Executing VM operation: HandshakeAllThreads
Event: 11.544 Executing VM operation: HandshakeAllThreads done
Event: 11.584 Executing VM operation: G1CollectForAllocation
Event: 11.599 Executing VM operation: G1CollectForAllocation done
Event: 11.676 Executing VM operation: G1Concurrent
Event: 11.692 Executing VM operation: G1Concurrent done
Event: 11.731 Executing VM operation: G1Concurrent
Event: 11.731 Executing VM operation: G1Concurrent done
Event: 11.769 Executing VM operation: G1CollectForAllocation
Event: 11.781 Executing VM operation: G1CollectForAllocation done
Event: 11.784 Executing VM operation: G1CollectForAllocation
Event: 11.789 Executing VM operation: G1CollectForAllocation done
Event: 11.819 Executing VM operation: G1CollectForAllocation

Events (20 events):
Event: 10.516 loading class java/nio/channels/NonWritableChannelException done
Event: 10.558 loading class java/util/WeakHashMap$EntrySet
Event: 10.558 loading class java/util/WeakHashMap$EntrySet done
Event: 10.558 loading class java/util/WeakHashMap$EntryIterator
Event: 10.559 loading class java/util/WeakHashMap$HashIterator
Event: 10.559 loading class java/util/WeakHashMap$HashIterator done
Event: 10.559 loading class java/util/WeakHashMap$EntryIterator done
Event: 10.587 Thread 0x000001d8209e3bb0 Thread added: 0x000001d8209e3bb0
Event: 10.633 loading class java/security/NoSuchAlgorithmException
Event: 10.633 loading class java/security/NoSuchAlgorithmException done
Event: 10.667 loading class sun/security/provider/MD5
Event: 10.667 loading class sun/security/provider/MD5 done
Event: 10.667 loading class sun/security/provider/ByteArrayAccess$LE
Event: 10.667 loading class sun/security/provider/ByteArrayAccess$LE done
Event: 10.721 loading class sun/util/ResourceBundleEnumeration
Event: 10.721 loading class sun/util/ResourceBundleEnumeration done
Event: 10.906 loading class java/lang/AbstractMethodError
Event: 10.909 loading class java/lang/AbstractMethodError done
Event: 11.385 loading class java/lang/ExceptionInInitializerError
Event: 11.385 loading class java/lang/ExceptionInInitializerError done


Dynamic libraries:
0x00007ff6155c0000 - 0x00007ff6155ce000 	c:\Users\gilbe\.vscode\extensions\redhat.java-1.9.0-win32-x64\jre\17.0.3-win32-x86_64\bin\java.exe
0x00007ff8b7ed0000 - 0x00007ff8b80c8000 	C:\windows\SYSTEM32\ntdll.dll
0x00007ff8b7510000 - 0x00007ff8b75cd000 	C:\windows\System32\KERNEL32.DLL
0x00007ff8b5940000 - 0x00007ff8b5c0e000 	C:\windows\System32\KERNELBASE.dll
0x00007ff8b5de0000 - 0x00007ff8b5ee0000 	C:\windows\System32\ucrtbase.dll
0x00007ff8aea20000 - 0x00007ff8aea38000 	c:\Users\gilbe\.vscode\extensions\redhat.java-1.9.0-win32-x64\jre\17.0.3-win32-x86_64\bin\jli.dll
0x00007ff8b5f40000 - 0x00007ff8b60e0000 	C:\windows\System32\USER32.dll
0x00007ff8b5910000 - 0x00007ff8b5932000 	C:\windows\System32\win32u.dll
0x00007ff8b7df0000 - 0x00007ff8b7e1a000 	C:\windows\System32\GDI32.dll
0x00007ff8b5cd0000 - 0x00007ff8b5ddb000 	C:\windows\System32\gdi32full.dll
0x00007ff8b57c0000 - 0x00007ff8b585d000 	C:\windows\System32\msvcp_win.dll
0x00007ff8ad430000 - 0x00007ff8ad449000 	c:\Users\gilbe\.vscode\extensions\redhat.java-1.9.0-win32-x64\jre\17.0.3-win32-x86_64\bin\VCRUNTIME140.dll
0x00007ff89edf0000 - 0x00007ff89f08a000 	C:\windows\WinSxS\amd64_microsoft.windows.common-controls_6595b64144ccf1df_6.0.19041.1110_none_60b5254171f9507e\COMCTL32.dll
0x00007ff8b7ab0000 - 0x00007ff8b7b4e000 	C:\windows\System32\msvcrt.dll
0x00007ff8b7720000 - 0x00007ff8b7750000 	C:\windows\System32\IMM32.DLL
0x00007ff8ad620000 - 0x00007ff8ad62c000 	c:\Users\gilbe\.vscode\extensions\redhat.java-1.9.0-win32-x64\jre\17.0.3-win32-x86_64\bin\vcruntime140_1.dll
0x00007ff887b10000 - 0x00007ff887ba1000 	c:\Users\gilbe\.vscode\extensions\redhat.java-1.9.0-win32-x64\jre\17.0.3-win32-x86_64\bin\msvcp140.dll
0x00007ff875b60000 - 0x00007ff8767a8000 	c:\Users\gilbe\.vscode\extensions\redhat.java-1.9.0-win32-x64\jre\17.0.3-win32-x86_64\bin\server\jvm.dll
0x00007ff8b63f0000 - 0x00007ff8b649e000 	C:\windows\System32\ADVAPI32.dll
0x00007ff8b7470000 - 0x00007ff8b750c000 	C:\windows\System32\sechost.dll
0x00007ff8b7210000 - 0x00007ff8b7335000 	C:\windows\System32\RPCRT4.dll
0x00007ff8b5f30000 - 0x00007ff8b5f38000 	C:\windows\System32\PSAPI.DLL
0x00007ff8ad5e0000 - 0x00007ff8ad5e9000 	C:\windows\SYSTEM32\WSOCK32.dll
0x00007ff8b7140000 - 0x00007ff8b71ab000 	C:\windows\System32\WS2_32.dll
0x00007ff8ac360000 - 0x00007ff8ac387000 	C:\windows\SYSTEM32\WINMM.dll
0x00007ff8ac390000 - 0x00007ff8ac39a000 	C:\windows\SYSTEM32\VERSION.dll
0x00007ff8b34f0000 - 0x00007ff8b3502000 	C:\windows\SYSTEM32\kernel.appcore.dll
0x00007ff8ad3b0000 - 0x00007ff8ad3ba000 	c:\Users\gilbe\.vscode\extensions\redhat.java-1.9.0-win32-x64\jre\17.0.3-win32-x86_64\bin\jimage.dll
0x00007ff89fd40000 - 0x00007ff89ff24000 	C:\windows\SYSTEM32\DBGHELP.DLL
0x00007ff89a020000 - 0x00007ff89a04c000 	C:\windows\SYSTEM32\dbgcore.DLL
0x00007ff8b5c10000 - 0x00007ff8b5c92000 	C:\windows\System32\bcryptPrimitives.dll
0x00007ff8ad350000 - 0x00007ff8ad375000 	c:\Users\gilbe\.vscode\extensions\redhat.java-1.9.0-win32-x64\jre\17.0.3-win32-x86_64\bin\java.dll
0x00007ff8ad330000 - 0x00007ff8ad348000 	c:\Users\gilbe\.vscode\extensions\redhat.java-1.9.0-win32-x64\jre\17.0.3-win32-x86_64\bin\zip.dll
0x00007ff8b6500000 - 0x00007ff8b6c44000 	C:\windows\System32\SHELL32.dll
0x00007ff8b36f0000 - 0x00007ff8b3e84000 	C:\windows\SYSTEM32\windows.storage.dll
0x00007ff8b7750000 - 0x00007ff8b7aa4000 	C:\windows\System32\combase.dll
0x00007ff8b4f80000 - 0x00007ff8b4fb0000 	C:\windows\SYSTEM32\Wldp.dll
0x00007ff8b6290000 - 0x00007ff8b633d000 	C:\windows\System32\SHCORE.dll
0x00007ff8b64a0000 - 0x00007ff8b64f5000 	C:\windows\System32\shlwapi.dll
0x00007ff8b5530000 - 0x00007ff8b554f000 	C:\windows\SYSTEM32\profapi.dll
0x00007ff8ad2f0000 - 0x00007ff8ad309000 	C:\Users\gilbe\.vscode\extensions\redhat.java-1.9.0-win32-x64\jre\17.0.3-win32-x86_64\bin\net.dll
0x00007ff8a6530000 - 0x00007ff8a663a000 	C:\windows\SYSTEM32\WINHTTP.dll
0x00007ff8b4ce0000 - 0x00007ff8b4d4a000 	C:\windows\system32\mswsock.dll
0x00007ff8ad0c0000 - 0x00007ff8ad0d5000 	C:\Users\gilbe\.vscode\extensions\redhat.java-1.9.0-win32-x64\jre\17.0.3-win32-x86_64\bin\nio.dll
0x00007ff8ad320000 - 0x00007ff8ad330000 	c:\Users\gilbe\.vscode\extensions\redhat.java-1.9.0-win32-x64\jre\17.0.3-win32-x86_64\bin\verify.dll
0x00007ff8ad6b0000 - 0x00007ff8ad6b9000 	C:\Users\gilbe\.vscode\extensions\redhat.java-1.9.0-win32-x64\jre\17.0.3-win32-x86_64\bin\management.dll
0x00007ff8ad2e0000 - 0x00007ff8ad2eb000 	C:\Users\gilbe\.vscode\extensions\redhat.java-1.9.0-win32-x64\jre\17.0.3-win32-x86_64\bin\management_ext.dll
0x00007ff898790000 - 0x00007ff8987a7000 	C:\windows\system32\napinsp.dll
0x00007ff898770000 - 0x00007ff89878b000 	C:\windows\system32\pnrpnsp.dll
0x00007ff8b0200000 - 0x00007ff8b0215000 	C:\windows\system32\wshbth.dll
0x00007ff8b0fd0000 - 0x00007ff8b0fed000 	C:\windows\system32\NLAapi.dll
0x00007ff8b49d0000 - 0x00007ff8b4a0b000 	C:\windows\SYSTEM32\IPHLPAPI.DLL
0x00007ff8b4a10000 - 0x00007ff8b4adb000 	C:\windows\SYSTEM32\DNSAPI.dll
0x00007ff8b7e80000 - 0x00007ff8b7e88000 	C:\windows\System32\NSI.dll
0x00007ff898750000 - 0x00007ff898762000 	C:\windows\System32\winrnr.dll
0x00007ff8ad030000 - 0x00007ff8ad03a000 	C:\Windows\System32\rasadhlp.dll
0x00007ff89f230000 - 0x00007ff89f2b0000 	C:\windows\System32\fwpuclnt.dll
0x00007ff8b5ca0000 - 0x00007ff8b5cc7000 	C:\windows\System32\bcrypt.dll
0x00007ff8b4ed0000 - 0x00007ff8b4ee8000 	C:\windows\SYSTEM32\CRYPTSP.dll
0x00007ff8b4660000 - 0x00007ff8b4694000 	C:\windows\system32\rsaenh.dll
0x00007ff8b54b0000 - 0x00007ff8b54de000 	C:\windows\SYSTEM32\USERENV.dll
0x00007ff8b4ef0000 - 0x00007ff8b4efc000 	C:\windows\SYSTEM32\CRYPTBASE.dll
0x00007ff8a9a30000 - 0x00007ff8a9a47000 	C:\windows\SYSTEM32\dhcpcsvc6.DLL
0x00007ff8a9da0000 - 0x00007ff8a9dbd000 	C:\windows\SYSTEM32\dhcpcsvc.DLL

dbghelp: loaded successfully - version: 4.0.5 - missing functions: none
symbol engine: initialized successfully - sym options: 0x614 - pdb path: .;c:\Users\gilbe\.vscode\extensions\redhat.java-1.9.0-win32-x64\jre\17.0.3-win32-x86_64\bin;C:\windows\SYSTEM32;C:\windows\WinSxS\amd64_microsoft.windows.common-controls_6595b64144ccf1df_6.0.19041.1110_none_60b5254171f9507e;c:\Users\gilbe\.vscode\extensions\redhat.java-1.9.0-win32-x64\jre\17.0.3-win32-x86_64\bin\server

VM Arguments:
jvm_args: -Dsts.lsp.client=vscode -Dsts.log.file=/dev/null -XX:TieredStopAtLevel=1 -Dspring.config.location=file:c:\Users\gilbe\.vscode\extensions\pivotal.vscode-spring-boot-1.37.0\language-server\BOOT-INF\classes\application.properties 
java_command: org.springframework.ide.vscode.boot.app.BootLanguageServerBootApp
java_class_path (initial): c:\Users\gilbe\.vscode\extensions\pivotal.vscode-spring-boot-1.37.0\language-server\BOOT-INF\classes;c:\Users\gilbe\.vscode\extensions\pivotal.vscode-spring-boot-1.37.0\language-server\BOOT-INF\lib\annotations-23.0.0.jar;c:\Users\gilbe\.vscode\extensions\pivotal.vscode-spring-boot-1.37.0\language-server\BOOT-INF\lib\antlr-runtime-3.5.2.jar;c:\Users\gilbe\.vscode\extensions\pivotal.vscode-spring-boot-1.37.0\language-server\BOOT-INF\lib\antlr4-4.9.3.jar;c:\Users\gilbe\.vscode\extensions\pivotal.vscode-spring-boot-1.37.0\language-server\BOOT-INF\lib\antlr4-runtime-4.9.3.jar;c:\Users\gilbe\.vscode\extensions\pivotal.vscode-spring-boot-1.37.0\language-server\BOOT-INF\lib\asm-9.3.jar;c:\Users\gilbe\.vscode\extensions\pivotal.vscode-spring-boot-1.37.0\language-server\BOOT-INF\lib\asm-analysis-9.3.jar;c:\Users\gilbe\.vscode\extensions\pivotal.vscode-spring-boot-1.37.0\language-server\BOOT-INF\lib\asm-tree-9.3.jar;c:\Users\gilbe\.vscode\extensions\pivotal.vscode-spring-boot-1.37.0\language-server\BOOT-INF\lib\asm-util-9.3.jar;c:\Users\gilbe\.vscode\extensions\pivotal.vscode-spring-boot-1.37.0\language-server\BOOT-INF\lib\byte-buddy-1.10.18.jar;c:\Users\gilbe\.vscode\extensions\pivotal.vscode-spring-boot-1.37.0\language-server\BOOT-INF\lib\caffeine-2.8.6.jar;c:\Users\gilbe\.vscode\extensions\pivotal.vscode-spring-boot-1.37.0\language-server\BOOT-INF\lib\checker-qual-3.12.0.jar;c:\Users\gilbe\.vscode\extensions\pivotal.vscode-spring-boot-1.37.0\language-server\BOOT-INF\lib\classgraph-4.8.149.jar;c:\Users\gilbe\.vscode\extensions\pivotal.vscode-spring-boot-1.37.0\language-server\BOOT-INF\lib\commons-codec-1.14.jar;c:\Users\gilbe\.vscode\extensions\pivotal.vscode-spring-boot-1.37.0\language-server\BOOT-INF\lib\commons-compress-1.21.jar;c:\Users\gilbe\.vscode\extensions\pivotal.vscode-spring-boot-1.37.0\language-server\BOOT-INF\lib\commons-exec-1.3.jar;c:\Users\gilbe\.vscode\extensions\pivotal.vscode-spring-boot-1.37.0\language-server\BOOT-INF\lib\com
Launcher Type: SUN_STANDARD

[Global flags]
     intx CICompilerCount                          = 2                                         {product} {ergonomic}
     uint ConcGCThreads                            = 1                                         {product} {ergonomic}
     uint G1ConcRefinementThreads                  = 2                                         {product} {ergonomic}
   size_t G1HeapRegionSize                         = 1048576                                   {product} {ergonomic}
    uintx GCDrainStackTargetSize                   = 64                                        {product} {ergonomic}
   size_t InitialHeapSize                          = 58720256                                  {product} {ergonomic}
   size_t MarkStackSize                            = 4194304                                   {product} {ergonomic}
   size_t MaxHeapSize                              = 908066816                                 {product} {ergonomic}
   size_t MaxNewSize                               = 544210944                                 {product} {ergonomic}
   size_t MinHeapDeltaBytes                        = 1048576                                   {product} {ergonomic}
   size_t MinHeapSize                              = 8388608                                   {product} {ergonomic}
    uintx NonProfiledCodeHeapSize                  = 0                                      {pd product} {ergonomic}
     bool ProfileInterpreter                       = false                                  {pd product} {command line}
    uintx ProfiledCodeHeapSize                     = 0                                      {pd product} {ergonomic}
   size_t SoftMaxHeapSize                          = 908066816                              {manageable} {ergonomic}
     intx TieredStopAtLevel                        = 1                                         {product} {command line}
     bool UseCompressedClassPointers               = true                           {product lp64_product} {ergonomic}
     bool UseCompressedOops                        = true                           {product lp64_product} {ergonomic}
     bool UseG1GC                                  = true                                      {product} {ergonomic}
     bool UseLargePagesIndividualAllocation        = false                                  {pd product} {ergonomic}

Logging:
Log output configuration:
 #0: stdout all=warning uptime,level,tags
 #1: stderr all=off uptime,level,tags

Environment Variables:
PATH=C:\Program Files (x86)\Common Files\Oracle\Java\javapath;C:\windows\system32;C:\windows;C:\windows\System32\Wbem;C:\windows\System32\WindowsPowerShell\v1.0\;C:\windows\System32\OpenSSH\;C:\Program Files\nodejs\;C:\ProgramData\chocolatey\bin;C:\Users\gilbe\AppData\Local\Programs\Python\Python310\Scripts\;C:\Users\gilbe\AppData\Local\Programs\Python\Python310\;C:\Users\gilbe\AppData\Local\Microsoft\WindowsApps;C:\Users\gilbe\AppData\Local\Programs\Microsoft VS Code\bin;C:\Users\gilbe\AppData\Roaming\npm;C:\Program Files\Java\jdk1.8.0_311\bin;C:\Program Files\Java\jre1.8.0_341\bin;
USERNAME=gilbe
OS=Windows_NT
PROCESSOR_IDENTIFIER=AMD64 Family 23 Model 24 Stepping 1, AuthenticAMD



---------------  S Y S T E M  ---------------

OS:
 Windows 10 , 64 bit Build 19041 (10.0.19041.1806)
OS uptime: 23 days 21:36 hours

CPU: total 2 (initial active 2) (2 cores per cpu, 1 threads per core) family 23 model 24 stepping 1 microcode 0x0, cx8, cmov, fxsr, mmx, 3dnowpref, sse, sse2, sse3, ssse3, sse4a, sse4.1, sse4.2, popcnt, lzcnt, tsc, tscinvbit, avx, avx2, aes, clmul, bmi1, bmi2, adx, sha, fma, vzeroupper, clflush, clflushopt

Memory: 4k page, system-wide physical 3463M (147M free)
TotalPageFile size 14215M (AvailPageFile size 28M)
current process WorkingSet (physical memory assigned to process): 200M, peak: 200M
current process commit charge ("private bytes"): 266M, peak: 472M

vm_info: OpenJDK 64-Bit Server VM (17.0.3+7) for windows-amd64 JRE (17.0.3+7), built on Apr 19 2022 16:55:35 by "" with MS VC++ 16.7 (VS2019)

END.
