#
# There is insufficient memory for the Java Runtime Environment to continue.
# Native memory allocation (mmap) failed to map 9437184 bytes for G1 virtual space
# Possible reasons:
#   The system is out of physical RAM or swap space
#   The process is running with CompressedOops enabled, and the Java Heap may be blocking the growth of the native heap
# Possible solutions:
#   Reduce memory load on the system
#   Increase physical memory or swap space
#   Check if swap backing store is full
#   Decrease Java heap size (-Xmx/-Xms)
#   Decrease number of Java threads
#   Decrease Java thread stack sizes (-Xss)
#   Set larger code cache with -XX:ReservedCodeCacheSize=
#   JVM is running with Unscaled Compressed Oops mode in which the Java heap is
#     placed in the first 4GB address space. The Java Heap base address is the
#     maximum limit for the native heap growth. Please use -XX:HeapBaseMinAddress
#     to set the Java Heap base and to place the Java Heap above 4GB virtual address.
# This output file may be truncated or incomplete.
#
#  Out of Memory Error (os_windows.cpp:3535), pid=11684, tid=7688
#
# JRE version: OpenJDK Runtime Environment Temurin-17.0.3+7 (17.0.3+7) (build 17.0.3+7)
# Java VM: OpenJDK 64-Bit Server VM Temurin-17.0.3+7 (17.0.3+7, mixed mode, emulated-client, tiered, compressed oops, compressed class ptrs, g1 gc, windows-amd64)
# No core dump will be written. Minidumps are not enabled by default on client versions of Windows
#

---------------  S U M M A R Y ------------

Command Line: -Dsts.lsp.client=vscode -Dsts.log.file=/dev/null -XX:TieredStopAtLevel=1 -Dspring.config.location=file:c:\Users\gilbe\.vscode\extensions\pivotal.vscode-spring-boot-1.37.0\language-server\BOOT-INF\classes\application.properties org.springframework.ide.vscode.boot.app.BootLanguageServerBootApp

Host: AMD Athlon Silver 3050U with Radeon Graphics   , 2 cores, 3G,  Windows 10 , 64 bit Build 19041 (10.0.19041.1806)
Time: Wed Aug 10 13:44:52 2022 Central Daylight Time elapsed time: 27.330702 seconds (0d 0h 0m 27s)

---------------  T H R E A D  ---------------

Current thread (0x0000015ae486c290):  VMThread "VM Thread" [stack: 0x0000005825900000,0x0000005825a00000] [id=7688]

Stack: [0x0000005825900000,0x0000005825a00000]
Native frames: (J=compiled Java code, j=interpreted, Vv=VM code, C=native code)
V  [jvm.dll+0x675efa]
V  [jvm.dll+0x830a24]
V  [jvm.dll+0x8321ce]
V  [jvm.dll+0x832833]
V  [jvm.dll+0x2454b5]
V  [jvm.dll+0x672de9]
V  [jvm.dll+0x667732]
V  [jvm.dll+0x3043ab]
V  [jvm.dll+0x30b8f6]
V  [jvm.dll+0x35b62e]
V  [jvm.dll+0x35b85f]
V  [jvm.dll+0x2db248]
V  [jvm.dll+0x2de2d6]
V  [jvm.dll+0x2e8998]
V  [jvm.dll+0x31cc40]
V  [jvm.dll+0x836cdb]
V  [jvm.dll+0x837a14]
V  [jvm.dll+0x837f2c]
V  [jvm.dll+0x838304]
V  [jvm.dll+0x8383d0]
V  [jvm.dll+0x7e0cfa]
V  [jvm.dll+0x674d85]
C  [ucrtbase.dll+0x21bb2]
C  [KERNEL32.DLL+0x17034]
C  [ntdll.dll+0x52651]

VM_Operation (0x00000058255ff800): G1Concurrent, mode: safepoint, requested by thread 0x0000015ad8dd2850


---------------  P R O C E S S  ---------------

Threads class SMR info:
_java_thread_list=0x0000015ae70d4530, length=25, elements={
0x0000015ae4891750, 0x0000015ae48925c0, 0x0000015ae48a4460, 0x0000015ae48a51d0,
0x0000015ae48d4030, 0x0000015ae48d48f0, 0x0000015ae48d51b0, 0x0000015ae48fee50,
0x0000015ae5584a00, 0x0000015ae559e7e0, 0x0000015ae54a2410, 0x0000015ae6b22c10,
0x0000015ae6b234e0, 0x0000015ad8d949f0, 0x0000015ae6a61a30, 0x0000015ae6fde170,
0x0000015ae6fde640, 0x0000015ae70bf030, 0x0000015ae70bf500, 0x0000015ae70bf9d0,
0x0000015ae6de53b0, 0x0000015ae6de4a10, 0x0000015ae6de4ee0, 0x0000015ae6de5880,
0x0000015ae6de5d50
}

Java Threads: ( => current thread )
  0x0000015ae4891750 JavaThread "Reference Handler" daemon [_thread_blocked, id=20796, stack(0x0000005825a00000,0x0000005825b00000)]
  0x0000015ae48925c0 JavaThread "Finalizer" daemon [_thread_blocked, id=6512, stack(0x0000005825b00000,0x0000005825c00000)]
  0x0000015ae48a4460 JavaThread "Signal Dispatcher" daemon [_thread_blocked, id=14412, stack(0x0000005825c00000,0x0000005825d00000)]
  0x0000015ae48a51d0 JavaThread "Attach Listener" daemon [_thread_blocked, id=19440, stack(0x0000005825d00000,0x0000005825e00000)]
  0x0000015ae48d4030 JavaThread "Service Thread" daemon [_thread_blocked, id=1788, stack(0x0000005825e00000,0x0000005825f00000)]
  0x0000015ae48d48f0 JavaThread "Monitor Deflation Thread" daemon [_thread_blocked, id=7316, stack(0x0000005825f00000,0x0000005826000000)]
  0x0000015ae48d51b0 JavaThread "C1 CompilerThread0" daemon [_thread_blocked, id=10120, stack(0x0000005826000000,0x0000005826100000)]
  0x0000015ae48fee50 JavaThread "Sweeper thread" daemon [_thread_blocked, id=4028, stack(0x0000005826100000,0x0000005826200000)]
  0x0000015ae5584a00 JavaThread "Notification Thread" daemon [_thread_blocked, id=6736, stack(0x0000005826200000,0x0000005826300000)]
  0x0000015ae559e7e0 JavaThread "Common-Cleaner" daemon [_thread_blocked, id=17488, stack(0x0000005826400000,0x0000005826500000)]
  0x0000015ae54a2410 JavaThread "Thread-1" [_thread_blocked, id=6640, stack(0x0000005826600000,0x0000005826700000)]
  0x0000015ae6b22c10 JavaThread "pool-7-thread-1" [_thread_blocked, id=8580, stack(0x0000005826700000,0x0000005826800000)]
  0x0000015ae6b234e0 JavaThread "LanguageServerApp-lifecycle" [_thread_blocked, id=20144, stack(0x0000005826800000,0x0000005826900000)]
  0x0000015ad8d949f0 JavaThread "DestroyJavaVM" [_thread_blocked, id=18788, stack(0x0000005825300000,0x0000005825400000)]
  0x0000015ae6a61a30 JavaThread "pool-8-thread-1" [_thread_in_native, id=9572, stack(0x0000005826900000,0x0000005826a00000)]
  0x0000015ae6fde170 JavaThread "ClassGraph-worker-0" daemon [_thread_blocked, id=13000, stack(0x0000005826a00000,0x0000005826b00000)]
  0x0000015ae6fde640 JavaThread "Simple-Language-Server main thread" daemon [_thread_blocked, id=3680, stack(0x0000005826b00000,0x0000005826c00000)]
  0x0000015ae70bf030 JavaThread "ClassGraph-worker-1" daemon [_thread_blocked, id=12532, stack(0x0000005826c00000,0x0000005826d00000)]
  0x0000015ae70bf500 JavaThread "ClassGraph-worker-2" daemon [_thread_blocked, id=13184, stack(0x0000005826d00000,0x0000005826e00000)]
  0x0000015ae70bf9d0 JavaThread "ClassGraph-worker-3" daemon [_thread_blocked, id=8704, stack(0x0000005826e00000,0x0000005826f00000)]
  0x0000015ae6de53b0 JavaThread "pool-5-thread-1" [_thread_blocked, id=14600, stack(0x0000005826f00000,0x0000005827000000)]
  0x0000015ae6de4a10 JavaThread "parallel-1" daemon [_thread_blocked, id=18976, stack(0x0000005827000000,0x0000005827100000)]
  0x0000015ae6de4ee0 JavaThread "pool-2-thread-1" [_thread_blocked, id=5368, stack(0x0000005827100000,0x0000005827200000)]
  0x0000015ae6de5880 JavaThread "Reconciler-1" daemon [_thread_blocked, id=20296, stack(0x0000005827200000,0x0000005827300000)]
  0x0000015ae6de5d50 JavaThread "pool-2-thread-2" [_thread_blocked, id=10304, stack(0x0000005827400000,0x0000005827500000)]

Other Threads:
=>0x0000015ae486c290 VMThread "VM Thread" [stack: 0x0000005825900000,0x0000005825a00000] [id=7688]
  0x0000015ae5584ed0 WatcherThread [stack: 0x0000005826300000,0x0000005826400000] [id=18176]
  0x0000015ad8dc98c0 GCTaskThread "GC Thread#0" [stack: 0x0000005825400000,0x0000005825500000] [id=9264]
  0x0000015ae5911840 GCTaskThread "GC Thread#1" [stack: 0x0000005826500000,0x0000005826600000] [id=19596]
  0x0000015ad8dd2850 ConcurrentGCThread "G1 Main Marker" [stack: 0x0000005825500000,0x0000005825600000] [id=17948]
  0x0000015ad8dd4270 ConcurrentGCThread "G1 Conc#0" [stack: 0x0000005825600000,0x0000005825700000] [id=15848]
  0x0000015ad8e06b80 ConcurrentGCThread "G1 Refine#0" [stack: 0x0000005825700000,0x0000005825800000] [id=20020]
  0x0000015ad8e075a0 ConcurrentGCThread "G1 Service" [stack: 0x0000005825800000,0x0000005825900000] [id=13340]

Threads with active compile tasks:

VM state: at safepoint (normal execution)

VM Mutex/Monitor currently owned by a thread:  ([mutex/lock_event])
[0x0000015ad8c96360] Threads_lock - owner thread: 0x0000015ae486c290
[0x0000015ad8d91330] Heap_lock - owner thread: 0x0000015ad8dd2850

Heap address: 0x00000000c9e00000, size: 866 MB, Compressed Oops mode: 32-bit

CDS archive(s) not mapped
Compressed class space mapped at: 0x0000000100000000-0x0000000140000000, reserved size: 1073741824
Narrow klass base: 0x0000000000000000, Narrow klass shift: 3, Narrow klass range: 0x140000000

GC Precious Log:
 CPUs: 2 total, 2 available
 Memory: 3463M
 Large Page Support: Disabled
 NUMA Support: Disabled
 Compressed Oops: Enabled (32-bit)
 Heap Region Size: 1M
 Heap Min Capacity: 8M
 Heap Initial Capacity: 56M
 Heap Max Capacity: 866M
 Pre-touch: Disabled
 Parallel Workers: 2
 Concurrent Workers: 1
 Concurrent Refinement Workers: 2
 Periodic GC: Disabled

Heap:
 garbage-first heap   total 48128K, used 34271K [0x00000000c9e00000, 0x0000000100000000)
  region size 1024K, 7 young (7168K), 2 survivors (2048K)
 Metaspace       used 34680K, committed 35072K, reserved 1081344K
  class space    used 4505K, committed 4672K, reserved 1048576K

Heap Regions: E=young(eden), S=young(survivor), O=old, HS=humongous(starts), HC=humongous(continues), CS=collection set, F=free, OA=open archive, CA=closed archive, TAMS=top-at-mark-start (previous, next)
|   0|0x00000000c9e00000, 0x00000000c9f00000, 0x00000000c9f00000|100%| O|  |TAMS 0x00000000c9f00000, 0x00000000c9e00000| Untracked 
|   1|0x00000000c9f00000, 0x00000000ca000000, 0x00000000ca000000|100%| O|  |TAMS 0x00000000ca000000, 0x00000000c9f00000| Updating 
|   2|0x00000000ca000000, 0x00000000ca100000, 0x00000000ca100000|100%| O|  |TAMS 0x00000000ca100000, 0x00000000ca000000| Untracked 
|   3|0x00000000ca100000, 0x00000000ca200000, 0x00000000ca200000|100%| O|  |TAMS 0x00000000ca200000, 0x00000000ca100000| Updating 
|   4|0x00000000ca200000, 0x00000000ca300000, 0x00000000ca300000|100%| O|  |TAMS 0x00000000ca300000, 0x00000000ca200000| Untracked 
|   5|0x00000000ca300000, 0x00000000ca400000, 0x00000000ca400000|100%| O|  |TAMS 0x00000000ca400000, 0x00000000ca300000| Updating 
|   6|0x00000000ca400000, 0x00000000ca500000, 0x00000000ca500000|100%| O|  |TAMS 0x00000000ca500000, 0x00000000ca400000| Untracked 
|   7|0x00000000ca500000, 0x00000000ca600000, 0x00000000ca600000|100%| O|  |TAMS 0x00000000ca600000, 0x00000000ca500000| Untracked 
|   8|0x00000000ca600000, 0x00000000ca700000, 0x00000000ca700000|100%| O|  |TAMS 0x00000000ca700000, 0x00000000ca600000| Updating 
|   9|0x00000000ca700000, 0x00000000ca800000, 0x00000000ca800000|100%| O|  |TAMS 0x00000000ca800000, 0x00000000ca700000| Untracked 
|  10|0x00000000ca800000, 0x00000000ca8c3e00, 0x00000000ca900000| 76%| O|  |TAMS 0x00000000ca8c3e00, 0x00000000ca800000| Updating 
|  11|0x00000000ca900000, 0x00000000caa00000, 0x00000000caa00000|100%| O|  |TAMS 0x00000000caa00000, 0x00000000ca900000| Untracked 
|  12|0x00000000caa00000, 0x00000000cab00000, 0x00000000cab00000|100%| O|  |TAMS 0x00000000cab00000, 0x00000000caa00000| Updating 
|  13|0x00000000cab00000, 0x00000000cac00000, 0x00000000cac00000|100%| O|  |TAMS 0x00000000cac00000, 0x00000000cab00000| Untracked 
|  14|0x00000000cac00000, 0x00000000cad00000, 0x00000000cad00000|100%| O|  |TAMS 0x00000000cad00000, 0x00000000cac00000| Untracked 
|  15|0x00000000cad00000, 0x00000000cae00000, 0x00000000cae00000|100%| O|  |TAMS 0x00000000cae00000, 0x00000000cad00000| Untracked 
|  16|0x00000000cae00000, 0x00000000caf00000, 0x00000000caf00000|100%| O|  |TAMS 0x00000000caf00000, 0x00000000cae00000| Updating 
|  17|0x00000000caf00000, 0x00000000cb000000, 0x00000000cb000000|100%| O|  |TAMS 0x00000000cb000000, 0x00000000caf00000| Untracked 
|  18|0x00000000cb000000, 0x00000000cb100000, 0x00000000cb100000|100%| O|  |TAMS 0x00000000cb100000, 0x00000000cb000000| Untracked 
|  19|0x00000000cb100000, 0x00000000cb200000, 0x00000000cb200000|100%| O|  |TAMS 0x00000000cb200000, 0x00000000cb100000| Updating 
|  20|0x00000000cb200000, 0x00000000cb300000, 0x00000000cb300000|100%| O|  |TAMS 0x00000000cb300000, 0x00000000cb200000| Untracked 
|  21|0x00000000cb300000, 0x00000000cb400000, 0x00000000cb400000|100%| O|  |TAMS 0x00000000cb400000, 0x00000000cb300000| Untracked 
|  22|0x00000000cb400000, 0x00000000cb500000, 0x00000000cb500000|100%| O|  |TAMS 0x00000000cb500000, 0x00000000cb400000| Untracked 
|  23|0x00000000cb500000, 0x00000000cb600000, 0x00000000cb600000|100%| O|  |TAMS 0x00000000cb600000, 0x00000000cb500000| Untracked 
|  24|0x00000000cb600000, 0x00000000cb700000, 0x00000000cb700000|100%| O|  |TAMS 0x00000000cb700000, 0x00000000cb600000| Untracked 
|  25|0x00000000cb700000, 0x00000000cb800000, 0x00000000cb800000|100%| O|  |TAMS 0x00000000cb800000, 0x00000000cb700000| Untracked 
|  26|0x00000000cb800000, 0x00000000cb900000, 0x00000000cb900000|100%| O|  |TAMS 0x00000000cb8df600, 0x00000000cb800000| Updating 
|  27|0x00000000cb900000, 0x00000000cba00000, 0x00000000cba00000|100%| O|  |TAMS 0x00000000cb900000, 0x00000000cb900000| Untracked 
|  28|0x00000000cba00000, 0x00000000cba2ea00, 0x00000000cbb00000| 18%| O|  |TAMS 0x00000000cba00000, 0x00000000cba00000| Updating 
|  29|0x00000000cbb00000, 0x00000000cbb00000, 0x00000000cbc00000|  0%| F|  |TAMS 0x00000000cbb00000, 0x00000000cbb00000| Untracked 
|  30|0x00000000cbc00000, 0x00000000cbc00000, 0x00000000cbd00000|  0%| F|  |TAMS 0x00000000cbc00000, 0x00000000cbc00000| Untracked 
|  31|0x00000000cbd00000, 0x00000000cbd00000, 0x00000000cbe00000|  0%| F|  |TAMS 0x00000000cbd00000, 0x00000000cbd00000| Untracked 
|  32|0x00000000cbe00000, 0x00000000cbe00000, 0x00000000cbf00000|  0%| F|  |TAMS 0x00000000cbe00000, 0x00000000cbe00000| Untracked 
|  33|0x00000000cbf00000, 0x00000000cbf00000, 0x00000000cc000000|  0%| F|  |TAMS 0x00000000cbf00000, 0x00000000cbf00000| Untracked 
|  34|0x00000000cc000000, 0x00000000cc000000, 0x00000000cc100000|  0%| F|  |TAMS 0x00000000cc000000, 0x00000000cc000000| Untracked 
|  35|0x00000000cc100000, 0x00000000cc1856c0, 0x00000000cc200000| 52%| S|CS|TAMS 0x00000000cc100000, 0x00000000cc100000| Complete 
|  36|0x00000000cc200000, 0x00000000cc300000, 0x00000000cc300000|100%| S|CS|TAMS 0x00000000cc200000, 0x00000000cc200000| Complete 
|  37|0x00000000cc300000, 0x00000000cc300000, 0x00000000cc400000|  0%| F|  |TAMS 0x00000000cc300000, 0x00000000cc300000| Untracked 
|  38|0x00000000cc400000, 0x00000000cc400000, 0x00000000cc500000|  0%| F|  |TAMS 0x00000000cc400000, 0x00000000cc400000| Untracked 
|  39|0x00000000cc500000, 0x00000000cc500000, 0x00000000cc600000|  0%| F|  |TAMS 0x00000000cc500000, 0x00000000cc500000| Untracked 
|  40|0x00000000cc600000, 0x00000000cc600000, 0x00000000cc700000|  0%| F|  |TAMS 0x00000000cc600000, 0x00000000cc600000| Untracked 
|  41|0x00000000cc700000, 0x00000000cc700000, 0x00000000cc800000|  0%| F|  |TAMS 0x00000000cc700000, 0x00000000cc700000| Untracked 
|  42|0x00000000cc800000, 0x00000000cc80fc50, 0x00000000cc900000|  6%| E|  |TAMS 0x00000000cc800000, 0x00000000cc800000| Complete 
|  43|0x00000000cc900000, 0x00000000cca00000, 0x00000000cca00000|100%| E|CS|TAMS 0x00000000cc900000, 0x00000000cc900000| Complete 
|  44|0x00000000cca00000, 0x00000000ccb00000, 0x00000000ccb00000|100%| E|CS|TAMS 0x00000000cca00000, 0x00000000cca00000| Complete 
|  45|0x00000000ccb00000, 0x00000000ccc00000, 0x00000000ccc00000|100%| E|CS|TAMS 0x00000000ccb00000, 0x00000000ccb00000| Complete 
|  55|0x00000000cd500000, 0x00000000cd600000, 0x00000000cd600000|100%| E|CS|TAMS 0x00000000cd500000, 0x00000000cd500000| Complete 

Card table byte_map: [0x0000015ae0690000,0x0000015ae0850000] _byte_map_base: 0x0000015ae0041000

Marking Bits (Prev, Next): (CMBitMap*) 0x0000015ad8dcb2e0, (CMBitMap*) 0x0000015ad8dcb320
 Prev Bits: [0x0000015ae0a10000, 0x0000015ae1798000)
 Next Bits: [0x0000015ae17a0000, 0x0000015ae2528000)

Polling page: 0x0000015ad8e70000

Metaspace:

Usage:
  Non-class:     29.47 MB used.
      Class:      4.40 MB used.
       Both:     33.87 MB used.

Virtual space:
  Non-class space:       32.00 MB reserved,      29.69 MB ( 93%) committed,  4 nodes.
      Class space:        1.00 GB reserved,       4.56 MB ( <1%) committed,  1 nodes.
             Both:        1.03 GB reserved,      34.25 MB (  3%) committed. 

Chunk freelists:
   Non-Class:  2.24 MB
       Class:  3.49 MB
        Both:  5.73 MB

MaxMetaspaceSize: unlimited
CompressedClassSpaceSize: 1.00 GB
Initial GC threshold: 21.00 MB
Current GC threshold: 56.88 MB
CDS: off
MetaspaceReclaimPolicy: balanced
 - commit_granule_bytes: 65536.
 - commit_granule_words: 8192.
 - virtual_space_node_default_size: 1048576.
 - enlarge_chunks_in_place: 1.
 - new_chunks_are_fully_committed: 0.
 - uncommit_free_chunks: 1.
 - use_allocation_guard: 0.
 - handle_deallocations: 1.


Internal statistics:

num_allocs_failed_limit: 3.
num_arena_births: 290.
num_arena_deaths: 24.
num_vsnodes_births: 5.
num_vsnodes_deaths: 0.
num_space_committed: 548.
num_space_uncommitted: 0.
num_chunks_returned_to_freelist: 27.
num_chunks_taken_from_freelist: 1270.
num_chunk_merges: 9.
num_chunk_splits: 875.
num_chunks_enlarged: 687.
num_purges: 2.
num_inconsistent_stats: 0.

CodeCache: size=49152Kb used=6660Kb max_used=6660Kb free=42491Kb
 bounds [0x0000015add240000, 0x0000015add8d0000, 0x0000015ae0240000]
 total_blobs=3888 nmethods=3371 adapters=444
 compilation: enabled
              stopped_count=0, restarted_count=0
 full_count=0

Compilation events (20 events):
Event: 27.230 Thread 0x0000015ae48d51b0 3363   !   1       jdk.internal.jimage.BasicImageReader::getResourceBuffer (203 bytes)
Event: 27.231 Thread 0x0000015ae48d51b0 nmethod 3363 0x0000015add8bc890 code [0x0000015add8bcbc0, 0x0000015add8bd9d8]
Event: 27.231 Thread 0x0000015ae48d51b0 3364       1       jdk.internal.jimage.ImageLocation::getContentOffset (6 bytes)
Event: 27.231 Thread 0x0000015ae48d51b0 nmethod 3364 0x0000015add8be310 code [0x0000015add8be4a0, 0x0000015add8be588]
Event: 27.231 Thread 0x0000015ae48d51b0 3365  s    1       jdk.internal.jimage.ImageReader$SharedImageReader::findNode (36 bytes)
Event: 27.231 Thread 0x0000015ae48d51b0 nmethod 3365 0x0000015add8be610 code [0x0000015add8be7e0, 0x0000015add8bea58]
Event: 27.231 Thread 0x0000015ae48d51b0 3366       1       java.nio.IntBuffer::<init> (14 bytes)
Event: 27.231 Thread 0x0000015ae48d51b0 nmethod 3366 0x0000015add8beb90 code [0x0000015add8bed20, 0x0000015add8bee48]
Event: 27.231 Thread 0x0000015ae48d51b0 3367       1       java.nio.HeapByteBuffer::asIntBuffer (67 bytes)
Event: 27.231 Thread 0x0000015ae48d51b0 nmethod 3367 0x0000015add8bef10 code [0x0000015add8bf0c0, 0x0000015add8bf318]
Event: 27.243 Thread 0x0000015ae48d51b0 3368       1       jdk.internal.jimage.ImageReader$Directory::getChildren (8 bytes)
Event: 27.243 Thread 0x0000015ae48d51b0 nmethod 3368 0x0000015add8bf410 code [0x0000015add8bf5a0, 0x0000015add8bf688]
Event: 27.273 Thread 0x0000015ae48d51b0 3369       1       java.util.Collections::unmodifiableList (47 bytes)
Event: 27.273 Thread 0x0000015ae48d51b0 nmethod 3369 0x0000015add8bf710 code [0x0000015add8bf8e0, 0x0000015add8bfdf8]
Event: 27.273 Thread 0x0000015ae48d51b0 3370       1       java.util.Collections$UnmodifiableRandomAccessList::<init> (6 bytes)
Event: 27.274 Thread 0x0000015ae48d51b0 nmethod 3370 0x0000015add8bff90 code [0x0000015add8c0140, 0x0000015add8c0368]
Event: 27.274 Thread 0x0000015ae48d51b0 3371       1       java.util.Collections$UnmodifiableList::<init> (11 bytes)
Event: 27.274 Thread 0x0000015ae48d51b0 nmethod 3371 0x0000015add8c0410 code [0x0000015add8c05c0, 0x0000015add8c07e8]
Event: 27.275 Thread 0x0000015ae48d51b0 3372       1       jdk.internal.jimage.ImageBufferCache::releaseBuffer (71 bytes)
Event: 27.275 Thread 0x0000015ae48d51b0 nmethod 3372 0x0000015add8c0890 code [0x0000015add8c0aa0, 0x0000015add8c10c8]

GC Heap History (20 events):
Event: 13.739 GC heap before
{Heap before GC invocations=7 (full 0):
 garbage-first heap   total 45056K, used 36197K [0x00000000c9e00000, 0x0000000100000000)
  region size 1024K, 26 young (26624K), 1 survivors (1024K)
 Metaspace       used 25751K, committed 25984K, reserved 1073152K
  class space    used 3164K, committed 3264K, reserved 1048576K
}
Event: 13.757 GC heap after
{Heap after GC invocations=8 (full 0):
 garbage-first heap   total 45056K, used 13289K [0x00000000c9e00000, 0x0000000100000000)
  region size 1024K, 3 young (3072K), 3 survivors (3072K)
 Metaspace       used 25751K, committed 25984K, reserved 1073152K
  class space    used 3164K, committed 3264K, reserved 1048576K
}
Event: 16.224 GC heap before
{Heap before GC invocations=8 (full 0):
 garbage-first heap   total 45056K, used 28649K [0x00000000c9e00000, 0x0000000100000000)
  region size 1024K, 19 young (19456K), 3 survivors (3072K)
 Metaspace       used 28021K, committed 28288K, reserved 1081344K
  class space    used 3509K, committed 3648K, reserved 1048576K
}
Event: 16.236 GC heap after
{Heap after GC invocations=9 (full 0):
 garbage-first heap   total 45056K, used 15174K [0x00000000c9e00000, 0x0000000100000000)
  region size 1024K, 2 young (2048K), 2 survivors (2048K)
 Metaspace       used 28021K, committed 28288K, reserved 1081344K
  class space    used 3509K, committed 3648K, reserved 1048576K
}
Event: 19.105 GC heap before
{Heap before GC invocations=9 (full 0):
 garbage-first heap   total 45056K, used 30534K [0x00000000c9e00000, 0x0000000100000000)
  region size 1024K, 17 young (17408K), 2 survivors (2048K)
 Metaspace       used 31645K, committed 31936K, reserved 1081344K
  class space    used 3999K, committed 4160K, reserved 1048576K
}
Event: 19.113 GC heap after
{Heap after GC invocations=10 (full 0):
 garbage-first heap   total 45056K, used 16700K [0x00000000c9e00000, 0x0000000100000000)
  region size 1024K, 2 young (2048K), 2 survivors (2048K)
 Metaspace       used 31645K, committed 31936K, reserved 1081344K
  class space    used 3999K, committed 4160K, reserved 1048576K
}
Event: 23.537 GC heap before
{Heap before GC invocations=10 (full 0):
 garbage-first heap   total 45056K, used 30012K [0x00000000c9e00000, 0x0000000100000000)
  region size 1024K, 16 young (16384K), 2 survivors (2048K)
 Metaspace       used 33958K, committed 34176K, reserved 1081344K
  class space    used 4342K, committed 4416K, reserved 1048576K
}
Event: 23.544 GC heap after
{Heap after GC invocations=11 (full 0):
 garbage-first heap   total 45056K, used 18130K [0x00000000c9e00000, 0x0000000100000000)
  region size 1024K, 2 young (2048K), 2 survivors (2048K)
 Metaspace       used 33958K, committed 34176K, reserved 1081344K
  class space    used 4342K, committed 4416K, reserved 1048576K
}
Event: 24.199 GC heap before
{Heap before GC invocations=11 (full 0):
 garbage-first heap   total 45056K, used 31442K [0x00000000c9e00000, 0x0000000100000000)
  region size 1024K, 16 young (16384K), 2 survivors (2048K)
 Metaspace       used 34145K, committed 34432K, reserved 1081344K
  class space    used 4389K, committed 4544K, reserved 1048576K
}
Event: 24.208 GC heap after
{Heap after GC invocations=12 (full 0):
 garbage-first heap   total 45056K, used 21395K [0x00000000c9e00000, 0x0000000100000000)
  region size 1024K, 2 young (2048K), 2 survivors (2048K)
 Metaspace       used 34145K, committed 34432K, reserved 1081344K
  class space    used 4389K, committed 4544K, reserved 1048576K
}
Event: 25.579 GC heap before
{Heap before GC invocations=12 (full 0):
 garbage-first heap   total 45056K, used 32659K [0x00000000c9e00000, 0x0000000100000000)
  region size 1024K, 13 young (13312K), 2 survivors (2048K)
 Metaspace       used 34612K, committed 34944K, reserved 1081344K
  class space    used 4493K, committed 4672K, reserved 1048576K
}
Event: 25.594 GC heap after
{Heap after GC invocations=13 (full 0):
 garbage-first heap   total 45056K, used 23531K [0x00000000c9e00000, 0x0000000100000000)
  region size 1024K, 2 young (2048K), 2 survivors (2048K)
 Metaspace       used 34612K, committed 34944K, reserved 1081344K
  class space    used 4493K, committed 4672K, reserved 1048576K
}
Event: 26.324 GC heap before
{Heap before GC invocations=14 (full 0):
 garbage-first heap   total 45056K, used 31723K [0x00000000c9e00000, 0x0000000100000000)
  region size 1024K, 11 young (11264K), 2 survivors (2048K)
 Metaspace       used 34612K, committed 34944K, reserved 1081344K
  class space    used 4493K, committed 4672K, reserved 1048576K
}
Event: 26.330 GC heap after
{Heap after GC invocations=15 (full 0):
 garbage-first heap   total 45056K, used 25321K [0x00000000c9e00000, 0x0000000100000000)
  region size 1024K, 2 young (2048K), 2 survivors (2048K)
 Metaspace       used 34612K, committed 34944K, reserved 1081344K
  class space    used 4493K, committed 4672K, reserved 1048576K
}
Event: 26.906 GC heap before
{Heap before GC invocations=15 (full 0):
 garbage-first heap   total 45056K, used 34537K [0x00000000c9e00000, 0x0000000100000000)
  region size 1024K, 11 young (11264K), 2 survivors (2048K)
 Metaspace       used 34704K, committed 35072K, reserved 1081344K
  class space    used 4511K, committed 4672K, reserved 1048576K
}
Event: 26.917 GC heap after
{Heap after GC invocations=16 (full 0):
 garbage-first heap   total 45056K, used 27262K [0x00000000c9e00000, 0x0000000100000000)
  region size 1024K, 2 young (2048K), 2 survivors (2048K)
 Metaspace       used 34704K, committed 35072K, reserved 1081344K
  class space    used 4511K, committed 4672K, reserved 1048576K
}
Event: 27.205 GC heap before
{Heap before GC invocations=17 (full 0):
 garbage-first heap   total 48128K, used 34430K [0x00000000c9e00000, 0x0000000100000000)
  region size 1024K, 9 young (9216K), 2 survivors (2048K)
 Metaspace       used 34680K, committed 35072K, reserved 1081344K
  class space    used 4505K, committed 4672K, reserved 1048576K
}
Event: 27.211 GC heap after
{Heap after GC invocations=18 (full 0):
 garbage-first heap   total 48128K, used 28674K [0x00000000c9e00000, 0x0000000100000000)
  region size 1024K, 2 young (2048K), 2 survivors (2048K)
 Metaspace       used 34680K, committed 35072K, reserved 1081344K
  class space    used 4505K, committed 4672K, reserved 1048576K
}
Event: 27.248 GC heap before
{Heap before GC invocations=18 (full 0):
 garbage-first heap   total 48128K, used 36866K [0x00000000c9e00000, 0x0000000100000000)
  region size 1024K, 10 young (10240K), 2 survivors (2048K)
 Metaspace       used 34680K, committed 35072K, reserved 1081344K
  class space    used 4505K, committed 4672K, reserved 1048576K
}
Event: 27.254 GC heap after
{Heap after GC invocations=19 (full 0):
 garbage-first heap   total 48128K, used 30175K [0x00000000c9e00000, 0x0000000100000000)
  region size 1024K, 2 young (2048K), 2 survivors (2048K)
 Metaspace       used 34680K, committed 35072K, reserved 1081344K
  class space    used 4505K, committed 4672K, reserved 1048576K
}

Deoptimization events (12 events):
Event: 3.562 Thread 0x0000015ad8d949f0 DEOPT PACKING pc=0x0000015add4a6075 sp=0x00000058253fdc80
Event: 3.562 Thread 0x0000015ad8d949f0 DEOPT UNPACKING pc=0x0000015add292b43 sp=0x00000058253fd0f0 mode 3
Event: 7.761 Thread 0x0000015ad8d949f0 DEOPT PACKING pc=0x0000015add5bd299 sp=0x00000058253fd430
Event: 7.761 Thread 0x0000015ad8d949f0 DEOPT UNPACKING pc=0x0000015add292b43 sp=0x00000058253fc910 mode 3
Event: 11.566 Thread 0x0000015ad8d949f0 DEOPT PACKING pc=0x0000015add68c775 sp=0x00000058253fe500
Event: 11.566 Thread 0x0000015ad8d949f0 DEOPT UNPACKING pc=0x0000015add292b43 sp=0x00000058253fd958 mode 3
Event: 19.505 Thread 0x0000015ae54a2410 DEOPT PACKING pc=0x0000015add795bab sp=0x00000058266fe8c0
Event: 19.505 Thread 0x0000015ae54a2410 DEOPT UNPACKING pc=0x0000015add292b43 sp=0x00000058266fde08 mode 3
Event: 23.456 Thread 0x0000015ae6fde640 DEOPT PACKING pc=0x0000015add81b0b5 sp=0x0000005826bfd950
Event: 23.456 Thread 0x0000015ae6fde640 DEOPT UNPACKING pc=0x0000015add292b43 sp=0x0000005826bfce78 mode 3
Event: 26.792 Thread 0x0000015ae70bf500 DEOPT PACKING pc=0x0000015add5bec81 sp=0x0000005826dfea90
Event: 26.792 Thread 0x0000015ae70bf500 DEOPT UNPACKING pc=0x0000015add292b43 sp=0x0000005826dfdf20 mode 3

Classes unloaded (12 events):
Event: 26.964 Thread 0x0000015ae486c290 Unloading class 0x0000000100344c00 'java/lang/invoke/LambdaForm$MH+0x0000000100344c00'
Event: 26.965 Thread 0x0000015ae486c290 Unloading class 0x0000000100344800 'java/lang/invoke/LambdaForm$MH+0x0000000100344800'
Event: 26.965 Thread 0x0000015ae486c290 Unloading class 0x000000010033cc00 'java/lang/invoke/LambdaForm$DMH+0x000000010033cc00'
Event: 26.965 Thread 0x0000015ae486c290 Unloading class 0x000000010033c400 'java/lang/invoke/LambdaForm$DMH+0x000000010033c400'
Event: 26.965 Thread 0x0000015ae486c290 Unloading class 0x00000001000ca800 'java/lang/invoke/LambdaForm$MH+0x00000001000ca800'
Event: 26.965 Thread 0x0000015ae486c290 Unloading class 0x00000001000ca000 'java/lang/invoke/LambdaForm$MH+0x00000001000ca000'
Event: 26.965 Thread 0x0000015ae486c290 Unloading class 0x00000001000c9c00 'java/lang/invoke/LambdaForm$MH+0x00000001000c9c00'
Event: 26.965 Thread 0x0000015ae486c290 Unloading class 0x00000001000c9800 'java/lang/invoke/LambdaForm$MH+0x00000001000c9800'
Event: 26.965 Thread 0x0000015ae486c290 Unloading class 0x00000001000c9000 'java/lang/invoke/LambdaForm$MH+0x00000001000c9000'
Event: 26.965 Thread 0x0000015ae486c290 Unloading class 0x00000001000c8c00 'java/lang/invoke/LambdaForm$MH+0x00000001000c8c00'
Event: 26.965 Thread 0x0000015ae486c290 Unloading class 0x00000001000c8800 'java/lang/invoke/LambdaForm$MH+0x00000001000c8800'
Event: 26.965 Thread 0x0000015ae486c290 Unloading class 0x00000001000c8000 'java/lang/invoke/LambdaForm$MH+0x00000001000c8000'

Classes redefined (0 events):
No events

Internal exceptions (20 events):
Event: 23.140 Thread 0x0000015ae6fde170 Exception <a 'sun/nio/fs/WindowsException'{0x00000000cbd77fc8}> (0x00000000cbd77fc8) 
thrown [e:\jenkins\tmp\workspace\build\src\src\hotspot\share\prims\jni.cpp, line 516]
Event: 23.140 Thread 0x0000015ae6fde170 Exception <a 'sun/nio/fs/WindowsException'{0x00000000cbd789f0}> (0x00000000cbd789f0) 
thrown [e:\jenkins\tmp\workspace\build\src\src\hotspot\share\prims\jni.cpp, line 516]
Event: 23.140 Thread 0x0000015ae6fde170 Exception <a 'sun/nio/fs/WindowsException'{0x00000000cbd78dd0}> (0x00000000cbd78dd0) 
thrown [e:\jenkins\tmp\workspace\build\src\src\hotspot\share\prims\jni.cpp, line 516]
Event: 23.141 Thread 0x0000015ae6fde170 Exception <a 'sun/nio/fs/WindowsException'{0x00000000cbd797c0}> (0x00000000cbd797c0) 
thrown [e:\jenkins\tmp\workspace\build\src\src\hotspot\share\prims\jni.cpp, line 516]
Event: 23.141 Thread 0x0000015ae6fde170 Exception <a 'sun/nio/fs/WindowsException'{0x00000000cbd79b68}> (0x00000000cbd79b68) 
thrown [e:\jenkins\tmp\workspace\build\src\src\hotspot\share\prims\jni.cpp, line 516]
Event: 23.141 Thread 0x0000015ae6fde170 Exception <a 'sun/nio/fs/WindowsException'{0x00000000cbd7a568}> (0x00000000cbd7a568) 
thrown [e:\jenkins\tmp\workspace\build\src\src\hotspot\share\prims\jni.cpp, line 516]
Event: 23.141 Thread 0x0000015ae6fde170 Exception <a 'sun/nio/fs/WindowsException'{0x00000000cbd7a928}> (0x00000000cbd7a928) 
thrown [e:\jenkins\tmp\workspace\build\src\src\hotspot\share\prims\jni.cpp, line 516]
Event: 23.141 Thread 0x0000015ae6fde170 Exception <a 'sun/nio/fs/WindowsException'{0x00000000cbd7b328}> (0x00000000cbd7b328) 
thrown [e:\jenkins\tmp\workspace\build\src\src\hotspot\share\prims\jni.cpp, line 516]
Event: 23.141 Thread 0x0000015ae6fde170 Exception <a 'sun/nio/fs/WindowsException'{0x00000000cbd7b6d8}> (0x00000000cbd7b6d8) 
thrown [e:\jenkins\tmp\workspace\build\src\src\hotspot\share\prims\jni.cpp, line 516]
Event: 23.142 Thread 0x0000015ae6fde170 Exception <a 'sun/nio/fs/WindowsException'{0x00000000cbd7c0d8}> (0x00000000cbd7c0d8) 
thrown [e:\jenkins\tmp\workspace\build\src\src\hotspot\share\prims\jni.cpp, line 516]
Event: 23.142 Thread 0x0000015ae6fde170 Exception <a 'sun/nio/fs/WindowsException'{0x00000000cbd7c498}> (0x00000000cbd7c498) 
thrown [e:\jenkins\tmp\workspace\build\src\src\hotspot\share\prims\jni.cpp, line 516]
Event: 23.142 Thread 0x0000015ae6fde170 Exception <a 'sun/nio/fs/WindowsException'{0x00000000cbd7cec0}> (0x00000000cbd7cec0) 
thrown [e:\jenkins\tmp\workspace\build\src\src\hotspot\share\prims\jni.cpp, line 516]
Event: 23.142 Thread 0x0000015ae6fde170 Exception <a 'sun/nio/fs/WindowsException'{0x00000000cbd7d2a0}> (0x00000000cbd7d2a0) 
thrown [e:\jenkins\tmp\workspace\build\src\src\hotspot\share\prims\jni.cpp, line 516]
Event: 23.142 Thread 0x0000015ae6fde170 Exception <a 'sun/nio/fs/WindowsException'{0x00000000cbd7dcd8}> (0x00000000cbd7dcd8) 
thrown [e:\jenkins\tmp\workspace\build\src\src\hotspot\share\prims\jni.cpp, line 516]
Event: 23.142 Thread 0x0000015ae6fde170 Exception <a 'sun/nio/fs/WindowsException'{0x00000000cbd7e0c8}> (0x00000000cbd7e0c8) 
thrown [e:\jenkins\tmp\workspace\build\src\src\hotspot\share\prims\jni.cpp, line 516]
Event: 23.142 Thread 0x0000015ae6fde170 Exception <a 'sun/nio/fs/WindowsException'{0x00000000cbd7eaf0}> (0x00000000cbd7eaf0) 
thrown [e:\jenkins\tmp\workspace\build\src\src\hotspot\share\prims\jni.cpp, line 516]
Event: 23.142 Thread 0x0000015ae6fde170 Exception <a 'sun/nio/fs/WindowsException'{0x00000000cbd7eee0}> (0x00000000cbd7eee0) 
thrown [e:\jenkins\tmp\workspace\build\src\src\hotspot\share\prims\jni.cpp, line 516]
Event: 23.425 Thread 0x0000015ae6fde640 Exception <a 'java/lang/NoSuchMethodError'{0x00000000cbc00420}: 'java.lang.Object java.lang.invoke.DirectMethodHandle$Holder.invokeStatic(java.lang.Object, int, java.lang.Object)'> (0x00000000cbc00420) 
thrown [e:\jenkins\tmp\workspace\build\src\src\hotspot\share\interpreter\linkResolver.cpp, line 766]
Event: 24.521 Thread 0x0000015ae6a61a30 Exception <a 'java/lang/NoSuchMethodError'{0x00000000cc43c940}: 'int java.lang.invoke.DirectMethodHandle$Holder.invokeStatic(java.lang.Object)'> (0x00000000cc43c940) 
thrown [e:\jenkins\tmp\workspace\build\src\src\hotspot\share\interpreter\linkResolver.cpp, line 766]
Event: 24.521 Thread 0x0000015ae6a61a30 Exception <a 'java/lang/NoSuchMethodError'{0x00000000cc440098}: 'int java.lang.invoke.DirectMethodHandle$Holder.invokeStaticInit(java.lang.Object)'> (0x00000000cc440098) 
thrown [e:\jenkins\tmp\workspace\build\src\src\hotspot\share\interpreter\linkResolver.cpp, line 766]

VM Operations (20 events):
Event: 26.406 Executing VM operation: ICBufferFull done
Event: 26.430 Executing VM operation: ICBufferFull
Event: 26.748 Executing VM operation: ICBufferFull done
Event: 26.756 Executing VM operation: ICBufferFull
Event: 26.756 Executing VM operation: ICBufferFull done
Event: 26.780 Executing VM operation: ICBufferFull
Event: 26.780 Executing VM operation: ICBufferFull done
Event: 26.826 Executing VM operation: HandshakeAllThreads
Event: 26.826 Executing VM operation: HandshakeAllThreads done
Event: 26.906 Executing VM operation: G1CollectForAllocation
Event: 26.917 Executing VM operation: G1CollectForAllocation done
Event: 26.951 Executing VM operation: G1Concurrent
Event: 27.063 Executing VM operation: G1Concurrent done
Event: 27.077 Executing VM operation: G1Concurrent
Event: 27.102 Executing VM operation: G1Concurrent done
Event: 27.204 Executing VM operation: G1CollectForAllocation
Event: 27.211 Executing VM operation: G1CollectForAllocation done
Event: 27.248 Executing VM operation: G1CollectForAllocation
Event: 27.254 Executing VM operation: G1CollectForAllocation done
Event: 27.291 Executing VM operation: G1Concurrent

Events (20 events):
Event: 26.812 loading class java/util/stream/Collectors$1PairBox
Event: 26.812 loading class java/util/stream/Collectors$1PairBox done
Event: 26.813 loading class jdk/internal/module/SystemModuleFinders$ModuleContentSpliterator
Event: 26.813 loading class jdk/internal/module/SystemModuleFinders$ModuleContentSpliterator done
Event: 26.814 loading class jdk/internal/jimage/ImageReader$Directory
Event: 26.814 loading class jdk/internal/jimage/ImageReader$Node
Event: 26.814 loading class jdk/internal/jimage/ImageReader$Node done
Event: 26.814 loading class jdk/internal/jimage/ImageReader$Directory done
Event: 26.814 loading class jdk/internal/jimage/ImageReader$SharedImageReader$LocationVisitor
Event: 26.814 loading class jdk/internal/jimage/ImageReader$SharedImageReader$LocationVisitor done
Event: 26.816 loading class java/nio/ByteBufferAsIntBufferL
Event: 26.825 loading class java/nio/ByteBufferAsIntBufferL done
Event: 26.828 loading class jdk/internal/jimage/ImageReader$Resource
Event: 26.828 loading class jdk/internal/jimage/ImageReader$Resource done
Event: 26.828 loading class java/util/stream/LongStream
Event: 26.829 loading class java/util/concurrent/locks/AbstractQueuedSynchronizer$SharedNode
Event: 26.829 loading class java/util/concurrent/locks/AbstractQueuedSynchronizer$SharedNode done
Event: 26.829 loading class java/util/stream/LongStream done
Event: 26.829 loading class java/util/stream/DoubleStream
Event: 26.831 loading class java/util/stream/DoubleStream done


Dynamic libraries:
0x00007ff6155c0000 - 0x00007ff6155ce000 	c:\Users\gilbe\.vscode\extensions\redhat.java-1.9.0-win32-x64\jre\17.0.3-win32-x86_64\bin\java.exe
0x00007ff8b7ed0000 - 0x00007ff8b80c8000 	C:\windows\SYSTEM32\ntdll.dll
0x00007ff8b7510000 - 0x00007ff8b75cd000 	C:\windows\System32\KERNEL32.DLL
0x00007ff8b5940000 - 0x00007ff8b5c0e000 	C:\windows\System32\KERNELBASE.dll
0x00007ff8b5de0000 - 0x00007ff8b5ee0000 	C:\windows\System32\ucrtbase.dll
0x00007ff8aea20000 - 0x00007ff8aea38000 	c:\Users\gilbe\.vscode\extensions\redhat.java-1.9.0-win32-x64\jre\17.0.3-win32-x86_64\bin\jli.dll
0x00007ff8b5f40000 - 0x00007ff8b60e0000 	C:\windows\System32\USER32.dll
0x00007ff8b5910000 - 0x00007ff8b5932000 	C:\windows\System32\win32u.dll
0x00007ff8b7df0000 - 0x00007ff8b7e1a000 	C:\windows\System32\GDI32.dll
0x00007ff8b5cd0000 - 0x00007ff8b5ddb000 	C:\windows\System32\gdi32full.dll
0x00007ff8b57c0000 - 0x00007ff8b585d000 	C:\windows\System32\msvcp_win.dll
0x00007ff8ad430000 - 0x00007ff8ad449000 	c:\Users\gilbe\.vscode\extensions\redhat.java-1.9.0-win32-x64\jre\17.0.3-win32-x86_64\bin\VCRUNTIME140.dll
0x00007ff89edf0000 - 0x00007ff89f08a000 	C:\windows\WinSxS\amd64_microsoft.windows.common-controls_6595b64144ccf1df_6.0.19041.1110_none_60b5254171f9507e\COMCTL32.dll
0x00007ff8b7ab0000 - 0x00007ff8b7b4e000 	C:\windows\System32\msvcrt.dll
0x00007ff8b7720000 - 0x00007ff8b7750000 	C:\windows\System32\IMM32.DLL
0x00007ff8ad620000 - 0x00007ff8ad62c000 	c:\Users\gilbe\.vscode\extensions\redhat.java-1.9.0-win32-x64\jre\17.0.3-win32-x86_64\bin\vcruntime140_1.dll
0x00007ff887b10000 - 0x00007ff887ba1000 	c:\Users\gilbe\.vscode\extensions\redhat.java-1.9.0-win32-x64\jre\17.0.3-win32-x86_64\bin\msvcp140.dll
0x00007ff875b60000 - 0x00007ff8767a8000 	c:\Users\gilbe\.vscode\extensions\redhat.java-1.9.0-win32-x64\jre\17.0.3-win32-x86_64\bin\server\jvm.dll
0x00007ff8b63f0000 - 0x00007ff8b649e000 	C:\windows\System32\ADVAPI32.dll
0x00007ff8b7470000 - 0x00007ff8b750c000 	C:\windows\System32\sechost.dll
0x00007ff8b7210000 - 0x00007ff8b7335000 	C:\windows\System32\RPCRT4.dll
0x00007ff8b5f30000 - 0x00007ff8b5f38000 	C:\windows\System32\PSAPI.DLL
0x00007ff8ad5e0000 - 0x00007ff8ad5e9000 	C:\windows\SYSTEM32\WSOCK32.dll
0x00007ff8b7140000 - 0x00007ff8b71ab000 	C:\windows\System32\WS2_32.dll
0x00007ff8ac360000 - 0x00007ff8ac387000 	C:\windows\SYSTEM32\WINMM.dll
0x00007ff8ac390000 - 0x00007ff8ac39a000 	C:\windows\SYSTEM32\VERSION.dll
0x00007ff8b34f0000 - 0x00007ff8b3502000 	C:\windows\SYSTEM32\kernel.appcore.dll
0x00007ff8ad3b0000 - 0x00007ff8ad3ba000 	c:\Users\gilbe\.vscode\extensions\redhat.java-1.9.0-win32-x64\jre\17.0.3-win32-x86_64\bin\jimage.dll
0x00007ff89fd40000 - 0x00007ff89ff24000 	C:\windows\SYSTEM32\DBGHELP.DLL
0x00007ff89a020000 - 0x00007ff89a04c000 	C:\windows\SYSTEM32\dbgcore.DLL
0x00007ff8b5c10000 - 0x00007ff8b5c92000 	C:\windows\System32\bcryptPrimitives.dll
0x00007ff8ad350000 - 0x00007ff8ad375000 	c:\Users\gilbe\.vscode\extensions\redhat.java-1.9.0-win32-x64\jre\17.0.3-win32-x86_64\bin\java.dll
0x00007ff8ad330000 - 0x00007ff8ad348000 	c:\Users\gilbe\.vscode\extensions\redhat.java-1.9.0-win32-x64\jre\17.0.3-win32-x86_64\bin\zip.dll
0x00007ff8b6500000 - 0x00007ff8b6c44000 	C:\windows\System32\SHELL32.dll
0x00007ff8b36f0000 - 0x00007ff8b3e84000 	C:\windows\SYSTEM32\windows.storage.dll
0x00007ff8b7750000 - 0x00007ff8b7aa4000 	C:\windows\System32\combase.dll
0x00007ff8b4f80000 - 0x00007ff8b4fb0000 	C:\windows\SYSTEM32\Wldp.dll
0x00007ff8b6290000 - 0x00007ff8b633d000 	C:\windows\System32\SHCORE.dll
0x00007ff8b64a0000 - 0x00007ff8b64f5000 	C:\windows\System32\shlwapi.dll
0x00007ff8b5530000 - 0x00007ff8b554f000 	C:\windows\SYSTEM32\profapi.dll
0x00007ff8ad2f0000 - 0x00007ff8ad309000 	C:\Users\gilbe\.vscode\extensions\redhat.java-1.9.0-win32-x64\jre\17.0.3-win32-x86_64\bin\net.dll
0x00007ff8a6530000 - 0x00007ff8a663a000 	C:\windows\SYSTEM32\WINHTTP.dll
0x00007ff8b4ce0000 - 0x00007ff8b4d4a000 	C:\windows\system32\mswsock.dll
0x00007ff8ad0c0000 - 0x00007ff8ad0d5000 	C:\Users\gilbe\.vscode\extensions\redhat.java-1.9.0-win32-x64\jre\17.0.3-win32-x86_64\bin\nio.dll
0x00007ff8ad320000 - 0x00007ff8ad330000 	c:\Users\gilbe\.vscode\extensions\redhat.java-1.9.0-win32-x64\jre\17.0.3-win32-x86_64\bin\verify.dll
0x00007ff8ad6e0000 - 0x00007ff8ad6e9000 	C:\Users\gilbe\.vscode\extensions\redhat.java-1.9.0-win32-x64\jre\17.0.3-win32-x86_64\bin\management.dll
0x00007ff8ad2e0000 - 0x00007ff8ad2eb000 	C:\Users\gilbe\.vscode\extensions\redhat.java-1.9.0-win32-x64\jre\17.0.3-win32-x86_64\bin\management_ext.dll
0x00007ff898790000 - 0x00007ff8987a7000 	C:\windows\system32\napinsp.dll
0x00007ff898770000 - 0x00007ff89878b000 	C:\windows\system32\pnrpnsp.dll
0x00007ff8b0200000 - 0x00007ff8b0215000 	C:\windows\system32\wshbth.dll
0x00007ff8b0fd0000 - 0x00007ff8b0fed000 	C:\windows\system32\NLAapi.dll
0x00007ff8b49d0000 - 0x00007ff8b4a0b000 	C:\windows\SYSTEM32\IPHLPAPI.DLL
0x00007ff8b4a10000 - 0x00007ff8b4adb000 	C:\windows\SYSTEM32\DNSAPI.dll
0x00007ff8b7e80000 - 0x00007ff8b7e88000 	C:\windows\System32\NSI.dll
0x00007ff898750000 - 0x00007ff898762000 	C:\windows\System32\winrnr.dll
0x00007ff8ad030000 - 0x00007ff8ad03a000 	C:\Windows\System32\rasadhlp.dll
0x00007ff89f230000 - 0x00007ff89f2b0000 	C:\windows\System32\fwpuclnt.dll
0x00007ff8b5ca0000 - 0x00007ff8b5cc7000 	C:\windows\System32\bcrypt.dll
0x00007ff8b4ed0000 - 0x00007ff8b4ee8000 	C:\windows\SYSTEM32\CRYPTSP.dll
0x00007ff8b4660000 - 0x00007ff8b4694000 	C:\windows\system32\rsaenh.dll
0x00007ff8b54b0000 - 0x00007ff8b54de000 	C:\windows\SYSTEM32\USERENV.dll
0x00007ff8b4ef0000 - 0x00007ff8b4efc000 	C:\windows\SYSTEM32\CRYPTBASE.dll
0x00007ff8a9a30000 - 0x00007ff8a9a47000 	C:\windows\SYSTEM32\dhcpcsvc6.DLL
0x00007ff8a9da0000 - 0x00007ff8a9dbd000 	C:\windows\SYSTEM32\dhcpcsvc.DLL

dbghelp: loaded successfully - version: 4.0.5 - missing functions: none
symbol engine: initialized successfully - sym options: 0x614 - pdb path: .;c:\Users\gilbe\.vscode\extensions\redhat.java-1.9.0-win32-x64\jre\17.0.3-win32-x86_64\bin;C:\windows\SYSTEM32;C:\windows\WinSxS\amd64_microsoft.windows.common-controls_6595b64144ccf1df_6.0.19041.1110_none_60b5254171f9507e;c:\Users\gilbe\.vscode\extensions\redhat.java-1.9.0-win32-x64\jre\17.0.3-win32-x86_64\bin\server

VM Arguments:
jvm_args: -Dsts.lsp.client=vscode -Dsts.log.file=/dev/null -XX:TieredStopAtLevel=1 -Dspring.config.location=file:c:\Users\gilbe\.vscode\extensions\pivotal.vscode-spring-boot-1.37.0\language-server\BOOT-INF\classes\application.properties 
java_command: org.springframework.ide.vscode.boot.app.BootLanguageServerBootApp
java_class_path (initial): c:\Users\gilbe\.vscode\extensions\pivotal.vscode-spring-boot-1.37.0\language-server\BOOT-INF\classes;c:\Users\gilbe\.vscode\extensions\pivotal.vscode-spring-boot-1.37.0\language-server\BOOT-INF\lib\annotations-23.0.0.jar;c:\Users\gilbe\.vscode\extensions\pivotal.vscode-spring-boot-1.37.0\language-server\BOOT-INF\lib\antlr-runtime-3.5.2.jar;c:\Users\gilbe\.vscode\extensions\pivotal.vscode-spring-boot-1.37.0\language-server\BOOT-INF\lib\antlr4-4.9.3.jar;c:\Users\gilbe\.vscode\extensions\pivotal.vscode-spring-boot-1.37.0\language-server\BOOT-INF\lib\antlr4-runtime-4.9.3.jar;c:\Users\gilbe\.vscode\extensions\pivotal.vscode-spring-boot-1.37.0\language-server\BOOT-INF\lib\asm-9.3.jar;c:\Users\gilbe\.vscode\extensions\pivotal.vscode-spring-boot-1.37.0\language-server\BOOT-INF\lib\asm-analysis-9.3.jar;c:\Users\gilbe\.vscode\extensions\pivotal.vscode-spring-boot-1.37.0\language-server\BOOT-INF\lib\asm-tree-9.3.jar;c:\Users\gilbe\.vscode\extensions\pivotal.vscode-spring-boot-1.37.0\language-server\BOOT-INF\lib\asm-util-9.3.jar;c:\Users\gilbe\.vscode\extensions\pivotal.vscode-spring-boot-1.37.0\language-server\BOOT-INF\lib\byte-buddy-1.10.18.jar;c:\Users\gilbe\.vscode\extensions\pivotal.vscode-spring-boot-1.37.0\language-server\BOOT-INF\lib\caffeine-2.8.6.jar;c:\Users\gilbe\.vscode\extensions\pivotal.vscode-spring-boot-1.37.0\language-server\BOOT-INF\lib\checker-qual-3.12.0.jar;c:\Users\gilbe\.vscode\extensions\pivotal.vscode-spring-boot-1.37.0\language-server\BOOT-INF\lib\classgraph-4.8.149.jar;c:\Users\gilbe\.vscode\extensions\pivotal.vscode-spring-boot-1.37.0\language-server\BOOT-INF\lib\commons-codec-1.14.jar;c:\Users\gilbe\.vscode\extensions\pivotal.vscode-spring-boot-1.37.0\language-server\BOOT-INF\lib\commons-compress-1.21.jar;c:\Users\gilbe\.vscode\extensions\pivotal.vscode-spring-boot-1.37.0\language-server\BOOT-INF\lib\commons-exec-1.3.jar;c:\Users\gilbe\.vscode\extensions\pivotal.vscode-spring-boot-1.37.0\language-server\BOOT-INF\lib\com
Launcher Type: SUN_STANDARD

[Global flags]
     intx CICompilerCount                          = 2                                         {product} {ergonomic}
     uint ConcGCThreads                            = 1                                         {product} {ergonomic}
     uint G1ConcRefinementThreads                  = 2                                         {product} {ergonomic}
   size_t G1HeapRegionSize                         = 1048576                                   {product} {ergonomic}
    uintx GCDrainStackTargetSize                   = 64                                        {product} {ergonomic}
   size_t InitialHeapSize                          = 58720256                                  {product} {ergonomic}
   size_t MarkStackSize                            = 4194304                                   {product} {ergonomic}
   size_t MaxHeapSize                              = 908066816                                 {product} {ergonomic}
   size_t MaxNewSize                               = 544210944                                 {product} {ergonomic}
   size_t MinHeapDeltaBytes                        = 1048576                                   {product} {ergonomic}
   size_t MinHeapSize                              = 8388608                                   {product} {ergonomic}
    uintx NonProfiledCodeHeapSize                  = 0                                      {pd product} {ergonomic}
     bool ProfileInterpreter                       = false                                  {pd product} {command line}
    uintx ProfiledCodeHeapSize                     = 0                                      {pd product} {ergonomic}
   size_t SoftMaxHeapSize                          = 908066816                              {manageable} {ergonomic}
     intx TieredStopAtLevel                        = 1                                         {product} {command line}
     bool UseCompressedClassPointers               = true                           {product lp64_product} {ergonomic}
     bool UseCompressedOops                        = true                           {product lp64_product} {ergonomic}
     bool UseG1GC                                  = true                                      {product} {ergonomic}
     bool UseLargePagesIndividualAllocation        = false                                  {pd product} {ergonomic}

Logging:
Log output configuration:
 #0: stdout all=warning uptime,level,tags
 #1: stderr all=off uptime,level,tags

Environment Variables:
PATH=C:\Program Files (x86)\Common Files\Oracle\Java\javapath;C:\windows\system32;C:\windows;C:\windows\System32\Wbem;C:\windows\System32\WindowsPowerShell\v1.0\;C:\windows\System32\OpenSSH\;C:\Program Files\nodejs\;C:\ProgramData\chocolatey\bin;C:\Users\gilbe\AppData\Local\Programs\Python\Python310\Scripts\;C:\Users\gilbe\AppData\Local\Programs\Python\Python310\;C:\Users\gilbe\AppData\Local\Microsoft\WindowsApps;C:\Users\gilbe\AppData\Local\Programs\Microsoft VS Code\bin;C:\Users\gilbe\AppData\Roaming\npm;C:\Program Files\Java\jdk1.8.0_311\bin;C:\Program Files\Java\jre1.8.0_341\bin;
USERNAME=gilbe
OS=Windows_NT
PROCESSOR_IDENTIFIER=AMD64 Family 23 Model 24 Stepping 1, AuthenticAMD



---------------  S Y S T E M  ---------------

OS:
 Windows 10 , 64 bit Build 19041 (10.0.19041.1806)
OS uptime: 24 days 5:23 hours

CPU: total 2 (initial active 2) (2 cores per cpu, 1 threads per core) family 23 model 24 stepping 1 microcode 0x0, cx8, cmov, fxsr, mmx, 3dnowpref, sse, sse2, sse3, ssse3, sse4a, sse4.1, sse4.2, popcnt, lzcnt, tsc, tscinvbit, avx, avx2, aes, clmul, bmi1, bmi2, adx, sha, fma, vzeroupper, clflush, clflushopt

Memory: 4k page, system-wide physical 3463M (101M free)
TotalPageFile size 14215M (AvailPageFile size 5M)
current process WorkingSet (physical memory assigned to process): 116M, peak: 116M
current process commit charge ("private bytes"): 161M, peak: 170M

vm_info: OpenJDK 64-Bit Server VM (17.0.3+7) for windows-amd64 JRE (17.0.3+7), built on Apr 19 2022 16:55:35 by "" with MS VC++ 16.7 (VS2019)

END.
