#
# There is insufficient memory for the Java Runtime Environment to continue.
# Native memory allocation (malloc) failed to allocate 65552 bytes for Chunk::new
# Possible reasons:
#   The system is out of physical RAM or swap space
#   The process is running with CompressedOops enabled, and the Java Heap may be blocking the growth of the native heap
# Possible solutions:
#   Reduce memory load on the system
#   Increase physical memory or swap space
#   Check if swap backing store is full
#   Decrease Java heap size (-Xmx/-Xms)
#   Decrease number of Java threads
#   Decrease Java thread stack sizes (-Xss)
#   Set larger code cache with -XX:ReservedCodeCacheSize=
#   JVM is running with Unscaled Compressed Oops mode in which the Java heap is
#     placed in the first 4GB address space. The Java Heap base address is the
#     maximum limit for the native heap growth. Please use -XX:HeapBaseMinAddress
#     to set the Java Heap base and to place the Java Heap above 4GB virtual address.
# This output file may be truncated or incomplete.
#
#  Out of Memory Error (arena.cpp:189), pid=19960, tid=5428
#
# JRE version: OpenJDK Runtime Environment Temurin-17.0.3+7 (17.0.3+7) (build 17.0.3+7)
# Java VM: OpenJDK 64-Bit Server VM Temurin-17.0.3+7 (17.0.3+7, mixed mode, tiered, compressed oops, compressed class ptrs, parallel gc, windows-amd64)
# No core dump will be written. Minidumps are not enabled by default on client versions of Windows
#

---------------  S U M M A R Y ------------

Command Line: --add-modules=ALL-SYSTEM --add-opens=java.base/java.util=ALL-UNNAMED --add-opens=java.base/java.lang=ALL-UNNAMED --add-opens=java.base/sun.nio.fs=ALL-UNNAMED -Declipse.application=org.eclipse.jdt.ls.core.id1 -Dosgi.bundles.defaultStartLevel=4 -Declipse.product=org.eclipse.jdt.ls.core.product -Djava.import.generatesMetadataFilesAtProjectRoot=false -Dfile.encoding=utf8 -DwatchParentProcess=false -XX:+UseParallelGC -XX:GCTimeRatio=4 -XX:AdaptiveSizePolicyWeight=90 -Dsun.zip.disableMemoryMapping=true -Xmx1G -Xms100m -javaagent:c:\Users\gilbe\.vscode\extensions\redhat.java-1.9.0-win32-x64\lombok\lombok-1.18.24.jar -XX:+HeapDumpOnOutOfMemoryError -XX:HeapDumpPath=c:\Users\gilbe\AppData\Roaming\Code\User\workspaceStorage\6855dac74c9501bda7c68a02d3bf8714\redhat.java c:\Users\gilbe\.vscode\extensions\redhat.java-1.9.0-win32-x64\server\plugins\org.eclipse.equinox.launcher_1.6.400.v20210924-0641.jar -configuration c:\Users\gilbe\AppData\Roaming\Code\User\globalStorage\redhat.java\1.9.0\config_win -data c:\Users\gilbe\AppData\Roaming\Code\User\workspaceStorage\6855dac74c9501bda7c68a02d3bf8714\redhat.java\jdt_ws

Host: AMD Athlon Silver 3050U with Radeon Graphics   , 2 cores, 3G,  Windows 10 , 64 bit Build 19041 (10.0.19041.1806)
Time: Wed Aug 10 13:44:21 2022 Central Daylight Time elapsed time: 25.277518 seconds (0d 0h 0m 25s)

---------------  T H R E A D  ---------------

Current thread (0x0000014d45901040):  JavaThread "C2 CompilerThread0" daemon [_thread_in_native, id=5428, stack(0x000000014b300000,0x000000014b400000)]


Current CompileTask:
C2:  25295 3920   !   4       org.eclipse.osgi.internal.loader.classpath.ClasspathManager::defineClass (636 bytes)

Stack: [0x000000014b300000,0x000000014b400000]
Native frames: (J=compiled Java code, j=interpreted, Vv=VM code, C=native code)
V  [jvm.dll+0x675efa]
V  [jvm.dll+0x830a24]
V  [jvm.dll+0x8321ce]
V  [jvm.dll+0x832833]
V  [jvm.dll+0x2454b5]
V  [jvm.dll+0xabd7b]
V  [jvm.dll+0xac30c]
V  [jvm.dll+0xb928d]
V  [jvm.dll+0x56d84e]
V  [jvm.dll+0x56c2cd]
V  [jvm.dll+0x56b80e]
V  [jvm.dll+0x56b821]
V  [jvm.dll+0x56b821]
V  [jvm.dll+0x56b821]
V  [jvm.dll+0x56b821]
V  [jvm.dll+0x56b821]
V  [jvm.dll+0x56b821]
V  [jvm.dll+0x56b821]
V  [jvm.dll+0x56b821]
V  [jvm.dll+0x56b821]
V  [jvm.dll+0x56b821]
V  [jvm.dll+0x56b821]
V  [jvm.dll+0x57d548]
V  [jvm.dll+0x22056d]
V  [jvm.dll+0x219e62]
V  [jvm.dll+0x21767b]
V  [jvm.dll+0x1a3ccd]
V  [jvm.dll+0x227178]
V  [jvm.dll+0x2252bc]
V  [jvm.dll+0x7e673b]
V  [jvm.dll+0x7e0cfa]
V  [jvm.dll+0x674d85]
C  [ucrtbase.dll+0x21bb2]
C  [KERNEL32.DLL+0x17034]
C  [ntdll.dll+0x52651]


---------------  P R O C E S S  ---------------

Threads class SMR info:
_java_thread_list=0x0000014d4aaa1b00, length=24, elements={
0x0000014d31aff8e0, 0x0000014d458d2750, 0x0000014d458d34d0, 0x0000014d458f9150,
0x0000014d458fbde0, 0x0000014d458fc960, 0x0000014d459003a0, 0x0000014d45901040,
0x0000014d459035a0, 0x0000014d45979ea0, 0x0000014d45810b80, 0x0000014d46e78390,
0x0000014d47386c50, 0x0000014d47701370, 0x0000014d47701840, 0x0000014d474b4050,
0x0000014d475b7690, 0x0000014d475b89d0, 0x0000014d475b7b60, 0x0000014d475b8ea0,
0x0000014d475b54e0, 0x0000014d475b59b0, 0x0000014d475b71c0, 0x0000014d475b5e80
}

Java Threads: ( => current thread )
  0x0000014d31aff8e0 JavaThread "main" [_thread_blocked, id=16216, stack(0x000000014aa00000,0x000000014ab00000)]
  0x0000014d458d2750 JavaThread "Reference Handler" daemon [_thread_blocked, id=8064, stack(0x000000014ad00000,0x000000014ae00000)]
  0x0000014d458d34d0 JavaThread "Finalizer" daemon [_thread_blocked, id=8200, stack(0x000000014ae00000,0x000000014af00000)]
  0x0000014d458f9150 JavaThread "Signal Dispatcher" daemon [_thread_blocked, id=9828, stack(0x000000014af00000,0x000000014b000000)]
  0x0000014d458fbde0 JavaThread "Attach Listener" daemon [_thread_blocked, id=2304, stack(0x000000014b000000,0x000000014b100000)]
  0x0000014d458fc960 JavaThread "Service Thread" daemon [_thread_blocked, id=13192, stack(0x000000014b100000,0x000000014b200000)]
  0x0000014d459003a0 JavaThread "Monitor Deflation Thread" daemon [_thread_blocked, id=5792, stack(0x000000014b200000,0x000000014b300000)]
=>0x0000014d45901040 JavaThread "C2 CompilerThread0" daemon [_thread_in_native, id=5428, stack(0x000000014b300000,0x000000014b400000)]
  0x0000014d459035a0 JavaThread "C1 CompilerThread0" daemon [_thread_blocked, id=6824, stack(0x000000014b400000,0x000000014b500000)]
  0x0000014d45979ea0 JavaThread "Sweeper thread" daemon [_thread_blocked, id=5832, stack(0x000000014b500000,0x000000014b600000)]
  0x0000014d45810b80 JavaThread "Common-Cleaner" daemon [_thread_blocked, id=19936, stack(0x000000014b600000,0x000000014b700000)]
  0x0000014d46e78390 JavaThread "Notification Thread" daemon [_thread_blocked, id=18160, stack(0x000000014b700000,0x000000014b800000)]
  0x0000014d47386c50 JavaThread "Active Thread: Equinox Container: dbfad0a8-0da0-4b98-bf10-8dd83992e2ae" [_thread_blocked, id=12760, stack(0x000000014ba00000,0x000000014bb00000)]
  0x0000014d47701370 JavaThread "Framework Event Dispatcher: Equinox Container: dbfad0a8-0da0-4b98-bf10-8dd83992e2ae" daemon [_thread_blocked, id=12180, stack(0x000000014bb00000,0x000000014bc00000)]
  0x0000014d47701840 JavaThread "Start Level: Equinox Container: dbfad0a8-0da0-4b98-bf10-8dd83992e2ae" daemon [_thread_in_native, id=12664, stack(0x000000014bc00000,0x000000014bd00000)]
  0x0000014d474b4050 JavaThread "SCR Component Actor" daemon [_thread_blocked, id=20360, stack(0x000000014bd00000,0x000000014be00000)]
  0x0000014d475b7690 JavaThread "Bundle File Closer" daemon [_thread_blocked, id=9928, stack(0x000000014bf00000,0x000000014c000000)]
  0x0000014d475b89d0 JavaThread "Worker-JM" [_thread_blocked, id=17880, stack(0x000000014c000000,0x000000014c100000)]
  0x0000014d475b7b60 JavaThread "Worker-0: Repository registry initialization" [_thread_blocked, id=18136, stack(0x000000014c100000,0x000000014c200000)]
  0x0000014d475b8ea0 JavaThread "Worker-1" [_thread_blocked, id=10456, stack(0x000000014c200000,0x000000014c300000)]
  0x0000014d475b54e0 JavaThread "Worker-2: Updating Maven Dependencies" [_thread_in_vm, id=20884, stack(0x000000014c300000,0x000000014c400000)]
  0x0000014d475b59b0 JavaThread "Worker-3" [_thread_blocked, id=18936, stack(0x000000014c400000,0x000000014c500000)]
  0x0000014d475b71c0 JavaThread "Java indexing" daemon [_thread_blocked, id=12924, stack(0x000000014c500000,0x000000014c600000)]
  0x0000014d475b5e80 JavaThread "Worker-4" [_thread_blocked, id=9432, stack(0x000000014c600000,0x000000014c700000)]

Other Threads:
  0x0000014d458bae10 VMThread "VM Thread" [stack: 0x000000014ac00000,0x000000014ad00000] [id=15612]
  0x0000014d46e78860 WatcherThread [stack: 0x000000014b800000,0x000000014b900000] [id=12448]
  0x0000014d31b15910 GCTaskThread "GC Thread#0" [stack: 0x000000014ab00000,0x000000014ac00000] [id=8440]
  0x0000014d476d3330 GCTaskThread "GC Thread#1" [stack: 0x000000014b900000,0x000000014ba00000] [id=17816]

Threads with active compile tasks:
C2 CompilerThread0    25397 3920   !   4       org.eclipse.osgi.internal.loader.classpath.ClasspathManager::defineClass (636 bytes)

VM state: not at safepoint (normal execution)

VM Mutex/Monitor currently owned by a thread: None

Heap address: 0x00000000c0000000, size: 1024 MB, Compressed Oops mode: 32-bit

CDS archive(s) not mapped
Compressed class space mapped at: 0x0000000100000000-0x0000000140000000, reserved size: 1073741824
Narrow klass base: 0x0000000000000000, Narrow klass shift: 3, Narrow klass range: 0x140000000

GC Precious Log:
 CPUs: 2 total, 2 available
 Memory: 3463M
 Large Page Support: Disabled
 NUMA Support: Disabled
 Compressed Oops: Enabled (32-bit)
 Alignments: Space 512K, Generation 512K, Heap 2M
 Heap Min Capacity: 100M
 Heap Initial Capacity: 100M
 Heap Max Capacity: 1G
 Pre-touch: Disabled
 Parallel Workers: 2

Heap:
 PSYoungGen      total 24576K, used 2955K [0x00000000eab00000, 0x00000000ec780000, 0x0000000100000000)
  eden space 23040K, 7% used [0x00000000eab00000,0x00000000eacae220,0x00000000ec180000)
  from space 1536K, 80% used [0x00000000ec600000,0x00000000ec734c30,0x00000000ec780000)
  to   space 1536K, 0% used [0x00000000ec480000,0x00000000ec480000,0x00000000ec600000)
 ParOldGen       total 68608K, used 12885K [0x00000000c0000000, 0x00000000c4300000, 0x00000000eab00000)
  object space 68608K, 18% used [0x00000000c0000000,0x00000000c0c95708,0x00000000c4300000)
 Metaspace       used 38465K, committed 39168K, reserved 1089536K
  class space    used 4039K, committed 4352K, reserved 1048576K

Card table byte_map: [0x0000014d314c0000,0x0000014d316d0000] _byte_map_base: 0x0000014d30ec0000

Marking Bits: (ParMarkBitMap*) 0x00007ff8766e4b80
 Begin Bits: [0x0000014d43790000, 0x0000014d44790000)
 End Bits:   [0x0000014d44790000, 0x0000014d45790000)

Polling page: 0x0000014d2f860000

Metaspace:

Usage:
  Non-class:     33.62 MB used.
      Class:      3.94 MB used.
       Both:     37.56 MB used.

Virtual space:
  Non-class space:       40.00 MB reserved,      34.00 MB ( 85%) committed,  5 nodes.
      Class space:        1.00 GB reserved,       4.25 MB ( <1%) committed,  1 nodes.
             Both:        1.04 GB reserved,      38.25 MB (  4%) committed. 

Chunk freelists:
   Non-Class:  1.30 MB
       Class:  3.61 MB
        Both:  4.91 MB

MaxMetaspaceSize: unlimited
CompressedClassSpaceSize: 1.00 GB
Initial GC threshold: 21.00 MB
Current GC threshold: 58.38 MB
CDS: off
MetaspaceReclaimPolicy: balanced
 - commit_granule_bytes: 65536.
 - commit_granule_words: 8192.
 - virtual_space_node_default_size: 1048576.
 - enlarge_chunks_in_place: 1.
 - new_chunks_are_fully_committed: 0.
 - uncommit_free_chunks: 1.
 - use_allocation_guard: 0.
 - handle_deallocations: 1.


Internal statistics:

num_allocs_failed_limit: 6.
num_arena_births: 254.
num_arena_deaths: 14.
num_vsnodes_births: 6.
num_vsnodes_deaths: 0.
num_space_committed: 612.
num_space_uncommitted: 0.
num_chunks_returned_to_freelist: 20.
num_chunks_taken_from_freelist: 1496.
num_chunk_merges: 10.
num_chunk_splits: 988.
num_chunks_enlarged: 660.
num_purges: 2.
num_inconsistent_stats: 0.

CodeHeap 'non-profiled nmethods': size=120064Kb used=1751Kb max_used=1751Kb free=118312Kb
 bounds [0x0000014d3c250000, 0x0000014d3c4c0000, 0x0000014d43790000]
CodeHeap 'profiled nmethods': size=120000Kb used=8149Kb max_used=8149Kb free=111850Kb
 bounds [0x0000014d34d20000, 0x0000014d35520000, 0x0000014d3c250000]
CodeHeap 'non-nmethods': size=5696Kb used=1245Kb max_used=1287Kb free=4450Kb
 bounds [0x0000014d34790000, 0x0000014d34a00000, 0x0000014d34d20000]
 total_blobs=4492 nmethods=3931 adapters=475
 compilation: enabled
              stopped_count=0, restarted_count=0
 full_count=0

Compilation events (20 events):
Event: 25.136 Thread 0x0000014d459035a0 3932       3       java.util.IdentityHashMap::put (137 bytes)
Event: 25.136 Thread 0x0000014d459035a0 nmethod 3932 0x0000014d35509010 code [0x0000014d35509240, 0x0000014d35509bf8]
Event: 25.163 Thread 0x0000014d459035a0 3933       2       java.lang.ThreadLocal::get (38 bytes)
Event: 25.164 Thread 0x0000014d459035a0 nmethod 3933 0x0000014d35509f90 code [0x0000014d3550a160, 0x0000014d3550a328]
Event: 25.182 Thread 0x0000014d459035a0 3934       1       com.google.inject.name.NamedImpl::annotationType (3 bytes)
Event: 25.183 Thread 0x0000014d459035a0 nmethod 3934 0x0000014d3c405c90 code [0x0000014d3c405e20, 0x0000014d3c405ef8]
Event: 25.229 Thread 0x0000014d459035a0 3935       3       com.google.inject.internal.InternalContext::close (38 bytes)
Event: 25.230 Thread 0x0000014d459035a0 nmethod 3935 0x0000014d3550a490 code [0x0000014d3550a660, 0x0000014d3550aa28]
Event: 25.231 Thread 0x0000014d459035a0 3936       3       java.lang.reflect.AccessibleObject::checkPermission (16 bytes)
Event: 25.231 Thread 0x0000014d459035a0 nmethod 3936 0x0000014d3550ab90 code [0x0000014d3550ad60, 0x0000014d3550b088]
Event: 25.232 Thread 0x0000014d459035a0 3937       3       com.google.common.collect.AbstractMapBasedMultimap$WrappedCollection::contains (15 bytes)
Event: 25.232 Thread 0x0000014d459035a0 nmethod 3937 0x0000014d3550b210 code [0x0000014d3550b3c0, 0x0000014d3550b658]
Event: 25.232 Thread 0x0000014d459035a0 3938       3       com.google.common.collect.LinkedHashMultimap$ValueSet::contains (42 bytes)
Event: 25.232 Thread 0x0000014d459035a0 nmethod 3938 0x0000014d3550b790 code [0x0000014d3550b9a0, 0x0000014d3550c148]
Event: 25.233 Thread 0x0000014d459035a0 3939       3       java.lang.reflect.AccessibleObject::checkCanSetAccessible (9 bytes)
Event: 25.233 Thread 0x0000014d459035a0 nmethod 3939 0x0000014d3550c410 code [0x0000014d3550c5a0, 0x0000014d3550c6e8]
Event: 25.233 Thread 0x0000014d459035a0 3940       3       java.lang.reflect.AccessibleObject::checkCanSetAccessible (368 bytes)
Event: 25.236 Thread 0x0000014d459035a0 nmethod 3940 0x0000014d3550c790 code [0x0000014d3550cec0, 0x0000014d355107e8]
Event: 25.243 Thread 0x0000014d459035a0 3941       3       java.lang.reflect.AccessibleObject::setAccessible0 (7 bytes)
Event: 25.243 Thread 0x0000014d459035a0 nmethod 3941 0x0000014d35511b90 code [0x0000014d35511d20, 0x0000014d35511e38]

GC Heap History (20 events):
Event: 9.728 GC heap before
{Heap before GC invocations=3 (full 0):
 PSYoungGen      total 29696K, used 29678K [0x00000000eab00000, 0x00000000ecc00000, 0x0000000100000000)
  eden space 25600K, 100% used [0x00000000eab00000,0x00000000ec400000,0x00000000ec400000)
  from space 4096K, 99% used [0x00000000ec800000,0x00000000ecbfb9e0,0x00000000ecc00000)
  to   space 4096K, 0% used [0x00000000ec400000,0x00000000ec400000,0x00000000ec800000)
 ParOldGen       total 68608K, used 1392K [0x00000000c0000000, 0x00000000c4300000, 0x00000000eab00000)
  object space 68608K, 2% used [0x00000000c0000000,0x00000000c015c388,0x00000000c4300000)
 Metaspace       used 17929K, committed 18240K, reserved 1064960K
  class space    used 1801K, committed 1920K, reserved 1048576K
}
Event: 9.745 GC heap after
{Heap after GC invocations=3 (full 0):
 PSYoungGen      total 29696K, used 4076K [0x00000000eab00000, 0x00000000ecc00000, 0x0000000100000000)
  eden space 25600K, 0% used [0x00000000eab00000,0x00000000eab00000,0x00000000ec400000)
  from space 4096K, 99% used [0x00000000ec400000,0x00000000ec7fb070,0x00000000ec800000)
  to   space 4096K, 0% used [0x00000000ec800000,0x00000000ec800000,0x00000000ecc00000)
 ParOldGen       total 68608K, used 5544K [0x00000000c0000000, 0x00000000c4300000, 0x00000000eab00000)
  object space 68608K, 8% used [0x00000000c0000000,0x00000000c056a0e8,0x00000000c4300000)
 Metaspace       used 17929K, committed 18240K, reserved 1064960K
  class space    used 1801K, committed 1920K, reserved 1048576K
}
Event: 10.985 GC heap before
{Heap before GC invocations=4 (full 0):
 PSYoungGen      total 29696K, used 20078K [0x00000000eab00000, 0x00000000ecc00000, 0x0000000100000000)
  eden space 25600K, 62% used [0x00000000eab00000,0x00000000ebaa0820,0x00000000ec400000)
  from space 4096K, 99% used [0x00000000ec400000,0x00000000ec7fb070,0x00000000ec800000)
  to   space 4096K, 0% used [0x00000000ec800000,0x00000000ec800000,0x00000000ecc00000)
 ParOldGen       total 68608K, used 5544K [0x00000000c0000000, 0x00000000c4300000, 0x00000000eab00000)
  object space 68608K, 8% used [0x00000000c0000000,0x00000000c056a0e8,0x00000000c4300000)
 Metaspace       used 21047K, committed 21504K, reserved 1073152K
  class space    used 2112K, committed 2368K, reserved 1048576K
}
Event: 10.995 GC heap after
{Heap after GC invocations=4 (full 0):
 PSYoungGen      total 29696K, used 4075K [0x00000000eab00000, 0x00000000ecc00000, 0x0000000100000000)
  eden space 25600K, 0% used [0x00000000eab00000,0x00000000eab00000,0x00000000ec400000)
  from space 4096K, 99% used [0x00000000ec800000,0x00000000ecbfaf38,0x00000000ecc00000)
  to   space 4096K, 0% used [0x00000000ec400000,0x00000000ec400000,0x00000000ec800000)
 ParOldGen       total 68608K, used 6639K [0x00000000c0000000, 0x00000000c4300000, 0x00000000eab00000)
  object space 68608K, 9% used [0x00000000c0000000,0x00000000c067be40,0x00000000c4300000)
 Metaspace       used 21047K, committed 21504K, reserved 1073152K
  class space    used 2112K, committed 2368K, reserved 1048576K
}
Event: 10.995 GC heap before
{Heap before GC invocations=5 (full 1):
 PSYoungGen      total 29696K, used 4075K [0x00000000eab00000, 0x00000000ecc00000, 0x0000000100000000)
  eden space 25600K, 0% used [0x00000000eab00000,0x00000000eab00000,0x00000000ec400000)
  from space 4096K, 99% used [0x00000000ec800000,0x00000000ecbfaf38,0x00000000ecc00000)
  to   space 4096K, 0% used [0x00000000ec400000,0x00000000ec400000,0x00000000ec800000)
 ParOldGen       total 68608K, used 6639K [0x00000000c0000000, 0x00000000c4300000, 0x00000000eab00000)
  object space 68608K, 9% used [0x00000000c0000000,0x00000000c067be40,0x00000000c4300000)
 Metaspace       used 21047K, committed 21504K, reserved 1073152K
  class space    used 2112K, committed 2368K, reserved 1048576K
}
Event: 11.049 GC heap after
{Heap after GC invocations=5 (full 1):
 PSYoungGen      total 29696K, used 0K [0x00000000eab00000, 0x00000000ecc00000, 0x0000000100000000)
  eden space 25600K, 0% used [0x00000000eab00000,0x00000000eab00000,0x00000000ec400000)
  from space 4096K, 0% used [0x00000000ec800000,0x00000000ec800000,0x00000000ecc00000)
  to   space 4096K, 0% used [0x00000000ec400000,0x00000000ec400000,0x00000000ec800000)
 ParOldGen       total 68608K, used 10477K [0x00000000c0000000, 0x00000000c4300000, 0x00000000eab00000)
  object space 68608K, 15% used [0x00000000c0000000,0x00000000c0a3b7e8,0x00000000c4300000)
 Metaspace       used 21034K, committed 21504K, reserved 1073152K
  class space    used 2108K, committed 2368K, reserved 1048576K
}
Event: 13.186 GC heap before
{Heap before GC invocations=6 (full 1):
 PSYoungGen      total 29696K, used 25600K [0x00000000eab00000, 0x00000000ecc00000, 0x0000000100000000)
  eden space 25600K, 100% used [0x00000000eab00000,0x00000000ec400000,0x00000000ec400000)
  from space 4096K, 0% used [0x00000000ec800000,0x00000000ec800000,0x00000000ecc00000)
  to   space 4096K, 0% used [0x00000000ec400000,0x00000000ec400000,0x00000000ec800000)
 ParOldGen       total 68608K, used 10477K [0x00000000c0000000, 0x00000000c4300000, 0x00000000eab00000)
  object space 68608K, 15% used [0x00000000c0000000,0x00000000c0a3b7e8,0x00000000c4300000)
 Metaspace       used 24423K, committed 24896K, reserved 1073152K
  class space    used 2475K, committed 2688K, reserved 1048576K
}
Event: 13.193 GC heap after
{Heap after GC invocations=6 (full 1):
 PSYoungGen      total 28160K, used 2658K [0x00000000eab00000, 0x00000000ecb80000, 0x0000000100000000)
  eden space 25088K, 0% used [0x00000000eab00000,0x00000000eab00000,0x00000000ec380000)
  from space 3072K, 86% used [0x00000000ec400000,0x00000000ec698b98,0x00000000ec700000)
  to   space 4096K, 0% used [0x00000000ec780000,0x00000000ec780000,0x00000000ecb80000)
 ParOldGen       total 68608K, used 10485K [0x00000000c0000000, 0x00000000c4300000, 0x00000000eab00000)
  object space 68608K, 15% used [0x00000000c0000000,0x00000000c0a3d7e8,0x00000000c4300000)
 Metaspace       used 24423K, committed 24896K, reserved 1073152K
  class space    used 2475K, committed 2688K, reserved 1048576K
}
Event: 14.460 GC heap before
{Heap before GC invocations=7 (full 1):
 PSYoungGen      total 28160K, used 27746K [0x00000000eab00000, 0x00000000ecb80000, 0x0000000100000000)
  eden space 25088K, 100% used [0x00000000eab00000,0x00000000ec380000,0x00000000ec380000)
  from space 3072K, 86% used [0x00000000ec400000,0x00000000ec698b98,0x00000000ec700000)
  to   space 4096K, 0% used [0x00000000ec780000,0x00000000ec780000,0x00000000ecb80000)
 ParOldGen       total 68608K, used 10485K [0x00000000c0000000, 0x00000000c4300000, 0x00000000eab00000)
  object space 68608K, 15% used [0x00000000c0000000,0x00000000c0a3d7e8,0x00000000c4300000)
 Metaspace       used 27759K, committed 28288K, reserved 1081344K
  class space    used 2765K, committed 3008K, reserved 1048576K
}
Event: 14.464 GC heap after
{Heap after GC invocations=7 (full 1):
 PSYoungGen      total 27136K, used 2193K [0x00000000eab00000, 0x00000000eca00000, 0x0000000100000000)
  eden space 24576K, 0% used [0x00000000eab00000,0x00000000eab00000,0x00000000ec300000)
  from space 2560K, 85% used [0x00000000ec780000,0x00000000ec9a4738,0x00000000eca00000)
  to   space 2560K, 0% used [0x00000000ec500000,0x00000000ec500000,0x00000000ec780000)
 ParOldGen       total 68608K, used 10485K [0x00000000c0000000, 0x00000000c4300000, 0x00000000eab00000)
  object space 68608K, 15% used [0x00000000c0000000,0x00000000c0a3d7e8,0x00000000c4300000)
 Metaspace       used 27759K, committed 28288K, reserved 1081344K
  class space    used 2765K, committed 3008K, reserved 1048576K
}
Event: 15.643 GC heap before
{Heap before GC invocations=8 (full 1):
 PSYoungGen      total 27136K, used 26769K [0x00000000eab00000, 0x00000000eca00000, 0x0000000100000000)
  eden space 24576K, 100% used [0x00000000eab00000,0x00000000ec300000,0x00000000ec300000)
  from space 2560K, 85% used [0x00000000ec780000,0x00000000ec9a4738,0x00000000eca00000)
  to   space 2560K, 0% used [0x00000000ec500000,0x00000000ec500000,0x00000000ec780000)
 ParOldGen       total 68608K, used 10485K [0x00000000c0000000, 0x00000000c4300000, 0x00000000eab00000)
  object space 68608K, 15% used [0x00000000c0000000,0x00000000c0a3d7e8,0x00000000c4300000)
 Metaspace       used 30890K, committed 31424K, reserved 1081344K
  class space    used 3089K, committed 3328K, reserved 1048576K
}
Event: 15.646 GC heap after
{Heap after GC invocations=8 (full 1):
 PSYoungGen      total 26624K, used 2535K [0x00000000eab00000, 0x00000000ec880000, 0x0000000100000000)
  eden space 24064K, 0% used [0x00000000eab00000,0x00000000eab00000,0x00000000ec280000)
  from space 2560K, 99% used [0x00000000ec500000,0x00000000ec779f58,0x00000000ec780000)
  to   space 1024K, 0% used [0x00000000ec780000,0x00000000ec780000,0x00000000ec880000)
 ParOldGen       total 68608K, used 10493K [0x00000000c0000000, 0x00000000c4300000, 0x00000000eab00000)
  object space 68608K, 15% used [0x00000000c0000000,0x00000000c0a3f7e8,0x00000000c4300000)
 Metaspace       used 30890K, committed 31424K, reserved 1081344K
  class space    used 3089K, committed 3328K, reserved 1048576K
}
Event: 17.364 GC heap before
{Heap before GC invocations=9 (full 1):
 PSYoungGen      total 26624K, used 26599K [0x00000000eab00000, 0x00000000ec880000, 0x0000000100000000)
  eden space 24064K, 100% used [0x00000000eab00000,0x00000000ec280000,0x00000000ec280000)
  from space 2560K, 99% used [0x00000000ec500000,0x00000000ec779f58,0x00000000ec780000)
  to   space 1024K, 0% used [0x00000000ec780000,0x00000000ec780000,0x00000000ec880000)
 ParOldGen       total 68608K, used 10493K [0x00000000c0000000, 0x00000000c4300000, 0x00000000eab00000)
  object space 68608K, 15% used [0x00000000c0000000,0x00000000c0a3f7e8,0x00000000c4300000)
 Metaspace       used 33599K, committed 34176K, reserved 1081344K
  class space    used 3397K, committed 3648K, reserved 1048576K
}
Event: 17.384 GC heap after
{Heap after GC invocations=9 (full 1):
 PSYoungGen      total 24576K, used 1000K [0x00000000eab00000, 0x00000000eca00000, 0x0000000100000000)
  eden space 23552K, 0% used [0x00000000eab00000,0x00000000eab00000,0x00000000ec200000)
  from space 1024K, 97% used [0x00000000ec780000,0x00000000ec87a1b0,0x00000000ec880000)
  to   space 4096K, 0% used [0x00000000ec200000,0x00000000ec200000,0x00000000ec600000)
 ParOldGen       total 68608K, used 13209K [0x00000000c0000000, 0x00000000c4300000, 0x00000000eab00000)
  object space 68608K, 19% used [0x00000000c0000000,0x00000000c0ce6738,0x00000000c4300000)
 Metaspace       used 33599K, committed 34176K, reserved 1081344K
  class space    used 3397K, committed 3648K, reserved 1048576K
}
Event: 18.886 GC heap before
{Heap before GC invocations=10 (full 1):
 PSYoungGen      total 24576K, used 16666K [0x00000000eab00000, 0x00000000eca00000, 0x0000000100000000)
  eden space 23552K, 66% used [0x00000000eab00000,0x00000000eba4c8d0,0x00000000ec200000)
  from space 1024K, 97% used [0x00000000ec780000,0x00000000ec87a1b0,0x00000000ec880000)
  to   space 4096K, 0% used [0x00000000ec200000,0x00000000ec200000,0x00000000ec600000)
 ParOldGen       total 68608K, used 13209K [0x00000000c0000000, 0x00000000c4300000, 0x00000000eab00000)
  object space 68608K, 19% used [0x00000000c0000000,0x00000000c0ce6738,0x00000000c4300000)
 Metaspace       used 35242K, committed 35840K, reserved 1089536K
  class space    used 3614K, committed 3904K, reserved 1048576K
}
Event: 18.892 GC heap after
{Heap after GC invocations=10 (full 1):
 PSYoungGen      total 27648K, used 568K [0x00000000eab00000, 0x00000000ec800000, 0x0000000100000000)
  eden space 23552K, 0% used [0x00000000eab00000,0x00000000eab00000,0x00000000ec200000)
  from space 4096K, 13% used [0x00000000ec200000,0x00000000ec28e2f8,0x00000000ec600000)
  to   space 2048K, 0% used [0x00000000ec600000,0x00000000ec600000,0x00000000ec800000)
 ParOldGen       total 68608K, used 14139K [0x00000000c0000000, 0x00000000c4300000, 0x00000000eab00000)
  object space 68608K, 20% used [0x00000000c0000000,0x00000000c0dcecc0,0x00000000c4300000)
 Metaspace       used 35242K, committed 35840K, reserved 1089536K
  class space    used 3614K, committed 3904K, reserved 1048576K
}
Event: 18.892 GC heap before
{Heap before GC invocations=11 (full 2):
 PSYoungGen      total 27648K, used 568K [0x00000000eab00000, 0x00000000ec800000, 0x0000000100000000)
  eden space 23552K, 0% used [0x00000000eab00000,0x00000000eab00000,0x00000000ec200000)
  from space 4096K, 13% used [0x00000000ec200000,0x00000000ec28e2f8,0x00000000ec600000)
  to   space 2048K, 0% used [0x00000000ec600000,0x00000000ec600000,0x00000000ec800000)
 ParOldGen       total 68608K, used 14139K [0x00000000c0000000, 0x00000000c4300000, 0x00000000eab00000)
  object space 68608K, 20% used [0x00000000c0000000,0x00000000c0dcecc0,0x00000000c4300000)
 Metaspace       used 35242K, committed 35840K, reserved 1089536K
  class space    used 3614K, committed 3904K, reserved 1048576K
}
Event: 18.938 GC heap after
{Heap after GC invocations=11 (full 2):
 PSYoungGen      total 27648K, used 0K [0x00000000eab00000, 0x00000000ec800000, 0x0000000100000000)
  eden space 23552K, 0% used [0x00000000eab00000,0x00000000eab00000,0x00000000ec200000)
  from space 4096K, 0% used [0x00000000ec200000,0x00000000ec200000,0x00000000ec600000)
  to   space 2048K, 0% used [0x00000000ec600000,0x00000000ec600000,0x00000000ec800000)
 ParOldGen       total 68608K, used 12877K [0x00000000c0000000, 0x00000000c4300000, 0x00000000eab00000)
  object space 68608K, 18% used [0x00000000c0000000,0x00000000c0c93708,0x00000000c4300000)
 Metaspace       used 35242K, committed 35840K, reserved 1089536K
  class space    used 3614K, committed 3904K, reserved 1048576K
}
Event: 24.797 GC heap before
{Heap before GC invocations=12 (full 2):
 PSYoungGen      total 27648K, used 23552K [0x00000000eab00000, 0x00000000ec800000, 0x0000000100000000)
  eden space 23552K, 100% used [0x00000000eab00000,0x00000000ec200000,0x00000000ec200000)
  from space 4096K, 0% used [0x00000000ec200000,0x00000000ec200000,0x00000000ec600000)
  to   space 2048K, 0% used [0x00000000ec600000,0x00000000ec600000,0x00000000ec800000)
 ParOldGen       total 68608K, used 12877K [0x00000000c0000000, 0x00000000c4300000, 0x00000000eab00000)
  object space 68608K, 18% used [0x00000000c0000000,0x00000000c0c93708,0x00000000c4300000)
 Metaspace       used 38274K, committed 38912K, reserved 1089536K
  class space    used 4019K, committed 4288K, reserved 1048576K
}
Event: 24.801 GC heap after
{Heap after GC invocations=12 (full 2):
 PSYoungGen      total 24576K, used 1235K [0x00000000eab00000, 0x00000000ec780000, 0x0000000100000000)
  eden space 23040K, 0% used [0x00000000eab00000,0x00000000eab00000,0x00000000ec180000)
  from space 1536K, 80% used [0x00000000ec600000,0x00000000ec734c30,0x00000000ec780000)
  to   space 1536K, 0% used [0x00000000ec480000,0x00000000ec480000,0x00000000ec600000)
 ParOldGen       total 68608K, used 12885K [0x00000000c0000000, 0x00000000c4300000, 0x00000000eab00000)
  object space 68608K, 18% used [0x00000000c0000000,0x00000000c0c95708,0x00000000c4300000)
 Metaspace       used 38274K, committed 38912K, reserved 1089536K
  class space    used 4019K, committed 4288K, reserved 1048576K
}

Deoptimization events (20 events):
Event: 17.876 Thread 0x0000014d475b7b60 DEOPT PACKING pc=0x0000014d3c3698ac sp=0x000000014c1fe340
Event: 17.876 Thread 0x0000014d475b7b60 DEOPT UNPACKING pc=0x0000014d347e20a3 sp=0x000000014c1fe2d8 mode 2
Event: 17.876 Thread 0x0000014d475b7b60 Uncommon trap: trap_request=0xffffffde fr.pc=0x0000014d3c3698ac relative=0x000000000000008c
Event: 17.876 Thread 0x0000014d475b7b60 Uncommon trap: reason=class_check action=maybe_recompile pc=0x0000014d3c3698ac method=java.util.regex.Pattern$CharPredicate.lambda$negate$3(I)Z @ 2 c2
Event: 17.876 Thread 0x0000014d475b7b60 DEOPT PACKING pc=0x0000014d3c3698ac sp=0x000000014c1fe340
Event: 17.876 Thread 0x0000014d475b7b60 DEOPT UNPACKING pc=0x0000014d347e20a3 sp=0x000000014c1fe2d8 mode 2
Event: 17.876 Thread 0x0000014d475b7b60 Uncommon trap: trap_request=0xffffffde fr.pc=0x0000014d3c3698ac relative=0x000000000000008c
Event: 17.876 Thread 0x0000014d475b7b60 Uncommon trap: reason=class_check action=maybe_recompile pc=0x0000014d3c3698ac method=java.util.regex.Pattern$CharPredicate.lambda$negate$3(I)Z @ 2 c2
Event: 17.876 Thread 0x0000014d475b7b60 DEOPT PACKING pc=0x0000014d3c3698ac sp=0x000000014c1fe340
Event: 17.876 Thread 0x0000014d475b7b60 DEOPT UNPACKING pc=0x0000014d347e20a3 sp=0x000000014c1fe2d8 mode 2
Event: 18.641 Thread 0x0000014d475b7b60 Uncommon trap: trap_request=0xffffffde fr.pc=0x0000014d3c3c687c relative=0x000000000000087c
Event: 18.641 Thread 0x0000014d475b7b60 Uncommon trap: reason=class_check action=maybe_recompile pc=0x0000014d3c3c687c method=java.util.HashMap.putVal(ILjava/lang/Object;Ljava/lang/Object;ZZ)Ljava/lang/Object; @ 203 c2
Event: 18.641 Thread 0x0000014d475b7b60 DEOPT PACKING pc=0x0000014d3c3c687c sp=0x000000014c1fe780
Event: 18.641 Thread 0x0000014d475b7b60 DEOPT UNPACKING pc=0x0000014d347e20a3 sp=0x000000014c1fe6f0 mode 2
Event: 23.691 Thread 0x0000014d475b7b60 DEOPT PACKING pc=0x0000014d3542cc6c sp=0x000000014c1fe560
Event: 23.691 Thread 0x0000014d475b7b60 DEOPT UNPACKING pc=0x0000014d347e2843 sp=0x000000014c1fdac0 mode 0
Event: 25.102 Thread 0x0000014d475b54e0 Uncommon trap: trap_request=0xffffff45 fr.pc=0x0000014d3c3fd560 relative=0x0000000000000060
Event: 25.103 Thread 0x0000014d475b54e0 Uncommon trap: reason=unstable_if action=reinterpret pc=0x0000014d3c3fd560 method=java.lang.reflect.Modifier.isSynthetic(I)Z @ 5 c2
Event: 25.103 Thread 0x0000014d475b54e0 DEOPT PACKING pc=0x0000014d3c3fd560 sp=0x000000014c3fb140
Event: 25.103 Thread 0x0000014d475b54e0 DEOPT UNPACKING pc=0x0000014d347e20a3 sp=0x000000014c3fb010 mode 2

Classes unloaded (7 events):
Event: 11.005 Thread 0x0000014d458bae10 Unloading class 0x000000010021c800 'java/lang/invoke/LambdaForm$MH+0x000000010021c800'
Event: 11.005 Thread 0x0000014d458bae10 Unloading class 0x000000010021c400 'java/lang/invoke/LambdaForm$MH+0x000000010021c400'
Event: 11.005 Thread 0x0000014d458bae10 Unloading class 0x000000010021c000 'java/lang/invoke/LambdaForm$MH+0x000000010021c000'
Event: 11.005 Thread 0x0000014d458bae10 Unloading class 0x000000010021bc00 'java/lang/invoke/LambdaForm$MH+0x000000010021bc00'
Event: 11.005 Thread 0x0000014d458bae10 Unloading class 0x000000010021b400 'java/lang/invoke/LambdaForm$BMH+0x000000010021b400'
Event: 11.005 Thread 0x0000014d458bae10 Unloading class 0x000000010021b000 'java/lang/invoke/LambdaForm$DMH+0x000000010021b000'
Event: 11.005 Thread 0x0000014d458bae10 Unloading class 0x0000000100218400 'java/lang/invoke/LambdaForm$DMH+0x0000000100218400'

Classes redefined (0 events):
No events

Internal exceptions (20 events):
Event: 10.216 Thread 0x0000014d47701840 Exception <a 'java/lang/NoSuchMethodError'{0x00000000eb240eb0}: 'int java.lang.invoke.DirectMethodHandle$Holder.invokeSpecial(java.lang.Object, java.lang.Object, java.lang.Object, int)'> (0x00000000eb240eb0) 
thrown [e:\jenkins\tmp\workspace\build\src\src\hotspot\share\interpreter\linkResolver.cpp, line 766]
Event: 10.220 Thread 0x0000014d47701840 Exception <a 'java/lang/NoSuchMethodError'{0x00000000eb25b930}: 'java.lang.Object java.lang.invoke.DirectMethodHandle$Holder.invokeStatic(java.lang.Object, java.lang.Object, java.lang.Object, java.lang.Object, int)'> (0x00000000eb25b930) 
thrown [e:\jenkins\tmp\workspace\build\src\src\hotspot\share\interpreter\linkResolver.cpp, line 766]
Event: 10.232 Thread 0x0000014d47701840 Exception <a 'java/lang/NoSuchMethodError'{0x00000000eb267928}: 'java.lang.Object java.lang.invoke.DelegatingMethodHandle$Holder.reinvoke_L(java.lang.Object, java.lang.Object, java.lang.Object, java.lang.Object, int, int)'> (0x00000000eb267928) 
thrown [e:\jenkins\tmp\workspace\build\src\src\hotspot\share\interpreter\linkResolver.cpp, line 766]
Event: 10.243 Thread 0x0000014d47701840 Exception <a 'java/lang/NoSuchMethodError'{0x00000000eb27f640}: 'java.lang.Object java.lang.invoke.Invokers$Holder.invokeExact_MT(java.lang.Object, java.lang.Object, java.lang.Object, java.lang.Object)'> (0x00000000eb27f640) 
thrown [e:\jenkins\tmp\workspace\build\src\src\hotspot\share\interpreter\linkResolver.cpp, line 766]
Event: 11.060 Thread 0x0000014d47701840 Exception <a 'java/lang/NoSuchMethodError'{0x00000000eab5e298}: 'int java.lang.invoke.DirectMethodHandle$Holder.invokeStaticInit(java.lang.Object, java.lang.Object, java.lang.Object)'> (0x00000000eab5e298) 
thrown [e:\jenkins\tmp\workspace\build\src\src\hotspot\share\interpreter\linkResolver.cpp, line 766]
Event: 11.078 Thread 0x0000014d47701840 Exception <a 'java/lang/IncompatibleClassChangeError'{0x00000000eabdc0b8}: Found class java.lang.Object, but interface was expected> (0x00000000eabdc0b8) 
thrown [e:\jenkins\tmp\workspace\build\src\src\hotspot\share\interpreter\linkResolver.cpp, line 833]
Event: 12.485 Thread 0x0000014d47701840 Exception <a 'java/io/FileNotFoundException'{0x00000000eb6144e0}> (0x00000000eb6144e0) 
thrown [e:\jenkins\tmp\workspace\build\src\src\hotspot\share\prims\jni.cpp, line 516]
Event: 12.761 Thread 0x0000014d47701840 Exception <a 'java/lang/NoSuchMethodError'{0x00000000eba78020}: 'void java.lang.invoke.DirectMethodHandle$Holder.invokeSpecial(java.lang.Object, java.lang.Object, java.lang.Object, int)'> (0x00000000eba78020) 
thrown [e:\jenkins\tmp\workspace\build\src\src\hotspot\share\interpreter\linkResolver.cpp, line 766]
Event: 12.910 Thread 0x0000014d475b8ea0 Exception <a 'java/lang/NoSuchMethodError'{0x00000000eaccae50}: 'int java.lang.invoke.DirectMethodHandle$Holder.invokeVirtual(java.lang.Object, java.lang.Object)'> (0x00000000eaccae50) 
thrown [e:\jenkins\tmp\workspace\build\src\src\hotspot\share\interpreter\linkResolver.cpp, line 766]
Event: 13.760 Thread 0x0000014d47701840 Exception <a 'java/io/FileNotFoundException'{0x00000000eb46ded0}> (0x00000000eb46ded0) 
thrown [e:\jenkins\tmp\workspace\build\src\src\hotspot\share\prims\jni.cpp, line 516]
Event: 13.761 Thread 0x0000014d47701840 Exception <a 'java/io/FileNotFoundException'{0x00000000eb46ece0}> (0x00000000eb46ece0) 
thrown [e:\jenkins\tmp\workspace\build\src\src\hotspot\share\prims\jni.cpp, line 516]
Event: 13.761 Thread 0x0000014d47701840 Exception <a 'java/io/FileNotFoundException'{0x00000000eb46fb00}> (0x00000000eb46fb00) 
thrown [e:\jenkins\tmp\workspace\build\src\src\hotspot\share\prims\jni.cpp, line 516]
Event: 13.931 Thread 0x0000014d475b54e0 Exception <a 'java/lang/NoSuchMethodError'{0x00000000eb8dcdb8}: 'java.lang.Object java.lang.invoke.DirectMethodHandle$Holder.newInvokeSpecial(java.lang.Object, java.lang.Object, java.lang.Object, java.lang.Object, java.lang.Object)'> (0x00000000eb8dcdb8) 
thrown [e:\jenkins\tmp\workspace\build\src\src\hotspot\share\interpreter\linkResolver.cpp, line 766]
Event: 15.765 Thread 0x0000014d47701840 Exception <a 'java/lang/ClassNotFoundException'{0x00000000eb21a270}: com/sun/org/apache/xerces/internal/impl/msg/spi/DOMMessagesProvider> (0x00000000eb21a270) 
thrown [e:\jenkins\tmp\workspace\build\src\src\hotspot\share\classfile\systemDictionary.cpp, line 256]
Event: 15.799 Thread 0x0000014d47701840 Exception <a 'java/lang/ClassNotFoundException'{0x00000000eb235e58}: com/sun/org/apache/xerces/internal/impl/msg/spi/XMLSerializerMessagesProvider> (0x00000000eb235e58) 
thrown [e:\jenkins\tmp\workspace\build\src\src\hotspot\share\classfile\systemDictionary.cpp, line 256]
Event: 15.802 Thread 0x0000014d47701840 Exception <a 'java/lang/ClassNotFoundException'{0x00000000eb2c7d28}: com/sun/org/apache/xerces/internal/impl/msg/spi/XMLMessagesProvider> (0x00000000eb2c7d28) 
thrown [e:\jenkins\tmp\workspace\build\src\src\hotspot\share\classfile\systemDictionary.cpp, line 256]
Event: 15.968 Thread 0x0000014d475b7b60 Exception <a 'java/lang/NoClassDefFoundError'{0x00000000eb68ee58}: javax/enterprise/inject/Typed> (0x00000000eb68ee58) 
thrown [e:\jenkins\tmp\workspace\build\src\src\hotspot\share\classfile\systemDictionary.cpp, line 245]
Event: 16.021 Thread 0x0000014d47701840 Exception <a 'sun/nio/fs/WindowsException'{0x00000000eb7c7010}> (0x00000000eb7c7010) 
thrown [e:\jenkins\tmp\workspace\build\src\src\hotspot\share\prims\jni.cpp, line 516]
Event: 17.403 Thread 0x0000014d47701840 Exception <a 'java/lang/NoSuchMethodError'{0x00000000eab2ad50}: 'java.lang.Object java.lang.invoke.DirectMethodHandle$Holder.invokeStaticInit(java.lang.Object, int, int, int, int)'> (0x00000000eab2ad50) 
thrown [e:\jenkins\tmp\workspace\build\src\src\hotspot\share\interpreter\linkResolver.cpp, line 766]
Event: 24.781 Thread 0x0000014d475b7b60 Exception <a 'java/lang/NoClassDefFoundError'{0x00000000ec19a430}: com/google/inject/servlet/ServletModuleTargetVisitor> (0x00000000ec19a430) 
thrown [e:\jenkins\tmp\workspace\build\src\src\hotspot\share\classfile\systemDictionary.cpp, line 245]

VM Operations (20 events):
Event: 19.953 Executing VM operation: Cleanup
Event: 20.096 Executing VM operation: Cleanup done
Event: 20.135 Executing VM operation: HandshakeAllThreads
Event: 20.135 Executing VM operation: HandshakeAllThreads done
Event: 21.141 Executing VM operation: Cleanup
Event: 21.142 Executing VM operation: Cleanup done
Event: 22.154 Executing VM operation: Cleanup
Event: 22.484 Executing VM operation: Cleanup done
Event: 23.496 Executing VM operation: Cleanup
Event: 23.682 Executing VM operation: Cleanup done
Event: 23.683 Executing VM operation: HandshakeAllThreads
Event: 23.683 Executing VM operation: HandshakeAllThreads done
Event: 23.686 Executing VM operation: HandshakeAllThreads
Event: 23.686 Executing VM operation: HandshakeAllThreads done
Event: 24.695 Executing VM operation: Cleanup
Event: 24.758 Executing VM operation: Cleanup done
Event: 24.797 Executing VM operation: ParallelGCFailedAllocation
Event: 24.801 Executing VM operation: ParallelGCFailedAllocation done
Event: 25.098 Executing VM operation: HandshakeAllThreads
Event: 25.098 Executing VM operation: HandshakeAllThreads done

Events (20 events):
Event: 18.949 loading class java/lang/Deprecated
Event: 18.949 loading class java/lang/Deprecated done
Event: 20.446 loading class java/util/concurrent/CompletionService
Event: 20.446 loading class java/util/concurrent/CompletionService done
Event: 22.133 loading class java/lang/InheritableThreadLocal
Event: 22.133 loading class java/lang/InheritableThreadLocal done
Event: 22.142 loading class javax/net/ssl/SSLSocketFactory
Event: 22.142 loading class javax/net/SocketFactory
Event: 22.143 loading class javax/net/SocketFactory done
Event: 22.143 loading class javax/net/ssl/SSLSocketFactory done
Event: 22.718 loading class sun/reflect/generics/repository/FieldRepository
Event: 22.719 loading class sun/reflect/generics/repository/FieldRepository done
Event: 24.215 loading class sun/reflect/generics/scope/MethodScope
Event: 24.215 loading class sun/reflect/generics/scope/MethodScope done
Event: 24.215 loading class sun/reflect/generics/repository/MethodRepository
Event: 24.215 loading class sun/reflect/generics/repository/MethodRepository done
Event: 24.792 loading class java/lang/StringIndexOutOfBoundsException
Event: 24.793 loading class java/lang/StringIndexOutOfBoundsException done
Event: 24.809 loading class java/lang/ProcessEnvironment$CheckedKeySet
Event: 24.809 loading class java/lang/ProcessEnvironment$CheckedKeySet done


Dynamic libraries:
0x00007ff6155c0000 - 0x00007ff6155ce000 	c:\Users\gilbe\.vscode\extensions\redhat.java-1.9.0-win32-x64\jre\17.0.3-win32-x86_64\bin\java.exe
0x00007ff8b7ed0000 - 0x00007ff8b80c8000 	C:\windows\SYSTEM32\ntdll.dll
0x00007ff8b7510000 - 0x00007ff8b75cd000 	C:\windows\System32\KERNEL32.DLL
0x00007ff8b5940000 - 0x00007ff8b5c0e000 	C:\windows\System32\KERNELBASE.dll
0x00007ff8b5de0000 - 0x00007ff8b5ee0000 	C:\windows\System32\ucrtbase.dll
0x00007ff8aea20000 - 0x00007ff8aea38000 	c:\Users\gilbe\.vscode\extensions\redhat.java-1.9.0-win32-x64\jre\17.0.3-win32-x86_64\bin\jli.dll
0x00007ff8b5f40000 - 0x00007ff8b60e0000 	C:\windows\System32\USER32.dll
0x00007ff8b5910000 - 0x00007ff8b5932000 	C:\windows\System32\win32u.dll
0x00007ff8b7df0000 - 0x00007ff8b7e1a000 	C:\windows\System32\GDI32.dll
0x00007ff8b5cd0000 - 0x00007ff8b5ddb000 	C:\windows\System32\gdi32full.dll
0x00007ff8b57c0000 - 0x00007ff8b585d000 	C:\windows\System32\msvcp_win.dll
0x00007ff8ad430000 - 0x00007ff8ad449000 	c:\Users\gilbe\.vscode\extensions\redhat.java-1.9.0-win32-x64\jre\17.0.3-win32-x86_64\bin\VCRUNTIME140.dll
0x00007ff89edf0000 - 0x00007ff89f08a000 	C:\windows\WinSxS\amd64_microsoft.windows.common-controls_6595b64144ccf1df_6.0.19041.1110_none_60b5254171f9507e\COMCTL32.dll
0x00007ff8b7ab0000 - 0x00007ff8b7b4e000 	C:\windows\System32\msvcrt.dll
0x00007ff8b7720000 - 0x00007ff8b7750000 	C:\windows\System32\IMM32.DLL
0x00007ff8ad620000 - 0x00007ff8ad62c000 	c:\Users\gilbe\.vscode\extensions\redhat.java-1.9.0-win32-x64\jre\17.0.3-win32-x86_64\bin\vcruntime140_1.dll
0x00007ff887b10000 - 0x00007ff887ba1000 	c:\Users\gilbe\.vscode\extensions\redhat.java-1.9.0-win32-x64\jre\17.0.3-win32-x86_64\bin\msvcp140.dll
0x00007ff875b60000 - 0x00007ff8767a8000 	c:\Users\gilbe\.vscode\extensions\redhat.java-1.9.0-win32-x64\jre\17.0.3-win32-x86_64\bin\server\jvm.dll
0x00007ff8b63f0000 - 0x00007ff8b649e000 	C:\windows\System32\ADVAPI32.dll
0x00007ff8b7470000 - 0x00007ff8b750c000 	C:\windows\System32\sechost.dll
0x00007ff8b7210000 - 0x00007ff8b7335000 	C:\windows\System32\RPCRT4.dll
0x00007ff8b5f30000 - 0x00007ff8b5f38000 	C:\windows\System32\PSAPI.DLL
0x00007ff8ad5e0000 - 0x00007ff8ad5e9000 	C:\windows\SYSTEM32\WSOCK32.dll
0x00007ff8b7140000 - 0x00007ff8b71ab000 	C:\windows\System32\WS2_32.dll
0x00007ff8ac360000 - 0x00007ff8ac387000 	C:\windows\SYSTEM32\WINMM.dll
0x00007ff8ac390000 - 0x00007ff8ac39a000 	C:\windows\SYSTEM32\VERSION.dll
0x00007ff8b34f0000 - 0x00007ff8b3502000 	C:\windows\SYSTEM32\kernel.appcore.dll
0x00007ff8ad3b0000 - 0x00007ff8ad3ba000 	c:\Users\gilbe\.vscode\extensions\redhat.java-1.9.0-win32-x64\jre\17.0.3-win32-x86_64\bin\jimage.dll
0x00007ff89fd40000 - 0x00007ff89ff24000 	C:\windows\SYSTEM32\DBGHELP.DLL
0x00007ff89a020000 - 0x00007ff89a04c000 	C:\windows\SYSTEM32\dbgcore.DLL
0x00007ff8b5c10000 - 0x00007ff8b5c92000 	C:\windows\System32\bcryptPrimitives.dll
0x00007ff8ad3a0000 - 0x00007ff8ad3ae000 	c:\Users\gilbe\.vscode\extensions\redhat.java-1.9.0-win32-x64\jre\17.0.3-win32-x86_64\bin\instrument.dll
0x00007ff8ad350000 - 0x00007ff8ad375000 	c:\Users\gilbe\.vscode\extensions\redhat.java-1.9.0-win32-x64\jre\17.0.3-win32-x86_64\bin\java.dll
0x00007ff8ad330000 - 0x00007ff8ad348000 	c:\Users\gilbe\.vscode\extensions\redhat.java-1.9.0-win32-x64\jre\17.0.3-win32-x86_64\bin\zip.dll
0x00007ff8b6500000 - 0x00007ff8b6c44000 	C:\windows\System32\SHELL32.dll
0x00007ff8b36f0000 - 0x00007ff8b3e84000 	C:\windows\SYSTEM32\windows.storage.dll
0x00007ff8b7750000 - 0x00007ff8b7aa4000 	C:\windows\System32\combase.dll
0x00007ff8b4f80000 - 0x00007ff8b4fb0000 	C:\windows\SYSTEM32\Wldp.dll
0x00007ff8b6290000 - 0x00007ff8b633d000 	C:\windows\System32\SHCORE.dll
0x00007ff8b64a0000 - 0x00007ff8b64f5000 	C:\windows\System32\shlwapi.dll
0x00007ff8b5530000 - 0x00007ff8b554f000 	C:\windows\SYSTEM32\profapi.dll
0x00007ff8ad2f0000 - 0x00007ff8ad309000 	C:\Users\gilbe\.vscode\extensions\redhat.java-1.9.0-win32-x64\jre\17.0.3-win32-x86_64\bin\net.dll
0x00007ff8a6530000 - 0x00007ff8a663a000 	C:\windows\SYSTEM32\WINHTTP.dll
0x00007ff8b4ce0000 - 0x00007ff8b4d4a000 	C:\windows\system32\mswsock.dll
0x00007ff8ad0c0000 - 0x00007ff8ad0d5000 	C:\Users\gilbe\.vscode\extensions\redhat.java-1.9.0-win32-x64\jre\17.0.3-win32-x86_64\bin\nio.dll
0x00007ff8ad320000 - 0x00007ff8ad330000 	c:\Users\gilbe\.vscode\extensions\redhat.java-1.9.0-win32-x64\jre\17.0.3-win32-x86_64\bin\verify.dll
0x00007ff890a80000 - 0x00007ff890abe000 	C:\Users\gilbe\AppData\Roaming\Code\User\globalStorage\redhat.java\1.9.0\config_win\org.eclipse.equinox.launcher\org.eclipse.equinox.launcher.win32.win32.x86_64_1.2.500.v20220509-0833\eclipse_11700.dll
0x00007ff8b7cc0000 - 0x00007ff8b7dea000 	C:\windows\System32\ole32.dll
0x00007ff8b4ed0000 - 0x00007ff8b4ee8000 	C:\windows\SYSTEM32\CRYPTSP.dll
0x00007ff8b4660000 - 0x00007ff8b4694000 	C:\windows\system32\rsaenh.dll
0x00007ff8b5ca0000 - 0x00007ff8b5cc7000 	C:\windows\System32\bcrypt.dll
0x00007ff8b54b0000 - 0x00007ff8b54de000 	C:\windows\SYSTEM32\USERENV.dll
0x00007ff8b4ef0000 - 0x00007ff8b4efc000 	C:\windows\SYSTEM32\CRYPTBASE.dll
0x00007ff8b49d0000 - 0x00007ff8b4a0b000 	C:\windows\SYSTEM32\IPHLPAPI.DLL
0x00007ff8b7e80000 - 0x00007ff8b7e88000 	C:\windows\System32\NSI.dll
0x00007ff8a9a30000 - 0x00007ff8a9a47000 	C:\windows\SYSTEM32\dhcpcsvc6.DLL
0x00007ff8a9da0000 - 0x00007ff8a9dbd000 	C:\windows\SYSTEM32\dhcpcsvc.DLL
0x00007ff8b4a10000 - 0x00007ff8b4adb000 	C:\windows\SYSTEM32\DNSAPI.dll

dbghelp: loaded successfully - version: 4.0.5 - missing functions: none
symbol engine: initialized successfully - sym options: 0x614 - pdb path: .;c:\Users\gilbe\.vscode\extensions\redhat.java-1.9.0-win32-x64\jre\17.0.3-win32-x86_64\bin;C:\windows\SYSTEM32;C:\windows\WinSxS\amd64_microsoft.windows.common-controls_6595b64144ccf1df_6.0.19041.1110_none_60b5254171f9507e;c:\Users\gilbe\.vscode\extensions\redhat.java-1.9.0-win32-x64\jre\17.0.3-win32-x86_64\bin\server;C:\Users\gilbe\AppData\Roaming\Code\User\globalStorage\redhat.java\1.9.0\config_win\org.eclipse.equinox.launcher\org.eclipse.equinox.launcher.win32.win32.x86_64_1.2.500.v20220509-0833

VM Arguments:
jvm_args: --add-modules=ALL-SYSTEM --add-opens=java.base/java.util=ALL-UNNAMED --add-opens=java.base/java.lang=ALL-UNNAMED --add-opens=java.base/sun.nio.fs=ALL-UNNAMED -Declipse.application=org.eclipse.jdt.ls.core.id1 -Dosgi.bundles.defaultStartLevel=4 -Declipse.product=org.eclipse.jdt.ls.core.product -Djava.import.generatesMetadataFilesAtProjectRoot=false -Dfile.encoding=utf8 -DwatchParentProcess=false -XX:+UseParallelGC -XX:GCTimeRatio=4 -XX:AdaptiveSizePolicyWeight=90 -Dsun.zip.disableMemoryMapping=true -Xmx1G -Xms100m -javaagent:c:\Users\gilbe\.vscode\extensions\redhat.java-1.9.0-win32-x64\lombok\lombok-1.18.24.jar -XX:+HeapDumpOnOutOfMemoryError -XX:HeapDumpPath=c:\Users\gilbe\AppData\Roaming\Code\User\workspaceStorage\6855dac74c9501bda7c68a02d3bf8714\redhat.java 
java_command: c:\Users\gilbe\.vscode\extensions\redhat.java-1.9.0-win32-x64\server\plugins\org.eclipse.equinox.launcher_1.6.400.v20210924-0641.jar -configuration c:\Users\gilbe\AppData\Roaming\Code\User\globalStorage\redhat.java\1.9.0\config_win -data c:\Users\gilbe\AppData\Roaming\Code\User\workspaceStorage\6855dac74c9501bda7c68a02d3bf8714\redhat.java\jdt_ws
java_class_path (initial): c:\Users\gilbe\.vscode\extensions\redhat.java-1.9.0-win32-x64\server\plugins\org.eclipse.equinox.launcher_1.6.400.v20210924-0641.jar
Launcher Type: SUN_STANDARD

[Global flags]
    uintx AdaptiveSizePolicyWeight                 = 90                                        {product} {command line}
     intx CICompilerCount                          = 2                                         {product} {ergonomic}
    uintx GCTimeRatio                              = 4                                         {product} {command line}
     bool HeapDumpOnOutOfMemoryError               = true                                   {manageable} {command line}
    ccstr HeapDumpPath                             = c:\Users\gilbe\AppData\Roaming\Code\User\workspaceStorage\6855dac74c9501bda7c68a02d3bf8714\redhat.java         {manageable} {command line}
   size_t InitialHeapSize                          = 104857600                                 {product} {command line}
   size_t MaxHeapSize                              = 1073741824                                {product} {command line}
   size_t MaxNewSize                               = 357564416                                 {product} {ergonomic}
   size_t MinHeapDeltaBytes                        = 524288                                    {product} {ergonomic}
   size_t MinHeapSize                              = 104857600                                 {product} {command line}
   size_t NewSize                                  = 34603008                                  {product} {ergonomic}
    uintx NonNMethodCodeHeapSize                   = 5826188                                {pd product} {ergonomic}
    uintx NonProfiledCodeHeapSize                  = 122916026                              {pd product} {ergonomic}
   size_t OldSize                                  = 70254592                                  {product} {ergonomic}
    uintx ProfiledCodeHeapSize                     = 122916026                              {pd product} {ergonomic}
    uintx ReservedCodeCacheSize                    = 251658240                              {pd product} {ergonomic}
     bool SegmentedCodeCache                       = true                                      {product} {ergonomic}
   size_t SoftMaxHeapSize                          = 1073741824                             {manageable} {ergonomic}
     bool UseCompressedClassPointers               = true                           {product lp64_product} {ergonomic}
     bool UseCompressedOops                        = true                           {product lp64_product} {ergonomic}
     bool UseLargePagesIndividualAllocation        = false                                  {pd product} {ergonomic}
     bool UseParallelGC                            = true                                      {product} {command line}

Logging:
Log output configuration:
 #0: stdout all=warning uptime,level,tags
 #1: stderr all=off uptime,level,tags

Environment Variables:
PATH=C:\Program Files (x86)\Common Files\Oracle\Java\javapath;C:\windows\system32;C:\windows;C:\windows\System32\Wbem;C:\windows\System32\WindowsPowerShell\v1.0\;C:\windows\System32\OpenSSH\;C:\Program Files\nodejs\;C:\ProgramData\chocolatey\bin;C:\Users\gilbe\AppData\Local\Programs\Python\Python310\Scripts\;C:\Users\gilbe\AppData\Local\Programs\Python\Python310\;C:\Users\gilbe\AppData\Local\Microsoft\WindowsApps;C:\Users\gilbe\AppData\Local\Programs\Microsoft VS Code\bin;C:\Users\gilbe\AppData\Roaming\npm;C:\Program Files\Java\jdk1.8.0_311\bin;C:\Program Files\Java\jre1.8.0_341\bin;
USERNAME=gilbe
OS=Windows_NT
PROCESSOR_IDENTIFIER=AMD64 Family 23 Model 24 Stepping 1, AuthenticAMD



---------------  S Y S T E M  ---------------

OS:
 Windows 10 , 64 bit Build 19041 (10.0.19041.1806)
OS uptime: 24 days 5:22 hours

CPU: total 2 (initial active 2) (2 cores per cpu, 1 threads per core) family 23 model 24 stepping 1 microcode 0x0, cx8, cmov, fxsr, mmx, 3dnowpref, sse, sse2, sse3, ssse3, sse4a, sse4.1, sse4.2, popcnt, lzcnt, tsc, tscinvbit, avx, avx2, aes, clmul, bmi1, bmi2, adx, sha, fma, vzeroupper, clflush, clflushopt

Memory: 4k page, system-wide physical 3463M (48M free)
TotalPageFile size 14215M (AvailPageFile size 5M)
current process WorkingSet (physical memory assigned to process): 123M, peak: 157M
current process commit charge ("private bytes"): 233M, peak: 245M

vm_info: OpenJDK 64-Bit Server VM (17.0.3+7) for windows-amd64 JRE (17.0.3+7), built on Apr 19 2022 16:55:35 by "" with MS VC++ 16.7 (VS2019)

END.
