#
# There is insufficient memory for the Java Runtime Environment to continue.
# Native memory allocation (mmap) failed to map 65536 bytes for Failed to commit metaspace.
# Possible reasons:
#   The system is out of physical RAM or swap space
#   The process is running with CompressedOops enabled, and the Java Heap may be blocking the growth of the native heap
# Possible solutions:
#   Reduce memory load on the system
#   Increase physical memory or swap space
#   Check if swap backing store is full
#   Decrease Java heap size (-Xmx/-Xms)
#   Decrease number of Java threads
#   Decrease Java thread stack sizes (-Xss)
#   Set larger code cache with -XX:ReservedCodeCacheSize=
#   JVM is running with Unscaled Compressed Oops mode in which the Java heap is
#     placed in the first 4GB address space. The Java Heap base address is the
#     maximum limit for the native heap growth. Please use -XX:HeapBaseMinAddress
#     to set the Java Heap base and to place the Java Heap above 4GB virtual address.
# This output file may be truncated or incomplete.
#
#  Out of Memory Error (virtualSpaceNode.cpp:110), pid=17568, tid=14940
#
# JRE version: OpenJDK Runtime Environment Temurin-17.0.3+7 (17.0.3+7) (build 17.0.3+7)
# Java VM: OpenJDK 64-Bit Server VM Temurin-17.0.3+7 (17.0.3+7, mixed mode, tiered, compressed oops, compressed class ptrs, parallel gc, windows-amd64)
# No core dump will be written. Minidumps are not enabled by default on client versions of Windows
#

---------------  S U M M A R Y ------------

Command Line: --add-modules=ALL-SYSTEM --add-opens=java.base/java.util=ALL-UNNAMED --add-opens=java.base/java.lang=ALL-UNNAMED --add-opens=java.base/sun.nio.fs=ALL-UNNAMED -Declipse.application=org.eclipse.jdt.ls.core.id1 -Dosgi.bundles.defaultStartLevel=4 -Declipse.product=org.eclipse.jdt.ls.core.product -Djava.import.generatesMetadataFilesAtProjectRoot=false -Dfile.encoding=utf8 -DwatchParentProcess=false -XX:+UseParallelGC -XX:GCTimeRatio=4 -XX:AdaptiveSizePolicyWeight=90 -Dsun.zip.disableMemoryMapping=true -Xmx1G -Xms100m -javaagent:c:\Users\gilbe\.vscode\extensions\redhat.java-1.9.0-win32-x64\lombok\lombok-1.18.24.jar -XX:+HeapDumpOnOutOfMemoryError -XX:HeapDumpPath=c:\Users\gilbe\AppData\Roaming\Code\User\workspaceStorage\6855dac74c9501bda7c68a02d3bf8714\redhat.java c:\Users\gilbe\.vscode\extensions\redhat.java-1.9.0-win32-x64\server\plugins\org.eclipse.equinox.launcher_1.6.400.v20210924-0641.jar -configuration c:\Users\gilbe\AppData\Roaming\Code\User\globalStorage\redhat.java\1.9.0\config_win -data c:\Users\gilbe\AppData\Roaming\Code\User\workspaceStorage\6855dac74c9501bda7c68a02d3bf8714\redhat.java\jdt_ws

Host: AMD Athlon Silver 3050U with Radeon Graphics   , 2 cores, 3G,  Windows 10 , 64 bit Build 19041 (10.0.19041.1806)
Time: Wed Aug 10 05:56:25 2022 Central Daylight Time elapsed time: 10.772221 seconds (0d 0h 0m 10s)

---------------  T H R E A D  ---------------

Current thread (0x0000024f3a5fec00):  JavaThread "Worker-2: Updating Maven Dependencies" [_thread_in_vm, id=14940, stack(0x0000006f69600000,0x0000006f69700000)]

Stack: [0x0000006f69600000,0x0000006f69700000]
Native frames: (J=compiled Java code, j=interpreted, Vv=VM code, C=native code)
V  [jvm.dll+0x675efa]
V  [jvm.dll+0x830a24]
V  [jvm.dll+0x8321ce]
V  [jvm.dll+0x832833]
V  [jvm.dll+0x2454b5]
V  [jvm.dll+0x82c9cb]
V  [jvm.dll+0x61ab26]
V  [jvm.dll+0x1c046e]
V  [jvm.dll+0x61d471]
V  [jvm.dll+0x61b4c6]
V  [jvm.dll+0x23ae70]
V  [jvm.dll+0x1eab7d]
V  [jvm.dll+0x1e05b1]
V  [jvm.dll+0x53bb80]
V  [jvm.dll+0x7aba28]
V  [jvm.dll+0x7abb14]
V  [jvm.dll+0x40c7c5]
V  [jvm.dll+0x4129b8]
C  [java.dll+0x17ec]

Java frames: (J=compiled Java code, j=interpreted, Vv=VM code)
J 1064  java.lang.ClassLoader.defineClass1(Ljava/lang/ClassLoader;Ljava/lang/String;[BIILjava/security/ProtectionDomain;Ljava/lang/String;)Ljava/lang/Class; java.base@17.0.3 (0 bytes) @ 0x0000024f2f1c8adb [0x0000024f2f1c8a20+0x00000000000000bb]
J 1686 c1 java.lang.ClassLoader.defineClass(Ljava/lang/String;[BIILjava/security/ProtectionDomain;)Ljava/lang/Class; java.base@17.0.3 (43 bytes) @ 0x0000024f27f3ced4 [0x0000024f27f3cb80+0x0000000000000354]
J 2399 c1 org.eclipse.osgi.internal.loader.ModuleClassLoader.defineClass(Ljava/lang/String;[BLorg/eclipse/osgi/internal/loader/classpath/ClasspathEntry;)Lorg/eclipse/osgi/internal/loader/ModuleClassLoader$DefineClassResult; (138 bytes) @ 0x0000024f280f681c [0x0000024f280f65c0+0x000000000000025c]
J 2137 c1 org.eclipse.osgi.internal.loader.classpath.ClasspathManager.defineClass(Ljava/lang/String;[BLorg/eclipse/osgi/internal/loader/classpath/ClasspathEntry;Lorg/eclipse/osgi/storage/bundlefile/BundleEntry;Ljava/util/List;)Ljava/lang/Class; (636 bytes) @ 0x0000024f2805e5c4 [0x0000024f2805cbe0+0x00000000000019e4]
J 2927 c2 org.eclipse.osgi.internal.loader.classpath.ClasspathManager.findClassImpl(Ljava/lang/String;Lorg/eclipse/osgi/internal/loader/classpath/ClasspathEntry;Ljava/util/List;)Ljava/lang/Class; (308 bytes) @ 0x0000024f2f29d844 [0x0000024f2f29a2c0+0x0000000000003584]
J 2128 c1 org.eclipse.osgi.internal.loader.classpath.ClasspathManager.findLocalClassImpl(Ljava/lang/String;[Lorg/eclipse/osgi/internal/loader/classpath/ClasspathEntry;Ljava/util/List;)Ljava/lang/Class; (55 bytes) @ 0x0000024f28057dcc [0x0000024f28057c40+0x000000000000018c]
J 2127 c1 org.eclipse.osgi.internal.loader.classpath.ClasspathManager.findLocalClassImpl(Ljava/lang/String;Ljava/util/List;)Ljava/lang/Class; (132 bytes) @ 0x0000024f28057354 [0x0000024f28056e40+0x0000000000000514]
J 2265 c1 org.eclipse.osgi.internal.loader.classpath.ClasspathManager.findLocalClass(Ljava/lang/String;)Ljava/lang/Class; (210 bytes) @ 0x0000024f280a253c [0x0000024f280a18a0+0x0000000000000c9c]
J 2119 c1 org.eclipse.osgi.internal.loader.BundleLoader.findLocalClass(Ljava/lang/String;)Ljava/lang/Class; (152 bytes) @ 0x0000024f280496ec [0x0000024f28048ea0+0x000000000000084c]
J 2272 c1 org.eclipse.osgi.internal.loader.sources.SingleSourcePackage.loadClass(Ljava/lang/String;)Ljava/lang/Class; (9 bytes) @ 0x0000024f280a673c [0x0000024f280a6640+0x00000000000000fc]
J 2676 c1 org.eclipse.osgi.internal.loader.BundleLoader.findClass0(Ljava/lang/String;ZZ)Ljava/lang/Class; (466 bytes) @ 0x0000024f2818c1ac [0x0000024f28189c80+0x000000000000252c]
J 1653 c1 org.eclipse.osgi.internal.loader.BundleLoader.findClass(Ljava/lang/String;)Ljava/lang/Class; (8 bytes) @ 0x0000024f27f2769c [0x0000024f27f27620+0x000000000000007c]
J 1655 c1 org.eclipse.osgi.internal.loader.ModuleClassLoader.loadClass(Ljava/lang/String;Z)Ljava/lang/Class; (36 bytes) @ 0x0000024f27f289bc [0x0000024f27f287a0+0x000000000000021c]
J 2267 c2 java.lang.ClassLoader.loadClass(Ljava/lang/String;)Ljava/lang/Class; java.base@17.0.3 (7 bytes) @ 0x0000024f2f2365c0 [0x0000024f2f236580+0x0000000000000040]
v  ~StubRoutines::call_stub
J 1064  java.lang.ClassLoader.defineClass1(Ljava/lang/ClassLoader;Ljava/lang/String;[BIILjava/security/ProtectionDomain;Ljava/lang/String;)Ljava/lang/Class; java.base@17.0.3 (0 bytes) @ 0x0000024f2f1c8adb [0x0000024f2f1c8a20+0x00000000000000bb]
J 1686 c1 java.lang.ClassLoader.defineClass(Ljava/lang/String;[BIILjava/security/ProtectionDomain;)Ljava/lang/Class; java.base@17.0.3 (43 bytes) @ 0x0000024f27f3ced4 [0x0000024f27f3cb80+0x0000000000000354]
J 2399 c1 org.eclipse.osgi.internal.loader.ModuleClassLoader.defineClass(Ljava/lang/String;[BLorg/eclipse/osgi/internal/loader/classpath/ClasspathEntry;)Lorg/eclipse/osgi/internal/loader/ModuleClassLoader$DefineClassResult; (138 bytes) @ 0x0000024f280f681c [0x0000024f280f65c0+0x000000000000025c]
J 2137 c1 org.eclipse.osgi.internal.loader.classpath.ClasspathManager.defineClass(Ljava/lang/String;[BLorg/eclipse/osgi/internal/loader/classpath/ClasspathEntry;Lorg/eclipse/osgi/storage/bundlefile/BundleEntry;Ljava/util/List;)Ljava/lang/Class; (636 bytes) @ 0x0000024f2805e5c4 [0x0000024f2805cbe0+0x00000000000019e4]
J 2927 c2 org.eclipse.osgi.internal.loader.classpath.ClasspathManager.findClassImpl(Ljava/lang/String;Lorg/eclipse/osgi/internal/loader/classpath/ClasspathEntry;Ljava/util/List;)Ljava/lang/Class; (308 bytes) @ 0x0000024f2f29d844 [0x0000024f2f29a2c0+0x0000000000003584]
J 2128 c1 org.eclipse.osgi.internal.loader.classpath.ClasspathManager.findLocalClassImpl(Ljava/lang/String;[Lorg/eclipse/osgi/internal/loader/classpath/ClasspathEntry;Ljava/util/List;)Ljava/lang/Class; (55 bytes) @ 0x0000024f28057dcc [0x0000024f28057c40+0x000000000000018c]
J 2127 c1 org.eclipse.osgi.internal.loader.classpath.ClasspathManager.findLocalClassImpl(Ljava/lang/String;Ljava/util/List;)Ljava/lang/Class; (132 bytes) @ 0x0000024f28057354 [0x0000024f28056e40+0x0000000000000514]
J 2265 c1 org.eclipse.osgi.internal.loader.classpath.ClasspathManager.findLocalClass(Ljava/lang/String;)Ljava/lang/Class; (210 bytes) @ 0x0000024f280a253c [0x0000024f280a18a0+0x0000000000000c9c]
J 2119 c1 org.eclipse.osgi.internal.loader.BundleLoader.findLocalClass(Ljava/lang/String;)Ljava/lang/Class; (152 bytes) @ 0x0000024f280496ec [0x0000024f28048ea0+0x000000000000084c]
J 2676 c1 org.eclipse.osgi.internal.loader.BundleLoader.findClass0(Ljava/lang/String;ZZ)Ljava/lang/Class; (466 bytes) @ 0x0000024f2818c2a4 [0x0000024f28189c80+0x0000000000002624]
J 1653 c1 org.eclipse.osgi.internal.loader.BundleLoader.findClass(Ljava/lang/String;)Ljava/lang/Class; (8 bytes) @ 0x0000024f27f2769c [0x0000024f27f27620+0x000000000000007c]
J 1655 c1 org.eclipse.osgi.internal.loader.ModuleClassLoader.loadClass(Ljava/lang/String;Z)Ljava/lang/Class; (36 bytes) @ 0x0000024f27f289bc [0x0000024f27f287a0+0x000000000000021c]
J 2267 c2 java.lang.ClassLoader.loadClass(Ljava/lang/String;)Ljava/lang/Class; java.base@17.0.3 (7 bytes) @ 0x0000024f2f2365c0 [0x0000024f2f236580+0x0000000000000040]
v  ~StubRoutines::call_stub
j  org.eclipse.m2e.core.internal.embedder.DefaultMavenComponentContributor.contribute(Lorg/eclipse/m2e/core/internal/embedder/IMavenComponentContributor$IMavenComponentBinder;)V+93
j  org.eclipse.m2e.core.internal.embedder.ExtensionModule.configure()V+58
j  com.google.inject.AbstractModule.configure(Lcom/google/inject/Binder;)V+31
j  com.google.inject.spi.Elements$RecordingBinder.install(Lcom/google/inject/Module;)V+161
j  org.codehaus.plexus.DefaultPlexusContainer$BootModule.configure(Lcom/google/inject/Binder;)V+32
j  com.google.inject.spi.Elements$RecordingBinder.install(Lcom/google/inject/Module;)V+161
j  com.google.inject.spi.Elements.getElements(Lcom/google/inject/Stage;Ljava/lang/Iterable;)Ljava/util/List;+40
j  com.google.inject.spi.Elements.getElements(Ljava/lang/Iterable;)Ljava/util/List;+4
j  org.eclipse.sisu.wire.WireModule.configure(Lcom/google/inject/Binder;)V+13
j  com.google.inject.spi.Elements$RecordingBinder.install(Lcom/google/inject/Module;)V+161
j  com.google.inject.spi.Elements.getElements(Lcom/google/inject/Stage;Ljava/lang/Iterable;)Ljava/util/List;+40
j  com.google.inject.internal.InjectorShell$Builder.build(Lcom/google/inject/internal/Initializer;Lcom/google/inject/internal/ProcessedBindingData;Lcom/google/inject/internal/util/Stopwatch;Lcom/google/inject/internal/Errors;)Ljava/util/List;+122
j  com.google.inject.internal.InternalInjectorCreator.build()Lcom/google/inject/Injector;+48
j  com.google.inject.Guice.createInjector(Lcom/google/inject/Stage;Ljava/lang/Iterable;)Lcom/google/inject/Injector;+15
j  com.google.inject.Guice.createInjector(Ljava/lang/Iterable;)Lcom/google/inject/Injector;+4
j  com.google.inject.Guice.createInjector([Lcom/google/inject/Module;)Lcom/google/inject/Injector;+4
j  org.codehaus.plexus.DefaultPlexusContainer.addPlexusInjector(Ljava/util/List;[Lcom/google/inject/Module;)Lcom/google/inject/Injector;+88
j  org.codehaus.plexus.DefaultPlexusContainer.<init>(Lorg/codehaus/plexus/ContainerConfiguration;[Lcom/google/inject/Module;)V+396
j  org.eclipse.m2e.core.internal.embedder.PlexusContainerManager.newPlexusContainer(Ljava/io/File;Lorg/codehaus/plexus/logging/LoggerManager;Lorg/eclipse/m2e/core/embedder/IMavenConfiguration;)Lorg/codehaus/plexus/DefaultPlexusContainer;+205
j  org.eclipse.m2e.core.internal.embedder.PlexusContainerManager.aquire()Lorg/codehaus/plexus/PlexusContainer;+28
j  org.eclipse.m2e.core.internal.embedder.MavenImpl.getPlexusContainer()Lorg/codehaus/plexus/PlexusContainer;+4
j  org.eclipse.m2e.core.internal.embedder.MavenImpl.lookup(Ljava/lang/Class;)Ljava/lang/Object;+8
j  org.eclipse.m2e.core.internal.embedder.MavenImpl.getSettings(Z)Lorg/apache/maven/settings/Settings;+182
j  org.eclipse.m2e.core.internal.embedder.MavenImpl.getSettings()Lorg/apache/maven/settings/Settings;+2
j  org.eclipse.m2e.core.internal.embedder.MavenExecutionContext.createExecutionRequest(Lorg/eclipse/m2e/core/embedder/IMavenConfiguration;Lorg/eclipse/m2e/core/embedder/IComponentLookup;Lorg/eclipse/m2e/core/embedder/IMaven;)Lorg/apache/maven/execution/MavenExecutionRequest;+76
j  org.eclipse.m2e.core.internal.embedder.MavenExecutionContext.newExecutionRequest()Lorg/apache/maven/execution/MavenExecutionRequest;+74
j  org.eclipse.m2e.core.internal.embedder.MavenExecutionContext.execute(Lorg/apache/maven/project/MavenProject;Lorg/eclipse/m2e/core/embedder/ICallable;Lorg/eclipse/core/runtime/IProgressMonitor;)Ljava/lang/Object;+131
j  org.eclipse.m2e.core.internal.embedder.MavenExecutionContext.execute(Lorg/eclipse/m2e/core/embedder/ICallable;Lorg/eclipse/core/runtime/IProgressMonitor;)Ljava/lang/Object;+4
j  org.eclipse.m2e.core.internal.project.registry.ProjectRegistryRefreshJob.run(Lorg/eclipse/core/runtime/IProgressMonitor;)Lorg/eclipse/core/runtime/IStatus;+80
j  org.eclipse.core.internal.jobs.Worker.run()V+32
v  ~StubRoutines::call_stub

---------------  P R O C E S S  ---------------

Threads class SMR info:
_java_thread_list=0x0000024f3bd7a3f0, length=25, elements={
0x0000024f24a139d0, 0x0000024f387e6760, 0x0000024f387e74e0, 0x0000024f3880c260,
0x0000024f3880eef0, 0x0000024f3880fa70, 0x0000024f388114a0, 0x0000024f3881a1d0,
0x0000024f3881ca20, 0x0000024f3881dac0, 0x0000024f38720b80, 0x0000024f39d6c760,
0x0000024f3a42a290, 0x0000024f3a2f4040, 0x0000024f3a2f4510, 0x0000024f3a5f73e0,
0x0000024f3a2f0fa0, 0x0000024f3a600410, 0x0000024f3a5ff0d0, 0x0000024f3a5ffa70,
0x0000024f3a5fff40, 0x0000024f3a5fec00, 0x0000024f3a5ff5a0, 0x0000024f3b8e08c0,
0x0000024f3b8df0b0
}
_to_delete_list=0x0000024f3bd79be0, length=24, elements={
0x0000024f24a139d0, 0x0000024f387e6760, 0x0000024f387e74e0, 0x0000024f3880c260,
0x0000024f3880eef0, 0x0000024f3880fa70, 0x0000024f388114a0, 0x0000024f3881a1d0,
0x0000024f3881ca20, 0x0000024f3881dac0, 0x0000024f38720b80, 0x0000024f39d6c760,
0x0000024f3a42a290, 0x0000024f3a2f4040, 0x0000024f3a2f4510, 0x0000024f3a5f73e0,
0x0000024f3a2f0fa0, 0x0000024f3a600410, 0x0000024f3a5ff0d0, 0x0000024f3a5ffa70,
0x0000024f3a5fff40, 0x0000024f3a5fec00, 0x0000024f3a5ff5a0, 0x0000024f3b8e08c0
}

Java Threads: ( => current thread )
  0x0000024f24a139d0 JavaThread "main" [_thread_blocked, id=15924, stack(0x0000006f67d00000,0x0000006f67e00000)]
  0x0000024f387e6760 JavaThread "Reference Handler" daemon [_thread_blocked, id=17984, stack(0x0000006f68000000,0x0000006f68100000)]
  0x0000024f387e74e0 JavaThread "Finalizer" daemon [_thread_blocked, id=5940, stack(0x0000006f68100000,0x0000006f68200000)]
  0x0000024f3880c260 JavaThread "Signal Dispatcher" daemon [_thread_blocked, id=17920, stack(0x0000006f68200000,0x0000006f68300000)]
  0x0000024f3880eef0 JavaThread "Attach Listener" daemon [_thread_blocked, id=10800, stack(0x0000006f68300000,0x0000006f68400000)]
  0x0000024f3880fa70 JavaThread "Service Thread" daemon [_thread_blocked, id=14368, stack(0x0000006f68400000,0x0000006f68500000)]
  0x0000024f388114a0 JavaThread "Monitor Deflation Thread" daemon [_thread_blocked, id=4856, stack(0x0000006f68500000,0x0000006f68600000)]
  0x0000024f3881a1d0 JavaThread "C2 CompilerThread0" daemon [_thread_blocked, id=6524, stack(0x0000006f68600000,0x0000006f68700000)]
  0x0000024f3881ca20 JavaThread "C1 CompilerThread0" daemon [_thread_blocked, id=14824, stack(0x0000006f68700000,0x0000006f68800000)]
  0x0000024f3881dac0 JavaThread "Sweeper thread" daemon [_thread_blocked, id=11192, stack(0x0000006f68800000,0x0000006f68900000)]
  0x0000024f38720b80 JavaThread "Common-Cleaner" daemon [_thread_blocked, id=20168, stack(0x0000006f68900000,0x0000006f68a00000)]
  0x0000024f39d6c760 JavaThread "Notification Thread" daemon [_thread_blocked, id=13596, stack(0x0000006f68a00000,0x0000006f68b00000)]
  0x0000024f3a42a290 JavaThread "Active Thread: Equinox Container: 75a5f688-3387-45fc-9be0-34e46d69b106" [_thread_blocked, id=14312, stack(0x0000006f68d00000,0x0000006f68e00000)]
  0x0000024f3a2f4040 JavaThread "Framework Event Dispatcher: Equinox Container: 75a5f688-3387-45fc-9be0-34e46d69b106" daemon [_thread_blocked, id=20924, stack(0x0000006f68e00000,0x0000006f68f00000)]
  0x0000024f3a2f4510 JavaThread "Start Level: Equinox Container: 75a5f688-3387-45fc-9be0-34e46d69b106" daemon [_thread_blocked, id=9672, stack(0x0000006f68f00000,0x0000006f69000000)]
  0x0000024f3a5f73e0 JavaThread "SCR Component Actor" daemon [_thread_blocked, id=16524, stack(0x0000006f69000000,0x0000006f69100000)]
  0x0000024f3a2f0fa0 JavaThread "SCR Component Registry" daemon [_thread_blocked, id=18864, stack(0x0000006f69100000,0x0000006f69200000)]
  0x0000024f3a600410 JavaThread "Bundle File Closer" daemon [_thread_blocked, id=8420, stack(0x0000006f69200000,0x0000006f69300000)]
  0x0000024f3a5ff0d0 JavaThread "Worker-JM" [_thread_blocked, id=11076, stack(0x0000006f69300000,0x0000006f69400000)]
  0x0000024f3a5ffa70 JavaThread "Worker-0: Repository registry initialization" [_thread_blocked, id=7420, stack(0x0000006f69400000,0x0000006f69500000)]
  0x0000024f3a5fff40 JavaThread "Worker-1" [_thread_blocked, id=17212, stack(0x0000006f69500000,0x0000006f69600000)]
=>0x0000024f3a5fec00 JavaThread "Worker-2: Updating Maven Dependencies" [_thread_in_vm, id=14940, stack(0x0000006f69600000,0x0000006f69700000)]
  0x0000024f3a5ff5a0 JavaThread "Worker-3" [_thread_blocked, id=6148, stack(0x0000006f69700000,0x0000006f69800000)]
  0x0000024f3b8e08c0 JavaThread "Java indexing" daemon [_thread_blocked, id=9124, stack(0x0000006f69800000,0x0000006f69900000)]
  0x0000024f3b8df0b0 JavaThread "Worker-4" [_thread_blocked, id=15292, stack(0x0000006f69900000,0x0000006f69a00000)]

Other Threads:
  0x0000024f3875c220 VMThread "VM Thread" [stack: 0x0000006f67f00000,0x0000006f68000000] [id=7484] _threads_hazard_ptr=0x0000024f3bd7a3f0
  0x0000024f39d6cc30 WatcherThread [stack: 0x0000006f68b00000,0x0000006f68c00000] [id=14344]
  0x0000024f24a29a00 GCTaskThread "GC Thread#0" [stack: 0x0000006f67e00000,0x0000006f67f00000] [id=9424]
  0x0000024f3a246470 GCTaskThread "GC Thread#1" [stack: 0x0000006f68c00000,0x0000006f68d00000] [id=10652]

Threads with active compile tasks:

VM state: not at safepoint (normal execution)

VM Mutex/Monitor currently owned by a thread:  ([mutex/lock_event])
[0x0000024f24a0e640] Metaspace_lock - owner thread: 0x0000024f3a5fec00
[0x0000024f24a0fa40] Compile_lock - owner thread: 0x0000024f3a2f4510

Heap address: 0x00000000c0000000, size: 1024 MB, Compressed Oops mode: 32-bit

CDS archive(s) not mapped
Compressed class space mapped at: 0x0000000100000000-0x0000000140000000, reserved size: 1073741824
Narrow klass base: 0x0000000000000000, Narrow klass shift: 3, Narrow klass range: 0x140000000

GC Precious Log:
 CPUs: 2 total, 2 available
 Memory: 3463M
 Large Page Support: Disabled
 NUMA Support: Disabled
 Compressed Oops: Enabled (32-bit)
 Alignments: Space 512K, Generation 512K, Heap 2M
 Heap Min Capacity: 100M
 Heap Initial Capacity: 100M
 Heap Max Capacity: 1G
 Pre-touch: Disabled
 Parallel Workers: 2

Heap:
 PSYoungGen      total 26624K, used 20684K [0x00000000eab00000, 0x00000000ec880000, 0x0000000100000000)
  eden space 24064K, 75% used [0x00000000eab00000,0x00000000ebcb9a80,0x00000000ec280000)
  from space 2560K, 98% used [0x00000000ec400000,0x00000000ec679630,0x00000000ec680000)
  to   space 2048K, 0% used [0x00000000ec680000,0x00000000ec680000,0x00000000ec880000)
 ParOldGen       total 68608K, used 10490K [0x00000000c0000000, 0x00000000c4300000, 0x00000000eab00000)
  object space 68608K, 15% used [0x00000000c0000000,0x00000000c0a3ea40,0x00000000c4300000)
 Metaspace       used 33592K, committed 34112K, reserved 1081344K
  class space    used 3394K, committed 3648K, reserved 1048576K

Card table byte_map: [0x0000024f24400000,0x0000024f24610000] _byte_map_base: 0x0000024f23e00000

Marking Bits: (ParMarkBitMap*) 0x00007ff8766e4b80
 Begin Bits: [0x0000024f366a0000, 0x0000024f376a0000)
 End Bits:   [0x0000024f376a0000, 0x0000024f386a0000)

Polling page: 0x0000024f241f0000

Metaspace:

Usage:
  Non-class:     29.49 MB used.
      Class:      3.31 MB used.
       Both:     32.81 MB used.

Virtual space:
  Non-class space:       32.00 MB reserved,      29.75 MB ( 93%) committed,  4 nodes.
      Class space:        1.00 GB reserved,       3.56 MB ( <1%) committed,  1 nodes.
             Both:        1.03 GB reserved,      33.31 MB (  3%) committed. 

Chunk freelists:
   Non-Class:  1.86 MB
       Class:  336.00 KB
        Both:  2.19 MB

MaxMetaspaceSize: unlimited
CompressedClassSpaceSize: 1.00 GB
Initial GC threshold: 21.00 MB
Current GC threshold: 35.00 MB
CDS: off
MetaspaceReclaimPolicy: balanced
 - commit_granule_bytes: 65536.
 - commit_granule_words: 8192.
 - virtual_space_node_default_size: 1048576.
 - enlarge_chunks_in_place: 1.
 - new_chunks_are_fully_committed: 0.
 - uncommit_free_chunks: 1.
 - use_allocation_guard: 0.
 - handle_deallocations: 1.


Internal statistics:

num_allocs_failed_limit: 3.
num_arena_births: 238.
num_arena_deaths: 14.
num_vsnodes_births: 5.
num_vsnodes_deaths: 0.
num_space_committed: 533.
num_space_uncommitted: 0.
num_chunks_returned_to_freelist: 17.
num_chunks_taken_from_freelist: 1232.
num_chunk_merges: 7.
num_chunk_splits: 826.
num_chunks_enlarged: 564.
num_purges: 2.
num_inconsistent_stats: 0.

CodeHeap 'non-profiled nmethods': size=120064Kb used=1481Kb max_used=1481Kb free=118582Kb
 bounds [0x0000024f2f160000, 0x0000024f2f3d0000, 0x0000024f366a0000]
CodeHeap 'profiled nmethods': size=120000Kb used=6469Kb max_used=6469Kb free=113530Kb
 bounds [0x0000024f27c30000, 0x0000024f28290000, 0x0000024f2f160000]
CodeHeap 'non-nmethods': size=5696Kb used=1243Kb max_used=1285Kb free=4452Kb
 bounds [0x0000024f276a0000, 0x0000024f27910000, 0x0000024f27c30000]
 total_blobs=3722 nmethods=3163 adapters=472
 compilation: enabled
              stopped_count=0, restarted_count=0
 full_count=0

Compilation events (20 events):
Event: 10.754 Thread 0x0000024f3881ca20 3156       1       org.eclipse.jdt.internal.core.ClasspathEntry::getEntryKind (5 bytes)
Event: 10.754 Thread 0x0000024f3881ca20 nmethod 3156 0x0000024f2f2d1c10 code [0x0000024f2f2d1da0, 0x0000024f2f2d1e78]
Event: 10.756 Thread 0x0000024f3881ca20 3157       3       org.eclipse.core.runtime.Path::toFile (12 bytes)
Event: 10.756 Thread 0x0000024f3881ca20 nmethod 3157 0x0000024f2827df10 code [0x0000024f2827e0c0, 0x0000024f2827e2b8]
Event: 10.756 Thread 0x0000024f3881ca20 3158       3       java.lang.Short::<init> (10 bytes)
Event: 10.756 Thread 0x0000024f3881ca20 nmethod 3158 0x0000024f2827e390 code [0x0000024f2827e540, 0x0000024f2827e718]
Event: 10.757 Thread 0x0000024f3881ca20 3159       3       org.eclipse.core.runtime.Path::isEmpty (23 bytes)
Event: 10.757 Thread 0x0000024f3881ca20 nmethod 3159 0x0000024f2827e810 code [0x0000024f2827e9a0, 0x0000024f2827eb58]
Event: 10.757 Thread 0x0000024f3881ca20 3160       1       org.eclipse.core.internal.localstore.FileStoreRoot::isValid (5 bytes)
Event: 10.757 Thread 0x0000024f3881ca20 nmethod 3160 0x0000024f2f2d1f10 code [0x0000024f2f2d20a0, 0x0000024f2f2d2178]
Event: 10.763 Thread 0x0000024f3881ca20 3161       1       jdk.internal.loader.AbstractClassLoaderValue$Sub::parent (5 bytes)
Event: 10.763 Thread 0x0000024f3881ca20 nmethod 3161 0x0000024f2f2d2210 code [0x0000024f2f2d23a0, 0x0000024f2f2d2478]
Event: 10.764 Thread 0x0000024f3881ca20 3162       3       jdk.internal.org.objectweb.asm.Frame::merge (395 bytes)
Event: 10.765 Thread 0x0000024f3881ca20 nmethod 3162 0x0000024f2827ec10 code [0x0000024f2827eec0, 0x0000024f2827fc58]
Event: 10.765 Thread 0x0000024f3881ca20 3164       3       jdk.internal.org.objectweb.asm.SymbolTable::put (150 bytes)
Event: 10.765 Thread 0x0000024f3881ca20 nmethod 3164 0x0000024f28280290 code [0x0000024f28280460, 0x0000024f28280b78]
Event: 10.765 Thread 0x0000024f3881ca20 3163       3       jdk.internal.org.objectweb.asm.Edge::<init> (20 bytes)
Event: 10.765 Thread 0x0000024f3881ca20 nmethod 3163 0x0000024f28280e90 code [0x0000024f28281020, 0x0000024f282811b8]
Event: 10.766 Thread 0x0000024f3881ca20 3165       3       jdk.internal.misc.Unsafe::weakCompareAndSetLong (11 bytes)
Event: 10.766 Thread 0x0000024f3881ca20 nmethod 3165 0x0000024f28281290 code [0x0000024f28281420, 0x0000024f28281558]

GC Heap History (16 events):
Event: 2.581 GC heap before
{Heap before GC invocations=1 (full 0):
 PSYoungGen      total 29696K, used 25600K [0x00000000eab00000, 0x00000000ecc00000, 0x0000000100000000)
  eden space 25600K, 100% used [0x00000000eab00000,0x00000000ec400000,0x00000000ec400000)
  from space 4096K, 0% used [0x00000000ec800000,0x00000000ec800000,0x00000000ecc00000)
  to   space 4096K, 0% used [0x00000000ec400000,0x00000000ec400000,0x00000000ec800000)
 ParOldGen       total 68608K, used 0K [0x00000000c0000000, 0x00000000c4300000, 0x00000000eab00000)
  object space 68608K, 0% used [0x00000000c0000000,0x00000000c0000000,0x00000000c4300000)
 Metaspace       used 10836K, committed 11008K, reserved 1064960K
  class space    used 1085K, committed 1152K, reserved 1048576K
}
Event: 2.592 GC heap after
{Heap after GC invocations=1 (full 0):
 PSYoungGen      total 29696K, used 3288K [0x00000000eab00000, 0x00000000ecc00000, 0x0000000100000000)
  eden space 25600K, 0% used [0x00000000eab00000,0x00000000eab00000,0x00000000ec400000)
  from space 4096K, 80% used [0x00000000ec400000,0x00000000ec7361a0,0x00000000ec800000)
  to   space 4096K, 0% used [0x00000000ec800000,0x00000000ec800000,0x00000000ecc00000)
 ParOldGen       total 68608K, used 0K [0x00000000c0000000, 0x00000000c4300000, 0x00000000eab00000)
  object space 68608K, 0% used [0x00000000c0000000,0x00000000c0000000,0x00000000c4300000)
 Metaspace       used 10836K, committed 11008K, reserved 1064960K
  class space    used 1085K, committed 1152K, reserved 1048576K
}
Event: 4.241 GC heap before
{Heap before GC invocations=2 (full 0):
 PSYoungGen      total 29696K, used 28888K [0x00000000eab00000, 0x00000000ecc00000, 0x0000000100000000)
  eden space 25600K, 100% used [0x00000000eab00000,0x00000000ec400000,0x00000000ec400000)
  from space 4096K, 80% used [0x00000000ec400000,0x00000000ec7361a0,0x00000000ec800000)
  to   space 4096K, 0% used [0x00000000ec800000,0x00000000ec800000,0x00000000ecc00000)
 ParOldGen       total 68608K, used 0K [0x00000000c0000000, 0x00000000c4300000, 0x00000000eab00000)
  object space 68608K, 0% used [0x00000000c0000000,0x00000000c0000000,0x00000000c4300000)
 Metaspace       used 14770K, committed 15104K, reserved 1064960K
  class space    used 1500K, committed 1664K, reserved 1048576K
}
Event: 4.253 GC heap after
{Heap after GC invocations=2 (full 0):
 PSYoungGen      total 29696K, used 4093K [0x00000000eab00000, 0x00000000ecc00000, 0x0000000100000000)
  eden space 25600K, 0% used [0x00000000eab00000,0x00000000eab00000,0x00000000ec400000)
  from space 4096K, 99% used [0x00000000ec800000,0x00000000ecbff6a0,0x00000000ecc00000)
  to   space 4096K, 0% used [0x00000000ec400000,0x00000000ec400000,0x00000000ec800000)
 ParOldGen       total 68608K, used 1403K [0x00000000c0000000, 0x00000000c4300000, 0x00000000eab00000)
  object space 68608K, 2% used [0x00000000c0000000,0x00000000c015ee48,0x00000000c4300000)
 Metaspace       used 14770K, committed 15104K, reserved 1064960K
  class space    used 1500K, committed 1664K, reserved 1048576K
}
Event: 5.761 GC heap before
{Heap before GC invocations=3 (full 0):
 PSYoungGen      total 29696K, used 29693K [0x00000000eab00000, 0x00000000ecc00000, 0x0000000100000000)
  eden space 25600K, 100% used [0x00000000eab00000,0x00000000ec400000,0x00000000ec400000)
  from space 4096K, 99% used [0x00000000ec800000,0x00000000ecbff6a0,0x00000000ecc00000)
  to   space 4096K, 0% used [0x00000000ec400000,0x00000000ec400000,0x00000000ec800000)
 ParOldGen       total 68608K, used 1403K [0x00000000c0000000, 0x00000000c4300000, 0x00000000eab00000)
  object space 68608K, 2% used [0x00000000c0000000,0x00000000c015ee48,0x00000000c4300000)
 Metaspace       used 17905K, committed 18240K, reserved 1064960K
  class space    used 1800K, committed 1920K, reserved 1048576K
}
Event: 5.772 GC heap after
{Heap after GC invocations=3 (full 0):
 PSYoungGen      total 29696K, used 4074K [0x00000000eab00000, 0x00000000ecc00000, 0x0000000100000000)
  eden space 25600K, 0% used [0x00000000eab00000,0x00000000eab00000,0x00000000ec400000)
  from space 4096K, 99% used [0x00000000ec400000,0x00000000ec7fa848,0x00000000ec800000)
  to   space 4096K, 0% used [0x00000000ec800000,0x00000000ec800000,0x00000000ecc00000)
 ParOldGen       total 68608K, used 5457K [0x00000000c0000000, 0x00000000c4300000, 0x00000000eab00000)
  object space 68608K, 7% used [0x00000000c0000000,0x00000000c0554658,0x00000000c4300000)
 Metaspace       used 17905K, committed 18240K, reserved 1064960K
  class space    used 1800K, committed 1920K, reserved 1048576K
}
Event: 6.611 GC heap before
{Heap before GC invocations=4 (full 0):
 PSYoungGen      total 29696K, used 20346K [0x00000000eab00000, 0x00000000ecc00000, 0x0000000100000000)
  eden space 25600K, 63% used [0x00000000eab00000,0x00000000ebae4118,0x00000000ec400000)
  from space 4096K, 99% used [0x00000000ec400000,0x00000000ec7fa848,0x00000000ec800000)
  to   space 4096K, 0% used [0x00000000ec800000,0x00000000ec800000,0x00000000ecc00000)
 ParOldGen       total 68608K, used 5457K [0x00000000c0000000, 0x00000000c4300000, 0x00000000eab00000)
  object space 68608K, 7% used [0x00000000c0000000,0x00000000c0554658,0x00000000c4300000)
 Metaspace       used 21040K, committed 21504K, reserved 1073152K
  class space    used 2113K, committed 2368K, reserved 1048576K
}
Event: 6.618 GC heap after
{Heap after GC invocations=4 (full 0):
 PSYoungGen      total 29696K, used 4094K [0x00000000eab00000, 0x00000000ecc00000, 0x0000000100000000)
  eden space 25600K, 0% used [0x00000000eab00000,0x00000000eab00000,0x00000000ec400000)
  from space 4096K, 99% used [0x00000000ec800000,0x00000000ecbffa00,0x00000000ecc00000)
  to   space 4096K, 0% used [0x00000000ec400000,0x00000000ec400000,0x00000000ec800000)
 ParOldGen       total 68608K, used 6588K [0x00000000c0000000, 0x00000000c4300000, 0x00000000eab00000)
  object space 68608K, 9% used [0x00000000c0000000,0x00000000c066f258,0x00000000c4300000)
 Metaspace       used 21040K, committed 21504K, reserved 1073152K
  class space    used 2113K, committed 2368K, reserved 1048576K
}
Event: 6.618 GC heap before
{Heap before GC invocations=5 (full 1):
 PSYoungGen      total 29696K, used 4094K [0x00000000eab00000, 0x00000000ecc00000, 0x0000000100000000)
  eden space 25600K, 0% used [0x00000000eab00000,0x00000000eab00000,0x00000000ec400000)
  from space 4096K, 99% used [0x00000000ec800000,0x00000000ecbffa00,0x00000000ecc00000)
  to   space 4096K, 0% used [0x00000000ec400000,0x00000000ec400000,0x00000000ec800000)
 ParOldGen       total 68608K, used 6588K [0x00000000c0000000, 0x00000000c4300000, 0x00000000eab00000)
  object space 68608K, 9% used [0x00000000c0000000,0x00000000c066f258,0x00000000c4300000)
 Metaspace       used 21040K, committed 21504K, reserved 1073152K
  class space    used 2113K, committed 2368K, reserved 1048576K
}
Event: 6.656 GC heap after
{Heap after GC invocations=5 (full 1):
 PSYoungGen      total 29696K, used 0K [0x00000000eab00000, 0x00000000ecc00000, 0x0000000100000000)
  eden space 25600K, 0% used [0x00000000eab00000,0x00000000eab00000,0x00000000ec400000)
  from space 4096K, 0% used [0x00000000ec800000,0x00000000ec800000,0x00000000ecc00000)
  to   space 4096K, 0% used [0x00000000ec400000,0x00000000ec400000,0x00000000ec800000)
 ParOldGen       total 68608K, used 10482K [0x00000000c0000000, 0x00000000c4300000, 0x00000000eab00000)
  object space 68608K, 15% used [0x00000000c0000000,0x00000000c0a3ca40,0x00000000c4300000)
 Metaspace       used 21027K, committed 21504K, reserved 1073152K
  class space    used 2109K, committed 2368K, reserved 1048576K
}
Event: 8.153 GC heap before
{Heap before GC invocations=6 (full 1):
 PSYoungGen      total 29696K, used 25600K [0x00000000eab00000, 0x00000000ecc00000, 0x0000000100000000)
  eden space 25600K, 100% used [0x00000000eab00000,0x00000000ec400000,0x00000000ec400000)
  from space 4096K, 0% used [0x00000000ec800000,0x00000000ec800000,0x00000000ecc00000)
  to   space 4096K, 0% used [0x00000000ec400000,0x00000000ec400000,0x00000000ec800000)
 ParOldGen       total 68608K, used 10482K [0x00000000c0000000, 0x00000000c4300000, 0x00000000eab00000)
  object space 68608K, 15% used [0x00000000c0000000,0x00000000c0a3ca40,0x00000000c4300000)
 Metaspace       used 24421K, committed 24896K, reserved 1073152K
  class space    used 2471K, committed 2688K, reserved 1048576K
}
Event: 8.158 GC heap after
{Heap after GC invocations=6 (full 1):
 PSYoungGen      total 28160K, used 2587K [0x00000000eab00000, 0x00000000ecb80000, 0x0000000100000000)
  eden space 25088K, 0% used [0x00000000eab00000,0x00000000eab00000,0x00000000ec380000)
  from space 3072K, 84% used [0x00000000ec400000,0x00000000ec686c08,0x00000000ec700000)
  to   space 4096K, 0% used [0x00000000ec780000,0x00000000ec780000,0x00000000ecb80000)
 ParOldGen       total 68608K, used 10490K [0x00000000c0000000, 0x00000000c4300000, 0x00000000eab00000)
  object space 68608K, 15% used [0x00000000c0000000,0x00000000c0a3ea40,0x00000000c4300000)
 Metaspace       used 24421K, committed 24896K, reserved 1073152K
  class space    used 2471K, committed 2688K, reserved 1048576K
}
Event: 8.744 GC heap before
{Heap before GC invocations=7 (full 1):
 PSYoungGen      total 28160K, used 27675K [0x00000000eab00000, 0x00000000ecb80000, 0x0000000100000000)
  eden space 25088K, 100% used [0x00000000eab00000,0x00000000ec380000,0x00000000ec380000)
  from space 3072K, 84% used [0x00000000ec400000,0x00000000ec686c08,0x00000000ec700000)
  to   space 4096K, 0% used [0x00000000ec780000,0x00000000ec780000,0x00000000ecb80000)
 ParOldGen       total 68608K, used 10490K [0x00000000c0000000, 0x00000000c4300000, 0x00000000eab00000)
  object space 68608K, 15% used [0x00000000c0000000,0x00000000c0a3ea40,0x00000000c4300000)
 Metaspace       used 27671K, committed 28224K, reserved 1081344K
  class space    used 2715K, committed 2944K, reserved 1048576K
}
Event: 8.748 GC heap after
{Heap after GC invocations=7 (full 1):
 PSYoungGen      total 28160K, used 3301K [0x00000000eab00000, 0x00000000ecb00000, 0x0000000100000000)
  eden space 24576K, 0% used [0x00000000eab00000,0x00000000eab00000,0x00000000ec300000)
  from space 3584K, 92% used [0x00000000ec780000,0x00000000ecab96a0,0x00000000ecb00000)
  to   space 3584K, 0% used [0x00000000ec400000,0x00000000ec400000,0x00000000ec780000)
 ParOldGen       total 68608K, used 10490K [0x00000000c0000000, 0x00000000c4300000, 0x00000000eab00000)
  object space 68608K, 15% used [0x00000000c0000000,0x00000000c0a3ea40,0x00000000c4300000)
 Metaspace       used 27671K, committed 28224K, reserved 1081344K
  class space    used 2715K, committed 2944K, reserved 1048576K
}
Event: 10.000 GC heap before
{Heap before GC invocations=8 (full 1):
 PSYoungGen      total 28160K, used 27852K [0x00000000eab00000, 0x00000000ecb00000, 0x0000000100000000)
  eden space 24576K, 99% used [0x00000000eab00000,0x00000000ec2f9c00,0x00000000ec300000)
  from space 3584K, 92% used [0x00000000ec780000,0x00000000ecab96a0,0x00000000ecb00000)
  to   space 3584K, 0% used [0x00000000ec400000,0x00000000ec400000,0x00000000ec780000)
 ParOldGen       total 68608K, used 10490K [0x00000000c0000000, 0x00000000c4300000, 0x00000000eab00000)
  object space 68608K, 15% used [0x00000000c0000000,0x00000000c0a3ea40,0x00000000c4300000)
 Metaspace       used 30676K, committed 31232K, reserved 1081344K
  class space    used 3011K, committed 3264K, reserved 1048576K
}
Event: 10.006 GC heap after
{Heap after GC invocations=8 (full 1):
 PSYoungGen      total 26624K, used 2533K [0x00000000eab00000, 0x00000000ec880000, 0x0000000100000000)
  eden space 24064K, 0% used [0x00000000eab00000,0x00000000eab00000,0x00000000ec280000)
  from space 2560K, 98% used [0x00000000ec400000,0x00000000ec679630,0x00000000ec680000)
  to   space 2048K, 0% used [0x00000000ec680000,0x00000000ec680000,0x00000000ec880000)
 ParOldGen       total 68608K, used 10490K [0x00000000c0000000, 0x00000000c4300000, 0x00000000eab00000)
  object space 68608K, 15% used [0x00000000c0000000,0x00000000c0a3ea40,0x00000000c4300000)
 Metaspace       used 30676K, committed 31232K, reserved 1081344K
  class space    used 3011K, committed 3264K, reserved 1048576K
}

Deoptimization events (20 events):
Event: 10.490 Thread 0x0000024f3a5fff40 DEOPT PACKING pc=0x0000024f2f2b8b10 sp=0x0000006f695fd3c0
Event: 10.490 Thread 0x0000024f3a5fff40 DEOPT UNPACKING pc=0x0000024f276f20a3 sp=0x0000006f695fd388 mode 2
Event: 10.552 Thread 0x0000024f3a5fff40 Uncommon trap: trap_request=0xffffff45 fr.pc=0x0000024f2f2be4c4 relative=0x0000000000000124
Event: 10.552 Thread 0x0000024f3a2f4510 Uncommon trap: trap_request=0xffffff45 fr.pc=0x0000024f2f2c002c relative=0x000000000000052c
Event: 10.552 Thread 0x0000024f3a5fff40 Uncommon trap: reason=unstable_if action=reinterpret pc=0x0000024f2f2be4c4 method=java.util.concurrent.locks.ReentrantReadWriteLock$Sync.tryReleaseShared(I)Z @ 129 c2
Event: 10.552 Thread 0x0000024f3a2f4510 Uncommon trap: reason=unstable_if action=reinterpret pc=0x0000024f2f2c002c method=java.util.concurrent.locks.ReentrantReadWriteLock$Sync.tryAcquireShared(I)I @ 118 c2
Event: 10.552 Thread 0x0000024f3a5fff40 DEOPT PACKING pc=0x0000024f2f2be4c4 sp=0x0000006f695fd740
Event: 10.552 Thread 0x0000024f3a2f4510 DEOPT PACKING pc=0x0000024f2f2c002c sp=0x0000006f68ffd400
Event: 10.552 Thread 0x0000024f3a5fff40 DEOPT UNPACKING pc=0x0000024f276f20a3 sp=0x0000006f695fd6c8 mode 2
Event: 10.552 Thread 0x0000024f3a2f4510 DEOPT UNPACKING pc=0x0000024f276f20a3 sp=0x0000006f68ffd358 mode 2
Event: 10.552 Thread 0x0000024f3a5fff40 Uncommon trap: trap_request=0xffffff45 fr.pc=0x0000024f2f2bf12c relative=0x00000000000004ac
Event: 10.552 Thread 0x0000024f3a5fff40 Uncommon trap: reason=unstable_if action=reinterpret pc=0x0000024f2f2bf12c method=java.util.concurrent.locks.ReentrantReadWriteLock$Sync.tryAcquireShared(I)I @ 118 c2
Event: 10.552 Thread 0x0000024f3a5fff40 DEOPT PACKING pc=0x0000024f2f2bf12c sp=0x0000006f695fd5d0
Event: 10.552 Thread 0x0000024f3a5fff40 DEOPT UNPACKING pc=0x0000024f276f20a3 sp=0x0000006f695fd580 mode 2
Event: 10.675 Thread 0x0000024f3a5fff40 DEOPT PACKING pc=0x0000024f28104a4e sp=0x0000006f695fde00
Event: 10.675 Thread 0x0000024f3a5fff40 DEOPT UNPACKING pc=0x0000024f276f2843 sp=0x0000006f695fd248 mode 0
Event: 10.721 Thread 0x0000024f3a5fec00 Uncommon trap: trap_request=0xffffff45 fr.pc=0x0000024f2f2421b4 relative=0x0000000000000114
Event: 10.721 Thread 0x0000024f3a5fec00 Uncommon trap: reason=unstable_if action=reinterpret pc=0x0000024f2f2421b4 method=jdk.internal.org.objectweb.asm.SymbolTable.put(Ljdk/internal/org/objectweb/asm/SymbolTable$Entry;)Ljdk/internal/org/objectweb/asm/SymbolTable$Entry; @ 13 c2
Event: 10.721 Thread 0x0000024f3a5fec00 DEOPT PACKING pc=0x0000024f2f2421b4 sp=0x0000006f696fd340
Event: 10.721 Thread 0x0000024f3a5fec00 DEOPT UNPACKING pc=0x0000024f276f20a3 sp=0x0000006f696fd2a0 mode 2

Classes unloaded (7 events):
Event: 6.625 Thread 0x0000024f3875c220 Unloading class 0x000000010021c800 'java/lang/invoke/LambdaForm$MH+0x000000010021c800'
Event: 6.625 Thread 0x0000024f3875c220 Unloading class 0x000000010021c400 'java/lang/invoke/LambdaForm$MH+0x000000010021c400'
Event: 6.625 Thread 0x0000024f3875c220 Unloading class 0x000000010021c000 'java/lang/invoke/LambdaForm$MH+0x000000010021c000'
Event: 6.625 Thread 0x0000024f3875c220 Unloading class 0x000000010021bc00 'java/lang/invoke/LambdaForm$MH+0x000000010021bc00'
Event: 6.625 Thread 0x0000024f3875c220 Unloading class 0x000000010021b400 'java/lang/invoke/LambdaForm$BMH+0x000000010021b400'
Event: 6.625 Thread 0x0000024f3875c220 Unloading class 0x000000010021b000 'java/lang/invoke/LambdaForm$DMH+0x000000010021b000'
Event: 6.625 Thread 0x0000024f3875c220 Unloading class 0x0000000100218400 'java/lang/invoke/LambdaForm$DMH+0x0000000100218400'

Classes redefined (0 events):
No events

Internal exceptions (20 events):
Event: 6.099 Thread 0x0000024f3a2f4510 Exception <a 'java/lang/NoSuchMethodError'{0x00000000eb2569f8}: 'int java.lang.invoke.DirectMethodHandle$Holder.invokeSpecial(java.lang.Object, java.lang.Object, java.lang.Object)'> (0x00000000eb2569f8) 
thrown [e:\jenkins\tmp\workspace\build\src\src\hotspot\share\interpreter\linkResolver.cpp, line 766]
Event: 6.101 Thread 0x0000024f3a2f4510 Exception <a 'java/lang/NoSuchMethodError'{0x00000000eb266fe8}: 'int java.lang.invoke.DirectMethodHandle$Holder.invokeStatic(java.lang.Object, java.lang.Object, int)'> (0x00000000eb266fe8) 
thrown [e:\jenkins\tmp\workspace\build\src\src\hotspot\share\interpreter\linkResolver.cpp, line 766]
Event: 6.101 Thread 0x0000024f3a2f4510 Exception <a 'java/lang/NoSuchMethodError'{0x00000000eb26b010}: 'int java.lang.invoke.DirectMethodHandle$Holder.invokeSpecial(java.lang.Object, java.lang.Object, java.lang.Object, int)'> (0x00000000eb26b010) 
thrown [e:\jenkins\tmp\workspace\build\src\src\hotspot\share\interpreter\linkResolver.cpp, line 766]
Event: 6.105 Thread 0x0000024f3a2f4510 Exception <a 'java/lang/NoSuchMethodError'{0x00000000eb285cf0}: 'java.lang.Object java.lang.invoke.DirectMethodHandle$Holder.invokeStatic(java.lang.Object, java.lang.Object, java.lang.Object, java.lang.Object, int)'> (0x00000000eb285cf0) 
thrown [e:\jenkins\tmp\workspace\build\src\src\hotspot\share\interpreter\linkResolver.cpp, line 766]
Event: 6.109 Thread 0x0000024f3a2f4510 Exception <a 'java/lang/NoSuchMethodError'{0x00000000eb291ce8}: 'java.lang.Object java.lang.invoke.DelegatingMethodHandle$Holder.reinvoke_L(java.lang.Object, java.lang.Object, java.lang.Object, java.lang.Object, int, int)'> (0x00000000eb291ce8) 
thrown [e:\jenkins\tmp\workspace\build\src\src\hotspot\share\interpreter\linkResolver.cpp, line 766]
Event: 6.114 Thread 0x0000024f3a2f4510 Exception <a 'java/lang/NoSuchMethodError'{0x00000000eb2a99d0}: 'java.lang.Object java.lang.invoke.Invokers$Holder.invokeExact_MT(java.lang.Object, java.lang.Object, java.lang.Object, java.lang.Object)'> (0x00000000eb2a99d0) 
thrown [e:\jenkins\tmp\workspace\build\src\src\hotspot\share\interpreter\linkResolver.cpp, line 766]
Event: 6.584 Thread 0x0000024f3a2f4510 Exception <a 'java/lang/NoSuchMethodError'{0x00000000ebaa3fc0}: 'int java.lang.invoke.DirectMethodHandle$Holder.invokeStaticInit(java.lang.Object, java.lang.Object, java.lang.Object)'> (0x00000000ebaa3fc0) 
thrown [e:\jenkins\tmp\workspace\build\src\src\hotspot\share\interpreter\linkResolver.cpp, line 766]
Event: 6.672 Thread 0x0000024f3a2f4510 Exception <a 'java/lang/IncompatibleClassChangeError'{0x00000000eab9b960}: Found class java.lang.Object, but interface was expected> (0x00000000eab9b960) 
thrown [e:\jenkins\tmp\workspace\build\src\src\hotspot\share\interpreter\linkResolver.cpp, line 833]
Event: 7.639 Thread 0x0000024f3a2f4510 Exception <a 'java/io/FileNotFoundException'{0x00000000eb605908}> (0x00000000eb605908) 
thrown [e:\jenkins\tmp\workspace\build\src\src\hotspot\share\prims\jni.cpp, line 516]
Event: 7.722 Thread 0x0000024f3a2f4510 Exception <a 'java/lang/NoSuchMethodError'{0x00000000eba69178}: 'void java.lang.invoke.DirectMethodHandle$Holder.invokeSpecial(java.lang.Object, java.lang.Object, java.lang.Object, int)'> (0x00000000eba69178) 
thrown [e:\jenkins\tmp\workspace\build\src\src\hotspot\share\interpreter\linkResolver.cpp, line 766]
Event: 7.828 Thread 0x0000024f3a5fff40 Exception <a 'java/lang/NoSuchMethodError'{0x00000000eace28f8}: 'int java.lang.invoke.DirectMethodHandle$Holder.invokeVirtual(java.lang.Object, java.lang.Object)'> (0x00000000eace28f8) 
thrown [e:\jenkins\tmp\workspace\build\src\src\hotspot\share\interpreter\linkResolver.cpp, line 766]
Event: 8.336 Thread 0x0000024f3a2f4510 Exception <a 'java/io/FileNotFoundException'{0x00000000eb4913f8}> (0x00000000eb4913f8) 
thrown [e:\jenkins\tmp\workspace\build\src\src\hotspot\share\prims\jni.cpp, line 516]
Event: 8.336 Thread 0x0000024f3a2f4510 Exception <a 'java/io/FileNotFoundException'{0x00000000eb492208}> (0x00000000eb492208) 
thrown [e:\jenkins\tmp\workspace\build\src\src\hotspot\share\prims\jni.cpp, line 516]
Event: 8.336 Thread 0x0000024f3a2f4510 Exception <a 'java/io/FileNotFoundException'{0x00000000eb493028}> (0x00000000eb493028) 
thrown [e:\jenkins\tmp\workspace\build\src\src\hotspot\share\prims\jni.cpp, line 516]
Event: 9.246 Thread 0x0000024f3a5fec00 Exception <a 'java/lang/NoSuchMethodError'{0x00000000eaf82120}: 'java.lang.Object java.lang.invoke.DirectMethodHandle$Holder.newInvokeSpecial(java.lang.Object, java.lang.Object, java.lang.Object, java.lang.Object, java.lang.Object)'> (0x00000000eaf82120) 
thrown [e:\jenkins\tmp\workspace\build\src\src\hotspot\share\interpreter\linkResolver.cpp, line 766]
Event: 9.812 Thread 0x0000024f3a2f4510 Exception <a 'java/lang/ClassNotFoundException'{0x00000000ec210e48}: com/sun/org/apache/xerces/internal/impl/msg/spi/DOMMessagesProvider> (0x00000000ec210e48) 
thrown [e:\jenkins\tmp\workspace\build\src\src\hotspot\share\classfile\systemDictionary.cpp, line 256]
Event: 10.013 Thread 0x0000024f3a2f4510 Exception <a 'java/lang/ClassNotFoundException'{0x00000000eab0e580}: com/sun/org/apache/xerces/internal/impl/msg/spi/XMLSerializerMessagesProvider> (0x00000000eab0e580) 
thrown [e:\jenkins\tmp\workspace\build\src\src\hotspot\share\classfile\systemDictionary.cpp, line 256]
Event: 10.019 Thread 0x0000024f3a2f4510 Exception <a 'java/lang/ClassNotFoundException'{0x00000000eab1b858}: com/sun/org/apache/xerces/internal/impl/msg/spi/XMLMessagesProvider> (0x00000000eab1b858) 
thrown [e:\jenkins\tmp\workspace\build\src\src\hotspot\share\classfile\systemDictionary.cpp, line 256]
Event: 10.528 Thread 0x0000024f3a2f4510 Exception <a 'sun/nio/fs/WindowsException'{0x00000000eb3e7f18}> (0x00000000eb3e7f18) 
thrown [e:\jenkins\tmp\workspace\build\src\src\hotspot\share\prims\jni.cpp, line 516]
Event: 10.646 Thread 0x0000024f3a2f4510 Exception <a 'java/lang/NoSuchMethodError'{0x00000000eb7371b8}: 'java.lang.Object java.lang.invoke.DirectMethodHandle$Holder.invokeStaticInit(java.lang.Object, int, int, int, int)'> (0x00000000eb7371b8) 
thrown [e:\jenkins\tmp\workspace\build\src\src\hotspot\share\interpreter\linkResolver.cpp, line 766]

VM Operations (20 events):
Event: 7.714 Executing VM operation: HandshakeAllThreads
Event: 7.714 Executing VM operation: HandshakeAllThreads done
Event: 8.153 Executing VM operation: ParallelGCFailedAllocation
Event: 8.159 Executing VM operation: ParallelGCFailedAllocation done
Event: 8.744 Executing VM operation: ParallelGCFailedAllocation
Event: 8.750 Executing VM operation: ParallelGCFailedAllocation done
Event: 9.272 Executing VM operation: HandshakeAllThreads
Event: 9.272 Executing VM operation: HandshakeAllThreads done
Event: 9.776 Executing VM operation: HandshakeAllThreads
Event: 9.789 Executing VM operation: HandshakeAllThreads done
Event: 9.789 Executing VM operation: Cleanup
Event: 9.789 Executing VM operation: Cleanup done
Event: 9.991 Executing VM operation: ParallelGCFailedAllocation
Event: 10.139 Executing VM operation: ParallelGCFailedAllocation done
Event: 10.564 Executing VM operation: HandshakeAllThreads
Event: 10.627 Executing VM operation: HandshakeAllThreads done
Event: 10.735 Executing VM operation: HandshakeAllThreads
Event: 10.744 Executing VM operation: HandshakeAllThreads done
Event: 10.744 Executing VM operation: HandshakeAllThreads
Event: 10.744 Executing VM operation: HandshakeAllThreads done

Events (20 events):
Event: 10.681 loading class sun/reflect/generics/repository/AbstractRepository
Event: 10.682 loading class sun/reflect/generics/repository/AbstractRepository done
Event: 10.682 loading class sun/reflect/generics/repository/GenericDeclRepository done
Event: 10.682 loading class sun/reflect/generics/repository/ClassRepository done
Event: 10.682 loading class sun/reflect/generics/tree/FormalTypeParameter
Event: 10.682 loading class sun/reflect/generics/tree/FormalTypeParameter done
Event: 10.682 loading class sun/reflect/generics/tree/ClassSignature
Event: 10.682 loading class sun/reflect/generics/tree/Signature
Event: 10.682 loading class sun/reflect/generics/tree/Signature done
Event: 10.682 loading class sun/reflect/generics/tree/ClassSignature done
Event: 10.682 loading class java/lang/reflect/WildcardType
Event: 10.682 loading class java/lang/reflect/WildcardType done
Event: 10.684 loading class sun/reflect/generics/tree/TypeVariableSignature
Event: 10.684 loading class sun/reflect/generics/tree/TypeVariableSignature done
Event: 10.743 loading class java/net/NetworkInterface$1
Event: 10.743 loading class java/net/NetworkInterface$1 done
Event: 10.753 loading class java/math/BigDecimal
Event: 10.756 loading class java/math/BigDecimal done
Event: 10.756 loading class java/lang/Short$ShortCache
Event: 10.756 loading class java/lang/Short$ShortCache done


Dynamic libraries:
0x00007ff6155c0000 - 0x00007ff6155ce000 	c:\Users\gilbe\.vscode\extensions\redhat.java-1.9.0-win32-x64\jre\17.0.3-win32-x86_64\bin\java.exe
0x00007ff8b7ed0000 - 0x00007ff8b80c8000 	C:\windows\SYSTEM32\ntdll.dll
0x00007ff8b7510000 - 0x00007ff8b75cd000 	C:\windows\System32\KERNEL32.DLL
0x00007ff8b5940000 - 0x00007ff8b5c0e000 	C:\windows\System32\KERNELBASE.dll
0x00007ff8b5de0000 - 0x00007ff8b5ee0000 	C:\windows\System32\ucrtbase.dll
0x00007ff8aea20000 - 0x00007ff8aea38000 	c:\Users\gilbe\.vscode\extensions\redhat.java-1.9.0-win32-x64\jre\17.0.3-win32-x86_64\bin\jli.dll
0x00007ff8ad430000 - 0x00007ff8ad449000 	c:\Users\gilbe\.vscode\extensions\redhat.java-1.9.0-win32-x64\jre\17.0.3-win32-x86_64\bin\VCRUNTIME140.dll
0x00007ff89edf0000 - 0x00007ff89f08a000 	C:\windows\WinSxS\amd64_microsoft.windows.common-controls_6595b64144ccf1df_6.0.19041.1110_none_60b5254171f9507e\COMCTL32.dll
0x00007ff8b5f40000 - 0x00007ff8b60e0000 	C:\windows\System32\USER32.dll
0x00007ff8b7ab0000 - 0x00007ff8b7b4e000 	C:\windows\System32\msvcrt.dll
0x00007ff8b5910000 - 0x00007ff8b5932000 	C:\windows\System32\win32u.dll
0x00007ff8b7df0000 - 0x00007ff8b7e1a000 	C:\windows\System32\GDI32.dll
0x00007ff8b5cd0000 - 0x00007ff8b5ddb000 	C:\windows\System32\gdi32full.dll
0x00007ff8b57c0000 - 0x00007ff8b585d000 	C:\windows\System32\msvcp_win.dll
0x00007ff8b7720000 - 0x00007ff8b7750000 	C:\windows\System32\IMM32.DLL
0x00007ff8ad620000 - 0x00007ff8ad62c000 	c:\Users\gilbe\.vscode\extensions\redhat.java-1.9.0-win32-x64\jre\17.0.3-win32-x86_64\bin\vcruntime140_1.dll
0x00007ff887b10000 - 0x00007ff887ba1000 	c:\Users\gilbe\.vscode\extensions\redhat.java-1.9.0-win32-x64\jre\17.0.3-win32-x86_64\bin\msvcp140.dll
0x00007ff875b60000 - 0x00007ff8767a8000 	c:\Users\gilbe\.vscode\extensions\redhat.java-1.9.0-win32-x64\jre\17.0.3-win32-x86_64\bin\server\jvm.dll
0x00007ff8b63f0000 - 0x00007ff8b649e000 	C:\windows\System32\ADVAPI32.dll
0x00007ff8b7470000 - 0x00007ff8b750c000 	C:\windows\System32\sechost.dll
0x00007ff8b7210000 - 0x00007ff8b7335000 	C:\windows\System32\RPCRT4.dll
0x00007ff8b5f30000 - 0x00007ff8b5f38000 	C:\windows\System32\PSAPI.DLL
0x00007ff8ad5e0000 - 0x00007ff8ad5e9000 	C:\windows\SYSTEM32\WSOCK32.dll
0x00007ff8ac360000 - 0x00007ff8ac387000 	C:\windows\SYSTEM32\WINMM.dll
0x00007ff8b7140000 - 0x00007ff8b71ab000 	C:\windows\System32\WS2_32.dll
0x00007ff8ac390000 - 0x00007ff8ac39a000 	C:\windows\SYSTEM32\VERSION.dll
0x00007ff8b34f0000 - 0x00007ff8b3502000 	C:\windows\SYSTEM32\kernel.appcore.dll
0x00007ff8ad3b0000 - 0x00007ff8ad3ba000 	c:\Users\gilbe\.vscode\extensions\redhat.java-1.9.0-win32-x64\jre\17.0.3-win32-x86_64\bin\jimage.dll
0x00007ff89fd40000 - 0x00007ff89ff24000 	C:\windows\SYSTEM32\DBGHELP.DLL
0x00007ff89a020000 - 0x00007ff89a04c000 	C:\windows\SYSTEM32\dbgcore.DLL
0x00007ff8b5c10000 - 0x00007ff8b5c92000 	C:\windows\System32\bcryptPrimitives.dll
0x00007ff8ad3a0000 - 0x00007ff8ad3ae000 	c:\Users\gilbe\.vscode\extensions\redhat.java-1.9.0-win32-x64\jre\17.0.3-win32-x86_64\bin\instrument.dll
0x00007ff8ad350000 - 0x00007ff8ad375000 	c:\Users\gilbe\.vscode\extensions\redhat.java-1.9.0-win32-x64\jre\17.0.3-win32-x86_64\bin\java.dll
0x00007ff8ad330000 - 0x00007ff8ad348000 	c:\Users\gilbe\.vscode\extensions\redhat.java-1.9.0-win32-x64\jre\17.0.3-win32-x86_64\bin\zip.dll
0x00007ff8b6500000 - 0x00007ff8b6c44000 	C:\windows\System32\SHELL32.dll
0x00007ff8b36f0000 - 0x00007ff8b3e84000 	C:\windows\SYSTEM32\windows.storage.dll
0x00007ff8b7750000 - 0x00007ff8b7aa4000 	C:\windows\System32\combase.dll
0x00007ff8b4f80000 - 0x00007ff8b4fb0000 	C:\windows\SYSTEM32\Wldp.dll
0x00007ff8b6290000 - 0x00007ff8b633d000 	C:\windows\System32\SHCORE.dll
0x00007ff8b64a0000 - 0x00007ff8b64f5000 	C:\windows\System32\shlwapi.dll
0x00007ff8b5530000 - 0x00007ff8b554f000 	C:\windows\SYSTEM32\profapi.dll
0x00007ff8ad2f0000 - 0x00007ff8ad309000 	C:\Users\gilbe\.vscode\extensions\redhat.java-1.9.0-win32-x64\jre\17.0.3-win32-x86_64\bin\net.dll
0x00007ff8a6530000 - 0x00007ff8a663a000 	C:\windows\SYSTEM32\WINHTTP.dll
0x00007ff8b4ce0000 - 0x00007ff8b4d4a000 	C:\windows\system32\mswsock.dll
0x00007ff8ad0c0000 - 0x00007ff8ad0d5000 	C:\Users\gilbe\.vscode\extensions\redhat.java-1.9.0-win32-x64\jre\17.0.3-win32-x86_64\bin\nio.dll
0x00007ff8ad320000 - 0x00007ff8ad330000 	c:\Users\gilbe\.vscode\extensions\redhat.java-1.9.0-win32-x64\jre\17.0.3-win32-x86_64\bin\verify.dll
0x00007ff890a80000 - 0x00007ff890abe000 	C:\Users\gilbe\AppData\Roaming\Code\User\globalStorage\redhat.java\1.9.0\config_win\org.eclipse.equinox.launcher\org.eclipse.equinox.launcher.win32.win32.x86_64_1.2.500.v20220509-0833\eclipse_11700.dll
0x00007ff8b7cc0000 - 0x00007ff8b7dea000 	C:\windows\System32\ole32.dll
0x00007ff8b4ed0000 - 0x00007ff8b4ee8000 	C:\windows\SYSTEM32\CRYPTSP.dll
0x00007ff8b4660000 - 0x00007ff8b4694000 	C:\windows\system32\rsaenh.dll
0x00007ff8b5ca0000 - 0x00007ff8b5cc7000 	C:\windows\System32\bcrypt.dll
0x00007ff8b54b0000 - 0x00007ff8b54de000 	C:\windows\SYSTEM32\USERENV.dll
0x00007ff8b4ef0000 - 0x00007ff8b4efc000 	C:\windows\SYSTEM32\CRYPTBASE.dll
0x00007ff8b49d0000 - 0x00007ff8b4a0b000 	C:\windows\SYSTEM32\IPHLPAPI.DLL
0x00007ff8b7e80000 - 0x00007ff8b7e88000 	C:\windows\System32\NSI.dll
0x00007ff8a9a30000 - 0x00007ff8a9a47000 	C:\windows\SYSTEM32\dhcpcsvc6.DLL
0x00007ff8a9da0000 - 0x00007ff8a9dbd000 	C:\windows\SYSTEM32\dhcpcsvc.DLL
0x00007ff8b4a10000 - 0x00007ff8b4adb000 	C:\windows\SYSTEM32\DNSAPI.dll

dbghelp: loaded successfully - version: 4.0.5 - missing functions: none
symbol engine: initialized successfully - sym options: 0x614 - pdb path: .;c:\Users\gilbe\.vscode\extensions\redhat.java-1.9.0-win32-x64\jre\17.0.3-win32-x86_64\bin;C:\windows\SYSTEM32;C:\windows\WinSxS\amd64_microsoft.windows.common-controls_6595b64144ccf1df_6.0.19041.1110_none_60b5254171f9507e;c:\Users\gilbe\.vscode\extensions\redhat.java-1.9.0-win32-x64\jre\17.0.3-win32-x86_64\bin\server;C:\Users\gilbe\AppData\Roaming\Code\User\globalStorage\redhat.java\1.9.0\config_win\org.eclipse.equinox.launcher\org.eclipse.equinox.launcher.win32.win32.x86_64_1.2.500.v20220509-0833

VM Arguments:
jvm_args: --add-modules=ALL-SYSTEM --add-opens=java.base/java.util=ALL-UNNAMED --add-opens=java.base/java.lang=ALL-UNNAMED --add-opens=java.base/sun.nio.fs=ALL-UNNAMED -Declipse.application=org.eclipse.jdt.ls.core.id1 -Dosgi.bundles.defaultStartLevel=4 -Declipse.product=org.eclipse.jdt.ls.core.product -Djava.import.generatesMetadataFilesAtProjectRoot=false -Dfile.encoding=utf8 -DwatchParentProcess=false -XX:+UseParallelGC -XX:GCTimeRatio=4 -XX:AdaptiveSizePolicyWeight=90 -Dsun.zip.disableMemoryMapping=true -Xmx1G -Xms100m -javaagent:c:\Users\gilbe\.vscode\extensions\redhat.java-1.9.0-win32-x64\lombok\lombok-1.18.24.jar -XX:+HeapDumpOnOutOfMemoryError -XX:HeapDumpPath=c:\Users\gilbe\AppData\Roaming\Code\User\workspaceStorage\6855dac74c9501bda7c68a02d3bf8714\redhat.java 
java_command: c:\Users\gilbe\.vscode\extensions\redhat.java-1.9.0-win32-x64\server\plugins\org.eclipse.equinox.launcher_1.6.400.v20210924-0641.jar -configuration c:\Users\gilbe\AppData\Roaming\Code\User\globalStorage\redhat.java\1.9.0\config_win -data c:\Users\gilbe\AppData\Roaming\Code\User\workspaceStorage\6855dac74c9501bda7c68a02d3bf8714\redhat.java\jdt_ws
java_class_path (initial): c:\Users\gilbe\.vscode\extensions\redhat.java-1.9.0-win32-x64\server\plugins\org.eclipse.equinox.launcher_1.6.400.v20210924-0641.jar
Launcher Type: SUN_STANDARD

[Global flags]
    uintx AdaptiveSizePolicyWeight                 = 90                                        {product} {command line}
     intx CICompilerCount                          = 2                                         {product} {ergonomic}
    uintx GCTimeRatio                              = 4                                         {product} {command line}
     bool HeapDumpOnOutOfMemoryError               = true                                   {manageable} {command line}
    ccstr HeapDumpPath                             = c:\Users\gilbe\AppData\Roaming\Code\User\workspaceStorage\6855dac74c9501bda7c68a02d3bf8714\redhat.java         {manageable} {command line}
   size_t InitialHeapSize                          = 104857600                                 {product} {command line}
   size_t MaxHeapSize                              = 1073741824                                {product} {command line}
   size_t MaxNewSize                               = 357564416                                 {product} {ergonomic}
   size_t MinHeapDeltaBytes                        = 524288                                    {product} {ergonomic}
   size_t MinHeapSize                              = 104857600                                 {product} {command line}
   size_t NewSize                                  = 34603008                                  {product} {ergonomic}
    uintx NonNMethodCodeHeapSize                   = 5826188                                {pd product} {ergonomic}
    uintx NonProfiledCodeHeapSize                  = 122916026                              {pd product} {ergonomic}
   size_t OldSize                                  = 70254592                                  {product} {ergonomic}
    uintx ProfiledCodeHeapSize                     = 122916026                              {pd product} {ergonomic}
    uintx ReservedCodeCacheSize                    = 251658240                              {pd product} {ergonomic}
     bool SegmentedCodeCache                       = true                                      {product} {ergonomic}
   size_t SoftMaxHeapSize                          = 1073741824                             {manageable} {ergonomic}
     bool UseCompressedClassPointers               = true                           {product lp64_product} {ergonomic}
     bool UseCompressedOops                        = true                           {product lp64_product} {ergonomic}
     bool UseLargePagesIndividualAllocation        = false                                  {pd product} {ergonomic}
     bool UseParallelGC                            = true                                      {product} {command line}

Logging:
Log output configuration:
 #0: stdout all=warning uptime,level,tags
 #1: stderr all=off uptime,level,tags

Environment Variables:
PATH=C:\Program Files (x86)\Common Files\Oracle\Java\javapath;C:\windows\system32;C:\windows;C:\windows\System32\Wbem;C:\windows\System32\WindowsPowerShell\v1.0\;C:\windows\System32\OpenSSH\;C:\Program Files\nodejs\;C:\ProgramData\chocolatey\bin;C:\Users\gilbe\AppData\Local\Programs\Python\Python310\Scripts\;C:\Users\gilbe\AppData\Local\Programs\Python\Python310\;C:\Users\gilbe\AppData\Local\Microsoft\WindowsApps;C:\Users\gilbe\AppData\Local\Programs\Microsoft VS Code\bin;C:\Users\gilbe\AppData\Roaming\npm;C:\Program Files\Java\jdk1.8.0_311\bin;C:\Program Files\Java\jre1.8.0_341\bin;
USERNAME=gilbe
OS=Windows_NT
PROCESSOR_IDENTIFIER=AMD64 Family 23 Model 24 Stepping 1, AuthenticAMD



---------------  S Y S T E M  ---------------

OS:
 Windows 10 , 64 bit Build 19041 (10.0.19041.1806)
OS uptime: 23 days 21:35 hours

CPU: total 2 (initial active 2) (2 cores per cpu, 1 threads per core) family 23 model 24 stepping 1 microcode 0x0, cx8, cmov, fxsr, mmx, 3dnowpref, sse, sse2, sse3, ssse3, sse4a, sse4.1, sse4.2, popcnt, lzcnt, tsc, tscinvbit, avx, avx2, aes, clmul, bmi1, bmi2, adx, sha, fma, vzeroupper, clflush, clflushopt

Memory: 4k page, system-wide physical 3463M (14M free)
TotalPageFile size 14215M (AvailPageFile size 0M)
current process WorkingSet (physical memory assigned to process): 154M, peak: 156M
current process commit charge ("private bytes"): 239M, peak: 243M

vm_info: OpenJDK 64-Bit Server VM (17.0.3+7) for windows-amd64 JRE (17.0.3+7), built on Apr 19 2022 16:55:35 by "" with MS VC++ 16.7 (VS2019)

END.
