#
# There is insufficient memory for the Java Runtime Environment to continue.
# Native memory allocation (mmap) failed to map 179306496 bytes for G1 virtual space
# Possible reasons:
#   The system is out of physical RAM or swap space
#   The process is running with CompressedOops enabled, and the Java Heap may be blocking the growth of the native heap
# Possible solutions:
#   Reduce memory load on the system
#   Increase physical memory or swap space
#   Check if swap backing store is full
#   Decrease Java heap size (-Xmx/-Xms)
#   Decrease number of Java threads
#   Decrease Java thread stack sizes (-Xss)
#   Set larger code cache with -XX:ReservedCodeCacheSize=
#   JVM is running with Unscaled Compressed Oops mode in which the Java heap is
#     placed in the first 4GB address space. The Java Heap base address is the
#     maximum limit for the native heap growth. Please use -XX:HeapBaseMinAddress
#     to set the Java Heap base and to place the Java Heap above 4GB virtual address.
# This output file may be truncated or incomplete.
#
#  Out of Memory Error (os_windows.cpp:3535), pid=9880, tid=7616
#
# JRE version: OpenJDK Runtime Environment Temurin-17.0.3+7 (17.0.3+7) (build 17.0.3+7)
# Java VM: OpenJDK 64-Bit Server VM Temurin-17.0.3+7 (17.0.3+7, mixed mode, emulated-client, tiered, compressed oops, compressed class ptrs, g1 gc, windows-amd64)
# No core dump will be written. Minidumps are not enabled by default on client versions of Windows
#

---------------  S U M M A R Y ------------

Command Line: -Dsts.lsp.client=vscode -Dsts.log.file=/dev/null -XX:TieredStopAtLevel=1 -Dspring.config.location=file:c:\Users\gilbe\.vscode\extensions\pivotal.vscode-spring-boot-1.37.0\language-server\BOOT-INF\classes\application.properties org.springframework.ide.vscode.boot.app.BootLanguageServerBootApp

Host: AMD Athlon Silver 3050U with Radeon Graphics   , 2 cores, 3G,  Windows 10 , 64 bit Build 19041 (10.0.19041.1806)
Time: Wed Aug 10 15:12:22 2022 Central Daylight Time elapsed time: 18.365941 seconds (0d 0h 0m 18s)

---------------  T H R E A D  ---------------

Current thread (0x0000022b39efec80):  VMThread "VM Thread" [stack: 0x000000fca0000000,0x000000fca0100000] [id=7616]

Stack: [0x000000fca0000000,0x000000fca0100000]
Native frames: (J=compiled Java code, j=interpreted, Vv=VM code, C=native code)
V  [jvm.dll+0x675efa]
V  [jvm.dll+0x830a24]
V  [jvm.dll+0x8321ce]
V  [jvm.dll+0x832833]
V  [jvm.dll+0x2454b5]
V  [jvm.dll+0x672de9]
V  [jvm.dll+0x667732]
V  [jvm.dll+0x3043ab]
V  [jvm.dll+0x30b8f6]
V  [jvm.dll+0x35b62e]
V  [jvm.dll+0x35b85f]
V  [jvm.dll+0x2db248]
V  [jvm.dll+0x2d94fc]
V  [jvm.dll+0x2d8acc]
V  [jvm.dll+0x31ca2b]
V  [jvm.dll+0x836cdb]
V  [jvm.dll+0x837a14]
V  [jvm.dll+0x837f2c]
V  [jvm.dll+0x838304]
V  [jvm.dll+0x8383d0]
V  [jvm.dll+0x7e0cfa]
V  [jvm.dll+0x674d85]
C  [ucrtbase.dll+0x21bb2]
C  [KERNEL32.DLL+0x17034]
C  [ntdll.dll+0x52651]

VM_Operation (0x000000fca12fe640): G1CollectForAllocation, mode: safepoint, requested by thread 0x0000022b3c432cb0


---------------  P R O C E S S  ---------------

Threads class SMR info:
_java_thread_list=0x0000022b3ce66650, length=26, elements={
0x0000022b39f21750, 0x0000022b39f22ea0, 0x0000022b39f5f130, 0x0000022b39f61dc0,
0x0000022b39f64790, 0x0000022b39f65140, 0x0000022b39f65ba0, 0x0000022b39f66d30,
0x0000022b3aa84d90, 0x0000022b3aa8ee80, 0x0000022b3c424080, 0x0000022b3c56dae0,
0x0000022b3c58ad30, 0x0000022b30413d70, 0x0000022b3c5f16f0, 0x0000022b3c4327e0,
0x0000022b3c432cb0, 0x0000022b3c433180, 0x0000022b3c652a30, 0x0000022b3c652560,
0x0000022b3c652090, 0x0000022b3c652f00, 0x0000022b3c6538a0, 0x0000022b3c6533d0,
0x0000022b3cf467c0, 0x0000022b3cf47630
}

Java Threads: ( => current thread )
  0x0000022b39f21750 JavaThread "Reference Handler" daemon [_thread_blocked, id=12556, stack(0x000000fca0100000,0x000000fca0200000)]
  0x0000022b39f22ea0 JavaThread "Finalizer" daemon [_thread_blocked, id=14304, stack(0x000000fca0200000,0x000000fca0300000)]
  0x0000022b39f5f130 JavaThread "Signal Dispatcher" daemon [_thread_blocked, id=14076, stack(0x000000fca0300000,0x000000fca0400000)]
  0x0000022b39f61dc0 JavaThread "Attach Listener" daemon [_thread_blocked, id=7768, stack(0x000000fca0400000,0x000000fca0500000)]
  0x0000022b39f64790 JavaThread "Service Thread" daemon [_thread_blocked, id=14576, stack(0x000000fca0500000,0x000000fca0600000)]
  0x0000022b39f65140 JavaThread "Monitor Deflation Thread" daemon [_thread_blocked, id=11116, stack(0x000000fca0600000,0x000000fca0700000)]
  0x0000022b39f65ba0 JavaThread "C1 CompilerThread0" daemon [_thread_blocked, id=15776, stack(0x000000fca0700000,0x000000fca0800000)]
  0x0000022b39f66d30 JavaThread "Sweeper thread" daemon [_thread_blocked, id=19332, stack(0x000000fca0800000,0x000000fca0900000)]
  0x0000022b3aa84d90 JavaThread "Notification Thread" daemon [_thread_blocked, id=19952, stack(0x000000fca0900000,0x000000fca0a00000)]
  0x0000022b3aa8ee80 JavaThread "Common-Cleaner" daemon [_thread_blocked, id=5864, stack(0x000000fca0b00000,0x000000fca0c00000)]
  0x0000022b3c424080 JavaThread "Thread-1" [_thread_blocked, id=19160, stack(0x000000fca0d00000,0x000000fca0e00000)]
  0x0000022b3c56dae0 JavaThread "pool-7-thread-1" [_thread_blocked, id=8512, stack(0x000000fca0e00000,0x000000fca0f00000)]
  0x0000022b3c58ad30 JavaThread "LanguageServerApp-lifecycle" [_thread_blocked, id=14060, stack(0x000000fca0f00000,0x000000fca1000000)]
  0x0000022b30413d70 JavaThread "DestroyJavaVM" [_thread_blocked, id=18196, stack(0x000000fc9fa00000,0x000000fc9fb00000)]
  0x0000022b3c5f16f0 JavaThread "ClassGraph-worker-0" daemon [_thread_blocked, id=5268, stack(0x000000fca1000000,0x000000fca1100000)]
  0x0000022b3c4327e0 JavaThread "ClassGraph-worker-1" daemon [_thread_blocked, id=16596, stack(0x000000fca1100000,0x000000fca1200000)]
  0x0000022b3c432cb0 JavaThread "ClassGraph-worker-2" daemon [_thread_blocked, id=16820, stack(0x000000fca1200000,0x000000fca1300000)]
  0x0000022b3c433180 JavaThread "ClassGraph-worker-3" daemon [_thread_blocked, id=14676, stack(0x000000fca1300000,0x000000fca1400000)]
  0x0000022b3c652a30 JavaThread "pool-8-thread-1" [_thread_in_native, id=11504, stack(0x000000fca1400000,0x000000fca1500000)]
  0x0000022b3c652560 JavaThread "Simple-Language-Server main thread" daemon [_thread_blocked, id=12592, stack(0x000000fca1500000,0x000000fca1600000)]
  0x0000022b3c652090 JavaThread "pool-5-thread-1" [_thread_blocked, id=17580, stack(0x000000fca1600000,0x000000fca1700000)]
  0x0000022b3c652f00 JavaThread "parallel-1" daemon [_thread_blocked, id=7664, stack(0x000000fca1700000,0x000000fca1800000)]
  0x0000022b3c6538a0 JavaThread "parallel-2" daemon [_thread_blocked, id=7436, stack(0x000000fca1800000,0x000000fca1900000)]
  0x0000022b3c6533d0 JavaThread "Reconciler-1" daemon [_thread_blocked, id=12788, stack(0x000000fca1900000,0x000000fca1a00000)]
  0x0000022b3cf467c0 JavaThread "pool-2-thread-1" [_thread_blocked, id=11712, stack(0x000000fca1a00000,0x000000fca1b00000)]
  0x0000022b3cf47630 JavaThread "pool-2-thread-2" [_thread_blocked, id=7100, stack(0x000000fca1b00000,0x000000fca1c00000)]

Other Threads:
=>0x0000022b39efec80 VMThread "VM Thread" [stack: 0x000000fca0000000,0x000000fca0100000] [id=7616]
  0x0000022b3aa87a10 WatcherThread [stack: 0x000000fca0a00000,0x000000fca0b00000] [id=7996]
  0x0000022b3044c210 GCTaskThread "GC Thread#0" [stack: 0x000000fc9fb00000,0x000000fc9fc00000] [id=16224]
  0x0000022b3abc1430 GCTaskThread "GC Thread#1" [stack: 0x000000fca0c00000,0x000000fca0d00000] [id=1120]
  0x0000022b30455540 ConcurrentGCThread "G1 Main Marker" [stack: 0x000000fc9fc00000,0x000000fc9fd00000] [id=21432]
  0x0000022b30455f50 ConcurrentGCThread "G1 Conc#0" [stack: 0x000000fc9fd00000,0x000000fc9fe00000] [id=18832]
  0x0000022b3048a810 ConcurrentGCThread "G1 Refine#0" [stack: 0x000000fc9fe00000,0x000000fc9ff00000] [id=16372]
  0x0000022b3cf83a50 ConcurrentGCThread "G1 Refine#1" [stack: 0x000000fca1e00000,0x000000fca1f00000] [id=2944]
  0x0000022b3048b230 ConcurrentGCThread "G1 Service" [stack: 0x000000fc9ff00000,0x000000fca0000000] [id=10976]

Threads with active compile tasks:

VM state: at safepoint (normal execution)

VM Mutex/Monitor currently owned by a thread:  ([mutex/lock_event])
[0x0000022b2e366090] Threads_lock - owner thread: 0x0000022b39efec80
[0x0000022b30413370] Heap_lock - owner thread: 0x0000022b3c432cb0

Heap address: 0x00000000c9e00000, size: 866 MB, Compressed Oops mode: 32-bit

CDS archive(s) not mapped
Compressed class space mapped at: 0x0000000100000000-0x0000000140000000, reserved size: 1073741824
Narrow klass base: 0x0000000000000000, Narrow klass shift: 3, Narrow klass range: 0x140000000

GC Precious Log:
 CPUs: 2 total, 2 available
 Memory: 3463M
 Large Page Support: Disabled
 NUMA Support: Disabled
 Compressed Oops: Enabled (32-bit)
 Heap Region Size: 1M
 Heap Min Capacity: 8M
 Heap Initial Capacity: 56M
 Heap Max Capacity: 866M
 Pre-touch: Disabled
 Parallel Workers: 2
 Concurrent Workers: 1
 Concurrent Refinement Workers: 2
 Periodic GC: Disabled

Heap:
 garbage-first heap   total 227328K, used 98056K [0x00000000c9e00000, 0x0000000100000000)
  region size 1024K, 8 young (8192K), 8 survivors (8192K)
 Metaspace       used 35086K, committed 35392K, reserved 1081344K
  class space    used 4570K, committed 4736K, reserved 1048576K

Heap Regions: E=young(eden), S=young(survivor), O=old, HS=humongous(starts), HC=humongous(continues), CS=collection set, F=free, OA=open archive, CA=closed archive, TAMS=top-at-mark-start (previous, next)
|   0|0x00000000c9e00000, 0x00000000c9f00000, 0x00000000c9f00000|100%|HS|  |TAMS 0x00000000c9e00000, 0x00000000c9e00000| Complete 
|   1|0x00000000c9f00000, 0x00000000ca000000, 0x00000000ca000000|100%| O|  |TAMS 0x00000000ca000000, 0x00000000c9f00000| Untracked 
|   2|0x00000000ca000000, 0x00000000ca100000, 0x00000000ca100000|100%| O|  |TAMS 0x00000000ca100000, 0x00000000ca000000| Untracked 
|   3|0x00000000ca100000, 0x00000000ca200000, 0x00000000ca200000|100%| O|  |TAMS 0x00000000ca200000, 0x00000000ca100000| Untracked 
|   4|0x00000000ca200000, 0x00000000ca300000, 0x00000000ca300000|100%| O|  |TAMS 0x00000000ca300000, 0x00000000ca200000| Untracked 
|   5|0x00000000ca300000, 0x00000000ca400000, 0x00000000ca400000|100%| O|  |TAMS 0x00000000ca400000, 0x00000000ca300000| Untracked 
|   6|0x00000000ca400000, 0x00000000ca500000, 0x00000000ca500000|100%| O|  |TAMS 0x00000000ca500000, 0x00000000ca400000| Untracked 
|   7|0x00000000ca500000, 0x00000000ca600000, 0x00000000ca600000|100%| O|  |TAMS 0x00000000ca600000, 0x00000000ca500000| Untracked 
|   8|0x00000000ca600000, 0x00000000ca700000, 0x00000000ca700000|100%| O|  |TAMS 0x00000000ca700000, 0x00000000ca600000| Untracked 
|   9|0x00000000ca700000, 0x00000000ca800000, 0x00000000ca800000|100%| O|  |TAMS 0x00000000ca800000, 0x00000000ca700000| Untracked 
|  10|0x00000000ca800000, 0x00000000ca900000, 0x00000000ca900000|100%| O|  |TAMS 0x00000000ca800000, 0x00000000ca800000| Untracked 
|  11|0x00000000ca900000, 0x00000000caa00000, 0x00000000caa00000|100%| O|  |TAMS 0x00000000caa00000, 0x00000000ca900000| Untracked 
|  12|0x00000000caa00000, 0x00000000cab00000, 0x00000000cab00000|100%| O|  |TAMS 0x00000000cab00000, 0x00000000caa00000| Untracked 
|  13|0x00000000cab00000, 0x00000000cac00000, 0x00000000cac00000|100%| O|  |TAMS 0x00000000cac00000, 0x00000000cab00000| Untracked 
|  14|0x00000000cac00000, 0x00000000cad00000, 0x00000000cad00000|100%| O|  |TAMS 0x00000000cad00000, 0x00000000cac00000| Untracked 
|  15|0x00000000cad00000, 0x00000000cae00000, 0x00000000cae00000|100%| O|  |TAMS 0x00000000cae00000, 0x00000000cad00000| Untracked 
|  16|0x00000000cae00000, 0x00000000caf00000, 0x00000000caf00000|100%| O|  |TAMS 0x00000000caf00000, 0x00000000cae00000| Untracked 
|  17|0x00000000caf00000, 0x00000000cb000000, 0x00000000cb000000|100%| O|  |TAMS 0x00000000cb000000, 0x00000000caf00000| Untracked 
|  18|0x00000000cb000000, 0x00000000cb100000, 0x00000000cb100000|100%| O|  |TAMS 0x00000000cb100000, 0x00000000cb000000| Untracked 
|  19|0x00000000cb100000, 0x00000000cb200000, 0x00000000cb200000|100%| O|  |TAMS 0x00000000cb200000, 0x00000000cb100000| Untracked 
|  20|0x00000000cb200000, 0x00000000cb300000, 0x00000000cb300000|100%| O|  |TAMS 0x00000000cb300000, 0x00000000cb200000| Untracked 
|  21|0x00000000cb300000, 0x00000000cb400000, 0x00000000cb400000|100%| O|  |TAMS 0x00000000cb400000, 0x00000000cb300000| Untracked 
|  22|0x00000000cb400000, 0x00000000cb500000, 0x00000000cb500000|100%| O|  |TAMS 0x00000000cb500000, 0x00000000cb400000| Untracked 
|  23|0x00000000cb500000, 0x00000000cb600000, 0x00000000cb600000|100%| O|  |TAMS 0x00000000cb600000, 0x00000000cb500000| Untracked 
|  24|0x00000000cb600000, 0x00000000cb700000, 0x00000000cb700000|100%| O|  |TAMS 0x00000000cb700000, 0x00000000cb600000| Untracked 
|  25|0x00000000cb700000, 0x00000000cb800000, 0x00000000cb800000|100%| O|  |TAMS 0x00000000cb800000, 0x00000000cb700000| Untracked 
|  26|0x00000000cb800000, 0x00000000cb900000, 0x00000000cb900000|100%| O|  |TAMS 0x00000000cb900000, 0x00000000cb800000| Untracked 
|  27|0x00000000cb900000, 0x00000000cba00000, 0x00000000cba00000|100%| O|  |TAMS 0x00000000cba00000, 0x00000000cb900000| Untracked 
|  28|0x00000000cba00000, 0x00000000cbb00000, 0x00000000cbb00000|100%| O|  |TAMS 0x00000000cbb00000, 0x00000000cba00000| Untracked 
|  29|0x00000000cbb00000, 0x00000000cbc00000, 0x00000000cbc00000|100%| O|  |TAMS 0x00000000cbc00000, 0x00000000cbb00000| Untracked 
|  30|0x00000000cbc00000, 0x00000000cbd00000, 0x00000000cbd00000|100%| O|  |TAMS 0x00000000cbd00000, 0x00000000cbc00000| Untracked 
|  31|0x00000000cbd00000, 0x00000000cbe00000, 0x00000000cbe00000|100%| O|  |TAMS 0x00000000cbe00000, 0x00000000cbd00000| Untracked 
|  32|0x00000000cbe00000, 0x00000000cbf00000, 0x00000000cbf00000|100%| O|  |TAMS 0x00000000cbe00000, 0x00000000cbe00000| Untracked 
|  33|0x00000000cbf00000, 0x00000000cc000000, 0x00000000cc000000|100%| O|  |TAMS 0x00000000cbf00000, 0x00000000cbf00000| Untracked 
|  34|0x00000000cc000000, 0x00000000cc100000, 0x00000000cc100000|100%| O|  |TAMS 0x00000000cc000000, 0x00000000cc000000| Untracked 
|  35|0x00000000cc100000, 0x00000000cc200000, 0x00000000cc200000|100%| O|  |TAMS 0x00000000cc100000, 0x00000000cc100000| Untracked 
|  36|0x00000000cc200000, 0x00000000cc300000, 0x00000000cc300000|100%| O|  |TAMS 0x00000000cc200000, 0x00000000cc200000| Untracked 
|  37|0x00000000cc300000, 0x00000000cc400000, 0x00000000cc400000|100%| O|  |TAMS 0x00000000cc300000, 0x00000000cc300000| Untracked 
|  38|0x00000000cc400000, 0x00000000cc500000, 0x00000000cc500000|100%| O|  |TAMS 0x00000000cc400000, 0x00000000cc400000| Untracked 
|  39|0x00000000cc500000, 0x00000000cc600000, 0x00000000cc600000|100%|HS|  |TAMS 0x00000000cc500000, 0x00000000cc500000| Complete 
|  40|0x00000000cc600000, 0x00000000cc700000, 0x00000000cc700000|100%| O|  |TAMS 0x00000000cc600000, 0x00000000cc600000| Untracked 
|  41|0x00000000cc700000, 0x00000000cc800000, 0x00000000cc800000|100%| O|  |TAMS 0x00000000cc700000, 0x00000000cc700000| Untracked 
|  42|0x00000000cc800000, 0x00000000cc900000, 0x00000000cc900000|100%| O|  |TAMS 0x00000000cc800000, 0x00000000cc800000| Untracked 
|  43|0x00000000cc900000, 0x00000000cca00000, 0x00000000cca00000|100%| O|  |TAMS 0x00000000cc900000, 0x00000000cc900000| Untracked 
|  44|0x00000000cca00000, 0x00000000ccb00000, 0x00000000ccb00000|100%| O|  |TAMS 0x00000000cca00000, 0x00000000cca00000| Untracked 
|  45|0x00000000ccb00000, 0x00000000ccc00000, 0x00000000ccc00000|100%| O|  |TAMS 0x00000000ccb00000, 0x00000000ccb00000| Untracked 
|  46|0x00000000ccc00000, 0x00000000ccd00000, 0x00000000ccd00000|100%| O|  |TAMS 0x00000000ccc00000, 0x00000000ccc00000| Untracked 
|  47|0x00000000ccd00000, 0x00000000cce00000, 0x00000000cce00000|100%| O|  |TAMS 0x00000000ccd00000, 0x00000000ccd00000| Untracked 
|  48|0x00000000cce00000, 0x00000000ccf00000, 0x00000000ccf00000|100%| O|  |TAMS 0x00000000cce00000, 0x00000000cce00000| Untracked 
|  49|0x00000000ccf00000, 0x00000000cd000000, 0x00000000cd000000|100%| O|  |TAMS 0x00000000ccf00000, 0x00000000ccf00000| Untracked 
|  50|0x00000000cd000000, 0x00000000cd100000, 0x00000000cd100000|100%| O|  |TAMS 0x00000000cd000000, 0x00000000cd000000| Untracked 
|  51|0x00000000cd100000, 0x00000000cd200000, 0x00000000cd200000|100%| O|  |TAMS 0x00000000cd100000, 0x00000000cd100000| Untracked 
|  52|0x00000000cd200000, 0x00000000cd300000, 0x00000000cd300000|100%| O|  |TAMS 0x00000000cd200000, 0x00000000cd200000| Untracked 
|  53|0x00000000cd300000, 0x00000000cd400000, 0x00000000cd400000|100%| O|  |TAMS 0x00000000cd300000, 0x00000000cd300000| Untracked 
|  54|0x00000000cd400000, 0x00000000cd500000, 0x00000000cd500000|100%| O|  |TAMS 0x00000000cd400000, 0x00000000cd400000| Untracked 
|  55|0x00000000cd500000, 0x00000000cd600000, 0x00000000cd600000|100%| O|  |TAMS 0x00000000cd500000, 0x00000000cd500000| Untracked 
|  56|0x00000000cd600000, 0x00000000cd700000, 0x00000000cd700000|100%| O|  |TAMS 0x00000000cd600000, 0x00000000cd600000| Untracked 
|  57|0x00000000cd700000, 0x00000000cd800000, 0x00000000cd800000|100%| O|  |TAMS 0x00000000cd700000, 0x00000000cd700000| Untracked 
|  58|0x00000000cd800000, 0x00000000cd900000, 0x00000000cd900000|100%| O|  |TAMS 0x00000000cd800000, 0x00000000cd800000| Untracked 
|  59|0x00000000cd900000, 0x00000000cda00000, 0x00000000cda00000|100%| O|  |TAMS 0x00000000cd900000, 0x00000000cd900000| Untracked 
|  60|0x00000000cda00000, 0x00000000cdb00000, 0x00000000cdb00000|100%| O|  |TAMS 0x00000000cda00000, 0x00000000cda00000| Untracked 
|  61|0x00000000cdb00000, 0x00000000cdc00000, 0x00000000cdc00000|100%| O|  |TAMS 0x00000000cdb00000, 0x00000000cdb00000| Untracked 
|  62|0x00000000cdc00000, 0x00000000cdd00000, 0x00000000cdd00000|100%| O|  |TAMS 0x00000000cdc00000, 0x00000000cdc00000| Untracked 
|  63|0x00000000cdd00000, 0x00000000cde00000, 0x00000000cde00000|100%| O|  |TAMS 0x00000000cdd00000, 0x00000000cdd00000| Untracked 
|  64|0x00000000cde00000, 0x00000000cdf00000, 0x00000000cdf00000|100%| O|  |TAMS 0x00000000cde00000, 0x00000000cde00000| Untracked 
|  65|0x00000000cdf00000, 0x00000000ce000000, 0x00000000ce000000|100%| O|  |TAMS 0x00000000cdf00000, 0x00000000cdf00000| Untracked 
|  66|0x00000000ce000000, 0x00000000ce100000, 0x00000000ce100000|100%| O|  |TAMS 0x00000000ce000000, 0x00000000ce000000| Untracked 
|  67|0x00000000ce100000, 0x00000000ce200000, 0x00000000ce200000|100%| O|  |TAMS 0x00000000ce100000, 0x00000000ce100000| Untracked 
|  68|0x00000000ce200000, 0x00000000ce300000, 0x00000000ce300000|100%| O|  |TAMS 0x00000000ce200000, 0x00000000ce200000| Untracked 
|  69|0x00000000ce300000, 0x00000000ce400000, 0x00000000ce400000|100%| O|  |TAMS 0x00000000ce300000, 0x00000000ce300000| Untracked 
|  70|0x00000000ce400000, 0x00000000ce500000, 0x00000000ce500000|100%| O|  |TAMS 0x00000000ce400000, 0x00000000ce400000| Untracked 
|  71|0x00000000ce500000, 0x00000000ce600000, 0x00000000ce600000|100%| O|  |TAMS 0x00000000ce500000, 0x00000000ce500000| Untracked 
|  72|0x00000000ce600000, 0x00000000ce700000, 0x00000000ce700000|100%| O|  |TAMS 0x00000000ce600000, 0x00000000ce600000| Untracked 
|  73|0x00000000ce700000, 0x00000000ce800000, 0x00000000ce800000|100%| O|  |TAMS 0x00000000ce700000, 0x00000000ce700000| Untracked 
|  74|0x00000000ce800000, 0x00000000ce900000, 0x00000000ce900000|100%| O|  |TAMS 0x00000000ce800000, 0x00000000ce800000| Untracked 
|  75|0x00000000ce900000, 0x00000000cea00000, 0x00000000cea00000|100%| O|  |TAMS 0x00000000ce900000, 0x00000000ce900000| Untracked 
|  76|0x00000000cea00000, 0x00000000ceb00000, 0x00000000ceb00000|100%| O|  |TAMS 0x00000000cea00000, 0x00000000cea00000| Untracked 
|  77|0x00000000ceb00000, 0x00000000cec00000, 0x00000000cec00000|100%| O|  |TAMS 0x00000000ceb00000, 0x00000000ceb00000| Untracked 
|  78|0x00000000cec00000, 0x00000000ced00000, 0x00000000ced00000|100%| O|  |TAMS 0x00000000cec00000, 0x00000000cec00000| Untracked 
|  79|0x00000000ced00000, 0x00000000cee00000, 0x00000000cee00000|100%| O|  |TAMS 0x00000000ced00000, 0x00000000ced00000| Untracked 
|  80|0x00000000cee00000, 0x00000000cef00000, 0x00000000cef00000|100%| O|  |TAMS 0x00000000cee00000, 0x00000000cee00000| Untracked 
|  81|0x00000000cef00000, 0x00000000cf000000, 0x00000000cf000000|100%| O|  |TAMS 0x00000000cef00000, 0x00000000cef00000| Untracked 
|  82|0x00000000cf000000, 0x00000000cf100000, 0x00000000cf100000|100%| O|  |TAMS 0x00000000cf000000, 0x00000000cf000000| Untracked 
|  83|0x00000000cf100000, 0x00000000cf200000, 0x00000000cf200000|100%| O|  |TAMS 0x00000000cf100000, 0x00000000cf100000| Untracked 
|  84|0x00000000cf200000, 0x00000000cf300000, 0x00000000cf300000|100%| O|  |TAMS 0x00000000cf200000, 0x00000000cf200000| Untracked 
|  85|0x00000000cf300000, 0x00000000cf400000, 0x00000000cf400000|100%| O|  |TAMS 0x00000000cf300000, 0x00000000cf300000| Untracked 
|  86|0x00000000cf400000, 0x00000000cf500000, 0x00000000cf500000|100%| O|  |TAMS 0x00000000cf400000, 0x00000000cf400000| Untracked 
|  87|0x00000000cf500000, 0x00000000cf5c2200, 0x00000000cf600000| 75%| O|  |TAMS 0x00000000cf500000, 0x00000000cf500000| Untracked 
|  88|0x00000000cf600000, 0x00000000cf600000, 0x00000000cf700000|  0%| F|  |TAMS 0x00000000cf600000, 0x00000000cf600000| Untracked 
|  89|0x00000000cf700000, 0x00000000cf700000, 0x00000000cf800000|  0%| F|  |TAMS 0x00000000cf700000, 0x00000000cf700000| Untracked 
|  90|0x00000000cf800000, 0x00000000cf800000, 0x00000000cf900000|  0%| F|  |TAMS 0x00000000cf800000, 0x00000000cf800000| Untracked 
|  91|0x00000000cf900000, 0x00000000cf900000, 0x00000000cfa00000|  0%| F|  |TAMS 0x00000000cf900000, 0x00000000cf900000| Untracked 
|  92|0x00000000cfa00000, 0x00000000cfa00000, 0x00000000cfb00000|  0%| F|  |TAMS 0x00000000cfa00000, 0x00000000cfa00000| Untracked 
|  93|0x00000000cfb00000, 0x00000000cfb00000, 0x00000000cfc00000|  0%| F|  |TAMS 0x00000000cfb00000, 0x00000000cfb00000| Untracked 
|  94|0x00000000cfc00000, 0x00000000cfc00000, 0x00000000cfd00000|  0%| F|  |TAMS 0x00000000cfc00000, 0x00000000cfc00000| Untracked 
|  95|0x00000000cfd00000, 0x00000000cfd00000, 0x00000000cfe00000|  0%| F|  |TAMS 0x00000000cfd00000, 0x00000000cfd00000| Untracked 
|  96|0x00000000cfe00000, 0x00000000cfe00000, 0x00000000cff00000|  0%| F|  |TAMS 0x00000000cfe00000, 0x00000000cfe00000| Untracked 
|  97|0x00000000cff00000, 0x00000000cff00000, 0x00000000d0000000|  0%| F|  |TAMS 0x00000000cff00000, 0x00000000cff00000| Untracked 
|  98|0x00000000d0000000, 0x00000000d0000000, 0x00000000d0100000|  0%| F|  |TAMS 0x00000000d0000000, 0x00000000d0000000| Untracked 
|  99|0x00000000d0100000, 0x00000000d0100000, 0x00000000d0200000|  0%| F|  |TAMS 0x00000000d0100000, 0x00000000d0100000| Untracked 
| 100|0x00000000d0200000, 0x00000000d0200000, 0x00000000d0300000|  0%| F|  |TAMS 0x00000000d0200000, 0x00000000d0200000| Untracked 
| 101|0x00000000d0300000, 0x00000000d0300000, 0x00000000d0400000|  0%| F|  |TAMS 0x00000000d0300000, 0x00000000d0300000| Untracked 
| 102|0x00000000d0400000, 0x00000000d0400000, 0x00000000d0500000|  0%| F|  |TAMS 0x00000000d0400000, 0x00000000d0400000| Untracked 
| 103|0x00000000d0500000, 0x00000000d0500000, 0x00000000d0600000|  0%| F|  |TAMS 0x00000000d0500000, 0x00000000d0500000| Untracked 
| 104|0x00000000d0600000, 0x00000000d0600000, 0x00000000d0700000|  0%| F|  |TAMS 0x00000000d0600000, 0x00000000d0600000| Untracked 
| 105|0x00000000d0700000, 0x00000000d0700000, 0x00000000d0800000|  0%| F|  |TAMS 0x00000000d0700000, 0x00000000d0700000| Untracked 
| 106|0x00000000d0800000, 0x00000000d0800000, 0x00000000d0900000|  0%| F|  |TAMS 0x00000000d0800000, 0x00000000d0800000| Untracked 
| 107|0x00000000d0900000, 0x00000000d0900000, 0x00000000d0a00000|  0%| F|  |TAMS 0x00000000d0900000, 0x00000000d0900000| Untracked 
| 108|0x00000000d0a00000, 0x00000000d0a00000, 0x00000000d0b00000|  0%| F|  |TAMS 0x00000000d0a00000, 0x00000000d0a00000| Untracked 
| 109|0x00000000d0b00000, 0x00000000d0b00000, 0x00000000d0c00000|  0%| F|  |TAMS 0x00000000d0b00000, 0x00000000d0b00000| Untracked 
| 110|0x00000000d0c00000, 0x00000000d0c00000, 0x00000000d0d00000|  0%| F|  |TAMS 0x00000000d0c00000, 0x00000000d0c00000| Untracked 
| 111|0x00000000d0d00000, 0x00000000d0d00000, 0x00000000d0e00000|  0%| F|  |TAMS 0x00000000d0d00000, 0x00000000d0d00000| Untracked 
| 112|0x00000000d0e00000, 0x00000000d0e00000, 0x00000000d0f00000|  0%| F|  |TAMS 0x00000000d0e00000, 0x00000000d0e00000| Untracked 
| 113|0x00000000d0f00000, 0x00000000d0f00000, 0x00000000d1000000|  0%| F|  |TAMS 0x00000000d0f00000, 0x00000000d0f00000| Untracked 
| 114|0x00000000d1000000, 0x00000000d1000000, 0x00000000d1100000|  0%| F|  |TAMS 0x00000000d1000000, 0x00000000d1000000| Untracked 
| 115|0x00000000d1100000, 0x00000000d1100000, 0x00000000d1200000|  0%| F|  |TAMS 0x00000000d1100000, 0x00000000d1100000| Untracked 
| 116|0x00000000d1200000, 0x00000000d1200000, 0x00000000d1300000|  0%| F|  |TAMS 0x00000000d1200000, 0x00000000d1200000| Untracked 
| 117|0x00000000d1300000, 0x00000000d1300000, 0x00000000d1400000|  0%| F|  |TAMS 0x00000000d1300000, 0x00000000d1300000| Untracked 
| 118|0x00000000d1400000, 0x00000000d1400000, 0x00000000d1500000|  0%| F|  |TAMS 0x00000000d1400000, 0x00000000d1400000| Untracked 
| 119|0x00000000d1500000, 0x00000000d1600000, 0x00000000d1600000|100%| S|CS|TAMS 0x00000000d1500000, 0x00000000d1500000| Complete 
| 120|0x00000000d1600000, 0x00000000d1700000, 0x00000000d1700000|100%| S|CS|TAMS 0x00000000d1600000, 0x00000000d1600000| Complete 
| 121|0x00000000d1700000, 0x00000000d1800000, 0x00000000d1800000|100%| S|CS|TAMS 0x00000000d1700000, 0x00000000d1700000| Complete 
| 122|0x00000000d1800000, 0x00000000d1900000, 0x00000000d1900000|100%| S|CS|TAMS 0x00000000d1800000, 0x00000000d1800000| Complete 
| 123|0x00000000d1900000, 0x00000000d1a00000, 0x00000000d1a00000|100%| S|CS|TAMS 0x00000000d1900000, 0x00000000d1900000| Complete 
| 124|0x00000000d1a00000, 0x00000000d1b00000, 0x00000000d1b00000|100%| S|CS|TAMS 0x00000000d1a00000, 0x00000000d1a00000| Complete 
| 125|0x00000000d1b00000, 0x00000000d1b00000, 0x00000000d1c00000|  0%| F|  |TAMS 0x00000000d1b00000, 0x00000000d1b00000| Untracked 
| 126|0x00000000d1c00000, 0x00000000d1c00000, 0x00000000d1d00000|  0%| F|  |TAMS 0x00000000d1c00000, 0x00000000d1c00000| Untracked 
| 127|0x00000000d1d00000, 0x00000000d1d00000, 0x00000000d1e00000|  0%| F|  |TAMS 0x00000000d1d00000, 0x00000000d1d00000| Untracked 
| 128|0x00000000d1e00000, 0x00000000d1e00000, 0x00000000d1f00000|  0%| F|  |TAMS 0x00000000d1e00000, 0x00000000d1e00000| Untracked 
| 129|0x00000000d1f00000, 0x00000000d1f00000, 0x00000000d2000000|  0%| F|  |TAMS 0x00000000d1f00000, 0x00000000d1f00000| Untracked 
| 130|0x00000000d2000000, 0x00000000d2100000, 0x00000000d2100000|100%| S|CS|TAMS 0x00000000d2000000, 0x00000000d2000000| Complete 
| 131|0x00000000d2100000, 0x00000000d2200000, 0x00000000d2200000|100%| S|CS|TAMS 0x00000000d2100000, 0x00000000d2100000| Complete 
| 132|0x00000000d2200000, 0x00000000d2200000, 0x00000000d2300000|  0%| F|  |TAMS 0x00000000d2200000, 0x00000000d2200000| Untracked 
| 133|0x00000000d2300000, 0x00000000d2300000, 0x00000000d2400000|  0%| F|  |TAMS 0x00000000d2300000, 0x00000000d2300000| Untracked 
| 134|0x00000000d2400000, 0x00000000d2400000, 0x00000000d2500000|  0%| F|  |TAMS 0x00000000d2400000, 0x00000000d2400000| Untracked 
| 135|0x00000000d2500000, 0x00000000d2500000, 0x00000000d2600000|  0%| F|  |TAMS 0x00000000d2500000, 0x00000000d2500000| Untracked 
| 136|0x00000000d2600000, 0x00000000d2600000, 0x00000000d2700000|  0%| F|  |TAMS 0x00000000d2600000, 0x00000000d2600000| Untracked 
| 137|0x00000000d2700000, 0x00000000d2700000, 0x00000000d2800000|  0%| F|  |TAMS 0x00000000d2700000, 0x00000000d2700000| Untracked 
| 138|0x00000000d2800000, 0x00000000d2800000, 0x00000000d2900000|  0%| F|  |TAMS 0x00000000d2800000, 0x00000000d2800000| Untracked 
| 139|0x00000000d2900000, 0x00000000d2900000, 0x00000000d2a00000|  0%| F|  |TAMS 0x00000000d2900000, 0x00000000d2900000| Untracked 
| 140|0x00000000d2a00000, 0x00000000d2a00000, 0x00000000d2b00000|  0%| F|  |TAMS 0x00000000d2a00000, 0x00000000d2a00000| Untracked 
| 141|0x00000000d2b00000, 0x00000000d2b00000, 0x00000000d2c00000|  0%| F|  |TAMS 0x00000000d2b00000, 0x00000000d2b00000| Untracked 
| 142|0x00000000d2c00000, 0x00000000d2c00000, 0x00000000d2d00000|  0%| F|  |TAMS 0x00000000d2c00000, 0x00000000d2c00000| Untracked 
| 143|0x00000000d2d00000, 0x00000000d2d00000, 0x00000000d2e00000|  0%| F|  |TAMS 0x00000000d2d00000, 0x00000000d2d00000| Untracked 
| 144|0x00000000d2e00000, 0x00000000d2e00000, 0x00000000d2f00000|  0%| F|  |TAMS 0x00000000d2e00000, 0x00000000d2e00000| Untracked 
| 145|0x00000000d2f00000, 0x00000000d2f00000, 0x00000000d3000000|  0%| F|  |TAMS 0x00000000d2f00000, 0x00000000d2f00000| Untracked 
| 146|0x00000000d3000000, 0x00000000d3000000, 0x00000000d3100000|  0%| F|  |TAMS 0x00000000d3000000, 0x00000000d3000000| Untracked 
| 147|0x00000000d3100000, 0x00000000d3100000, 0x00000000d3200000|  0%| F|  |TAMS 0x00000000d3100000, 0x00000000d3100000| Untracked 
| 148|0x00000000d3200000, 0x00000000d3200000, 0x00000000d3300000|  0%| F|  |TAMS 0x00000000d3200000, 0x00000000d3200000| Untracked 
| 149|0x00000000d3300000, 0x00000000d3300000, 0x00000000d3400000|  0%| F|  |TAMS 0x00000000d3300000, 0x00000000d3300000| Untracked 
| 150|0x00000000d3400000, 0x00000000d3400000, 0x00000000d3500000|  0%| F|  |TAMS 0x00000000d3400000, 0x00000000d3400000| Untracked 
| 151|0x00000000d3500000, 0x00000000d3500000, 0x00000000d3600000|  0%| F|  |TAMS 0x00000000d3500000, 0x00000000d3500000| Untracked 
| 152|0x00000000d3600000, 0x00000000d3600000, 0x00000000d3700000|  0%| F|  |TAMS 0x00000000d3600000, 0x00000000d3600000| Untracked 
| 153|0x00000000d3700000, 0x00000000d3700000, 0x00000000d3800000|  0%| F|  |TAMS 0x00000000d3700000, 0x00000000d3700000| Untracked 
| 154|0x00000000d3800000, 0x00000000d3800000, 0x00000000d3900000|  0%| F|  |TAMS 0x00000000d3800000, 0x00000000d3800000| Untracked 
| 155|0x00000000d3900000, 0x00000000d3900000, 0x00000000d3a00000|  0%| F|  |TAMS 0x00000000d3900000, 0x00000000d3900000| Untracked 
| 156|0x00000000d3a00000, 0x00000000d3a00000, 0x00000000d3b00000|  0%| F|  |TAMS 0x00000000d3a00000, 0x00000000d3a00000| Untracked 
| 157|0x00000000d3b00000, 0x00000000d3b00000, 0x00000000d3c00000|  0%| F|  |TAMS 0x00000000d3b00000, 0x00000000d3b00000| Untracked 
| 158|0x00000000d3c00000, 0x00000000d3c00000, 0x00000000d3d00000|  0%| F|  |TAMS 0x00000000d3c00000, 0x00000000d3c00000| Untracked 
| 159|0x00000000d3d00000, 0x00000000d3d00000, 0x00000000d3e00000|  0%| F|  |TAMS 0x00000000d3d00000, 0x00000000d3d00000| Untracked 
| 160|0x00000000d3e00000, 0x00000000d3e00000, 0x00000000d3f00000|  0%| F|  |TAMS 0x00000000d3e00000, 0x00000000d3e00000| Untracked 
| 161|0x00000000d3f00000, 0x00000000d3f00000, 0x00000000d4000000|  0%| F|  |TAMS 0x00000000d3f00000, 0x00000000d3f00000| Untracked 
| 162|0x00000000d4000000, 0x00000000d4000000, 0x00000000d4100000|  0%| F|  |TAMS 0x00000000d4000000, 0x00000000d4000000| Untracked 
| 163|0x00000000d4100000, 0x00000000d4100000, 0x00000000d4200000|  0%| F|  |TAMS 0x00000000d4100000, 0x00000000d4100000| Untracked 
| 164|0x00000000d4200000, 0x00000000d4200000, 0x00000000d4300000|  0%| F|  |TAMS 0x00000000d4200000, 0x00000000d4200000| Untracked 
| 165|0x00000000d4300000, 0x00000000d4300000, 0x00000000d4400000|  0%| F|  |TAMS 0x00000000d4300000, 0x00000000d4300000| Untracked 
| 166|0x00000000d4400000, 0x00000000d4400000, 0x00000000d4500000|  0%| F|  |TAMS 0x00000000d4400000, 0x00000000d4400000| Untracked 
| 167|0x00000000d4500000, 0x00000000d4500000, 0x00000000d4600000|  0%| F|  |TAMS 0x00000000d4500000, 0x00000000d4500000| Untracked 
| 168|0x00000000d4600000, 0x00000000d4600000, 0x00000000d4700000|  0%| F|  |TAMS 0x00000000d4600000, 0x00000000d4600000| Untracked 
| 169|0x00000000d4700000, 0x00000000d4700000, 0x00000000d4800000|  0%| F|  |TAMS 0x00000000d4700000, 0x00000000d4700000| Untracked 
| 170|0x00000000d4800000, 0x00000000d4800000, 0x00000000d4900000|  0%| F|  |TAMS 0x00000000d4800000, 0x00000000d4800000| Untracked 
| 171|0x00000000d4900000, 0x00000000d4900000, 0x00000000d4a00000|  0%| F|  |TAMS 0x00000000d4900000, 0x00000000d4900000| Untracked 
| 172|0x00000000d4a00000, 0x00000000d4a00000, 0x00000000d4b00000|  0%| F|  |TAMS 0x00000000d4a00000, 0x00000000d4a00000| Untracked 
| 173|0x00000000d4b00000, 0x00000000d4b00000, 0x00000000d4c00000|  0%| F|  |TAMS 0x00000000d4b00000, 0x00000000d4b00000| Untracked 
| 174|0x00000000d4c00000, 0x00000000d4c00000, 0x00000000d4d00000|  0%| F|  |TAMS 0x00000000d4c00000, 0x00000000d4c00000| Untracked 
| 175|0x00000000d4d00000, 0x00000000d4d00000, 0x00000000d4e00000|  0%| F|  |TAMS 0x00000000d4d00000, 0x00000000d4d00000| Untracked 
| 176|0x00000000d4e00000, 0x00000000d4e00000, 0x00000000d4f00000|  0%| F|  |TAMS 0x00000000d4e00000, 0x00000000d4e00000| Untracked 
| 177|0x00000000d4f00000, 0x00000000d4f00000, 0x00000000d5000000|  0%| F|  |TAMS 0x00000000d4f00000, 0x00000000d4f00000| Untracked 
| 178|0x00000000d5000000, 0x00000000d5000000, 0x00000000d5100000|  0%| F|  |TAMS 0x00000000d5000000, 0x00000000d5000000| Untracked 
| 179|0x00000000d5100000, 0x00000000d5100000, 0x00000000d5200000|  0%| F|  |TAMS 0x00000000d5100000, 0x00000000d5100000| Untracked 
| 180|0x00000000d5200000, 0x00000000d5200000, 0x00000000d5300000|  0%| F|  |TAMS 0x00000000d5200000, 0x00000000d5200000| Untracked 
| 181|0x00000000d5300000, 0x00000000d5300000, 0x00000000d5400000|  0%| F|  |TAMS 0x00000000d5300000, 0x00000000d5300000| Untracked 
| 182|0x00000000d5400000, 0x00000000d5400000, 0x00000000d5500000|  0%| F|  |TAMS 0x00000000d5400000, 0x00000000d5400000| Untracked 
| 183|0x00000000d5500000, 0x00000000d5500000, 0x00000000d5600000|  0%| F|  |TAMS 0x00000000d5500000, 0x00000000d5500000| Untracked 
| 184|0x00000000d5600000, 0x00000000d5600000, 0x00000000d5700000|  0%| F|  |TAMS 0x00000000d5600000, 0x00000000d5600000| Untracked 
| 185|0x00000000d5700000, 0x00000000d5700000, 0x00000000d5800000|  0%| F|  |TAMS 0x00000000d5700000, 0x00000000d5700000| Untracked 
| 186|0x00000000d5800000, 0x00000000d5800000, 0x00000000d5900000|  0%| F|  |TAMS 0x00000000d5800000, 0x00000000d5800000| Untracked 
| 187|0x00000000d5900000, 0x00000000d5900000, 0x00000000d5a00000|  0%| F|  |TAMS 0x00000000d5900000, 0x00000000d5900000| Untracked 
| 188|0x00000000d5a00000, 0x00000000d5a00000, 0x00000000d5b00000|  0%| F|  |TAMS 0x00000000d5a00000, 0x00000000d5a00000| Untracked 
| 189|0x00000000d5b00000, 0x00000000d5b00000, 0x00000000d5c00000|  0%| F|  |TAMS 0x00000000d5b00000, 0x00000000d5b00000| Untracked 
| 190|0x00000000d5c00000, 0x00000000d5c00000, 0x00000000d5d00000|  0%| F|  |TAMS 0x00000000d5c00000, 0x00000000d5c00000| Untracked 
| 191|0x00000000d5d00000, 0x00000000d5d00000, 0x00000000d5e00000|  0%| F|  |TAMS 0x00000000d5d00000, 0x00000000d5d00000| Untracked 
| 192|0x00000000d5e00000, 0x00000000d5e00000, 0x00000000d5f00000|  0%| F|  |TAMS 0x00000000d5e00000, 0x00000000d5e00000| Untracked 
| 193|0x00000000d5f00000, 0x00000000d5f00000, 0x00000000d6000000|  0%| F|  |TAMS 0x00000000d5f00000, 0x00000000d5f00000| Untracked 
| 194|0x00000000d6000000, 0x00000000d6000000, 0x00000000d6100000|  0%| F|  |TAMS 0x00000000d6000000, 0x00000000d6000000| Untracked 
| 195|0x00000000d6100000, 0x00000000d6100000, 0x00000000d6200000|  0%| F|  |TAMS 0x00000000d6100000, 0x00000000d6100000| Untracked 
| 196|0x00000000d6200000, 0x00000000d6200000, 0x00000000d6300000|  0%| F|  |TAMS 0x00000000d6200000, 0x00000000d6200000| Untracked 
| 197|0x00000000d6300000, 0x00000000d6300000, 0x00000000d6400000|  0%| F|  |TAMS 0x00000000d6300000, 0x00000000d6300000| Untracked 
| 198|0x00000000d6400000, 0x00000000d6400000, 0x00000000d6500000|  0%| F|  |TAMS 0x00000000d6400000, 0x00000000d6400000| Untracked 
| 199|0x00000000d6500000, 0x00000000d6500000, 0x00000000d6600000|  0%| F|  |TAMS 0x00000000d6500000, 0x00000000d6500000| Untracked 
| 200|0x00000000d6600000, 0x00000000d6600000, 0x00000000d6700000|  0%| F|  |TAMS 0x00000000d6600000, 0x00000000d6600000| Untracked 
| 201|0x00000000d6700000, 0x00000000d6700000, 0x00000000d6800000|  0%| F|  |TAMS 0x00000000d6700000, 0x00000000d6700000| Untracked 
| 202|0x00000000d6800000, 0x00000000d6800000, 0x00000000d6900000|  0%| F|  |TAMS 0x00000000d6800000, 0x00000000d6800000| Untracked 
| 203|0x00000000d6900000, 0x00000000d6900000, 0x00000000d6a00000|  0%| F|  |TAMS 0x00000000d6900000, 0x00000000d6900000| Untracked 
| 204|0x00000000d6a00000, 0x00000000d6a00000, 0x00000000d6b00000|  0%| F|  |TAMS 0x00000000d6a00000, 0x00000000d6a00000| Untracked 
| 205|0x00000000d6b00000, 0x00000000d6b00000, 0x00000000d6c00000|  0%| F|  |TAMS 0x00000000d6b00000, 0x00000000d6b00000| Untracked 
| 206|0x00000000d6c00000, 0x00000000d6c00000, 0x00000000d6d00000|  0%| F|  |TAMS 0x00000000d6c00000, 0x00000000d6c00000| Untracked 
| 207|0x00000000d6d00000, 0x00000000d6d00000, 0x00000000d6e00000|  0%| F|  |TAMS 0x00000000d6d00000, 0x00000000d6d00000| Untracked 
| 208|0x00000000d6e00000, 0x00000000d6e00000, 0x00000000d6f00000|  0%| F|  |TAMS 0x00000000d6e00000, 0x00000000d6e00000| Untracked 
| 209|0x00000000d6f00000, 0x00000000d6f00000, 0x00000000d7000000|  0%| F|  |TAMS 0x00000000d6f00000, 0x00000000d6f00000| Untracked 
| 210|0x00000000d7000000, 0x00000000d7000000, 0x00000000d7100000|  0%| F|  |TAMS 0x00000000d7000000, 0x00000000d7000000| Untracked 
| 211|0x00000000d7100000, 0x00000000d7100000, 0x00000000d7200000|  0%| F|  |TAMS 0x00000000d7100000, 0x00000000d7100000| Untracked 
| 212|0x00000000d7200000, 0x00000000d7200000, 0x00000000d7300000|  0%| F|  |TAMS 0x00000000d7200000, 0x00000000d7200000| Untracked 
| 213|0x00000000d7300000, 0x00000000d7300000, 0x00000000d7400000|  0%| F|  |TAMS 0x00000000d7300000, 0x00000000d7300000| Untracked 
| 214|0x00000000d7400000, 0x00000000d7400000, 0x00000000d7500000|  0%| F|  |TAMS 0x00000000d7400000, 0x00000000d7400000| Untracked 
| 215|0x00000000d7500000, 0x00000000d7500000, 0x00000000d7600000|  0%| F|  |TAMS 0x00000000d7500000, 0x00000000d7500000| Untracked 
| 216|0x00000000d7600000, 0x00000000d7600000, 0x00000000d7700000|  0%| F|  |TAMS 0x00000000d7600000, 0x00000000d7600000| Untracked 
| 217|0x00000000d7700000, 0x00000000d7700000, 0x00000000d7800000|  0%| F|  |TAMS 0x00000000d7700000, 0x00000000d7700000| Untracked 
| 218|0x00000000d7800000, 0x00000000d7800000, 0x00000000d7900000|  0%| F|  |TAMS 0x00000000d7800000, 0x00000000d7800000| Untracked 
| 219|0x00000000d7900000, 0x00000000d7900000, 0x00000000d7a00000|  0%| F|  |TAMS 0x00000000d7900000, 0x00000000d7900000| Untracked 
| 220|0x00000000d7a00000, 0x00000000d7a00000, 0x00000000d7b00000|  0%| F|  |TAMS 0x00000000d7a00000, 0x00000000d7a00000| Untracked 
| 221|0x00000000d7b00000, 0x00000000d7b00000, 0x00000000d7c00000|  0%| F|  |TAMS 0x00000000d7b00000, 0x00000000d7b00000| Untracked 

Card table byte_map: [0x0000022b30050000,0x0000022b30210000] _byte_map_base: 0x0000022b2fa01000

Marking Bits (Prev, Next): (CMBitMap*) 0x0000022b3044d830, (CMBitMap*) 0x0000022b3044d870
 Prev Bits: [0x0000022b360a0000, 0x0000022b36e28000)
 Next Bits: [0x0000022b36e30000, 0x0000022b37bb8000)

Polling page: 0x0000022b2fbf0000

Metaspace:

Usage:
  Non-class:     29.80 MB used.
      Class:      4.46 MB used.
       Both:     34.26 MB used.

Virtual space:
  Non-class space:       32.00 MB reserved,      29.94 MB ( 94%) committed,  4 nodes.
      Class space:        1.00 GB reserved,       4.62 MB ( <1%) committed,  1 nodes.
             Both:        1.03 GB reserved,      34.56 MB (  3%) committed. 

Chunk freelists:
   Non-Class:  1.88 MB
       Class:  3.42 MB
        Both:  5.30 MB

MaxMetaspaceSize: unlimited
CompressedClassSpaceSize: 1.00 GB
Initial GC threshold: 21.00 MB
Current GC threshold: 55.94 MB
CDS: off
MetaspaceReclaimPolicy: balanced
 - commit_granule_bytes: 65536.
 - commit_granule_words: 8192.
 - virtual_space_node_default_size: 1048576.
 - enlarge_chunks_in_place: 1.
 - new_chunks_are_fully_committed: 0.
 - uncommit_free_chunks: 1.
 - use_allocation_guard: 0.
 - handle_deallocations: 1.


Internal statistics:

num_allocs_failed_limit: 3.
num_arena_births: 300.
num_arena_deaths: 0.
num_vsnodes_births: 5.
num_vsnodes_deaths: 0.
num_space_committed: 553.
num_space_uncommitted: 0.
num_chunks_returned_to_freelist: 3.
num_chunks_taken_from_freelist: 1295.
num_chunk_merges: 3.
num_chunk_splits: 891.
num_chunks_enlarged: 695.
num_purges: 0.
num_inconsistent_stats: 0.

CodeCache: size=49152Kb used=7138Kb max_used=7138Kb free=42013Kb
 bounds [0x0000022b330a0000, 0x0000022b337a0000, 0x0000022b360a0000]
 total_blobs=4058 nmethods=3536 adapters=449
 compilation: enabled
              stopped_count=0, restarted_count=0
 full_count=0

Compilation events (20 events):
Event: 10.679 Thread 0x0000022b39f65ba0 3524   !   1       jdk.internal.module.SystemModuleFinders$SystemModuleReader::toInputStream (43 bytes)
Event: 10.679 Thread 0x0000022b39f65ba0 nmethod 3524 0x0000022b33794410 code [0x0000022b33794600, 0x0000022b33794b28]
Event: 10.830 Thread 0x0000022b39f65ba0 3526  s!   1       jdk.internal.loader.URLClassPath::getLoader (196 bytes)
Event: 10.831 Thread 0x0000022b39f65ba0 nmethod 3526 0x0000022b33795190 code [0x0000022b33795440, 0x0000022b33795e58]
Event: 10.849 Thread 0x0000022b39f65ba0 3528       1       java.util.jar.Attributes::entrySet (10 bytes)
Event: 10.849 Thread 0x0000022b39f65ba0 nmethod 3528 0x0000022b33796c10 code [0x0000022b33796da0, 0x0000022b33796e88]
Event: 10.849 Thread 0x0000022b39f65ba0 3529       1       java.security.MessageDigest::reset (10 bytes)
Event: 10.850 Thread 0x0000022b39f65ba0 nmethod 3529 0x0000022b33796f10 code [0x0000022b337970a0, 0x0000022b337971a8]
Event: 10.850 Thread 0x0000022b39f65ba0 3530       1       java.security.MessageDigest$Delegate::engineReset (8 bytes)
Event: 10.850 Thread 0x0000022b39f65ba0 nmethod 3530 0x0000022b33797290 code [0x0000022b33797420, 0x0000022b33797508]
Event: 10.850 Thread 0x0000022b39f65ba0 3531       1       java.util.Base64::getMimeDecoder (4 bytes)
Event: 10.850 Thread 0x0000022b39f65ba0 nmethod 3531 0x0000022b33797590 code [0x0000022b33797720, 0x0000022b337977d8]
Event: 10.851 Thread 0x0000022b39f65ba0 3532       1       sun.reflect.generics.reflectiveObjects.ParameterizedTypeImpl::getRawType (5 bytes)
Event: 10.851 Thread 0x0000022b39f65ba0 nmethod 3532 0x0000022b33797890 code [0x0000022b33797a20, 0x0000022b33797af8]
Event: 10.851 Thread 0x0000022b39f65ba0 3533       1       com.google.gson.internal.$Gson$Preconditions::checkArgument (13 bytes)
Event: 10.851 Thread 0x0000022b39f65ba0 nmethod 3533 0x0000022b33797b90 code [0x0000022b33797d20, 0x0000022b33797e48]
Event: 10.852 Thread 0x0000022b39f65ba0 3534       1       java.lang.reflect.Field::set (30 bytes)
Event: 10.852 Thread 0x0000022b39f65ba0 nmethod 3534 0x0000022b33797f10 code [0x0000022b337980e0, 0x0000022b337982d8]
Event: 11.878 Thread 0x0000022b39f65ba0 3536       1       com.google.gson.stream.JsonWriter::setSerializeNulls (6 bytes)
Event: 11.879 Thread 0x0000022b39f65ba0 nmethod 3536 0x0000022b33798810 code [0x0000022b337989a0, 0x0000022b33798a78]

GC Heap History (20 events):
Event: 8.693 GC heap after
{Heap after GC invocations=23 (full 0):
 garbage-first heap   total 227328K, used 38949K [0x00000000c9e00000, 0x0000000100000000)
  region size 1024K, 1 young (1024K), 1 survivors (1024K)
 Metaspace       used 34250K, committed 34496K, reserved 1081344K
  class space    used 4408K, committed 4544K, reserved 1048576K
}
Event: 11.024 GC heap before
{Heap before GC invocations=23 (full 0):
 garbage-first heap   total 227328K, used 143397K [0x00000000c9e00000, 0x0000000100000000)
  region size 1024K, 102 young (104448K), 1 survivors (1024K)
 Metaspace       used 35067K, committed 35392K, reserved 1081344K
  class space    used 4564K, committed 4736K, reserved 1048576K
}
Event: 11.246 GC heap after
{Heap after GC invocations=24 (full 0):
 garbage-first heap   total 227328K, used 63414K [0x00000000c9e00000, 0x0000000100000000)
  region size 1024K, 13 young (13312K), 13 survivors (13312K)
 Metaspace       used 35067K, committed 35392K, reserved 1081344K
  class space    used 4564K, committed 4736K, reserved 1048576K
}
Event: 12.723 GC heap before
{Heap before GC invocations=24 (full 0):
 garbage-first heap   total 227328K, used 140214K [0x00000000c9e00000, 0x0000000100000000)
  region size 1024K, 89 young (91136K), 13 survivors (13312K)
 Metaspace       used 35085K, committed 35392K, reserved 1081344K
  class space    used 4570K, committed 4736K, reserved 1048576K
}
Event: 12.752 GC heap after
{Heap after GC invocations=25 (full 0):
 garbage-first heap   total 227328K, used 67072K [0x00000000c9e00000, 0x0000000100000000)
  region size 1024K, 4 young (4096K), 4 survivors (4096K)
 Metaspace       used 35085K, committed 35392K, reserved 1081344K
  class space    used 4570K, committed 4736K, reserved 1048576K
}
Event: 13.273 GC heap before
{Heap before GC invocations=25 (full 0):
 garbage-first heap   total 227328K, used 151040K [0x00000000c9e00000, 0x0000000100000000)
  region size 1024K, 87 young (89088K), 4 survivors (4096K)
 Metaspace       used 35085K, committed 35392K, reserved 1081344K
  class space    used 4570K, committed 4736K, reserved 1048576K
}
Event: 13.282 GC heap after
{Heap after GC invocations=26 (full 0):
 garbage-first heap   total 227328K, used 70584K [0x00000000c9e00000, 0x0000000100000000)
  region size 1024K, 7 young (7168K), 7 survivors (7168K)
 Metaspace       used 35085K, committed 35392K, reserved 1081344K
  class space    used 4570K, committed 4736K, reserved 1048576K
}
Event: 14.009 GC heap before
{Heap before GC invocations=26 (full 0):
 garbage-first heap   total 227328K, used 160696K [0x00000000c9e00000, 0x0000000100000000)
  region size 1024K, 96 young (98304K), 7 survivors (7168K)
 Metaspace       used 35085K, committed 35392K, reserved 1081344K
  class space    used 4570K, committed 4736K, reserved 1048576K
}
Event: 14.023 GC heap after
{Heap after GC invocations=27 (full 0):
 garbage-first heap   total 227328K, used 74022K [0x00000000c9e00000, 0x0000000100000000)
  region size 1024K, 7 young (7168K), 7 survivors (7168K)
 Metaspace       used 35085K, committed 35392K, reserved 1081344K
  class space    used 4570K, committed 4736K, reserved 1048576K
}
Event: 15.125 GC heap before
{Heap before GC invocations=27 (full 0):
 garbage-first heap   total 227328K, used 167206K [0x00000000c9e00000, 0x0000000100000000)
  region size 1024K, 99 young (101376K), 7 survivors (7168K)
 Metaspace       used 35085K, committed 35392K, reserved 1081344K
  class space    used 4570K, committed 4736K, reserved 1048576K
}
Event: 15.145 GC heap after
{Heap after GC invocations=28 (full 0):
 garbage-first heap   total 227328K, used 78118K [0x00000000c9e00000, 0x0000000100000000)
  region size 1024K, 11 young (11264K), 11 survivors (11264K)
 Metaspace       used 35085K, committed 35392K, reserved 1081344K
  class space    used 4570K, committed 4736K, reserved 1048576K
}
Event: 15.904 GC heap before
{Heap before GC invocations=28 (full 0):
 garbage-first heap   total 227328K, used 172326K [0x00000000c9e00000, 0x0000000100000000)
  region size 1024K, 104 young (106496K), 11 survivors (11264K)
 Metaspace       used 35086K, committed 35392K, reserved 1081344K
  class space    used 4570K, committed 4736K, reserved 1048576K
}
Event: 15.942 GC heap after
{Heap after GC invocations=29 (full 0):
 garbage-first heap   total 227328K, used 81420K [0x00000000c9e00000, 0x0000000100000000)
  region size 1024K, 8 young (8192K), 8 survivors (8192K)
 Metaspace       used 35086K, committed 35392K, reserved 1081344K
  class space    used 4570K, committed 4736K, reserved 1048576K
}
Event: 17.373 GC heap before
{Heap before GC invocations=29 (full 0):
 garbage-first heap   total 227328K, used 176652K [0x00000000c9e00000, 0x0000000100000000)
  region size 1024K, 102 young (104448K), 8 survivors (8192K)
 Metaspace       used 35086K, committed 35392K, reserved 1081344K
  class space    used 4570K, committed 4736K, reserved 1048576K
}
Event: 17.386 GC heap after
{Heap after GC invocations=30 (full 0):
 garbage-first heap   total 227328K, used 85458K [0x00000000c9e00000, 0x0000000100000000)
  region size 1024K, 8 young (8192K), 8 survivors (8192K)
 Metaspace       used 35086K, committed 35392K, reserved 1081344K
  class space    used 4570K, committed 4736K, reserved 1048576K
}
Event: 17.642 GC heap before
{Heap before GC invocations=30 (full 0):
 garbage-first heap   total 227328K, used 180690K [0x00000000c9e00000, 0x0000000100000000)
  region size 1024K, 102 young (104448K), 8 survivors (8192K)
 Metaspace       used 35086K, committed 35392K, reserved 1081344K
  class space    used 4570K, committed 4736K, reserved 1048576K
}
Event: 17.653 GC heap after
{Heap after GC invocations=31 (full 0):
 garbage-first heap   total 227328K, used 89931K [0x00000000c9e00000, 0x0000000100000000)
  region size 1024K, 8 young (8192K), 8 survivors (8192K)
 Metaspace       used 35086K, committed 35392K, reserved 1081344K
  class space    used 4570K, committed 4736K, reserved 1048576K
}
Event: 17.907 GC heap before
{Heap before GC invocations=31 (full 0):
 garbage-first heap   total 227328K, used 184139K [0x00000000c9e00000, 0x0000000100000000)
  region size 1024K, 100 young (102400K), 8 survivors (8192K)
 Metaspace       used 35086K, committed 35392K, reserved 1081344K
  class space    used 4570K, committed 4736K, reserved 1048576K
}
Event: 17.927 GC heap after
{Heap after GC invocations=32 (full 0):
 garbage-first heap   total 227328K, used 93914K [0x00000000c9e00000, 0x0000000100000000)
  region size 1024K, 8 young (8192K), 8 survivors (8192K)
 Metaspace       used 35086K, committed 35392K, reserved 1081344K
  class space    used 4570K, committed 4736K, reserved 1048576K
}
Event: 18.336 GC heap before
{Heap before GC invocations=32 (full 0):
 garbage-first heap   total 227328K, used 185050K [0x00000000c9e00000, 0x0000000100000000)
  region size 1024K, 98 young (100352K), 8 survivors (8192K)
 Metaspace       used 35086K, committed 35392K, reserved 1081344K
  class space    used 4570K, committed 4736K, reserved 1048576K
}

Deoptimization events (14 events):
Event: 2.086 Thread 0x0000022b30413d70 DEOPT PACKING pc=0x0000022b33305b75 sp=0x000000fc9fafd810
Event: 2.086 Thread 0x0000022b30413d70 DEOPT UNPACKING pc=0x0000022b330f2b43 sp=0x000000fc9fafcc80 mode 3
Event: 4.273 Thread 0x0000022b30413d70 DEOPT PACKING pc=0x0000022b33413b99 sp=0x000000fc9fafd080
Event: 4.273 Thread 0x0000022b30413d70 DEOPT UNPACKING pc=0x0000022b330f2b43 sp=0x000000fc9fafc560 mode 3
Event: 5.361 Thread 0x0000022b30413d70 DEOPT PACKING pc=0x0000022b334e94f5 sp=0x000000fc9fafcbf0
Event: 5.361 Thread 0x0000022b30413d70 DEOPT UNPACKING pc=0x0000022b330f2b43 sp=0x000000fc9fafc060 mode 3
Event: 7.278 Thread 0x0000022b3c424080 DEOPT PACKING pc=0x0000022b335d012b sp=0x000000fca0dfec00
Event: 7.278 Thread 0x0000022b3c424080 DEOPT UNPACKING pc=0x0000022b330f2b43 sp=0x000000fca0dfe148 mode 3
Event: 8.260 Thread 0x0000022b3c432cb0 DEOPT PACKING pc=0x0000022b33417101 sp=0x000000fca12feff0
Event: 8.260 Thread 0x0000022b3c432cb0 DEOPT UNPACKING pc=0x0000022b330f2b43 sp=0x000000fca12fe480 mode 3
Event: 8.293 Thread 0x0000022b3c652560 DEOPT PACKING pc=0x0000022b336e6fb5 sp=0x000000fca15fd7d0
Event: 8.293 Thread 0x0000022b3c652560 DEOPT UNPACKING pc=0x0000022b330f2b43 sp=0x000000fca15fccf8 mode 3
Event: 8.999 Thread 0x0000022b3c652090 DEOPT PACKING pc=0x0000022b33464a17 sp=0x000000fca16ff230
Event: 8.999 Thread 0x0000022b3c652090 DEOPT UNPACKING pc=0x0000022b330f2b43 sp=0x000000fca16fe688 mode 3

Classes unloaded (0 events):
No events

Classes redefined (0 events):
No events

Internal exceptions (20 events):
Event: 7.544 Thread 0x0000022b3c5f16f0 Exception <a 'sun/nio/fs/WindowsException'{0x00000000cc5d2838}> (0x00000000cc5d2838) 
thrown [e:\jenkins\tmp\workspace\build\src\src\hotspot\share\prims\jni.cpp, line 516]
Event: 7.544 Thread 0x0000022b3c5f16f0 Exception <a 'sun/nio/fs/WindowsException'{0x00000000cc5d3228}> (0x00000000cc5d3228) 
thrown [e:\jenkins\tmp\workspace\build\src\src\hotspot\share\prims\jni.cpp, line 516]
Event: 7.544 Thread 0x0000022b3c5f16f0 Exception <a 'sun/nio/fs/WindowsException'{0x00000000cc5d35d0}> (0x00000000cc5d35d0) 
thrown [e:\jenkins\tmp\workspace\build\src\src\hotspot\share\prims\jni.cpp, line 516]
Event: 7.545 Thread 0x0000022b3c5f16f0 Exception <a 'sun/nio/fs/WindowsException'{0x00000000cc5d3fd0}> (0x00000000cc5d3fd0) 
thrown [e:\jenkins\tmp\workspace\build\src\src\hotspot\share\prims\jni.cpp, line 516]
Event: 7.545 Thread 0x0000022b3c5f16f0 Exception <a 'sun/nio/fs/WindowsException'{0x00000000cc5d4390}> (0x00000000cc5d4390) 
thrown [e:\jenkins\tmp\workspace\build\src\src\hotspot\share\prims\jni.cpp, line 516]
Event: 7.545 Thread 0x0000022b3c5f16f0 Exception <a 'sun/nio/fs/WindowsException'{0x00000000cc5d4d90}> (0x00000000cc5d4d90) 
thrown [e:\jenkins\tmp\workspace\build\src\src\hotspot\share\prims\jni.cpp, line 516]
Event: 7.545 Thread 0x0000022b3c5f16f0 Exception <a 'sun/nio/fs/WindowsException'{0x00000000cc5d5140}> (0x00000000cc5d5140) 
thrown [e:\jenkins\tmp\workspace\build\src\src\hotspot\share\prims\jni.cpp, line 516]
Event: 7.545 Thread 0x0000022b3c5f16f0 Exception <a 'sun/nio/fs/WindowsException'{0x00000000cc5d5b40}> (0x00000000cc5d5b40) 
thrown [e:\jenkins\tmp\workspace\build\src\src\hotspot\share\prims\jni.cpp, line 516]
Event: 7.545 Thread 0x0000022b3c5f16f0 Exception <a 'sun/nio/fs/WindowsException'{0x00000000cc5d5f00}> (0x00000000cc5d5f00) 
thrown [e:\jenkins\tmp\workspace\build\src\src\hotspot\share\prims\jni.cpp, line 516]
Event: 7.545 Thread 0x0000022b3c5f16f0 Exception <a 'sun/nio/fs/WindowsException'{0x00000000cc5d6928}> (0x00000000cc5d6928) 
thrown [e:\jenkins\tmp\workspace\build\src\src\hotspot\share\prims\jni.cpp, line 516]
Event: 7.545 Thread 0x0000022b3c5f16f0 Exception <a 'sun/nio/fs/WindowsException'{0x00000000cc5d6d08}> (0x00000000cc5d6d08) 
thrown [e:\jenkins\tmp\workspace\build\src\src\hotspot\share\prims\jni.cpp, line 516]
Event: 7.547 Thread 0x0000022b3c5f16f0 Exception <a 'sun/nio/fs/WindowsException'{0x00000000cc5d7740}> (0x00000000cc5d7740) 
thrown [e:\jenkins\tmp\workspace\build\src\src\hotspot\share\prims\jni.cpp, line 516]
Event: 7.547 Thread 0x0000022b3c5f16f0 Exception <a 'sun/nio/fs/WindowsException'{0x00000000cc5d7b30}> (0x00000000cc5d7b30) 
thrown [e:\jenkins\tmp\workspace\build\src\src\hotspot\share\prims\jni.cpp, line 516]
Event: 7.548 Thread 0x0000022b3c5f16f0 Exception <a 'sun/nio/fs/WindowsException'{0x00000000cc5d8558}> (0x00000000cc5d8558) 
thrown [e:\jenkins\tmp\workspace\build\src\src\hotspot\share\prims\jni.cpp, line 516]
Event: 7.548 Thread 0x0000022b3c5f16f0 Exception <a 'sun/nio/fs/WindowsException'{0x00000000cc5d8948}> (0x00000000cc5d8948) 
thrown [e:\jenkins\tmp\workspace\build\src\src\hotspot\share\prims\jni.cpp, line 516]
Event: 8.274 Thread 0x0000022b3c652a30 Exception <a 'java/lang/NoSuchMethodError'{0x00000000cc8715b0}: 'java.lang.Object java.lang.invoke.DirectMethodHandle$Holder.invokeStatic(java.lang.Object, java.lang.Object, java.lang.Object, int, java.lang.Object, java.lang.Object)'> (0x00000000cc8715b0) 
thrown [e:\jenkins\tmp\workspace\build\src\src\hotspot\share\interpreter\linkResolver.cpp, line 766]
Event: 8.287 Thread 0x0000022b3c652560 Exception <a 'java/lang/NoSuchMethodError'{0x00000000cc8bcca8}: 'java.lang.Object java.lang.invoke.DirectMethodHandle$Holder.invokeStatic(java.lang.Object, int, java.lang.Object)'> (0x00000000cc8bcca8) 
thrown [e:\jenkins\tmp\workspace\build\src\src\hotspot\share\interpreter\linkResolver.cpp, line 766]
Event: 8.979 Thread 0x0000022b3c652a30 Exception <a 'java/lang/NoSuchMethodError'{0x00000000d677fcd8}: 'int java.lang.invoke.DirectMethodHandle$Holder.invokeStatic(java.lang.Object)'> (0x00000000d677fcd8) 
thrown [e:\jenkins\tmp\workspace\build\src\src\hotspot\share\interpreter\linkResolver.cpp, line 766]
Event: 8.980 Thread 0x0000022b3c652a30 Exception <a 'java/lang/NoSuchMethodError'{0x00000000d6783430}: 'int java.lang.invoke.DirectMethodHandle$Holder.invokeStaticInit(java.lang.Object)'> (0x00000000d6783430) 
thrown [e:\jenkins\tmp\workspace\build\src\src\hotspot\share\interpreter\linkResolver.cpp, line 766]
Event: 9.002 Thread 0x0000022b3c652a30 Exception <a 'java/lang/NoSuchMethodError'{0x00000000d663d9d0}: 'int java.lang.invoke.DirectMethodHandle$Holder.invokeVirtual(java.lang.Object, java.lang.Object)'> (0x00000000d663d9d0) 
thrown [e:\jenkins\tmp\workspace\build\src\src\hotspot\share\interpreter\linkResolver.cpp, line 766]

VM Operations (20 events):
Event: 13.282 Executing VM operation: G1CollectForAllocation done
Event: 14.008 Executing VM operation: G1CollectForAllocation
Event: 14.009 Executing VM operation: G1CollectForAllocation done
Event: 14.009 Executing VM operation: G1CollectForAllocation
Event: 14.023 Executing VM operation: G1CollectForAllocation done
Event: 15.030 Executing VM operation: Cleanup
Event: 15.061 Executing VM operation: Cleanup done
Event: 15.075 Executing VM operation: G1CollectForAllocation
Event: 15.149 Executing VM operation: G1CollectForAllocation done
Event: 15.731 Executing VM operation: G1CollectForAllocation
Event: 15.948 Executing VM operation: G1CollectForAllocation done
Event: 17.327 Executing VM operation: G1CollectForAllocation
Event: 17.372 Executing VM operation: G1CollectForAllocation done
Event: 17.373 Executing VM operation: G1CollectForAllocation
Event: 17.386 Executing VM operation: G1CollectForAllocation done
Event: 17.628 Executing VM operation: G1CollectForAllocation
Event: 17.654 Executing VM operation: G1CollectForAllocation done
Event: 17.907 Executing VM operation: G1CollectForAllocation
Event: 17.929 Executing VM operation: G1CollectForAllocation done
Event: 18.336 Executing VM operation: G1CollectForAllocation

Events (20 events):
Event: 9.015 loading class java/util/WeakHashMap$EntrySet done
Event: 9.015 loading class java/util/WeakHashMap$EntryIterator
Event: 9.016 loading class java/util/WeakHashMap$HashIterator
Event: 9.016 loading class java/util/WeakHashMap$HashIterator done
Event: 9.016 loading class java/util/WeakHashMap$EntryIterator done
Event: 9.097 Thread 0x0000022b3c6533d0 Thread added: 0x0000022b3c6533d0
Event: 10.846 loading class java/util/concurrent/CompletableFuture$UniApply
Event: 10.846 loading class java/util/concurrent/CompletableFuture$UniApply done
Event: 10.847 Thread 0x0000022b3cf467c0 Thread added: 0x0000022b3cf467c0
Event: 10.847 loading class java/util/concurrent/CompletableFuture$UniExceptionally
Event: 10.847 loading class java/util/concurrent/CompletableFuture$UniExceptionally done
Event: 10.847 Thread 0x0000022b3cf47630 Thread added: 0x0000022b3cf47630
Event: 10.853 loading class java/util/concurrent/CompletableFuture$UniCompose
Event: 10.853 loading class java/util/concurrent/CompletableFuture$UniCompose done
Event: 10.853 Thread 0x0000022b3cf4ccd0 Thread added: 0x0000022b3cf4ccd0
Event: 10.854 Thread 0x0000022b3cf462f0 Thread added: 0x0000022b3cf462f0
Event: 11.532 loading class java/util/concurrent/CompletableFuture$UniRelay
Event: 11.553 loading class java/util/concurrent/CompletableFuture$UniRelay done
Event: 11.583 Thread 0x0000022b3cf462f0 Thread exited: 0x0000022b3cf462f0
Event: 11.583 Thread 0x0000022b3cf4ccd0 Thread exited: 0x0000022b3cf4ccd0


Dynamic libraries:
0x00007ff732fa0000 - 0x00007ff732fae000 	c:\Users\gilbe\.vscode\extensions\redhat.java-1.9.0-win32-x64\jre\17.0.3-win32-x86_64\bin\java.exe
0x00007ff8b7ed0000 - 0x00007ff8b80c8000 	C:\windows\SYSTEM32\ntdll.dll
0x00007ff8b7510000 - 0x00007ff8b75cd000 	C:\windows\System32\KERNEL32.DLL
0x00007ff8b5940000 - 0x00007ff8b5c0e000 	C:\windows\System32\KERNELBASE.dll
0x00007ff8b5de0000 - 0x00007ff8b5ee0000 	C:\windows\System32\ucrtbase.dll
0x00007ff8ad800000 - 0x00007ff8ad819000 	c:\Users\gilbe\.vscode\extensions\redhat.java-1.9.0-win32-x64\jre\17.0.3-win32-x86_64\bin\VCRUNTIME140.dll
0x00007ff8ad820000 - 0x00007ff8ad838000 	c:\Users\gilbe\.vscode\extensions\redhat.java-1.9.0-win32-x64\jre\17.0.3-win32-x86_64\bin\jli.dll
0x00007ff8b5f40000 - 0x00007ff8b60e0000 	C:\windows\System32\USER32.dll
0x00007ff8b5910000 - 0x00007ff8b5932000 	C:\windows\System32\win32u.dll
0x00007ff8b7df0000 - 0x00007ff8b7e1a000 	C:\windows\System32\GDI32.dll
0x00007ff89edf0000 - 0x00007ff89f08a000 	C:\windows\WinSxS\amd64_microsoft.windows.common-controls_6595b64144ccf1df_6.0.19041.1110_none_60b5254171f9507e\COMCTL32.dll
0x00007ff8b5cd0000 - 0x00007ff8b5ddb000 	C:\windows\System32\gdi32full.dll
0x00007ff8b57c0000 - 0x00007ff8b585d000 	C:\windows\System32\msvcp_win.dll
0x00007ff8b7ab0000 - 0x00007ff8b7b4e000 	C:\windows\System32\msvcrt.dll
0x00007ff8b7720000 - 0x00007ff8b7750000 	C:\windows\System32\IMM32.DLL
0x00007ff8aea20000 - 0x00007ff8aea2c000 	c:\Users\gilbe\.vscode\extensions\redhat.java-1.9.0-win32-x64\jre\17.0.3-win32-x86_64\bin\vcruntime140_1.dll
0x00007ff882570000 - 0x00007ff882601000 	c:\Users\gilbe\.vscode\extensions\redhat.java-1.9.0-win32-x64\jre\17.0.3-win32-x86_64\bin\msvcp140.dll
0x00007ff8738d0000 - 0x00007ff874518000 	c:\Users\gilbe\.vscode\extensions\redhat.java-1.9.0-win32-x64\jre\17.0.3-win32-x86_64\bin\server\jvm.dll
0x00007ff8b63f0000 - 0x00007ff8b649e000 	C:\windows\System32\ADVAPI32.dll
0x00007ff8b7470000 - 0x00007ff8b750c000 	C:\windows\System32\sechost.dll
0x00007ff8b7210000 - 0x00007ff8b7335000 	C:\windows\System32\RPCRT4.dll
0x00007ff8b5f30000 - 0x00007ff8b5f38000 	C:\windows\System32\PSAPI.DLL
0x00007ff8ae690000 - 0x00007ff8ae699000 	C:\windows\SYSTEM32\WSOCK32.dll
0x00007ff8ac360000 - 0x00007ff8ac387000 	C:\windows\SYSTEM32\WINMM.dll
0x00007ff8b7140000 - 0x00007ff8b71ab000 	C:\windows\System32\WS2_32.dll
0x00007ff8ac390000 - 0x00007ff8ac39a000 	C:\windows\SYSTEM32\VERSION.dll
0x00007ff8b34f0000 - 0x00007ff8b3502000 	C:\windows\SYSTEM32\kernel.appcore.dll
0x00007ff8ad640000 - 0x00007ff8ad64a000 	c:\Users\gilbe\.vscode\extensions\redhat.java-1.9.0-win32-x64\jre\17.0.3-win32-x86_64\bin\jimage.dll
0x00007ff89fd40000 - 0x00007ff89ff24000 	C:\windows\SYSTEM32\DBGHELP.DLL
0x00007ff89a020000 - 0x00007ff89a04c000 	C:\windows\SYSTEM32\dbgcore.DLL
0x00007ff8b5c10000 - 0x00007ff8b5c92000 	C:\windows\System32\bcryptPrimitives.dll
0x00007ff8ad510000 - 0x00007ff8ad535000 	c:\Users\gilbe\.vscode\extensions\redhat.java-1.9.0-win32-x64\jre\17.0.3-win32-x86_64\bin\java.dll
0x00007ff8ad430000 - 0x00007ff8ad448000 	c:\Users\gilbe\.vscode\extensions\redhat.java-1.9.0-win32-x64\jre\17.0.3-win32-x86_64\bin\zip.dll
0x00007ff8b6500000 - 0x00007ff8b6c44000 	C:\windows\System32\SHELL32.dll
0x00007ff8b36f0000 - 0x00007ff8b3e84000 	C:\windows\SYSTEM32\windows.storage.dll
0x00007ff8b7750000 - 0x00007ff8b7aa4000 	C:\windows\System32\combase.dll
0x00007ff8b4f80000 - 0x00007ff8b4fb0000 	C:\windows\SYSTEM32\Wldp.dll
0x00007ff8b6290000 - 0x00007ff8b633d000 	C:\windows\System32\SHCORE.dll
0x00007ff8b64a0000 - 0x00007ff8b64f5000 	C:\windows\System32\shlwapi.dll
0x00007ff8b5530000 - 0x00007ff8b554f000 	C:\windows\SYSTEM32\profapi.dll
0x00007ff8ad3c0000 - 0x00007ff8ad3d9000 	C:\Users\gilbe\.vscode\extensions\redhat.java-1.9.0-win32-x64\jre\17.0.3-win32-x86_64\bin\net.dll
0x00007ff8a6530000 - 0x00007ff8a663a000 	C:\windows\SYSTEM32\WINHTTP.dll
0x00007ff8b4ce0000 - 0x00007ff8b4d4a000 	C:\windows\system32\mswsock.dll
0x00007ff8ad3a0000 - 0x00007ff8ad3b5000 	C:\Users\gilbe\.vscode\extensions\redhat.java-1.9.0-win32-x64\jre\17.0.3-win32-x86_64\bin\nio.dll
0x00007ff8ad620000 - 0x00007ff8ad630000 	c:\Users\gilbe\.vscode\extensions\redhat.java-1.9.0-win32-x64\jre\17.0.3-win32-x86_64\bin\verify.dll
0x00007ff8aead0000 - 0x00007ff8aead9000 	C:\Users\gilbe\.vscode\extensions\redhat.java-1.9.0-win32-x64\jre\17.0.3-win32-x86_64\bin\management.dll
0x00007ff8ad840000 - 0x00007ff8ad84b000 	C:\Users\gilbe\.vscode\extensions\redhat.java-1.9.0-win32-x64\jre\17.0.3-win32-x86_64\bin\management_ext.dll
0x00007ff898790000 - 0x00007ff8987a7000 	C:\windows\system32\napinsp.dll
0x00007ff898770000 - 0x00007ff89878b000 	C:\windows\system32\pnrpnsp.dll
0x00007ff8b0200000 - 0x00007ff8b0215000 	C:\windows\system32\wshbth.dll
0x00007ff8b0fd0000 - 0x00007ff8b0fed000 	C:\windows\system32\NLAapi.dll
0x00007ff8b49d0000 - 0x00007ff8b4a0b000 	C:\windows\SYSTEM32\IPHLPAPI.DLL
0x00007ff8b4a10000 - 0x00007ff8b4adb000 	C:\windows\SYSTEM32\DNSAPI.dll
0x00007ff8b7e80000 - 0x00007ff8b7e88000 	C:\windows\System32\NSI.dll
0x00007ff898750000 - 0x00007ff898762000 	C:\windows\System32\winrnr.dll
0x00007ff8ad030000 - 0x00007ff8ad03a000 	C:\Windows\System32\rasadhlp.dll
0x00007ff89f230000 - 0x00007ff89f2b0000 	C:\windows\System32\fwpuclnt.dll
0x00007ff8b5ca0000 - 0x00007ff8b5cc7000 	C:\windows\System32\bcrypt.dll
0x00007ff8b4ed0000 - 0x00007ff8b4ee8000 	C:\windows\SYSTEM32\CRYPTSP.dll
0x00007ff8b4660000 - 0x00007ff8b4694000 	C:\windows\system32\rsaenh.dll
0x00007ff8b54b0000 - 0x00007ff8b54de000 	C:\windows\SYSTEM32\USERENV.dll
0x00007ff8b4ef0000 - 0x00007ff8b4efc000 	C:\windows\SYSTEM32\CRYPTBASE.dll
0x00007ff8a9a30000 - 0x00007ff8a9a47000 	C:\windows\SYSTEM32\dhcpcsvc6.DLL
0x00007ff8a9da0000 - 0x00007ff8a9dbd000 	C:\windows\SYSTEM32\dhcpcsvc.DLL

dbghelp: loaded successfully - version: 4.0.5 - missing functions: none
symbol engine: initialized successfully - sym options: 0x614 - pdb path: .;c:\Users\gilbe\.vscode\extensions\redhat.java-1.9.0-win32-x64\jre\17.0.3-win32-x86_64\bin;C:\windows\SYSTEM32;C:\windows\WinSxS\amd64_microsoft.windows.common-controls_6595b64144ccf1df_6.0.19041.1110_none_60b5254171f9507e;c:\Users\gilbe\.vscode\extensions\redhat.java-1.9.0-win32-x64\jre\17.0.3-win32-x86_64\bin\server

VM Arguments:
jvm_args: -Dsts.lsp.client=vscode -Dsts.log.file=/dev/null -XX:TieredStopAtLevel=1 -Dspring.config.location=file:c:\Users\gilbe\.vscode\extensions\pivotal.vscode-spring-boot-1.37.0\language-server\BOOT-INF\classes\application.properties 
java_command: org.springframework.ide.vscode.boot.app.BootLanguageServerBootApp
java_class_path (initial): c:\Users\gilbe\.vscode\extensions\pivotal.vscode-spring-boot-1.37.0\language-server\BOOT-INF\classes;c:\Users\gilbe\.vscode\extensions\pivotal.vscode-spring-boot-1.37.0\language-server\BOOT-INF\lib\annotations-23.0.0.jar;c:\Users\gilbe\.vscode\extensions\pivotal.vscode-spring-boot-1.37.0\language-server\BOOT-INF\lib\antlr-runtime-3.5.2.jar;c:\Users\gilbe\.vscode\extensions\pivotal.vscode-spring-boot-1.37.0\language-server\BOOT-INF\lib\antlr4-4.9.3.jar;c:\Users\gilbe\.vscode\extensions\pivotal.vscode-spring-boot-1.37.0\language-server\BOOT-INF\lib\antlr4-runtime-4.9.3.jar;c:\Users\gilbe\.vscode\extensions\pivotal.vscode-spring-boot-1.37.0\language-server\BOOT-INF\lib\asm-9.3.jar;c:\Users\gilbe\.vscode\extensions\pivotal.vscode-spring-boot-1.37.0\language-server\BOOT-INF\lib\asm-analysis-9.3.jar;c:\Users\gilbe\.vscode\extensions\pivotal.vscode-spring-boot-1.37.0\language-server\BOOT-INF\lib\asm-tree-9.3.jar;c:\Users\gilbe\.vscode\extensions\pivotal.vscode-spring-boot-1.37.0\language-server\BOOT-INF\lib\asm-util-9.3.jar;c:\Users\gilbe\.vscode\extensions\pivotal.vscode-spring-boot-1.37.0\language-server\BOOT-INF\lib\byte-buddy-1.10.18.jar;c:\Users\gilbe\.vscode\extensions\pivotal.vscode-spring-boot-1.37.0\language-server\BOOT-INF\lib\caffeine-2.8.6.jar;c:\Users\gilbe\.vscode\extensions\pivotal.vscode-spring-boot-1.37.0\language-server\BOOT-INF\lib\checker-qual-3.12.0.jar;c:\Users\gilbe\.vscode\extensions\pivotal.vscode-spring-boot-1.37.0\language-server\BOOT-INF\lib\classgraph-4.8.149.jar;c:\Users\gilbe\.vscode\extensions\pivotal.vscode-spring-boot-1.37.0\language-server\BOOT-INF\lib\commons-codec-1.14.jar;c:\Users\gilbe\.vscode\extensions\pivotal.vscode-spring-boot-1.37.0\language-server\BOOT-INF\lib\commons-compress-1.21.jar;c:\Users\gilbe\.vscode\extensions\pivotal.vscode-spring-boot-1.37.0\language-server\BOOT-INF\lib\commons-exec-1.3.jar;c:\Users\gilbe\.vscode\extensions\pivotal.vscode-spring-boot-1.37.0\language-server\BOOT-INF\lib\com
Launcher Type: SUN_STANDARD

[Global flags]
     intx CICompilerCount                          = 2                                         {product} {ergonomic}
     uint ConcGCThreads                            = 1                                         {product} {ergonomic}
     uint G1ConcRefinementThreads                  = 2                                         {product} {ergonomic}
   size_t G1HeapRegionSize                         = 1048576                                   {product} {ergonomic}
    uintx GCDrainStackTargetSize                   = 64                                        {product} {ergonomic}
   size_t InitialHeapSize                          = 58720256                                  {product} {ergonomic}
   size_t MarkStackSize                            = 4194304                                   {product} {ergonomic}
   size_t MaxHeapSize                              = 908066816                                 {product} {ergonomic}
   size_t MaxNewSize                               = 544210944                                 {product} {ergonomic}
   size_t MinHeapDeltaBytes                        = 1048576                                   {product} {ergonomic}
   size_t MinHeapSize                              = 8388608                                   {product} {ergonomic}
    uintx NonProfiledCodeHeapSize                  = 0                                      {pd product} {ergonomic}
     bool ProfileInterpreter                       = false                                  {pd product} {command line}
    uintx ProfiledCodeHeapSize                     = 0                                      {pd product} {ergonomic}
   size_t SoftMaxHeapSize                          = 908066816                              {manageable} {ergonomic}
     intx TieredStopAtLevel                        = 1                                         {product} {command line}
     bool UseCompressedClassPointers               = true                           {product lp64_product} {ergonomic}
     bool UseCompressedOops                        = true                           {product lp64_product} {ergonomic}
     bool UseG1GC                                  = true                                      {product} {ergonomic}
     bool UseLargePagesIndividualAllocation        = false                                  {pd product} {ergonomic}

Logging:
Log output configuration:
 #0: stdout all=warning uptime,level,tags
 #1: stderr all=off uptime,level,tags

Environment Variables:
PATH=C:\Program Files (x86)\Common Files\Oracle\Java\javapath;C:\windows\system32;C:\windows;C:\windows\System32\Wbem;C:\windows\System32\WindowsPowerShell\v1.0\;C:\windows\System32\OpenSSH\;C:\Program Files\nodejs\;C:\ProgramData\chocolatey\bin;C:\Users\gilbe\AppData\Local\Programs\Python\Python310\Scripts\;C:\Users\gilbe\AppData\Local\Programs\Python\Python310\;C:\Users\gilbe\AppData\Local\Microsoft\WindowsApps;C:\Users\gilbe\AppData\Local\Programs\Microsoft VS Code\bin;C:\Users\gilbe\AppData\Roaming\npm;C:\Program Files\Java\jdk1.8.0_311\bin;C:\Program Files\Java\jre1.8.0_341\bin;
USERNAME=gilbe
OS=Windows_NT
PROCESSOR_IDENTIFIER=AMD64 Family 23 Model 24 Stepping 1, AuthenticAMD



---------------  S Y S T E M  ---------------

OS:
 Windows 10 , 64 bit Build 19041 (10.0.19041.1806)
OS uptime: 24 days 6:50 hours

CPU: total 2 (initial active 2) (2 cores per cpu, 1 threads per core) family 23 model 24 stepping 1 microcode 0x0, cx8, cmov, fxsr, mmx, 3dnowpref, sse, sse2, sse3, ssse3, sse4a, sse4.1, sse4.2, popcnt, lzcnt, tsc, tscinvbit, avx, avx2, aes, clmul, bmi1, bmi2, adx, sha, fma, vzeroupper, clflush, clflushopt

Memory: 4k page, system-wide physical 3463M (121M free)
TotalPageFile size 14215M (AvailPageFile size 158M)
current process WorkingSet (physical memory assigned to process): 192M, peak: 225M
current process commit charge ("private bytes"): 343M, peak: 514M

vm_info: OpenJDK 64-Bit Server VM (17.0.3+7) for windows-amd64 JRE (17.0.3+7), built on Apr 19 2022 16:55:35 by "" with MS VC++ 16.7 (VS2019)

END.
