#
# There is insufficient memory for the Java Runtime Environment to continue.
# Native memory allocation (malloc) failed to allocate 32744 bytes for ChunkPool::allocate
# Possible reasons:
#   The system is out of physical RAM or swap space
#   The process is running with CompressedOops enabled, and the Java Heap may be blocking the growth of the native heap
# Possible solutions:
#   Reduce memory load on the system
#   Increase physical memory or swap space
#   Check if swap backing store is full
#   Decrease Java heap size (-Xmx/-Xms)
#   Decrease number of Java threads
#   Decrease Java thread stack sizes (-Xss)
#   Set larger code cache with -XX:ReservedCodeCacheSize=
#   JVM is running with Unscaled Compressed Oops mode in which the Java heap is
#     placed in the first 4GB address space. The Java Heap base address is the
#     maximum limit for the native heap growth. Please use -XX:HeapBaseMinAddress
#     to set the Java Heap base and to place the Java Heap above 4GB virtual address.
# This output file may be truncated or incomplete.
#
#  Out of Memory Error (arena.cpp:78), pid=13300, tid=19948
#
# JRE version: OpenJDK Runtime Environment Temurin-17.0.3+7 (17.0.3+7) (build 17.0.3+7)
# Java VM: OpenJDK 64-Bit Server VM Temurin-17.0.3+7 (17.0.3+7, mixed mode, emulated-client, tiered, compressed oops, compressed class ptrs, g1 gc, windows-amd64)
# No core dump will be written. Minidumps are not enabled by default on client versions of Windows
#

---------------  S U M M A R Y ------------

Command Line: -Dsts.lsp.client=vscode -Dsts.log.file=/dev/null -XX:TieredStopAtLevel=1 -Dspring.config.location=file:c:\Users\gilbe\.vscode\extensions\pivotal.vscode-spring-boot-1.37.0\language-server\BOOT-INF\classes\application.properties org.springframework.ide.vscode.boot.app.BootLanguageServerBootApp

Host: AMD Athlon Silver 3050U with Radeon Graphics   , 2 cores, 3G,  Windows 10 , 64 bit Build 19041 (10.0.19041.1806)
Time: Wed Aug 10 13:44:23 2022 Central Daylight Time elapsed time: 27.369709 seconds (0d 0h 0m 27s)

---------------  T H R E A D  ---------------

Current thread (0x0000029d0c9b48d0):  JavaThread "C1 CompilerThread0" daemon [_thread_in_native, id=19948, stack(0x000000a0ba900000,0x000000a0baa00000)]


Current CompileTask:
C1:  27369 2766       1       nonapi.io.github.classgraph.utils.FastPathResolver::resolve (903 bytes)

Stack: [0x000000a0ba900000,0x000000a0baa00000]
Native frames: (J=compiled Java code, j=interpreted, Vv=VM code, C=native code)
V  [jvm.dll+0x675efa]
V  [jvm.dll+0x830a24]
V  [jvm.dll+0x8321ce]
V  [jvm.dll+0x832833]
V  [jvm.dll+0x2454b5]
V  [jvm.dll+0xabfc0]
V  [jvm.dll+0xac30c]
V  [jvm.dll+0x17b851]
V  [jvm.dll+0x17e3c9]
V  [jvm.dll+0x17e9d0]
V  [jvm.dll+0x1761a0]
V  [jvm.dll+0x175687]
V  [jvm.dll+0x17f48b]
V  [jvm.dll+0x1767c8]
V  [jvm.dll+0x17a5af]
V  [jvm.dll+0x134743]
V  [jvm.dll+0x13403f]
V  [jvm.dll+0x134276]
V  [jvm.dll+0x13370a]
V  [jvm.dll+0x1353d1]
V  [jvm.dll+0x227178]
V  [jvm.dll+0x2252bc]
V  [jvm.dll+0x7e673b]
V  [jvm.dll+0x7e0cfa]
V  [jvm.dll+0x674d85]
C  [ucrtbase.dll+0x21bb2]
C  [KERNEL32.DLL+0x17034]
C  [ntdll.dll+0x52651]


---------------  P R O C E S S  ---------------

Threads class SMR info:
_java_thread_list=0x0000029d0f63cd00, length=14, elements={
0x0000029d00f349f0, 0x0000029d0c971750, 0x0000029d0c9723d0, 0x0000029d0c9ae130,
0x0000029d0c9b0dc0, 0x0000029d0c9b36a0, 0x0000029d0c9b3f60, 0x0000029d0c9b48d0,
0x0000029d0c9e0570, 0x0000029d0d584a00, 0x0000029d0d59a020, 0x0000029d0d47a850,
0x0000029d0c9f0a90, 0x0000029d0dd07930
}

Java Threads: ( => current thread )
  0x0000029d00f349f0 JavaThread "main" [_thread_in_native, id=20992, stack(0x000000a0b9c00000,0x000000a0b9d00000)]
  0x0000029d0c971750 JavaThread "Reference Handler" daemon [_thread_blocked, id=20084, stack(0x000000a0ba300000,0x000000a0ba400000)]
  0x0000029d0c9723d0 JavaThread "Finalizer" daemon [_thread_blocked, id=19836, stack(0x000000a0ba400000,0x000000a0ba500000)]
  0x0000029d0c9ae130 JavaThread "Signal Dispatcher" daemon [_thread_blocked, id=19088, stack(0x000000a0ba500000,0x000000a0ba600000)]
  0x0000029d0c9b0dc0 JavaThread "Attach Listener" daemon [_thread_blocked, id=18532, stack(0x000000a0ba600000,0x000000a0ba700000)]
  0x0000029d0c9b36a0 JavaThread "Service Thread" daemon [_thread_blocked, id=10100, stack(0x000000a0ba700000,0x000000a0ba800000)]
  0x0000029d0c9b3f60 JavaThread "Monitor Deflation Thread" daemon [_thread_blocked, id=12872, stack(0x000000a0ba800000,0x000000a0ba900000)]
=>0x0000029d0c9b48d0 JavaThread "C1 CompilerThread0" daemon [_thread_in_native, id=19948, stack(0x000000a0ba900000,0x000000a0baa00000)]
  0x0000029d0c9e0570 JavaThread "Sweeper thread" daemon [_thread_blocked, id=5872, stack(0x000000a0baa00000,0x000000a0bab00000)]
  0x0000029d0d584a00 JavaThread "Notification Thread" daemon [_thread_blocked, id=16580, stack(0x000000a0bab00000,0x000000a0bac00000)]
  0x0000029d0d59a020 JavaThread "Common-Cleaner" daemon [_thread_blocked, id=4588, stack(0x000000a0bad00000,0x000000a0bae00000)]
  0x0000029d0d47a850 JavaThread "Thread-1" [_thread_in_vm, id=18808, stack(0x000000a0bae00000,0x000000a0baf00000)]
  0x0000029d0c9f0a90 JavaThread "pool-7-thread-1" [_thread_blocked, id=21436, stack(0x000000a0bb000000,0x000000a0bb100000)]
  0x0000029d0dd07930 JavaThread "LanguageServerApp-lifecycle" [_thread_new, id=13520, stack(0x0000000000000000,0x0000000000000000)]

Other Threads:
  0x0000029d0c922100 VMThread "VM Thread" [stack: 0x000000a0ba200000,0x000000a0ba300000] [id=17328]
  0x0000029d0d586ee0 WatcherThread [stack: 0x000000a0bac00000,0x000000a0bad00000] [id=15856]
  0x0000029d00f6bc90 GCTaskThread "GC Thread#0" [stack: 0x000000a0b9d00000,0x000000a0b9e00000] [id=12100]
  0x0000029d0d6bf040 GCTaskThread "GC Thread#1" [stack: 0x000000a0baf00000,0x000000a0bb000000] [id=15020]
  0x0000029d00f74730 ConcurrentGCThread "G1 Main Marker" [stack: 0x000000a0b9e00000,0x000000a0b9f00000] [id=15064]
  0x0000029d00f76060 ConcurrentGCThread "G1 Conc#0" [stack: 0x000000a0b9f00000,0x000000a0ba000000] [id=10544]
  0x0000029d00fa86c0 ConcurrentGCThread "G1 Refine#0" [stack: 0x000000a0ba000000,0x000000a0ba100000] [id=1796]
  0x0000029d00fa8ff0 ConcurrentGCThread "G1 Service" [stack: 0x000000a0ba100000,0x000000a0ba200000] [id=17324]

Threads with active compile tasks:
C1 CompilerThread0    27459 2766       1       nonapi.io.github.classgraph.utils.FastPathResolver::resolve (903 bytes)

VM state: not at safepoint (normal execution)

VM Mutex/Monitor currently owned by a thread: None

Heap address: 0x00000000c9e00000, size: 866 MB, Compressed Oops mode: 32-bit

CDS archive(s) not mapped
Compressed class space mapped at: 0x0000000100000000-0x0000000140000000, reserved size: 1073741824
Narrow klass base: 0x0000000000000000, Narrow klass shift: 3, Narrow klass range: 0x140000000

GC Precious Log:
 CPUs: 2 total, 2 available
 Memory: 3463M
 Large Page Support: Disabled
 NUMA Support: Disabled
 Compressed Oops: Enabled (32-bit)
 Heap Region Size: 1M
 Heap Min Capacity: 8M
 Heap Initial Capacity: 56M
 Heap Max Capacity: 866M
 Pre-touch: Disabled
 Parallel Workers: 2
 Concurrent Workers: 1
 Concurrent Refinement Workers: 2
 Periodic GC: Disabled

Heap:
 garbage-first heap   total 45056K, used 20524K [0x00000000c9e00000, 0x0000000100000000)
  region size 1024K, 7 young (7168K), 2 survivors (2048K)
 Metaspace       used 32052K, committed 32320K, reserved 1081344K
  class space    used 4057K, committed 4160K, reserved 1048576K

Heap Regions: E=young(eden), S=young(survivor), O=old, HS=humongous(starts), HC=humongous(continues), CS=collection set, F=free, OA=open archive, CA=closed archive, TAMS=top-at-mark-start (previous, next)
|   0|0x00000000c9e00000, 0x00000000c9f00000, 0x00000000c9f00000|100%| O|  |TAMS 0x00000000c9f00000, 0x00000000c9e00000| Untracked 
|   1|0x00000000c9f00000, 0x00000000ca000000, 0x00000000ca000000|100%| O|  |TAMS 0x00000000ca000000, 0x00000000c9f00000| Untracked 
|   2|0x00000000ca000000, 0x00000000ca100000, 0x00000000ca100000|100%| O|  |TAMS 0x00000000ca100000, 0x00000000ca000000| Untracked 
|   3|0x00000000ca100000, 0x00000000ca200000, 0x00000000ca200000|100%| O|  |TAMS 0x00000000ca200000, 0x00000000ca100000| Untracked 
|   4|0x00000000ca200000, 0x00000000ca300000, 0x00000000ca300000|100%| O|  |TAMS 0x00000000ca300000, 0x00000000ca200000| Untracked 
|   5|0x00000000ca300000, 0x00000000ca400000, 0x00000000ca400000|100%| O|  |TAMS 0x00000000ca400000, 0x00000000ca300000| Untracked 
|   6|0x00000000ca400000, 0x00000000ca500000, 0x00000000ca500000|100%| O|  |TAMS 0x00000000ca4b4000, 0x00000000ca400000| Untracked 
|   7|0x00000000ca500000, 0x00000000ca600000, 0x00000000ca600000|100%| O|  |TAMS 0x00000000ca500000, 0x00000000ca500000| Untracked 
|   8|0x00000000ca600000, 0x00000000ca6b6400, 0x00000000ca700000| 71%| O|  |TAMS 0x00000000ca600000, 0x00000000ca600000| Untracked 
|   9|0x00000000ca700000, 0x00000000ca800000, 0x00000000ca800000|100%| O|  |TAMS 0x00000000ca700000, 0x00000000ca700000| Untracked 
|  10|0x00000000ca800000, 0x00000000ca900000, 0x00000000ca900000|100%| O|  |TAMS 0x00000000ca800000, 0x00000000ca800000| Untracked 
|  11|0x00000000ca900000, 0x00000000caa00000, 0x00000000caa00000|100%| O|  |TAMS 0x00000000ca900000, 0x00000000ca900000| Untracked 
|  12|0x00000000caa00000, 0x00000000cab00000, 0x00000000cab00000|100%| O|  |TAMS 0x00000000caa00000, 0x00000000caa00000| Untracked 
|  13|0x00000000cab00000, 0x00000000cac00000, 0x00000000cac00000|100%| O|  |TAMS 0x00000000cab00000, 0x00000000cab00000| Untracked 
|  14|0x00000000cac00000, 0x00000000cacef400, 0x00000000cad00000| 93%| O|  |TAMS 0x00000000cac00000, 0x00000000cac00000| Untracked 
|  15|0x00000000cad00000, 0x00000000cad00000, 0x00000000cae00000|  0%| F|  |TAMS 0x00000000cad00000, 0x00000000cad00000| Untracked 
|  16|0x00000000cae00000, 0x00000000cae00000, 0x00000000caf00000|  0%| F|  |TAMS 0x00000000cae00000, 0x00000000cae00000| Untracked 
|  17|0x00000000caf00000, 0x00000000caf00000, 0x00000000cb000000|  0%| F|  |TAMS 0x00000000caf00000, 0x00000000caf00000| Untracked 
|  18|0x00000000cb000000, 0x00000000cb000000, 0x00000000cb100000|  0%| F|  |TAMS 0x00000000cb000000, 0x00000000cb000000| Untracked 
|  19|0x00000000cb100000, 0x00000000cb100000, 0x00000000cb200000|  0%| F|  |TAMS 0x00000000cb100000, 0x00000000cb100000| Untracked 
|  20|0x00000000cb200000, 0x00000000cb200000, 0x00000000cb300000|  0%| F|  |TAMS 0x00000000cb200000, 0x00000000cb200000| Untracked 
|  21|0x00000000cb300000, 0x00000000cb300000, 0x00000000cb400000|  0%| F|  |TAMS 0x00000000cb300000, 0x00000000cb300000| Untracked 
|  22|0x00000000cb400000, 0x00000000cb400000, 0x00000000cb500000|  0%| F|  |TAMS 0x00000000cb400000, 0x00000000cb400000| Untracked 
|  23|0x00000000cb500000, 0x00000000cb500000, 0x00000000cb600000|  0%| F|  |TAMS 0x00000000cb500000, 0x00000000cb500000| Untracked 
|  24|0x00000000cb600000, 0x00000000cb600000, 0x00000000cb700000|  0%| F|  |TAMS 0x00000000cb600000, 0x00000000cb600000| Untracked 
|  25|0x00000000cb700000, 0x00000000cb700000, 0x00000000cb800000|  0%| F|  |TAMS 0x00000000cb700000, 0x00000000cb700000| Untracked 
|  26|0x00000000cb800000, 0x00000000cb800000, 0x00000000cb900000|  0%| F|  |TAMS 0x00000000cb800000, 0x00000000cb800000| Untracked 
|  27|0x00000000cb900000, 0x00000000cb965870, 0x00000000cba00000| 39%| S|CS|TAMS 0x00000000cb900000, 0x00000000cb900000| Complete 
|  28|0x00000000cba00000, 0x00000000cbb00000, 0x00000000cbb00000|100%| S|CS|TAMS 0x00000000cba00000, 0x00000000cba00000| Complete 
|  29|0x00000000cbb00000, 0x00000000cbb00000, 0x00000000cbc00000|  0%| F|  |TAMS 0x00000000cbb00000, 0x00000000cbb00000| Untracked 
|  30|0x00000000cbc00000, 0x00000000cbc00000, 0x00000000cbd00000|  0%| F|  |TAMS 0x00000000cbc00000, 0x00000000cbc00000| Untracked 
|  31|0x00000000cbd00000, 0x00000000cbd00000, 0x00000000cbe00000|  0%| F|  |TAMS 0x00000000cbd00000, 0x00000000cbd00000| Untracked 
|  32|0x00000000cbe00000, 0x00000000cbe00000, 0x00000000cbf00000|  0%| F|  |TAMS 0x00000000cbe00000, 0x00000000cbe00000| Untracked 
|  33|0x00000000cbf00000, 0x00000000cbf00000, 0x00000000cc000000|  0%| F|  |TAMS 0x00000000cbf00000, 0x00000000cbf00000| Untracked 
|  34|0x00000000cc000000, 0x00000000cc000000, 0x00000000cc100000|  0%| F|  |TAMS 0x00000000cc000000, 0x00000000cc000000| Untracked 
|  35|0x00000000cc100000, 0x00000000cc100000, 0x00000000cc200000|  0%| F|  |TAMS 0x00000000cc100000, 0x00000000cc100000| Untracked 
|  36|0x00000000cc200000, 0x00000000cc200000, 0x00000000cc300000|  0%| F|  |TAMS 0x00000000cc200000, 0x00000000cc200000| Untracked 
|  37|0x00000000cc300000, 0x00000000cc300000, 0x00000000cc400000|  0%| F|  |TAMS 0x00000000cc300000, 0x00000000cc300000| Untracked 
|  38|0x00000000cc400000, 0x00000000cc400000, 0x00000000cc500000|  0%| F|  |TAMS 0x00000000cc400000, 0x00000000cc400000| Untracked 
|  39|0x00000000cc500000, 0x00000000cc575e90, 0x00000000cc600000| 46%| E|  |TAMS 0x00000000cc500000, 0x00000000cc500000| Complete 
|  42|0x00000000cc800000, 0x00000000cc900000, 0x00000000cc900000|100%| E|CS|TAMS 0x00000000cc800000, 0x00000000cc800000| Complete 
|  43|0x00000000cc900000, 0x00000000cca00000, 0x00000000cca00000|100%| E|CS|TAMS 0x00000000cc900000, 0x00000000cc900000| Complete 
|  44|0x00000000cca00000, 0x00000000ccb00000, 0x00000000ccb00000|100%| E|CS|TAMS 0x00000000cca00000, 0x00000000cca00000| Complete 
|  55|0x00000000cd500000, 0x00000000cd600000, 0x00000000cd600000|100%| E|CS|TAMS 0x00000000cd500000, 0x00000000cd500000| Complete 

Card table byte_map: [0x0000029d08760000,0x0000029d08920000] _byte_map_base: 0x0000029d08111000

Marking Bits (Prev, Next): (CMBitMap*) 0x0000029d00f6d200, (CMBitMap*) 0x0000029d00f6d1c0
 Prev Bits: [0x0000029d09870000, 0x0000029d0a5f8000)
 Next Bits: [0x0000029d08ae0000, 0x0000029d09868000)

Polling page: 0x0000029d00d60000

Metaspace:

Usage:
  Non-class:     27.34 MB used.
      Class:      3.96 MB used.
       Both:     31.30 MB used.

Virtual space:
  Non-class space:       32.00 MB reserved,      27.50 MB ( 86%) committed,  4 nodes.
      Class space:        1.00 GB reserved,       4.06 MB ( <1%) committed,  1 nodes.
             Both:        1.03 GB reserved,      31.56 MB (  3%) committed. 

Chunk freelists:
   Non-Class:  352.00 KB
       Class:  3.88 MB
        Both:  4.22 MB

MaxMetaspaceSize: unlimited
CompressedClassSpaceSize: 1.00 GB
Initial GC threshold: 21.00 MB
Current GC threshold: 35.12 MB
CDS: off
MetaspaceReclaimPolicy: balanced
 - commit_granule_bytes: 65536.
 - commit_granule_words: 8192.
 - virtual_space_node_default_size: 1048576.
 - enlarge_chunks_in_place: 1.
 - new_chunks_are_fully_committed: 0.
 - uncommit_free_chunks: 1.
 - use_allocation_guard: 0.
 - handle_deallocations: 1.


Internal statistics:

num_allocs_failed_limit: 3.
num_arena_births: 276.
num_arena_deaths: 0.
num_vsnodes_births: 5.
num_vsnodes_deaths: 0.
num_space_committed: 505.
num_space_uncommitted: 0.
num_chunks_returned_to_freelist: 3.
num_chunks_taken_from_freelist: 1140.
num_chunk_merges: 3.
num_chunk_splits: 790.
num_chunks_enlarged: 620.
num_purges: 0.
num_inconsistent_stats: 0.

CodeCache: size=49152Kb used=5385Kb max_used=5385Kb free=43766Kb
 bounds [0x0000029d05380000, 0x0000029d058d0000, 0x0000029d08380000]
 total_blobs=3272 nmethods=2764 adapters=435
 compilation: enabled
              stopped_count=0, restarted_count=0
 full_count=0

Compilation events (20 events):
Event: 27.270 Thread 0x0000029d0c9b48d0 nmethod 2756 0x0000029d058bed90 code [0x0000029d058bef20, 0x0000029d058bf0b8]
Event: 27.270 Thread 0x0000029d0c9b48d0 2757       1       jdk.internal.math.FDBigInteger::<init> (30 bytes)
Event: 27.271 Thread 0x0000029d0c9b48d0 nmethod 2757 0x0000029d058bf210 code [0x0000029d058bf3a0, 0x0000029d058bf4e8]
Event: 27.275 Thread 0x0000029d0c9b48d0 2758       1       jdk.internal.math.FDBigInteger::trimLeadingZeros (57 bytes)
Event: 27.276 Thread 0x0000029d0c9b48d0 nmethod 2758 0x0000029d058bf590 code [0x0000029d058bf720, 0x0000029d058bf878]
Event: 27.276 Thread 0x0000029d0c9b48d0 2759       1       jdk.internal.math.FDBigInteger::makeImmutable (6 bytes)
Event: 27.276 Thread 0x0000029d0c9b48d0 nmethod 2759 0x0000029d058bf990 code [0x0000029d058bfb20, 0x0000029d058bfbf8]
Event: 27.277 Thread 0x0000029d0c9b48d0 2760       1       jdk.internal.math.FDBigInteger::mult (44 bytes)
Event: 27.278 Thread 0x0000029d0c9b48d0 nmethod 2760 0x0000029d058bfc90 code [0x0000029d058bfe40, 0x0000029d058c00f8]
Event: 27.294 Thread 0x0000029d0c9b48d0 2761       1       sun.util.calendar.CalendarDate::getYear (5 bytes)
Event: 27.294 Thread 0x0000029d0c9b48d0 nmethod 2761 0x0000029d058c0210 code [0x0000029d058c03a0, 0x0000029d058c0478]
Event: 27.296 Thread 0x0000029d0c9b48d0 2762       1       org.springframework.core.OrderComparator::getOrder (111 bytes)
Event: 27.297 Thread 0x0000029d0c9b48d0 nmethod 2762 0x0000029d058c0510 code [0x0000029d058c0720, 0x0000029d058c0a78]
Event: 27.298 Thread 0x0000029d0c9b48d0 2763       1       org.springframework.core.OrderComparator::getOrder (22 bytes)
Event: 27.298 Thread 0x0000029d0c9b48d0 nmethod 2763 0x0000029d058c0d10 code [0x0000029d058c0ec0, 0x0000029d058c0fe8]
Event: 27.307 Thread 0x0000029d0c9b48d0 2764       1       org.springframework.core.ResolvableType$WildcardBounds::get (134 bytes)
Event: 27.308 Thread 0x0000029d0c9b48d0 nmethod 2764 0x0000029d058c1090 code [0x0000029d058c12e0, 0x0000029d058c1ad8]
Event: 27.318 Thread 0x0000029d0c9b48d0 2765       1       java.lang.AbstractStringBuilder::checkRangeSIOOBE (63 bytes)
Event: 27.319 Thread 0x0000029d0c9b48d0 nmethod 2765 0x0000029d058c1f10 code [0x0000029d058c2120, 0x0000029d058c2538]
Event: 27.320 Thread 0x0000029d0c9b48d0 2766       1       nonapi.io.github.classgraph.utils.FastPathResolver::resolve (903 bytes)

GC Heap History (18 events):
Event: 0.957 GC heap before
{Heap before GC invocations=0 (full 0):
 garbage-first heap   total 57344K, used 5120K [0x00000000c9e00000, 0x0000000100000000)
  region size 1024K, 6 young (6144K), 0 survivors (0K)
 Metaspace       used 4121K, committed 4288K, reserved 1056768K
  class space    used 401K, committed 512K, reserved 1048576K
}
Event: 0.977 GC heap after
{Heap after GC invocations=1 (full 0):
 garbage-first heap   total 57344K, used 4336K [0x00000000c9e00000, 0x0000000100000000)
  region size 1024K, 1 young (1024K), 1 survivors (1024K)
 Metaspace       used 4121K, committed 4288K, reserved 1056768K
  class space    used 401K, committed 512K, reserved 1048576K
}
Event: 1.183 GC heap before
{Heap before GC invocations=1 (full 0):
 garbage-first heap   total 57344K, used 6384K [0x00000000c9e00000, 0x0000000100000000)
  region size 1024K, 4 young (4096K), 1 survivors (1024K)
 Metaspace       used 4444K, committed 4544K, reserved 1056768K
  class space    used 441K, committed 512K, reserved 1048576K
}
Event: 1.189 GC heap after
{Heap after GC invocations=2 (full 0):
 garbage-first heap   total 57344K, used 5785K [0x00000000c9e00000, 0x0000000100000000)
  region size 1024K, 1 young (1024K), 1 survivors (1024K)
 Metaspace       used 4444K, committed 4544K, reserved 1056768K
  class space    used 441K, committed 512K, reserved 1048576K
}
Event: 2.794 GC heap before
{Heap before GC invocations=2 (full 0):
 garbage-first heap   total 57344K, used 12953K [0x00000000c9e00000, 0x0000000100000000)
  region size 1024K, 8 young (8192K), 1 survivors (1024K)
 Metaspace       used 7851K, committed 8000K, reserved 1056768K
  class space    used 841K, committed 896K, reserved 1048576K
}
Event: 2.797 GC heap after
{Heap after GC invocations=3 (full 0):
 garbage-first heap   total 57344K, used 7242K [0x00000000c9e00000, 0x0000000100000000)
  region size 1024K, 1 young (1024K), 1 survivors (1024K)
 Metaspace       used 7851K, committed 8000K, reserved 1056768K
  class space    used 841K, committed 896K, reserved 1048576K
}
Event: 4.608 GC heap before
{Heap before GC invocations=3 (full 0):
 garbage-first heap   total 57344K, used 17482K [0x00000000c9e00000, 0x0000000100000000)
  region size 1024K, 11 young (11264K), 1 survivors (1024K)
 Metaspace       used 11714K, committed 11904K, reserved 1064960K
  class space    used 1383K, committed 1472K, reserved 1048576K
}
Event: 4.613 GC heap after
{Heap after GC invocations=4 (full 0):
 garbage-first heap   total 57344K, used 8668K [0x00000000c9e00000, 0x0000000100000000)
  region size 1024K, 2 young (2048K), 2 survivors (2048K)
 Metaspace       used 11714K, committed 11904K, reserved 1064960K
  class space    used 1383K, committed 1472K, reserved 1048576K
}
Event: 8.042 GC heap before
{Heap before GC invocations=4 (full 0):
 garbage-first heap   total 57344K, used 32220K [0x00000000c9e00000, 0x0000000100000000)
  region size 1024K, 26 young (26624K), 2 survivors (2048K)
 Metaspace       used 18908K, committed 19136K, reserved 1073152K
  class space    used 2259K, committed 2368K, reserved 1048576K
}
Event: 8.058 GC heap after
{Heap after GC invocations=5 (full 0):
 garbage-first heap   total 57344K, used 10960K [0x00000000c9e00000, 0x0000000100000000)
  region size 1024K, 4 young (4096K), 4 survivors (4096K)
 Metaspace       used 18908K, committed 19136K, reserved 1073152K
  class space    used 2259K, committed 2368K, reserved 1048576K
}
Event: 8.835 GC heap before
{Heap before GC invocations=5 (full 0):
 garbage-first heap   total 57344K, used 21200K [0x00000000c9e00000, 0x0000000100000000)
  region size 1024K, 15 young (15360K), 4 survivors (4096K)
 Metaspace       used 21296K, committed 21504K, reserved 1073152K
  class space    used 2600K, committed 2752K, reserved 1048576K
}
Event: 8.849 GC heap after
{Heap after GC invocations=6 (full 0):
 garbage-first heap   total 57344K, used 11564K [0x00000000c9e00000, 0x0000000100000000)
  region size 1024K, 3 young (3072K), 3 survivors (3072K)
 Metaspace       used 21296K, committed 21504K, reserved 1073152K
  class space    used 2600K, committed 2752K, reserved 1048576K
}
Event: 11.278 GC heap before
{Heap before GC invocations=7 (full 0):
 garbage-first heap   total 45056K, used 33068K [0x00000000c9e00000, 0x0000000100000000)
  region size 1024K, 26 young (26624K), 3 survivors (3072K)
 Metaspace       used 25080K, committed 25344K, reserved 1073152K
  class space    used 3078K, committed 3200K, reserved 1048576K
}
Event: 11.292 GC heap after
{Heap after GC invocations=8 (full 0):
 garbage-first heap   total 45056K, used 12905K [0x00000000c9e00000, 0x0000000100000000)
  region size 1024K, 2 young (2048K), 2 survivors (2048K)
 Metaspace       used 25080K, committed 25344K, reserved 1073152K
  class space    used 3078K, committed 3200K, reserved 1048576K
}
Event: 18.078 GC heap before
{Heap before GC invocations=8 (full 0):
 garbage-first heap   total 45056K, used 29289K [0x00000000c9e00000, 0x0000000100000000)
  region size 1024K, 19 young (19456K), 2 survivors (2048K)
 Metaspace       used 27688K, committed 27968K, reserved 1081344K
  class space    used 3465K, committed 3584K, reserved 1048576K
}
Event: 18.086 GC heap after
{Heap after GC invocations=9 (full 0):
 garbage-first heap   total 45056K, used 15279K [0x00000000c9e00000, 0x0000000100000000)
  region size 1024K, 3 young (3072K), 3 survivors (3072K)
 Metaspace       used 27688K, committed 27968K, reserved 1081344K
  class space    used 3465K, committed 3584K, reserved 1048576K
}
Event: 26.817 GC heap before
{Heap before GC invocations=9 (full 0):
 garbage-first heap   total 45056K, used 30639K [0x00000000c9e00000, 0x0000000100000000)
  region size 1024K, 18 young (18432K), 3 survivors (3072K)
 Metaspace       used 31328K, committed 31616K, reserved 1081344K
  class space    used 3952K, committed 4096K, reserved 1048576K
}
Event: 26.827 GC heap after
{Heap after GC invocations=10 (full 0):
 garbage-first heap   total 45056K, used 16428K [0x00000000c9e00000, 0x0000000100000000)
  region size 1024K, 2 young (2048K), 2 survivors (2048K)
 Metaspace       used 31328K, committed 31616K, reserved 1081344K
  class space    used 3952K, committed 4096K, reserved 1048576K
}

Deoptimization events (10 events):
Event: 4.067 Thread 0x0000029d00f349f0 DEOPT PACKING pc=0x0000029d055251f5 sp=0x000000a0b9cfd650
Event: 4.067 Thread 0x0000029d00f349f0 DEOPT UNPACKING pc=0x0000029d053d2b43 sp=0x000000a0b9cfcac0 mode 3
Event: 9.027 Thread 0x0000029d00f349f0 DEOPT PACKING pc=0x0000029d05700719 sp=0x000000a0b9cfce00
Event: 9.027 Thread 0x0000029d00f349f0 DEOPT UNPACKING pc=0x0000029d053d2b43 sp=0x000000a0b9cfc2e0 mode 3
Event: 16.160 Thread 0x0000029d00f349f0 DEOPT PACKING pc=0x0000029d0580d934 sp=0x000000a0b9cf7340
Event: 16.161 Thread 0x0000029d00f349f0 DEOPT UNPACKING pc=0x0000029d053d2b43 sp=0x000000a0b9cf67c0 mode 3
Event: 18.686 Thread 0x0000029d00f349f0 DEOPT PACKING pc=0x0000029d057b63f5 sp=0x000000a0b9cfb5d0
Event: 18.686 Thread 0x0000029d00f349f0 DEOPT UNPACKING pc=0x0000029d053d2b43 sp=0x000000a0b9cfaa28 mode 3
Event: 27.111 Thread 0x0000029d0d47a850 DEOPT PACKING pc=0x0000029d058b1a2b sp=0x000000a0baefe6b0
Event: 27.111 Thread 0x0000029d0d47a850 DEOPT UNPACKING pc=0x0000029d053d2b43 sp=0x000000a0baefdbf8 mode 3

Classes unloaded (0 events):
No events

Classes redefined (0 events):
No events

Internal exceptions (20 events):
Event: 9.112 Thread 0x0000029d00f349f0 Exception <a 'java/lang/ClassNotFoundException'{0x00000000cc5b3a28}: org/springframework/context/ResourceLoaderAwareCustomizer> (0x00000000cc5b3a28) 
thrown [e:\jenkins\tmp\workspace\build\src\src\hotspot\share\classfile\systemDictionary.cpp, line 256]
Event: 9.112 Thread 0x0000029d00f349f0 Exception <a 'java/lang/ClassNotFoundException'{0x00000000cc5b9178}: org/springframework/beans/factory/AwareCustomizer> (0x00000000cc5b9178) 
thrown [e:\jenkins\tmp\workspace\build\src\src\hotspot\share\classfile\systemDictionary.cpp, line 256]
Event: 9.113 Thread 0x0000029d00f349f0 Exception <a 'java/lang/ClassNotFoundException'{0x00000000cc5bda38}: org/springframework/beans/factory/BeanClassLoaderAwareCustomizer> (0x00000000cc5bda38) 
thrown [e:\jenkins\tmp\workspace\build\src\src\hotspot\share\classfile\systemDictionary.cpp, line 256]
Event: 9.113 Thread 0x0000029d00f349f0 Exception <a 'java/lang/ClassNotFoundException'{0x00000000cc5c3170}: org/springframework/beans/factory/AwareCustomizer> (0x00000000cc5c3170) 
thrown [e:\jenkins\tmp\workspace\build\src\src\hotspot\share\classfile\systemDictionary.cpp, line 256]
Event: 9.114 Thread 0x0000029d00f349f0 Exception <a 'java/lang/ClassNotFoundException'{0x00000000cc5c7630}: org/springframework/context/EnvironmentAwareCustomizer> (0x00000000cc5c7630) 
thrown [e:\jenkins\tmp\workspace\build\src\src\hotspot\share\classfile\systemDictionary.cpp, line 256]
Event: 9.115 Thread 0x0000029d00f349f0 Exception <a 'java/lang/ClassNotFoundException'{0x00000000cc5cccd8}: org/springframework/beans/factory/AwareCustomizer> (0x00000000cc5cccd8) 
thrown [e:\jenkins\tmp\workspace\build\src\src\hotspot\share\classfile\systemDictionary.cpp, line 256]
Event: 9.910 Thread 0x0000029d00f349f0 Exception <a 'java/lang/NoSuchMethodError'{0x00000000cbd23750}: 'int java.lang.invoke.DirectMethodHandle$Holder.invokeSpecialIFC(java.lang.Object, java.lang.Object, java.lang.Object, java.lang.Object)'> (0x00000000cbd23750) 
thrown [e:\jenkins\tmp\workspace\build\src\src\hotspot\share\interpreter\linkResolver.cpp, line 766]
Event: 10.195 Thread 0x0000029d00f349f0 Exception <a 'java/lang/IncompatibleClassChangeError'{0x00000000cb99e2d0}: Found class java.lang.Object, but interface was expected> (0x00000000cb99e2d0) 
thrown [e:\jenkins\tmp\workspace\build\src\src\hotspot\share\interpreter\linkResolver.cpp, line 833]
Event: 10.300 Thread 0x0000029d00f349f0 Exception <a 'java/lang/NoSuchMethodError'{0x00000000cb8f3398}: 'void java.lang.invoke.DirectMethodHandle$Holder.invokeInterface(java.lang.Object, java.lang.Object, java.lang.Object, java.lang.Object)'> (0x00000000cb8f3398) 
thrown [e:\jenkins\tmp\workspace\build\src\src\hotspot\share\interpreter\linkResolver.cpp, line 766]
Event: 11.262 Thread 0x0000029d00f349f0 Exception <a 'java/lang/NoSuchMethodError'{0x00000000cb0861c8}: 'void java.lang.invoke.DirectMethodHandle$Holder.invokeInterface(java.lang.Object, java.lang.Object, java.lang.Object)'> (0x00000000cb0861c8) 
thrown [e:\jenkins\tmp\workspace\build\src\src\hotspot\share\interpreter\linkResolver.cpp, line 766]
Event: 11.307 Thread 0x0000029d00f349f0 Exception <a 'java/lang/NoSuchMethodError'{0x00000000cd50e2f0}: 'java.lang.Object java.lang.invoke.DirectMethodHandle$Holder.invokeStaticInit(java.lang.Object, int, int, int, int)'> (0x00000000cd50e2f0) 
thrown [e:\jenkins\tmp\workspace\build\src\src\hotspot\share\interpreter\linkResolver.cpp, line 766]
Event: 13.950 Thread 0x0000029d00f349f0 Exception <a 'java/lang/NoSuchMethodError'{0x00000000cd5a7fb0}: 'java.lang.Object java.lang.invoke.DirectMethodHandle$Holder.invokeStaticInit(java.lang.Object, java.lang.Object, int, int, int, int)'> (0x00000000cd5a7fb0) 
thrown [e:\jenkins\tmp\workspace\build\src\src\hotspot\share\interpreter\linkResolver.cpp, line 766]
Event: 14.818 Thread 0x0000029d00f349f0 Exception <a 'java/lang/NoSuchMethodError'{0x00000000cc4044f8}: 'int java.lang.invoke.DirectMethodHandle$Holder.invokeVirtual(java.lang.Object, java.lang.Object, java.lang.Object)'> (0x00000000cc4044f8) 
thrown [e:\jenkins\tmp\workspace\build\src\src\hotspot\share\interpreter\linkResolver.cpp, line 766]
Event: 15.862 Thread 0x0000029d00f349f0 Exception <a 'java/lang/NoSuchMethodError'{0x00000000cc22ba28}: 'java.lang.Object java.lang.invoke.DirectMethodHandle$Holder.newInvokeSpecial(java.lang.Object, java.lang.Object, java.lang.Object, int, java.lang.Object)'> (0x00000000cc22ba28) 
thrown [e:\jenkins\tmp\workspace\build\src\src\hotspot\share\interpreter\linkResolver.cpp, line 766]
Event: 15.977 Thread 0x0000029d00f349f0 Exception <a 'java/lang/NoSuchMethodError'{0x00000000cc240798}: 'void java.lang.invoke.DirectMethodHandle$Holder.invokeSpecialIFC(java.lang.Object, java.lang.Object, java.lang.Object)'> (0x00000000cc240798) 
thrown [e:\jenkins\tmp\workspace\build\src\src\hotspot\share\interpreter\linkResolver.cpp, line 766]
Event: 18.185 Thread 0x0000029d00f349f0 Exception <a 'java/lang/NoSuchMethodError'{0x00000000cd57dc88}: 'void java.lang.invoke.DirectMethodHandle$Holder.invokeVirtual(java.lang.Object, java.lang.Object)'> (0x00000000cd57dc88) 
thrown [e:\jenkins\tmp\workspace\build\src\src\hotspot\share\interpreter\linkResolver.cpp, line 766]
Event: 20.164 Thread 0x0000029d00f349f0 Exception <a 'java/lang/NoSuchMethodError'{0x00000000cc87fa98}: 'int java.lang.invoke.DirectMethodHandle$Holder.invokeSpecial(java.lang.Object, java.lang.Object, java.lang.Object, java.lang.Object, java.lang.Object)'> (0x00000000cc87fa98) 
thrown [e:\jenkins\tmp\workspace\build\src\src\hotspot\share\interpreter\linkResolver.cpp, line 766]
Event: 26.092 Thread 0x0000029d00f349f0 Exception <a 'java/lang/NoSuchMethodError'{0x00000000cbd37148}: 'java.lang.Object java.lang.invoke.DirectMethodHandle$Holder.invokeInterface(java.lang.Object, java.lang.Object, int)'> (0x00000000cbd37148) 
thrown [e:\jenkins\tmp\workspace\build\src\src\hotspot\share\interpreter\linkResolver.cpp, line 766]
Event: 26.106 Thread 0x0000029d00f349f0 Exception <a 'java/lang/IncompatibleClassChangeError'{0x00000000cbd4a418}: Found class java.lang.Object, but interface was expected> (0x00000000cbd4a418) 
thrown [e:\jenkins\tmp\workspace\build\src\src\hotspot\share\interpreter\linkResolver.cpp, line 833]
Event: 27.133 Thread 0x0000029d00f349f0 Exception <a 'java/lang/NoSuchMethodError'{0x00000000cc888a60}: 'java.lang.Object java.lang.invoke.DirectMethodHandle$Holder.newInvokeSpecial(java.lang.Object, java.lang.Object, int, java.lang.Object, java.lang.Object)'> (0x00000000cc888a60) 
thrown [e:\jenkins\tmp\workspace\build\src\src\hotspot\share\interpreter\linkResolver.cpp, line 766]

VM Operations (20 events):
Event: 27.154 Executing VM operation: ICBufferFull
Event: 27.155 Executing VM operation: ICBufferFull done
Event: 27.191 Executing VM operation: ICBufferFull
Event: 27.219 Executing VM operation: ICBufferFull done
Event: 27.230 Executing VM operation: ICBufferFull
Event: 27.230 Executing VM operation: ICBufferFull done
Event: 27.244 Executing VM operation: ICBufferFull
Event: 27.269 Executing VM operation: ICBufferFull done
Event: 27.286 Executing VM operation: ICBufferFull
Event: 27.287 Executing VM operation: ICBufferFull done
Event: 27.293 Executing VM operation: ICBufferFull
Event: 27.293 Executing VM operation: ICBufferFull done
Event: 27.301 Executing VM operation: ICBufferFull
Event: 27.301 Executing VM operation: ICBufferFull done
Event: 27.303 Executing VM operation: ICBufferFull
Event: 27.304 Executing VM operation: ICBufferFull done
Event: 27.308 Executing VM operation: ICBufferFull
Event: 27.310 Executing VM operation: ICBufferFull done
Event: 27.318 Executing VM operation: ICBufferFull
Event: 27.318 Executing VM operation: ICBufferFull done

Events (20 events):
Event: 27.000 loading class java/lang/Thread$State
Event: 27.000 loading class java/lang/Thread$State done
Event: 27.001 Thread 0x0000029d0c9f0a90 Thread added: 0x0000029d0c9f0a90
Event: 27.090 loading class java/util/concurrent/TimeUnit$1
Event: 27.090 loading class java/util/concurrent/TimeUnit$1 done
Event: 27.091 loading class java/util/concurrent/locks/AbstractQueuedSynchronizer$ConditionNode
Event: 27.094 loading class java/util/concurrent/locks/AbstractQueuedSynchronizer$Node
Event: 27.094 loading class java/util/concurrent/locks/AbstractQueuedSynchronizer$Node done
Event: 27.094 loading class java/util/concurrent/locks/AbstractQueuedSynchronizer$ConditionNode done
Event: 27.099 loading class java/nio/channels/AsynchronousByteChannel
Event: 27.100 loading class java/nio/channels/AsynchronousChannel
Event: 27.101 loading class java/nio/channels/AsynchronousChannel done
Event: 27.101 loading class java/nio/channels/AsynchronousByteChannel done
Event: 27.101 loading class java/net/SocketAddress
Event: 27.105 loading class java/net/SocketAddress done
Event: 27.105 loading class java/net/InetSocketAddress
Event: 27.107 loading class java/net/InetSocketAddress done
Event: 27.235 loading class jdk/internal/math/FDBigInteger
Event: 27.245 loading class jdk/internal/math/FDBigInteger done
Event: 27.320 Thread 0x0000029d0dd07930 Thread added: 0x0000029d0dd07930


Dynamic libraries:
0x00007ff6155c0000 - 0x00007ff6155ce000 	c:\Users\gilbe\.vscode\extensions\redhat.java-1.9.0-win32-x64\jre\17.0.3-win32-x86_64\bin\java.exe
0x00007ff8b7ed0000 - 0x00007ff8b80c8000 	C:\windows\SYSTEM32\ntdll.dll
0x00007ff8b7510000 - 0x00007ff8b75cd000 	C:\windows\System32\KERNEL32.DLL
0x00007ff8b5940000 - 0x00007ff8b5c0e000 	C:\windows\System32\KERNELBASE.dll
0x00007ff8b5de0000 - 0x00007ff8b5ee0000 	C:\windows\System32\ucrtbase.dll
0x00007ff8aea20000 - 0x00007ff8aea38000 	c:\Users\gilbe\.vscode\extensions\redhat.java-1.9.0-win32-x64\jre\17.0.3-win32-x86_64\bin\jli.dll
0x00007ff8b5f40000 - 0x00007ff8b60e0000 	C:\windows\System32\USER32.dll
0x00007ff8b5910000 - 0x00007ff8b5932000 	C:\windows\System32\win32u.dll
0x00007ff8b7df0000 - 0x00007ff8b7e1a000 	C:\windows\System32\GDI32.dll
0x00007ff8b5cd0000 - 0x00007ff8b5ddb000 	C:\windows\System32\gdi32full.dll
0x00007ff8b57c0000 - 0x00007ff8b585d000 	C:\windows\System32\msvcp_win.dll
0x00007ff8ad430000 - 0x00007ff8ad449000 	c:\Users\gilbe\.vscode\extensions\redhat.java-1.9.0-win32-x64\jre\17.0.3-win32-x86_64\bin\VCRUNTIME140.dll
0x00007ff89edf0000 - 0x00007ff89f08a000 	C:\windows\WinSxS\amd64_microsoft.windows.common-controls_6595b64144ccf1df_6.0.19041.1110_none_60b5254171f9507e\COMCTL32.dll
0x00007ff8b7ab0000 - 0x00007ff8b7b4e000 	C:\windows\System32\msvcrt.dll
0x00007ff8b7720000 - 0x00007ff8b7750000 	C:\windows\System32\IMM32.DLL
0x00007ff8ad620000 - 0x00007ff8ad62c000 	c:\Users\gilbe\.vscode\extensions\redhat.java-1.9.0-win32-x64\jre\17.0.3-win32-x86_64\bin\vcruntime140_1.dll
0x00007ff887b10000 - 0x00007ff887ba1000 	c:\Users\gilbe\.vscode\extensions\redhat.java-1.9.0-win32-x64\jre\17.0.3-win32-x86_64\bin\msvcp140.dll
0x00007ff875b60000 - 0x00007ff8767a8000 	c:\Users\gilbe\.vscode\extensions\redhat.java-1.9.0-win32-x64\jre\17.0.3-win32-x86_64\bin\server\jvm.dll
0x00007ff8b63f0000 - 0x00007ff8b649e000 	C:\windows\System32\ADVAPI32.dll
0x00007ff8b7470000 - 0x00007ff8b750c000 	C:\windows\System32\sechost.dll
0x00007ff8b7210000 - 0x00007ff8b7335000 	C:\windows\System32\RPCRT4.dll
0x00007ff8b5f30000 - 0x00007ff8b5f38000 	C:\windows\System32\PSAPI.DLL
0x00007ff8ad5e0000 - 0x00007ff8ad5e9000 	C:\windows\SYSTEM32\WSOCK32.dll
0x00007ff8b7140000 - 0x00007ff8b71ab000 	C:\windows\System32\WS2_32.dll
0x00007ff8ac360000 - 0x00007ff8ac387000 	C:\windows\SYSTEM32\WINMM.dll
0x00007ff8ac390000 - 0x00007ff8ac39a000 	C:\windows\SYSTEM32\VERSION.dll
0x00007ff8b34f0000 - 0x00007ff8b3502000 	C:\windows\SYSTEM32\kernel.appcore.dll
0x00007ff8ad3b0000 - 0x00007ff8ad3ba000 	c:\Users\gilbe\.vscode\extensions\redhat.java-1.9.0-win32-x64\jre\17.0.3-win32-x86_64\bin\jimage.dll
0x00007ff89fd40000 - 0x00007ff89ff24000 	C:\windows\SYSTEM32\DBGHELP.DLL
0x00007ff89a020000 - 0x00007ff89a04c000 	C:\windows\SYSTEM32\dbgcore.DLL
0x00007ff8b5c10000 - 0x00007ff8b5c92000 	C:\windows\System32\bcryptPrimitives.dll
0x00007ff8ad350000 - 0x00007ff8ad375000 	c:\Users\gilbe\.vscode\extensions\redhat.java-1.9.0-win32-x64\jre\17.0.3-win32-x86_64\bin\java.dll
0x00007ff8ad330000 - 0x00007ff8ad348000 	c:\Users\gilbe\.vscode\extensions\redhat.java-1.9.0-win32-x64\jre\17.0.3-win32-x86_64\bin\zip.dll
0x00007ff8b6500000 - 0x00007ff8b6c44000 	C:\windows\System32\SHELL32.dll
0x00007ff8b36f0000 - 0x00007ff8b3e84000 	C:\windows\SYSTEM32\windows.storage.dll
0x00007ff8b7750000 - 0x00007ff8b7aa4000 	C:\windows\System32\combase.dll
0x00007ff8b4f80000 - 0x00007ff8b4fb0000 	C:\windows\SYSTEM32\Wldp.dll
0x00007ff8b6290000 - 0x00007ff8b633d000 	C:\windows\System32\SHCORE.dll
0x00007ff8b64a0000 - 0x00007ff8b64f5000 	C:\windows\System32\shlwapi.dll
0x00007ff8b5530000 - 0x00007ff8b554f000 	C:\windows\SYSTEM32\profapi.dll
0x00007ff8ad2f0000 - 0x00007ff8ad309000 	C:\Users\gilbe\.vscode\extensions\redhat.java-1.9.0-win32-x64\jre\17.0.3-win32-x86_64\bin\net.dll
0x00007ff8a6530000 - 0x00007ff8a663a000 	C:\windows\SYSTEM32\WINHTTP.dll
0x00007ff8b4ce0000 - 0x00007ff8b4d4a000 	C:\windows\system32\mswsock.dll
0x00007ff8ad0c0000 - 0x00007ff8ad0d5000 	C:\Users\gilbe\.vscode\extensions\redhat.java-1.9.0-win32-x64\jre\17.0.3-win32-x86_64\bin\nio.dll
0x00007ff8ad320000 - 0x00007ff8ad330000 	c:\Users\gilbe\.vscode\extensions\redhat.java-1.9.0-win32-x64\jre\17.0.3-win32-x86_64\bin\verify.dll
0x00007ff8ad510000 - 0x00007ff8ad519000 	C:\Users\gilbe\.vscode\extensions\redhat.java-1.9.0-win32-x64\jre\17.0.3-win32-x86_64\bin\management.dll
0x00007ff8ad500000 - 0x00007ff8ad50b000 	C:\Users\gilbe\.vscode\extensions\redhat.java-1.9.0-win32-x64\jre\17.0.3-win32-x86_64\bin\management_ext.dll
0x00007ff898790000 - 0x00007ff8987a7000 	C:\windows\system32\napinsp.dll
0x00007ff898770000 - 0x00007ff89878b000 	C:\windows\system32\pnrpnsp.dll
0x00007ff8b0200000 - 0x00007ff8b0215000 	C:\windows\system32\wshbth.dll
0x00007ff8b0fd0000 - 0x00007ff8b0fed000 	C:\windows\system32\NLAapi.dll
0x00007ff8b49d0000 - 0x00007ff8b4a0b000 	C:\windows\SYSTEM32\IPHLPAPI.DLL
0x00007ff8b4a10000 - 0x00007ff8b4adb000 	C:\windows\SYSTEM32\DNSAPI.dll
0x00007ff8b7e80000 - 0x00007ff8b7e88000 	C:\windows\System32\NSI.dll
0x00007ff898750000 - 0x00007ff898762000 	C:\windows\System32\winrnr.dll
0x00007ff8ad030000 - 0x00007ff8ad03a000 	C:\Windows\System32\rasadhlp.dll
0x00007ff89f230000 - 0x00007ff89f2b0000 	C:\windows\System32\fwpuclnt.dll
0x00007ff8b5ca0000 - 0x00007ff8b5cc7000 	C:\windows\System32\bcrypt.dll
0x00007ff8b4ed0000 - 0x00007ff8b4ee8000 	C:\windows\SYSTEM32\CRYPTSP.dll
0x00007ff8b4660000 - 0x00007ff8b4694000 	C:\windows\system32\rsaenh.dll
0x00007ff8b54b0000 - 0x00007ff8b54de000 	C:\windows\SYSTEM32\USERENV.dll
0x00007ff8b4ef0000 - 0x00007ff8b4efc000 	C:\windows\SYSTEM32\CRYPTBASE.dll
0x00007ff8a9a30000 - 0x00007ff8a9a47000 	C:\windows\SYSTEM32\dhcpcsvc6.DLL
0x00007ff8a9da0000 - 0x00007ff8a9dbd000 	C:\windows\SYSTEM32\dhcpcsvc.DLL

dbghelp: loaded successfully - version: 4.0.5 - missing functions: none
symbol engine: initialized successfully - sym options: 0x614 - pdb path: .;c:\Users\gilbe\.vscode\extensions\redhat.java-1.9.0-win32-x64\jre\17.0.3-win32-x86_64\bin;C:\windows\SYSTEM32;C:\windows\WinSxS\amd64_microsoft.windows.common-controls_6595b64144ccf1df_6.0.19041.1110_none_60b5254171f9507e;c:\Users\gilbe\.vscode\extensions\redhat.java-1.9.0-win32-x64\jre\17.0.3-win32-x86_64\bin\server

VM Arguments:
jvm_args: -Dsts.lsp.client=vscode -Dsts.log.file=/dev/null -XX:TieredStopAtLevel=1 -Dspring.config.location=file:c:\Users\gilbe\.vscode\extensions\pivotal.vscode-spring-boot-1.37.0\language-server\BOOT-INF\classes\application.properties 
java_command: org.springframework.ide.vscode.boot.app.BootLanguageServerBootApp
java_class_path (initial): c:\Users\gilbe\.vscode\extensions\pivotal.vscode-spring-boot-1.37.0\language-server\BOOT-INF\classes;c:\Users\gilbe\.vscode\extensions\pivotal.vscode-spring-boot-1.37.0\language-server\BOOT-INF\lib\annotations-23.0.0.jar;c:\Users\gilbe\.vscode\extensions\pivotal.vscode-spring-boot-1.37.0\language-server\BOOT-INF\lib\antlr-runtime-3.5.2.jar;c:\Users\gilbe\.vscode\extensions\pivotal.vscode-spring-boot-1.37.0\language-server\BOOT-INF\lib\antlr4-4.9.3.jar;c:\Users\gilbe\.vscode\extensions\pivotal.vscode-spring-boot-1.37.0\language-server\BOOT-INF\lib\antlr4-runtime-4.9.3.jar;c:\Users\gilbe\.vscode\extensions\pivotal.vscode-spring-boot-1.37.0\language-server\BOOT-INF\lib\asm-9.3.jar;c:\Users\gilbe\.vscode\extensions\pivotal.vscode-spring-boot-1.37.0\language-server\BOOT-INF\lib\asm-analysis-9.3.jar;c:\Users\gilbe\.vscode\extensions\pivotal.vscode-spring-boot-1.37.0\language-server\BOOT-INF\lib\asm-tree-9.3.jar;c:\Users\gilbe\.vscode\extensions\pivotal.vscode-spring-boot-1.37.0\language-server\BOOT-INF\lib\asm-util-9.3.jar;c:\Users\gilbe\.vscode\extensions\pivotal.vscode-spring-boot-1.37.0\language-server\BOOT-INF\lib\byte-buddy-1.10.18.jar;c:\Users\gilbe\.vscode\extensions\pivotal.vscode-spring-boot-1.37.0\language-server\BOOT-INF\lib\caffeine-2.8.6.jar;c:\Users\gilbe\.vscode\extensions\pivotal.vscode-spring-boot-1.37.0\language-server\BOOT-INF\lib\checker-qual-3.12.0.jar;c:\Users\gilbe\.vscode\extensions\pivotal.vscode-spring-boot-1.37.0\language-server\BOOT-INF\lib\classgraph-4.8.149.jar;c:\Users\gilbe\.vscode\extensions\pivotal.vscode-spring-boot-1.37.0\language-server\BOOT-INF\lib\commons-codec-1.14.jar;c:\Users\gilbe\.vscode\extensions\pivotal.vscode-spring-boot-1.37.0\language-server\BOOT-INF\lib\commons-compress-1.21.jar;c:\Users\gilbe\.vscode\extensions\pivotal.vscode-spring-boot-1.37.0\language-server\BOOT-INF\lib\commons-exec-1.3.jar;c:\Users\gilbe\.vscode\extensions\pivotal.vscode-spring-boot-1.37.0\language-server\BOOT-INF\lib\com
Launcher Type: SUN_STANDARD

[Global flags]
     intx CICompilerCount                          = 2                                         {product} {ergonomic}
     uint ConcGCThreads                            = 1                                         {product} {ergonomic}
     uint G1ConcRefinementThreads                  = 2                                         {product} {ergonomic}
   size_t G1HeapRegionSize                         = 1048576                                   {product} {ergonomic}
    uintx GCDrainStackTargetSize                   = 64                                        {product} {ergonomic}
   size_t InitialHeapSize                          = 58720256                                  {product} {ergonomic}
   size_t MarkStackSize                            = 4194304                                   {product} {ergonomic}
   size_t MaxHeapSize                              = 908066816                                 {product} {ergonomic}
   size_t MaxNewSize                               = 544210944                                 {product} {ergonomic}
   size_t MinHeapDeltaBytes                        = 1048576                                   {product} {ergonomic}
   size_t MinHeapSize                              = 8388608                                   {product} {ergonomic}
    uintx NonProfiledCodeHeapSize                  = 0                                      {pd product} {ergonomic}
     bool ProfileInterpreter                       = false                                  {pd product} {command line}
    uintx ProfiledCodeHeapSize                     = 0                                      {pd product} {ergonomic}
   size_t SoftMaxHeapSize                          = 908066816                              {manageable} {ergonomic}
     intx TieredStopAtLevel                        = 1                                         {product} {command line}
     bool UseCompressedClassPointers               = true                           {product lp64_product} {ergonomic}
     bool UseCompressedOops                        = true                           {product lp64_product} {ergonomic}
     bool UseG1GC                                  = true                                      {product} {ergonomic}
     bool UseLargePagesIndividualAllocation        = false                                  {pd product} {ergonomic}

Logging:
Log output configuration:
 #0: stdout all=warning uptime,level,tags
 #1: stderr all=off uptime,level,tags

Environment Variables:
PATH=C:\Program Files (x86)\Common Files\Oracle\Java\javapath;C:\windows\system32;C:\windows;C:\windows\System32\Wbem;C:\windows\System32\WindowsPowerShell\v1.0\;C:\windows\System32\OpenSSH\;C:\Program Files\nodejs\;C:\ProgramData\chocolatey\bin;C:\Users\gilbe\AppData\Local\Programs\Python\Python310\Scripts\;C:\Users\gilbe\AppData\Local\Programs\Python\Python310\;C:\Users\gilbe\AppData\Local\Microsoft\WindowsApps;C:\Users\gilbe\AppData\Local\Programs\Microsoft VS Code\bin;C:\Users\gilbe\AppData\Roaming\npm;C:\Program Files\Java\jdk1.8.0_311\bin;C:\Program Files\Java\jre1.8.0_341\bin;
USERNAME=gilbe
OS=Windows_NT
PROCESSOR_IDENTIFIER=AMD64 Family 23 Model 24 Stepping 1, AuthenticAMD



---------------  S Y S T E M  ---------------

OS:
 Windows 10 , 64 bit Build 19041 (10.0.19041.1806)
OS uptime: 24 days 5:23 hours

CPU: total 2 (initial active 2) (2 cores per cpu, 1 threads per core) family 23 model 24 stepping 1 microcode 0x0, cx8, cmov, fxsr, mmx, 3dnowpref, sse, sse2, sse3, ssse3, sse4a, sse4.1, sse4.2, popcnt, lzcnt, tsc, tscinvbit, avx, avx2, aes, clmul, bmi1, bmi2, adx, sha, fma, vzeroupper, clflush, clflushopt

Memory: 4k page, system-wide physical 3463M (41M free)
TotalPageFile size 14215M (AvailPageFile size 0M)
current process WorkingSet (physical memory assigned to process): 71M, peak: 105M
current process commit charge ("private bytes"): 146M, peak: 146M

vm_info: OpenJDK 64-Bit Server VM (17.0.3+7) for windows-amd64 JRE (17.0.3+7), built on Apr 19 2022 16:55:35 by "" with MS VC++ 16.7 (VS2019)

END.
