#
# There is insufficient memory for the Java Runtime Environment to continue.
# Native memory allocation (malloc) failed to allocate 555376 bytes for Chunk::new
# Possible reasons:
#   The system is out of physical RAM or swap space
#   The process is running with CompressedOops enabled, and the Java Heap may be blocking the growth of the native heap
# Possible solutions:
#   Reduce memory load on the system
#   Increase physical memory or swap space
#   Check if swap backing store is full
#   Decrease Java heap size (-Xmx/-Xms)
#   Decrease number of Java threads
#   Decrease Java thread stack sizes (-Xss)
#   Set larger code cache with -XX:ReservedCodeCacheSize=
#   JVM is running with Unscaled Compressed Oops mode in which the Java heap is
#     placed in the first 4GB address space. The Java Heap base address is the
#     maximum limit for the native heap growth. Please use -XX:HeapBaseMinAddress
#     to set the Java Heap base and to place the Java Heap above 4GB virtual address.
# This output file may be truncated or incomplete.
#
#  Out of Memory Error (arena.cpp:189), pid=11324, tid=1316
#
# JRE version: OpenJDK Runtime Environment Temurin-17.0.3+7 (17.0.3+7) (build 17.0.3+7)
# Java VM: OpenJDK 64-Bit Server VM Temurin-17.0.3+7 (17.0.3+7, mixed mode, tiered, compressed oops, compressed class ptrs, parallel gc, windows-amd64)
# No core dump will be written. Minidumps are not enabled by default on client versions of Windows
#

---------------  S U M M A R Y ------------

Command Line: --add-modules=ALL-SYSTEM --add-opens=java.base/java.util=ALL-UNNAMED --add-opens=java.base/java.lang=ALL-UNNAMED --add-opens=java.base/sun.nio.fs=ALL-UNNAMED -Declipse.application=org.eclipse.jdt.ls.core.id1 -Dosgi.bundles.defaultStartLevel=4 -Declipse.product=org.eclipse.jdt.ls.core.product -Djava.import.generatesMetadataFilesAtProjectRoot=false -Dfile.encoding=utf8 -DwatchParentProcess=false -XX:+UseParallelGC -XX:GCTimeRatio=4 -XX:AdaptiveSizePolicyWeight=90 -Dsun.zip.disableMemoryMapping=true -Xmx1G -Xms100m -javaagent:c:\Users\gilbe\.vscode\extensions\redhat.java-1.9.0-win32-x64\lombok\lombok-1.18.24.jar -XX:+HeapDumpOnOutOfMemoryError -XX:HeapDumpPath=c:\Users\gilbe\AppData\Roaming\Code\User\workspaceStorage\6855dac74c9501bda7c68a02d3bf8714\redhat.java c:\Users\gilbe\.vscode\extensions\redhat.java-1.9.0-win32-x64\server\plugins\org.eclipse.equinox.launcher_1.6.400.v20210924-0641.jar -configuration c:\Users\gilbe\AppData\Roaming\Code\User\globalStorage\redhat.java\1.9.0\config_win -data c:\Users\gilbe\AppData\Roaming\Code\User\workspaceStorage\6855dac74c9501bda7c68a02d3bf8714\redhat.java\jdt_ws

Host: AMD Athlon Silver 3050U with Radeon Graphics   , 2 cores, 3G,  Windows 10 , 64 bit Build 19041 (10.0.19041.1806)
Time: Wed Aug 10 13:43:22 2022 Central Daylight Time elapsed time: 49.500281 seconds (0d 0h 0m 49s)

---------------  T H R E A D  ---------------

Current thread (0x0000021ceb8d1f50):  JavaThread "C2 CompilerThread0" daemon [_thread_in_native, id=1316, stack(0x00000072afb00000,0x00000072afc00000)]


Current CompileTask:
C2:  49500 4486   !   4       org.eclipse.osgi.internal.loader.BundleLoader::findRequiredSource (283 bytes)

Stack: [0x00000072afb00000,0x00000072afc00000]
Native frames: (J=compiled Java code, j=interpreted, Vv=VM code, C=native code)
V  [jvm.dll+0x675efa]
V  [jvm.dll+0x830a24]
V  [jvm.dll+0x8321ce]
V  [jvm.dll+0x832833]
V  [jvm.dll+0x2454b5]
V  [jvm.dll+0xabd7b]
V  [jvm.dll+0xac30c]
V  [jvm.dll+0x3635d2]
V  [jvm.dll+0x32dca1]
V  [jvm.dll+0x32d14a]
V  [jvm.dll+0x218361]
V  [jvm.dll+0x217781]
V  [jvm.dll+0x1a3ccd]
V  [jvm.dll+0x227178]
V  [jvm.dll+0x2252bc]
V  [jvm.dll+0x7e673b]
V  [jvm.dll+0x7e0cfa]
V  [jvm.dll+0x674d85]
C  [ucrtbase.dll+0x21bb2]
C  [KERNEL32.DLL+0x17034]
C  [ntdll.dll+0x52651]


---------------  P R O C E S S  ---------------

Threads class SMR info:
_java_thread_list=0x0000021ceef05a30, length=25, elements={
0x0000021cd7acf840, 0x0000021ceb8a2750, 0x0000021ceb8a33d0, 0x0000021ceb8ca160,
0x0000021ceb8cccf0, 0x0000021ceb8cd870, 0x0000021ceb8d12b0, 0x0000021ceb8d1f50,
0x0000021ceb94dd50, 0x0000021ceb94ea00, 0x0000021cecce4790, 0x0000021cece37650,
0x0000021ced5cba60, 0x0000021cecf62090, 0x0000021ced7c5e50, 0x0000021ceb928290,
0x0000021ced5c8dd0, 0x0000021ced327080, 0x0000021ced32a570, 0x0000021ced32aa40,
0x0000021ced329bd0, 0x0000021ced329700, 0x0000021ced327550, 0x0000021ced327a20,
0x0000021ced327ef0
}

Java Threads: ( => current thread )
  0x0000021cd7acf840 JavaThread "main" [_thread_blocked, id=10020, stack(0x00000072af200000,0x00000072af300000)]
  0x0000021ceb8a2750 JavaThread "Reference Handler" daemon [_thread_blocked, id=13684, stack(0x00000072af500000,0x00000072af600000)]
  0x0000021ceb8a33d0 JavaThread "Finalizer" daemon [_thread_blocked, id=12020, stack(0x00000072af600000,0x00000072af700000)]
  0x0000021ceb8ca160 JavaThread "Signal Dispatcher" daemon [_thread_blocked, id=10356, stack(0x00000072af700000,0x00000072af800000)]
  0x0000021ceb8cccf0 JavaThread "Attach Listener" daemon [_thread_blocked, id=1916, stack(0x00000072af800000,0x00000072af900000)]
  0x0000021ceb8cd870 JavaThread "Service Thread" daemon [_thread_blocked, id=10968, stack(0x00000072af900000,0x00000072afa00000)]
  0x0000021ceb8d12b0 JavaThread "Monitor Deflation Thread" daemon [_thread_blocked, id=12464, stack(0x00000072afa00000,0x00000072afb00000)]
=>0x0000021ceb8d1f50 JavaThread "C2 CompilerThread0" daemon [_thread_in_native, id=1316, stack(0x00000072afb00000,0x00000072afc00000)]
  0x0000021ceb94dd50 JavaThread "C1 CompilerThread0" daemon [_thread_in_native, id=18588, stack(0x00000072afc00000,0x00000072afd00000)]
  0x0000021ceb94ea00 JavaThread "Sweeper thread" daemon [_thread_blocked, id=15880, stack(0x00000072afd00000,0x00000072afe00000)]
  0x0000021cecce4790 JavaThread "Common-Cleaner" daemon [_thread_blocked, id=2376, stack(0x00000072afe00000,0x00000072aff00000)]
  0x0000021cece37650 JavaThread "Notification Thread" daemon [_thread_blocked, id=18776, stack(0x00000072aff00000,0x00000072b0000000)]
  0x0000021ced5cba60 JavaThread "Active Thread: Equinox Container: baa27a63-9f62-4651-940e-e88158d5e3a2" [_thread_blocked, id=16624, stack(0x00000072b0200000,0x00000072b0300000)]
  0x0000021cecf62090 JavaThread "Framework Event Dispatcher: Equinox Container: baa27a63-9f62-4651-940e-e88158d5e3a2" daemon [_thread_blocked, id=2088, stack(0x00000072b0300000,0x00000072b0400000)]
  0x0000021ced7c5e50 JavaThread "Start Level: Equinox Container: baa27a63-9f62-4651-940e-e88158d5e3a2" daemon [_thread_blocked, id=9740, stack(0x00000072b0400000,0x00000072b0500000)]
  0x0000021ceb928290 JavaThread "SCR Component Actor" daemon [_thread_blocked, id=8392, stack(0x00000072b0500000,0x00000072b0600000)]
  0x0000021ced5c8dd0 JavaThread "Bundle File Closer" daemon [_thread_blocked, id=9660, stack(0x00000072b0700000,0x00000072b0800000)]
  0x0000021ced327080 JavaThread "Worker-JM" [_thread_blocked, id=3816, stack(0x00000072b0800000,0x00000072b0900000)]
  0x0000021ced32a570 JavaThread "Worker-0: Loading available Gradle versions" [_thread_in_vm, id=11444, stack(0x00000072b0900000,0x00000072b0a00000)]
  0x0000021ced32aa40 JavaThread "Worker-1" [_thread_blocked, id=12728, stack(0x00000072b0a00000,0x00000072b0b00000)]
  0x0000021ced329bd0 JavaThread "Worker-2" [_thread_blocked, id=8432, stack(0x00000072b0b00000,0x00000072b0c00000)]
  0x0000021ced329700 JavaThread "Worker-3" [_thread_blocked, id=3468, stack(0x00000072b0c00000,0x00000072b0d00000)]
  0x0000021ced327550 JavaThread "Worker-4" [_thread_blocked, id=7572, stack(0x00000072b0d00000,0x00000072b0e00000)]
  0x0000021ced327a20 JavaThread "Java indexing" daemon [_thread_blocked, id=18420, stack(0x00000072b0600000,0x00000072b0700000)]
  0x0000021ced327ef0 JavaThread "pool-1-thread-1" [_thread_in_native, id=16032, stack(0x00000072b0e00000,0x00000072b0f00000)]

Other Threads:
  0x0000021ceb88ae10 VMThread "VM Thread" [stack: 0x00000072af400000,0x00000072af500000] [id=3296]
  0x0000021cece37b20 WatcherThread [stack: 0x00000072b0000000,0x00000072b0100000] [id=14980]
  0x0000021cd7ae5470 GCTaskThread "GC Thread#0" [stack: 0x00000072af300000,0x00000072af400000] [id=13844]
  0x0000021ced4af270 GCTaskThread "GC Thread#1" [stack: 0x00000072b0100000,0x00000072b0200000] [id=12324]

Threads with active compile tasks:
C2 CompilerThread0    49564 4486   !   4       org.eclipse.osgi.internal.loader.BundleLoader::findRequiredSource (283 bytes)

VM state: not at safepoint (normal execution)

VM Mutex/Monitor currently owned by a thread:  ([mutex/lock_event])
[0x0000021cd7ac95d0] CodeCache_lock - owner thread: 0x0000021ced32a570
[0x0000021cd7aca7a0] Compile_lock - owner thread: 0x0000021ced32a570

Heap address: 0x00000000c0000000, size: 1024 MB, Compressed Oops mode: 32-bit

CDS archive(s) not mapped
Compressed class space mapped at: 0x0000000100000000-0x0000000140000000, reserved size: 1073741824
Narrow klass base: 0x0000000000000000, Narrow klass shift: 3, Narrow klass range: 0x140000000

GC Precious Log:
 CPUs: 2 total, 2 available
 Memory: 3463M
 Large Page Support: Disabled
 NUMA Support: Disabled
 Compressed Oops: Enabled (32-bit)
 Alignments: Space 512K, Generation 512K, Heap 2M
 Heap Min Capacity: 100M
 Heap Initial Capacity: 100M
 Heap Max Capacity: 1G
 Pre-touch: Disabled
 Parallel Workers: 2

Heap:
 PSYoungGen      total 24064K, used 19645K [0x00000000eab00000, 0x00000000ec680000, 0x0000000100000000)
  eden space 22528K, 81% used [0x00000000eab00000,0x00000000ebcdbcc0,0x00000000ec100000)
  from space 1536K, 88% used [0x00000000ec480000,0x00000000ec5d3ab0,0x00000000ec600000)
  to   space 512K, 0% used [0x00000000ec600000,0x00000000ec600000,0x00000000ec680000)
 ParOldGen       total 68608K, used 14104K [0x00000000c0000000, 0x00000000c4300000, 0x00000000eab00000)
  object space 68608K, 20% used [0x00000000c0000000,0x00000000c0dc6230,0x00000000c4300000)
 Metaspace       used 44091K, committed 44928K, reserved 1089536K
  class space    used 4727K, committed 5120K, reserved 1048576K

Card table byte_map: [0x0000021cd74b0000,0x0000021cd76c0000] _byte_map_base: 0x0000021cd6eb0000

Marking Bits: (ParMarkBitMap*) 0x00007ff8766e4b80
 Begin Bits: [0x0000021ce9760000, 0x0000021cea760000)
 End Bits:   [0x0000021cea760000, 0x0000021ceb760000)

Polling page: 0x0000021cd59f0000

Metaspace:

Usage:
  Non-class:     38.44 MB used.
      Class:      4.62 MB used.
       Both:     43.06 MB used.

Virtual space:
  Non-class space:       40.00 MB reserved,      38.88 MB ( 97%) committed,  5 nodes.
      Class space:        1.00 GB reserved,       5.00 MB ( <1%) committed,  1 nodes.
             Both:        1.04 GB reserved,      43.88 MB (  4%) committed. 

Chunk freelists:
   Non-Class:  368.00 KB
       Class:  2.86 MB
        Both:  3.22 MB

MaxMetaspaceSize: unlimited
CompressedClassSpaceSize: 1.00 GB
Initial GC threshold: 21.00 MB
Current GC threshold: 58.38 MB
CDS: off
MetaspaceReclaimPolicy: balanced
 - commit_granule_bytes: 65536.
 - commit_granule_words: 8192.
 - virtual_space_node_default_size: 1048576.
 - enlarge_chunks_in_place: 1.
 - new_chunks_are_fully_committed: 0.
 - uncommit_free_chunks: 1.
 - use_allocation_guard: 0.
 - handle_deallocations: 1.


Internal statistics:

num_allocs_failed_limit: 6.
num_arena_births: 316.
num_arena_deaths: 14.
num_vsnodes_births: 6.
num_vsnodes_deaths: 0.
num_space_committed: 702.
num_space_uncommitted: 0.
num_chunks_returned_to_freelist: 20.
num_chunks_taken_from_freelist: 1855.
num_chunk_merges: 10.
num_chunk_splits: 1208.
num_chunks_enlarged: 775.
num_purges: 2.
num_inconsistent_stats: 0.

CodeHeap 'non-profiled nmethods': size=120064Kb used=2323Kb max_used=2323Kb free=117740Kb
 bounds [0x0000021ce2220000, 0x0000021ce2490000, 0x0000021ce9760000]
CodeHeap 'profiled nmethods': size=120000Kb used=9466Kb max_used=9466Kb free=110533Kb
 bounds [0x0000021cdacf0000, 0x0000021cdb630000, 0x0000021ce2220000]
CodeHeap 'non-nmethods': size=5696Kb used=1263Kb max_used=1314Kb free=4432Kb
 bounds [0x0000021cda760000, 0x0000021cda9d0000, 0x0000021cdacf0000]
 total_blobs=5063 nmethods=4479 adapters=498
 compilation: enabled
              stopped_count=0, restarted_count=0
 full_count=0

Compilation events (20 events):
Event: 49.137 Thread 0x0000021ceb94dd50 nmethod 4476 0x0000021cdb629890 code [0x0000021cdb629a40, 0x0000021cdb629da8]
Event: 49.140 Thread 0x0000021ceb94dd50 4477       3       java.util.Calendar::complete (40 bytes)
Event: 49.141 Thread 0x0000021ceb94dd50 nmethod 4477 0x0000021cdb629e90 code [0x0000021cdb62a040, 0x0000021cdb62a2f8]
Event: 49.143 Thread 0x0000021ceb94dd50 4478       1       sun.util.calendar.CalendarDate::setNormalized (6 bytes)
Event: 49.143 Thread 0x0000021ceb94dd50 nmethod 4478 0x0000021ce2464510 code [0x0000021ce24646a0, 0x0000021ce2464778]
Event: 49.237 Thread 0x0000021ceb94dd50 4479       3       org.eclipse.osgi.internal.framework.BundleContextImpl::getBundle (9 bytes)
Event: 49.237 Thread 0x0000021ceb94dd50 nmethod 4479 0x0000021cdb62a410 code [0x0000021cdb62a5c0, 0x0000021cdb62a728]
Event: 49.239 Thread 0x0000021ceb94dd50 4480       3       java.util.concurrent.atomic.AtomicInteger::decrementAndGet (14 bytes)
Event: 49.239 Thread 0x0000021ceb94dd50 nmethod 4480 0x0000021cdb62a810 code [0x0000021cdb62a9a0, 0x0000021cdb62aab8]
Event: 49.240 Thread 0x0000021ceb94dd50 4481       3       java.util.Calendar::get (10 bytes)
Event: 49.240 Thread 0x0000021ceb94dd50 nmethod 4481 0x0000021cdb62ab90 code [0x0000021cdb62ad40, 0x0000021cdb62afa8]
Event: 49.255 Thread 0x0000021ceb94dd50 4482       3       org.eclipse.osgi.internal.log.EquinoxLogWriter::appendPaddedInt (76 bytes)
Event: 49.255 Thread 0x0000021ceb94dd50 nmethod 4482 0x0000021cdb62b110 code [0x0000021cdb62b360, 0x0000021cdb62b998]
Event: 49.258 Thread 0x0000021ceb94dd50 4483       3       org.eclipse.osgi.internal.log.ExtendedLogReaderServiceFactory::incrementNestedCount (17 bytes)
Event: 49.258 Thread 0x0000021ceb94dd50 nmethod 4483 0x0000021cdb62bc90 code [0x0000021cdb62be60, 0x0000021cdb62c338]
Event: 49.258 Thread 0x0000021ceb94dd50 4484       3       org.eclipse.osgi.internal.log.ExtendedLogReaderServiceFactory::decrementNestedCount (21 bytes)
Event: 49.258 Thread 0x0000021ceb94dd50 nmethod 4484 0x0000021cdb62c510 code [0x0000021cdb62c6e0, 0x0000021cdb62cc38]
Event: 49.351 Thread 0x0000021ceb8d1f50 4485       4       java.util.HashMap::getNode (150 bytes)
Event: 49.354 Thread 0x0000021ceb8d1f50 nmethod 4485 0x0000021ce2464810 code [0x0000021ce24649a0, 0x0000021ce2464c78]
Event: 49.444 Thread 0x0000021ceb8d1f50 4486   !   4       org.eclipse.osgi.internal.loader.BundleLoader::findRequiredSource (283 bytes)

GC Heap History (20 events):
Event: 18.136 GC heap before
{Heap before GC invocations=4 (full 0):
 PSYoungGen      total 29696K, used 19679K [0x00000000eab00000, 0x00000000ecc00000, 0x0000000100000000)
  eden space 25600K, 60% used [0x00000000eab00000,0x00000000eba38210,0x00000000ec400000)
  from space 4096K, 99% used [0x00000000ec400000,0x00000000ec7ffb68,0x00000000ec800000)
  to   space 4096K, 0% used [0x00000000ec800000,0x00000000ec800000,0x00000000ecc00000)
 ParOldGen       total 68608K, used 5630K [0x00000000c0000000, 0x00000000c4300000, 0x00000000eab00000)
  object space 68608K, 8% used [0x00000000c0000000,0x00000000c057fb88,0x00000000c4300000)
 Metaspace       used 21025K, committed 21504K, reserved 1073152K
  class space    used 2109K, committed 2304K, reserved 1048576K
}
Event: 18.147 GC heap after
{Heap after GC invocations=4 (full 0):
 PSYoungGen      total 29696K, used 4072K [0x00000000eab00000, 0x00000000ecc00000, 0x0000000100000000)
  eden space 25600K, 0% used [0x00000000eab00000,0x00000000eab00000,0x00000000ec400000)
  from space 4096K, 99% used [0x00000000ec800000,0x00000000ecbfa328,0x00000000ecc00000)
  to   space 4096K, 0% used [0x00000000ec400000,0x00000000ec400000,0x00000000ec800000)
 ParOldGen       total 68608K, used 6617K [0x00000000c0000000, 0x00000000c4300000, 0x00000000eab00000)
  object space 68608K, 9% used [0x00000000c0000000,0x00000000c0676768,0x00000000c4300000)
 Metaspace       used 21025K, committed 21504K, reserved 1073152K
  class space    used 2109K, committed 2304K, reserved 1048576K
}
Event: 18.147 GC heap before
{Heap before GC invocations=5 (full 1):
 PSYoungGen      total 29696K, used 4072K [0x00000000eab00000, 0x00000000ecc00000, 0x0000000100000000)
  eden space 25600K, 0% used [0x00000000eab00000,0x00000000eab00000,0x00000000ec400000)
  from space 4096K, 99% used [0x00000000ec800000,0x00000000ecbfa328,0x00000000ecc00000)
  to   space 4096K, 0% used [0x00000000ec400000,0x00000000ec400000,0x00000000ec800000)
 ParOldGen       total 68608K, used 6617K [0x00000000c0000000, 0x00000000c4300000, 0x00000000eab00000)
  object space 68608K, 9% used [0x00000000c0000000,0x00000000c0676768,0x00000000c4300000)
 Metaspace       used 21025K, committed 21504K, reserved 1073152K
  class space    used 2109K, committed 2304K, reserved 1048576K
}
Event: 18.219 GC heap after
{Heap after GC invocations=5 (full 1):
 PSYoungGen      total 29696K, used 0K [0x00000000eab00000, 0x00000000ecc00000, 0x0000000100000000)
  eden space 25600K, 0% used [0x00000000eab00000,0x00000000eab00000,0x00000000ec400000)
  from space 4096K, 0% used [0x00000000ec800000,0x00000000ec800000,0x00000000ecc00000)
  to   space 4096K, 0% used [0x00000000ec400000,0x00000000ec400000,0x00000000ec800000)
 ParOldGen       total 68608K, used 10475K [0x00000000c0000000, 0x00000000c4300000, 0x00000000eab00000)
  object space 68608K, 15% used [0x00000000c0000000,0x00000000c0a3afb8,0x00000000c4300000)
 Metaspace       used 21012K, committed 21504K, reserved 1073152K
  class space    used 2106K, committed 2304K, reserved 1048576K
}
Event: 21.760 GC heap before
{Heap before GC invocations=6 (full 1):
 PSYoungGen      total 29696K, used 25600K [0x00000000eab00000, 0x00000000ecc00000, 0x0000000100000000)
  eden space 25600K, 100% used [0x00000000eab00000,0x00000000ec400000,0x00000000ec400000)
  from space 4096K, 0% used [0x00000000ec800000,0x00000000ec800000,0x00000000ecc00000)
  to   space 4096K, 0% used [0x00000000ec400000,0x00000000ec400000,0x00000000ec800000)
 ParOldGen       total 68608K, used 10475K [0x00000000c0000000, 0x00000000c4300000, 0x00000000eab00000)
  object space 68608K, 15% used [0x00000000c0000000,0x00000000c0a3afb8,0x00000000c4300000)
 Metaspace       used 24517K, committed 25024K, reserved 1073152K
  class space    used 2481K, committed 2688K, reserved 1048576K
}
Event: 21.766 GC heap after
{Heap after GC invocations=6 (full 1):
 PSYoungGen      total 27648K, used 2480K [0x00000000eab00000, 0x00000000ecb80000, 0x0000000100000000)
  eden space 25088K, 0% used [0x00000000eab00000,0x00000000eab00000,0x00000000ec380000)
  from space 2560K, 96% used [0x00000000ec400000,0x00000000ec66c2b0,0x00000000ec680000)
  to   space 4096K, 0% used [0x00000000ec780000,0x00000000ec780000,0x00000000ecb80000)
 ParOldGen       total 68608K, used 10475K [0x00000000c0000000, 0x00000000c4300000, 0x00000000eab00000)
  object space 68608K, 15% used [0x00000000c0000000,0x00000000c0a3afb8,0x00000000c4300000)
 Metaspace       used 24517K, committed 25024K, reserved 1073152K
  class space    used 2481K, committed 2688K, reserved 1048576K
}
Event: 24.005 GC heap before
{Heap before GC invocations=7 (full 1):
 PSYoungGen      total 27648K, used 27568K [0x00000000eab00000, 0x00000000ecb80000, 0x0000000100000000)
  eden space 25088K, 100% used [0x00000000eab00000,0x00000000ec380000,0x00000000ec380000)
  from space 2560K, 96% used [0x00000000ec400000,0x00000000ec66c2b0,0x00000000ec680000)
  to   space 4096K, 0% used [0x00000000ec780000,0x00000000ec780000,0x00000000ecb80000)
 ParOldGen       total 68608K, used 10475K [0x00000000c0000000, 0x00000000c4300000, 0x00000000eab00000)
  object space 68608K, 15% used [0x00000000c0000000,0x00000000c0a3afb8,0x00000000c4300000)
 Metaspace       used 27691K, committed 28224K, reserved 1081344K
  class space    used 2757K, committed 3008K, reserved 1048576K
}
Event: 24.008 GC heap after
{Heap after GC invocations=7 (full 1):
 PSYoungGen      total 27136K, used 2173K [0x00000000eab00000, 0x00000000eca00000, 0x0000000100000000)
  eden space 24576K, 0% used [0x00000000eab00000,0x00000000eab00000,0x00000000ec300000)
  from space 2560K, 84% used [0x00000000ec780000,0x00000000ec99f4a8,0x00000000eca00000)
  to   space 2560K, 0% used [0x00000000ec500000,0x00000000ec500000,0x00000000ec780000)
 ParOldGen       total 68608K, used 10475K [0x00000000c0000000, 0x00000000c4300000, 0x00000000eab00000)
  object space 68608K, 15% used [0x00000000c0000000,0x00000000c0a3afb8,0x00000000c4300000)
 Metaspace       used 27691K, committed 28224K, reserved 1081344K
  class space    used 2757K, committed 3008K, reserved 1048576K
}
Event: 27.250 GC heap before
{Heap before GC invocations=8 (full 1):
 PSYoungGen      total 27136K, used 26749K [0x00000000eab00000, 0x00000000eca00000, 0x0000000100000000)
  eden space 24576K, 100% used [0x00000000eab00000,0x00000000ec300000,0x00000000ec300000)
  from space 2560K, 84% used [0x00000000ec780000,0x00000000ec99f4a8,0x00000000eca00000)
  to   space 2560K, 0% used [0x00000000ec500000,0x00000000ec500000,0x00000000ec780000)
 ParOldGen       total 68608K, used 10475K [0x00000000c0000000, 0x00000000c4300000, 0x00000000eab00000)
  object space 68608K, 15% used [0x00000000c0000000,0x00000000c0a3afb8,0x00000000c4300000)
 Metaspace       used 31611K, committed 32192K, reserved 1081344K
  class space    used 3167K, committed 3392K, reserved 1048576K
}
Event: 27.254 GC heap after
{Heap after GC invocations=8 (full 1):
 PSYoungGen      total 26624K, used 2532K [0x00000000eab00000, 0x00000000ec880000, 0x0000000100000000)
  eden space 24064K, 0% used [0x00000000eab00000,0x00000000eab00000,0x00000000ec280000)
  from space 2560K, 98% used [0x00000000ec500000,0x00000000ec779060,0x00000000ec780000)
  to   space 1024K, 0% used [0x00000000ec780000,0x00000000ec780000,0x00000000ec880000)
 ParOldGen       total 68608K, used 10607K [0x00000000c0000000, 0x00000000c4300000, 0x00000000eab00000)
  object space 68608K, 15% used [0x00000000c0000000,0x00000000c0a5bfe8,0x00000000c4300000)
 Metaspace       used 31611K, committed 32192K, reserved 1081344K
  class space    used 3167K, committed 3392K, reserved 1048576K
}
Event: 29.543 GC heap before
{Heap before GC invocations=9 (full 1):
 PSYoungGen      total 26624K, used 26596K [0x00000000eab00000, 0x00000000ec880000, 0x0000000100000000)
  eden space 24064K, 100% used [0x00000000eab00000,0x00000000ec280000,0x00000000ec280000)
  from space 2560K, 98% used [0x00000000ec500000,0x00000000ec779060,0x00000000ec780000)
  to   space 1024K, 0% used [0x00000000ec780000,0x00000000ec780000,0x00000000ec880000)
 ParOldGen       total 68608K, used 10607K [0x00000000c0000000, 0x00000000c4300000, 0x00000000eab00000)
  object space 68608K, 15% used [0x00000000c0000000,0x00000000c0a5bfe8,0x00000000c4300000)
 Metaspace       used 33109K, committed 33664K, reserved 1081344K
  class space    used 3353K, committed 3584K, reserved 1048576K
}
Event: 29.550 GC heap after
{Heap after GC invocations=9 (full 1):
 PSYoungGen      total 24576K, used 1002K [0x00000000eab00000, 0x00000000ec900000, 0x0000000100000000)
  eden space 23552K, 0% used [0x00000000eab00000,0x00000000eab00000,0x00000000ec200000)
  from space 1024K, 97% used [0x00000000ec780000,0x00000000ec87aa18,0x00000000ec880000)
  to   space 3584K, 0% used [0x00000000ec200000,0x00000000ec200000,0x00000000ec580000)
 ParOldGen       total 68608K, used 12698K [0x00000000c0000000, 0x00000000c4300000, 0x00000000eab00000)
  object space 68608K, 18% used [0x00000000c0000000,0x00000000c0c66b80,0x00000000c4300000)
 Metaspace       used 33109K, committed 33664K, reserved 1081344K
  class space    used 3353K, committed 3584K, reserved 1048576K
}
Event: 39.256 GC heap before
{Heap before GC invocations=10 (full 1):
 PSYoungGen      total 24576K, used 16925K [0x00000000eab00000, 0x00000000ec900000, 0x0000000100000000)
  eden space 23552K, 67% used [0x00000000eab00000,0x00000000eba8cc68,0x00000000ec200000)
  from space 1024K, 97% used [0x00000000ec780000,0x00000000ec87aa18,0x00000000ec880000)
  to   space 3584K, 0% used [0x00000000ec200000,0x00000000ec200000,0x00000000ec580000)
 ParOldGen       total 68608K, used 12698K [0x00000000c0000000, 0x00000000c4300000, 0x00000000eab00000)
  object space 68608K, 18% used [0x00000000c0000000,0x00000000c0c66b80,0x00000000c4300000)
 Metaspace       used 35245K, committed 35840K, reserved 1081344K
  class space    used 3605K, committed 3904K, reserved 1048576K
}
Event: 39.265 GC heap after
{Heap after GC invocations=10 (full 1):
 PSYoungGen      total 27136K, used 1053K [0x00000000eab00000, 0x00000000ec800000, 0x0000000100000000)
  eden space 23552K, 0% used [0x00000000eab00000,0x00000000eab00000,0x00000000ec200000)
  from space 3584K, 29% used [0x00000000ec200000,0x00000000ec307708,0x00000000ec580000)
  to   space 2048K, 0% used [0x00000000ec600000,0x00000000ec600000,0x00000000ec800000)
 ParOldGen       total 68608K, used 13614K [0x00000000c0000000, 0x00000000c4300000, 0x00000000eab00000)
  object space 68608K, 19% used [0x00000000c0000000,0x00000000c0d4b920,0x00000000c4300000)
 Metaspace       used 35245K, committed 35840K, reserved 1081344K
  class space    used 3605K, committed 3904K, reserved 1048576K
}
Event: 39.265 GC heap before
{Heap before GC invocations=11 (full 2):
 PSYoungGen      total 27136K, used 1053K [0x00000000eab00000, 0x00000000ec800000, 0x0000000100000000)
  eden space 23552K, 0% used [0x00000000eab00000,0x00000000eab00000,0x00000000ec200000)
  from space 3584K, 29% used [0x00000000ec200000,0x00000000ec307708,0x00000000ec580000)
  to   space 2048K, 0% used [0x00000000ec600000,0x00000000ec600000,0x00000000ec800000)
 ParOldGen       total 68608K, used 13614K [0x00000000c0000000, 0x00000000c4300000, 0x00000000eab00000)
  object space 68608K, 19% used [0x00000000c0000000,0x00000000c0d4b920,0x00000000c4300000)
 Metaspace       used 35245K, committed 35840K, reserved 1081344K
  class space    used 3605K, committed 3904K, reserved 1048576K
}
Event: 39.343 GC heap after
{Heap after GC invocations=11 (full 2):
 PSYoungGen      total 27136K, used 0K [0x00000000eab00000, 0x00000000ec800000, 0x0000000100000000)
  eden space 23552K, 0% used [0x00000000eab00000,0x00000000eab00000,0x00000000ec200000)
  from space 3584K, 0% used [0x00000000ec200000,0x00000000ec200000,0x00000000ec580000)
  to   space 2048K, 0% used [0x00000000ec600000,0x00000000ec600000,0x00000000ec800000)
 ParOldGen       total 68608K, used 12933K [0x00000000c0000000, 0x00000000c4300000, 0x00000000eab00000)
  object space 68608K, 18% used [0x00000000c0000000,0x00000000c0ca1438,0x00000000c4300000)
 Metaspace       used 35245K, committed 35840K, reserved 1081344K
  class space    used 3605K, committed 3904K, reserved 1048576K
}
Event: 42.739 GC heap before
{Heap before GC invocations=12 (full 2):
 PSYoungGen      total 27136K, used 23552K [0x00000000eab00000, 0x00000000ec800000, 0x0000000100000000)
  eden space 23552K, 100% used [0x00000000eab00000,0x00000000ec200000,0x00000000ec200000)
  from space 3584K, 0% used [0x00000000ec200000,0x00000000ec200000,0x00000000ec580000)
  to   space 2048K, 0% used [0x00000000ec600000,0x00000000ec600000,0x00000000ec800000)
 ParOldGen       total 68608K, used 12933K [0x00000000c0000000, 0x00000000c4300000, 0x00000000eab00000)
  object space 68608K, 18% used [0x00000000c0000000,0x00000000c0ca1438,0x00000000c4300000)
 Metaspace       used 38666K, committed 39360K, reserved 1089536K
  class space    used 4047K, committed 4352K, reserved 1048576K
}
Event: 42.744 GC heap after
{Heap after GC invocations=12 (full 2):
 PSYoungGen      total 24576K, used 1219K [0x00000000eab00000, 0x00000000ec780000, 0x0000000100000000)
  eden space 23040K, 0% used [0x00000000eab00000,0x00000000eab00000,0x00000000ec180000)
  from space 1536K, 79% used [0x00000000ec600000,0x00000000ec730e00,0x00000000ec780000)
  to   space 1536K, 0% used [0x00000000ec480000,0x00000000ec480000,0x00000000ec600000)
 ParOldGen       total 68608K, used 12933K [0x00000000c0000000, 0x00000000c4300000, 0x00000000eab00000)
  object space 68608K, 18% used [0x00000000c0000000,0x00000000c0ca1438,0x00000000c4300000)
 Metaspace       used 38666K, committed 39360K, reserved 1089536K
  class space    used 4047K, committed 4352K, reserved 1048576K
}
Event: 47.440 GC heap before
{Heap before GC invocations=13 (full 2):
 PSYoungGen      total 24576K, used 24259K [0x00000000eab00000, 0x00000000ec780000, 0x0000000100000000)
  eden space 23040K, 100% used [0x00000000eab00000,0x00000000ec180000,0x00000000ec180000)
  from space 1536K, 79% used [0x00000000ec600000,0x00000000ec730e00,0x00000000ec780000)
  to   space 1536K, 0% used [0x00000000ec480000,0x00000000ec480000,0x00000000ec600000)
 ParOldGen       total 68608K, used 12933K [0x00000000c0000000, 0x00000000c4300000, 0x00000000eab00000)
  object space 68608K, 18% used [0x00000000c0000000,0x00000000c0ca1438,0x00000000c4300000)
 Metaspace       used 41980K, committed 42816K, reserved 1089536K
  class space    used 4447K, committed 4800K, reserved 1048576K
}
Event: 47.463 GC heap after
{Heap after GC invocations=13 (full 2):
 PSYoungGen      total 24064K, used 1358K [0x00000000eab00000, 0x00000000ec680000, 0x0000000100000000)
  eden space 22528K, 0% used [0x00000000eab00000,0x00000000eab00000,0x00000000ec100000)
  from space 1536K, 88% used [0x00000000ec480000,0x00000000ec5d3ab0,0x00000000ec600000)
  to   space 512K, 0% used [0x00000000ec600000,0x00000000ec600000,0x00000000ec680000)
 ParOldGen       total 68608K, used 14104K [0x00000000c0000000, 0x00000000c4300000, 0x00000000eab00000)
  object space 68608K, 20% used [0x00000000c0000000,0x00000000c0dc6230,0x00000000c4300000)
 Metaspace       used 41980K, committed 42816K, reserved 1089536K
  class space    used 4447K, committed 4800K, reserved 1048576K
}

Deoptimization events (20 events):
Event: 46.840 Thread 0x0000021ced329bd0 Uncommon trap: trap_request=0xffffffc6 fr.pc=0x0000021ce2430af4 relative=0x0000000000000214
Event: 46.840 Thread 0x0000021ced329bd0 Uncommon trap: reason=bimorphic_or_optimized_type_check action=maybe_recompile pc=0x0000021ce2430af4 method=java.lang.ThreadLocal.set(Ljava/lang/Object;)V @ 6 c2
Event: 46.840 Thread 0x0000021ced329bd0 DEOPT PACKING pc=0x0000021ce2430af4 sp=0x00000072b0bfec60
Event: 46.840 Thread 0x0000021ced329bd0 DEOPT UNPACKING pc=0x0000021cda7b20a3 sp=0x00000072b0bfec08 mode 2
Event: 46.902 Thread 0x0000021ced329700 Uncommon trap: trap_request=0xffffffc6 fr.pc=0x0000021ce2430af4 relative=0x0000000000000214
Event: 46.902 Thread 0x0000021ced329700 Uncommon trap: reason=bimorphic_or_optimized_type_check action=maybe_recompile pc=0x0000021ce2430af4 method=java.lang.ThreadLocal.set(Ljava/lang/Object;)V @ 6 c2
Event: 46.902 Thread 0x0000021ced329700 DEOPT PACKING pc=0x0000021ce2430af4 sp=0x00000072b0cfec40
Event: 46.902 Thread 0x0000021ced329700 DEOPT UNPACKING pc=0x0000021cda7b20a3 sp=0x00000072b0cfebe8 mode 2
Event: 46.917 Thread 0x0000021ced329bd0 Uncommon trap: trap_request=0xffffffc6 fr.pc=0x0000021ce2430af4 relative=0x0000000000000214
Event: 46.917 Thread 0x0000021ced329bd0 Uncommon trap: reason=bimorphic_or_optimized_type_check action=maybe_recompile pc=0x0000021ce2430af4 method=java.lang.ThreadLocal.set(Ljava/lang/Object;)V @ 6 c2
Event: 46.917 Thread 0x0000021ced329bd0 DEOPT PACKING pc=0x0000021ce2430af4 sp=0x00000072b0bfec60
Event: 46.917 Thread 0x0000021ced329bd0 DEOPT UNPACKING pc=0x0000021cda7b20a3 sp=0x00000072b0bfec08 mode 2
Event: 48.168 Thread 0x0000021ced327ef0 Uncommon trap: trap_request=0xffffff45 fr.pc=0x0000021ce2284dcc relative=0x00000000000001ac
Event: 48.168 Thread 0x0000021ced327ef0 Uncommon trap: reason=unstable_if action=reinterpret pc=0x0000021ce2284dcc method=java.net.URI$Parser.scan(IIJJ)I @ 42 c2
Event: 48.168 Thread 0x0000021ced327ef0 DEOPT PACKING pc=0x0000021ce2284dcc sp=0x00000072b0efdfd0
Event: 48.168 Thread 0x0000021ced327ef0 DEOPT UNPACKING pc=0x0000021cda7b20a3 sp=0x00000072b0efdf50 mode 2
Event: 49.253 Thread 0x0000021ced327ef0 Uncommon trap: trap_request=0xffffff45 fr.pc=0x0000021ce2289548 relative=0x0000000000000488
Event: 49.253 Thread 0x0000021ced327ef0 Uncommon trap: reason=unstable_if action=reinterpret pc=0x0000021ce2289548 method=java.util.HashMap$HashIterator.<init>(Ljava/util/HashMap;)V @ 45 c2
Event: 49.253 Thread 0x0000021ced327ef0 DEOPT PACKING pc=0x0000021ce2289548 sp=0x00000072b0efe1e0
Event: 49.254 Thread 0x0000021ced327ef0 DEOPT UNPACKING pc=0x0000021cda7b20a3 sp=0x00000072b0efe050 mode 2

Classes unloaded (7 events):
Event: 18.158 Thread 0x0000021ceb88ae10 Unloading class 0x000000010021c800 'java/lang/invoke/LambdaForm$MH+0x000000010021c800'
Event: 18.158 Thread 0x0000021ceb88ae10 Unloading class 0x000000010021c400 'java/lang/invoke/LambdaForm$MH+0x000000010021c400'
Event: 18.158 Thread 0x0000021ceb88ae10 Unloading class 0x000000010021c000 'java/lang/invoke/LambdaForm$MH+0x000000010021c000'
Event: 18.158 Thread 0x0000021ceb88ae10 Unloading class 0x000000010021bc00 'java/lang/invoke/LambdaForm$MH+0x000000010021bc00'
Event: 18.158 Thread 0x0000021ceb88ae10 Unloading class 0x000000010021b400 'java/lang/invoke/LambdaForm$BMH+0x000000010021b400'
Event: 18.158 Thread 0x0000021ceb88ae10 Unloading class 0x000000010021b000 'java/lang/invoke/LambdaForm$DMH+0x000000010021b000'
Event: 18.158 Thread 0x0000021ceb88ae10 Unloading class 0x0000000100218400 'java/lang/invoke/LambdaForm$DMH+0x0000000100218400'

Classes redefined (0 events):
No events

Internal exceptions (20 events):
Event: 22.237 Thread 0x0000021ced7c5e50 Exception <a 'java/io/FileNotFoundException'{0x00000000eb44d6a0}> (0x00000000eb44d6a0) 
thrown [e:\jenkins\tmp\workspace\build\src\src\hotspot\share\prims\jni.cpp, line 516]
Event: 22.238 Thread 0x0000021ced7c5e50 Exception <a 'java/io/FileNotFoundException'{0x00000000eb44e4c0}> (0x00000000eb44e4c0) 
thrown [e:\jenkins\tmp\workspace\build\src\src\hotspot\share\prims\jni.cpp, line 516]
Event: 22.277 Thread 0x0000021ced329bd0 Exception <a 'java/lang/NoSuchMethodError'{0x00000000eb4eb0d0}: 'java.lang.Object java.lang.invoke.DirectMethodHandle$Holder.newInvokeSpecial(java.lang.Object, java.lang.Object, java.lang.Object, java.lang.Object, java.lang.Object)'> (0x00000000eb4eb0d0) 
thrown [e:\jenkins\tmp\workspace\build\src\src\hotspot\share\interpreter\linkResolver.cpp, line 766]
Event: 26.831 Thread 0x0000021ced329bd0 Exception <a 'java/lang/NoClassDefFoundError'{0x00000000ec15e020}: javax/enterprise/inject/Typed> (0x00000000ec15e020) 
thrown [e:\jenkins\tmp\workspace\build\src\src\hotspot\share\classfile\systemDictionary.cpp, line 245]
Event: 28.306 Thread 0x0000021ced7c5e50 Exception <a 'java/lang/ClassNotFoundException'{0x00000000ebca63c8}: com/sun/org/apache/xerces/internal/impl/msg/spi/DOMMessagesProvider> (0x00000000ebca63c8) 
thrown [e:\jenkins\tmp\workspace\build\src\src\hotspot\share\classfile\systemDictionary.cpp, line 256]
Event: 28.315 Thread 0x0000021ced7c5e50 Exception <a 'java/lang/ClassNotFoundException'{0x00000000ebcc2288}: com/sun/org/apache/xerces/internal/impl/msg/spi/XMLSerializerMessagesProvider> (0x00000000ebcc2288) 
thrown [e:\jenkins\tmp\workspace\build\src\src\hotspot\share\classfile\systemDictionary.cpp, line 256]
Event: 28.317 Thread 0x0000021ced7c5e50 Exception <a 'java/lang/ClassNotFoundException'{0x00000000ebccf560}: com/sun/org/apache/xerces/internal/impl/msg/spi/XMLMessagesProvider> (0x00000000ebccf560) 
thrown [e:\jenkins\tmp\workspace\build\src\src\hotspot\share\classfile\systemDictionary.cpp, line 256]
Event: 30.245 Thread 0x0000021ced7c5e50 Exception <a 'sun/nio/fs/WindowsException'{0x00000000ead2a320}> (0x00000000ead2a320) 
thrown [e:\jenkins\tmp\workspace\build\src\src\hotspot\share\prims\jni.cpp, line 516]
Event: 38.887 Thread 0x0000021ced7c5e50 Exception <a 'java/lang/NoSuchMethodError'{0x00000000eb726bf0}: 'java.lang.Object java.lang.invoke.DirectMethodHandle$Holder.invokeStaticInit(java.lang.Object, int, int, int, int)'> (0x00000000eb726bf0) 
thrown [e:\jenkins\tmp\workspace\build\src\src\hotspot\share\interpreter\linkResolver.cpp, line 766]
Event: 40.856 Thread 0x0000021ced7c5e50 Exception <a 'java/lang/NoSuchMethodError'{0x00000000eb2f0088}: 'java.lang.Object java.lang.invoke.DirectMethodHandle$Holder.invokeStaticInit(java.lang.Object, java.lang.Object, int, int, int, int)'> (0x00000000eb2f0088) 
thrown [e:\jenkins\tmp\workspace\build\src\src\hotspot\share\interpreter\linkResolver.cpp, line 766]
Event: 41.535 Thread 0x0000021ced7c5e50 Exception <a 'java/lang/ClassNotFoundException'{0x00000000ebaa3030}: com/sun/org/apache/xml/internal/serializer/spi/XMLEntitiesProvider> (0x00000000ebaa3030) 
thrown [e:\jenkins\tmp\workspace\build\src\src\hotspot\share\classfile\systemDictionary.cpp, line 256]
Event: 42.696 Thread 0x0000021ced7c5e50 Exception <a 'java/io/FileNotFoundException'{0x00000000ec0fca88}> (0x00000000ec0fca88) 
thrown [e:\jenkins\tmp\workspace\build\src\src\hotspot\share\prims\jni.cpp, line 516]
Event: 45.094 Thread 0x0000021ced329bd0 Exception <a 'java/lang/NoClassDefFoundError'{0x00000000eb2b45e8}: com/google/inject/servlet/ServletModuleTargetVisitor> (0x00000000eb2b45e8) 
thrown [e:\jenkins\tmp\workspace\build\src\src\hotspot\share\classfile\systemDictionary.cpp, line 245]
Event: 45.675 Thread 0x0000021ced7c5e50 Exception <a 'java/lang/UnsatisfiedLinkError'{0x00000000eb60ffb8}: The specified procedure could not be found.
> (0x00000000eb60ffb8) 
thrown [e:\jenkins\tmp\workspace\build\src\src\hotspot\share\prims\jni.cpp, line 535]
Event: 45.723 Thread 0x0000021ced7c5e50 Exception <a 'java/io/FileNotFoundException'{0x00000000eb66baa0}> (0x00000000eb66baa0) 
thrown [e:\jenkins\tmp\workspace\build\src\src\hotspot\share\prims\jni.cpp, line 516]
Event: 45.763 Thread 0x0000021ced7c5e50 Exception <a 'java/io/FileNotFoundException'{0x00000000eb7a8678}> (0x00000000eb7a8678) 
thrown [e:\jenkins\tmp\workspace\build\src\src\hotspot\share\prims\jni.cpp, line 516]
Event: 45.872 Thread 0x0000021ced7c5e50 Exception <a 'java/lang/UnsatisfiedLinkError'{0x00000000eb83e250}: The specified procedure could not be found.
> (0x00000000eb83e250) 
thrown [e:\jenkins\tmp\workspace\build\src\src\hotspot\share\prims\jni.cpp, line 535]
Event: 47.173 Thread 0x0000021cd7acf840 Exception <a 'java/lang/NoSuchMethodError'{0x00000000ebea8460}: 'void java.lang.invoke.DirectMethodHandle$Holder.invokeStatic(java.lang.Object, java.lang.Object, java.lang.Object, java.lang.Object)'> (0x00000000ebea8460) 
thrown [e:\jenkins\tmp\workspace\build\src\src\hotspot\share\interpreter\linkResolver.cpp, line 766]
Event: 47.818 Thread 0x0000021cd7acf840 Exception <a 'java/lang/NoSuchMethodError'{0x00000000eb0eb0a0}: 'void java.lang.invoke.DirectMethodHandle$Holder.invokeSpecial(java.lang.Object, java.lang.Object, java.lang.Object, java.lang.Object, java.lang.Object, java.lang.Object)'> (0x00000000eb0eb0a0) 
thrown [e:\jenkins\tmp\workspace\build\src\src\hotspot\share\interpreter\linkResolver.cpp, line 766]
Event: 48.174 Thread 0x0000021ced327ef0 Exception <a 'java/io/FileNotFoundException'{0x00000000eb590e38}> (0x00000000eb590e38) 
thrown [e:\jenkins\tmp\workspace\build\src\src\hotspot\share\prims\jni.cpp, line 516]

VM Operations (20 events):
Event: 44.300 Executing VM operation: Cleanup
Event: 44.300 Executing VM operation: Cleanup done
Event: 45.311 Executing VM operation: Cleanup
Event: 45.493 Executing VM operation: Cleanup done
Event: 45.508 Executing VM operation: HandshakeAllThreads
Event: 45.508 Executing VM operation: HandshakeAllThreads done
Event: 45.516 Executing VM operation: HandshakeAllThreads
Event: 45.516 Executing VM operation: HandshakeAllThreads done
Event: 45.533 Executing VM operation: HandshakeAllThreads
Event: 45.533 Executing VM operation: HandshakeAllThreads done
Event: 45.553 Executing VM operation: HandshakeAllThreads
Event: 45.632 Executing VM operation: HandshakeAllThreads done
Event: 46.637 Executing VM operation: Cleanup
Event: 46.737 Executing VM operation: Cleanup done
Event: 47.440 Executing VM operation: ParallelGCFailedAllocation
Event: 47.464 Executing VM operation: ParallelGCFailedAllocation done
Event: 48.154 Executing VM operation: HandshakeAllThreads
Event: 48.154 Executing VM operation: HandshakeAllThreads done
Event: 49.166 Executing VM operation: Cleanup
Event: 49.223 Executing VM operation: Cleanup done

Events (20 events):
Event: 47.256 loading class sun/reflect/generics/tree/BottomSignature done
Event: 47.256 loading class sun/reflect/generics/tree/Wildcard
Event: 47.256 loading class sun/reflect/generics/tree/Wildcard done
Event: 47.257 loading class sun/reflect/generics/reflectiveObjects/WildcardTypeImpl
Event: 47.257 loading class sun/reflect/generics/reflectiveObjects/WildcardTypeImpl done
Event: 47.508 loading class sun/reflect/generics/tree/ArrayTypeSignature
Event: 47.508 loading class sun/reflect/generics/tree/ArrayTypeSignature done
Event: 47.511 loading class sun/reflect/generics/tree/BooleanSignature
Event: 47.511 loading class sun/reflect/generics/tree/BooleanSignature done
Event: 47.742 loading class java/util/concurrent/atomic/AtomicIntegerArray
Event: 47.743 loading class java/util/concurrent/atomic/AtomicIntegerArray done
Event: 47.744 loading class java/util/Currency
Event: 47.745 loading class java/util/Currency done
Event: 47.754 loading class java/util/concurrent/atomic/AtomicLongArray
Event: 47.755 loading class java/util/concurrent/atomic/AtomicLongArray done
Event: 47.840 loading class sun/util/locale/provider/DateFormatProviderImpl
Event: 47.841 loading class sun/util/locale/provider/DateFormatProviderImpl done
Event: 47.891 Thread 0x0000021ced327ef0 Thread added: 0x0000021ced327ef0
Event: 48.031 loading class jdk/internal/reflect/UnsafeQualifiedIntegerFieldAccessorImpl
Event: 48.032 loading class jdk/internal/reflect/UnsafeQualifiedIntegerFieldAccessorImpl done


Dynamic libraries:
0x00007ff6155c0000 - 0x00007ff6155ce000 	c:\Users\gilbe\.vscode\extensions\redhat.java-1.9.0-win32-x64\jre\17.0.3-win32-x86_64\bin\java.exe
0x00007ff8b7ed0000 - 0x00007ff8b80c8000 	C:\windows\SYSTEM32\ntdll.dll
0x00007ff8b7510000 - 0x00007ff8b75cd000 	C:\windows\System32\KERNEL32.DLL
0x00007ff8b5940000 - 0x00007ff8b5c0e000 	C:\windows\System32\KERNELBASE.dll
0x00007ff8b5de0000 - 0x00007ff8b5ee0000 	C:\windows\System32\ucrtbase.dll
0x00007ff8aea20000 - 0x00007ff8aea38000 	c:\Users\gilbe\.vscode\extensions\redhat.java-1.9.0-win32-x64\jre\17.0.3-win32-x86_64\bin\jli.dll
0x00007ff8b5f40000 - 0x00007ff8b60e0000 	C:\windows\System32\USER32.dll
0x00007ff8b5910000 - 0x00007ff8b5932000 	C:\windows\System32\win32u.dll
0x00007ff8b7df0000 - 0x00007ff8b7e1a000 	C:\windows\System32\GDI32.dll
0x00007ff8b5cd0000 - 0x00007ff8b5ddb000 	C:\windows\System32\gdi32full.dll
0x00007ff8b57c0000 - 0x00007ff8b585d000 	C:\windows\System32\msvcp_win.dll
0x00007ff89edf0000 - 0x00007ff89f08a000 	C:\windows\WinSxS\amd64_microsoft.windows.common-controls_6595b64144ccf1df_6.0.19041.1110_none_60b5254171f9507e\COMCTL32.dll
0x00007ff8b7ab0000 - 0x00007ff8b7b4e000 	C:\windows\System32\msvcrt.dll
0x00007ff8ad430000 - 0x00007ff8ad449000 	c:\Users\gilbe\.vscode\extensions\redhat.java-1.9.0-win32-x64\jre\17.0.3-win32-x86_64\bin\VCRUNTIME140.dll
0x00007ff8b7720000 - 0x00007ff8b7750000 	C:\windows\System32\IMM32.DLL
0x00007ff8ad620000 - 0x00007ff8ad62c000 	c:\Users\gilbe\.vscode\extensions\redhat.java-1.9.0-win32-x64\jre\17.0.3-win32-x86_64\bin\vcruntime140_1.dll
0x00007ff887b10000 - 0x00007ff887ba1000 	c:\Users\gilbe\.vscode\extensions\redhat.java-1.9.0-win32-x64\jre\17.0.3-win32-x86_64\bin\msvcp140.dll
0x00007ff875b60000 - 0x00007ff8767a8000 	c:\Users\gilbe\.vscode\extensions\redhat.java-1.9.0-win32-x64\jre\17.0.3-win32-x86_64\bin\server\jvm.dll
0x00007ff8b63f0000 - 0x00007ff8b649e000 	C:\windows\System32\ADVAPI32.dll
0x00007ff8b7470000 - 0x00007ff8b750c000 	C:\windows\System32\sechost.dll
0x00007ff8b7210000 - 0x00007ff8b7335000 	C:\windows\System32\RPCRT4.dll
0x00007ff8b5f30000 - 0x00007ff8b5f38000 	C:\windows\System32\PSAPI.DLL
0x00007ff8ad5e0000 - 0x00007ff8ad5e9000 	C:\windows\SYSTEM32\WSOCK32.dll
0x00007ff8b7140000 - 0x00007ff8b71ab000 	C:\windows\System32\WS2_32.dll
0x00007ff8ac360000 - 0x00007ff8ac387000 	C:\windows\SYSTEM32\WINMM.dll
0x00007ff8ac390000 - 0x00007ff8ac39a000 	C:\windows\SYSTEM32\VERSION.dll
0x00007ff8b34f0000 - 0x00007ff8b3502000 	C:\windows\SYSTEM32\kernel.appcore.dll
0x00007ff8ad3b0000 - 0x00007ff8ad3ba000 	c:\Users\gilbe\.vscode\extensions\redhat.java-1.9.0-win32-x64\jre\17.0.3-win32-x86_64\bin\jimage.dll
0x00007ff89fd40000 - 0x00007ff89ff24000 	C:\windows\SYSTEM32\DBGHELP.DLL
0x00007ff89a020000 - 0x00007ff89a04c000 	C:\windows\SYSTEM32\dbgcore.DLL
0x00007ff8b5c10000 - 0x00007ff8b5c92000 	C:\windows\System32\bcryptPrimitives.dll
0x00007ff8ad3a0000 - 0x00007ff8ad3ae000 	c:\Users\gilbe\.vscode\extensions\redhat.java-1.9.0-win32-x64\jre\17.0.3-win32-x86_64\bin\instrument.dll
0x00007ff8ad350000 - 0x00007ff8ad375000 	c:\Users\gilbe\.vscode\extensions\redhat.java-1.9.0-win32-x64\jre\17.0.3-win32-x86_64\bin\java.dll
0x00007ff8ad330000 - 0x00007ff8ad348000 	c:\Users\gilbe\.vscode\extensions\redhat.java-1.9.0-win32-x64\jre\17.0.3-win32-x86_64\bin\zip.dll
0x00007ff8b6500000 - 0x00007ff8b6c44000 	C:\windows\System32\SHELL32.dll
0x00007ff8b36f0000 - 0x00007ff8b3e84000 	C:\windows\SYSTEM32\windows.storage.dll
0x00007ff8b7750000 - 0x00007ff8b7aa4000 	C:\windows\System32\combase.dll
0x00007ff8b4f80000 - 0x00007ff8b4fb0000 	C:\windows\SYSTEM32\Wldp.dll
0x00007ff8b6290000 - 0x00007ff8b633d000 	C:\windows\System32\SHCORE.dll
0x00007ff8b64a0000 - 0x00007ff8b64f5000 	C:\windows\System32\shlwapi.dll
0x00007ff8b5530000 - 0x00007ff8b554f000 	C:\windows\SYSTEM32\profapi.dll
0x00007ff8ad2f0000 - 0x00007ff8ad309000 	C:\Users\gilbe\.vscode\extensions\redhat.java-1.9.0-win32-x64\jre\17.0.3-win32-x86_64\bin\net.dll
0x00007ff8a6530000 - 0x00007ff8a663a000 	C:\windows\SYSTEM32\WINHTTP.dll
0x00007ff8b4ce0000 - 0x00007ff8b4d4a000 	C:\windows\system32\mswsock.dll
0x00007ff8ad0c0000 - 0x00007ff8ad0d5000 	C:\Users\gilbe\.vscode\extensions\redhat.java-1.9.0-win32-x64\jre\17.0.3-win32-x86_64\bin\nio.dll
0x00007ff8ad320000 - 0x00007ff8ad330000 	c:\Users\gilbe\.vscode\extensions\redhat.java-1.9.0-win32-x64\jre\17.0.3-win32-x86_64\bin\verify.dll
0x00007ff890a80000 - 0x00007ff890abe000 	C:\Users\gilbe\AppData\Roaming\Code\User\globalStorage\redhat.java\1.9.0\config_win\org.eclipse.equinox.launcher\org.eclipse.equinox.launcher.win32.win32.x86_64_1.2.500.v20220509-0833\eclipse_11700.dll
0x00007ff8b7cc0000 - 0x00007ff8b7dea000 	C:\windows\System32\ole32.dll
0x00007ff8b4ed0000 - 0x00007ff8b4ee8000 	C:\windows\SYSTEM32\CRYPTSP.dll
0x00007ff8b4660000 - 0x00007ff8b4694000 	C:\windows\system32\rsaenh.dll
0x00007ff8b5ca0000 - 0x00007ff8b5cc7000 	C:\windows\System32\bcrypt.dll
0x00007ff8b54b0000 - 0x00007ff8b54de000 	C:\windows\SYSTEM32\USERENV.dll
0x00007ff8b4ef0000 - 0x00007ff8b4efc000 	C:\windows\SYSTEM32\CRYPTBASE.dll
0x00007ff8b49d0000 - 0x00007ff8b4a0b000 	C:\windows\SYSTEM32\IPHLPAPI.DLL
0x00007ff8b7e80000 - 0x00007ff8b7e88000 	C:\windows\System32\NSI.dll
0x00007ff8a9a30000 - 0x00007ff8a9a47000 	C:\windows\SYSTEM32\dhcpcsvc6.DLL
0x00007ff8a9da0000 - 0x00007ff8a9dbd000 	C:\windows\SYSTEM32\dhcpcsvc.DLL
0x00007ff8b4a10000 - 0x00007ff8b4adb000 	C:\windows\SYSTEM32\DNSAPI.dll
0x00007ff8946f0000 - 0x00007ff894734000 	C:\Users\gilbe\AppData\Local\Temp\jna-98357645\jna11979370031098146538.dll

dbghelp: loaded successfully - version: 4.0.5 - missing functions: none
symbol engine: initialized successfully - sym options: 0x614 - pdb path: .;c:\Users\gilbe\.vscode\extensions\redhat.java-1.9.0-win32-x64\jre\17.0.3-win32-x86_64\bin;C:\windows\SYSTEM32;C:\windows\WinSxS\amd64_microsoft.windows.common-controls_6595b64144ccf1df_6.0.19041.1110_none_60b5254171f9507e;c:\Users\gilbe\.vscode\extensions\redhat.java-1.9.0-win32-x64\jre\17.0.3-win32-x86_64\bin\server;C:\Users\gilbe\AppData\Roaming\Code\User\globalStorage\redhat.java\1.9.0\config_win\org.eclipse.equinox.launcher\org.eclipse.equinox.launcher.win32.win32.x86_64_1.2.500.v20220509-0833;C:\Users\gilbe\AppData\Local\Temp\jna-98357645

VM Arguments:
jvm_args: --add-modules=ALL-SYSTEM --add-opens=java.base/java.util=ALL-UNNAMED --add-opens=java.base/java.lang=ALL-UNNAMED --add-opens=java.base/sun.nio.fs=ALL-UNNAMED -Declipse.application=org.eclipse.jdt.ls.core.id1 -Dosgi.bundles.defaultStartLevel=4 -Declipse.product=org.eclipse.jdt.ls.core.product -Djava.import.generatesMetadataFilesAtProjectRoot=false -Dfile.encoding=utf8 -DwatchParentProcess=false -XX:+UseParallelGC -XX:GCTimeRatio=4 -XX:AdaptiveSizePolicyWeight=90 -Dsun.zip.disableMemoryMapping=true -Xmx1G -Xms100m -javaagent:c:\Users\gilbe\.vscode\extensions\redhat.java-1.9.0-win32-x64\lombok\lombok-1.18.24.jar -XX:+HeapDumpOnOutOfMemoryError -XX:HeapDumpPath=c:\Users\gilbe\AppData\Roaming\Code\User\workspaceStorage\6855dac74c9501bda7c68a02d3bf8714\redhat.java 
java_command: c:\Users\gilbe\.vscode\extensions\redhat.java-1.9.0-win32-x64\server\plugins\org.eclipse.equinox.launcher_1.6.400.v20210924-0641.jar -configuration c:\Users\gilbe\AppData\Roaming\Code\User\globalStorage\redhat.java\1.9.0\config_win -data c:\Users\gilbe\AppData\Roaming\Code\User\workspaceStorage\6855dac74c9501bda7c68a02d3bf8714\redhat.java\jdt_ws
java_class_path (initial): c:\Users\gilbe\.vscode\extensions\redhat.java-1.9.0-win32-x64\server\plugins\org.eclipse.equinox.launcher_1.6.400.v20210924-0641.jar
Launcher Type: SUN_STANDARD

[Global flags]
    uintx AdaptiveSizePolicyWeight                 = 90                                        {product} {command line}
     intx CICompilerCount                          = 2                                         {product} {ergonomic}
    uintx GCTimeRatio                              = 4                                         {product} {command line}
     bool HeapDumpOnOutOfMemoryError               = true                                   {manageable} {command line}
    ccstr HeapDumpPath                             = c:\Users\gilbe\AppData\Roaming\Code\User\workspaceStorage\6855dac74c9501bda7c68a02d3bf8714\redhat.java         {manageable} {command line}
   size_t InitialHeapSize                          = 104857600                                 {product} {command line}
   size_t MaxHeapSize                              = 1073741824                                {product} {command line}
   size_t MaxNewSize                               = 357564416                                 {product} {ergonomic}
   size_t MinHeapDeltaBytes                        = 524288                                    {product} {ergonomic}
   size_t MinHeapSize                              = 104857600                                 {product} {command line}
   size_t NewSize                                  = 34603008                                  {product} {ergonomic}
    uintx NonNMethodCodeHeapSize                   = 5826188                                {pd product} {ergonomic}
    uintx NonProfiledCodeHeapSize                  = 122916026                              {pd product} {ergonomic}
   size_t OldSize                                  = 70254592                                  {product} {ergonomic}
    uintx ProfiledCodeHeapSize                     = 122916026                              {pd product} {ergonomic}
    uintx ReservedCodeCacheSize                    = 251658240                              {pd product} {ergonomic}
     bool SegmentedCodeCache                       = true                                      {product} {ergonomic}
   size_t SoftMaxHeapSize                          = 1073741824                             {manageable} {ergonomic}
     bool UseCompressedClassPointers               = true                           {product lp64_product} {ergonomic}
     bool UseCompressedOops                        = true                           {product lp64_product} {ergonomic}
     bool UseLargePagesIndividualAllocation        = false                                  {pd product} {ergonomic}
     bool UseParallelGC                            = true                                      {product} {command line}

Logging:
Log output configuration:
 #0: stdout all=warning uptime,level,tags
 #1: stderr all=off uptime,level,tags

Environment Variables:
PATH=C:\Program Files (x86)\Common Files\Oracle\Java\javapath;C:\windows\system32;C:\windows;C:\windows\System32\Wbem;C:\windows\System32\WindowsPowerShell\v1.0\;C:\windows\System32\OpenSSH\;C:\Program Files\nodejs\;C:\ProgramData\chocolatey\bin;C:\Users\gilbe\AppData\Local\Programs\Python\Python310\Scripts\;C:\Users\gilbe\AppData\Local\Programs\Python\Python310\;C:\Users\gilbe\AppData\Local\Microsoft\WindowsApps;C:\Users\gilbe\AppData\Local\Programs\Microsoft VS Code\bin;C:\Users\gilbe\AppData\Roaming\npm;C:\Program Files\Java\jdk1.8.0_311\bin;C:\Program Files\Java\jre1.8.0_341\bin;
USERNAME=gilbe
OS=Windows_NT
PROCESSOR_IDENTIFIER=AMD64 Family 23 Model 24 Stepping 1, AuthenticAMD



---------------  S Y S T E M  ---------------

OS:
 Windows 10 , 64 bit Build 19041 (10.0.19041.1806)
OS uptime: 24 days 5:21 hours

CPU: total 2 (initial active 2) (2 cores per cpu, 1 threads per core) family 23 model 24 stepping 1 microcode 0x0, cx8, cmov, fxsr, mmx, 3dnowpref, sse, sse2, sse3, ssse3, sse4a, sse4.1, sse4.2, popcnt, lzcnt, tsc, tscinvbit, avx, avx2, aes, clmul, bmi1, bmi2, adx, sha, fma, vzeroupper, clflush, clflushopt

Memory: 4k page, system-wide physical 3463M (101M free)
TotalPageFile size 14215M (AvailPageFile size 3M)
current process WorkingSet (physical memory assigned to process): 119M, peak: 145M
current process commit charge ("private bytes"): 235M, peak: 252M

vm_info: OpenJDK 64-Bit Server VM (17.0.3+7) for windows-amd64 JRE (17.0.3+7), built on Apr 19 2022 16:55:35 by "" with MS VC++ 16.7 (VS2019)

END.
