#
# There is insufficient memory for the Java Runtime Environment to continue.
# Native memory allocation (malloc) failed to allocate 32744 bytes for ChunkPool::allocate
# Possible reasons:
#   The system is out of physical RAM or swap space
#   The process is running with CompressedOops enabled, and the Java Heap may be blocking the growth of the native heap
# Possible solutions:
#   Reduce memory load on the system
#   Increase physical memory or swap space
#   Check if swap backing store is full
#   Decrease Java heap size (-Xmx/-Xms)
#   Decrease number of Java threads
#   Decrease Java thread stack sizes (-Xss)
#   Set larger code cache with -XX:ReservedCodeCacheSize=
#   JVM is running with Unscaled Compressed Oops mode in which the Java heap is
#     placed in the first 4GB address space. The Java Heap base address is the
#     maximum limit for the native heap growth. Please use -XX:HeapBaseMinAddress
#     to set the Java Heap base and to place the Java Heap above 4GB virtual address.
# This output file may be truncated or incomplete.
#
#  Out of Memory Error (arena.cpp:78), pid=18692, tid=20648
#
# JRE version: OpenJDK Runtime Environment Temurin-17.0.3+7 (17.0.3+7) (build 17.0.3+7)
# Java VM: OpenJDK 64-Bit Server VM Temurin-17.0.3+7 (17.0.3+7, mixed mode, tiered, compressed oops, compressed class ptrs, parallel gc, windows-amd64)
# No core dump will be written. Minidumps are not enabled by default on client versions of Windows
#

---------------  S U M M A R Y ------------

Command Line: --add-modules=ALL-SYSTEM --add-opens=java.base/java.util=ALL-UNNAMED --add-opens=java.base/java.lang=ALL-UNNAMED --add-opens=java.base/sun.nio.fs=ALL-UNNAMED -Declipse.application=org.eclipse.jdt.ls.core.id1 -Dosgi.bundles.defaultStartLevel=4 -Declipse.product=org.eclipse.jdt.ls.core.product -Djava.import.generatesMetadataFilesAtProjectRoot=false -Dfile.encoding=utf8 -DwatchParentProcess=false -XX:+UseParallelGC -XX:GCTimeRatio=4 -XX:AdaptiveSizePolicyWeight=90 -Dsun.zip.disableMemoryMapping=true -Xmx1G -Xms100m -javaagent:c:\Users\gilbe\.vscode\extensions\redhat.java-1.9.0-win32-x64\lombok\lombok-1.18.24.jar -XX:+HeapDumpOnOutOfMemoryError -XX:HeapDumpPath=c:\Users\gilbe\AppData\Roaming\Code\User\workspaceStorage\6855dac74c9501bda7c68a02d3bf8714\redhat.java c:\Users\gilbe\.vscode\extensions\redhat.java-1.9.0-win32-x64\server\plugins\org.eclipse.equinox.launcher_1.6.400.v20210924-0641.jar -configuration c:\Users\gilbe\AppData\Roaming\Code\User\globalStorage\redhat.java\1.9.0\config_win -data c:\Users\gilbe\AppData\Roaming\Code\User\workspaceStorage\6855dac74c9501bda7c68a02d3bf8714\redhat.java\jdt_ws

Host: AMD Athlon Silver 3050U with Radeon Graphics   , 2 cores, 3G,  Windows 10 , 64 bit Build 19041 (10.0.19041.1806)
Time: Wed Aug 10 13:43:54 2022 Central Daylight Time elapsed time: 30.661073 seconds (0d 0h 0m 30s)

---------------  T H R E A D  ---------------

Current thread (0x0000015333943f30):  JavaThread "Compiler Processing Task" daemon [_thread_in_vm, id=20648, stack(0x0000003fe2800000,0x0000003fe2900000)]

Stack: [0x0000003fe2800000,0x0000003fe2900000]
Native frames: (J=compiled Java code, j=interpreted, Vv=VM code, C=native code)
V  [jvm.dll+0x675efa]
V  [jvm.dll+0x830a24]
V  [jvm.dll+0x8321ce]
V  [jvm.dll+0x832833]
V  [jvm.dll+0x2454b5]
V  [jvm.dll+0xabfc0]
V  [jvm.dll+0xac30c]
V  [jvm.dll+0x41446a]
C  0x00000153280d550b

Java frames: (J=compiled Java code, j=interpreted, Vv=VM code)
J 567  java.lang.ClassLoader.findLoadedClass0(Ljava/lang/String;)Ljava/lang/Class; java.base@17.0.3 (0 bytes) @ 0x00000153280d546f [0x00000153280d5420+0x000000000000004f]
J 3645 c2 org.eclipse.osgi.internal.loader.classpath.ClasspathManager.findLocalClass(Ljava/lang/String;)Ljava/lang/Class; (210 bytes) @ 0x000001532824651c [0x0000015328246080+0x000000000000049c]
J 5611 c2 org.eclipse.osgi.internal.loader.BundleLoader.findLocalClass(Ljava/lang/String;)Ljava/lang/Class; (152 bytes) @ 0x0000015328210bfc [0x0000015328210b80+0x000000000000007c]
J 3675 c2 org.eclipse.osgi.internal.loader.BundleLoader.findClass0(Ljava/lang/String;ZZ)Ljava/lang/Class; (466 bytes) @ 0x0000015328250844 [0x000001532824ef00+0x0000000000001944]
J 3676 c2 org.eclipse.osgi.internal.loader.ModuleClassLoader.loadClass(Ljava/lang/String;Z)Ljava/lang/Class; (36 bytes) @ 0x000001532825bcd8 [0x000001532825bc40+0x0000000000000098]
J 3577 c2 java.lang.ClassLoader.loadClass(Ljava/lang/String;)Ljava/lang/Class; java.base@17.0.3 (7 bytes) @ 0x000001532823f9c0 [0x000001532823f980+0x0000000000000040]
v  ~StubRoutines::call_stub
J 3163  java.lang.Class.forName0(Ljava/lang/String;ZLjava/lang/ClassLoader;Ljava/lang/Class;)Ljava/lang/Class; java.base@17.0.3 (0 bytes) @ 0x00000153281f3e27 [0x00000153281f3da0+0x0000000000000087]
J 3746 c1 java.lang.Class.forName(Ljava/lang/String;)Ljava/lang/Class; java.base@17.0.3 (15 bytes) @ 0x000001532131b2e4 [0x000001532131b1c0+0x0000000000000124]
j  lombok.eclipse.agent.PatchValEclipse$Reflection.<clinit>()V+87
v  ~StubRoutines::call_stub
j  lombok.eclipse.agent.PatchValEclipse.copyInitializationOfLocalDeclaration(Lorg/eclipse/jdt/internal/compiler/parser/Parser;)V+0
v  ~StubRoutines::call_stub
j  jdk.internal.reflect.NativeMethodAccessorImpl.invoke0(Ljava/lang/reflect/Method;Ljava/lang/Object;[Ljava/lang/Object;)Ljava/lang/Object;+0 java.base@17.0.3
j  jdk.internal.reflect.NativeMethodAccessorImpl.invoke(Ljava/lang/Object;[Ljava/lang/Object;)Ljava/lang/Object;+133 java.base@17.0.3
J 1214 c1 jdk.internal.reflect.DelegatingMethodAccessorImpl.invoke(Ljava/lang/Object;[Ljava/lang/Object;)Ljava/lang/Object; java.base@17.0.3 (10 bytes) @ 0x0000015320d8cbbc [0x0000015320d8cac0+0x00000000000000fc]
J 1213 c1 java.lang.reflect.Method.invoke(Ljava/lang/Object;[Ljava/lang/Object;)Ljava/lang/Object; java.base@17.0.3 (65 bytes) @ 0x0000015320d8c62c [0x0000015320d8c300+0x000000000000032c]
j  lombok.eclipse.agent.PatchValEclipsePortal.copyInitializationOfLocalDeclaration(Ljava/lang/Object;)V+12
v  ~StubRoutines::call_stub
j  jdk.internal.reflect.NativeMethodAccessorImpl.invoke0(Ljava/lang/reflect/Method;Ljava/lang/Object;[Ljava/lang/Object;)Ljava/lang/Object;+0 java.base@17.0.3
j  jdk.internal.reflect.NativeMethodAccessorImpl.invoke(Ljava/lang/Object;[Ljava/lang/Object;)Ljava/lang/Object;+133 java.base@17.0.3
J 1214 c1 jdk.internal.reflect.DelegatingMethodAccessorImpl.invoke(Ljava/lang/Object;[Ljava/lang/Object;)Ljava/lang/Object; java.base@17.0.3 (10 bytes) @ 0x0000015320d8cbbc [0x0000015320d8cac0+0x00000000000000fc]
J 1213 c1 java.lang.reflect.Method.invoke(Ljava/lang/Object;[Ljava/lang/Object;)Ljava/lang/Object; java.base@17.0.3 (65 bytes) @ 0x0000015320d8c62c [0x0000015320d8c300+0x000000000000032c]
j  lombok.launch.PatchFixesHider$Util.invokeMethod(Ljava/lang/reflect/Method;[Ljava/lang/Object;)Ljava/lang/Object;+3
j  lombok.launch.PatchFixesHider$ValPortal.copyInitializationOfLocalDeclaration(Ljava/lang/Object;)V+11
j  org.eclipse.jdt.internal.compiler.parser.Parser.consumeExitVariableWithInitialization()V+70
J 5896 c1 org.eclipse.jdt.internal.compiler.parser.Parser.consumeRule(I)V (7765 bytes) @ 0x0000015321668c6c [0x0000015321642e00+0x0000000000025e6c]
j  org.eclipse.jdt.internal.compiler.parser.Parser.parse()V+566
j  org.eclipse.jdt.internal.compiler.parser.Parser.parse(Lorg/eclipse/jdt/internal/compiler/ast/MethodDeclaration;Lorg/eclipse/jdt/internal/compiler/ast/CompilationUnitDeclaration;)V+121
j  org.eclipse.jdt.internal.compiler.ast.MethodDeclaration.parseStatements(Lorg/eclipse/jdt/internal/compiler/parser/Parser;Lorg/eclipse/jdt/internal/compiler/ast/CompilationUnitDeclaration;)V+3
j  org.eclipse.jdt.internal.compiler.ast.TypeDeclaration.parseMethods(Lorg/eclipse/jdt/internal/compiler/parser/Parser;Lorg/eclipse/jdt/internal/compiler/ast/CompilationUnitDeclaration;)V+102
j  org.eclipse.jdt.internal.compiler.parser.Parser.getMethodBodies(Lorg/eclipse/jdt/internal/compiler/ast/CompilationUnitDeclaration;)V+169
j  org.eclipse.jdt.internal.compiler.Compiler.process(Lorg/eclipse/jdt/internal/compiler/ast/CompilationUnitDeclaration;I)V+17
j  org.eclipse.jdt.internal.compiler.ProcessTaskManager.run()V+246
j  java.lang.Thread.run()V+11 java.base@17.0.3
v  ~StubRoutines::call_stub

---------------  P R O C E S S  ---------------

Threads class SMR info:
_java_thread_list=0x0000015334cf94a0, length=26, elements={
0x000001531c17fc60, 0x0000015331ea2760, 0x0000015331ea34e0, 0x0000015331ec9160,
0x0000015331ec9ee0, 0x0000015331ecca70, 0x0000015331ece4a0, 0x0000015331ed10a0,
0x0000015331ed29b0, 0x0000015331f545d0, 0x000001531c23f420, 0x00000153334df440,
0x0000015333d43c80, 0x0000015333d90e60, 0x0000015333b70ee0, 0x0000015333b77ad0,
0x00000153333a8410, 0x00000153339465b0, 0x00000153339460e0, 0x0000015333944400,
0x0000015333944da0, 0x0000015333945c10, 0x00000153339448d0, 0x0000015333946f50,
0x0000015333947420, 0x0000015333943f30
}

Java Threads: ( => current thread )
  0x000001531c17fc60 JavaThread "main" [_thread_blocked, id=4628, stack(0x0000003fe1400000,0x0000003fe1500000)]
  0x0000015331ea2760 JavaThread "Reference Handler" daemon [_thread_blocked, id=1196, stack(0x0000003fe1700000,0x0000003fe1800000)]
  0x0000015331ea34e0 JavaThread "Finalizer" daemon [_thread_blocked, id=16644, stack(0x0000003fe1800000,0x0000003fe1900000)]
  0x0000015331ec9160 JavaThread "Signal Dispatcher" daemon [_thread_blocked, id=5900, stack(0x0000003fe1900000,0x0000003fe1a00000)]
  0x0000015331ec9ee0 JavaThread "Attach Listener" daemon [_thread_blocked, id=2836, stack(0x0000003fe1a00000,0x0000003fe1b00000)]
  0x0000015331ecca70 JavaThread "Service Thread" daemon [_thread_blocked, id=6964, stack(0x0000003fe1b00000,0x0000003fe1c00000)]
  0x0000015331ece4a0 JavaThread "Monitor Deflation Thread" daemon [_thread_blocked, id=20736, stack(0x0000003fe1c00000,0x0000003fe1d00000)]
  0x0000015331ed10a0 JavaThread "C2 CompilerThread0" daemon [_thread_in_native, id=13432, stack(0x0000003fe1d00000,0x0000003fe1e00000)]
  0x0000015331ed29b0 JavaThread "C1 CompilerThread0" daemon [_thread_blocked, id=240, stack(0x0000003fe1e00000,0x0000003fe1f00000)]
  0x0000015331f545d0 JavaThread "Sweeper thread" daemon [_thread_blocked, id=11880, stack(0x0000003fe1f00000,0x0000003fe2000000)]
  0x000001531c23f420 JavaThread "Common-Cleaner" daemon [_thread_blocked, id=17376, stack(0x0000003fe2000000,0x0000003fe2100000)]
  0x00000153334df440 JavaThread "Notification Thread" daemon [_thread_blocked, id=15780, stack(0x0000003fe2100000,0x0000003fe2200000)]
  0x0000015333d43c80 JavaThread "Active Thread: Equinox Container: 94785782-8944-4c84-a079-d39f26f05d6b" [_thread_blocked, id=17936, stack(0x0000003fe2400000,0x0000003fe2500000)]
  0x0000015333d90e60 JavaThread "Framework Event Dispatcher: Equinox Container: 94785782-8944-4c84-a079-d39f26f05d6b" daemon [_thread_blocked, id=19584, stack(0x0000003fe2500000,0x0000003fe2600000)]
  0x0000015333b70ee0 JavaThread "Start Level: Equinox Container: 94785782-8944-4c84-a079-d39f26f05d6b" daemon [_thread_blocked, id=9324, stack(0x0000003fe2600000,0x0000003fe2700000)]
  0x0000015333b77ad0 JavaThread "SCR Component Actor" daemon [_thread_blocked, id=20544, stack(0x0000003fe2700000,0x0000003fe2800000)]
  0x00000153333a8410 JavaThread "Bundle File Closer" daemon [_thread_blocked, id=3712, stack(0x0000003fe2900000,0x0000003fe2a00000)]
  0x00000153339465b0 JavaThread "Worker-JM" [_thread_blocked, id=13620, stack(0x0000003fe2a00000,0x0000003fe2b00000)]
  0x00000153339460e0 JavaThread "Worker-0" [_thread_blocked, id=11368, stack(0x0000003fe2b00000,0x0000003fe2c00000)]
  0x0000015333944400 JavaThread "Worker-1: Building" [_thread_blocked, id=19928, stack(0x0000003fe2c00000,0x0000003fe2d00000)]
  0x0000015333944da0 JavaThread "Worker-2: Initialize workspace" [_thread_blocked, id=14212, stack(0x0000003fe2d00000,0x0000003fe2e00000)]
  0x0000015333945c10 JavaThread "Java indexing" daemon [_thread_blocked, id=13272, stack(0x0000003fe2e00000,0x0000003fe2f00000)]
  0x00000153339448d0 JavaThread "Worker-3" [_thread_blocked, id=20340, stack(0x0000003fe2f00000,0x0000003fe3000000)]
  0x0000015333946f50 JavaThread "pool-1-thread-1" [_thread_blocked, id=16520, stack(0x0000003fe3000000,0x0000003fe3100000)]
  0x0000015333947420 JavaThread "Worker-4" [_thread_blocked, id=18540, stack(0x0000003fe3100000,0x0000003fe3200000)]
=>0x0000015333943f30 JavaThread "Compiler Processing Task" daemon [_thread_in_vm, id=20648, stack(0x0000003fe2800000,0x0000003fe2900000)]

Other Threads:
  0x0000015331e88bb0 VMThread "VM Thread" [stack: 0x0000003fe1600000,0x0000003fe1700000] [id=21280]
  0x00000153334bfc50 WatcherThread [stack: 0x0000003fe2200000,0x0000003fe2300000] [id=3832]
  0x000001531c196c20 GCTaskThread "GC Thread#0" [stack: 0x0000003fe1500000,0x0000003fe1600000] [id=21012]
  0x00000153334de200 GCTaskThread "GC Thread#1" [stack: 0x0000003fe2300000,0x0000003fe2400000] [id=13664]

Threads with active compile tasks:
C2 CompilerThread0    30888 6083       4       org.objectweb.asm.ClassReader::readMethod (1066 bytes)

VM state: not at safepoint (normal execution)

VM Mutex/Monitor currently owned by a thread: None

Heap address: 0x00000000c0000000, size: 1024 MB, Compressed Oops mode: 32-bit

CDS archive(s) not mapped
Compressed class space mapped at: 0x0000000100000000-0x0000000140000000, reserved size: 1073741824
Narrow klass base: 0x0000000000000000, Narrow klass shift: 3, Narrow klass range: 0x140000000

GC Precious Log:
 CPUs: 2 total, 2 available
 Memory: 3463M
 Large Page Support: Disabled
 NUMA Support: Disabled
 Compressed Oops: Enabled (32-bit)
 Alignments: Space 512K, Generation 512K, Heap 2M
 Heap Min Capacity: 100M
 Heap Initial Capacity: 100M
 Heap Max Capacity: 1G
 Pre-touch: Disabled
 Parallel Workers: 2

Heap:
 PSYoungGen      total 19456K, used 6978K [0x00000000eab00000, 0x00000000ebf80000, 0x0000000100000000)
  eden space 17408K, 35% used [0x00000000eab00000,0x00000000eb0f5f90,0x00000000ebc00000)
  from space 2048K, 42% used [0x00000000ebc00000,0x00000000ebcdaa58,0x00000000ebe00000)
  to   space 1536K, 0% used [0x00000000ebe00000,0x00000000ebe00000,0x00000000ebf80000)
 ParOldGen       total 68608K, used 41325K [0x00000000c0000000, 0x00000000c4300000, 0x00000000eab00000)
  object space 68608K, 60% used [0x00000000c0000000,0x00000000c285b400,0x00000000c4300000)
 Metaspace       used 56675K, committed 57536K, reserved 1105920K
  class space    used 6018K, committed 6400K, reserved 1048576K

Card table byte_map: [0x000001532f7d0000,0x000001532f9e0000] _byte_map_base: 0x000001532f1d0000

Marking Bits: (ParMarkBitMap*) 0x00007ff8766e4b80
 Begin Bits: [0x000001532fb40000, 0x0000015330b40000)
 End Bits:   [0x0000015330b40000, 0x0000015331b40000)

Polling page: 0x000001531c260000

Metaspace:

Usage:
  Non-class:     49.47 MB used.
      Class:      5.88 MB used.
       Both:     55.35 MB used.

Virtual space:
  Non-class space:       56.00 MB reserved,      49.94 MB ( 89%) committed,  7 nodes.
      Class space:        1.00 GB reserved,       6.25 MB ( <1%) committed,  1 nodes.
             Both:        1.05 GB reserved,      56.19 MB (  5%) committed. 

Chunk freelists:
   Non-Class:  1.23 MB
       Class:  1.69 MB
        Both:  2.92 MB

MaxMetaspaceSize: unlimited
CompressedClassSpaceSize: 1.00 GB
Initial GC threshold: 21.00 MB
Current GC threshold: 58.38 MB
CDS: off
MetaspaceReclaimPolicy: balanced
 - commit_granule_bytes: 65536.
 - commit_granule_words: 8192.
 - virtual_space_node_default_size: 1048576.
 - enlarge_chunks_in_place: 1.
 - new_chunks_are_fully_committed: 0.
 - uncommit_free_chunks: 1.
 - use_allocation_guard: 0.
 - handle_deallocations: 1.


Internal statistics:

num_allocs_failed_limit: 6.
num_arena_births: 374.
num_arena_deaths: 14.
num_vsnodes_births: 8.
num_vsnodes_deaths: 0.
num_space_committed: 899.
num_space_uncommitted: 0.
num_chunks_returned_to_freelist: 20.
num_chunks_taken_from_freelist: 2301.
num_chunk_merges: 10.
num_chunk_splits: 1536.
num_chunks_enlarged: 1038.
num_purges: 2.
num_inconsistent_stats: 0.

CodeHeap 'non-profiled nmethods': size=120064Kb used=2787Kb max_used=2787Kb free=117276Kb
 bounds [0x00000153280a0000, 0x0000015328360000, 0x000001532f5e0000]
CodeHeap 'profiled nmethods': size=120000Kb used=11470Kb max_used=11470Kb free=108529Kb
 bounds [0x0000015320b70000, 0x00000153216d0000, 0x00000153280a0000]
CodeHeap 'non-nmethods': size=5696Kb used=1326Kb max_used=1348Kb free=4369Kb
 bounds [0x00000153205e0000, 0x0000015320850000, 0x0000015320b70000]
 total_blobs=5946 nmethods=5285 adapters=575
 compilation: enabled
              stopped_count=0, restarted_count=0
 full_count=0

Compilation events (20 events):
Event: 30.243 Thread 0x0000015331ed29b0 6101       2       org.objectweb.asm.MethodWriter::visitCode (1 bytes)
Event: 30.243 Thread 0x0000015331ed29b0 nmethod 6101 0x0000015320d5f810 code [0x0000015320d5f9a0, 0x0000015320d5fa98]
Event: 30.252 Thread 0x0000015331ed29b0 6102       2       org.objectweb.asm.MethodWriter::visitMaxs (60 bytes)
Event: 30.253 Thread 0x0000015331ed29b0 nmethod 6102 0x0000015320e6f990 code [0x0000015320e6fb40, 0x0000015320e6fd18]
Event: 30.253 Thread 0x0000015331ed29b0 6103       2       org.objectweb.asm.MethodWriter::visitEnd (1 bytes)
Event: 30.253 Thread 0x0000015331ed29b0 nmethod 6103 0x0000015320dd6290 code [0x0000015320dd6420, 0x0000015320dd6518]
Event: 30.254 Thread 0x0000015331ed29b0 6104       2       org.objectweb.asm.MethodWriter::visitIntInsn (113 bytes)
Event: 30.255 Thread 0x0000015331ed29b0 nmethod 6104 0x0000015320e6f410 code [0x0000015320e6f5e0, 0x0000015320e6f848]
Event: 30.257 Thread 0x0000015331ed29b0 6105       2       org.objectweb.asm.MethodVisitor::visitIntInsn (17 bytes)
Event: 30.257 Thread 0x0000015331ed29b0 nmethod 6105 0x0000015320e6f090 code [0x0000015320e6f220, 0x0000015320e6f348]
Event: 30.261 Thread 0x0000015331ed29b0 6106       2       org.objectweb.asm.SymbolTable::hash (19 bytes)
Event: 30.261 Thread 0x0000015331ed29b0 nmethod 6106 0x0000015320e6ec10 code [0x0000015320e6edc0, 0x0000015320e6ef18]
Event: 30.269 Thread 0x0000015331ed29b0 6107       2       org.objectweb.asm.Handler::putExceptionTable (63 bytes)
Event: 30.269 Thread 0x0000015331ed29b0 nmethod 6107 0x0000015320e6e490 code [0x0000015320e6e680, 0x0000015320e6e968]
Event: 30.271 Thread 0x0000015331ed29b0 6109       2       org.objectweb.asm.SymbolTable::hash (23 bytes)
Event: 30.272 Thread 0x0000015331ed29b0 nmethod 6109 0x000001532153e210 code [0x000001532153e3c0, 0x000001532153e568]
Event: 30.290 Thread 0x0000015331ed29b0 6111       2       lombok.patcher.MethodLogistics::returnOpcodeFor (144 bytes)
Event: 30.291 Thread 0x0000015331ed29b0 nmethod 6111 0x000001532153d690 code [0x000001532153d8c0, 0x000001532153dea8]
Event: 30.292 Thread 0x0000015331ed29b0 6112       2       org.objectweb.asm.SymbolTable::addConstantDynamicOrInvokeDynamicReference (34 bytes)
Event: 30.292 Thread 0x0000015331ed29b0 nmethod 6112 0x000001532153d190 code [0x000001532153d340, 0x000001532153d568]

GC Heap History (20 events):
Event: 22.573 GC heap before
{Heap before GC invocations=18 (full 2):
 PSYoungGen      total 25088K, used 25017K [0x00000000eab00000, 0x00000000ec680000, 0x0000000100000000)
  eden space 22016K, 100% used [0x00000000eab00000,0x00000000ec080000,0x00000000ec080000)
  from space 3072K, 97% used [0x00000000ec080000,0x00000000ec36e480,0x00000000ec380000)
  to   space 3072K, 0% used [0x00000000ec380000,0x00000000ec380000,0x00000000ec680000)
 ParOldGen       total 68608K, used 21318K [0x00000000c0000000, 0x00000000c4300000, 0x00000000eab00000)
  object space 68608K, 31% used [0x00000000c0000000,0x00000000c14d18f8,0x00000000c4300000)
 Metaspace       used 49360K, committed 50176K, reserved 1097728K
  class space    used 5292K, committed 5632K, reserved 1048576K
}
Event: 22.587 GC heap after
{Heap after GC invocations=18 (full 2):
 PSYoungGen      total 24576K, used 2144K [0x00000000eab00000, 0x00000000ec600000, 0x0000000100000000)
  eden space 22016K, 0% used [0x00000000eab00000,0x00000000eab00000,0x00000000ec080000)
  from space 2560K, 83% used [0x00000000ec380000,0x00000000ec598010,0x00000000ec600000)
  to   space 2560K, 0% used [0x00000000ec100000,0x00000000ec100000,0x00000000ec380000)
 ParOldGen       total 68608K, used 24287K [0x00000000c0000000, 0x00000000c4300000, 0x00000000eab00000)
  object space 68608K, 35% used [0x00000000c0000000,0x00000000c17b7e88,0x00000000c4300000)
 Metaspace       used 49360K, committed 50176K, reserved 1097728K
  class space    used 5292K, committed 5632K, reserved 1048576K
}
Event: 23.308 GC heap before
{Heap before GC invocations=19 (full 2):
 PSYoungGen      total 24576K, used 24160K [0x00000000eab00000, 0x00000000ec600000, 0x0000000100000000)
  eden space 22016K, 100% used [0x00000000eab00000,0x00000000ec080000,0x00000000ec080000)
  from space 2560K, 83% used [0x00000000ec380000,0x00000000ec598010,0x00000000ec600000)
  to   space 2560K, 0% used [0x00000000ec100000,0x00000000ec100000,0x00000000ec380000)
 ParOldGen       total 68608K, used 24287K [0x00000000c0000000, 0x00000000c4300000, 0x00000000eab00000)
  object space 68608K, 35% used [0x00000000c0000000,0x00000000c17b7e88,0x00000000c4300000)
 Metaspace       used 49652K, committed 50432K, reserved 1097728K
  class space    used 5329K, committed 5696K, reserved 1048576K
}
Event: 23.323 GC heap after
{Heap after GC invocations=19 (full 2):
 PSYoungGen      total 24576K, used 2208K [0x00000000eab00000, 0x00000000ec580000, 0x0000000100000000)
  eden space 22016K, 0% used [0x00000000eab00000,0x00000000eab00000,0x00000000ec080000)
  from space 2560K, 86% used [0x00000000ec100000,0x00000000ec328020,0x00000000ec380000)
  to   space 2048K, 0% used [0x00000000ec380000,0x00000000ec380000,0x00000000ec580000)
 ParOldGen       total 68608K, used 28370K [0x00000000c0000000, 0x00000000c4300000, 0x00000000eab00000)
  object space 68608K, 41% used [0x00000000c0000000,0x00000000c1bb4a48,0x00000000c4300000)
 Metaspace       used 49652K, committed 50432K, reserved 1097728K
  class space    used 5329K, committed 5696K, reserved 1048576K
}
Event: 23.603 GC heap before
{Heap before GC invocations=20 (full 2):
 PSYoungGen      total 24576K, used 24224K [0x00000000eab00000, 0x00000000ec580000, 0x0000000100000000)
  eden space 22016K, 100% used [0x00000000eab00000,0x00000000ec080000,0x00000000ec080000)
  from space 2560K, 86% used [0x00000000ec100000,0x00000000ec328020,0x00000000ec380000)
  to   space 2048K, 0% used [0x00000000ec380000,0x00000000ec380000,0x00000000ec580000)
 ParOldGen       total 68608K, used 28370K [0x00000000c0000000, 0x00000000c4300000, 0x00000000eab00000)
  object space 68608K, 41% used [0x00000000c0000000,0x00000000c1bb4a48,0x00000000c4300000)
 Metaspace       used 49722K, committed 50496K, reserved 1097728K
  class space    used 5335K, committed 5696K, reserved 1048576K
}
Event: 23.619 GC heap after
{Heap after GC invocations=20 (full 2):
 PSYoungGen      total 19456K, used 2016K [0x00000000eab00000, 0x00000000ecf80000, 0x0000000100000000)
  eden space 17408K, 0% used [0x00000000eab00000,0x00000000eab00000,0x00000000ebc00000)
  from space 2048K, 98% used [0x00000000ec380000,0x00000000ec578010,0x00000000ec580000)
  to   space 7680K, 0% used [0x00000000ebc00000,0x00000000ebc00000,0x00000000ec380000)
 ParOldGen       total 68608K, used 32919K [0x00000000c0000000, 0x00000000c4300000, 0x00000000eab00000)
  object space 68608K, 47% used [0x00000000c0000000,0x00000000c2025da8,0x00000000c4300000)
 Metaspace       used 49722K, committed 50496K, reserved 1097728K
  class space    used 5335K, committed 5696K, reserved 1048576K
}
Event: 23.826 GC heap before
{Heap before GC invocations=21 (full 2):
 PSYoungGen      total 19456K, used 19424K [0x00000000eab00000, 0x00000000ecf80000, 0x0000000100000000)
  eden space 17408K, 100% used [0x00000000eab00000,0x00000000ebc00000,0x00000000ebc00000)
  from space 2048K, 98% used [0x00000000ec380000,0x00000000ec578010,0x00000000ec580000)
  to   space 7680K, 0% used [0x00000000ebc00000,0x00000000ebc00000,0x00000000ec380000)
 ParOldGen       total 68608K, used 32919K [0x00000000c0000000, 0x00000000c4300000, 0x00000000eab00000)
  object space 68608K, 47% used [0x00000000c0000000,0x00000000c2025da8,0x00000000c4300000)
 Metaspace       used 49724K, committed 50496K, reserved 1097728K
  class space    used 5335K, committed 5696K, reserved 1048576K
}
Event: 23.851 GC heap after
{Heap after GC invocations=21 (full 2):
 PSYoungGen      total 19456K, used 2016K [0x00000000eab00000, 0x00000000ec400000, 0x0000000100000000)
  eden space 17408K, 0% used [0x00000000eab00000,0x00000000eab00000,0x00000000ebc00000)
  from space 2048K, 98% used [0x00000000ebc00000,0x00000000ebdf8010,0x00000000ebe00000)
  to   space 4096K, 0% used [0x00000000ec000000,0x00000000ec000000,0x00000000ec400000)
 ParOldGen       total 68608K, used 34951K [0x00000000c0000000, 0x00000000c4300000, 0x00000000eab00000)
  object space 68608K, 50% used [0x00000000c0000000,0x00000000c2221db8,0x00000000c4300000)
 Metaspace       used 49724K, committed 50496K, reserved 1097728K
  class space    used 5335K, committed 5696K, reserved 1048576K
}
Event: 24.119 GC heap before
{Heap before GC invocations=22 (full 2):
 PSYoungGen      total 19456K, used 19424K [0x00000000eab00000, 0x00000000ec400000, 0x0000000100000000)
  eden space 17408K, 100% used [0x00000000eab00000,0x00000000ebc00000,0x00000000ebc00000)
  from space 2048K, 98% used [0x00000000ebc00000,0x00000000ebdf8010,0x00000000ebe00000)
  to   space 4096K, 0% used [0x00000000ec000000,0x00000000ec000000,0x00000000ec400000)
 ParOldGen       total 68608K, used 34951K [0x00000000c0000000, 0x00000000c4300000, 0x00000000eab00000)
  object space 68608K, 50% used [0x00000000c0000000,0x00000000c2221db8,0x00000000c4300000)
 Metaspace       used 49725K, committed 50496K, reserved 1097728K
  class space    used 5335K, committed 5696K, reserved 1048576K
}
Event: 24.126 GC heap after
{Heap after GC invocations=22 (full 2):
 PSYoungGen      total 18944K, used 1408K [0x00000000eab00000, 0x00000000ec180000, 0x0000000100000000)
  eden space 17408K, 0% used [0x00000000eab00000,0x00000000eab00000,0x00000000ebc00000)
  from space 1536K, 91% used [0x00000000ec000000,0x00000000ec160000,0x00000000ec180000)
  to   space 2048K, 0% used [0x00000000ebd80000,0x00000000ebd80000,0x00000000ebf80000)
 ParOldGen       total 68608K, used 36967K [0x00000000c0000000, 0x00000000c4300000, 0x00000000eab00000)
  object space 68608K, 53% used [0x00000000c0000000,0x00000000c2419dc8,0x00000000c4300000)
 Metaspace       used 49725K, committed 50496K, reserved 1097728K
  class space    used 5335K, committed 5696K, reserved 1048576K
}
Event: 24.860 GC heap before
{Heap before GC invocations=23 (full 2):
 PSYoungGen      total 18944K, used 18816K [0x00000000eab00000, 0x00000000ec180000, 0x0000000100000000)
  eden space 17408K, 100% used [0x00000000eab00000,0x00000000ebc00000,0x00000000ebc00000)
  from space 1536K, 91% used [0x00000000ec000000,0x00000000ec160000,0x00000000ec180000)
  to   space 2048K, 0% used [0x00000000ebd80000,0x00000000ebd80000,0x00000000ebf80000)
 ParOldGen       total 68608K, used 36967K [0x00000000c0000000, 0x00000000c4300000, 0x00000000eab00000)
  object space 68608K, 53% used [0x00000000c0000000,0x00000000c2419dc8,0x00000000c4300000)
 Metaspace       used 51921K, committed 52736K, reserved 1097728K
  class space    used 5560K, committed 5888K, reserved 1048576K
}
Event: 24.874 GC heap after
{Heap after GC invocations=23 (full 2):
 PSYoungGen      total 18432K, used 678K [0x00000000eab00000, 0x00000000ec080000, 0x0000000100000000)
  eden space 17408K, 0% used [0x00000000eab00000,0x00000000eab00000,0x00000000ebc00000)
  from space 1024K, 66% used [0x00000000ebd80000,0x00000000ebe29bb8,0x00000000ebe80000)
  to   space 1536K, 0% used [0x00000000ebf00000,0x00000000ebf00000,0x00000000ec080000)
 ParOldGen       total 68608K, used 38343K [0x00000000c0000000, 0x00000000c4300000, 0x00000000eab00000)
  object space 68608K, 55% used [0x00000000c0000000,0x00000000c2571dc8,0x00000000c4300000)
 Metaspace       used 51921K, committed 52736K, reserved 1097728K
  class space    used 5560K, committed 5888K, reserved 1048576K
}
Event: 26.459 GC heap before
{Heap before GC invocations=24 (full 2):
 PSYoungGen      total 18432K, used 18053K [0x00000000eab00000, 0x00000000ec080000, 0x0000000100000000)
  eden space 17408K, 99% used [0x00000000eab00000,0x00000000ebbf7c18,0x00000000ebc00000)
  from space 1024K, 66% used [0x00000000ebd80000,0x00000000ebe29bb8,0x00000000ebe80000)
  to   space 1536K, 0% used [0x00000000ebf00000,0x00000000ebf00000,0x00000000ec080000)
 ParOldGen       total 68608K, used 38343K [0x00000000c0000000, 0x00000000c4300000, 0x00000000eab00000)
  object space 68608K, 55% used [0x00000000c0000000,0x00000000c2571dc8,0x00000000c4300000)
 Metaspace       used 52842K, committed 53632K, reserved 1097728K
  class space    used 5680K, committed 6016K, reserved 1048576K
}
Event: 26.469 GC heap after
{Heap after GC invocations=24 (full 2):
 PSYoungGen      total 17920K, used 224K [0x00000000eab00000, 0x00000000ebf80000, 0x0000000100000000)
  eden space 17408K, 0% used [0x00000000eab00000,0x00000000eab00000,0x00000000ebc00000)
  from space 512K, 43% used [0x00000000ebf00000,0x00000000ebf38000,0x00000000ebf80000)
  to   space 512K, 0% used [0x00000000ebe80000,0x00000000ebe80000,0x00000000ebf00000)
 ParOldGen       total 68608K, used 38993K [0x00000000c0000000, 0x00000000c4300000, 0x00000000eab00000)
  object space 68608K, 56% used [0x00000000c0000000,0x00000000c2614458,0x00000000c4300000)
 Metaspace       used 52842K, committed 53632K, reserved 1097728K
  class space    used 5680K, committed 6016K, reserved 1048576K
}
Event: 29.621 GC heap before
{Heap before GC invocations=25 (full 2):
 PSYoungGen      total 17920K, used 17632K [0x00000000eab00000, 0x00000000ebf80000, 0x0000000100000000)
  eden space 17408K, 100% used [0x00000000eab00000,0x00000000ebc00000,0x00000000ebc00000)
  from space 512K, 43% used [0x00000000ebf00000,0x00000000ebf38000,0x00000000ebf80000)
  to   space 512K, 0% used [0x00000000ebe80000,0x00000000ebe80000,0x00000000ebf00000)
 ParOldGen       total 68608K, used 38993K [0x00000000c0000000, 0x00000000c4300000, 0x00000000eab00000)
  object space 68608K, 56% used [0x00000000c0000000,0x00000000c2614458,0x00000000c4300000)
 Metaspace       used 55280K, committed 56128K, reserved 1105920K
  class space    used 5888K, committed 6272K, reserved 1048576K
}
Event: 29.625 GC heap after
{Heap after GC invocations=25 (full 2):
 PSYoungGen      total 17920K, used 511K [0x00000000eab00000, 0x00000000ebf80000, 0x0000000100000000)
  eden space 17408K, 0% used [0x00000000eab00000,0x00000000eab00000,0x00000000ebc00000)
  from space 512K, 99% used [0x00000000ebe80000,0x00000000ebeffd90,0x00000000ebf00000)
  to   space 512K, 0% used [0x00000000ebf00000,0x00000000ebf00000,0x00000000ebf80000)
 ParOldGen       total 68608K, used 39529K [0x00000000c0000000, 0x00000000c4300000, 0x00000000eab00000)
  object space 68608K, 57% used [0x00000000c0000000,0x00000000c269a468,0x00000000c4300000)
 Metaspace       used 55280K, committed 56128K, reserved 1105920K
  class space    used 5888K, committed 6272K, reserved 1048576K
}
Event: 30.171 GC heap before
{Heap before GC invocations=26 (full 2):
 PSYoungGen      total 17920K, used 17756K [0x00000000eab00000, 0x00000000ebf80000, 0x0000000100000000)
  eden space 17408K, 99% used [0x00000000eab00000,0x00000000ebbd73f8,0x00000000ebc00000)
  from space 512K, 99% used [0x00000000ebe80000,0x00000000ebeffd90,0x00000000ebf00000)
  to   space 512K, 0% used [0x00000000ebf00000,0x00000000ebf00000,0x00000000ebf80000)
 ParOldGen       total 68608K, used 39529K [0x00000000c0000000, 0x00000000c4300000, 0x00000000eab00000)
  object space 68608K, 57% used [0x00000000c0000000,0x00000000c269a468,0x00000000c4300000)
 Metaspace       used 55814K, committed 56704K, reserved 1105920K
  class space    used 5934K, committed 6336K, reserved 1048576K
}
Event: 30.174 GC heap after
{Heap after GC invocations=26 (full 2):
 PSYoungGen      total 17920K, used 497K [0x00000000eab00000, 0x00000000ec000000, 0x0000000100000000)
  eden space 17408K, 0% used [0x00000000eab00000,0x00000000eab00000,0x00000000ebc00000)
  from space 512K, 97% used [0x00000000ebf00000,0x00000000ebf7c4c0,0x00000000ebf80000)
  to   space 2048K, 0% used [0x00000000ebc00000,0x00000000ebc00000,0x00000000ebe00000)
 ParOldGen       total 68608K, used 40819K [0x00000000c0000000, 0x00000000c4300000, 0x00000000eab00000)
  object space 68608K, 59% used [0x00000000c0000000,0x00000000c27dcf40,0x00000000c4300000)
 Metaspace       used 55814K, committed 56704K, reserved 1105920K
  class space    used 5934K, committed 6336K, reserved 1048576K
}
Event: 30.276 GC heap before
{Heap before GC invocations=27 (full 2):
 PSYoungGen      total 17920K, used 17905K [0x00000000eab00000, 0x00000000ec000000, 0x0000000100000000)
  eden space 17408K, 100% used [0x00000000eab00000,0x00000000ebc00000,0x00000000ebc00000)
  from space 512K, 97% used [0x00000000ebf00000,0x00000000ebf7c4c0,0x00000000ebf80000)
  to   space 2048K, 0% used [0x00000000ebc00000,0x00000000ebc00000,0x00000000ebe00000)
 ParOldGen       total 68608K, used 40819K [0x00000000c0000000, 0x00000000c4300000, 0x00000000eab00000)
  object space 68608K, 59% used [0x00000000c0000000,0x00000000c27dcf40,0x00000000c4300000)
 Metaspace       used 55827K, committed 56704K, reserved 1105920K
  class space    used 5934K, committed 6336K, reserved 1048576K
}
Event: 30.278 GC heap after
{Heap after GC invocations=27 (full 2):
 PSYoungGen      total 19456K, used 874K [0x00000000eab00000, 0x00000000ebf80000, 0x0000000100000000)
  eden space 17408K, 0% used [0x00000000eab00000,0x00000000eab00000,0x00000000ebc00000)
  from space 2048K, 42% used [0x00000000ebc00000,0x00000000ebcdaa58,0x00000000ebe00000)
  to   space 1536K, 0% used [0x00000000ebe00000,0x00000000ebe00000,0x00000000ebf80000)
 ParOldGen       total 68608K, used 41325K [0x00000000c0000000, 0x00000000c4300000, 0x00000000eab00000)
  object space 68608K, 60% used [0x00000000c0000000,0x00000000c285b400,0x00000000c4300000)
 Metaspace       used 55827K, committed 56704K, reserved 1105920K
  class space    used 5934K, committed 6336K, reserved 1048576K
}

Deoptimization events (20 events):
Event: 29.770 Thread 0x0000015333943f30 Uncommon trap: trap_request=0xffffffbe fr.pc=0x00000153280c96c8 relative=0x00000000000014a8
Event: 29.770 Thread 0x0000015333943f30 Uncommon trap: reason=profile_predicate action=maybe_recompile pc=0x00000153280c96c8 method=java.util.TimSort.binarySort([Ljava/lang/Object;IIILjava/util/Comparator;)V @ 34 c2
Event: 29.770 Thread 0x0000015333943f30 DEOPT PACKING pc=0x00000153280c96c8 sp=0x0000003fe28fe9b0
Event: 29.770 Thread 0x0000015333943f30 DEOPT UNPACKING pc=0x00000153206320a3 sp=0x0000003fe28fe990 mode 2
Event: 30.142 Thread 0x0000015333943f30 Uncommon trap: trap_request=0xffffffde fr.pc=0x000001532835435c relative=0x000000000000319c
Event: 30.142 Thread 0x0000015333943f30 Uncommon trap: reason=class_check action=maybe_recompile pc=0x000001532835435c method=lombok.patcher.PatchScript$MethodPatcher.visitMethod(ILjava/lang/String;Ljava/lang/String;Ljava/lang/String;[Ljava/lang/String;)Lorg/objectweb/asm/MethodVisitor; @ 101 c
Event: 30.142 Thread 0x0000015333943f30 DEOPT PACKING pc=0x000001532835435c sp=0x0000003fe28fa3f0
Event: 30.142 Thread 0x0000015333943f30 DEOPT UNPACKING pc=0x00000153206320a3 sp=0x0000003fe28fa418 mode 2
Event: 30.142 Thread 0x0000015333943f30 Uncommon trap: trap_request=0xffffffde fr.pc=0x000001532835435c relative=0x000000000000319c
Event: 30.143 Thread 0x0000015333943f30 Uncommon trap: reason=class_check action=maybe_recompile pc=0x000001532835435c method=lombok.patcher.PatchScript$MethodPatcher.visitMethod(ILjava/lang/String;Ljava/lang/String;Ljava/lang/String;[Ljava/lang/String;)Lorg/objectweb/asm/MethodVisitor; @ 101 c
Event: 30.143 Thread 0x0000015333943f30 DEOPT PACKING pc=0x000001532835435c sp=0x0000003fe28fa3f0
Event: 30.143 Thread 0x0000015333943f30 DEOPT UNPACKING pc=0x00000153206320a3 sp=0x0000003fe28fa418 mode 2
Event: 30.143 Thread 0x0000015333943f30 Uncommon trap: trap_request=0xffffffde fr.pc=0x000001532835435c relative=0x000000000000319c
Event: 30.143 Thread 0x0000015333943f30 Uncommon trap: reason=class_check action=maybe_recompile pc=0x000001532835435c method=lombok.patcher.PatchScript$MethodPatcher.visitMethod(ILjava/lang/String;Ljava/lang/String;Ljava/lang/String;[Ljava/lang/String;)Lorg/objectweb/asm/MethodVisitor; @ 101 c
Event: 30.143 Thread 0x0000015333943f30 DEOPT PACKING pc=0x000001532835435c sp=0x0000003fe28fa3f0
Event: 30.143 Thread 0x0000015333943f30 DEOPT UNPACKING pc=0x00000153206320a3 sp=0x0000003fe28fa418 mode 2
Event: 30.143 Thread 0x0000015333943f30 Uncommon trap: trap_request=0xffffffde fr.pc=0x000001532835435c relative=0x000000000000319c
Event: 30.143 Thread 0x0000015333943f30 Uncommon trap: reason=class_check action=maybe_recompile pc=0x000001532835435c method=lombok.patcher.PatchScript$MethodPatcher.visitMethod(ILjava/lang/String;Ljava/lang/String;Ljava/lang/String;[Ljava/lang/String;)Lorg/objectweb/asm/MethodVisitor; @ 101 c
Event: 30.143 Thread 0x0000015333943f30 DEOPT PACKING pc=0x000001532835435c sp=0x0000003fe28fa3f0
Event: 30.143 Thread 0x0000015333943f30 DEOPT UNPACKING pc=0x00000153206320a3 sp=0x0000003fe28fa418 mode 2

Classes unloaded (7 events):
Event: 10.671 Thread 0x0000015331e88bb0 Unloading class 0x000000010021c800 'java/lang/invoke/LambdaForm$MH+0x000000010021c800'
Event: 10.671 Thread 0x0000015331e88bb0 Unloading class 0x000000010021c400 'java/lang/invoke/LambdaForm$MH+0x000000010021c400'
Event: 10.671 Thread 0x0000015331e88bb0 Unloading class 0x000000010021c000 'java/lang/invoke/LambdaForm$MH+0x000000010021c000'
Event: 10.671 Thread 0x0000015331e88bb0 Unloading class 0x000000010021bc00 'java/lang/invoke/LambdaForm$MH+0x000000010021bc00'
Event: 10.671 Thread 0x0000015331e88bb0 Unloading class 0x000000010021b400 'java/lang/invoke/LambdaForm$BMH+0x000000010021b400'
Event: 10.671 Thread 0x0000015331e88bb0 Unloading class 0x000000010021b000 'java/lang/invoke/LambdaForm$DMH+0x000000010021b000'
Event: 10.671 Thread 0x0000015331e88bb0 Unloading class 0x0000000100218400 'java/lang/invoke/LambdaForm$DMH+0x0000000100218400'

Classes redefined (0 events):
No events

Internal exceptions (20 events):
Event: 20.924 Thread 0x00000153339448d0 Exception <a 'sun/nio/fs/WindowsException'{0x00000000eb379630}> (0x00000000eb379630) 
thrown [e:\jenkins\tmp\workspace\build\src\src\hotspot\share\prims\jni.cpp, line 516]
Event: 20.977 Thread 0x00000153339448d0 Exception <a 'sun/nio/fs/WindowsException'{0x00000000eb42eb30}> (0x00000000eb42eb30) 
thrown [e:\jenkins\tmp\workspace\build\src\src\hotspot\share\prims\jni.cpp, line 516]
Event: 21.035 Thread 0x00000153339448d0 Exception <a 'sun/nio/fs/WindowsException'{0x00000000eb446a18}> (0x00000000eb446a18) 
thrown [e:\jenkins\tmp\workspace\build\src\src\hotspot\share\prims\jni.cpp, line 516]
Event: 21.171 Thread 0x0000015333944400 Exception <a 'java/lang/NoSuchMethodError'{0x00000000eb560a18}: 'int java.lang.invoke.DirectMethodHandle$Holder.invokeStatic(java.lang.Object)'> (0x00000000eb560a18) 
thrown [e:\jenkins\tmp\workspace\build\src\src\hotspot\share\interpreter\linkResolver.cpp, line 766]
Event: 21.176 Thread 0x0000015333946f50 Exception <a 'sun/nio/fs/WindowsException'{0x00000000eb5a0278}> (0x00000000eb5a0278) 
thrown [e:\jenkins\tmp\workspace\build\src\src\hotspot\share\prims\jni.cpp, line 516]
Event: 21.253 Thread 0x0000015333944400 Exception <a 'java/io/FileNotFoundException'{0x00000000eb6ae710}> (0x00000000eb6ae710) 
thrown [e:\jenkins\tmp\workspace\build\src\src\hotspot\share\prims\jni.cpp, line 516]
Event: 21.253 Thread 0x0000015333944400 Exception <a 'java/io/FileNotFoundException'{0x00000000eb6b04b0}> (0x00000000eb6b04b0) 
thrown [e:\jenkins\tmp\workspace\build\src\src\hotspot\share\prims\jni.cpp, line 516]
Event: 21.254 Thread 0x0000015333944400 Exception <a 'java/io/FileNotFoundException'{0x00000000eb6b1a20}> (0x00000000eb6b1a20) 
thrown [e:\jenkins\tmp\workspace\build\src\src\hotspot\share\prims\jni.cpp, line 516]
Event: 21.260 Thread 0x0000015333946f50 Exception <a 'java/lang/NoSuchMethodError'{0x00000000eb694d88}: 'java.lang.Object java.lang.invoke.DirectMethodHandle$Holder.invokeInterface(java.lang.Object, java.lang.Object, java.lang.Object)'> (0x00000000eb694d88) 
thrown [e:\jenkins\tmp\workspace\build\src\src\hotspot\share\interpreter\linkResolver.cpp, line 766]
Event: 21.393 Thread 0x0000015333944400 Exception <a 'java/lang/NoSuchMethodError'{0x00000000eb908298}: 'java.lang.Object java.lang.invoke.Invokers$Holder.invoke_MT(java.lang.Object, java.lang.Object, java.lang.Object)'> (0x00000000eb908298) 
thrown [e:\jenkins\tmp\workspace\build\src\src\hotspot\share\interpreter\linkResolver.cpp, line 766]
Event: 24.289 Thread 0x0000015333944400 Implicit null exception at 0x00000153281c8f48 to 0x00000153281c9008
Event: 24.636 Thread 0x0000015333944400 Exception <a 'java/lang/NoSuchMethodError'{0x00000000eb9ec6d8}: 'java.lang.Object java.lang.invoke.DirectMethodHandle$Holder.newInvokeSpecial(java.lang.Object, java.lang.Object, java.lang.Object, int)'> (0x00000000eb9ec6d8) 
thrown [e:\jenkins\tmp\workspace\build\src\src\hotspot\share\interpreter\linkResolver.cpp, line 766]
Event: 24.637 Thread 0x0000015333944400 Exception <a 'java/lang/NoSuchMethodError'{0x00000000eb9f07e0}: 'java.lang.Object java.lang.invoke.DirectMethodHandle$Holder.invokeSpecial(java.lang.Object, java.lang.Object, java.lang.Object, java.lang.Object, int)'> (0x00000000eb9f07e0) 
thrown [e:\jenkins\tmp\workspace\build\src\src\hotspot\share\interpreter\linkResolver.cpp, line 766]
Event: 24.637 Thread 0x0000015333944400 Exception <a 'java/lang/NoSuchMethodError'{0x00000000eb9f3ee8}: 'java.lang.Object java.lang.invoke.Invokers$Holder.linkToTargetMethod(java.lang.Object, java.lang.Object, int, java.lang.Object)'> (0x00000000eb9f3ee8) 
thrown [e:\jenkins\tmp\workspace\build\src\src\hotspot\share\interpreter\linkResolver.cpp, line 766]
Event: 24.677 Thread 0x0000015333944400 Exception <a 'sun/nio/fs/WindowsException'{0x00000000eba77dc8}> (0x00000000eba77dc8) 
thrown [e:\jenkins\tmp\workspace\build\src\src\hotspot\share\prims\jni.cpp, line 516]
Event: 24.677 Thread 0x0000015333944400 Exception <a 'sun/nio/fs/WindowsException'{0x00000000eba78670}> (0x00000000eba78670) 
thrown [e:\jenkins\tmp\workspace\build\src\src\hotspot\share\prims\jni.cpp, line 516]
Event: 24.684 Thread 0x0000015333944400 Exception <a 'sun/nio/fs/WindowsException'{0x00000000eba78f60}> (0x00000000eba78f60) 
thrown [e:\jenkins\tmp\workspace\build\src\src\hotspot\share\prims\jni.cpp, line 516]
Event: 26.187 Thread 0x00000153339460e0 Exception <a 'java/io/FileNotFoundException'{0x00000000eb7d4708}> (0x00000000eb7d4708) 
thrown [e:\jenkins\tmp\workspace\build\src\src\hotspot\share\prims\jni.cpp, line 516]
Event: 26.188 Thread 0x00000153339460e0 Exception <a 'java/io/FileNotFoundException'{0x00000000eb7d59c0}> (0x00000000eb7d59c0) 
thrown [e:\jenkins\tmp\workspace\build\src\src\hotspot\share\prims\jni.cpp, line 516]
Event: 28.507 Thread 0x0000015333944400 Exception <a 'java/lang/NoSuchMethodError'{0x00000000eb632988}: 'int java.lang.invoke.DirectMethodHandle$Holder.invokeVirtual(java.lang.Object, java.lang.Object, java.lang.Object)'> (0x00000000eb632988) 
thrown [e:\jenkins\tmp\workspace\build\src\src\hotspot\share\interpreter\linkResolver.cpp, line 766]

VM Operations (20 events):
Event: 27.478 Executing VM operation: Cleanup
Event: 27.480 Executing VM operation: Cleanup done
Event: 28.457 Executing VM operation: HandshakeAllThreads
Event: 28.457 Executing VM operation: HandshakeAllThreads done
Event: 28.467 Executing VM operation: HandshakeAllThreads
Event: 28.467 Executing VM operation: HandshakeAllThreads done
Event: 28.494 Executing VM operation: HandshakeAllThreads
Event: 28.495 Executing VM operation: HandshakeAllThreads done
Event: 28.495 Executing VM operation: Cleanup
Event: 28.495 Executing VM operation: Cleanup done
Event: 28.499 Executing VM operation: HandshakeAllThreads
Event: 28.499 Executing VM operation: HandshakeAllThreads done
Event: 29.511 Executing VM operation: Cleanup
Event: 29.519 Executing VM operation: Cleanup done
Event: 29.611 Executing VM operation: ParallelGCFailedAllocation
Event: 29.625 Executing VM operation: ParallelGCFailedAllocation done
Event: 30.170 Executing VM operation: ParallelGCFailedAllocation
Event: 30.174 Executing VM operation: ParallelGCFailedAllocation done
Event: 30.276 Executing VM operation: ParallelGCFailedAllocation
Event: 30.278 Executing VM operation: ParallelGCFailedAllocation done

Events (20 events):
Event: 27.241 loading class java/util/regex/Pattern$Caret done
Event: 28.485 loading class java/util/Spliterators$IntArraySpliterator
Event: 28.487 loading class java/util/Spliterators$IntArraySpliterator done
Event: 28.491 loading class java/util/stream/Nodes$IntSpinedNodeBuilder
Event: 28.492 loading class java/util/stream/Node$Builder$OfInt
Event: 28.493 loading class java/util/stream/Node$Builder$OfInt done
Event: 28.493 loading class java/util/stream/SpinedBuffer$OfInt
Event: 28.493 loading class java/util/stream/SpinedBuffer$OfPrimitive
Event: 28.493 loading class java/util/stream/SpinedBuffer$OfPrimitive done
Event: 28.493 loading class java/util/stream/SpinedBuffer$OfInt done
Event: 28.498 loading class java/util/stream/Nodes$IntSpinedNodeBuilder done
Event: 28.518 loading class java/util/stream/ReduceOps$4
Event: 28.519 loading class java/util/stream/ReduceOps$4 done
Event: 28.519 loading class java/util/stream/ReduceOps$4ReducingSink
Event: 28.519 loading class java/util/stream/ReduceOps$4ReducingSink done
Event: 28.523 loading class java/nio/file/Files$2
Event: 28.523 loading class java/nio/file/Files$2 done
Event: 28.793 Thread 0x0000015333943f30 Thread added: 0x0000015333943f30
Event: 29.505 loading class java/util/Hashtable$ValueCollection
Event: 29.505 loading class java/util/Hashtable$ValueCollection done


Dynamic libraries:
0x00007ff6155c0000 - 0x00007ff6155ce000 	c:\Users\gilbe\.vscode\extensions\redhat.java-1.9.0-win32-x64\jre\17.0.3-win32-x86_64\bin\java.exe
0x00007ff8b7ed0000 - 0x00007ff8b80c8000 	C:\windows\SYSTEM32\ntdll.dll
0x00007ff8b7510000 - 0x00007ff8b75cd000 	C:\windows\System32\KERNEL32.DLL
0x00007ff8b5940000 - 0x00007ff8b5c0e000 	C:\windows\System32\KERNELBASE.dll
0x00007ff8b5de0000 - 0x00007ff8b5ee0000 	C:\windows\System32\ucrtbase.dll
0x00007ff8aea20000 - 0x00007ff8aea38000 	c:\Users\gilbe\.vscode\extensions\redhat.java-1.9.0-win32-x64\jre\17.0.3-win32-x86_64\bin\jli.dll
0x00007ff8ad430000 - 0x00007ff8ad449000 	c:\Users\gilbe\.vscode\extensions\redhat.java-1.9.0-win32-x64\jre\17.0.3-win32-x86_64\bin\VCRUNTIME140.dll
0x00007ff8b5f40000 - 0x00007ff8b60e0000 	C:\windows\System32\USER32.dll
0x00007ff8b5910000 - 0x00007ff8b5932000 	C:\windows\System32\win32u.dll
0x00007ff8b7df0000 - 0x00007ff8b7e1a000 	C:\windows\System32\GDI32.dll
0x00007ff8b5cd0000 - 0x00007ff8b5ddb000 	C:\windows\System32\gdi32full.dll
0x00007ff8b57c0000 - 0x00007ff8b585d000 	C:\windows\System32\msvcp_win.dll
0x00007ff89edf0000 - 0x00007ff89f08a000 	C:\windows\WinSxS\amd64_microsoft.windows.common-controls_6595b64144ccf1df_6.0.19041.1110_none_60b5254171f9507e\COMCTL32.dll
0x00007ff8b7ab0000 - 0x00007ff8b7b4e000 	C:\windows\System32\msvcrt.dll
0x00007ff8b7720000 - 0x00007ff8b7750000 	C:\windows\System32\IMM32.DLL
0x00007ff8ad620000 - 0x00007ff8ad62c000 	c:\Users\gilbe\.vscode\extensions\redhat.java-1.9.0-win32-x64\jre\17.0.3-win32-x86_64\bin\vcruntime140_1.dll
0x00007ff887b10000 - 0x00007ff887ba1000 	c:\Users\gilbe\.vscode\extensions\redhat.java-1.9.0-win32-x64\jre\17.0.3-win32-x86_64\bin\msvcp140.dll
0x00007ff875b60000 - 0x00007ff8767a8000 	c:\Users\gilbe\.vscode\extensions\redhat.java-1.9.0-win32-x64\jre\17.0.3-win32-x86_64\bin\server\jvm.dll
0x00007ff8b63f0000 - 0x00007ff8b649e000 	C:\windows\System32\ADVAPI32.dll
0x00007ff8b7470000 - 0x00007ff8b750c000 	C:\windows\System32\sechost.dll
0x00007ff8b7210000 - 0x00007ff8b7335000 	C:\windows\System32\RPCRT4.dll
0x00007ff8b5f30000 - 0x00007ff8b5f38000 	C:\windows\System32\PSAPI.DLL
0x00007ff8ad5e0000 - 0x00007ff8ad5e9000 	C:\windows\SYSTEM32\WSOCK32.dll
0x00007ff8b7140000 - 0x00007ff8b71ab000 	C:\windows\System32\WS2_32.dll
0x00007ff8ac360000 - 0x00007ff8ac387000 	C:\windows\SYSTEM32\WINMM.dll
0x00007ff8ac390000 - 0x00007ff8ac39a000 	C:\windows\SYSTEM32\VERSION.dll
0x00007ff8b34f0000 - 0x00007ff8b3502000 	C:\windows\SYSTEM32\kernel.appcore.dll
0x00007ff8ad3b0000 - 0x00007ff8ad3ba000 	c:\Users\gilbe\.vscode\extensions\redhat.java-1.9.0-win32-x64\jre\17.0.3-win32-x86_64\bin\jimage.dll
0x00007ff89fd40000 - 0x00007ff89ff24000 	C:\windows\SYSTEM32\DBGHELP.DLL
0x00007ff89a020000 - 0x00007ff89a04c000 	C:\windows\SYSTEM32\dbgcore.DLL
0x00007ff8b5c10000 - 0x00007ff8b5c92000 	C:\windows\System32\bcryptPrimitives.dll
0x00007ff8ad3a0000 - 0x00007ff8ad3ae000 	c:\Users\gilbe\.vscode\extensions\redhat.java-1.9.0-win32-x64\jre\17.0.3-win32-x86_64\bin\instrument.dll
0x00007ff8ad350000 - 0x00007ff8ad375000 	c:\Users\gilbe\.vscode\extensions\redhat.java-1.9.0-win32-x64\jre\17.0.3-win32-x86_64\bin\java.dll
0x00007ff8ad330000 - 0x00007ff8ad348000 	c:\Users\gilbe\.vscode\extensions\redhat.java-1.9.0-win32-x64\jre\17.0.3-win32-x86_64\bin\zip.dll
0x00007ff8b6500000 - 0x00007ff8b6c44000 	C:\windows\System32\SHELL32.dll
0x00007ff8b36f0000 - 0x00007ff8b3e84000 	C:\windows\SYSTEM32\windows.storage.dll
0x00007ff8b7750000 - 0x00007ff8b7aa4000 	C:\windows\System32\combase.dll
0x00007ff8b4f80000 - 0x00007ff8b4fb0000 	C:\windows\SYSTEM32\Wldp.dll
0x00007ff8b6290000 - 0x00007ff8b633d000 	C:\windows\System32\SHCORE.dll
0x00007ff8b64a0000 - 0x00007ff8b64f5000 	C:\windows\System32\shlwapi.dll
0x00007ff8b5530000 - 0x00007ff8b554f000 	C:\windows\SYSTEM32\profapi.dll
0x00007ff8ad2f0000 - 0x00007ff8ad309000 	C:\Users\gilbe\.vscode\extensions\redhat.java-1.9.0-win32-x64\jre\17.0.3-win32-x86_64\bin\net.dll
0x00007ff8a6530000 - 0x00007ff8a663a000 	C:\windows\SYSTEM32\WINHTTP.dll
0x00007ff8b4ce0000 - 0x00007ff8b4d4a000 	C:\windows\system32\mswsock.dll
0x00007ff8ad0c0000 - 0x00007ff8ad0d5000 	C:\Users\gilbe\.vscode\extensions\redhat.java-1.9.0-win32-x64\jre\17.0.3-win32-x86_64\bin\nio.dll
0x00007ff8ad320000 - 0x00007ff8ad330000 	c:\Users\gilbe\.vscode\extensions\redhat.java-1.9.0-win32-x64\jre\17.0.3-win32-x86_64\bin\verify.dll
0x00007ff890a80000 - 0x00007ff890abe000 	C:\Users\gilbe\AppData\Roaming\Code\User\globalStorage\redhat.java\1.9.0\config_win\org.eclipse.equinox.launcher\org.eclipse.equinox.launcher.win32.win32.x86_64_1.2.500.v20220509-0833\eclipse_11700.dll
0x00007ff8b7cc0000 - 0x00007ff8b7dea000 	C:\windows\System32\ole32.dll
0x00007ff8b4ed0000 - 0x00007ff8b4ee8000 	C:\windows\SYSTEM32\CRYPTSP.dll
0x00007ff8b4660000 - 0x00007ff8b4694000 	C:\windows\system32\rsaenh.dll
0x00007ff8b5ca0000 - 0x00007ff8b5cc7000 	C:\windows\System32\bcrypt.dll
0x00007ff8b54b0000 - 0x00007ff8b54de000 	C:\windows\SYSTEM32\USERENV.dll
0x00007ff8b4ef0000 - 0x00007ff8b4efc000 	C:\windows\SYSTEM32\CRYPTBASE.dll
0x00007ff8b49d0000 - 0x00007ff8b4a0b000 	C:\windows\SYSTEM32\IPHLPAPI.DLL
0x00007ff8b7e80000 - 0x00007ff8b7e88000 	C:\windows\System32\NSI.dll
0x00007ff8a9a30000 - 0x00007ff8a9a47000 	C:\windows\SYSTEM32\dhcpcsvc6.DLL
0x00007ff8a9da0000 - 0x00007ff8a9dbd000 	C:\windows\SYSTEM32\dhcpcsvc.DLL
0x00007ff8b4a10000 - 0x00007ff8b4adb000 	C:\windows\SYSTEM32\DNSAPI.dll
0x00007ff8946f0000 - 0x00007ff894734000 	C:\Users\gilbe\AppData\Local\Temp\jna-98357645\jna10192519149524624895.dll
0x00007ff8ad510000 - 0x00007ff8ad51e000 	C:\Users\gilbe\.vscode\extensions\redhat.java-1.9.0-win32-x64\jre\17.0.3-win32-x86_64\bin\sunmscapi.dll
0x00007ff8b55f0000 - 0x00007ff8b5746000 	C:\windows\System32\CRYPT32.dll
0x00007ff8b4ff0000 - 0x00007ff8b5017000 	C:\windows\SYSTEM32\ncrypt.dll
0x00007ff8b4fb0000 - 0x00007ff8b4feb000 	C:\windows\SYSTEM32\NTASN1.dll
0x00007ff8ad030000 - 0x00007ff8ad03a000 	C:\Windows\System32\rasadhlp.dll

dbghelp: loaded successfully - version: 4.0.5 - missing functions: none
symbol engine: initialized successfully - sym options: 0x614 - pdb path: .;c:\Users\gilbe\.vscode\extensions\redhat.java-1.9.0-win32-x64\jre\17.0.3-win32-x86_64\bin;C:\windows\SYSTEM32;C:\windows\WinSxS\amd64_microsoft.windows.common-controls_6595b64144ccf1df_6.0.19041.1110_none_60b5254171f9507e;c:\Users\gilbe\.vscode\extensions\redhat.java-1.9.0-win32-x64\jre\17.0.3-win32-x86_64\bin\server;C:\Users\gilbe\AppData\Roaming\Code\User\globalStorage\redhat.java\1.9.0\config_win\org.eclipse.equinox.launcher\org.eclipse.equinox.launcher.win32.win32.x86_64_1.2.500.v20220509-0833;C:\Users\gilbe\AppData\Local\Temp\jna-98357645

VM Arguments:
jvm_args: --add-modules=ALL-SYSTEM --add-opens=java.base/java.util=ALL-UNNAMED --add-opens=java.base/java.lang=ALL-UNNAMED --add-opens=java.base/sun.nio.fs=ALL-UNNAMED -Declipse.application=org.eclipse.jdt.ls.core.id1 -Dosgi.bundles.defaultStartLevel=4 -Declipse.product=org.eclipse.jdt.ls.core.product -Djava.import.generatesMetadataFilesAtProjectRoot=false -Dfile.encoding=utf8 -DwatchParentProcess=false -XX:+UseParallelGC -XX:GCTimeRatio=4 -XX:AdaptiveSizePolicyWeight=90 -Dsun.zip.disableMemoryMapping=true -Xmx1G -Xms100m -javaagent:c:\Users\gilbe\.vscode\extensions\redhat.java-1.9.0-win32-x64\lombok\lombok-1.18.24.jar -XX:+HeapDumpOnOutOfMemoryError -XX:HeapDumpPath=c:\Users\gilbe\AppData\Roaming\Code\User\workspaceStorage\6855dac74c9501bda7c68a02d3bf8714\redhat.java 
java_command: c:\Users\gilbe\.vscode\extensions\redhat.java-1.9.0-win32-x64\server\plugins\org.eclipse.equinox.launcher_1.6.400.v20210924-0641.jar -configuration c:\Users\gilbe\AppData\Roaming\Code\User\globalStorage\redhat.java\1.9.0\config_win -data c:\Users\gilbe\AppData\Roaming\Code\User\workspaceStorage\6855dac74c9501bda7c68a02d3bf8714\redhat.java\jdt_ws
java_class_path (initial): c:\Users\gilbe\.vscode\extensions\redhat.java-1.9.0-win32-x64\server\plugins\org.eclipse.equinox.launcher_1.6.400.v20210924-0641.jar
Launcher Type: SUN_STANDARD

[Global flags]
    uintx AdaptiveSizePolicyWeight                 = 90                                        {product} {command line}
     intx CICompilerCount                          = 2                                         {product} {ergonomic}
    uintx GCTimeRatio                              = 4                                         {product} {command line}
     bool HeapDumpOnOutOfMemoryError               = true                                   {manageable} {command line}
    ccstr HeapDumpPath                             = c:\Users\gilbe\AppData\Roaming\Code\User\workspaceStorage\6855dac74c9501bda7c68a02d3bf8714\redhat.java         {manageable} {command line}
   size_t InitialHeapSize                          = 104857600                                 {product} {command line}
   size_t MaxHeapSize                              = 1073741824                                {product} {command line}
   size_t MaxNewSize                               = 357564416                                 {product} {ergonomic}
   size_t MinHeapDeltaBytes                        = 524288                                    {product} {ergonomic}
   size_t MinHeapSize                              = 104857600                                 {product} {command line}
   size_t NewSize                                  = 34603008                                  {product} {ergonomic}
    uintx NonNMethodCodeHeapSize                   = 5826188                                {pd product} {ergonomic}
    uintx NonProfiledCodeHeapSize                  = 122916026                              {pd product} {ergonomic}
   size_t OldSize                                  = 70254592                                  {product} {ergonomic}
    uintx ProfiledCodeHeapSize                     = 122916026                              {pd product} {ergonomic}
    uintx ReservedCodeCacheSize                    = 251658240                              {pd product} {ergonomic}
     bool SegmentedCodeCache                       = true                                      {product} {ergonomic}
   size_t SoftMaxHeapSize                          = 1073741824                             {manageable} {ergonomic}
     bool UseCompressedClassPointers               = true                           {product lp64_product} {ergonomic}
     bool UseCompressedOops                        = true                           {product lp64_product} {ergonomic}
     bool UseLargePagesIndividualAllocation        = false                                  {pd product} {ergonomic}
     bool UseParallelGC                            = true                                      {product} {command line}

Logging:
Log output configuration:
 #0: stdout all=warning uptime,level,tags
 #1: stderr all=off uptime,level,tags

Environment Variables:
PATH=C:\Program Files (x86)\Common Files\Oracle\Java\javapath;C:\windows\system32;C:\windows;C:\windows\System32\Wbem;C:\windows\System32\WindowsPowerShell\v1.0\;C:\windows\System32\OpenSSH\;C:\Program Files\nodejs\;C:\ProgramData\chocolatey\bin;C:\Users\gilbe\AppData\Local\Programs\Python\Python310\Scripts\;C:\Users\gilbe\AppData\Local\Programs\Python\Python310\;C:\Users\gilbe\AppData\Local\Microsoft\WindowsApps;C:\Users\gilbe\AppData\Local\Programs\Microsoft VS Code\bin;C:\Users\gilbe\AppData\Roaming\npm;C:\Program Files\Java\jdk1.8.0_311\bin;C:\Program Files\Java\jre1.8.0_341\bin;
USERNAME=gilbe
OS=Windows_NT
PROCESSOR_IDENTIFIER=AMD64 Family 23 Model 24 Stepping 1, AuthenticAMD



---------------  S Y S T E M  ---------------

OS:
 Windows 10 , 64 bit Build 19041 (10.0.19041.1806)
OS uptime: 24 days 5:22 hours

CPU: total 2 (initial active 2) (2 cores per cpu, 1 threads per core) family 23 model 24 stepping 1 microcode 0x0, cx8, cmov, fxsr, mmx, 3dnowpref, sse, sse2, sse3, ssse3, sse4a, sse4.1, sse4.2, popcnt, lzcnt, tsc, tscinvbit, avx, avx2, aes, clmul, bmi1, bmi2, adx, sha, fma, vzeroupper, clflush, clflushopt

Memory: 4k page, system-wide physical 3463M (74M free)
TotalPageFile size 14215M (AvailPageFile size 1M)
current process WorkingSet (physical memory assigned to process): 157M, peak: 178M
current process commit charge ("private bytes"): 271M, peak: 271M

vm_info: OpenJDK 64-Bit Server VM (17.0.3+7) for windows-amd64 JRE (17.0.3+7), built on Apr 19 2022 16:55:35 by "" with MS VC++ 16.7 (VS2019)

END.
