#
# There is insufficient memory for the Java Runtime Environment to continue.
# Native memory allocation (malloc) failed to allocate 229168 bytes for Chunk::new
# Possible reasons:
#   The system is out of physical RAM or swap space
#   The process is running with CompressedOops enabled, and the Java Heap may be blocking the growth of the native heap
# Possible solutions:
#   Reduce memory load on the system
#   Increase physical memory or swap space
#   Check if swap backing store is full
#   Decrease Java heap size (-Xmx/-Xms)
#   Decrease number of Java threads
#   Decrease Java thread stack sizes (-Xss)
#   Set larger code cache with -XX:ReservedCodeCacheSize=
#   JVM is running with Unscaled Compressed Oops mode in which the Java heap is
#     placed in the first 4GB address space. The Java Heap base address is the
#     maximum limit for the native heap growth. Please use -XX:HeapBaseMinAddress
#     to set the Java Heap base and to place the Java Heap above 4GB virtual address.
# This output file may be truncated or incomplete.
#
#  Out of Memory Error (arena.cpp:189), pid=21284, tid=9416
#
# JRE version: OpenJDK Runtime Environment Temurin-17.0.3+7 (17.0.3+7) (build 17.0.3+7)
# Java VM: OpenJDK 64-Bit Server VM Temurin-17.0.3+7 (17.0.3+7, mixed mode, tiered, compressed oops, compressed class ptrs, parallel gc, windows-amd64)
# No core dump will be written. Minidumps are not enabled by default on client versions of Windows
#

---------------  S U M M A R Y ------------

Command Line: --add-modules=ALL-SYSTEM --add-opens=java.base/java.util=ALL-UNNAMED --add-opens=java.base/java.lang=ALL-UNNAMED --add-opens=java.base/sun.nio.fs=ALL-UNNAMED -Declipse.application=org.eclipse.jdt.ls.core.id1 -Dosgi.bundles.defaultStartLevel=4 -Declipse.product=org.eclipse.jdt.ls.core.product -Djava.import.generatesMetadataFilesAtProjectRoot=false -Dfile.encoding=utf8 -DwatchParentProcess=false -XX:+UseParallelGC -XX:GCTimeRatio=4 -XX:AdaptiveSizePolicyWeight=90 -Dsun.zip.disableMemoryMapping=true -Xmx1G -Xms100m -javaagent:c:\Users\gilbe\.vscode\extensions\redhat.java-1.9.0-win32-x64\lombok\lombok-1.18.24.jar c:\Users\gilbe\.vscode\extensions\redhat.java-1.9.0-win32-x64\server\plugins\org.eclipse.equinox.launcher_1.6.400.v20210924-0641.jar -configuration c:\Users\gilbe\AppData\Roaming\Code\User\globalStorage\redhat.java\1.9.0\config_ss_win -data c:\Users\gilbe\AppData\Roaming\Code\User\workspaceStorage\6855dac74c9501bda7c68a02d3bf8714\redhat.java\ss_ws

Host: AMD Athlon Silver 3050U with Radeon Graphics   , 2 cores, 3G,  Windows 10 , 64 bit Build 19041 (10.0.19041.1806)
Time: Wed Aug 10 05:56:26 2022 Central Daylight Time elapsed time: 11.091064 seconds (0d 0h 0m 11s)

---------------  T H R E A D  ---------------

Current thread (0x00000207ca058360):  JavaThread "C2 CompilerThread0" daemon [_thread_in_native, id=9416, stack(0x0000008e6db00000,0x0000008e6dc00000)]


Current CompileTask:
C2:  11091 2515       4       java.util.TreeMap::put (221 bytes)

Stack: [0x0000008e6db00000,0x0000008e6dc00000]
Native frames: (J=compiled Java code, j=interpreted, Vv=VM code, C=native code)
V  [jvm.dll+0x675efa]
V  [jvm.dll+0x830a24]
V  [jvm.dll+0x8321ce]
V  [jvm.dll+0x832833]
V  [jvm.dll+0x2454b5]
V  [jvm.dll+0xabd7b]
V  [jvm.dll+0xac30c]
V  [jvm.dll+0x363627]
V  [jvm.dll+0x32dca1]
V  [jvm.dll+0x32d14a]
V  [jvm.dll+0x218361]
V  [jvm.dll+0x217781]
V  [jvm.dll+0x1a3ccd]
V  [jvm.dll+0x227178]
V  [jvm.dll+0x2252bc]
V  [jvm.dll+0x7e673b]
V  [jvm.dll+0x7e0cfa]
V  [jvm.dll+0x674d85]
C  [ucrtbase.dll+0x21bb2]
C  [KERNEL32.DLL+0x17034]
C  [ntdll.dll+0x52651]


---------------  P R O C E S S  ---------------

Threads class SMR info:
_java_thread_list=0x00000207ccb76870, length=20, elements={
0x00000207b42e0db0, 0x00000207ca011760, 0x00000207ca0124e0, 0x00000207ca049130,
0x00000207ca049eb0, 0x00000207ca04cb40, 0x00000207ca04e570, 0x00000207ca058360,
0x00000207ca059c50, 0x00000207ca05ad30, 0x00000207ca0ce590, 0x00000207cb5dc980,
0x00000207cbb1eba0, 0x00000207cbbdde50, 0x00000207cbbf2e60, 0x00000207cbbd5c70,
0x00000207cbf2b0a0, 0x00000207cbddc350, 0x00000207cbf5eab0, 0x00000207cc9b66e0
}

Java Threads: ( => current thread )
  0x00000207b42e0db0 JavaThread "main" [_thread_blocked, id=7592, stack(0x0000008e6d200000,0x0000008e6d300000)]
  0x00000207ca011760 JavaThread "Reference Handler" daemon [_thread_blocked, id=16156, stack(0x0000008e6d500000,0x0000008e6d600000)]
  0x00000207ca0124e0 JavaThread "Finalizer" daemon [_thread_blocked, id=7552, stack(0x0000008e6d600000,0x0000008e6d700000)]
  0x00000207ca049130 JavaThread "Signal Dispatcher" daemon [_thread_blocked, id=11940, stack(0x0000008e6d700000,0x0000008e6d800000)]
  0x00000207ca049eb0 JavaThread "Attach Listener" daemon [_thread_blocked, id=16284, stack(0x0000008e6d800000,0x0000008e6d900000)]
  0x00000207ca04cb40 JavaThread "Service Thread" daemon [_thread_blocked, id=19796, stack(0x0000008e6d900000,0x0000008e6da00000)]
  0x00000207ca04e570 JavaThread "Monitor Deflation Thread" daemon [_thread_blocked, id=13348, stack(0x0000008e6da00000,0x0000008e6db00000)]
=>0x00000207ca058360 JavaThread "C2 CompilerThread0" daemon [_thread_in_native, id=9416, stack(0x0000008e6db00000,0x0000008e6dc00000)]
  0x00000207ca059c50 JavaThread "C1 CompilerThread0" daemon [_thread_blocked, id=1132, stack(0x0000008e6dc00000,0x0000008e6dd00000)]
  0x00000207ca05ad30 JavaThread "Sweeper thread" daemon [_thread_blocked, id=8912, stack(0x0000008e6dd00000,0x0000008e6de00000)]
  0x00000207ca0ce590 JavaThread "Common-Cleaner" daemon [_thread_blocked, id=15576, stack(0x0000008e6de00000,0x0000008e6df00000)]
  0x00000207cb5dc980 JavaThread "Notification Thread" daemon [_thread_blocked, id=19244, stack(0x0000008e6df00000,0x0000008e6e000000)]
  0x00000207cbb1eba0 JavaThread "Active Thread: Equinox Container: a21371af-c573-42ed-9016-32665361dfcd" [_thread_blocked, id=20292, stack(0x0000008e6e200000,0x0000008e6e300000)]
  0x00000207cbbdde50 JavaThread "Framework Event Dispatcher: Equinox Container: a21371af-c573-42ed-9016-32665361dfcd" daemon [_thread_blocked, id=9608, stack(0x0000008e6e300000,0x0000008e6e400000)]
  0x00000207cbbf2e60 JavaThread "Start Level: Equinox Container: a21371af-c573-42ed-9016-32665361dfcd" daemon [_thread_in_vm, id=8664, stack(0x0000008e6e400000,0x0000008e6e500000)]
  0x00000207cbbd5c70 JavaThread "SCR Component Actor" daemon [_thread_blocked, id=19316, stack(0x0000008e6e500000,0x0000008e6e600000)]
  0x00000207cbf2b0a0 JavaThread "SCR Component Registry" daemon [_thread_blocked, id=19440, stack(0x0000008e6e600000,0x0000008e6e700000)]
  0x00000207cbddc350 JavaThread "Worker-JM" [_thread_blocked, id=2036, stack(0x0000008e6e700000,0x0000008e6e800000)]
  0x00000207cbf5eab0 JavaThread "Worker-0" [_thread_blocked, id=12688, stack(0x0000008e6e800000,0x0000008e6e900000)]
  0x00000207cc9b66e0 JavaThread "Worker-1" [_thread_blocked, id=14800, stack(0x0000008e6e900000,0x0000008e6ea00000)]

Other Threads:
  0x00000207c9ff91a0 VMThread "VM Thread" [stack: 0x0000008e6d400000,0x0000008e6d500000] [id=5148]
  0x00000207cb5d9450 WatcherThread [stack: 0x0000008e6e000000,0x0000008e6e100000] [id=11116]
  0x00000207b42f7790 GCTaskThread "GC Thread#0" [stack: 0x0000008e6d300000,0x0000008e6d400000] [id=21484]
  0x00000207cb866660 GCTaskThread "GC Thread#1" [stack: 0x0000008e6e100000,0x0000008e6e200000] [id=2816]

Threads with active compile tasks:
C2 CompilerThread0    11114 2515       4       java.util.TreeMap::put (221 bytes)

VM state: not at safepoint (normal execution)

VM Mutex/Monitor currently owned by a thread: None

Heap address: 0x00000000c0000000, size: 1024 MB, Compressed Oops mode: 32-bit

CDS archive(s) not mapped
Compressed class space mapped at: 0x0000000100000000-0x0000000140000000, reserved size: 1073741824
Narrow klass base: 0x0000000000000000, Narrow klass shift: 3, Narrow klass range: 0x140000000

GC Precious Log:
 CPUs: 2 total, 2 available
 Memory: 3463M
 Large Page Support: Disabled
 NUMA Support: Disabled
 Compressed Oops: Enabled (32-bit)
 Alignments: Space 512K, Generation 512K, Heap 2M
 Heap Min Capacity: 100M
 Heap Initial Capacity: 100M
 Heap Max Capacity: 1G
 Pre-touch: Disabled
 Parallel Workers: 2

Heap:
 PSYoungGen      total 26112K, used 4880K [0x00000000eab00000, 0x00000000ec780000, 0x0000000100000000)
  eden space 24576K, 15% used [0x00000000eab00000,0x00000000eaeb4068,0x00000000ec300000)
  from space 1536K, 70% used [0x00000000ec600000,0x00000000ec710250,0x00000000ec780000)
  to   space 1536K, 0% used [0x00000000ec480000,0x00000000ec480000,0x00000000ec600000)
 ParOldGen       total 68608K, used 6998K [0x00000000c0000000, 0x00000000c4300000, 0x00000000eab00000)
  object space 68608K, 10% used [0x00000000c0000000,0x00000000c06d59c8,0x00000000c4300000)
 Metaspace       used 28367K, committed 28864K, reserved 1081344K
  class space    used 2748K, committed 2944K, reserved 1048576K

Card table byte_map: [0x00000207c7940000,0x00000207c7b50000] _byte_map_base: 0x00000207c7340000

Marking Bits: (ParMarkBitMap*) 0x00007ff8766e4b80
 Begin Bits: [0x00000207c7cb0000, 0x00000207c8cb0000)
 End Bits:   [0x00000207c8cb0000, 0x00000207c9cb0000)

Polling page: 0x00000207b43c0000

Metaspace:

Usage:
  Non-class:     25.02 MB used.
      Class:      2.68 MB used.
       Both:     27.70 MB used.

Virtual space:
  Non-class space:       32.00 MB reserved,      25.31 MB ( 79%) committed,  4 nodes.
      Class space:        1.00 GB reserved,       2.88 MB ( <1%) committed,  1 nodes.
             Both:        1.03 GB reserved,      28.19 MB (  3%) committed. 

Chunk freelists:
   Non-Class:  2.17 MB
       Class:  1.01 MB
        Both:  3.18 MB

MaxMetaspaceSize: unlimited
CompressedClassSpaceSize: 1.00 GB
Initial GC threshold: 21.00 MB
Current GC threshold: 35.00 MB
CDS: off
MetaspaceReclaimPolicy: balanced
 - commit_granule_bytes: 65536.
 - commit_granule_words: 8192.
 - virtual_space_node_default_size: 1048576.
 - enlarge_chunks_in_place: 1.
 - new_chunks_are_fully_committed: 0.
 - uncommit_free_chunks: 1.
 - use_allocation_guard: 0.
 - handle_deallocations: 1.


Internal statistics:

num_allocs_failed_limit: 3.
num_arena_births: 196.
num_arena_deaths: 14.
num_vsnodes_births: 5.
num_vsnodes_deaths: 0.
num_space_committed: 451.
num_space_uncommitted: 0.
num_chunks_returned_to_freelist: 17.
num_chunks_taken_from_freelist: 897.
num_chunk_merges: 7.
num_chunk_splits: 632.
num_chunks_enlarged: 473.
num_purges: 2.
num_inconsistent_stats: 0.

CodeHeap 'non-profiled nmethods': size=120064Kb used=1018Kb max_used=1018Kb free=119046Kb
 bounds [0x00000207c0220000, 0x00000207c0490000, 0x00000207c7760000]
CodeHeap 'profiled nmethods': size=120000Kb used=5055Kb max_used=5055Kb free=114944Kb
 bounds [0x00000207b8cf0000, 0x00000207b91e0000, 0x00000207c0220000]
CodeHeap 'non-nmethods': size=5696Kb used=1234Kb max_used=1258Kb free=4461Kb
 bounds [0x00000207b8760000, 0x00000207b89d0000, 0x00000207b8cf0000]
 total_blobs=3055 nmethods=2511 adapters=458
 compilation: enabled
              stopped_count=0, restarted_count=0
 full_count=0

Compilation events (20 events):
Event: 11.051 Thread 0x00000207ca059c50 nmethod 2505 0x00000207c0319410 code [0x00000207c0319620, 0x00000207c0319c88]
Event: 11.051 Thread 0x00000207ca059c50 2506       3       java.util.TreeMap::containsKey (14 bytes)
Event: 11.051 Thread 0x00000207ca059c50 nmethod 2506 0x00000207c0319e90 code [0x00000207c031a040, 0x00000207c031a1e8]
Event: 11.052 Thread 0x00000207ca059c50 2507       3       sun.nio.cs.ext.AbstractCharsetProvider::put (20 bytes)
Event: 11.052 Thread 0x00000207ca059c50 nmethod 2507 0x00000207c031a290 code [0x00000207c031a440, 0x00000207c031a6f8]
Event: 11.052 Thread 0x00000207ca058360 2508       4       java.lang.StringLatin1::compareToCI (108 bytes)
Event: 11.057 Thread 0x00000207ca058360 nmethod 2508 0x00000207c031a810 code [0x00000207c031a9a0, 0x00000207c031ae18]
Event: 11.057 Thread 0x00000207ca058360 2509       4       java.lang.String$CaseInsensitiveComparator::compare (68 bytes)
Event: 11.062 Thread 0x00000207ca058360 nmethod 2509 0x00000207c031b190 code [0x00000207c031b340, 0x00000207c031b818]
Event: 11.062 Thread 0x00000207ca058360 2510       4       java.lang.String$CaseInsensitiveComparator::compare (13 bytes)
Event: 11.067 Thread 0x00000207ca058360 nmethod 2510 0x00000207c031bc10 code [0x00000207c031bdc0, 0x00000207c031c318]
Event: 11.067 Thread 0x00000207ca059c50 2511       3       java.util.TreeMap::rotateLeft (96 bytes)
Event: 11.067 Thread 0x00000207ca059c50 nmethod 2511 0x00000207c031c790 code [0x00000207c031c940, 0x00000207c031cc58]
Event: 11.068 Thread 0x00000207ca059c50 2512       3       java.util.TreeMap::rotateRight (96 bytes)
Event: 11.068 Thread 0x00000207ca059c50 nmethod 2512 0x00000207c031cd90 code [0x00000207c031cf40, 0x00000207c031d258]
Event: 11.072 Thread 0x00000207ca059c50 2513   !   3       sun.nio.cs.ext.AbstractCharsetProvider::charset (75 bytes)
Event: 11.072 Thread 0x00000207ca059c50 nmethod 2513 0x00000207c031d390 code [0x00000207c031d5c0, 0x00000207c031dfe8]
Event: 11.073 Thread 0x00000207ca059c50 2514       3       java.util.TreeMap::clear (21 bytes)
Event: 11.073 Thread 0x00000207ca059c50 nmethod 2514 0x00000207c031e490 code [0x00000207c031e620, 0x00000207c031e758]
Event: 11.074 Thread 0x00000207ca058360 2515       4       java.util.TreeMap::put (221 bytes)

GC Heap History (14 events):
Event: 2.528 GC heap before
{Heap before GC invocations=1 (full 0):
 PSYoungGen      total 29696K, used 25600K [0x00000000eab00000, 0x00000000ecc00000, 0x0000000100000000)
  eden space 25600K, 100% used [0x00000000eab00000,0x00000000ec400000,0x00000000ec400000)
  from space 4096K, 0% used [0x00000000ec800000,0x00000000ec800000,0x00000000ecc00000)
  to   space 4096K, 0% used [0x00000000ec400000,0x00000000ec400000,0x00000000ec800000)
 ParOldGen       total 68608K, used 0K [0x00000000c0000000, 0x00000000c4300000, 0x00000000eab00000)
  object space 68608K, 0% used [0x00000000c0000000,0x00000000c0000000,0x00000000c4300000)
 Metaspace       used 10844K, committed 11008K, reserved 1064960K
  class space    used 1087K, committed 1152K, reserved 1048576K
}
Event: 2.540 GC heap after
{Heap after GC invocations=1 (full 0):
 PSYoungGen      total 29696K, used 3240K [0x00000000eab00000, 0x00000000ecc00000, 0x0000000100000000)
  eden space 25600K, 0% used [0x00000000eab00000,0x00000000eab00000,0x00000000ec400000)
  from space 4096K, 79% used [0x00000000ec400000,0x00000000ec72a1b0,0x00000000ec800000)
  to   space 4096K, 0% used [0x00000000ec800000,0x00000000ec800000,0x00000000ecc00000)
 ParOldGen       total 68608K, used 0K [0x00000000c0000000, 0x00000000c4300000, 0x00000000eab00000)
  object space 68608K, 0% used [0x00000000c0000000,0x00000000c0000000,0x00000000c4300000)
 Metaspace       used 10844K, committed 11008K, reserved 1064960K
  class space    used 1087K, committed 1152K, reserved 1048576K
}
Event: 4.267 GC heap before
{Heap before GC invocations=2 (full 0):
 PSYoungGen      total 29696K, used 28840K [0x00000000eab00000, 0x00000000ecc00000, 0x0000000100000000)
  eden space 25600K, 100% used [0x00000000eab00000,0x00000000ec400000,0x00000000ec400000)
  from space 4096K, 79% used [0x00000000ec400000,0x00000000ec72a1b0,0x00000000ec800000)
  to   space 4096K, 0% used [0x00000000ec800000,0x00000000ec800000,0x00000000ecc00000)
 ParOldGen       total 68608K, used 0K [0x00000000c0000000, 0x00000000c4300000, 0x00000000eab00000)
  object space 68608K, 0% used [0x00000000c0000000,0x00000000c0000000,0x00000000c4300000)
 Metaspace       used 15119K, committed 15360K, reserved 1064960K
  class space    used 1544K, committed 1664K, reserved 1048576K
}
Event: 4.275 GC heap after
{Heap after GC invocations=2 (full 0):
 PSYoungGen      total 29696K, used 4078K [0x00000000eab00000, 0x00000000ecc00000, 0x0000000100000000)
  eden space 25600K, 0% used [0x00000000eab00000,0x00000000eab00000,0x00000000ec400000)
  from space 4096K, 99% used [0x00000000ec800000,0x00000000ecbfb9e0,0x00000000ecc00000)
  to   space 4096K, 0% used [0x00000000ec400000,0x00000000ec400000,0x00000000ec800000)
 ParOldGen       total 68608K, used 703K [0x00000000c0000000, 0x00000000c4300000, 0x00000000eab00000)
  object space 68608K, 1% used [0x00000000c0000000,0x00000000c00afce8,0x00000000c4300000)
 Metaspace       used 15119K, committed 15360K, reserved 1064960K
  class space    used 1544K, committed 1664K, reserved 1048576K
}
Event: 5.884 GC heap before
{Heap before GC invocations=3 (full 0):
 PSYoungGen      total 29696K, used 29678K [0x00000000eab00000, 0x00000000ecc00000, 0x0000000100000000)
  eden space 25600K, 100% used [0x00000000eab00000,0x00000000ec400000,0x00000000ec400000)
  from space 4096K, 99% used [0x00000000ec800000,0x00000000ecbfb9e0,0x00000000ecc00000)
  to   space 4096K, 0% used [0x00000000ec400000,0x00000000ec400000,0x00000000ec800000)
 ParOldGen       total 68608K, used 703K [0x00000000c0000000, 0x00000000c4300000, 0x00000000eab00000)
  object space 68608K, 1% used [0x00000000c0000000,0x00000000c00afce8,0x00000000c4300000)
 Metaspace       used 20230K, committed 20608K, reserved 1073152K
  class space    used 2058K, committed 2176K, reserved 1048576K
}
Event: 5.893 GC heap after
{Heap after GC invocations=3 (full 0):
 PSYoungGen      total 29696K, used 4094K [0x00000000eab00000, 0x00000000ecc00000, 0x0000000100000000)
  eden space 25600K, 0% used [0x00000000eab00000,0x00000000eab00000,0x00000000ec400000)
  from space 4096K, 99% used [0x00000000ec400000,0x00000000ec7ffa30,0x00000000ec800000)
  to   space 4096K, 0% used [0x00000000ec800000,0x00000000ec800000,0x00000000ecc00000)
 ParOldGen       total 68608K, used 2661K [0x00000000c0000000, 0x00000000c4300000, 0x00000000eab00000)
  object space 68608K, 3% used [0x00000000c0000000,0x00000000c0299458,0x00000000c4300000)
 Metaspace       used 20230K, committed 20608K, reserved 1073152K
  class space    used 2058K, committed 2176K, reserved 1048576K
}
Event: 6.203 GC heap before
{Heap before GC invocations=4 (full 0):
 PSYoungGen      total 29696K, used 9503K [0x00000000eab00000, 0x00000000ecc00000, 0x0000000100000000)
  eden space 25600K, 21% used [0x00000000eab00000,0x00000000eb048558,0x00000000ec400000)
  from space 4096K, 99% used [0x00000000ec400000,0x00000000ec7ffa30,0x00000000ec800000)
  to   space 4096K, 0% used [0x00000000ec800000,0x00000000ec800000,0x00000000ecc00000)
 ParOldGen       total 68608K, used 2661K [0x00000000c0000000, 0x00000000c4300000, 0x00000000eab00000)
  object space 68608K, 3% used [0x00000000c0000000,0x00000000c0299458,0x00000000c4300000)
 Metaspace       used 21083K, committed 21504K, reserved 1073152K
  class space    used 2145K, committed 2368K, reserved 1048576K
}
Event: 6.208 GC heap after
{Heap after GC invocations=4 (full 0):
 PSYoungGen      total 29696K, used 4072K [0x00000000eab00000, 0x00000000ecc00000, 0x0000000100000000)
  eden space 25600K, 0% used [0x00000000eab00000,0x00000000eab00000,0x00000000ec400000)
  from space 4096K, 99% used [0x00000000ec800000,0x00000000ecbfa0e8,0x00000000ecc00000)
  to   space 4096K, 0% used [0x00000000ec400000,0x00000000ec400000,0x00000000ec800000)
 ParOldGen       total 68608K, used 3021K [0x00000000c0000000, 0x00000000c4300000, 0x00000000eab00000)
  object space 68608K, 4% used [0x00000000c0000000,0x00000000c02f3680,0x00000000c4300000)
 Metaspace       used 21083K, committed 21504K, reserved 1073152K
  class space    used 2145K, committed 2368K, reserved 1048576K
}
Event: 6.208 GC heap before
{Heap before GC invocations=5 (full 1):
 PSYoungGen      total 29696K, used 4072K [0x00000000eab00000, 0x00000000ecc00000, 0x0000000100000000)
  eden space 25600K, 0% used [0x00000000eab00000,0x00000000eab00000,0x00000000ec400000)
  from space 4096K, 99% used [0x00000000ec800000,0x00000000ecbfa0e8,0x00000000ecc00000)
  to   space 4096K, 0% used [0x00000000ec400000,0x00000000ec400000,0x00000000ec800000)
 ParOldGen       total 68608K, used 3021K [0x00000000c0000000, 0x00000000c4300000, 0x00000000eab00000)
  object space 68608K, 4% used [0x00000000c0000000,0x00000000c02f3680,0x00000000c4300000)
 Metaspace       used 21083K, committed 21504K, reserved 1073152K
  class space    used 2145K, committed 2368K, reserved 1048576K
}
Event: 6.240 GC heap after
{Heap after GC invocations=5 (full 1):
 PSYoungGen      total 29696K, used 0K [0x00000000eab00000, 0x00000000ecc00000, 0x0000000100000000)
  eden space 25600K, 0% used [0x00000000eab00000,0x00000000eab00000,0x00000000ec400000)
  from space 4096K, 0% used [0x00000000ec800000,0x00000000ec800000,0x00000000ecc00000)
  to   space 4096K, 0% used [0x00000000ec400000,0x00000000ec400000,0x00000000ec800000)
 ParOldGen       total 68608K, used 6982K [0x00000000c0000000, 0x00000000c4300000, 0x00000000eab00000)
  object space 68608K, 10% used [0x00000000c0000000,0x00000000c06d19c8,0x00000000c4300000)
 Metaspace       used 21070K, committed 21504K, reserved 1073152K
  class space    used 2141K, committed 2368K, reserved 1048576K
}
Event: 6.737 GC heap before
{Heap before GC invocations=6 (full 1):
 PSYoungGen      total 29696K, used 25576K [0x00000000eab00000, 0x00000000ecc00000, 0x0000000100000000)
  eden space 25600K, 99% used [0x00000000eab00000,0x00000000ec3fa398,0x00000000ec400000)
  from space 4096K, 0% used [0x00000000ec800000,0x00000000ec800000,0x00000000ecc00000)
  to   space 4096K, 0% used [0x00000000ec400000,0x00000000ec400000,0x00000000ec800000)
 ParOldGen       total 68608K, used 6982K [0x00000000c0000000, 0x00000000c4300000, 0x00000000eab00000)
  object space 68608K, 10% used [0x00000000c0000000,0x00000000c06d19c8,0x00000000c4300000)
 Metaspace       used 24509K, committed 24960K, reserved 1073152K
  class space    used 2390K, committed 2624K, reserved 1048576K
}
Event: 6.738 GC heap after
{Heap after GC invocations=6 (full 1):
 PSYoungGen      total 26112K, used 755K [0x00000000eab00000, 0x00000000ec880000, 0x0000000100000000)
  eden space 25088K, 0% used [0x00000000eab00000,0x00000000eab00000,0x00000000ec380000)
  from space 1024K, 73% used [0x00000000ec400000,0x00000000ec4bcc28,0x00000000ec500000)
  to   space 2560K, 0% used [0x00000000ec600000,0x00000000ec600000,0x00000000ec880000)
 ParOldGen       total 68608K, used 6990K [0x00000000c0000000, 0x00000000c4300000, 0x00000000eab00000)
  object space 68608K, 10% used [0x00000000c0000000,0x00000000c06d39c8,0x00000000c4300000)
 Metaspace       used 24509K, committed 24960K, reserved 1073152K
  class space    used 2390K, committed 2624K, reserved 1048576K
}
Event: 10.900 GC heap before
{Heap before GC invocations=7 (full 1):
 PSYoungGen      total 26112K, used 25843K [0x00000000eab00000, 0x00000000ec880000, 0x0000000100000000)
  eden space 25088K, 100% used [0x00000000eab00000,0x00000000ec380000,0x00000000ec380000)
  from space 1024K, 73% used [0x00000000ec400000,0x00000000ec4bcc28,0x00000000ec500000)
  to   space 2560K, 0% used [0x00000000ec600000,0x00000000ec600000,0x00000000ec880000)
 ParOldGen       total 68608K, used 6990K [0x00000000c0000000, 0x00000000c4300000, 0x00000000eab00000)
  object space 68608K, 10% used [0x00000000c0000000,0x00000000c06d39c8,0x00000000c4300000)
 Metaspace       used 27536K, committed 28096K, reserved 1081344K
  class space    used 2659K, committed 2880K, reserved 1048576K
}
Event: 10.905 GC heap after
{Heap after GC invocations=7 (full 1):
 PSYoungGen      total 26112K, used 1088K [0x00000000eab00000, 0x00000000ec780000, 0x0000000100000000)
  eden space 24576K, 0% used [0x00000000eab00000,0x00000000eab00000,0x00000000ec300000)
  from space 1536K, 70% used [0x00000000ec600000,0x00000000ec710250,0x00000000ec780000)
  to   space 1536K, 0% used [0x00000000ec480000,0x00000000ec480000,0x00000000ec600000)
 ParOldGen       total 68608K, used 6998K [0x00000000c0000000, 0x00000000c4300000, 0x00000000eab00000)
  object space 68608K, 10% used [0x00000000c0000000,0x00000000c06d59c8,0x00000000c4300000)
 Metaspace       used 27536K, committed 28096K, reserved 1081344K
  class space    used 2659K, committed 2880K, reserved 1048576K
}

Deoptimization events (20 events):
Event: 7.534 Thread 0x00000207cbbf2e60 Uncommon trap: trap_request=0xffffffc6 fr.pc=0x00000207c029f134 relative=0x0000000000000994
Event: 7.534 Thread 0x00000207cbbf2e60 Uncommon trap: reason=bimorphic_or_optimized_type_check action=maybe_recompile pc=0x00000207c029f134 method=java.util.HashMap.putVal(ILjava/lang/Object;Ljava/lang/Object;ZZ)Ljava/lang/Object; @ 152 c2
Event: 7.534 Thread 0x00000207cbbf2e60 DEOPT PACKING pc=0x00000207c029f134 sp=0x0000008e6e4fd7d0
Event: 7.534 Thread 0x00000207cbbf2e60 DEOPT UNPACKING pc=0x00000207b87b20a3 sp=0x0000008e6e4fd730 mode 2
Event: 7.534 Thread 0x00000207cbbf2e60 Uncommon trap: trap_request=0xffffffc6 fr.pc=0x00000207c029f0fc relative=0x000000000000095c
Event: 7.534 Thread 0x00000207cbbf2e60 Uncommon trap: reason=bimorphic_or_optimized_type_check action=maybe_recompile pc=0x00000207c029f0fc method=java.util.HashMap.putVal(ILjava/lang/Object;Ljava/lang/Object;ZZ)Ljava/lang/Object; @ 56 c2
Event: 7.534 Thread 0x00000207cbbf2e60 DEOPT PACKING pc=0x00000207c029f0fc sp=0x0000008e6e4fd7d0
Event: 7.534 Thread 0x00000207cbbf2e60 DEOPT UNPACKING pc=0x00000207b87b20a3 sp=0x0000008e6e4fd728 mode 2
Event: 10.822 Thread 0x00000207cbbf2e60 DEOPT PACKING pc=0x00000207b91aba26 sp=0x0000008e6e4fcaa0
Event: 10.822 Thread 0x00000207cbbf2e60 DEOPT UNPACKING pc=0x00000207b87b2843 sp=0x0000008e6e4fbf18 mode 0
Event: 10.970 Thread 0x00000207cbbf2e60 Uncommon trap: trap_request=0xffffff45 fr.pc=0x00000207c030b934 relative=0x0000000000000b54
Event: 10.970 Thread 0x00000207cbbf2e60 Uncommon trap: reason=unstable_if action=reinterpret pc=0x00000207c030b934 method=java.util.Properties$LineReader.readLine()I @ 221 c2
Event: 10.970 Thread 0x00000207cbbf2e60 DEOPT PACKING pc=0x00000207c030b934 sp=0x0000008e6e4fcfb0
Event: 10.970 Thread 0x00000207cbbf2e60 DEOPT UNPACKING pc=0x00000207b87b20a3 sp=0x0000008e6e4fcf50 mode 2
Event: 10.972 Thread 0x00000207cbbf2e60 Uncommon trap: trap_request=0xffffff76 fr.pc=0x00000207c0307b20 relative=0x0000000000000da0
Event: 10.972 Thread 0x00000207cbbf2e60 Uncommon trap: reason=predicate action=maybe_recompile pc=0x00000207c0307b20 method=java.util.Properties$LineReader.readLine()I @ 53 c2
Event: 10.972 Thread 0x00000207cbbf2e60 DEOPT PACKING pc=0x00000207c0307b20 sp=0x0000008e6e4fcfb0
Event: 10.972 Thread 0x00000207cbbf2e60 DEOPT UNPACKING pc=0x00000207b87b20a3 sp=0x0000008e6e4fcf68 mode 2
Event: 10.975 Thread 0x00000207cbbf2e60 DEOPT PACKING pc=0x00000207b91c8ff5 sp=0x0000008e6e4fd4f0
Event: 10.975 Thread 0x00000207cbbf2e60 DEOPT UNPACKING pc=0x00000207b87b2843 sp=0x0000008e6e4fc9d8 mode 0

Classes unloaded (7 events):
Event: 6.215 Thread 0x00000207c9ff91a0 Unloading class 0x0000000100210c00 'java/lang/invoke/LambdaForm$MH+0x0000000100210c00'
Event: 6.215 Thread 0x00000207c9ff91a0 Unloading class 0x0000000100210800 'java/lang/invoke/LambdaForm$MH+0x0000000100210800'
Event: 6.215 Thread 0x00000207c9ff91a0 Unloading class 0x0000000100210400 'java/lang/invoke/LambdaForm$MH+0x0000000100210400'
Event: 6.215 Thread 0x00000207c9ff91a0 Unloading class 0x0000000100210000 'java/lang/invoke/LambdaForm$MH+0x0000000100210000'
Event: 6.215 Thread 0x00000207c9ff91a0 Unloading class 0x000000010020b800 'java/lang/invoke/LambdaForm$BMH+0x000000010020b800'
Event: 6.215 Thread 0x00000207c9ff91a0 Unloading class 0x000000010020b400 'java/lang/invoke/LambdaForm$DMH+0x000000010020b400'
Event: 6.215 Thread 0x00000207c9ff91a0 Unloading class 0x0000000100208800 'java/lang/invoke/LambdaForm$DMH+0x0000000100208800'

Classes redefined (0 events):
No events

Internal exceptions (20 events):
Event: 4.888 Thread 0x00000207cbbf2e60 Exception <a 'java/lang/NoSuchMethodError'{0x00000000eb906828}: 'void java.lang.invoke.DirectMethodHandle$Holder.invokeInterface(java.lang.Object, java.lang.Object, java.lang.Object)'> (0x00000000eb906828) 
thrown [e:\jenkins\tmp\workspace\build\src\src\hotspot\share\interpreter\linkResolver.cpp, line 766]
Event: 5.319 Thread 0x00000207cbbf2e60 Exception <a 'java/lang/NoSuchMethodError'{0x00000000ebc277e8}: 'java.lang.Object java.lang.invoke.Invokers$Holder.invokeExact_MT(java.lang.Object, java.lang.Object, java.lang.Object, java.lang.Object, java.lang.Object, java.lang.Object)'> (0x00000000ebc277e8) 
thrown [e:\jenkins\tmp\workspace\build\src\src\hotspot\share\interpreter\linkResolver.cpp, line 766]
Event: 5.338 Thread 0x00000207cbbf2e60 Exception <a 'java/lang/NoSuchMethodError'{0x00000000ebd09988}: 'java.lang.Object java.lang.invoke.DirectMethodHandle$Holder.invokeStatic(java.lang.Object, java.lang.Object, int)'> (0x00000000ebd09988) 
thrown [e:\jenkins\tmp\workspace\build\src\src\hotspot\share\interpreter\linkResolver.cpp, line 766]
Event: 5.338 Thread 0x00000207cbbf2e60 Exception <a 'java/lang/NoSuchMethodError'{0x00000000ebd0e538}: 'void java.lang.invoke.DirectMethodHandle$Holder.invokeStatic(java.lang.Object, java.lang.Object, int, java.lang.Object)'> (0x00000000ebd0e538) 
thrown [e:\jenkins\tmp\workspace\build\src\src\hotspot\share\interpreter\linkResolver.cpp, line 766]
Event: 5.340 Thread 0x00000207cbbf2e60 Exception <a 'java/lang/NoSuchMethodError'{0x00000000ebd15c68}: 'void java.lang.invoke.DelegatingMethodHandle$Holder.delegate(java.lang.Object, java.lang.Object, int, java.lang.Object)'> (0x00000000ebd15c68) 
thrown [e:\jenkins\tmp\workspace\build\src\src\hotspot\share\interpreter\linkResolver.cpp, line 766]
Event: 5.343 Thread 0x00000207cbbf2e60 Exception <a 'java/lang/NoSuchMethodError'{0x00000000ebd1a050}: 'int java.lang.invoke.DirectMethodHandle$Holder.invokeSpecial(java.lang.Object, java.lang.Object, java.lang.Object)'> (0x00000000ebd1a050) 
thrown [e:\jenkins\tmp\workspace\build\src\src\hotspot\share\interpreter\linkResolver.cpp, line 766]
Event: 5.345 Thread 0x00000207cbbf2e60 Exception <a 'java/lang/NoSuchMethodError'{0x00000000ebd2a640}: 'int java.lang.invoke.DirectMethodHandle$Holder.invokeStatic(java.lang.Object, java.lang.Object, int)'> (0x00000000ebd2a640) 
thrown [e:\jenkins\tmp\workspace\build\src\src\hotspot\share\interpreter\linkResolver.cpp, line 766]
Event: 5.346 Thread 0x00000207cbbf2e60 Exception <a 'java/lang/NoSuchMethodError'{0x00000000ebd2e668}: 'int java.lang.invoke.DirectMethodHandle$Holder.invokeSpecial(java.lang.Object, java.lang.Object, java.lang.Object, int)'> (0x00000000ebd2e668) 
thrown [e:\jenkins\tmp\workspace\build\src\src\hotspot\share\interpreter\linkResolver.cpp, line 766]
Event: 5.352 Thread 0x00000207cbbf2e60 Exception <a 'java/lang/NoSuchMethodError'{0x00000000ebd49410}: 'java.lang.Object java.lang.invoke.DirectMethodHandle$Holder.invokeStatic(java.lang.Object, java.lang.Object, java.lang.Object, java.lang.Object, int)'> (0x00000000ebd49410) 
thrown [e:\jenkins\tmp\workspace\build\src\src\hotspot\share\interpreter\linkResolver.cpp, line 766]
Event: 5.356 Thread 0x00000207cbbf2e60 Exception <a 'java/lang/NoSuchMethodError'{0x00000000ebd55780}: 'java.lang.Object java.lang.invoke.DelegatingMethodHandle$Holder.reinvoke_L(java.lang.Object, java.lang.Object, java.lang.Object, java.lang.Object, int, int)'> (0x00000000ebd55780) 
thrown [e:\jenkins\tmp\workspace\build\src\src\hotspot\share\interpreter\linkResolver.cpp, line 766]
Event: 5.360 Thread 0x00000207cbbf2e60 Exception <a 'java/lang/NoSuchMethodError'{0x00000000ebd6d2b0}: 'java.lang.Object java.lang.invoke.Invokers$Holder.invokeExact_MT(java.lang.Object, java.lang.Object, java.lang.Object, java.lang.Object)'> (0x00000000ebd6d2b0) 
thrown [e:\jenkins\tmp\workspace\build\src\src\hotspot\share\interpreter\linkResolver.cpp, line 766]
Event: 6.001 Thread 0x00000207cbbf2e60 Exception <a 'java/lang/NoSuchMethodError'{0x00000000eacad688}: 'int java.lang.invoke.DirectMethodHandle$Holder.invokeStaticInit(java.lang.Object, java.lang.Object, java.lang.Object)'> (0x00000000eacad688) 
thrown [e:\jenkins\tmp\workspace\build\src\src\hotspot\share\interpreter\linkResolver.cpp, line 766]
Event: 6.028 Thread 0x00000207cbbf2e60 Exception <a 'java/lang/IncompatibleClassChangeError'{0x00000000ead24ae8}: Found class java.lang.Object, but interface was expected> (0x00000000ead24ae8) 
thrown [e:\jenkins\tmp\workspace\build\src\src\hotspot\share\interpreter\linkResolver.cpp, line 833]
Event: 7.454 Thread 0x00000207cbbf2e60 Exception <a 'java/lang/ClassNotFoundException'{0x00000000ebfd3e18}: com/sun/org/apache/xerces/internal/impl/msg/spi/DOMMessagesProvider> (0x00000000ebfd3e18) 
thrown [e:\jenkins\tmp\workspace\build\src\src\hotspot\share\classfile\systemDictionary.cpp, line 256]
Event: 7.464 Thread 0x00000207cbbf2e60 Exception <a 'java/lang/ClassNotFoundException'{0x00000000ebffa8a8}: com/sun/org/apache/xerces/internal/impl/msg/spi/XMLSerializerMessagesProvider> (0x00000000ebffa8a8) 
thrown [e:\jenkins\tmp\workspace\build\src\src\hotspot\share\classfile\systemDictionary.cpp, line 256]
Event: 7.465 Thread 0x00000207cbbf2e60 Exception <a 'java/lang/ClassNotFoundException'{0x00000000ec0091f8}: com/sun/org/apache/xerces/internal/impl/msg/spi/XMLMessagesProvider> (0x00000000ec0091f8) 
thrown [e:\jenkins\tmp\workspace\build\src\src\hotspot\share\classfile\systemDictionary.cpp, line 256]
Event: 8.587 Thread 0x00000207cbbf2e60 Exception <a 'java/lang/NoSuchMethodError'{0x00000000ec236ff0}: 'java.lang.Object java.lang.invoke.DirectMethodHandle$Holder.invokeStaticInit(java.lang.Object, int, int, int, int)'> (0x00000000ec236ff0) 
thrown [e:\jenkins\tmp\workspace\build\src\src\hotspot\share\interpreter\linkResolver.cpp, line 766]
Event: 10.886 Thread 0x00000207cbbf2e60 Exception <a 'java/lang/NoSuchMethodError'{0x00000000ec328690}: 'java.lang.Object java.lang.invoke.DirectMethodHandle$Holder.invokeStaticInit(java.lang.Object, java.lang.Object, int, int, int, int)'> (0x00000000ec328690) 
thrown [e:\jenkins\tmp\workspace\build\src\src\hotspot\share\interpreter\linkResolver.cpp, line 766]
Event: 10.972 Thread 0x00000207cbbf2e60 Implicit null exception at 0x00000207c0306e80 to 0x00000207c0307ad8
Event: 11.037 Thread 0x00000207cbbf2e60 Exception <a 'java/lang/ClassNotFoundException'{0x00000000eada8278}: com/sun/org/apache/xml/internal/serializer/spi/XMLEntitiesProvider> (0x00000000eada8278) 
thrown [e:\jenkins\tmp\workspace\build\src\src\hotspot\share\classfile\systemDictionary.cpp, line 256]

VM Operations (20 events):
Event: 5.884 Executing VM operation: ParallelGCFailedAllocation
Event: 5.893 Executing VM operation: ParallelGCFailedAllocation done
Event: 6.092 Executing VM operation: HandshakeAllThreads
Event: 6.098 Executing VM operation: HandshakeAllThreads done
Event: 6.135 Executing VM operation: CollectForMetadataAllocation
Event: 6.243 Executing VM operation: CollectForMetadataAllocation done
Event: 6.726 Executing VM operation: ParallelGCFailedAllocation
Event: 6.739 Executing VM operation: ParallelGCFailedAllocation done
Event: 7.495 Executing VM operation: HandshakeAllThreads
Event: 7.499 Executing VM operation: HandshakeAllThreads done
Event: 7.533 Executing VM operation: HandshakeAllThreads
Event: 7.533 Executing VM operation: HandshakeAllThreads done
Event: 8.533 Executing VM operation: Cleanup
Event: 8.533 Executing VM operation: Cleanup done
Event: 9.362 Executing VM operation: HandshakeAllThreads
Event: 9.362 Executing VM operation: HandshakeAllThreads done
Event: 10.362 Executing VM operation: Cleanup
Event: 10.362 Executing VM operation: Cleanup done
Event: 10.900 Executing VM operation: ParallelGCFailedAllocation
Event: 10.905 Executing VM operation: ParallelGCFailedAllocation done

Events (20 events):
Event: 11.039 loading class com/sun/org/apache/xml/internal/serializer/ToStream$CharacterBuffer
Event: 11.039 loading class com/sun/org/apache/xml/internal/serializer/ToStream$CharacterBuffer done
Event: 11.039 loading class com/sun/org/apache/xml/internal/serializer/Encodings
Event: 11.039 loading class com/sun/org/apache/xml/internal/serializer/Encodings done
Event: 11.039 loading class com/sun/org/apache/xml/internal/serializer/Encodings$EncodingInfos
Event: 11.039 loading class com/sun/org/apache/xml/internal/serializer/Encodings$EncodingInfos done
Event: 11.040 loading class java/nio/charset/Charset$ExtendedProviderHolder
Event: 11.040 loading class java/nio/charset/Charset$ExtendedProviderHolder done
Event: 11.040 loading class java/nio/charset/Charset$ExtendedProviderHolder$1
Event: 11.040 loading class java/nio/charset/Charset$ExtendedProviderHolder$1 done
Event: 11.069 loading class sun/nio/cs/SingleByte$Encoder
Event: 11.069 loading class sun/nio/cs/ArrayEncoder
Event: 11.069 loading class sun/nio/cs/ArrayEncoder done
Event: 11.069 loading class sun/nio/cs/SingleByte$Encoder done
Event: 11.071 loading class java/nio/charset/Charset$2
Event: 11.071 loading class java/nio/charset/Charset$2 done
Event: 11.071 loading class java/nio/charset/Charset$1
Event: 11.071 loading class java/nio/charset/Charset$1 done
Event: 11.073 loading class java/nio/charset/UnsupportedCharsetException
Event: 11.073 loading class java/nio/charset/UnsupportedCharsetException done


Dynamic libraries:
0x00007ff6155c0000 - 0x00007ff6155ce000 	c:\Users\gilbe\.vscode\extensions\redhat.java-1.9.0-win32-x64\jre\17.0.3-win32-x86_64\bin\java.exe
0x00007ff8b7ed0000 - 0x00007ff8b80c8000 	C:\windows\SYSTEM32\ntdll.dll
0x00007ff8b7510000 - 0x00007ff8b75cd000 	C:\windows\System32\KERNEL32.DLL
0x00007ff8b5940000 - 0x00007ff8b5c0e000 	C:\windows\System32\KERNELBASE.dll
0x00007ff8b5de0000 - 0x00007ff8b5ee0000 	C:\windows\System32\ucrtbase.dll
0x00007ff8aea20000 - 0x00007ff8aea38000 	c:\Users\gilbe\.vscode\extensions\redhat.java-1.9.0-win32-x64\jre\17.0.3-win32-x86_64\bin\jli.dll
0x00007ff8ad430000 - 0x00007ff8ad449000 	c:\Users\gilbe\.vscode\extensions\redhat.java-1.9.0-win32-x64\jre\17.0.3-win32-x86_64\bin\VCRUNTIME140.dll
0x00007ff8b5f40000 - 0x00007ff8b60e0000 	C:\windows\System32\USER32.dll
0x00007ff8b5910000 - 0x00007ff8b5932000 	C:\windows\System32\win32u.dll
0x00007ff8b7df0000 - 0x00007ff8b7e1a000 	C:\windows\System32\GDI32.dll
0x00007ff8b5cd0000 - 0x00007ff8b5ddb000 	C:\windows\System32\gdi32full.dll
0x00007ff89edf0000 - 0x00007ff89f08a000 	C:\windows\WinSxS\amd64_microsoft.windows.common-controls_6595b64144ccf1df_6.0.19041.1110_none_60b5254171f9507e\COMCTL32.dll
0x00007ff8b57c0000 - 0x00007ff8b585d000 	C:\windows\System32\msvcp_win.dll
0x00007ff8b7ab0000 - 0x00007ff8b7b4e000 	C:\windows\System32\msvcrt.dll
0x00007ff8b7720000 - 0x00007ff8b7750000 	C:\windows\System32\IMM32.DLL
0x00007ff8ad620000 - 0x00007ff8ad62c000 	c:\Users\gilbe\.vscode\extensions\redhat.java-1.9.0-win32-x64\jre\17.0.3-win32-x86_64\bin\vcruntime140_1.dll
0x00007ff887b10000 - 0x00007ff887ba1000 	c:\Users\gilbe\.vscode\extensions\redhat.java-1.9.0-win32-x64\jre\17.0.3-win32-x86_64\bin\msvcp140.dll
0x00007ff875b60000 - 0x00007ff8767a8000 	c:\Users\gilbe\.vscode\extensions\redhat.java-1.9.0-win32-x64\jre\17.0.3-win32-x86_64\bin\server\jvm.dll
0x00007ff8b63f0000 - 0x00007ff8b649e000 	C:\windows\System32\ADVAPI32.dll
0x00007ff8b7470000 - 0x00007ff8b750c000 	C:\windows\System32\sechost.dll
0x00007ff8b7210000 - 0x00007ff8b7335000 	C:\windows\System32\RPCRT4.dll
0x00007ff8b5f30000 - 0x00007ff8b5f38000 	C:\windows\System32\PSAPI.DLL
0x00007ff8ac360000 - 0x00007ff8ac387000 	C:\windows\SYSTEM32\WINMM.dll
0x00007ff8ac390000 - 0x00007ff8ac39a000 	C:\windows\SYSTEM32\VERSION.dll
0x00007ff8ad5e0000 - 0x00007ff8ad5e9000 	C:\windows\SYSTEM32\WSOCK32.dll
0x00007ff8b7140000 - 0x00007ff8b71ab000 	C:\windows\System32\WS2_32.dll
0x00007ff8b34f0000 - 0x00007ff8b3502000 	C:\windows\SYSTEM32\kernel.appcore.dll
0x00007ff8ad3b0000 - 0x00007ff8ad3ba000 	c:\Users\gilbe\.vscode\extensions\redhat.java-1.9.0-win32-x64\jre\17.0.3-win32-x86_64\bin\jimage.dll
0x00007ff89fd40000 - 0x00007ff89ff24000 	C:\windows\SYSTEM32\DBGHELP.DLL
0x00007ff89a020000 - 0x00007ff89a04c000 	C:\windows\SYSTEM32\dbgcore.DLL
0x00007ff8b5c10000 - 0x00007ff8b5c92000 	C:\windows\System32\bcryptPrimitives.dll
0x00007ff8ad3a0000 - 0x00007ff8ad3ae000 	c:\Users\gilbe\.vscode\extensions\redhat.java-1.9.0-win32-x64\jre\17.0.3-win32-x86_64\bin\instrument.dll
0x00007ff8ad350000 - 0x00007ff8ad375000 	c:\Users\gilbe\.vscode\extensions\redhat.java-1.9.0-win32-x64\jre\17.0.3-win32-x86_64\bin\java.dll
0x00007ff8ad330000 - 0x00007ff8ad348000 	c:\Users\gilbe\.vscode\extensions\redhat.java-1.9.0-win32-x64\jre\17.0.3-win32-x86_64\bin\zip.dll
0x00007ff8b6500000 - 0x00007ff8b6c44000 	C:\windows\System32\SHELL32.dll
0x00007ff8b36f0000 - 0x00007ff8b3e84000 	C:\windows\SYSTEM32\windows.storage.dll
0x00007ff8b7750000 - 0x00007ff8b7aa4000 	C:\windows\System32\combase.dll
0x00007ff8b4f80000 - 0x00007ff8b4fb0000 	C:\windows\SYSTEM32\Wldp.dll
0x00007ff8b6290000 - 0x00007ff8b633d000 	C:\windows\System32\SHCORE.dll
0x00007ff8b64a0000 - 0x00007ff8b64f5000 	C:\windows\System32\shlwapi.dll
0x00007ff8b5530000 - 0x00007ff8b554f000 	C:\windows\SYSTEM32\profapi.dll
0x00007ff8ad2f0000 - 0x00007ff8ad309000 	C:\Users\gilbe\.vscode\extensions\redhat.java-1.9.0-win32-x64\jre\17.0.3-win32-x86_64\bin\net.dll
0x00007ff8a6530000 - 0x00007ff8a663a000 	C:\windows\SYSTEM32\WINHTTP.dll
0x00007ff8b4ce0000 - 0x00007ff8b4d4a000 	C:\windows\system32\mswsock.dll
0x00007ff8ad0c0000 - 0x00007ff8ad0d5000 	C:\Users\gilbe\.vscode\extensions\redhat.java-1.9.0-win32-x64\jre\17.0.3-win32-x86_64\bin\nio.dll
0x00007ff8ad320000 - 0x00007ff8ad330000 	c:\Users\gilbe\.vscode\extensions\redhat.java-1.9.0-win32-x64\jre\17.0.3-win32-x86_64\bin\verify.dll
0x00007ff887d50000 - 0x00007ff887d8e000 	C:\Users\gilbe\AppData\Roaming\Code\User\globalStorage\redhat.java\1.9.0\config_ss_win\org.eclipse.equinox.launcher\org.eclipse.equinox.launcher.win32.win32.x86_64_1.2.500.v20220509-0833\eclipse_11700.dll
0x00007ff8b7cc0000 - 0x00007ff8b7dea000 	C:\windows\System32\ole32.dll
0x00007ff8b4ed0000 - 0x00007ff8b4ee8000 	C:\windows\SYSTEM32\CRYPTSP.dll
0x00007ff8b4660000 - 0x00007ff8b4694000 	C:\windows\system32\rsaenh.dll
0x00007ff8b5ca0000 - 0x00007ff8b5cc7000 	C:\windows\System32\bcrypt.dll
0x00007ff8b54b0000 - 0x00007ff8b54de000 	C:\windows\SYSTEM32\USERENV.dll
0x00007ff8b4ef0000 - 0x00007ff8b4efc000 	C:\windows\SYSTEM32\CRYPTBASE.dll
0x00007ff8b49d0000 - 0x00007ff8b4a0b000 	C:\windows\SYSTEM32\IPHLPAPI.DLL
0x00007ff8b7e80000 - 0x00007ff8b7e88000 	C:\windows\System32\NSI.dll
0x00007ff8a9a30000 - 0x00007ff8a9a47000 	C:\windows\SYSTEM32\dhcpcsvc6.DLL
0x00007ff8a9da0000 - 0x00007ff8a9dbd000 	C:\windows\SYSTEM32\dhcpcsvc.DLL
0x00007ff8b4a10000 - 0x00007ff8b4adb000 	C:\windows\SYSTEM32\DNSAPI.dll

dbghelp: loaded successfully - version: 4.0.5 - missing functions: none
symbol engine: initialized successfully - sym options: 0x614 - pdb path: .;c:\Users\gilbe\.vscode\extensions\redhat.java-1.9.0-win32-x64\jre\17.0.3-win32-x86_64\bin;C:\windows\SYSTEM32;C:\windows\WinSxS\amd64_microsoft.windows.common-controls_6595b64144ccf1df_6.0.19041.1110_none_60b5254171f9507e;c:\Users\gilbe\.vscode\extensions\redhat.java-1.9.0-win32-x64\jre\17.0.3-win32-x86_64\bin\server;C:\Users\gilbe\AppData\Roaming\Code\User\globalStorage\redhat.java\1.9.0\config_ss_win\org.eclipse.equinox.launcher\org.eclipse.equinox.launcher.win32.win32.x86_64_1.2.500.v20220509-0833

VM Arguments:
jvm_args: --add-modules=ALL-SYSTEM --add-opens=java.base/java.util=ALL-UNNAMED --add-opens=java.base/java.lang=ALL-UNNAMED --add-opens=java.base/sun.nio.fs=ALL-UNNAMED -Declipse.application=org.eclipse.jdt.ls.core.id1 -Dosgi.bundles.defaultStartLevel=4 -Declipse.product=org.eclipse.jdt.ls.core.product -Djava.import.generatesMetadataFilesAtProjectRoot=false -Dfile.encoding=utf8 -DwatchParentProcess=false -XX:+UseParallelGC -XX:GCTimeRatio=4 -XX:AdaptiveSizePolicyWeight=90 -Dsun.zip.disableMemoryMapping=true -Xmx1G -Xms100m -javaagent:c:\Users\gilbe\.vscode\extensions\redhat.java-1.9.0-win32-x64\lombok\lombok-1.18.24.jar 
java_command: c:\Users\gilbe\.vscode\extensions\redhat.java-1.9.0-win32-x64\server\plugins\org.eclipse.equinox.launcher_1.6.400.v20210924-0641.jar -configuration c:\Users\gilbe\AppData\Roaming\Code\User\globalStorage\redhat.java\1.9.0\config_ss_win -data c:\Users\gilbe\AppData\Roaming\Code\User\workspaceStorage\6855dac74c9501bda7c68a02d3bf8714\redhat.java\ss_ws
java_class_path (initial): c:\Users\gilbe\.vscode\extensions\redhat.java-1.9.0-win32-x64\server\plugins\org.eclipse.equinox.launcher_1.6.400.v20210924-0641.jar
Launcher Type: SUN_STANDARD

[Global flags]
    uintx AdaptiveSizePolicyWeight                 = 90                                        {product} {command line}
     intx CICompilerCount                          = 2                                         {product} {ergonomic}
    uintx GCTimeRatio                              = 4                                         {product} {command line}
   size_t InitialHeapSize                          = 104857600                                 {product} {command line}
   size_t MaxHeapSize                              = 1073741824                                {product} {command line}
   size_t MaxNewSize                               = 357564416                                 {product} {ergonomic}
   size_t MinHeapDeltaBytes                        = 524288                                    {product} {ergonomic}
   size_t MinHeapSize                              = 104857600                                 {product} {command line}
   size_t NewSize                                  = 34603008                                  {product} {ergonomic}
    uintx NonNMethodCodeHeapSize                   = 5826188                                {pd product} {ergonomic}
    uintx NonProfiledCodeHeapSize                  = 122916026                              {pd product} {ergonomic}
   size_t OldSize                                  = 70254592                                  {product} {ergonomic}
    uintx ProfiledCodeHeapSize                     = 122916026                              {pd product} {ergonomic}
    uintx ReservedCodeCacheSize                    = 251658240                              {pd product} {ergonomic}
     bool SegmentedCodeCache                       = true                                      {product} {ergonomic}
   size_t SoftMaxHeapSize                          = 1073741824                             {manageable} {ergonomic}
     bool UseCompressedClassPointers               = true                           {product lp64_product} {ergonomic}
     bool UseCompressedOops                        = true                           {product lp64_product} {ergonomic}
     bool UseLargePagesIndividualAllocation        = false                                  {pd product} {ergonomic}
     bool UseParallelGC                            = true                                      {product} {command line}

Logging:
Log output configuration:
 #0: stdout all=warning uptime,level,tags
 #1: stderr all=off uptime,level,tags

Environment Variables:
PATH=C:\Program Files (x86)\Common Files\Oracle\Java\javapath;C:\windows\system32;C:\windows;C:\windows\System32\Wbem;C:\windows\System32\WindowsPowerShell\v1.0\;C:\windows\System32\OpenSSH\;C:\Program Files\nodejs\;C:\ProgramData\chocolatey\bin;C:\Users\gilbe\AppData\Local\Programs\Python\Python310\Scripts\;C:\Users\gilbe\AppData\Local\Programs\Python\Python310\;C:\Users\gilbe\AppData\Local\Microsoft\WindowsApps;C:\Users\gilbe\AppData\Local\Programs\Microsoft VS Code\bin;C:\Users\gilbe\AppData\Roaming\npm;C:\Program Files\Java\jdk1.8.0_311\bin;C:\Program Files\Java\jre1.8.0_341\bin;
USERNAME=gilbe
OS=Windows_NT
PROCESSOR_IDENTIFIER=AMD64 Family 23 Model 24 Stepping 1, AuthenticAMD



---------------  S Y S T E M  ---------------

OS:
 Windows 10 , 64 bit Build 19041 (10.0.19041.1806)
OS uptime: 23 days 21:35 hours

CPU: total 2 (initial active 2) (2 cores per cpu, 1 threads per core) family 23 model 24 stepping 1 microcode 0x0, cx8, cmov, fxsr, mmx, 3dnowpref, sse, sse2, sse3, ssse3, sse4a, sse4.1, sse4.2, popcnt, lzcnt, tsc, tscinvbit, avx, avx2, aes, clmul, bmi1, bmi2, adx, sha, fma, vzeroupper, clflush, clflushopt

Memory: 4k page, system-wide physical 3463M (16M free)
TotalPageFile size 14215M (AvailPageFile size 0M)
current process WorkingSet (physical memory assigned to process): 120M, peak: 120M
current process commit charge ("private bytes"): 208M, peak: 209M

vm_info: OpenJDK 64-Bit Server VM (17.0.3+7) for windows-amd64 JRE (17.0.3+7), built on Apr 19 2022 16:55:35 by "" with MS VC++ 16.7 (VS2019)

END.
