#
# There is insufficient memory for the Java Runtime Environment to continue.
# Native memory allocation (malloc) failed to allocate 32744 bytes for ChunkPool::allocate
# Possible reasons:
#   The system is out of physical RAM or swap space
#   The process is running with CompressedOops enabled, and the Java Heap may be blocking the growth of the native heap
# Possible solutions:
#   Reduce memory load on the system
#   Increase physical memory or swap space
#   Check if swap backing store is full
#   Decrease Java heap size (-Xmx/-Xms)
#   Decrease number of Java threads
#   Decrease Java thread stack sizes (-Xss)
#   Set larger code cache with -XX:ReservedCodeCacheSize=
#   JVM is running with Unscaled Compressed Oops mode in which the Java heap is
#     placed in the first 4GB address space. The Java Heap base address is the
#     maximum limit for the native heap growth. Please use -XX:HeapBaseMinAddress
#     to set the Java Heap base and to place the Java Heap above 4GB virtual address.
# This output file may be truncated or incomplete.
#
#  Out of Memory Error (arena.cpp:78), pid=18752, tid=18984
#
# JRE version: OpenJDK Runtime Environment Temurin-17.0.3+7 (17.0.3+7) (build 17.0.3+7)
# Java VM: OpenJDK 64-Bit Server VM Temurin-17.0.3+7 (17.0.3+7, mixed mode, tiered, compressed oops, compressed class ptrs, parallel gc, windows-amd64)
# No core dump will be written. Minidumps are not enabled by default on client versions of Windows
#

---------------  S U M M A R Y ------------

Command Line: --add-modules=ALL-SYSTEM --add-opens=java.base/java.util=ALL-UNNAMED --add-opens=java.base/java.lang=ALL-UNNAMED --add-opens=java.base/sun.nio.fs=ALL-UNNAMED -Declipse.application=org.eclipse.jdt.ls.core.id1 -Dosgi.bundles.defaultStartLevel=4 -Declipse.product=org.eclipse.jdt.ls.core.product -Djava.import.generatesMetadataFilesAtProjectRoot=false -Dfile.encoding=utf8 -DwatchParentProcess=false -XX:+UseParallelGC -XX:GCTimeRatio=4 -XX:AdaptiveSizePolicyWeight=90 -Dsun.zip.disableMemoryMapping=true -Xmx1G -Xms100m -javaagent:c:\Users\gilbe\.vscode\extensions\redhat.java-1.9.0-win32-x64\lombok\lombok-1.18.24.jar -XX:+HeapDumpOnOutOfMemoryError -XX:HeapDumpPath=c:\Users\gilbe\AppData\Roaming\Code\User\workspaceStorage\62c1cfc0f0d5a87403a6238e46005a8e\redhat.java c:\Users\gilbe\.vscode\extensions\redhat.java-1.9.0-win32-x64\server\plugins\org.eclipse.equinox.launcher_1.6.400.v20210924-0641.jar -configuration c:\Users\gilbe\AppData\Roaming\Code\User\globalStorage\redhat.java\1.9.0\config_win -data c:\Users\gilbe\AppData\Roaming\Code\User\workspaceStorage\62c1cfc0f0d5a87403a6238e46005a8e\redhat.java\jdt_ws

Host: AMD Athlon Silver 3050U with Radeon Graphics   , 2 cores, 3G,  Windows 10 , 64 bit Build 19041 (10.0.19041.1806)
Time: Thu Aug 11 21:13:52 2022 Central Daylight Time elapsed time: 157.611771 seconds (0d 0h 2m 37s)

---------------  T H R E A D  ---------------

Current thread (0x00000265d3db2b00):  JavaThread "C1 CompilerThread0" daemon [_thread_in_native, id=18984, stack(0x000000b9c2c00000,0x000000b9c2d00000)]


Current CompileTask:
C1: 157611 7180       3      
[error occurred during error reporting (printing current compile task), id 0xe0000001, Out of Memory Error (e:\jenkins\tmp\workspace\build\src\src\hotspot\share\memory\arena.cpp:78)]

Stack: [0x000000b9c2c00000,0x000000b9c2d00000]
Native frames: (J=compiled Java code, j=interpreted, Vv=VM code, C=native code)
V  [jvm.dll+0x675efa]
V  [jvm.dll+0x830a24]
V  [jvm.dll+0x8321ce]
V  [jvm.dll+0x832833]
V  [jvm.dll+0x2454b5]
V  [jvm.dll+0xabfc0]
V  [jvm.dll+0xac30c]
V  [jvm.dll+0x79e33c]
V  [jvm.dll+0x79e429]
V  [jvm.dll+0x629d89]
V  [jvm.dll+0x22bb06]
V  [jvm.dll+0x22c087]
V  [jvm.dll+0x8308ba]
V  [jvm.dll+0x8321ce]
V  [jvm.dll+0x832833]
V  [jvm.dll+0x2454b5]
V  [jvm.dll+0xabfc0]
V  [jvm.dll+0xac30c]
V  [jvm.dll+0x14c6aa]
V  [jvm.dll+0x140735]
V  [jvm.dll+0x13e564]
V  [jvm.dll+0x13853f]
V  [jvm.dll+0x148016]
V  [jvm.dll+0x133c50]
V  [jvm.dll+0x133fb0]
V  [jvm.dll+0x134276]
V  [jvm.dll+0x13370a]
V  [jvm.dll+0x1353d1]
V  [jvm.dll+0x227178]
V  [jvm.dll+0x2252bc]
V  [jvm.dll+0x7e673b]
V  [jvm.dll+0x7e0cfa]
V  [jvm.dll+0x674d85]
C  [ucrtbase.dll+0x21bb2]
C  [KERNEL32.DLL+0x17034]
C  [ntdll.dll+0x52651]


---------------  P R O C E S S  ---------------

Threads class SMR info:
_java_thread_list=0x00000265d8891660, length=26, elements={
0x00000265be05efa0, 0x00000265d3d81750, 0x00000265d3d824d0, 0x00000265d3da9150,
0x00000265d3da9ed0, 0x00000265d3daca60, 0x00000265d3dae490, 0x00000265d3db1140,
0x00000265d3db2b00, 0x00000265d3e129e0, 0x00000265d51ff020, 0x00000265d53ca520,
0x00000265d58ad230, 0x00000265d5af0af0, 0x00000265d5af1510, 0x00000265d5a38480,
0x00000265d5720270, 0x00000265d5253b60, 0x00000265d5254500, 0x00000265d52519b0,
0x00000265d5251010, 0x00000265d52514e0, 0x00000265d5253690, 0x00000265d5252820,
0x00000265d56a8a40, 0x00000265d56a33a0
}

Java Threads: ( => current thread )
  0x00000265be05efa0 JavaThread "main" [_thread_blocked, id=17564, stack(0x000000b9c2200000,0x000000b9c2300000)]
  0x00000265d3d81750 JavaThread "Reference Handler" daemon [_thread_blocked, id=1152, stack(0x000000b9c2500000,0x000000b9c2600000)]
  0x00000265d3d824d0 JavaThread "Finalizer" daemon [_thread_blocked, id=18720, stack(0x000000b9c2600000,0x000000b9c2700000)]
  0x00000265d3da9150 JavaThread "Signal Dispatcher" daemon [_thread_blocked, id=10804, stack(0x000000b9c2700000,0x000000b9c2800000)]
  0x00000265d3da9ed0 JavaThread "Attach Listener" daemon [_thread_blocked, id=4872, stack(0x000000b9c2800000,0x000000b9c2900000)]
  0x00000265d3daca60 JavaThread "Service Thread" daemon [_thread_blocked, id=15112, stack(0x000000b9c2900000,0x000000b9c2a00000)]
  0x00000265d3dae490 JavaThread "Monitor Deflation Thread" daemon [_thread_blocked, id=13944, stack(0x000000b9c2a00000,0x000000b9c2b00000)]
  0x00000265d3db1140 JavaThread "C2 CompilerThread0" daemon [_thread_blocked, id=21036, stack(0x000000b9c2b00000,0x000000b9c2c00000)]
=>0x00000265d3db2b00 JavaThread "C1 CompilerThread0" daemon [_thread_in_native, id=18984, stack(0x000000b9c2c00000,0x000000b9c2d00000)]
  0x00000265d3e129e0 JavaThread "Sweeper thread" daemon [_thread_blocked, id=456, stack(0x000000b9c2d00000,0x000000b9c2e00000)]
  0x00000265d51ff020 JavaThread "Common-Cleaner" daemon [_thread_blocked, id=3228, stack(0x000000b9c2e00000,0x000000b9c2f00000)]
  0x00000265d53ca520 JavaThread "Notification Thread" daemon [_thread_blocked, id=16700, stack(0x000000b9c2f00000,0x000000b9c3000000)]
  0x00000265d58ad230 JavaThread "Active Thread: Equinox Container: 3eeeb704-d0c2-4247-afa7-fe09335bf283" [_thread_blocked, id=18448, stack(0x000000b9c3200000,0x000000b9c3300000)]
  0x00000265d5af0af0 JavaThread "Framework Event Dispatcher: Equinox Container: 3eeeb704-d0c2-4247-afa7-fe09335bf283" daemon [_thread_blocked, id=8944, stack(0x000000b9c3300000,0x000000b9c3400000)]
  0x00000265d5af1510 JavaThread "Start Level: Equinox Container: 3eeeb704-d0c2-4247-afa7-fe09335bf283" daemon [_thread_blocked, id=15392, stack(0x000000b9c3400000,0x000000b9c3500000)]
  0x00000265d5a38480 JavaThread "SCR Component Actor" daemon [_thread_blocked, id=2820, stack(0x000000b9c3500000,0x000000b9c3600000)]
  0x00000265d5720270 JavaThread "Bundle File Closer" daemon [_thread_blocked, id=13484, stack(0x000000b9c3700000,0x000000b9c3800000)]
  0x00000265d5253b60 JavaThread "Worker-JM" [_thread_blocked, id=12312, stack(0x000000b9c3800000,0x000000b9c3900000)]
  0x00000265d5254500 JavaThread "Worker-0" [_thread_blocked, id=6412, stack(0x000000b9c3900000,0x000000b9c3a00000)]
  0x00000265d52519b0 JavaThread "Worker-2" [_thread_blocked, id=14584, stack(0x000000b9c3b00000,0x000000b9c3c00000)]
  0x00000265d5251010 JavaThread "Java indexing" daemon [_thread_blocked, id=7396, stack(0x000000b9c3c00000,0x000000b9c3d00000)]
  0x00000265d52514e0 JavaThread "Worker-3" [_thread_blocked, id=4496, stack(0x000000b9c3d00000,0x000000b9c3e00000)]
  0x00000265d5253690 JavaThread "pool-1-thread-1" [_thread_in_native, id=17604, stack(0x000000b9c3600000,0x000000b9c3700000)]
  0x00000265d5252820 JavaThread "ForkJoinPool.commonPool-worker-1" daemon [_thread_blocked, id=21452, stack(0x000000b9c3e00000,0x000000b9c3f00000)]
  0x00000265d56a8a40 JavaThread "Thread-41" [_thread_in_Java, id=14748, stack(0x000000b9c2000000,0x000000b9c2100000)]
  0x00000265d56a33a0 JavaThread "Thread-42" [_thread_in_Java, id=20036, stack(0x000000b9c2100000,0x000000b9c2200000)]

Other Threads:
  0x00000265d3d684e0 VMThread "VM Thread" [stack: 0x000000b9c2400000,0x000000b9c2500000] [id=3052]
  0x00000265d53ca9f0 WatcherThread [stack: 0x000000b9c3000000,0x000000b9c3100000] [id=16596]
  0x00000265be074f50 GCTaskThread "GC Thread#0" [stack: 0x000000b9c2300000,0x000000b9c2400000] [id=20392]
  0x00000265d55550a0 GCTaskThread "GC Thread#1" [stack: 0x000000b9c3100000,0x000000b9c3200000] [id=18736]

Threads with active compile tasks:
C1 CompilerThread0   157713 7180       3       org.eclipse.core.runtime.Path::fromPortableString (184 bytes)

VM state: not at safepoint (normal execution)

VM Mutex/Monitor currently owned by a thread: None

Heap address: 0x00000000c0000000, size: 1024 MB, Compressed Oops mode: 32-bit

CDS archive(s) not mapped
Compressed class space mapped at: 0x0000000100000000-0x0000000140000000, reserved size: 1073741824
Narrow klass base: 0x0000000000000000, Narrow klass shift: 3, Narrow klass range: 0x140000000

GC Precious Log:
 CPUs: 2 total, 2 available
 Memory: 3463M
 Large Page Support: Disabled
 NUMA Support: Disabled
 Compressed Oops: Enabled (32-bit)
 Alignments: Space 512K, Generation 512K, Heap 2M
 Heap Min Capacity: 100M
 Heap Initial Capacity: 100M
 Heap Max Capacity: 1G
 Pre-touch: Disabled
 Parallel Workers: 2

Heap:
 PSYoungGen      total 10240K, used 1378K [0x00000000eab00000, 0x00000000eb780000, 0x0000000100000000)
  eden space 9216K, 7% used [0x00000000eab00000,0x00000000eabb0a98,0x00000000eb400000)
  from space 1024K, 65% used [0x00000000eb580000,0x00000000eb628000,0x00000000eb680000)
  to   space 1024K, 0% used [0x00000000eb680000,0x00000000eb680000,0x00000000eb780000)
 ParOldGen       total 113664K, used 79984K [0x00000000c0000000, 0x00000000c6f00000, 0x00000000eab00000)
  object space 113664K, 70% used [0x00000000c0000000,0x00000000c4e1c278,0x00000000c6f00000)
 Metaspace       used 62153K, committed 63104K, reserved 1105920K
  class space    used 6476K, committed 6912K, reserved 1048576K

Card table byte_map: [0x00000265d16b0000,0x00000265d18c0000] _byte_map_base: 0x00000265d10b0000

Marking Bits: (ParMarkBitMap*) 0x00007ff871f24b80
 Begin Bits: [0x00000265d1a20000, 0x00000265d2a20000)
 End Bits:   [0x00000265d2a20000, 0x00000265d3a20000)

Polling page: 0x00000265c24a0000

Metaspace:

Usage:
  Non-class:     54.37 MB used.
      Class:      6.32 MB used.
       Both:     60.70 MB used.

Virtual space:
  Non-class space:       56.00 MB reserved,      54.88 MB ( 98%) committed,  7 nodes.
      Class space:        1.00 GB reserved,       6.75 MB ( <1%) committed,  1 nodes.
             Both:        1.05 GB reserved,      61.62 MB (  6%) committed. 

Chunk freelists:
   Non-Class:  224.00 KB
       Class:  1.23 MB
        Both:  1.45 MB

MaxMetaspaceSize: unlimited
CompressedClassSpaceSize: 1.00 GB
Initial GC threshold: 21.00 MB
Current GC threshold: 100.31 MB
CDS: off
MetaspaceReclaimPolicy: balanced
 - commit_granule_bytes: 65536.
 - commit_granule_words: 8192.
 - virtual_space_node_default_size: 1048576.
 - enlarge_chunks_in_place: 1.
 - new_chunks_are_fully_committed: 0.
 - uncommit_free_chunks: 1.
 - use_allocation_guard: 0.
 - handle_deallocations: 1.


Internal statistics:

num_allocs_failed_limit: 9.
num_arena_births: 436.
num_arena_deaths: 14.
num_vsnodes_births: 8.
num_vsnodes_deaths: 0.
num_space_committed: 986.
num_space_uncommitted: 0.
num_chunks_returned_to_freelist: 23.
num_chunks_taken_from_freelist: 2732.
num_chunk_merges: 7.
num_chunk_splits: 1816.
num_chunks_enlarged: 1211.
num_purges: 2.
num_inconsistent_stats: 0.

CodeHeap 'non-profiled nmethods': size=120064Kb used=3762Kb max_used=4009Kb free=116301Kb
 bounds [0x00000265c9f80000, 0x00000265ca370000, 0x00000265d14c0000]
CodeHeap 'profiled nmethods': size=120000Kb used=12744Kb max_used=14904Kb free=107255Kb
 bounds [0x00000265c2a50000, 0x00000265c38f0000, 0x00000265c9f80000]
CodeHeap 'non-nmethods': size=5696Kb used=1337Kb max_used=1412Kb free=4358Kb
 bounds [0x00000265c24c0000, 0x00000265c2730000, 0x00000265c2a50000]
 total_blobs=6674 nmethods=5993 adapters=595
 compilation: enabled
              stopped_count=0, restarted_count=0
 full_count=0

Compilation events (20 events):
Event: 139.626 Thread 0x00000265d3db2b00 7171       3       java.util.AbstractList$Itr::hasNext (20 bytes)
Event: 139.628 Thread 0x00000265d3db2b00 nmethod 7171 0x00000265c2defc10 code [0x00000265c2defdc0, 0x00000265c2deffe8]
Event: 139.630 Thread 0x00000265d3db2b00 7172       3       org.eclipse.jdt.internal.corext.dom.GenericVisitor::visit (6 bytes)
Event: 139.631 Thread 0x00000265d3db2b00 nmethod 7172 0x00000265c2f97390 code [0x00000265c2f97540, 0x00000265c2f97708]
Event: 139.631 Thread 0x00000265d3db2b00 7174   !   3       org.eclipse.jdt.core.dom.ExpressionStatement::getExpression (61 bytes)
Event: 139.631 Thread 0x00000265d3db2b00 nmethod 7174 0x00000265c30f3f10 code [0x00000265c30f4120, 0x00000265c30f4918]
Event: 139.631 Thread 0x00000265d3db2b00 7173       3       org.eclipse.jdt.internal.corext.dom.GenericVisitor::endVisit (6 bytes)
Event: 139.631 Thread 0x00000265d3db2b00 nmethod 7173 0x00000265c2e89a90 code [0x00000265c2e89c20, 0x00000265c2e89df8]
Event: 139.634 Thread 0x00000265d3db2b00 7175   !   3       org.eclipse.jdt.core.dom.QualifiedName::getQualifier (61 bytes)
Event: 139.635 Thread 0x00000265d3db2b00 nmethod 7175 0x00000265c2cc7390 code [0x00000265c2cc75c0, 0x00000265c2cc7ed8]
Event: 139.637 Thread 0x00000265d3db2b00 7176       3       org.eclipse.jdt.internal.corext.dom.GenericVisitor::visit (6 bytes)
Event: 139.637 Thread 0x00000265d3db2b00 nmethod 7176 0x00000265c2fa5d90 code [0x00000265c2fa5f40, 0x00000265c2fa6108]
Event: 139.637 Thread 0x00000265d3db2b00 7177       3       org.eclipse.jdt.internal.corext.dom.GenericVisitor::endVisit (6 bytes)
Event: 139.638 Thread 0x00000265d3db2b00 nmethod 7177 0x00000265c2f21d10 code [0x00000265c2f21ea0, 0x00000265c2f22078]
Event: 139.638 Thread 0x00000265d3db2b00 7178       1       org.eclipse.lsp4j.CodeAction::getKind (5 bytes)
Event: 139.638 Thread 0x00000265d3db2b00 nmethod 7178 0x00000265ca2ed710 code [0x00000265ca2ed8a0, 0x00000265ca2ed978]
Event: 139.646 Thread 0x00000265d3db2b00 7179   !   3       java.io.PrintStream::write (69 bytes)
Event: 139.648 Thread 0x00000265d3db2b00 nmethod 7179 0x00000265c2d0b990 code [0x00000265c2d0bba0, 0x00000265c2d0c258]
Event: 140.235 Thread 0x00000265d3db1140 nmethod 7168 0x00000265ca24bd90 code [0x00000265ca24c6a0, 0x00000265ca259f08]
Event: 157.315 Thread 0x00000265d3db2b00 7180       3       org.eclipse.core.runtime.Path::fromPortableString (184 bytes)

GC Heap History (20 events):
Event: 42.424 GC heap before
{Heap before GC invocations=34 (full 4):
 PSYoungGen      total 10752K, used 10752K [0x00000000eab00000, 0x00000000ec580000, 0x0000000100000000)
  eden space 3584K, 100% used [0x00000000eab00000,0x00000000eae80000,0x00000000eae80000)
  from space 7168K, 100% used [0x00000000eb880000,0x00000000ebf80000,0x00000000ebf80000)
  to   space 10240K, 0% used [0x00000000eae80000,0x00000000eae80000,0x00000000eb880000)
 ParOldGen       total 75264K, used 52851K [0x00000000c0000000, 0x00000000c4980000, 0x00000000eab00000)
  object space 75264K, 70% used [0x00000000c0000000,0x00000000c339cea8,0x00000000c4980000)
 Metaspace       used 60488K, committed 61504K, reserved 1105920K
  class space    used 6313K, committed 6784K, reserved 1048576K
}
Event: 42.436 GC heap after
{Heap after GC invocations=34 (full 4):
 PSYoungGen      total 6144K, used 2525K [0x00000000eab00000, 0x00000000eb980000, 0x0000000100000000)
  eden space 3584K, 0% used [0x00000000eab00000,0x00000000eab00000,0x00000000eae80000)
  from space 2560K, 98% used [0x00000000eae80000,0x00000000eb0f7518,0x00000000eb100000)
  to   space 5120K, 0% used [0x00000000eb480000,0x00000000eb480000,0x00000000eb980000)
 ParOldGen       total 75264K, used 60024K [0x00000000c0000000, 0x00000000c4980000, 0x00000000eab00000)
  object space 75264K, 79% used [0x00000000c0000000,0x00000000c3a9e0c0,0x00000000c4980000)
 Metaspace       used 60488K, committed 61504K, reserved 1105920K
  class space    used 6313K, committed 6784K, reserved 1048576K
}
Event: 42.597 GC heap before
{Heap before GC invocations=35 (full 4):
 PSYoungGen      total 6144K, used 6109K [0x00000000eab00000, 0x00000000eb980000, 0x0000000100000000)
  eden space 3584K, 100% used [0x00000000eab00000,0x00000000eae80000,0x00000000eae80000)
  from space 2560K, 98% used [0x00000000eae80000,0x00000000eb0f7518,0x00000000eb100000)
  to   space 5120K, 0% used [0x00000000eb480000,0x00000000eb480000,0x00000000eb980000)
 ParOldGen       total 75264K, used 60024K [0x00000000c0000000, 0x00000000c4980000, 0x00000000eab00000)
  object space 75264K, 79% used [0x00000000c0000000,0x00000000c3a9e0c0,0x00000000c4980000)
 Metaspace       used 60488K, committed 61504K, reserved 1105920K
  class space    used 6313K, committed 6784K, reserved 1048576K
}
Event: 42.603 GC heap after
{Heap after GC invocations=35 (full 4):
 PSYoungGen      total 7168K, used 2525K [0x00000000eab00000, 0x00000000eb700000, 0x0000000100000000)
  eden space 4608K, 0% used [0x00000000eab00000,0x00000000eab00000,0x00000000eaf80000)
  from space 2560K, 98% used [0x00000000eb480000,0x00000000eb6f7518,0x00000000eb700000)
  to   space 3072K, 0% used [0x00000000eb100000,0x00000000eb100000,0x00000000eb400000)
 ParOldGen       total 75264K, used 62541K [0x00000000c0000000, 0x00000000c4980000, 0x00000000eab00000)
  object space 75264K, 83% used [0x00000000c0000000,0x00000000c3d135d8,0x00000000c4980000)
 Metaspace       used 60488K, committed 61504K, reserved 1105920K
  class space    used 6313K, committed 6784K, reserved 1048576K
}
Event: 42.612 GC heap before
{Heap before GC invocations=36 (full 4):
 PSYoungGen      total 7168K, used 7133K [0x00000000eab00000, 0x00000000eb700000, 0x0000000100000000)
  eden space 4608K, 100% used [0x00000000eab00000,0x00000000eaf80000,0x00000000eaf80000)
  from space 2560K, 98% used [0x00000000eb480000,0x00000000eb6f7518,0x00000000eb700000)
  to   space 3072K, 0% used [0x00000000eb100000,0x00000000eb100000,0x00000000eb400000)
 ParOldGen       total 75264K, used 62541K [0x00000000c0000000, 0x00000000c4980000, 0x00000000eab00000)
  object space 75264K, 83% used [0x00000000c0000000,0x00000000c3d135d8,0x00000000c4980000)
 Metaspace       used 60488K, committed 61504K, reserved 1105920K
  class space    used 6313K, committed 6784K, reserved 1048576K
}
Event: 42.618 GC heap after
{Heap after GC invocations=36 (full 4):
 PSYoungGen      total 9216K, used 3072K [0x00000000eab00000, 0x00000000ebe00000, 0x0000000100000000)
  eden space 6144K, 0% used [0x00000000eab00000,0x00000000eab00000,0x00000000eb100000)
  from space 3072K, 100% used [0x00000000eb100000,0x00000000eb400000,0x00000000eb400000)
  to   space 6656K, 0% used [0x00000000eb780000,0x00000000eb780000,0x00000000ebe00000)
 ParOldGen       total 75264K, used 65186K [0x00000000c0000000, 0x00000000c4980000, 0x00000000eab00000)
  object space 75264K, 86% used [0x00000000c0000000,0x00000000c3fa8af0,0x00000000c4980000)
 Metaspace       used 60488K, committed 61504K, reserved 1105920K
  class space    used 6313K, committed 6784K, reserved 1048576K
}
Event: 42.630 GC heap before
{Heap before GC invocations=37 (full 4):
 PSYoungGen      total 9216K, used 9216K [0x00000000eab00000, 0x00000000ebe00000, 0x0000000100000000)
  eden space 6144K, 100% used [0x00000000eab00000,0x00000000eb100000,0x00000000eb100000)
  from space 3072K, 100% used [0x00000000eb100000,0x00000000eb400000,0x00000000eb400000)
  to   space 6656K, 0% used [0x00000000eb780000,0x00000000eb780000,0x00000000ebe00000)
 ParOldGen       total 75264K, used 65186K [0x00000000c0000000, 0x00000000c4980000, 0x00000000eab00000)
  object space 75264K, 86% used [0x00000000c0000000,0x00000000c3fa8af0,0x00000000c4980000)
 Metaspace       used 60488K, committed 61504K, reserved 1105920K
  class space    used 6313K, committed 6784K, reserved 1048576K
}
Event: 42.639 GC heap after
{Heap after GC invocations=37 (full 4):
 PSYoungGen      total 12800K, used 4320K [0x00000000eab00000, 0x00000000ebc80000, 0x0000000100000000)
  eden space 7680K, 0% used [0x00000000eab00000,0x00000000eab00000,0x00000000eb280000)
  from space 5120K, 84% used [0x00000000eb780000,0x00000000ebbb8000,0x00000000ebc80000)
  to   space 5120K, 0% used [0x00000000eb280000,0x00000000eb280000,0x00000000eb780000)
 ParOldGen       total 75264K, used 68274K [0x00000000c0000000, 0x00000000c4980000, 0x00000000eab00000)
  object space 75264K, 90% used [0x00000000c0000000,0x00000000c42acaf0,0x00000000c4980000)
 Metaspace       used 60488K, committed 61504K, reserved 1105920K
  class space    used 6313K, committed 6784K, reserved 1048576K
}
Event: 42.781 GC heap before
{Heap before GC invocations=38 (full 4):
 PSYoungGen      total 12800K, used 12000K [0x00000000eab00000, 0x00000000ebc80000, 0x0000000100000000)
  eden space 7680K, 100% used [0x00000000eab00000,0x00000000eb280000,0x00000000eb280000)
  from space 5120K, 84% used [0x00000000eb780000,0x00000000ebbb8000,0x00000000ebc80000)
  to   space 5120K, 0% used [0x00000000eb280000,0x00000000eb280000,0x00000000eb780000)
 ParOldGen       total 75264K, used 68274K [0x00000000c0000000, 0x00000000c4980000, 0x00000000eab00000)
  object space 75264K, 90% used [0x00000000c0000000,0x00000000c42acaf0,0x00000000c4980000)
 Metaspace       used 60663K, committed 61632K, reserved 1105920K
  class space    used 6326K, committed 6784K, reserved 1048576K
}
Event: 42.799 GC heap after
{Heap after GC invocations=38 (full 4):
 PSYoungGen      total 12800K, used 4544K [0x00000000eab00000, 0x00000000ebd00000, 0x0000000100000000)
  eden space 7680K, 0% used [0x00000000eab00000,0x00000000eab00000,0x00000000eb280000)
  from space 5120K, 88% used [0x00000000eb280000,0x00000000eb6f0000,0x00000000eb780000)
  to   space 4608K, 0% used [0x00000000eb880000,0x00000000eb880000,0x00000000ebd00000)
 ParOldGen       total 75264K, used 72578K [0x00000000c0000000, 0x00000000c4980000, 0x00000000eab00000)
  object space 75264K, 96% used [0x00000000c0000000,0x00000000c46e0af0,0x00000000c4980000)
 Metaspace       used 60663K, committed 61632K, reserved 1105920K
  class space    used 6326K, committed 6784K, reserved 1048576K
}
Event: 42.799 GC heap before
{Heap before GC invocations=39 (full 5):
 PSYoungGen      total 12800K, used 4544K [0x00000000eab00000, 0x00000000ebd00000, 0x0000000100000000)
  eden space 7680K, 0% used [0x00000000eab00000,0x00000000eab00000,0x00000000eb280000)
  from space 5120K, 88% used [0x00000000eb280000,0x00000000eb6f0000,0x00000000eb780000)
  to   space 4608K, 0% used [0x00000000eb880000,0x00000000eb880000,0x00000000ebd00000)
 ParOldGen       total 75264K, used 72578K [0x00000000c0000000, 0x00000000c4980000, 0x00000000eab00000)
  object space 75264K, 96% used [0x00000000c0000000,0x00000000c46e0af0,0x00000000c4980000)
 Metaspace       used 60663K, committed 61632K, reserved 1105920K
  class space    used 6326K, committed 6784K, reserved 1048576K
}
Event: 43.030 GC heap after
{Heap after GC invocations=39 (full 5):
 PSYoungGen      total 12800K, used 935K [0x00000000eab00000, 0x00000000ebd00000, 0x0000000100000000)
  eden space 7680K, 0% used [0x00000000eab00000,0x00000000eab00000,0x00000000eb280000)
  from space 5120K, 18% used [0x00000000eb280000,0x00000000eb369cb0,0x00000000eb780000)
  to   space 4608K, 0% used [0x00000000eb880000,0x00000000eb880000,0x00000000ebd00000)
 ParOldGen       total 113664K, used 75151K [0x00000000c0000000, 0x00000000c6f00000, 0x00000000eab00000)
  object space 113664K, 66% used [0x00000000c0000000,0x00000000c4963ec8,0x00000000c6f00000)
 Metaspace       used 60663K, committed 61632K, reserved 1105920K
  class space    used 6326K, committed 6784K, reserved 1048576K
}
Event: 50.651 GC heap before
{Heap before GC invocations=40 (full 5):
 PSYoungGen      total 12800K, used 8615K [0x00000000eab00000, 0x00000000ebd00000, 0x0000000100000000)
  eden space 7680K, 100% used [0x00000000eab00000,0x00000000eb280000,0x00000000eb280000)
  from space 5120K, 18% used [0x00000000eb280000,0x00000000eb369cb0,0x00000000eb780000)
  to   space 4608K, 0% used [0x00000000eb880000,0x00000000eb880000,0x00000000ebd00000)
 ParOldGen       total 113664K, used 75151K [0x00000000c0000000, 0x00000000c6f00000, 0x00000000eab00000)
  object space 113664K, 66% used [0x00000000c0000000,0x00000000c4963ec8,0x00000000c6f00000)
 Metaspace       used 61235K, committed 62272K, reserved 1105920K
  class space    used 6395K, committed 6848K, reserved 1048576K
}
Event: 50.671 GC heap after
{Heap after GC invocations=40 (full 5):
 PSYoungGen      total 12800K, used 3579K [0x00000000eab00000, 0x00000000ebc00000, 0x0000000100000000)
  eden space 9216K, 0% used [0x00000000eab00000,0x00000000eab00000,0x00000000eb400000)
  from space 3584K, 99% used [0x00000000eb880000,0x00000000ebbfee80,0x00000000ebc00000)
  to   space 4096K, 0% used [0x00000000eb400000,0x00000000eb400000,0x00000000eb800000)
 ParOldGen       total 113664K, used 76100K [0x00000000c0000000, 0x00000000c6f00000, 0x00000000eab00000)
  object space 113664K, 66% used [0x00000000c0000000,0x00000000c4a51168,0x00000000c6f00000)
 Metaspace       used 61235K, committed 62272K, reserved 1105920K
  class space    used 6395K, committed 6848K, reserved 1048576K
}
Event: 88.662 GC heap before
{Heap before GC invocations=41 (full 5):
 PSYoungGen      total 12800K, used 12795K [0x00000000eab00000, 0x00000000ebc00000, 0x0000000100000000)
  eden space 9216K, 100% used [0x00000000eab00000,0x00000000eb400000,0x00000000eb400000)
  from space 3584K, 99% used [0x00000000eb880000,0x00000000ebbfee80,0x00000000ebc00000)
  to   space 4096K, 0% used [0x00000000eb400000,0x00000000eb400000,0x00000000eb800000)
 ParOldGen       total 113664K, used 76100K [0x00000000c0000000, 0x00000000c6f00000, 0x00000000eab00000)
  object space 113664K, 66% used [0x00000000c0000000,0x00000000c4a51168,0x00000000c6f00000)
 Metaspace       used 61525K, committed 62528K, reserved 1105920K
  class space    used 6420K, committed 6848K, reserved 1048576K
}
Event: 88.796 GC heap after
{Heap after GC invocations=41 (full 5):
 PSYoungGen      total 9728K, used 448K [0x00000000eab00000, 0x00000000eb900000, 0x0000000100000000)
  eden space 9216K, 0% used [0x00000000eab00000,0x00000000eab00000,0x00000000eb400000)
  from space 512K, 87% used [0x00000000eb400000,0x00000000eb470000,0x00000000eb480000)
  to   space 2048K, 0% used [0x00000000eb700000,0x00000000eb700000,0x00000000eb900000)
 ParOldGen       total 113664K, used 79606K [0x00000000c0000000, 0x00000000c6f00000, 0x00000000eab00000)
  object space 113664K, 70% used [0x00000000c0000000,0x00000000c4dbd958,0x00000000c6f00000)
 Metaspace       used 61525K, committed 62528K, reserved 1105920K
  class space    used 6420K, committed 6848K, reserved 1048576K
}
Event: 110.261 GC heap before
{Heap before GC invocations=42 (full 5):
 PSYoungGen      total 9728K, used 9662K [0x00000000eab00000, 0x00000000eb900000, 0x0000000100000000)
  eden space 9216K, 99% used [0x00000000eab00000,0x00000000eb3ff9a8,0x00000000eb400000)
  from space 512K, 87% used [0x00000000eb400000,0x00000000eb470000,0x00000000eb480000)
  to   space 2048K, 0% used [0x00000000eb700000,0x00000000eb700000,0x00000000eb900000)
 ParOldGen       total 113664K, used 79606K [0x00000000c0000000, 0x00000000c6f00000, 0x00000000eab00000)
  object space 113664K, 70% used [0x00000000c0000000,0x00000000c4dbd958,0x00000000c6f00000)
 Metaspace       used 61955K, committed 62912K, reserved 1105920K
  class space    used 6473K, committed 6912K, reserved 1048576K
}
Event: 110.320 GC heap after
{Heap after GC invocations=42 (full 5):
 PSYoungGen      total 9728K, used 224K [0x00000000eab00000, 0x00000000eb780000, 0x0000000100000000)
  eden space 9216K, 0% used [0x00000000eab00000,0x00000000eab00000,0x00000000eb400000)
  from space 512K, 43% used [0x00000000eb700000,0x00000000eb738000,0x00000000eb780000)
  to   space 1024K, 0% used [0x00000000eb580000,0x00000000eb580000,0x00000000eb680000)
 ParOldGen       total 113664K, used 79976K [0x00000000c0000000, 0x00000000c6f00000, 0x00000000eab00000)
  object space 113664K, 70% used [0x00000000c0000000,0x00000000c4e1a278,0x00000000c6f00000)
 Metaspace       used 61955K, committed 62912K, reserved 1105920K
  class space    used 6473K, committed 6912K, reserved 1048576K
}
Event: 139.429 GC heap before
{Heap before GC invocations=43 (full 5):
 PSYoungGen      total 9728K, used 9440K [0x00000000eab00000, 0x00000000eb780000, 0x0000000100000000)
  eden space 9216K, 100% used [0x00000000eab00000,0x00000000eb400000,0x00000000eb400000)
  from space 512K, 43% used [0x00000000eb700000,0x00000000eb738000,0x00000000eb780000)
  to   space 1024K, 0% used [0x00000000eb580000,0x00000000eb580000,0x00000000eb680000)
 ParOldGen       total 113664K, used 79976K [0x00000000c0000000, 0x00000000c6f00000, 0x00000000eab00000)
  object space 113664K, 70% used [0x00000000c0000000,0x00000000c4e1a278,0x00000000c6f00000)
 Metaspace       used 62132K, committed 63104K, reserved 1105920K
  class space    used 6476K, committed 6912K, reserved 1048576K
}
Event: 139.538 GC heap after
{Heap after GC invocations=43 (full 5):
 PSYoungGen      total 10240K, used 672K [0x00000000eab00000, 0x00000000eb780000, 0x0000000100000000)
  eden space 9216K, 0% used [0x00000000eab00000,0x00000000eab00000,0x00000000eb400000)
  from space 1024K, 65% used [0x00000000eb580000,0x00000000eb628000,0x00000000eb680000)
  to   space 1024K, 0% used [0x00000000eb680000,0x00000000eb680000,0x00000000eb780000)
 ParOldGen       total 113664K, used 79984K [0x00000000c0000000, 0x00000000c6f00000, 0x00000000eab00000)
  object space 113664K, 70% used [0x00000000c0000000,0x00000000c4e1c278,0x00000000c6f00000)
 Metaspace       used 62132K, committed 63104K, reserved 1105920K
  class space    used 6476K, committed 6912K, reserved 1048576K
}

Deoptimization events (20 events):
Event: 118.069 Thread 0x00000265d3da9ed0 DEOPT PACKING pc=0x00000265c385094f sp=0x000000b9c28ff3e0
Event: 118.070 Thread 0x00000265d3da9ed0 DEOPT UNPACKING pc=0x00000265c2512843 sp=0x000000b9c28fe8f8 mode 0
Event: 118.071 Thread 0x00000265d3da9ed0 DEOPT PACKING pc=0x00000265c385094f sp=0x000000b9c28ff3e0
Event: 118.071 Thread 0x00000265d3da9ed0 DEOPT UNPACKING pc=0x00000265c2512843 sp=0x000000b9c28fe8f8 mode 0
Event: 128.010 Thread 0x00000265d56a5ef0 Uncommon trap: trap_request=0xffffff45 fr.pc=0x00000265ca34102c relative=0x000000000000028c
Event: 128.011 Thread 0x00000265d56a5ef0 Uncommon trap: reason=unstable_if action=reinterpret pc=0x00000265ca34102c method=org.eclipse.core.internal.watson.ElementTree.getElementData(Lorg/eclipse/core/runtime/IPath;)Ljava/lang/Object; @ 17 c2
Event: 128.011 Thread 0x00000265d56a5ef0 DEOPT PACKING pc=0x00000265ca34102c sp=0x000000b9c42fea00
Event: 128.011 Thread 0x00000265d56a5ef0 DEOPT UNPACKING pc=0x00000265c25120a3 sp=0x000000b9c42fe9b8 mode 2
Event: 138.638 Thread 0x00000265d5253690 Uncommon trap: trap_request=0xffffffde fr.pc=0x00000265ca1f1a48 relative=0x00000000000001a8
Event: 138.638 Thread 0x00000265d5253690 Uncommon trap: reason=class_check action=maybe_recompile pc=0x00000265ca1f1a48 method=java.util.regex.Pattern$BmpCharPredicate.lambda$union$2(Ljava/util/regex/Pattern$CharPredicate;I)Z @ 12 c2
Event: 138.638 Thread 0x00000265d5253690 DEOPT PACKING pc=0x00000265ca1f1a48 sp=0x000000b9c36fe190
Event: 138.638 Thread 0x00000265d5253690 DEOPT UNPACKING pc=0x00000265c25120a3 sp=0x000000b9c36fe0a8 mode 2
Event: 138.640 Thread 0x00000265d5253690 Uncommon trap: trap_request=0xffffffde fr.pc=0x00000265ca1f2050 relative=0x00000000000000b0
Event: 138.640 Thread 0x00000265d5253690 Uncommon trap: reason=class_check action=maybe_recompile pc=0x00000265ca1f2050 method=java.util.regex.Pattern$BmpCharPredicate.lambda$union$2(Ljava/util/regex/Pattern$CharPredicate;I)Z @ 12 c2
Event: 138.640 Thread 0x00000265d5253690 DEOPT PACKING pc=0x00000265ca1f2050 sp=0x000000b9c36fe070
Event: 138.640 Thread 0x00000265d5253690 DEOPT UNPACKING pc=0x00000265c25120a3 sp=0x000000b9c36fe008 mode 2
Event: 139.634 Thread 0x00000265d56a7700 Uncommon trap: trap_request=0xffffffdc fr.pc=0x00000265ca169ca0 relative=0x0000000000000280
Event: 139.634 Thread 0x00000265d56a7700 Uncommon trap: reason=class_check action=make_not_entrant pc=0x00000265ca169ca0 method=java.util.ArrayList.toArray([Ljava/lang/Object;)[Ljava/lang/Object; @ 21 c2
Event: 139.634 Thread 0x00000265d56a7700 DEOPT PACKING pc=0x00000265ca169ca0 sp=0x000000b9c41ff070
Event: 139.634 Thread 0x00000265d56a7700 DEOPT UNPACKING pc=0x00000265c25120a3 sp=0x000000b9c41ff040 mode 2

Classes unloaded (7 events):
Event: 8.985 Thread 0x00000265d3d684e0 Unloading class 0x000000010021c800 'java/lang/invoke/LambdaForm$MH+0x000000010021c800'
Event: 8.985 Thread 0x00000265d3d684e0 Unloading class 0x000000010021c400 'java/lang/invoke/LambdaForm$MH+0x000000010021c400'
Event: 8.985 Thread 0x00000265d3d684e0 Unloading class 0x000000010021c000 'java/lang/invoke/LambdaForm$MH+0x000000010021c000'
Event: 8.985 Thread 0x00000265d3d684e0 Unloading class 0x000000010021bc00 'java/lang/invoke/LambdaForm$MH+0x000000010021bc00'
Event: 8.985 Thread 0x00000265d3d684e0 Unloading class 0x000000010021b400 'java/lang/invoke/LambdaForm$BMH+0x000000010021b400'
Event: 8.985 Thread 0x00000265d3d684e0 Unloading class 0x000000010021b000 'java/lang/invoke/LambdaForm$DMH+0x000000010021b000'
Event: 8.985 Thread 0x00000265d3d684e0 Unloading class 0x0000000100218400 'java/lang/invoke/LambdaForm$DMH+0x0000000100218400'

Classes redefined (0 events):
No events

Internal exceptions (20 events):
Event: 33.332 Thread 0x00000265d5254500 Exception <a 'java/lang/NoSuchMethodError'{0x00000000eb9d4e58}: 'java.lang.Object java.lang.invoke.DirectMethodHandle$Holder.newInvokeSpecial(java.lang.Object, java.lang.Object, java.lang.Object, long)'> (0x00000000eb9d4e58) 
thrown [e:\jenkins\tmp\workspace\build\src\src\hotspot\share\interpreter\linkResolver.cpp, line 766]
Event: 33.332 Thread 0x00000265d5254500 Exception <a 'java/lang/NoSuchMethodError'{0x00000000eb9d8f70}: 'java.lang.Object java.lang.invoke.DirectMethodHandle$Holder.invokeSpecial(java.lang.Object, java.lang.Object, java.lang.Object, java.lang.Object, long)'> (0x00000000eb9d8f70) 
thrown [e:\jenkins\tmp\workspace\build\src\src\hotspot\share\interpreter\linkResolver.cpp, line 766]
Event: 33.332 Thread 0x00000265d5254500 Exception <a 'java/lang/NoSuchMethodError'{0x00000000eb9dcb40}: 'java.lang.Object java.lang.invoke.Invokers$Holder.linkToTargetMethod(java.lang.Object, java.lang.Object, long, java.lang.Object)'> (0x00000000eb9dcb40) 
thrown [e:\jenkins\tmp\workspace\build\src\src\hotspot\share\interpreter\linkResolver.cpp, line 766]
Event: 34.170 Thread 0x00000265d52531c0 Exception <a 'java/lang/NoSuchMethodError'{0x00000000eaf97940}: 'java.lang.Object java.lang.invoke.DirectMethodHandle$Holder.invokeStatic(java.lang.Object, java.lang.Object, int, java.lang.Object)'> (0x00000000eaf97940) 
thrown [e:\jenkins\tmp\workspace\build\src\src\hotspot\share\interpreter\linkResolver.cpp, line 766]
Event: 34.171 Thread 0x00000265d52531c0 Exception <a 'java/lang/NoSuchMethodError'{0x00000000eafa0740}: 'java.lang.Object java.lang.invoke.DirectMethodHandle$Holder.newInvokeSpecial(java.lang.Object, java.lang.Object, int)'> (0x00000000eafa0740) 
thrown [e:\jenkins\tmp\workspace\build\src\src\hotspot\share\interpreter\linkResolver.cpp, line 766]
Event: 39.399 Thread 0x00000265d56a8a40 Exception <a 'java/lang/NoSuchMethodError'{0x00000000eb30d200}: 'java.lang.Object java.lang.invoke.DirectMethodHandle$Holder.invokeStatic(java.lang.Object, int, java.lang.Object)'> (0x00000000eb30d200) 
thrown [e:\jenkins\tmp\workspace\build\src\src\hotspot\share\interpreter\linkResolver.cpp, line 766]
Event: 39.427 Thread 0x00000265d56a8a40 Exception <a 'java/lang/ClassNotFoundException'{0x00000000eba7d8c0}: sun/util/logging/resources/spi/loggingProvider> (0x00000000eba7d8c0) 
thrown [e:\jenkins\tmp\workspace\build\src\src\hotspot\share\classfile\systemDictionary.cpp, line 256]
Event: 39.430 Thread 0x00000265d56a6890 Exception <a 'sun/nio/fs/WindowsException'{0x00000000ebd04a90}> (0x00000000ebd04a90) 
thrown [e:\jenkins\tmp\workspace\build\src\src\hotspot\share\prims\jni.cpp, line 516]
Event: 39.474 Thread 0x00000265d56a33a0 Exception <a 'java/io/FileNotFoundException'{0x00000000eab5a3e8}> (0x00000000eab5a3e8) 
thrown [e:\jenkins\tmp\workspace\build\src\src\hotspot\share\prims\jni.cpp, line 516]
Event: 40.990 Thread 0x00000265d56a5ef0 Exception <a 'java/lang/NoSuchMethodError'{0x00000000ebab63b0}: 'void java.lang.invoke.DirectMethodHandle$Holder.invokeVirtual(java.lang.Object, java.lang.Object)'> (0x00000000ebab63b0) 
thrown [e:\jenkins\tmp\workspace\build\src\src\hotspot\share\interpreter\linkResolver.cpp, line 766]
Event: 43.099 Thread 0x00000265d56a5ef0 Exception <a 'java/lang/NoSuchMethodError'{0x00000000eaca4768}: 'java.lang.Object java.lang.invoke.DirectMethodHandle$Holder.invokeStatic(java.lang.Object, int, java.lang.Object, java.lang.Object, java.lang.Object, java.lang.Object)'> (0x00000000eaca4768) 
thrown [e:\jenkins\tmp\workspace\build\src\src\hotspot\share\interpreter\linkResolver.cpp, line 766]
Event: 43.197 Thread 0x00000265d56a5ef0 Exception <a 'java/lang/NoSuchMethodError'{0x00000000eada5558}: 'int java.lang.invoke.DirectMethodHandle$Holder.invokeSpecialIFC(java.lang.Object, java.lang.Object, java.lang.Object, java.lang.Object)'> (0x00000000eada5558) 
thrown [e:\jenkins\tmp\workspace\build\src\src\hotspot\share\interpreter\linkResolver.cpp, line 766]
Event: 89.630 Thread 0x00000265d5254500 Exception <a 'sun/nio/fs/WindowsException'{0x00000000ead593e8}> (0x00000000ead593e8) 
thrown [e:\jenkins\tmp\workspace\build\src\src\hotspot\share\prims\jni.cpp, line 516]
Event: 90.034 Thread 0x00000265d5254500 Exception <a 'sun/nio/fs/WindowsException'{0x00000000ead945d8}> (0x00000000ead945d8) 
thrown [e:\jenkins\tmp\workspace\build\src\src\hotspot\share\prims\jni.cpp, line 516]
Event: 90.399 Thread 0x00000265d5254500 Exception <a 'sun/nio/fs/WindowsException'{0x00000000eadbb808}> (0x00000000eadbb808) 
thrown [e:\jenkins\tmp\workspace\build\src\src\hotspot\share\prims\jni.cpp, line 516]
Event: 90.405 Thread 0x00000265d5254500 Exception <a 'sun/nio/fs/WindowsException'{0x00000000eadc0240}> (0x00000000eadc0240) 
thrown [e:\jenkins\tmp\workspace\build\src\src\hotspot\share\prims\jni.cpp, line 516]
Event: 128.010 Thread 0x00000265d56a5ef0 Implicit null exception at 0x00000265ca340e7b to 0x00000265ca341014
Event: 131.420 Thread 0x00000265d5254500 Exception <a 'sun/nio/fs/WindowsException'{0x00000000eaea8fb8}> (0x00000000eaea8fb8) 
thrown [e:\jenkins\tmp\workspace\build\src\src\hotspot\share\prims\jni.cpp, line 516]
Event: 131.445 Thread 0x00000265d5254500 Exception <a 'sun/nio/fs/WindowsException'{0x00000000eaeae300}> (0x00000000eaeae300) 
thrown [e:\jenkins\tmp\workspace\build\src\src\hotspot\share\prims\jni.cpp, line 516]
Event: 131.450 Thread 0x00000265d5254500 Exception <a 'sun/nio/fs/WindowsException'{0x00000000eaeb2da8}> (0x00000000eaeb2da8) 
thrown [e:\jenkins\tmp\workspace\build\src\src\hotspot\share\prims\jni.cpp, line 516]

VM Operations (20 events):
Event: 128.051 Executing VM operation: HandshakeAllThreads
Event: 128.251 Executing VM operation: HandshakeAllThreads done
Event: 129.259 Executing VM operation: Cleanup
Event: 129.614 Executing VM operation: Cleanup done
Event: 130.624 Executing VM operation: Cleanup
Event: 130.728 Executing VM operation: Cleanup done
Event: 131.283 Executing VM operation: HandshakeAllThreads
Event: 131.308 Executing VM operation: HandshakeAllThreads done
Event: 132.310 Executing VM operation: Cleanup
Event: 132.310 Executing VM operation: Cleanup done
Event: 134.320 Executing VM operation: Cleanup
Event: 134.320 Executing VM operation: Cleanup done
Event: 138.875 Executing VM operation: HandshakeAllThreads
Event: 139.424 Executing VM operation: HandshakeAllThreads done
Event: 139.424 Executing VM operation: Cleanup
Event: 139.424 Executing VM operation: Cleanup done
Event: 139.428 Executing VM operation: ParallelGCFailedAllocation
Event: 139.539 Executing VM operation: ParallelGCFailedAllocation done
Event: 140.542 Executing VM operation: Cleanup
Event: 140.542 Executing VM operation: Cleanup done

Events (20 events):
Event: 139.602 Thread 0x00000265d3e129e0 flushing nmethod 0x00000265c36f0090
Event: 139.602 Thread 0x00000265d3e129e0 flushing nmethod 0x00000265c36f5910
Event: 139.602 Thread 0x00000265d3e129e0 flushing nmethod 0x00000265c36f5c90
Event: 139.602 Thread 0x00000265d3e129e0 flushing nmethod 0x00000265c36f6e90
Event: 139.602 Thread 0x00000265d3e129e0 flushing nmethod 0x00000265c36f8010
Event: 139.602 Thread 0x00000265d3e129e0 flushing nmethod 0x00000265c36f9b90
Event: 139.602 Thread 0x00000265d3e129e0 flushing nmethod 0x00000265c36fb290
Event: 139.602 Thread 0x00000265d3e129e0 flushing nmethod 0x00000265c3706710
Event: 139.602 Thread 0x00000265d3e129e0 flushing nmethod 0x00000265c3733890
Event: 139.603 Thread 0x00000265d3e129e0 flushing nmethod 0x00000265c374a790
Event: 139.603 Thread 0x00000265d3e129e0 flushing nmethod 0x00000265c3770910
Event: 139.603 Thread 0x00000265d3e129e0 flushing nmethod 0x00000265c3773a10
Event: 139.603 Thread 0x00000265d3e129e0 flushing nmethod 0x00000265c377da90
Event: 139.604 Thread 0x00000265d3e129e0 flushing nmethod 0x00000265c3818390
Event: 139.604 Thread 0x00000265d3e129e0 flushing nmethod 0x00000265c382a290
Event: 139.604 Thread 0x00000265d3e129e0 flushing nmethod 0x00000265c384eb10
Event: 139.611 Thread 0x00000265d56a8a40 Thread exited: 0x00000265d56a8a40
Event: 139.664 Thread 0x00000265d56a7700 Thread exited: 0x00000265d56a7700
Event: 156.239 Thread 0x00000265d56a8a40 Thread added: 0x00000265d56a8a40
Event: 156.248 Thread 0x00000265d56a33a0 Thread added: 0x00000265d56a33a0


Dynamic libraries:
0x00007ff79d4a0000 - 0x00007ff79d4ae000 	c:\Users\gilbe\.vscode\extensions\redhat.java-1.9.0-win32-x64\jre\17.0.3-win32-x86_64\bin\java.exe
0x00007ff8b7ed0000 - 0x00007ff8b80c8000 	C:\windows\SYSTEM32\ntdll.dll
0x00007ff8b7510000 - 0x00007ff8b75cd000 	C:\windows\System32\KERNEL32.DLL
0x00007ff8b5940000 - 0x00007ff8b5c0e000 	C:\windows\System32\KERNELBASE.dll
0x00007ff8b5de0000 - 0x00007ff8b5ee0000 	C:\windows\System32\ucrtbase.dll
0x00007ff8ad330000 - 0x00007ff8ad348000 	c:\Users\gilbe\.vscode\extensions\redhat.java-1.9.0-win32-x64\jre\17.0.3-win32-x86_64\bin\jli.dll
0x00007ff8ad0c0000 - 0x00007ff8ad0d9000 	c:\Users\gilbe\.vscode\extensions\redhat.java-1.9.0-win32-x64\jre\17.0.3-win32-x86_64\bin\VCRUNTIME140.dll
0x00007ff8b5f40000 - 0x00007ff8b60e0000 	C:\windows\System32\USER32.dll
0x00007ff8b5910000 - 0x00007ff8b5932000 	C:\windows\System32\win32u.dll
0x00007ff8b7df0000 - 0x00007ff8b7e1a000 	C:\windows\System32\GDI32.dll
0x00007ff8b5cd0000 - 0x00007ff8b5ddb000 	C:\windows\System32\gdi32full.dll
0x00007ff8b57c0000 - 0x00007ff8b585d000 	C:\windows\System32\msvcp_win.dll
0x00007ff89edf0000 - 0x00007ff89f08a000 	C:\windows\WinSxS\amd64_microsoft.windows.common-controls_6595b64144ccf1df_6.0.19041.1110_none_60b5254171f9507e\COMCTL32.dll
0x00007ff8b7ab0000 - 0x00007ff8b7b4e000 	C:\windows\System32\msvcrt.dll
0x00007ff8b7720000 - 0x00007ff8b7750000 	C:\windows\System32\IMM32.DLL
0x00007ff8ad810000 - 0x00007ff8ad81c000 	c:\Users\gilbe\.vscode\extensions\redhat.java-1.9.0-win32-x64\jre\17.0.3-win32-x86_64\bin\vcruntime140_1.dll
0x00007ff87cc00000 - 0x00007ff87cc91000 	c:\Users\gilbe\.vscode\extensions\redhat.java-1.9.0-win32-x64\jre\17.0.3-win32-x86_64\bin\msvcp140.dll
0x00007ff8713a0000 - 0x00007ff871fe8000 	c:\Users\gilbe\.vscode\extensions\redhat.java-1.9.0-win32-x64\jre\17.0.3-win32-x86_64\bin\server\jvm.dll
0x00007ff8b63f0000 - 0x00007ff8b649e000 	C:\windows\System32\ADVAPI32.dll
0x00007ff8b7470000 - 0x00007ff8b750c000 	C:\windows\System32\sechost.dll
0x00007ff8b7210000 - 0x00007ff8b7335000 	C:\windows\System32\RPCRT4.dll
0x00007ff8b5f30000 - 0x00007ff8b5f38000 	C:\windows\System32\PSAPI.DLL
0x00007ff8aeae0000 - 0x00007ff8aeae9000 	C:\windows\SYSTEM32\WSOCK32.dll
0x00007ff8b7140000 - 0x00007ff8b71ab000 	C:\windows\System32\WS2_32.dll
0x00007ff8ac360000 - 0x00007ff8ac387000 	C:\windows\SYSTEM32\WINMM.dll
0x00007ff8ac390000 - 0x00007ff8ac39a000 	C:\windows\SYSTEM32\VERSION.dll
0x00007ff8b34f0000 - 0x00007ff8b3502000 	C:\windows\SYSTEM32\kernel.appcore.dll
0x00007ff8ad670000 - 0x00007ff8ad67a000 	c:\Users\gilbe\.vscode\extensions\redhat.java-1.9.0-win32-x64\jre\17.0.3-win32-x86_64\bin\jimage.dll
0x00007ff89fd40000 - 0x00007ff89ff24000 	C:\windows\SYSTEM32\DBGHELP.DLL
0x00007ff89a020000 - 0x00007ff89a04c000 	C:\windows\SYSTEM32\dbgcore.DLL
0x00007ff8b5c10000 - 0x00007ff8b5c92000 	C:\windows\System32\bcryptPrimitives.dll
0x00007ff8ad4d0000 - 0x00007ff8ad4de000 	c:\Users\gilbe\.vscode\extensions\redhat.java-1.9.0-win32-x64\jre\17.0.3-win32-x86_64\bin\instrument.dll
0x00007ff89a550000 - 0x00007ff89a575000 	c:\Users\gilbe\.vscode\extensions\redhat.java-1.9.0-win32-x64\jre\17.0.3-win32-x86_64\bin\java.dll
0x00007ff8a6a80000 - 0x00007ff8a6a98000 	c:\Users\gilbe\.vscode\extensions\redhat.java-1.9.0-win32-x64\jre\17.0.3-win32-x86_64\bin\zip.dll
0x00007ff8b6500000 - 0x00007ff8b6c44000 	C:\windows\System32\SHELL32.dll
0x00007ff8b36f0000 - 0x00007ff8b3e84000 	C:\windows\SYSTEM32\windows.storage.dll
0x00007ff8b7750000 - 0x00007ff8b7aa4000 	C:\windows\System32\combase.dll
0x00007ff8b4f80000 - 0x00007ff8b4fb0000 	C:\windows\SYSTEM32\Wldp.dll
0x00007ff8b6290000 - 0x00007ff8b633d000 	C:\windows\System32\SHCORE.dll
0x00007ff8b64a0000 - 0x00007ff8b64f5000 	C:\windows\System32\shlwapi.dll
0x00007ff8b5530000 - 0x00007ff8b554f000 	C:\windows\SYSTEM32\profapi.dll
0x00007ff895f40000 - 0x00007ff895f59000 	C:\Users\gilbe\.vscode\extensions\redhat.java-1.9.0-win32-x64\jre\17.0.3-win32-x86_64\bin\net.dll
0x00007ff8a6530000 - 0x00007ff8a663a000 	C:\windows\SYSTEM32\WINHTTP.dll
0x00007ff8b4ce0000 - 0x00007ff8b4d4a000 	C:\windows\system32\mswsock.dll
0x00007ff895f20000 - 0x00007ff895f35000 	C:\Users\gilbe\.vscode\extensions\redhat.java-1.9.0-win32-x64\jre\17.0.3-win32-x86_64\bin\nio.dll
0x00007ff8ad3a0000 - 0x00007ff8ad3b0000 	c:\Users\gilbe\.vscode\extensions\redhat.java-1.9.0-win32-x64\jre\17.0.3-win32-x86_64\bin\verify.dll
0x00007ff8a2d30000 - 0x00007ff8a2d6e000 	C:\Users\gilbe\AppData\Roaming\Code\User\globalStorage\redhat.java\1.9.0\config_win\org.eclipse.equinox.launcher\org.eclipse.equinox.launcher.win32.win32.x86_64_1.2.500.v20220509-0833\eclipse_11700.dll
0x00007ff8b7cc0000 - 0x00007ff8b7dea000 	C:\windows\System32\ole32.dll
0x00007ff8b4ed0000 - 0x00007ff8b4ee8000 	C:\windows\SYSTEM32\CRYPTSP.dll
0x00007ff8b4660000 - 0x00007ff8b4694000 	C:\windows\system32\rsaenh.dll
0x00007ff8b5ca0000 - 0x00007ff8b5cc7000 	C:\windows\System32\bcrypt.dll
0x00007ff8b54b0000 - 0x00007ff8b54de000 	C:\windows\SYSTEM32\USERENV.dll
0x00007ff8b4ef0000 - 0x00007ff8b4efc000 	C:\windows\SYSTEM32\CRYPTBASE.dll
0x00007ff8b49d0000 - 0x00007ff8b4a0b000 	C:\windows\SYSTEM32\IPHLPAPI.DLL
0x00007ff8b7e80000 - 0x00007ff8b7e88000 	C:\windows\System32\NSI.dll
0x00007ff8a9a30000 - 0x00007ff8a9a47000 	C:\windows\SYSTEM32\dhcpcsvc6.DLL
0x00007ff8a9da0000 - 0x00007ff8a9dbd000 	C:\windows\SYSTEM32\dhcpcsvc.DLL
0x00007ff8b4a10000 - 0x00007ff8b4adb000 	C:\windows\SYSTEM32\DNSAPI.dll
0x00007ff887910000 - 0x00007ff887954000 	C:\Users\gilbe\AppData\Local\Temp\jna-98357645\jna11537436901516420126.dll
0x00007ff8ad320000 - 0x00007ff8ad32e000 	C:\Users\gilbe\.vscode\extensions\redhat.java-1.9.0-win32-x64\jre\17.0.3-win32-x86_64\bin\sunmscapi.dll
0x00007ff8b55f0000 - 0x00007ff8b5746000 	C:\windows\System32\CRYPT32.dll
0x00007ff8b4ff0000 - 0x00007ff8b5017000 	C:\windows\SYSTEM32\ncrypt.dll
0x00007ff8b4fb0000 - 0x00007ff8b4feb000 	C:\windows\SYSTEM32\NTASN1.dll

dbghelp: loaded successfully - version: 4.0.5 - missing functions: none
symbol engine: initialized successfully - sym options: 0x614 - pdb path: .;c:\Users\gilbe\.vscode\extensions\redhat.java-1.9.0-win32-x64\jre\17.0.3-win32-x86_64\bin;C:\windows\SYSTEM32;C:\windows\WinSxS\amd64_microsoft.windows.common-controls_6595b64144ccf1df_6.0.19041.1110_none_60b5254171f9507e;c:\Users\gilbe\.vscode\extensions\redhat.java-1.9.0-win32-x64\jre\17.0.3-win32-x86_64\bin\server;C:\Users\gilbe\AppData\Roaming\Code\User\globalStorage\redhat.java\1.9.0\config_win\org.eclipse.equinox.launcher\org.eclipse.equinox.launcher.win32.win32.x86_64_1.2.500.v20220509-0833;C:\Users\gilbe\AppData\Local\Temp\jna-98357645

VM Arguments:
jvm_args: --add-modules=ALL-SYSTEM --add-opens=java.base/java.util=ALL-UNNAMED --add-opens=java.base/java.lang=ALL-UNNAMED --add-opens=java.base/sun.nio.fs=ALL-UNNAMED -Declipse.application=org.eclipse.jdt.ls.core.id1 -Dosgi.bundles.defaultStartLevel=4 -Declipse.product=org.eclipse.jdt.ls.core.product -Djava.import.generatesMetadataFilesAtProjectRoot=false -Dfile.encoding=utf8 -DwatchParentProcess=false -XX:+UseParallelGC -XX:GCTimeRatio=4 -XX:AdaptiveSizePolicyWeight=90 -Dsun.zip.disableMemoryMapping=true -Xmx1G -Xms100m -javaagent:c:\Users\gilbe\.vscode\extensions\redhat.java-1.9.0-win32-x64\lombok\lombok-1.18.24.jar -XX:+HeapDumpOnOutOfMemoryError -XX:HeapDumpPath=c:\Users\gilbe\AppData\Roaming\Code\User\workspaceStorage\62c1cfc0f0d5a87403a6238e46005a8e\redhat.java 
java_command: c:\Users\gilbe\.vscode\extensions\redhat.java-1.9.0-win32-x64\server\plugins\org.eclipse.equinox.launcher_1.6.400.v20210924-0641.jar -configuration c:\Users\gilbe\AppData\Roaming\Code\User\globalStorage\redhat.java\1.9.0\config_win -data c:\Users\gilbe\AppData\Roaming\Code\User\workspaceStorage\62c1cfc0f0d5a87403a6238e46005a8e\redhat.java\jdt_ws
java_class_path (initial): c:\Users\gilbe\.vscode\extensions\redhat.java-1.9.0-win32-x64\server\plugins\org.eclipse.equinox.launcher_1.6.400.v20210924-0641.jar
Launcher Type: SUN_STANDARD

[Global flags]
    uintx AdaptiveSizePolicyWeight                 = 90                                        {product} {command line}
     intx CICompilerCount                          = 2                                         {product} {ergonomic}
    uintx GCTimeRatio                              = 4                                         {product} {command line}
     bool HeapDumpOnOutOfMemoryError               = true                                   {manageable} {command line}
    ccstr HeapDumpPath                             = c:\Users\gilbe\AppData\Roaming\Code\User\workspaceStorage\62c1cfc0f0d5a87403a6238e46005a8e\redhat.java         {manageable} {command line}
   size_t InitialHeapSize                          = 104857600                                 {product} {command line}
   size_t MaxHeapSize                              = 1073741824                                {product} {command line}
   size_t MaxNewSize                               = 357564416                                 {product} {ergonomic}
   size_t MinHeapDeltaBytes                        = 524288                                    {product} {ergonomic}
   size_t MinHeapSize                              = 104857600                                 {product} {command line}
   size_t NewSize                                  = 34603008                                  {product} {ergonomic}
    uintx NonNMethodCodeHeapSize                   = 5826188                                {pd product} {ergonomic}
    uintx NonProfiledCodeHeapSize                  = 122916026                              {pd product} {ergonomic}
   size_t OldSize                                  = 70254592                                  {product} {ergonomic}
    uintx ProfiledCodeHeapSize                     = 122916026                              {pd product} {ergonomic}
    uintx ReservedCodeCacheSize                    = 251658240                              {pd product} {ergonomic}
     bool SegmentedCodeCache                       = true                                      {product} {ergonomic}
   size_t SoftMaxHeapSize                          = 1073741824                             {manageable} {ergonomic}
     bool UseCompressedClassPointers               = true                           {product lp64_product} {ergonomic}
     bool UseCompressedOops                        = true                           {product lp64_product} {ergonomic}
     bool UseLargePagesIndividualAllocation        = false                                  {pd product} {ergonomic}
     bool UseParallelGC                            = true                                      {product} {command line}

Logging:
Log output configuration:
 #0: stdout all=warning uptime,level,tags
 #1: stderr all=off uptime,level,tags

Environment Variables:
PATH=C:\Program Files (x86)\Common Files\Oracle\Java\javapath;C:\windows\system32;C:\windows;C:\windows\System32\Wbem;C:\windows\System32\WindowsPowerShell\v1.0\;C:\windows\System32\OpenSSH\;C:\Program Files\nodejs\;C:\ProgramData\chocolatey\bin;C:\Users\gilbe\AppData\Local\Programs\Python\Python310\Scripts\;C:\Users\gilbe\AppData\Local\Programs\Python\Python310\;C:\Users\gilbe\AppData\Local\Microsoft\WindowsApps;C:\Users\gilbe\AppData\Local\Programs\Microsoft VS Code\bin;C:\Users\gilbe\AppData\Roaming\npm;C:\Program Files\Java\jdk1.8.0_311\bin;C:\Program Files\Java\jre1.8.0_341\bin;
USERNAME=gilbe
OS=Windows_NT
PROCESSOR_IDENTIFIER=AMD64 Family 23 Model 24 Stepping 1, AuthenticAMD



---------------  S Y S T E M  ---------------

OS:
 Windows 10 , 64 bit Build 19041 (10.0.19041.1806)
OS uptime: 25 days 12:52 hours

CPU: total 2 (initial active 2) (2 cores per cpu, 1 threads per core) family 23 model 24 stepping 1 microcode 0x0, cx8, cmov, fxsr, mmx, 3dnowpref, sse, sse2, sse3, ssse3, sse4a, sse4.1, sse4.2, popcnt, lzcnt, tsc, tscinvbit, avx, avx2, aes, clmul, bmi1, bmi2, adx, sha, fma, vzeroupper, clflush, clflushopt

Memory: 4k page, system-wide physical 3463M (139M free)
TotalPageFile size 14215M (AvailPageFile size 0M)
current process WorkingSet (physical memory assigned to process): 17M, peak: 201M
current process commit charge ("private bytes"): 287M, peak: 329M

vm_info: OpenJDK 64-Bit Server VM (17.0.3+7) for windows-amd64 JRE (17.0.3+7), built on Apr 19 2022 16:55:35 by "" with MS VC++ 16.7 (VS2019)

END.
